
===========================================================================
report_checks -unconstrained
===========================================================================
======================= min_ss_100C_1v60 Corner ===================================

Startpoint: reset (input port clocked by clk)
Endpoint: y_out_sky130_fd_sc_hd__dfrtp_2_Q_15
          (recovery check against rising-edge clock clk)
Path Group: asynchronous
Path Type: max

Fanout         Cap        Slew       Delay        Time   Description
---------------------------------------------------------------------------------------------
                                  0.000000    0.000000   clock clk (rise edge)
                                  0.000000    0.000000   clock network delay (propagated)
                                  4.000000    4.000000 v input external delay
     1    0.002292    0.016538    0.007617    4.007617 v reset (in)
                                                         reset (net)
                      0.016538    0.000000    4.007617 v input17/A (sky130_fd_sc_hd__buf_2)
     3    0.043957    0.204365    0.348938    4.356555 v input17/X (sky130_fd_sc_hd__buf_2)
                                                         net17 (net)
                      0.204676    0.005794    4.362349 v fanout219/A (sky130_fd_sc_hd__clkbuf_4)
     6    0.043086    0.167116    0.410382    4.772731 v fanout219/X (sky130_fd_sc_hd__clkbuf_4)
                                                         net219 (net)
                      0.167155    0.002535    4.775267 v y_out_sky130_fd_sc_hd__dfrtp_2_Q_15_RESET_B_sky130_fd_sc_hd__inv_2_Y/A (sky130_fd_sc_hd__inv_2)
     1    0.004165    0.061782    0.111236    4.886502 ^ y_out_sky130_fd_sc_hd__dfrtp_2_Q_15_RESET_B_sky130_fd_sc_hd__inv_2_Y/Y (sky130_fd_sc_hd__inv_2)
                                                         y_out_sky130_fd_sc_hd__dfrtp_2_Q_15_RESET_B (net)
                      0.061782    0.000040    4.886542 ^ y_out_sky130_fd_sc_hd__dfrtp_2_Q_15/RESET_B (sky130_fd_sc_hd__dfrtp_4)
                                              4.886542   data arrival time

                                 20.000000   20.000000   clock clk (rise edge)
                                  0.000000   20.000000   clock source latency
     1    0.044365    0.319672    0.225432   20.225433 ^ clk (in)
                                                         clk (net)
                      0.319862    0.000000   20.225433 ^ clkbuf_0_clk/A (sky130_fd_sc_hd__clkbuf_16)
     2    0.032850    0.085939    0.349480   20.574913 ^ clkbuf_0_clk/X (sky130_fd_sc_hd__clkbuf_16)
                                                         clknet_0_clk (net)
                      0.085942    0.000618   20.575531 ^ clkbuf_1_1__f_clk/A (sky130_fd_sc_hd__clkbuf_16)
     9    0.032671    0.084135    0.246773   20.822304 ^ clkbuf_1_1__f_clk/X (sky130_fd_sc_hd__clkbuf_16)
                                                         clknet_1_1__leaf_clk (net)
                      0.084141    0.000790   20.823095 ^ y_out_sky130_fd_sc_hd__dfrtp_2_Q_15/CLK (sky130_fd_sc_hd__dfrtp_4)
                                 -0.250000   20.573095   clock uncertainty
                                  0.000000   20.573095   clock reconvergence pessimism
                                  0.452437   21.025532   library recovery time
                                             21.025532   data required time
---------------------------------------------------------------------------------------------
                                             21.025532   data required time
                                             -4.886542   data arrival time
---------------------------------------------------------------------------------------------
                                             16.138988   slack (MET)


Startpoint: alpha[2] (input port clocked by clk)
Endpoint: y_out_sky130_fd_sc_hd__dfrtp_2_Q_7
          (rising edge-triggered flip-flop clocked by clk)
Path Group: clk
Path Type: max

Fanout         Cap        Slew       Delay        Time   Description
---------------------------------------------------------------------------------------------
                                  0.000000    0.000000   clock clk (rise edge)
                                  0.000000    0.000000   clock network delay (propagated)
                                  4.000000    4.000000 ^ input external delay
     1    0.002785    0.032157    0.015688    4.015688 ^ alpha[2] (in)
                                                         alpha[2] (net)
                      0.032157    0.000000    4.015688 ^ input9/A (sky130_fd_sc_hd__clkbuf_2)
     3    0.025597    0.224661    0.286231    4.301919 ^ input9/X (sky130_fd_sc_hd__clkbuf_2)
                                                         net9 (net)
                      0.224739    0.000516    4.302435 ^ fanout114/A (sky130_fd_sc_hd__buf_2)
     6    0.048821    0.381299    0.490773    4.793209 ^ fanout114/X (sky130_fd_sc_hd__buf_2)
                                                         net114 (net)
                      0.381299    0.000167    4.793375 ^ fanout112/A (sky130_fd_sc_hd__clkbuf_4)
    10    0.056343    0.276900    0.539506    5.332881 ^ fanout112/X (sky130_fd_sc_hd__clkbuf_4)
                                                         net112 (net)
                      0.276900    0.000236    5.333117 ^ y_out_sky130_fd_sc_hd__dfrtp_2_Q_11_D_sky130_fd_sc_hd__xor2_2_X_A_sky130_fd_sc_hd__and2b_2_X_B_sky130_fd_sc_hd__a211o_2_X_B1_sky130_fd_sc_hd__a21oi_2_Y_B1_sky130_fd_sc_hd__a21oi_2_Y_B1_sky130_fd_sc_hd__a21oi_2_Y_A1_sky130_fd_sc_hd__and4_2_X_D_sky130_fd_sc_hd__inv_2_Y/A (sky130_fd_sc_hd__inv_2)
     3    0.043439    0.200816    0.273881    5.606999 v y_out_sky130_fd_sc_hd__dfrtp_2_Q_11_D_sky130_fd_sc_hd__xor2_2_X_A_sky130_fd_sc_hd__and2b_2_X_B_sky130_fd_sc_hd__a211o_2_X_B1_sky130_fd_sc_hd__a21oi_2_Y_B1_sky130_fd_sc_hd__a21oi_2_Y_B1_sky130_fd_sc_hd__a21oi_2_Y_A1_sky130_fd_sc_hd__and4_2_X_D_sky130_fd_sc_hd__inv_2_Y/Y (sky130_fd_sc_hd__inv_2)
                                                         y_out_sky130_fd_sc_hd__dfrtp_2_Q_11_D_sky130_fd_sc_hd__xor2_2_X_A_sky130_fd_sc_hd__and2b_2_X_B_sky130_fd_sc_hd__a211o_2_X_B1_sky130_fd_sc_hd__a21oi_2_Y_B1_sky130_fd_sc_hd__a21oi_2_Y_B1_sky130_fd_sc_hd__a21oi_2_Y_A1_sky130_fd_sc_hd__and4_2_X_D (net)
                      0.200934    0.002706    5.609705 v fanout100/A (sky130_fd_sc_hd__buf_4)
    10    0.090749    0.210789    0.455900    6.065605 v fanout100/X (sky130_fd_sc_hd__buf_4)
                                                         net100 (net)
                      0.210790    0.000400    6.066005 v y_out_sky130_fd_sc_hd__dfrtp_2_Q_D_sky130_fd_sc_hd__xnor2_2_Y_B_sky130_fd_sc_hd__xnor2_2_Y_B_sky130_fd_sc_hd__xnor2_2_Y_B_sky130_fd_sc_hd__xnor2_2_Y_A_sky130_fd_sc_hd__o21ai_2_Y_A1_sky130_fd_sc_hd__xnor2_2_Y_B_sky130_fd_sc_hd__xor2_2_X_B_sky130_fd_sc_hd__xnor2_2_Y_B_sky130_fd_sc_hd__o31a_2_X_A3_sky130_fd_sc_hd__and2_2_X_B_sky130_fd_sc_hd__or4_2_A/B (sky130_fd_sc_hd__or4_1)
     2    0.005727    0.221839    1.277044    7.343049 v y_out_sky130_fd_sc_hd__dfrtp_2_Q_D_sky130_fd_sc_hd__xnor2_2_Y_B_sky130_fd_sc_hd__xnor2_2_Y_B_sky130_fd_sc_hd__xnor2_2_Y_B_sky130_fd_sc_hd__xnor2_2_Y_A_sky130_fd_sc_hd__o21ai_2_Y_A1_sky130_fd_sc_hd__xnor2_2_Y_B_sky130_fd_sc_hd__xor2_2_X_B_sky130_fd_sc_hd__xnor2_2_Y_B_sky130_fd_sc_hd__o31a_2_X_A3_sky130_fd_sc_hd__and2_2_X_B_sky130_fd_sc_hd__or4_2_A/X (sky130_fd_sc_hd__or4_1)
                                                         y_out_sky130_fd_sc_hd__dfrtp_2_Q_D_sky130_fd_sc_hd__xnor2_2_Y_B_sky130_fd_sc_hd__xnor2_2_Y_B_sky130_fd_sc_hd__xnor2_2_Y_B_sky130_fd_sc_hd__xnor2_2_Y_A_sky130_fd_sc_hd__o21ai_2_Y_A1_sky130_fd_sc_hd__xnor2_2_Y_B_sky130_fd_sc_hd__xor2_2_X_B_sky130_fd_sc_hd__xnor2_2_Y_B_sky130_fd_sc_hd__o31a_2_X_A3_sky130_fd_sc_hd__and2_2_X_B_sky130_fd_sc_hd__or4_2_A_X (net)
                      0.221839    0.000060    7.343109 v y_out_sky130_fd_sc_hd__dfrtp_2_Q_D_sky130_fd_sc_hd__xnor2_2_Y_B_sky130_fd_sc_hd__xnor2_2_Y_B_sky130_fd_sc_hd__xnor2_2_Y_B_sky130_fd_sc_hd__xnor2_2_Y_A_sky130_fd_sc_hd__o21ai_2_Y_A1_sky130_fd_sc_hd__xnor2_2_Y_B_sky130_fd_sc_hd__xor2_2_X_B_sky130_fd_sc_hd__xnor2_2_Y_B_sky130_fd_sc_hd__o31a_2_X_A3_sky130_fd_sc_hd__and2_2_X_B_sky130_fd_sc_hd__or4_2_A_X_sky130_fd_sc_hd__a21o_2_A1/A1 (sky130_fd_sc_hd__a21o_1)
     3    0.008255    0.102552    0.395100    7.738208 v y_out_sky130_fd_sc_hd__dfrtp_2_Q_D_sky130_fd_sc_hd__xnor2_2_Y_B_sky130_fd_sc_hd__xnor2_2_Y_B_sky130_fd_sc_hd__xnor2_2_Y_B_sky130_fd_sc_hd__xnor2_2_Y_A_sky130_fd_sc_hd__o21ai_2_Y_A1_sky130_fd_sc_hd__xnor2_2_Y_B_sky130_fd_sc_hd__xor2_2_X_B_sky130_fd_sc_hd__xnor2_2_Y_B_sky130_fd_sc_hd__o31a_2_X_A3_sky130_fd_sc_hd__and2_2_X_B_sky130_fd_sc_hd__or4_2_A_X_sky130_fd_sc_hd__a21o_2_A1/X (sky130_fd_sc_hd__a21o_1)
                                                         y_out_sky130_fd_sc_hd__dfrtp_2_Q_D_sky130_fd_sc_hd__xnor2_2_Y_B_sky130_fd_sc_hd__xnor2_2_Y_B_sky130_fd_sc_hd__xnor2_2_Y_B_sky130_fd_sc_hd__xnor2_2_Y_A_sky130_fd_sc_hd__o21ai_2_Y_A1_sky130_fd_sc_hd__xnor2_2_Y_B_sky130_fd_sc_hd__xor2_2_X_B_sky130_fd_sc_hd__xnor2_2_Y_B_sky130_fd_sc_hd__o31a_2_X_A3_sky130_fd_sc_hd__and2_2_X_B_sky130_fd_sc_hd__or4_2_A_X_sky130_fd_sc_hd__a21o_2_A1_X (net)
                      0.102552    0.000071    7.738279 v y_out_sky130_fd_sc_hd__dfrtp_2_Q_D_sky130_fd_sc_hd__xnor2_2_Y_B_sky130_fd_sc_hd__xnor2_2_Y_B_sky130_fd_sc_hd__xnor2_2_Y_B_sky130_fd_sc_hd__xnor2_2_Y_A_sky130_fd_sc_hd__o21ai_2_Y_A1_sky130_fd_sc_hd__xnor2_2_Y_B_sky130_fd_sc_hd__xor2_2_X_B_sky130_fd_sc_hd__xnor2_2_Y_B_sky130_fd_sc_hd__o31a_2_X_A3_sky130_fd_sc_hd__and2_2_X_B_sky130_fd_sc_hd__or4_2_A_X_sky130_fd_sc_hd__a21o_2_A1_X_sky130_fd_sc_hd__a21bo_2_A2/A2 (sky130_fd_sc_hd__a21bo_1)
     2    0.008416    0.106456    0.398424    8.136704 v y_out_sky130_fd_sc_hd__dfrtp_2_Q_D_sky130_fd_sc_hd__xnor2_2_Y_B_sky130_fd_sc_hd__xnor2_2_Y_B_sky130_fd_sc_hd__xnor2_2_Y_B_sky130_fd_sc_hd__xnor2_2_Y_A_sky130_fd_sc_hd__o21ai_2_Y_A1_sky130_fd_sc_hd__xnor2_2_Y_B_sky130_fd_sc_hd__xor2_2_X_B_sky130_fd_sc_hd__xnor2_2_Y_B_sky130_fd_sc_hd__o31a_2_X_A3_sky130_fd_sc_hd__and2_2_X_B_sky130_fd_sc_hd__or4_2_A_X_sky130_fd_sc_hd__a21o_2_A1_X_sky130_fd_sc_hd__a21bo_2_A2/X (sky130_fd_sc_hd__a21bo_1)
                                                         y_out_sky130_fd_sc_hd__dfrtp_2_Q_D_sky130_fd_sc_hd__xnor2_2_Y_B_sky130_fd_sc_hd__xnor2_2_Y_B_sky130_fd_sc_hd__xnor2_2_Y_B_sky130_fd_sc_hd__xnor2_2_Y_A_sky130_fd_sc_hd__o21ai_2_Y_A1_sky130_fd_sc_hd__xnor2_2_Y_B_sky130_fd_sc_hd__xor2_2_X_B_sky130_fd_sc_hd__xnor2_2_Y_B_sky130_fd_sc_hd__o31a_2_X_A3_sky130_fd_sc_hd__and2_2_X_B_sky130_fd_sc_hd__or4_2_A_X_sky130_fd_sc_hd__a21o_2_A1_X_sky130_fd_sc_hd__a21bo_2_A2_X (net)
                      0.106456    0.000099    8.136803 v y_out_sky130_fd_sc_hd__dfrtp_2_Q_7_D_sky130_fd_sc_hd__xnor2_2_Y_A_sky130_fd_sc_hd__xor2_2_X_A_sky130_fd_sc_hd__a21oi_2_Y_A1_sky130_fd_sc_hd__a21oi_2_Y_A1_sky130_fd_sc_hd__nand2b_2_Y_A_N_sky130_fd_sc_hd__a21oi_2_Y_A1_sky130_fd_sc_hd__xor2_2_A_X_sky130_fd_sc_hd__and3_2_B_C_sky130_fd_sc_hd__o211ai_2_Y_C1_sky130_fd_sc_hd__or4_2_X_D_sky130_fd_sc_hd__o211a_2_X_C1_sky130_fd_sc_hd__nand3_2_Y_C_sky130_fd_sc_hd__a21o_2_X/B1 (sky130_fd_sc_hd__a21o_1)
     3    0.011185    0.126231    0.358318    8.495120 v y_out_sky130_fd_sc_hd__dfrtp_2_Q_7_D_sky130_fd_sc_hd__xnor2_2_Y_A_sky130_fd_sc_hd__xor2_2_X_A_sky130_fd_sc_hd__a21oi_2_Y_A1_sky130_fd_sc_hd__a21oi_2_Y_A1_sky130_fd_sc_hd__nand2b_2_Y_A_N_sky130_fd_sc_hd__a21oi_2_Y_A1_sky130_fd_sc_hd__xor2_2_A_X_sky130_fd_sc_hd__and3_2_B_C_sky130_fd_sc_hd__o211ai_2_Y_C1_sky130_fd_sc_hd__or4_2_X_D_sky130_fd_sc_hd__o211a_2_X_C1_sky130_fd_sc_hd__nand3_2_Y_C_sky130_fd_sc_hd__a21o_2_X/X (sky130_fd_sc_hd__a21o_1)
                                                         y_out_sky130_fd_sc_hd__dfrtp_2_Q_7_D_sky130_fd_sc_hd__xnor2_2_Y_A_sky130_fd_sc_hd__xor2_2_X_A_sky130_fd_sc_hd__a21oi_2_Y_A1_sky130_fd_sc_hd__a21oi_2_Y_A1_sky130_fd_sc_hd__nand2b_2_Y_A_N_sky130_fd_sc_hd__a21oi_2_Y_A1_sky130_fd_sc_hd__xor2_2_A_X_sky130_fd_sc_hd__and3_2_B_C_sky130_fd_sc_hd__o211ai_2_Y_C1_sky130_fd_sc_hd__or4_2_X_D_sky130_fd_sc_hd__o211a_2_X_C1_sky130_fd_sc_hd__nand3_2_Y_C (net)
                      0.126231    0.000133    8.495254 v y_out_sky130_fd_sc_hd__dfrtp_2_Q_7_D_sky130_fd_sc_hd__xnor2_2_Y_B_sky130_fd_sc_hd__o21ba_2_X_A2_sky130_fd_sc_hd__a21oi_2_Y_A1_sky130_fd_sc_hd__a21oi_2_Y_A1_sky130_fd_sc_hd__nand2b_2_Y_A_N_sky130_fd_sc_hd__nor2_2_Y_A_sky130_fd_sc_hd__and2b_2_X_B_sky130_fd_sc_hd__a21bo_2_X_A1_sky130_fd_sc_hd__nand3_2_A_Y_sky130_fd_sc_hd__nand4_2_B_D_sky130_fd_sc_hd__o211ai_2_Y_A1_sky130_fd_sc_hd__and3_2_X/C (sky130_fd_sc_hd__and3_1)
     2    0.015507    0.171081    0.493837    8.989091 v y_out_sky130_fd_sc_hd__dfrtp_2_Q_7_D_sky130_fd_sc_hd__xnor2_2_Y_B_sky130_fd_sc_hd__o21ba_2_X_A2_sky130_fd_sc_hd__a21oi_2_Y_A1_sky130_fd_sc_hd__a21oi_2_Y_A1_sky130_fd_sc_hd__nand2b_2_Y_A_N_sky130_fd_sc_hd__nor2_2_Y_A_sky130_fd_sc_hd__and2b_2_X_B_sky130_fd_sc_hd__a21bo_2_X_A1_sky130_fd_sc_hd__nand3_2_A_Y_sky130_fd_sc_hd__nand4_2_B_D_sky130_fd_sc_hd__o211ai_2_Y_A1_sky130_fd_sc_hd__and3_2_X/X (sky130_fd_sc_hd__and3_1)
                                                         y_out_sky130_fd_sc_hd__dfrtp_2_Q_7_D_sky130_fd_sc_hd__xnor2_2_Y_B_sky130_fd_sc_hd__o21ba_2_X_A2_sky130_fd_sc_hd__a21oi_2_Y_A1_sky130_fd_sc_hd__a21oi_2_Y_A1_sky130_fd_sc_hd__nand2b_2_Y_A_N_sky130_fd_sc_hd__nor2_2_Y_A_sky130_fd_sc_hd__and2b_2_X_B_sky130_fd_sc_hd__a21bo_2_X_A1_sky130_fd_sc_hd__nand3_2_A_Y_sky130_fd_sc_hd__nand4_2_B_D_sky130_fd_sc_hd__o211ai_2_Y_A1 (net)
                      0.171081    0.000347    8.989438 v y_out_sky130_fd_sc_hd__dfrtp_2_Q_7_D_sky130_fd_sc_hd__xnor2_2_Y_B_sky130_fd_sc_hd__o21ba_2_X_A2_sky130_fd_sc_hd__a21oi_2_Y_A1_sky130_fd_sc_hd__a21oi_2_Y_A1_sky130_fd_sc_hd__nand2b_2_Y_A_N_sky130_fd_sc_hd__nor2_2_Y_A_sky130_fd_sc_hd__and2b_2_X_B_sky130_fd_sc_hd__a21bo_2_X_A1_sky130_fd_sc_hd__nand3_2_A_Y_sky130_fd_sc_hd__nand4_2_B_D_sky130_fd_sc_hd__o211ai_2_Y_A1_sky130_fd_sc_hd__a211o_2_B1/B1 (sky130_fd_sc_hd__a211o_2)
     4    0.022488    0.171850    0.735590    9.725028 v y_out_sky130_fd_sc_hd__dfrtp_2_Q_7_D_sky130_fd_sc_hd__xnor2_2_Y_B_sky130_fd_sc_hd__o21ba_2_X_A2_sky130_fd_sc_hd__a21oi_2_Y_A1_sky130_fd_sc_hd__a21oi_2_Y_A1_sky130_fd_sc_hd__nand2b_2_Y_A_N_sky130_fd_sc_hd__nor2_2_Y_A_sky130_fd_sc_hd__and2b_2_X_B_sky130_fd_sc_hd__a21bo_2_X_A1_sky130_fd_sc_hd__nand3_2_A_Y_sky130_fd_sc_hd__nand4_2_B_D_sky130_fd_sc_hd__o211ai_2_Y_A1_sky130_fd_sc_hd__a211o_2_B1/X (sky130_fd_sc_hd__a211o_2)
                                                         y_out_sky130_fd_sc_hd__dfrtp_2_Q_7_D_sky130_fd_sc_hd__xnor2_2_Y_B_sky130_fd_sc_hd__o21ba_2_X_A2_sky130_fd_sc_hd__a21oi_2_Y_A1_sky130_fd_sc_hd__a21oi_2_Y_A1_sky130_fd_sc_hd__nand2b_2_Y_A_N_sky130_fd_sc_hd__nor2_2_Y_A_sky130_fd_sc_hd__and2b_2_X_B_sky130_fd_sc_hd__a21bo_2_X_A1_sky130_fd_sc_hd__nand3_2_A_Y_sky130_fd_sc_hd__nand4_2_B_D_sky130_fd_sc_hd__o211ai_2_Y_A1_sky130_fd_sc_hd__a211o_2_B1_X (net)
                      0.171850    0.000553    9.725581 v y_out_sky130_fd_sc_hd__dfrtp_2_Q_7_D_sky130_fd_sc_hd__xnor2_2_Y_B_sky130_fd_sc_hd__o21ba_2_X_A2_sky130_fd_sc_hd__a21oi_2_Y_A1_sky130_fd_sc_hd__a21oi_2_Y_A1_sky130_fd_sc_hd__nand2b_2_Y_A_N_sky130_fd_sc_hd__nor2_2_Y_A_sky130_fd_sc_hd__and2b_2_X_B_sky130_fd_sc_hd__a21bo_2_X_A1_sky130_fd_sc_hd__nand3_2_A_Y_sky130_fd_sc_hd__a22o_2_A1/B2 (sky130_fd_sc_hd__a22o_1)
     2    0.012780    0.152119    0.486848   10.212429 v y_out_sky130_fd_sc_hd__dfrtp_2_Q_7_D_sky130_fd_sc_hd__xnor2_2_Y_B_sky130_fd_sc_hd__o21ba_2_X_A2_sky130_fd_sc_hd__a21oi_2_Y_A1_sky130_fd_sc_hd__a21oi_2_Y_A1_sky130_fd_sc_hd__nand2b_2_Y_A_N_sky130_fd_sc_hd__nor2_2_Y_A_sky130_fd_sc_hd__and2b_2_X_B_sky130_fd_sc_hd__a21bo_2_X_A1_sky130_fd_sc_hd__nand3_2_A_Y_sky130_fd_sc_hd__a22o_2_A1/X (sky130_fd_sc_hd__a22o_1)
                                                         y_out_sky130_fd_sc_hd__dfrtp_2_Q_7_D_sky130_fd_sc_hd__xnor2_2_Y_B_sky130_fd_sc_hd__o21ba_2_X_A2_sky130_fd_sc_hd__a21oi_2_Y_A1_sky130_fd_sc_hd__a21oi_2_Y_A1_sky130_fd_sc_hd__nand2b_2_Y_A_N_sky130_fd_sc_hd__nor2_2_Y_A_sky130_fd_sc_hd__and2b_2_X_B_sky130_fd_sc_hd__a21bo_2_X_A1_sky130_fd_sc_hd__nand3_2_A_Y_sky130_fd_sc_hd__a22o_2_A1_X (net)
                      0.152119    0.000162   10.212591 v y_out_sky130_fd_sc_hd__dfrtp_2_Q_11_D_sky130_fd_sc_hd__xor2_2_X_B_sky130_fd_sc_hd__nand2_2_Y_A_sky130_fd_sc_hd__a211o_2_X_A2_sky130_fd_sc_hd__nand3_2_Y_C_sky130_fd_sc_hd__a211o_2_X_A2_sky130_fd_sc_hd__a21o_2_X_A2_sky130_fd_sc_hd__o211ai_2_Y_A1_sky130_fd_sc_hd__and3_2_X_C_sky130_fd_sc_hd__o211ai_2_Y_A1_sky130_fd_sc_hd__and3_2_X_C_sky130_fd_sc_hd__a211o_2_X/A2 (sky130_fd_sc_hd__a211o_1)
     3    0.012957    0.175439    0.674345   10.886936 v y_out_sky130_fd_sc_hd__dfrtp_2_Q_11_D_sky130_fd_sc_hd__xor2_2_X_B_sky130_fd_sc_hd__nand2_2_Y_A_sky130_fd_sc_hd__a211o_2_X_A2_sky130_fd_sc_hd__nand3_2_Y_C_sky130_fd_sc_hd__a211o_2_X_A2_sky130_fd_sc_hd__a21o_2_X_A2_sky130_fd_sc_hd__o211ai_2_Y_A1_sky130_fd_sc_hd__and3_2_X_C_sky130_fd_sc_hd__o211ai_2_Y_A1_sky130_fd_sc_hd__and3_2_X_C_sky130_fd_sc_hd__a211o_2_X/X (sky130_fd_sc_hd__a211o_1)
                                                         y_out_sky130_fd_sc_hd__dfrtp_2_Q_11_D_sky130_fd_sc_hd__xor2_2_X_B_sky130_fd_sc_hd__nand2_2_Y_A_sky130_fd_sc_hd__a211o_2_X_A2_sky130_fd_sc_hd__nand3_2_Y_C_sky130_fd_sc_hd__a211o_2_X_A2_sky130_fd_sc_hd__a21o_2_X_A2_sky130_fd_sc_hd__o211ai_2_Y_A1_sky130_fd_sc_hd__and3_2_X_C_sky130_fd_sc_hd__o211ai_2_Y_A1_sky130_fd_sc_hd__and3_2_X_C (net)
                      0.175439    0.000527   10.887463 v y_out_sky130_fd_sc_hd__dfrtp_2_Q_11_D_sky130_fd_sc_hd__xor2_2_X_B_sky130_fd_sc_hd__nand2_2_Y_A_sky130_fd_sc_hd__a211o_2_X_A2_sky130_fd_sc_hd__nand3_2_Y_C_sky130_fd_sc_hd__a211o_2_X_A2_sky130_fd_sc_hd__a21o_2_X_A2_sky130_fd_sc_hd__o211ai_2_Y_A1_sky130_fd_sc_hd__and3_2_X_C_sky130_fd_sc_hd__o211ai_2_Y_A1_sky130_fd_sc_hd__and3_2_X/C (sky130_fd_sc_hd__and3_1)
     2    0.008612    0.117982    0.464224   11.351687 v y_out_sky130_fd_sc_hd__dfrtp_2_Q_11_D_sky130_fd_sc_hd__xor2_2_X_B_sky130_fd_sc_hd__nand2_2_Y_A_sky130_fd_sc_hd__a211o_2_X_A2_sky130_fd_sc_hd__nand3_2_Y_C_sky130_fd_sc_hd__a211o_2_X_A2_sky130_fd_sc_hd__a21o_2_X_A2_sky130_fd_sc_hd__o211ai_2_Y_A1_sky130_fd_sc_hd__and3_2_X_C_sky130_fd_sc_hd__o211ai_2_Y_A1_sky130_fd_sc_hd__and3_2_X/X (sky130_fd_sc_hd__and3_1)
                                                         y_out_sky130_fd_sc_hd__dfrtp_2_Q_11_D_sky130_fd_sc_hd__xor2_2_X_B_sky130_fd_sc_hd__nand2_2_Y_A_sky130_fd_sc_hd__a211o_2_X_A2_sky130_fd_sc_hd__nand3_2_Y_C_sky130_fd_sc_hd__a211o_2_X_A2_sky130_fd_sc_hd__a21o_2_X_A2_sky130_fd_sc_hd__o211ai_2_Y_A1_sky130_fd_sc_hd__and3_2_X_C_sky130_fd_sc_hd__o211ai_2_Y_A1 (net)
                      0.117982    0.000090   11.351777 v y_out_sky130_fd_sc_hd__dfrtp_2_Q_11_D_sky130_fd_sc_hd__xor2_2_X_B_sky130_fd_sc_hd__nand2_2_Y_A_sky130_fd_sc_hd__a211o_2_X_A2_sky130_fd_sc_hd__nand3_2_Y_C_sky130_fd_sc_hd__a211o_2_X_A2_sky130_fd_sc_hd__a21o_2_X_A2_sky130_fd_sc_hd__o211ai_2_Y_A1_sky130_fd_sc_hd__and3_2_X_C_sky130_fd_sc_hd__o211ai_2_Y_A1_sky130_fd_sc_hd__a211o_2_B1/B1 (sky130_fd_sc_hd__a211o_1)
     5    0.016629    0.196992    0.649165   12.000942 v y_out_sky130_fd_sc_hd__dfrtp_2_Q_11_D_sky130_fd_sc_hd__xor2_2_X_B_sky130_fd_sc_hd__nand2_2_Y_A_sky130_fd_sc_hd__a211o_2_X_A2_sky130_fd_sc_hd__nand3_2_Y_C_sky130_fd_sc_hd__a211o_2_X_A2_sky130_fd_sc_hd__a21o_2_X_A2_sky130_fd_sc_hd__o211ai_2_Y_A1_sky130_fd_sc_hd__and3_2_X_C_sky130_fd_sc_hd__o211ai_2_Y_A1_sky130_fd_sc_hd__a211o_2_B1/X (sky130_fd_sc_hd__a211o_1)
                                                         y_out_sky130_fd_sc_hd__dfrtp_2_Q_11_D_sky130_fd_sc_hd__xor2_2_X_B_sky130_fd_sc_hd__nand2_2_Y_A_sky130_fd_sc_hd__a211o_2_X_A2_sky130_fd_sc_hd__nand3_2_Y_C_sky130_fd_sc_hd__a211o_2_X_A2_sky130_fd_sc_hd__a21o_2_X_A2_sky130_fd_sc_hd__o211ai_2_Y_A1_sky130_fd_sc_hd__and3_2_X_C_sky130_fd_sc_hd__o211ai_2_Y_A1_sky130_fd_sc_hd__a211o_2_B1_X (net)
                      0.196992    0.000261   12.001203 v y_out_sky130_fd_sc_hd__dfrtp_2_Q_11_D_sky130_fd_sc_hd__xor2_2_X_B_sky130_fd_sc_hd__nand2_2_Y_A_sky130_fd_sc_hd__a211o_2_X_A2_sky130_fd_sc_hd__nand3_2_Y_C_sky130_fd_sc_hd__a211o_2_X_A2_sky130_fd_sc_hd__a21o_2_X_A2_sky130_fd_sc_hd__o211ai_2_Y_A1_sky130_fd_sc_hd__and3_2_X/A (sky130_fd_sc_hd__and3_1)
     2    0.007413    0.108077    0.392981   12.394184 v y_out_sky130_fd_sc_hd__dfrtp_2_Q_11_D_sky130_fd_sc_hd__xor2_2_X_B_sky130_fd_sc_hd__nand2_2_Y_A_sky130_fd_sc_hd__a211o_2_X_A2_sky130_fd_sc_hd__nand3_2_Y_C_sky130_fd_sc_hd__a211o_2_X_A2_sky130_fd_sc_hd__a21o_2_X_A2_sky130_fd_sc_hd__o211ai_2_Y_A1_sky130_fd_sc_hd__and3_2_X/X (sky130_fd_sc_hd__and3_1)
                                                         y_out_sky130_fd_sc_hd__dfrtp_2_Q_11_D_sky130_fd_sc_hd__xor2_2_X_B_sky130_fd_sc_hd__nand2_2_Y_A_sky130_fd_sc_hd__a211o_2_X_A2_sky130_fd_sc_hd__nand3_2_Y_C_sky130_fd_sc_hd__a211o_2_X_A2_sky130_fd_sc_hd__a21o_2_X_A2_sky130_fd_sc_hd__o211ai_2_Y_A1 (net)
                      0.108077    0.000056   12.394239 v y_out_sky130_fd_sc_hd__dfrtp_2_Q_11_D_sky130_fd_sc_hd__xor2_2_X_B_sky130_fd_sc_hd__nand2_2_Y_A_sky130_fd_sc_hd__a211o_2_X_A2_sky130_fd_sc_hd__nand3_2_Y_C_sky130_fd_sc_hd__a211o_2_X_A2_sky130_fd_sc_hd__a21o_2_X_A2_sky130_fd_sc_hd__o211ai_2_Y_A2_sky130_fd_sc_hd__a211o_2_B1/C1 (sky130_fd_sc_hd__a211o_2)
     4    0.020474    0.164637    0.636456   13.030696 v y_out_sky130_fd_sc_hd__dfrtp_2_Q_11_D_sky130_fd_sc_hd__xor2_2_X_B_sky130_fd_sc_hd__nand2_2_Y_A_sky130_fd_sc_hd__a211o_2_X_A2_sky130_fd_sc_hd__nand3_2_Y_C_sky130_fd_sc_hd__a211o_2_X_A2_sky130_fd_sc_hd__a21o_2_X_A2_sky130_fd_sc_hd__o211ai_2_Y_A2_sky130_fd_sc_hd__a211o_2_B1/X (sky130_fd_sc_hd__a211o_2)
                                                         y_out_sky130_fd_sc_hd__dfrtp_2_Q_11_D_sky130_fd_sc_hd__xor2_2_X_B_sky130_fd_sc_hd__nand2_2_Y_A_sky130_fd_sc_hd__a211o_2_X_A2_sky130_fd_sc_hd__nand3_2_Y_C_sky130_fd_sc_hd__a211o_2_X_A2_sky130_fd_sc_hd__a21o_2_X_A2_sky130_fd_sc_hd__o211ai_2_Y_A2_sky130_fd_sc_hd__a211o_2_B1_X (net)
                      0.164637    0.000186   13.030882 v y_out_sky130_fd_sc_hd__dfrtp_2_Q_11_D_sky130_fd_sc_hd__xor2_2_X_B_sky130_fd_sc_hd__nand2_2_Y_A_sky130_fd_sc_hd__a211o_2_X_A2_sky130_fd_sc_hd__nand3_2_Y_C_sky130_fd_sc_hd__a211o_2_X_A2_sky130_fd_sc_hd__a21o_2_X/A1 (sky130_fd_sc_hd__a21o_1)
     2    0.015624    0.156746    0.423571   13.454453 v y_out_sky130_fd_sc_hd__dfrtp_2_Q_11_D_sky130_fd_sc_hd__xor2_2_X_B_sky130_fd_sc_hd__nand2_2_Y_A_sky130_fd_sc_hd__a211o_2_X_A2_sky130_fd_sc_hd__nand3_2_Y_C_sky130_fd_sc_hd__a211o_2_X_A2_sky130_fd_sc_hd__a21o_2_X/X (sky130_fd_sc_hd__a21o_1)
                                                         y_out_sky130_fd_sc_hd__dfrtp_2_Q_11_D_sky130_fd_sc_hd__xor2_2_X_B_sky130_fd_sc_hd__nand2_2_Y_A_sky130_fd_sc_hd__a211o_2_X_A2_sky130_fd_sc_hd__nand3_2_Y_C_sky130_fd_sc_hd__a211o_2_X_A2 (net)
                      0.156746    0.000327   13.454779 v y_out_sky130_fd_sc_hd__dfrtp_2_Q_11_D_sky130_fd_sc_hd__xor2_2_X_B_sky130_fd_sc_hd__nand2_2_Y_A_sky130_fd_sc_hd__a211o_2_X_A2_sky130_fd_sc_hd__nand3_2_Y_C_sky130_fd_sc_hd__a211o_2_X/A2 (sky130_fd_sc_hd__a211o_1)
     3    0.008234    0.133014    0.629845   14.084624 v y_out_sky130_fd_sc_hd__dfrtp_2_Q_11_D_sky130_fd_sc_hd__xor2_2_X_B_sky130_fd_sc_hd__nand2_2_Y_A_sky130_fd_sc_hd__a211o_2_X_A2_sky130_fd_sc_hd__nand3_2_Y_C_sky130_fd_sc_hd__a211o_2_X/X (sky130_fd_sc_hd__a211o_1)
                                                         y_out_sky130_fd_sc_hd__dfrtp_2_Q_11_D_sky130_fd_sc_hd__xor2_2_X_B_sky130_fd_sc_hd__nand2_2_Y_A_sky130_fd_sc_hd__a211o_2_X_A2_sky130_fd_sc_hd__nand3_2_Y_C (net)
                      0.133014    0.000128   14.084752 v y_out_sky130_fd_sc_hd__dfrtp_2_Q_13_D_sky130_fd_sc_hd__xnor2_2_Y_A_sky130_fd_sc_hd__and2b_2_X_B_sky130_fd_sc_hd__o211ai_2_Y_A1_sky130_fd_sc_hd__and3_2_X/C (sky130_fd_sc_hd__and3_1)
     2    0.005881    0.095965    0.419995   14.504747 v y_out_sky130_fd_sc_hd__dfrtp_2_Q_13_D_sky130_fd_sc_hd__xnor2_2_Y_A_sky130_fd_sc_hd__and2b_2_X_B_sky130_fd_sc_hd__o211ai_2_Y_A1_sky130_fd_sc_hd__and3_2_X/X (sky130_fd_sc_hd__and3_1)
                                                         y_out_sky130_fd_sc_hd__dfrtp_2_Q_13_D_sky130_fd_sc_hd__xnor2_2_Y_A_sky130_fd_sc_hd__and2b_2_X_B_sky130_fd_sc_hd__o211ai_2_Y_A1 (net)
                      0.095965    0.000075   14.504823 v y_out_sky130_fd_sc_hd__dfrtp_2_Q_13_D_sky130_fd_sc_hd__xnor2_2_Y_A_sky130_fd_sc_hd__and2b_2_X_A_N_sky130_fd_sc_hd__a211oi_2_Y/B1 (sky130_fd_sc_hd__a211oi_1)
     2    0.005875    0.457279    0.477232   14.982055 ^ y_out_sky130_fd_sc_hd__dfrtp_2_Q_13_D_sky130_fd_sc_hd__xnor2_2_Y_A_sky130_fd_sc_hd__and2b_2_X_A_N_sky130_fd_sc_hd__a211oi_2_Y/Y (sky130_fd_sc_hd__a211oi_1)
                                                         y_out_sky130_fd_sc_hd__dfrtp_2_Q_13_D_sky130_fd_sc_hd__xnor2_2_Y_A_sky130_fd_sc_hd__and2b_2_X_A_N (net)
                      0.457279    0.000064   14.982119 ^ y_out_sky130_fd_sc_hd__dfrtp_2_Q_13_D_sky130_fd_sc_hd__xnor2_2_Y_A_sky130_fd_sc_hd__and2b_2_X/A_N (sky130_fd_sc_hd__and2b_1)
     3    0.016501    0.173900    0.600194   15.582313 v y_out_sky130_fd_sc_hd__dfrtp_2_Q_13_D_sky130_fd_sc_hd__xnor2_2_Y_A_sky130_fd_sc_hd__and2b_2_X/X (sky130_fd_sc_hd__and2b_1)
                                                         y_out_sky130_fd_sc_hd__dfrtp_2_Q_13_D_sky130_fd_sc_hd__xnor2_2_Y_A (net)
                      0.173900    0.000199   15.582512 v y_out_sky130_fd_sc_hd__dfrtp_2_Q_13_D_sky130_fd_sc_hd__xnor2_2_Y_A_sky130_fd_sc_hd__a311oi_2_A2/A2 (sky130_fd_sc_hd__a311oi_4)
     3    0.013337    0.444455    0.560210   16.142721 ^ y_out_sky130_fd_sc_hd__dfrtp_2_Q_13_D_sky130_fd_sc_hd__xnor2_2_Y_A_sky130_fd_sc_hd__a311oi_2_A2/Y (sky130_fd_sc_hd__a311oi_4)
                                                         y_out_sky130_fd_sc_hd__dfrtp_2_Q_10_D_sky130_fd_sc_hd__nor2_2_Y_B_sky130_fd_sc_hd__o21ba_2_X_A1 (net)
                      0.444455    0.000435   16.143156 ^ y_out_sky130_fd_sc_hd__dfrtp_2_Q_10_D_sky130_fd_sc_hd__nor2_2_Y_B_sky130_fd_sc_hd__o21ba_2_X_A1_sky130_fd_sc_hd__nor3b_2_A/A (sky130_fd_sc_hd__nor3b_1)
     2    0.005353    0.128634    0.245805   16.388962 v y_out_sky130_fd_sc_hd__dfrtp_2_Q_10_D_sky130_fd_sc_hd__nor2_2_Y_B_sky130_fd_sc_hd__o21ba_2_X_A1_sky130_fd_sc_hd__nor3b_2_A/Y (sky130_fd_sc_hd__nor3b_1)
                                                         y_out_sky130_fd_sc_hd__dfrtp_2_Q_10_D_sky130_fd_sc_hd__nor2_2_Y_B_sky130_fd_sc_hd__o21ba_2_X_A1_sky130_fd_sc_hd__nor3b_2_A_Y (net)
                      0.128634    0.000053   16.389015 v max_cap50/A (sky130_fd_sc_hd__buf_1)
     3    0.009355    0.118057    0.244023   16.633039 v max_cap50/X (sky130_fd_sc_hd__buf_1)
                                                         net50 (net)
                      0.118057    0.000117   16.633156 v y_out_sky130_fd_sc_hd__dfrtp_2_Q_8_D_sky130_fd_sc_hd__and2b_2_X_A_N_sky130_fd_sc_hd__o311a_2_X/A3 (sky130_fd_sc_hd__o311a_1)
     2    0.004758    0.111846    0.586107   17.219263 v y_out_sky130_fd_sc_hd__dfrtp_2_Q_8_D_sky130_fd_sc_hd__and2b_2_X_A_N_sky130_fd_sc_hd__o311a_2_X/X (sky130_fd_sc_hd__o311a_1)
                                                         y_out_sky130_fd_sc_hd__dfrtp_2_Q_8_D_sky130_fd_sc_hd__and2b_2_X_A_N (net)
                      0.111846    0.000064   17.219326 v y_out_sky130_fd_sc_hd__dfrtp_2_Q_7_D_sky130_fd_sc_hd__xnor2_2_Y_B_sky130_fd_sc_hd__o21ba_2_X/B1_N (sky130_fd_sc_hd__o21ba_1)
     1    0.004960    0.103177    0.462805   17.682133 ^ y_out_sky130_fd_sc_hd__dfrtp_2_Q_7_D_sky130_fd_sc_hd__xnor2_2_Y_B_sky130_fd_sc_hd__o21ba_2_X/X (sky130_fd_sc_hd__o21ba_1)
                                                         y_out_sky130_fd_sc_hd__dfrtp_2_Q_7_D_sky130_fd_sc_hd__xnor2_2_Y_B (net)
                      0.103177    0.000046   17.682178 ^ y_out_sky130_fd_sc_hd__dfrtp_2_Q_7_D_sky130_fd_sc_hd__xnor2_2_Y/B (sky130_fd_sc_hd__xnor2_1)
     1    0.004097    0.125519    0.144714   17.826893 v y_out_sky130_fd_sc_hd__dfrtp_2_Q_7_D_sky130_fd_sc_hd__xnor2_2_Y/Y (sky130_fd_sc_hd__xnor2_1)
                                                         y_out_sky130_fd_sc_hd__dfrtp_2_Q_7_D (net)
                      0.125519    0.000066   17.826958 v y_out_sky130_fd_sc_hd__dfrtp_2_Q_7/D (sky130_fd_sc_hd__dfrtp_2)
                                             17.826958   data arrival time

                                 20.000000   20.000000   clock clk (rise edge)
                                  0.000000   20.000000   clock source latency
     1    0.044365    0.319672    0.225432   20.225433 ^ clk (in)
                                                         clk (net)
                      0.319862    0.000000   20.225433 ^ clkbuf_0_clk/A (sky130_fd_sc_hd__clkbuf_16)
     2    0.032850    0.085939    0.349480   20.574913 ^ clkbuf_0_clk/X (sky130_fd_sc_hd__clkbuf_16)
                                                         clknet_0_clk (net)
                      0.085942    0.000618   20.575531 ^ clkbuf_1_1__f_clk/A (sky130_fd_sc_hd__clkbuf_16)
     9    0.032671    0.084135    0.246773   20.822304 ^ clkbuf_1_1__f_clk/X (sky130_fd_sc_hd__clkbuf_16)
                                                         clknet_1_1__leaf_clk (net)
                      0.084136    0.000480   20.822784 ^ y_out_sky130_fd_sc_hd__dfrtp_2_Q_7/CLK (sky130_fd_sc_hd__dfrtp_2)
                                 -0.250000   20.572784   clock uncertainty
                                  0.000000   20.572784   clock reconvergence pessimism
                                 -0.296031   20.276752   library setup time
                                             20.276752   data required time
---------------------------------------------------------------------------------------------
                                             20.276752   data required time
                                            -17.826958   data arrival time
---------------------------------------------------------------------------------------------
                                              2.449795   slack (MET)




===========================================================================
report_checks --slack_max -0.01
============================================================================
======================= min_ss_100C_1v60 Corner ===================================

No paths found.


===========================================================================
 report_check_types -max_slew -max_cap -max_fanout -violators
============================================================================
======================= min_ss_100C_1v60 Corner ===================================

max fanout

Pin                                   Limit Fanout  Slack
---------------------------------------------------------
fanout132/X                              10     12     -2 (VIOLATED)
fanout101/X                              10     11        (VIOLATED)
fanout111/X                              10     11        (VIOLATED)
fanout152/X                              10     11        (VIOLATED)
fanout165/X                              10     11        (VIOLATED)
fanout62/X                               10     11        (VIOLATED)
fanout69/X                               10     11        (VIOLATED)
fanout93/X                               10     11        (VIOLATED)



===========================================================================
report_parasitic_annotation -report_unannotated
============================================================================
Found 1 unannotated drivers.
 clkload0/X
Found 0 partially unannotated drivers.

===========================================================================
max slew violation count 0
max fanout violation count 8
max cap violation count 0
============================================================================

===========================================================================
check_setup -verbose -unconstrained_endpoints -multiple_clock -no_clock -no_input_delay -loops -generated_clocks
===========================================================================
