Clock: clk
Sources: clk 
Generated: no
Virtual: yes
Propagated: no
Period: 20.000000

===========================================================================
report_clock_properties
============================================================================
Clock                   Period          Waveform
----------------------------------------------------
clk                  20.000000    0.000000 10.000000

===========================================================================
report_clock_latency
============================================================================
Clock clk
rise -> rise
    min     max
0.000000 0.000000 source latency
0.821150         network latency y_out_sky130_fd_sc_hd__dfrtp_2_Q_5/CLK
        0.823095 network latency y_out_sky130_fd_sc_hd__dfrtp_2_Q_15/CLK
---------------
0.821150 0.823095 latency
        0.001946 skew

fall -> fall
    min     max
0.000000 0.000000 source latency
0.733146         network latency y_out_sky130_fd_sc_hd__dfrtp_2_Q_5/CLK
        0.734885 network latency y_out_sky130_fd_sc_hd__dfrtp_2_Q_15/CLK
---------------
0.733146 0.734885 latency
        0.001739 skew



===========================================================================
report_clock_min_period
============================================================================
clk period_min = 14.10 fmax = 70.92
