┏━━━━━━━┳━━━━━━━━━┳━━━━━━━━━━┳━━━━━━━━━━━━━━━━━━━━━━━━━━━━━━━━━━━━━━━━━━━━━━━━━━━━━━━━━━━━┳━━━━━━━━━━━━━━━━━━━━━━━━━━━━━━━━━━━━━━━━━━━━━━━━━━━━━━━━━━━━┳━━━━━━━┓
┃ P / R ┃ Partial ┃ Required ┃ Net                                                        ┃ Pin                                                        ┃ Layer ┃
┡━━━━━━━╇━━━━━━━━━╇━━━━━━━━━━╇━━━━━━━━━━━━━━━━━━━━━━━━━━━━━━━━━━━━━━━━━━━━━━━━━━━━━━━━━━━━╇━━━━━━━━━━━━━━━━━━━━━━━━━━━━━━━━━━━━━━━━━━━━━━━━━━━━━━━━━━━━╇━━━━━━━┩
│ 2.99  │ 1196.75 │ 400.00   │ net36                                                      │ y_out_sky130_fd_sc_hd__dfrtp_2_Q_15_D_sky130_fd_sc_hd__xn… │ met1  │
│ 2.51  │ 1002.82 │ 400.00   │ net7                                                       │ fanout125/A                                                │ met1  │
│ 2.31  │ 923.80  │ 400.00   │ net258                                                     │ fanout256/A                                                │ met1  │
│ 2.23  │ 892.04  │ 400.00   │ y_out_sky130_fd_sc_hd__dfrtp_2_Q_D_sky130_fd_sc_hd__xnor2… │ y_out_sky130_fd_sc_hd__dfrtp_2_Q_8_D_sky130_fd_sc_hd__xor… │ met1  │
│ 2.17  │ 868.00  │ 400.00   │ y_out_sky130_fd_sc_hd__dfrtp_2_Q_5_D_sky130_fd_sc_hd__xno… │ y_out_sky130_fd_sc_hd__dfrtp_2_Q_5_D_sky130_fd_sc_hd__xno… │ met1  │
│ 2.07  │ 828.11  │ 400.00   │ net217                                                     │ y_out_sky130_fd_sc_hd__dfrtp_2_Q_15_D_sky130_fd_sc_hd__xn… │ met1  │
│ 2.06  │ 822.87  │ 400.00   │ net246                                                     │ fanout240/A                                                │ met1  │
│ 1.89  │ 757.59  │ 400.00   │ net31                                                      │ fanout155/A                                                │ met1  │
│ 1.88  │ 752.95  │ 400.00   │ net44                                                      │ fanout102/A                                                │ met1  │
│ 1.87  │ 747.32  │ 400.00   │ net1                                                       │ fanout270/A                                                │ met1  │
│ 1.85  │ 741.97  │ 400.00   │ net230                                                     │ y_out_sky130_fd_sc_hd__dfrtp_2_Q_8_D_sky130_fd_sc_hd__xor… │ met1  │
│ 1.54  │ 616.41  │ 400.00   │ net238                                                     │ fanout237/A                                                │ met1  │
│ 1.44  │ 576.05  │ 400.00   │ net22                                                      │ fanout196/A                                                │ met1  │
│ 1.42  │ 567.44  │ 400.00   │ net23                                                      │ y_out_sky130_fd_sc_hd__dfrtp_2_Q_9_D_sky130_fd_sc_hd__xno… │ met1  │
│ 1.38  │ 553.31  │ 400.00   │ y_out_sky130_fd_sc_hd__dfrtp_2_Q_8_D_sky130_fd_sc_hd__xor… │ y_out_sky130_fd_sc_hd__dfrtp_2_Q_8_D_sky130_fd_sc_hd__xor… │ met1  │
│ 1.37  │ 549.68  │ 400.00   │ y_out_sky130_fd_sc_hd__dfrtp_2_Q_D_sky130_fd_sc_hd__xnor2… │ y_out_sky130_fd_sc_hd__dfrtp_2_Q_6_D_sky130_fd_sc_hd__xor… │ met1  │
│ 1.37  │ 548.50  │ 400.00   │ y_out_sky130_fd_sc_hd__dfrtp_2_Q_5_D_sky130_fd_sc_hd__xno… │ y_out_sky130_fd_sc_hd__dfrtp_2_Q_15_D_sky130_fd_sc_hd__xn… │ met1  │
│ 1.29  │ 517.18  │ 400.00   │ net110                                                     │ y_out_sky130_fd_sc_hd__dfrtp_2_Q_14_D_sky130_fd_sc_hd__xn… │ met1  │
│ 1.28  │ 510.82  │ 400.00   │ net238                                                     │ fanout235/A                                                │ met1  │
│ 1.23  │ 493.07  │ 400.00   │ net250                                                     │ fanout247/A                                                │ met1  │
│ 1.19  │ 476.91  │ 400.00   │ net95                                                      │ fanout94/A                                                 │ met1  │
│ 1.18  │ 473.42  │ 400.00   │ net123                                                     │ y_out_sky130_fd_sc_hd__dfrtp_2_Q_15_D_sky130_fd_sc_hd__xn… │ met1  │
│ 1.14  │ 457.19  │ 400.00   │ net9                                                       │ fanout113/A                                                │ met1  │
│ 1.11  │ 443.71  │ 400.00   │ net267                                                     │ fanout262/A                                                │ met1  │
│ 1.10  │ 439.97  │ 400.00   │ net85                                                      │ y_out_sky130_fd_sc_hd__dfrtp_2_Q_14_D_sky130_fd_sc_hd__xn… │ met1  │
│ 1.10  │ 439.97  │ 400.00   │ net85                                                      │ y_out_sky130_fd_sc_hd__dfrtp_2_Q_15_D_sky130_fd_sc_hd__xn… │ met1  │
│ 1.08  │ 430.94  │ 400.00   │ net116                                                     │ y_out_sky130_fd_sc_hd__dfrtp_2_Q_15_D_sky130_fd_sc_hd__xn… │ met1  │
│ 1.03  │ 411.57  │ 400.00   │ net16                                                      │ fanout226/A                                                │ met1  │
│ 1.02  │ 406.58  │ 400.00   │ net238                                                     │ y_out_sky130_fd_sc_hd__dfrtp_2_Q_6_D_sky130_fd_sc_hd__xor… │ met1  │
│ 1.01  │ 403.94  │ 400.00   │ y_out_sky130_fd_sc_hd__dfrtp_2_Q_2_D_sky130_fd_sc_hd__xor… │ y_out_sky130_fd_sc_hd__dfrtp_2_Q_15_D_sky130_fd_sc_hd__xn… │ met1  │
└───────┴─────────┴──────────┴────────────────────────────────────────────────────────────┴────────────────────────────────────────────────────────────┴───────┘
