Clock: clk
Sources: clk 
Generated: no
Virtual: yes
Propagated: no
Period: 8.000000

===========================================================================
report_clock_properties
============================================================================
Clock                   Period          Waveform
----------------------------------------------------
clk                   8.000000    0.000000  4.000000

===========================================================================
report_clock_latency
============================================================================
Clock clk
rise -> rise
    min     max
0.000000 0.000000 source latency
0.352772         network latency y_out_sky130_fd_sc_hd__dfrtp_2_Q_11/CLK
        0.353733 network latency y_out_sky130_fd_sc_hd__dfrtp_2_Q/CLK
---------------
0.352772 0.353733 latency
        0.000961 skew

fall -> fall
    min     max
0.000000 0.000000 source latency
0.331078         network latency y_out_sky130_fd_sc_hd__dfrtp_2_Q_11/CLK
        0.332042 network latency y_out_sky130_fd_sc_hd__dfrtp_2_Q/CLK
---------------
0.331078 0.332042 latency
        0.000964 skew



===========================================================================
report_clock_min_period
============================================================================
clk period_min = 6.72 fmax = 148.86
