
===========================================================================
report_checks -unconstrained
===========================================================================
======================= max_ff_n40C_1v95 Corner ===================================

Startpoint: reset (input port clocked by clk)
Endpoint: y_out_sky130_fd_sc_hd__dfrtp_2_Q_15
          (recovery check against rising-edge clock clk)
Path Group: asynchronous
Path Type: max

Fanout         Cap        Slew       Delay        Time   Description
---------------------------------------------------------------------------------------------
                                  0.000000    0.000000   clock clk (rise edge)
                                  0.000000    0.000000   clock network delay (propagated)
                                  7.000000    7.000000 v input external delay
     1    0.002467    0.004226    0.002021    7.002020 v reset (in)
                                                         reset (net)
                      0.004229    0.000000    7.002020 v input17/A (sky130_fd_sc_hd__buf_2)
     2    0.047039    0.081279    0.118086    7.120106 v input17/X (sky130_fd_sc_hd__buf_2)
                                                         net17 (net)
                      0.083362    0.010332    7.130438 v fanout219/A (sky130_fd_sc_hd__clkbuf_4)
     6    0.051424    0.079243    0.159767    7.290205 v fanout219/X (sky130_fd_sc_hd__clkbuf_4)
                                                         net219 (net)
                      0.080222    0.007111    7.297316 v y_out_sky130_fd_sc_hd__dfrtp_2_Q_15_RESET_B_sky130_fd_sc_hd__inv_2_Y/A (sky130_fd_sc_hd__inv_2)
     1    0.004304    0.030013    0.047780    7.345096 ^ y_out_sky130_fd_sc_hd__dfrtp_2_Q_15_RESET_B_sky130_fd_sc_hd__inv_2_Y/Y (sky130_fd_sc_hd__inv_2)
                                                         y_out_sky130_fd_sc_hd__dfrtp_2_Q_15_RESET_B (net)
                      0.030014    0.000226    7.345321 ^ y_out_sky130_fd_sc_hd__dfrtp_2_Q_15/RESET_B (sky130_fd_sc_hd__dfrtp_4)
                                              7.345321   data arrival time

                                 35.000000   35.000000   clock clk (rise edge)
                                  0.000000   35.000000   clock source latency
     1    0.049196    0.169163    0.121496   35.121494 ^ clk (in)
                                                         clk (net)
                      0.170231    0.000000   35.121494 ^ clkbuf_0_clk/A (sky130_fd_sc_hd__clkbuf_16)
     2    0.037790    0.045748    0.126565   35.248062 ^ clkbuf_0_clk/X (sky130_fd_sc_hd__clkbuf_16)
                                                         clknet_0_clk (net)
                      0.045848    0.002036   35.250095 ^ clkbuf_1_1__f_clk/A (sky130_fd_sc_hd__clkbuf_16)
     8    0.042355    0.046734    0.101871   35.351967 ^ clkbuf_1_1__f_clk/X (sky130_fd_sc_hd__clkbuf_16)
                                                         clknet_1_1__leaf_clk (net)
                      0.046966    0.002281   35.354248 ^ y_out_sky130_fd_sc_hd__dfrtp_2_Q_15/CLK (sky130_fd_sc_hd__dfrtp_4)
                                 -0.250000   35.104248   clock uncertainty
                                  0.000000   35.104248   clock reconvergence pessimism
                                  0.133974   35.238220   library recovery time
                                             35.238220   data required time
---------------------------------------------------------------------------------------------
                                             35.238220   data required time
                                             -7.345321   data arrival time
---------------------------------------------------------------------------------------------
                                             27.892899   slack (MET)


Startpoint: alpha[1] (input port clocked by clk)
Endpoint: y_out_sky130_fd_sc_hd__dfrtp_2_Q
          (rising edge-triggered flip-flop clocked by clk)
Path Group: clk
Path Type: max

Fanout         Cap        Slew       Delay        Time   Description
---------------------------------------------------------------------------------------------
                                  0.000000    0.000000   clock clk (rise edge)
                                  0.000000    0.000000   clock network delay (propagated)
                                  7.000000    7.000000 ^ input external delay
     1    0.002976    0.014546    0.007741    7.007741 ^ alpha[1] (in)
                                                         alpha[1] (net)
                      0.014548    0.000000    7.007741 ^ input8/A (sky130_fd_sc_hd__clkbuf_2)
     2    0.028492    0.121891    0.124566    7.132307 ^ input8/X (sky130_fd_sc_hd__clkbuf_2)
                                                         net8 (net)
                      0.121944    0.002073    7.134380 ^ fanout123/A (sky130_fd_sc_hd__clkbuf_4)
     8    0.064279    0.149773    0.189571    7.323951 ^ fanout123/X (sky130_fd_sc_hd__clkbuf_4)
                                                         net123 (net)
                      0.149797    0.001631    7.325582 ^ fanout122/A (sky130_fd_sc_hd__clkbuf_2)
     5    0.036422    0.154218    0.173933    7.499515 ^ fanout122/X (sky130_fd_sc_hd__clkbuf_2)
                                                         net122 (net)
                      0.154225    0.000890    7.500405 ^ fanout121/A (sky130_fd_sc_hd__buf_2)
    10    0.050099    0.184594    0.200137    7.700542 ^ fanout121/X (sky130_fd_sc_hd__buf_2)
                                                         net121 (net)
                      0.184636    0.002307    7.702848 ^ y_out_sky130_fd_sc_hd__dfrtp_2_Q_12_D_sky130_fd_sc_hd__xnor2_2_Y_A_sky130_fd_sc_hd__xnor2_2_Y_B_sky130_fd_sc_hd__a21boi_2_Y_A1_sky130_fd_sc_hd__nor2_2_Y_A_sky130_fd_sc_hd__or2_2_X_B_sky130_fd_sc_hd__o21a_2_X_A2_sky130_fd_sc_hd__o22a_2_X_A2_sky130_fd_sc_hd__nand2_2_Y_A_sky130_fd_sc_hd__inv_2_Y/A (sky130_fd_sc_hd__inv_2)
     1    0.009249    0.045245    0.029212    7.732060 v y_out_sky130_fd_sc_hd__dfrtp_2_Q_12_D_sky130_fd_sc_hd__xnor2_2_Y_A_sky130_fd_sc_hd__xnor2_2_Y_B_sky130_fd_sc_hd__a21boi_2_Y_A1_sky130_fd_sc_hd__nor2_2_Y_A_sky130_fd_sc_hd__or2_2_X_B_sky130_fd_sc_hd__o21a_2_X_A2_sky130_fd_sc_hd__o22a_2_X_A2_sky130_fd_sc_hd__nand2_2_Y_A_sky130_fd_sc_hd__inv_2_Y/Y (sky130_fd_sc_hd__inv_2)
                                                         y_out_sky130_fd_sc_hd__dfrtp_2_Q_12_D_sky130_fd_sc_hd__xnor2_2_Y_A_sky130_fd_sc_hd__xnor2_2_Y_B_sky130_fd_sc_hd__a21boi_2_Y_A1_sky130_fd_sc_hd__nor2_2_Y_A_sky130_fd_sc_hd__or2_2_X_B_sky130_fd_sc_hd__o21a_2_X_A2_sky130_fd_sc_hd__o22a_2_X_A2_sky130_fd_sc_hd__nand2_2_Y_A (net)
                      0.045258    0.000600    7.732661 v fanout97/A (sky130_fd_sc_hd__buf_2)
     5    0.048542    0.082765    0.138587    7.871248 v fanout97/X (sky130_fd_sc_hd__buf_2)
                                                         net97 (net)
                      0.082831    0.001968    7.873216 v y_out_sky130_fd_sc_hd__dfrtp_2_Q_5_D_sky130_fd_sc_hd__xnor2_2_Y_A_sky130_fd_sc_hd__nor2_2_Y_A_sky130_fd_sc_hd__o211a_2_X_C1_sky130_fd_sc_hd__o21ai_2_Y_B1_sky130_fd_sc_hd__o21bai_2_Y_A1_sky130_fd_sc_hd__and2b_2_X_A_N_sky130_fd_sc_hd__a21oi_2_Y_A1_sky130_fd_sc_hd__a32o_2_X_A3_sky130_fd_sc_hd__and3_2_X_B_sky130_fd_sc_hd__or4b_2_B/A (sky130_fd_sc_hd__or4b_1)
     2    0.005740    0.065929    0.321916    8.195132 v y_out_sky130_fd_sc_hd__dfrtp_2_Q_5_D_sky130_fd_sc_hd__xnor2_2_Y_A_sky130_fd_sc_hd__nor2_2_Y_A_sky130_fd_sc_hd__o211a_2_X_C1_sky130_fd_sc_hd__o21ai_2_Y_B1_sky130_fd_sc_hd__o21bai_2_Y_A1_sky130_fd_sc_hd__and2b_2_X_A_N_sky130_fd_sc_hd__a21oi_2_Y_A1_sky130_fd_sc_hd__a32o_2_X_A3_sky130_fd_sc_hd__and3_2_X_B_sky130_fd_sc_hd__or4b_2_B/X (sky130_fd_sc_hd__or4b_1)
                                                         y_out_sky130_fd_sc_hd__dfrtp_2_Q_5_D_sky130_fd_sc_hd__xnor2_2_Y_A_sky130_fd_sc_hd__nor2_2_Y_A_sky130_fd_sc_hd__o211a_2_X_C1_sky130_fd_sc_hd__o21ai_2_Y_B1_sky130_fd_sc_hd__o21bai_2_Y_A1_sky130_fd_sc_hd__and2b_2_X_A_N_sky130_fd_sc_hd__a21oi_2_Y_A1_sky130_fd_sc_hd__a32o_2_X_A3_sky130_fd_sc_hd__and3_2_X_B_sky130_fd_sc_hd__or4b_2_B_X (net)
                      0.065932    0.000457    8.195588 v y_out_sky130_fd_sc_hd__dfrtp_2_Q_5_D_sky130_fd_sc_hd__xnor2_2_Y_A_sky130_fd_sc_hd__nor2_2_Y_A_sky130_fd_sc_hd__o211a_2_X_C1_sky130_fd_sc_hd__o21ai_2_Y_B1_sky130_fd_sc_hd__o21bai_2_Y_A1_sky130_fd_sc_hd__and2b_2_X_A_N_sky130_fd_sc_hd__a21oi_2_Y_A1_sky130_fd_sc_hd__a32o_2_X_A3_sky130_fd_sc_hd__and3_2_X_B_sky130_fd_sc_hd__or4b_2_B_X_sky130_fd_sc_hd__a21o_2_A1/A1 (sky130_fd_sc_hd__a21o_1)
     3    0.009273    0.043478    0.128069    8.323658 v y_out_sky130_fd_sc_hd__dfrtp_2_Q_5_D_sky130_fd_sc_hd__xnor2_2_Y_A_sky130_fd_sc_hd__nor2_2_Y_A_sky130_fd_sc_hd__o211a_2_X_C1_sky130_fd_sc_hd__o21ai_2_Y_B1_sky130_fd_sc_hd__o21bai_2_Y_A1_sky130_fd_sc_hd__and2b_2_X_A_N_sky130_fd_sc_hd__a21oi_2_Y_A1_sky130_fd_sc_hd__a32o_2_X_A3_sky130_fd_sc_hd__and3_2_X_B_sky130_fd_sc_hd__or4b_2_B_X_sky130_fd_sc_hd__a21o_2_A1/X (sky130_fd_sc_hd__a21o_1)
                                                         y_out_sky130_fd_sc_hd__dfrtp_2_Q_5_D_sky130_fd_sc_hd__xnor2_2_Y_A_sky130_fd_sc_hd__nor2_2_Y_A_sky130_fd_sc_hd__o211a_2_X_C1_sky130_fd_sc_hd__o21ai_2_Y_B1_sky130_fd_sc_hd__o21bai_2_Y_A1_sky130_fd_sc_hd__and2b_2_X_A_N_sky130_fd_sc_hd__a21oi_2_Y_A1_sky130_fd_sc_hd__a32o_2_X_A3_sky130_fd_sc_hd__and3_2_X_B_sky130_fd_sc_hd__or4b_2_B_X_sky130_fd_sc_hd__a21o_2_A1_X (net)
                      0.043485    0.000544    8.324202 v y_out_sky130_fd_sc_hd__dfrtp_2_Q_5_D_sky130_fd_sc_hd__xnor2_2_Y_A_sky130_fd_sc_hd__nor2_2_Y_A_sky130_fd_sc_hd__o211a_2_X_C1_sky130_fd_sc_hd__o21ai_2_Y_B1_sky130_fd_sc_hd__o21bai_2_Y_A1_sky130_fd_sc_hd__and2b_2_X_A_N_sky130_fd_sc_hd__a21oi_2_Y_A1_sky130_fd_sc_hd__a32o_2_X_A3_sky130_fd_sc_hd__and3_2_X_B_sky130_fd_sc_hd__or4b_2_B_X_sky130_fd_sc_hd__nand3_2_B_Y_sky130_fd_sc_hd__a21o_2_A1/A2 (sky130_fd_sc_hd__a21o_1)
     2    0.006088    0.033553    0.125440    8.449642 v y_out_sky130_fd_sc_hd__dfrtp_2_Q_5_D_sky130_fd_sc_hd__xnor2_2_Y_A_sky130_fd_sc_hd__nor2_2_Y_A_sky130_fd_sc_hd__o211a_2_X_C1_sky130_fd_sc_hd__o21ai_2_Y_B1_sky130_fd_sc_hd__o21bai_2_Y_A1_sky130_fd_sc_hd__and2b_2_X_A_N_sky130_fd_sc_hd__a21oi_2_Y_A1_sky130_fd_sc_hd__a32o_2_X_A3_sky130_fd_sc_hd__and3_2_X_B_sky130_fd_sc_hd__or4b_2_B_X_sky130_fd_sc_hd__nand3_2_B_Y_sky130_fd_sc_hd__a21o_2_A1/X (sky130_fd_sc_hd__a21o_1)
                                                         y_out_sky130_fd_sc_hd__dfrtp_2_Q_14_D_sky130_fd_sc_hd__xnor2_2_Y_A_sky130_fd_sc_hd__a21o_2_X_A1_sky130_fd_sc_hd__a21o_2_X_A1_sky130_fd_sc_hd__a22o_2_X_B1_sky130_fd_sc_hd__o31a_2_X_A1_sky130_fd_sc_hd__and2_2_X_A_sky130_fd_sc_hd__nand3_2_Y_A_sky130_fd_sc_hd__nand2_2_Y_A_sky130_fd_sc_hd__or4_2_X_D_sky130_fd_sc_hd__a211oi_2_Y_A1_sky130_fd_sc_hd__or3_2_X_A_sky130_fd_sc_hd__and3_2_X_C (net)
                      0.033557    0.000395    8.450037 v y_out_sky130_fd_sc_hd__dfrtp_2_Q_14_D_sky130_fd_sc_hd__xnor2_2_Y_A_sky130_fd_sc_hd__a21o_2_X_A1_sky130_fd_sc_hd__a21o_2_X_A1_sky130_fd_sc_hd__a22o_2_X_B1_sky130_fd_sc_hd__o31a_2_X_A1_sky130_fd_sc_hd__and2_2_X_A_sky130_fd_sc_hd__nand3_2_Y_A_sky130_fd_sc_hd__nand2_2_Y_A_sky130_fd_sc_hd__or4_2_X_D_sky130_fd_sc_hd__a211oi_2_Y_A1_sky130_fd_sc_hd__or3_2_X_A_sky130_fd_sc_hd__and3_2_X/C (sky130_fd_sc_hd__and3_1)
     3    0.008656    0.044844    0.131626    8.581664 v y_out_sky130_fd_sc_hd__dfrtp_2_Q_14_D_sky130_fd_sc_hd__xnor2_2_Y_A_sky130_fd_sc_hd__a21o_2_X_A1_sky130_fd_sc_hd__a21o_2_X_A1_sky130_fd_sc_hd__a22o_2_X_B1_sky130_fd_sc_hd__o31a_2_X_A1_sky130_fd_sc_hd__and2_2_X_A_sky130_fd_sc_hd__nand3_2_Y_A_sky130_fd_sc_hd__nand2_2_Y_A_sky130_fd_sc_hd__or4_2_X_D_sky130_fd_sc_hd__a211oi_2_Y_A1_sky130_fd_sc_hd__or3_2_X_A_sky130_fd_sc_hd__and3_2_X/X (sky130_fd_sc_hd__and3_1)
                                                         y_out_sky130_fd_sc_hd__dfrtp_2_Q_14_D_sky130_fd_sc_hd__xnor2_2_Y_A_sky130_fd_sc_hd__a21o_2_X_A1_sky130_fd_sc_hd__a21o_2_X_A1_sky130_fd_sc_hd__a22o_2_X_B1_sky130_fd_sc_hd__o31a_2_X_A1_sky130_fd_sc_hd__and2_2_X_A_sky130_fd_sc_hd__nand3_2_Y_A_sky130_fd_sc_hd__nand2_2_Y_A_sky130_fd_sc_hd__or4_2_X_D_sky130_fd_sc_hd__a211oi_2_Y_A1_sky130_fd_sc_hd__or3_2_X_A (net)
                      0.044850    0.000541    8.582205 v y_out_sky130_fd_sc_hd__dfrtp_2_Q_14_D_sky130_fd_sc_hd__xnor2_2_Y_A_sky130_fd_sc_hd__a21o_2_X_A1_sky130_fd_sc_hd__a21o_2_X_A1_sky130_fd_sc_hd__a22o_2_X_B1_sky130_fd_sc_hd__o31a_2_X_A1_sky130_fd_sc_hd__and2_2_X_A_sky130_fd_sc_hd__nand3_2_Y_A_sky130_fd_sc_hd__nand2_2_Y_A_sky130_fd_sc_hd__or4_2_X_D_sky130_fd_sc_hd__a211oi_2_Y_A1_sky130_fd_sc_hd__or3_2_X/A (sky130_fd_sc_hd__or3_1)
     2    0.005863    0.054467    0.227952    8.810157 v y_out_sky130_fd_sc_hd__dfrtp_2_Q_14_D_sky130_fd_sc_hd__xnor2_2_Y_A_sky130_fd_sc_hd__a21o_2_X_A1_sky130_fd_sc_hd__a21o_2_X_A1_sky130_fd_sc_hd__a22o_2_X_B1_sky130_fd_sc_hd__o31a_2_X_A1_sky130_fd_sc_hd__and2_2_X_A_sky130_fd_sc_hd__nand3_2_Y_A_sky130_fd_sc_hd__nand2_2_Y_A_sky130_fd_sc_hd__or4_2_X_D_sky130_fd_sc_hd__a211oi_2_Y_A1_sky130_fd_sc_hd__or3_2_X/X (sky130_fd_sc_hd__or3_1)
                                                         y_out_sky130_fd_sc_hd__dfrtp_2_Q_14_D_sky130_fd_sc_hd__xnor2_2_Y_A_sky130_fd_sc_hd__a21o_2_X_A1_sky130_fd_sc_hd__a21o_2_X_A1_sky130_fd_sc_hd__a22o_2_X_B1_sky130_fd_sc_hd__o31a_2_X_A1_sky130_fd_sc_hd__and2_2_X_A_sky130_fd_sc_hd__nand3_2_Y_A_sky130_fd_sc_hd__nand2_2_Y_A_sky130_fd_sc_hd__or4_2_X_D_sky130_fd_sc_hd__a211oi_2_Y_A1 (net)
                      0.054469    0.000382    8.810538 v y_out_sky130_fd_sc_hd__dfrtp_2_Q_14_D_sky130_fd_sc_hd__xnor2_2_Y_A_sky130_fd_sc_hd__a21o_2_X_A1_sky130_fd_sc_hd__a21o_2_X_A1_sky130_fd_sc_hd__a22o_2_X_B1_sky130_fd_sc_hd__o31a_2_X_A1_sky130_fd_sc_hd__and2_2_X_A_sky130_fd_sc_hd__nand3_2_Y_A_sky130_fd_sc_hd__nand2_2_Y_A_sky130_fd_sc_hd__or4_2_X_D_sky130_fd_sc_hd__a211oi_2_Y_A1_sky130_fd_sc_hd__o211a_2_B1/B1 (sky130_fd_sc_hd__o211a_1)
     4    0.012951    0.057212    0.112003    8.922542 v y_out_sky130_fd_sc_hd__dfrtp_2_Q_14_D_sky130_fd_sc_hd__xnor2_2_Y_A_sky130_fd_sc_hd__a21o_2_X_A1_sky130_fd_sc_hd__a21o_2_X_A1_sky130_fd_sc_hd__a22o_2_X_B1_sky130_fd_sc_hd__o31a_2_X_A1_sky130_fd_sc_hd__and2_2_X_A_sky130_fd_sc_hd__nand3_2_Y_A_sky130_fd_sc_hd__nand2_2_Y_A_sky130_fd_sc_hd__or4_2_X_D_sky130_fd_sc_hd__a211oi_2_Y_A1_sky130_fd_sc_hd__o211a_2_B1/X (sky130_fd_sc_hd__o211a_1)
                                                         y_out_sky130_fd_sc_hd__dfrtp_2_Q_14_D_sky130_fd_sc_hd__xnor2_2_Y_A_sky130_fd_sc_hd__a21o_2_X_A1_sky130_fd_sc_hd__a21o_2_X_A1_sky130_fd_sc_hd__a22o_2_X_B1_sky130_fd_sc_hd__o31a_2_X_A1_sky130_fd_sc_hd__and2_2_X_A_sky130_fd_sc_hd__nand3_2_Y_A_sky130_fd_sc_hd__nand2_2_Y_A_sky130_fd_sc_hd__or4_2_X_D_sky130_fd_sc_hd__a211oi_2_Y_A1_sky130_fd_sc_hd__o211a_2_B1_X (net)
                      0.057221    0.000702    8.923243 v y_out_sky130_fd_sc_hd__dfrtp_2_Q_14_D_sky130_fd_sc_hd__xnor2_2_Y_A_sky130_fd_sc_hd__a21o_2_X_A1_sky130_fd_sc_hd__a21o_2_X_A1_sky130_fd_sc_hd__a22o_2_X_B1_sky130_fd_sc_hd__o31a_2_X_A1_sky130_fd_sc_hd__and2_2_X_A_sky130_fd_sc_hd__nand3_2_Y_A_sky130_fd_sc_hd__nand2_2_Y_A_sky130_fd_sc_hd__or4_2_X/C (sky130_fd_sc_hd__or4_1)
     3    0.008923    0.080533    0.299979    9.223222 v y_out_sky130_fd_sc_hd__dfrtp_2_Q_14_D_sky130_fd_sc_hd__xnor2_2_Y_A_sky130_fd_sc_hd__a21o_2_X_A1_sky130_fd_sc_hd__a21o_2_X_A1_sky130_fd_sc_hd__a22o_2_X_B1_sky130_fd_sc_hd__o31a_2_X_A1_sky130_fd_sc_hd__and2_2_X_A_sky130_fd_sc_hd__nand3_2_Y_A_sky130_fd_sc_hd__nand2_2_Y_A_sky130_fd_sc_hd__or4_2_X/X (sky130_fd_sc_hd__or4_1)
                                                         y_out_sky130_fd_sc_hd__dfrtp_2_Q_14_D_sky130_fd_sc_hd__xnor2_2_Y_A_sky130_fd_sc_hd__a21o_2_X_A1_sky130_fd_sc_hd__a21o_2_X_A1_sky130_fd_sc_hd__a22o_2_X_B1_sky130_fd_sc_hd__o31a_2_X_A1_sky130_fd_sc_hd__and2_2_X_A_sky130_fd_sc_hd__nand3_2_Y_A_sky130_fd_sc_hd__nand2_2_Y_A (net)
                      0.080539    0.000761    9.223983 v y_out_sky130_fd_sc_hd__dfrtp_2_Q_14_D_sky130_fd_sc_hd__xnor2_2_Y_A_sky130_fd_sc_hd__a21o_2_X_A1_sky130_fd_sc_hd__a21o_2_X_A1_sky130_fd_sc_hd__a22o_2_X_B1_sky130_fd_sc_hd__o31a_2_X_A1_sky130_fd_sc_hd__and2_2_X_A_sky130_fd_sc_hd__nand3_2_Y_A_sky130_fd_sc_hd__nand2_2_Y_A_sky130_fd_sc_hd__a21o_2_A1/A1 (sky130_fd_sc_hd__a21o_1)
     2    0.004787    0.029926    0.119976    9.343959 v y_out_sky130_fd_sc_hd__dfrtp_2_Q_14_D_sky130_fd_sc_hd__xnor2_2_Y_A_sky130_fd_sc_hd__a21o_2_X_A1_sky130_fd_sc_hd__a21o_2_X_A1_sky130_fd_sc_hd__a22o_2_X_B1_sky130_fd_sc_hd__o31a_2_X_A1_sky130_fd_sc_hd__and2_2_X_A_sky130_fd_sc_hd__nand3_2_Y_A_sky130_fd_sc_hd__nand2_2_Y_A_sky130_fd_sc_hd__a21o_2_A1/X (sky130_fd_sc_hd__a21o_1)
                                                         y_out_sky130_fd_sc_hd__dfrtp_2_Q_14_D_sky130_fd_sc_hd__xnor2_2_Y_A_sky130_fd_sc_hd__a21o_2_X_A1_sky130_fd_sc_hd__a21o_2_X_A1_sky130_fd_sc_hd__a22o_2_X_B1_sky130_fd_sc_hd__o31a_2_X_A1_sky130_fd_sc_hd__and2_2_X_A_sky130_fd_sc_hd__nand3_2_Y_A_sky130_fd_sc_hd__nand2_2_Y_A_sky130_fd_sc_hd__a21o_2_A1_X (net)
                      0.029929    0.000300    9.344259 v y_out_sky130_fd_sc_hd__dfrtp_2_Q_14_D_sky130_fd_sc_hd__xnor2_2_Y_A_sky130_fd_sc_hd__a21o_2_X_A1_sky130_fd_sc_hd__a21o_2_X_A1_sky130_fd_sc_hd__a22o_2_X_B1_sky130_fd_sc_hd__o31a_2_X_A1_sky130_fd_sc_hd__and2_2_X_A_sky130_fd_sc_hd__nand3_2_Y_A_sky130_fd_sc_hd__nand2_2_Y_B_sky130_fd_sc_hd__and3_2_B/C (sky130_fd_sc_hd__and3_1)
     4    0.011708    0.052330    0.139329    9.483588 v y_out_sky130_fd_sc_hd__dfrtp_2_Q_14_D_sky130_fd_sc_hd__xnor2_2_Y_A_sky130_fd_sc_hd__a21o_2_X_A1_sky130_fd_sc_hd__a21o_2_X_A1_sky130_fd_sc_hd__a22o_2_X_B1_sky130_fd_sc_hd__o31a_2_X_A1_sky130_fd_sc_hd__and2_2_X_A_sky130_fd_sc_hd__nand3_2_Y_A_sky130_fd_sc_hd__nand2_2_Y_B_sky130_fd_sc_hd__and3_2_B/X (sky130_fd_sc_hd__and3_1)
                                                         y_out_sky130_fd_sc_hd__dfrtp_2_Q_14_D_sky130_fd_sc_hd__xnor2_2_Y_A_sky130_fd_sc_hd__a21o_2_X_A1_sky130_fd_sc_hd__a21o_2_X_A1_sky130_fd_sc_hd__a22o_2_X_B1_sky130_fd_sc_hd__o31a_2_X_A1_sky130_fd_sc_hd__and2_2_X_A_sky130_fd_sc_hd__nand3_2_Y_A_sky130_fd_sc_hd__nand2_2_Y_B_sky130_fd_sc_hd__and3_2_B_X (net)
                      0.052339    0.000687    9.484276 v y_out_sky130_fd_sc_hd__dfrtp_2_Q_14_D_sky130_fd_sc_hd__xnor2_2_Y_A_sky130_fd_sc_hd__a21o_2_X_A1_sky130_fd_sc_hd__a21o_2_X_A1_sky130_fd_sc_hd__a22o_2_X_A2_sky130_fd_sc_hd__a221o_2_X_B2_sky130_fd_sc_hd__nor2_2_Y_A_sky130_fd_sc_hd__inv_2_Y_A_sky130_fd_sc_hd__a211o_2_X_B1_sky130_fd_sc_hd__o21a_2_X_B1_sky130_fd_sc_hd__nor3_2_B/A (sky130_fd_sc_hd__nor3_1)
     3    0.009280    0.216194    0.211767    9.696043 ^ y_out_sky130_fd_sc_hd__dfrtp_2_Q_14_D_sky130_fd_sc_hd__xnor2_2_Y_A_sky130_fd_sc_hd__a21o_2_X_A1_sky130_fd_sc_hd__a21o_2_X_A1_sky130_fd_sc_hd__a22o_2_X_A2_sky130_fd_sc_hd__a221o_2_X_B2_sky130_fd_sc_hd__nor2_2_Y_A_sky130_fd_sc_hd__inv_2_Y_A_sky130_fd_sc_hd__a211o_2_X_B1_sky130_fd_sc_hd__o21a_2_X_B1_sky130_fd_sc_hd__nor3_2_B/Y (sky130_fd_sc_hd__nor3_1)
                                                         y_out_sky130_fd_sc_hd__dfrtp_2_Q_14_D_sky130_fd_sc_hd__xnor2_2_Y_A_sky130_fd_sc_hd__a21o_2_X_A1_sky130_fd_sc_hd__a21o_2_X_A1_sky130_fd_sc_hd__a22o_2_X_A2_sky130_fd_sc_hd__a221o_2_X_B2_sky130_fd_sc_hd__nor2_2_Y_A_sky130_fd_sc_hd__inv_2_Y_A_sky130_fd_sc_hd__a211o_2_X_B1_sky130_fd_sc_hd__o21a_2_X_B1_sky130_fd_sc_hd__nor3_2_B_Y (net)
                      0.216196    0.000500    9.696544 ^ max_cap50/A (sky130_fd_sc_hd__clkbuf_1)
     2    0.006546    0.064355    0.081970    9.778513 ^ max_cap50/X (sky130_fd_sc_hd__clkbuf_1)
                                                         net50 (net)
                      0.064382    0.000430    9.778943 ^ y_out_sky130_fd_sc_hd__dfrtp_2_Q_14_D_sky130_fd_sc_hd__xnor2_2_Y_A_sky130_fd_sc_hd__a21o_2_X_A1_sky130_fd_sc_hd__a21o_2_X_A1_sky130_fd_sc_hd__a22o_2_X_A2_sky130_fd_sc_hd__a221o_2_X_B2_sky130_fd_sc_hd__nor2_2_Y_B_sky130_fd_sc_hd__and3_2_X_C_sky130_fd_sc_hd__o211ai_2_Y/A1 (sky130_fd_sc_hd__o211ai_1)
     2    0.006096    0.054476    0.070139    9.849083 v y_out_sky130_fd_sc_hd__dfrtp_2_Q_14_D_sky130_fd_sc_hd__xnor2_2_Y_A_sky130_fd_sc_hd__a21o_2_X_A1_sky130_fd_sc_hd__a21o_2_X_A1_sky130_fd_sc_hd__a22o_2_X_A2_sky130_fd_sc_hd__a221o_2_X_B2_sky130_fd_sc_hd__nor2_2_Y_B_sky130_fd_sc_hd__and3_2_X_C_sky130_fd_sc_hd__o211ai_2_Y/Y (sky130_fd_sc_hd__o211ai_1)
                                                         y_out_sky130_fd_sc_hd__dfrtp_2_Q_14_D_sky130_fd_sc_hd__xnor2_2_Y_A_sky130_fd_sc_hd__a21o_2_X_A1_sky130_fd_sc_hd__a21o_2_X_A1_sky130_fd_sc_hd__a22o_2_X_A2_sky130_fd_sc_hd__a221o_2_X_B2_sky130_fd_sc_hd__nor2_2_Y_B_sky130_fd_sc_hd__and3_2_X_C (net)
                      0.054477    0.000317    9.849400 v y_out_sky130_fd_sc_hd__dfrtp_2_Q_14_D_sky130_fd_sc_hd__xnor2_2_Y_A_sky130_fd_sc_hd__a21o_2_X_A1_sky130_fd_sc_hd__a21o_2_X_A1_sky130_fd_sc_hd__a22o_2_X_A2_sky130_fd_sc_hd__a221o_2_X_B2_sky130_fd_sc_hd__nor2_2_Y_B_sky130_fd_sc_hd__and3_2_X/C (sky130_fd_sc_hd__and3_1)
     2    0.006277    0.037485    0.131787    9.981187 v y_out_sky130_fd_sc_hd__dfrtp_2_Q_14_D_sky130_fd_sc_hd__xnor2_2_Y_A_sky130_fd_sc_hd__a21o_2_X_A1_sky130_fd_sc_hd__a21o_2_X_A1_sky130_fd_sc_hd__a22o_2_X_A2_sky130_fd_sc_hd__a221o_2_X_B2_sky130_fd_sc_hd__nor2_2_Y_B_sky130_fd_sc_hd__and3_2_X/X (sky130_fd_sc_hd__and3_1)
                                                         y_out_sky130_fd_sc_hd__dfrtp_2_Q_14_D_sky130_fd_sc_hd__xnor2_2_Y_A_sky130_fd_sc_hd__a21o_2_X_A1_sky130_fd_sc_hd__a21o_2_X_A1_sky130_fd_sc_hd__a22o_2_X_A2_sky130_fd_sc_hd__a221o_2_X_B2_sky130_fd_sc_hd__nor2_2_Y_B (net)
                      0.037486    0.000193    9.981380 v y_out_sky130_fd_sc_hd__dfrtp_2_Q_14_D_sky130_fd_sc_hd__xnor2_2_Y_A_sky130_fd_sc_hd__a21o_2_X_A1_sky130_fd_sc_hd__a21o_2_X_A1_sky130_fd_sc_hd__a22o_2_X_A2_sky130_fd_sc_hd__a221o_2_X_B1_sky130_fd_sc_hd__or3_2_X_C_sky130_fd_sc_hd__or4_2_X/B (sky130_fd_sc_hd__or4_1)
     2    0.007912    0.075574    0.311524   10.292904 v y_out_sky130_fd_sc_hd__dfrtp_2_Q_14_D_sky130_fd_sc_hd__xnor2_2_Y_A_sky130_fd_sc_hd__a21o_2_X_A1_sky130_fd_sc_hd__a21o_2_X_A1_sky130_fd_sc_hd__a22o_2_X_A2_sky130_fd_sc_hd__a221o_2_X_B1_sky130_fd_sc_hd__or3_2_X_C_sky130_fd_sc_hd__or4_2_X/X (sky130_fd_sc_hd__or4_1)
                                                         y_out_sky130_fd_sc_hd__dfrtp_2_Q_14_D_sky130_fd_sc_hd__xnor2_2_Y_A_sky130_fd_sc_hd__a21o_2_X_A1_sky130_fd_sc_hd__a21o_2_X_A1_sky130_fd_sc_hd__a22o_2_X_A2_sky130_fd_sc_hd__a221o_2_X_B1_sky130_fd_sc_hd__or3_2_X_C (net)
                      0.075576    0.000580   10.293484 v y_out_sky130_fd_sc_hd__dfrtp_2_Q_14_D_sky130_fd_sc_hd__xnor2_2_Y_A_sky130_fd_sc_hd__a21o_2_X_A1_sky130_fd_sc_hd__a21o_2_X_A1_sky130_fd_sc_hd__a22o_2_X_A2_sky130_fd_sc_hd__a221o_2_X_B1_sky130_fd_sc_hd__or3_2_X/C (sky130_fd_sc_hd__or3_1)
     1    0.003492    0.045877    0.187487   10.480971 v y_out_sky130_fd_sc_hd__dfrtp_2_Q_14_D_sky130_fd_sc_hd__xnor2_2_Y_A_sky130_fd_sc_hd__a21o_2_X_A1_sky130_fd_sc_hd__a21o_2_X_A1_sky130_fd_sc_hd__a22o_2_X_A2_sky130_fd_sc_hd__a221o_2_X_B1_sky130_fd_sc_hd__or3_2_X/X (sky130_fd_sc_hd__or3_1)
                                                         y_out_sky130_fd_sc_hd__dfrtp_2_Q_14_D_sky130_fd_sc_hd__xnor2_2_Y_A_sky130_fd_sc_hd__a21o_2_X_A1_sky130_fd_sc_hd__a21o_2_X_A1_sky130_fd_sc_hd__a22o_2_X_A2_sky130_fd_sc_hd__a221o_2_X_B1 (net)
                      0.045877    0.000231   10.481202 v y_out_sky130_fd_sc_hd__dfrtp_2_Q_14_D_sky130_fd_sc_hd__xnor2_2_Y_A_sky130_fd_sc_hd__a21o_2_X_A1_sky130_fd_sc_hd__a21o_2_X_A1_sky130_fd_sc_hd__a22o_2_X_A2_sky130_fd_sc_hd__a221o_2_X/B1 (sky130_fd_sc_hd__a221o_1)
     1    0.006136    0.044409    0.157110   10.638312 v y_out_sky130_fd_sc_hd__dfrtp_2_Q_14_D_sky130_fd_sc_hd__xnor2_2_Y_A_sky130_fd_sc_hd__a21o_2_X_A1_sky130_fd_sc_hd__a21o_2_X_A1_sky130_fd_sc_hd__a22o_2_X_A2_sky130_fd_sc_hd__a221o_2_X/X (sky130_fd_sc_hd__a221o_1)
                                                         y_out_sky130_fd_sc_hd__dfrtp_2_Q_14_D_sky130_fd_sc_hd__xnor2_2_Y_A_sky130_fd_sc_hd__a21o_2_X_A1_sky130_fd_sc_hd__a21o_2_X_A1_sky130_fd_sc_hd__a22o_2_X_A2 (net)
                      0.044413    0.000454   10.638765 v y_out_sky130_fd_sc_hd__dfrtp_2_Q_14_D_sky130_fd_sc_hd__xnor2_2_Y_A_sky130_fd_sc_hd__a21o_2_X_A1_sky130_fd_sc_hd__a21o_2_X_A1_sky130_fd_sc_hd__a22o_2_X/A2 (sky130_fd_sc_hd__a22o_1)
     1    0.007013    0.040207    0.135107   10.773872 v y_out_sky130_fd_sc_hd__dfrtp_2_Q_14_D_sky130_fd_sc_hd__xnor2_2_Y_A_sky130_fd_sc_hd__a21o_2_X_A1_sky130_fd_sc_hd__a21o_2_X_A1_sky130_fd_sc_hd__a22o_2_X/X (sky130_fd_sc_hd__a22o_1)
                                                         y_out_sky130_fd_sc_hd__dfrtp_2_Q_14_D_sky130_fd_sc_hd__xnor2_2_Y_A_sky130_fd_sc_hd__a21o_2_X_A1_sky130_fd_sc_hd__a21o_2_X_A1 (net)
                      0.040213    0.000503   10.774376 v y_out_sky130_fd_sc_hd__dfrtp_2_Q_14_D_sky130_fd_sc_hd__xnor2_2_Y_A_sky130_fd_sc_hd__a21o_2_X_A1_sky130_fd_sc_hd__a21o_2_X/A1 (sky130_fd_sc_hd__a21o_1)
     3    0.020198    0.073238    0.144908   10.919284 v y_out_sky130_fd_sc_hd__dfrtp_2_Q_14_D_sky130_fd_sc_hd__xnor2_2_Y_A_sky130_fd_sc_hd__a21o_2_X_A1_sky130_fd_sc_hd__a21o_2_X/X (sky130_fd_sc_hd__a21o_1)
                                                         y_out_sky130_fd_sc_hd__dfrtp_2_Q_14_D_sky130_fd_sc_hd__xnor2_2_Y_A_sky130_fd_sc_hd__a21o_2_X_A1 (net)
                      0.073331    0.002325   10.921609 v y_out_sky130_fd_sc_hd__dfrtp_2_Q_10_D_sky130_fd_sc_hd__xor2_2_X_B_sky130_fd_sc_hd__nand2_2_Y_A_sky130_fd_sc_hd__a2111o_2_X/A1 (sky130_fd_sc_hd__a2111o_2)
     2    0.024795    0.084342    0.313147   11.234756 v y_out_sky130_fd_sc_hd__dfrtp_2_Q_10_D_sky130_fd_sc_hd__xor2_2_X_B_sky130_fd_sc_hd__nand2_2_Y_A_sky130_fd_sc_hd__a2111o_2_X/X (sky130_fd_sc_hd__a2111o_2)
                                                         y_out_sky130_fd_sc_hd__dfrtp_2_Q_10_D_sky130_fd_sc_hd__xor2_2_X_B_sky130_fd_sc_hd__nand2_2_Y_A (net)
                      0.084551    0.003627   11.238383 v y_out_sky130_fd_sc_hd__dfrtp_2_Q_6_D_sky130_fd_sc_hd__xor2_2_X_A_sky130_fd_sc_hd__nand2_2_Y_A_sky130_fd_sc_hd__a211o_2_X/A1 (sky130_fd_sc_hd__a211o_1)
     2    0.014767    0.070398    0.213943   11.452326 v y_out_sky130_fd_sc_hd__dfrtp_2_Q_6_D_sky130_fd_sc_hd__xor2_2_X_A_sky130_fd_sc_hd__nand2_2_Y_A_sky130_fd_sc_hd__a211o_2_X/X (sky130_fd_sc_hd__a211o_1)
                                                         y_out_sky130_fd_sc_hd__dfrtp_2_Q_6_D_sky130_fd_sc_hd__xor2_2_X_A_sky130_fd_sc_hd__nand2_2_Y_A (net)
                      0.070459    0.001871   11.454197 v y_out_sky130_fd_sc_hd__dfrtp_2_Q_2_D_sky130_fd_sc_hd__xor2_2_X_B_sky130_fd_sc_hd__o22a_2_X_A1_sky130_fd_sc_hd__a21oi_2_Y/A1 (sky130_fd_sc_hd__a21oi_1)
     3    0.015695    0.252867    0.221847   11.676044 ^ y_out_sky130_fd_sc_hd__dfrtp_2_Q_2_D_sky130_fd_sc_hd__xor2_2_X_B_sky130_fd_sc_hd__o22a_2_X_A1_sky130_fd_sc_hd__a21oi_2_Y/Y (sky130_fd_sc_hd__a21oi_1)
                                                         y_out_sky130_fd_sc_hd__dfrtp_2_Q_2_D_sky130_fd_sc_hd__xor2_2_X_B_sky130_fd_sc_hd__o22a_2_X_A1 (net)
                      0.252879    0.001448   11.677492 ^ y_out_sky130_fd_sc_hd__dfrtp_2_Q_2_D_sky130_fd_sc_hd__xor2_2_X_A_sky130_fd_sc_hd__o221a_2_C1/A1 (sky130_fd_sc_hd__o221a_1)
     2    0.010842    0.090916    0.161723   11.839215 ^ y_out_sky130_fd_sc_hd__dfrtp_2_Q_2_D_sky130_fd_sc_hd__xor2_2_X_A_sky130_fd_sc_hd__o221a_2_C1/X (sky130_fd_sc_hd__o221a_1)
                                                         y_out_sky130_fd_sc_hd__dfrtp_2_Q_D_sky130_fd_sc_hd__xnor2_2_Y_A_sky130_fd_sc_hd__o31a_2_X_A2 (net)
                      0.090921    0.000798   11.840013 ^ y_out_sky130_fd_sc_hd__dfrtp_2_Q_D_sky130_fd_sc_hd__xnor2_2_Y_A_sky130_fd_sc_hd__o31a_2_X/A2 (sky130_fd_sc_hd__o31a_1)
     1    0.006165    0.057762    0.104349   11.944363 ^ y_out_sky130_fd_sc_hd__dfrtp_2_Q_D_sky130_fd_sc_hd__xnor2_2_Y_A_sky130_fd_sc_hd__o31a_2_X/X (sky130_fd_sc_hd__o31a_1)
                                                         y_out_sky130_fd_sc_hd__dfrtp_2_Q_D_sky130_fd_sc_hd__xnor2_2_Y_A (net)
                      0.057765    0.000509   11.944871 ^ y_out_sky130_fd_sc_hd__dfrtp_2_Q_D_sky130_fd_sc_hd__xnor2_2_Y/A (sky130_fd_sc_hd__xnor2_1)
     1    0.004526    0.040526    0.048979   11.993851 v y_out_sky130_fd_sc_hd__dfrtp_2_Q_D_sky130_fd_sc_hd__xnor2_2_Y/Y (sky130_fd_sc_hd__xnor2_1)
                                                         y_out_sky130_fd_sc_hd__dfrtp_2_Q_D (net)
                      0.040545    0.000331   11.994182 v y_out_sky130_fd_sc_hd__dfrtp_2_Q/D (sky130_fd_sc_hd__dfrtp_1)
                                             11.994182   data arrival time

                                 35.000000   35.000000   clock clk (rise edge)
                                  0.000000   35.000000   clock source latency
     1    0.049196    0.169163    0.121496   35.121494 ^ clk (in)
                                                         clk (net)
                      0.170231    0.000000   35.121494 ^ clkbuf_0_clk/A (sky130_fd_sc_hd__clkbuf_16)
     2    0.037790    0.045748    0.126565   35.248062 ^ clkbuf_0_clk/X (sky130_fd_sc_hd__clkbuf_16)
                                                         clknet_0_clk (net)
                      0.045912    0.002515   35.250576 ^ clkbuf_1_0__f_clk/A (sky130_fd_sc_hd__clkbuf_16)
     9    0.040605    0.045435    0.100528   35.351105 ^ clkbuf_1_0__f_clk/X (sky130_fd_sc_hd__clkbuf_16)
                                                         clknet_1_0__leaf_clk (net)
                      0.045876    0.003439   35.354542 ^ y_out_sky130_fd_sc_hd__dfrtp_2_Q/CLK (sky130_fd_sc_hd__dfrtp_1)
                                 -0.250000   35.104542   clock uncertainty
                                  0.000000   35.104542   clock reconvergence pessimism
                                 -0.074159   35.030384   library setup time
                                             35.030384   data required time
---------------------------------------------------------------------------------------------
                                             35.030384   data required time
                                            -11.994182   data arrival time
---------------------------------------------------------------------------------------------
                                             23.036201   slack (MET)




===========================================================================
report_checks --slack_max -0.01
============================================================================
======================= max_ff_n40C_1v95 Corner ===================================

No paths found.


===========================================================================
 report_check_types -max_slew -max_cap -max_fanout -violators
============================================================================
======================= max_ff_n40C_1v95 Corner ===================================

max fanout

Pin                                   Limit Fanout  Slack
---------------------------------------------------------
fanout230/X                              10     12     -2 (VIOLATED)
fanout110/X                              10     11        (VIOLATED)
fanout116/X                              10     11        (VIOLATED)
fanout260/X                              10     11        (VIOLATED)



===========================================================================
report_parasitic_annotation -report_unannotated
============================================================================
Found 1 unannotated drivers.
 clkload0/X
Found 0 partially unannotated drivers.

===========================================================================
max slew violation count 0
max fanout violation count 4
max cap violation count 0
============================================================================

===========================================================================
check_setup -verbose -unconstrained_endpoints -multiple_clock -no_clock -no_input_delay -loops -generated_clocks
===========================================================================
