Clock: clk
Sources: clk 
Generated: no
Virtual: yes
Propagated: no
Period: 35.000000

===========================================================================
report_clock_properties
============================================================================
Clock                   Period          Waveform
----------------------------------------------------
clk                  35.000000    0.000000 17.500000

===========================================================================
report_clock_latency
============================================================================
Clock clk
rise -> rise
    min     max
0.000000 0.000000 source latency
0.353570         network latency y_out_sky130_fd_sc_hd__dfrtp_2_Q_12/CLK
        0.354712 network latency y_out_sky130_fd_sc_hd__dfrtp_2_Q_9/CLK
---------------
0.353570 0.354712 latency
        0.001142 skew

fall -> fall
    min     max
0.000000 0.000000 source latency
0.296410         network latency y_out_sky130_fd_sc_hd__dfrtp_2_Q_12/CLK
        0.297703 network latency y_out_sky130_fd_sc_hd__dfrtp_2_Q/CLK
---------------
0.296410 0.297703 latency
        0.001293 skew



===========================================================================
report_clock_min_period
============================================================================
clk period_min = 5.21 fmax = 191.97
