Clock: clk
Sources: clk 
Generated: no
Virtual: yes
Propagated: no
Period: 35.000000

===========================================================================
report_clock_properties
============================================================================
Clock                   Period          Waveform
----------------------------------------------------
clk                  35.000000    0.000000 17.500000

===========================================================================
report_clock_latency
============================================================================
Clock clk
rise -> rise
    min     max
0.000000 0.000000 source latency
0.215487         network latency y_out_sky130_fd_sc_hd__dfrtp_2_Q/CLK
        0.218448 network latency y_out_sky130_fd_sc_hd__dfrtp_2_Q_15/CLK
---------------
0.215487 0.218448 latency
        0.002961 skew

fall -> fall
    min     max
0.000000 0.000000 source latency
0.105748         network latency y_out_sky130_fd_sc_hd__dfrtp_2_Q/CLK
        0.108567 network latency y_out_sky130_fd_sc_hd__dfrtp_2_Q_15/CLK
---------------
0.105748 0.108567 latency
        0.002819 skew



===========================================================================
report_clock_min_period
============================================================================
clk period_min = 8.10 fmax = 123.41
