Clock: clk
Sources: clk 
Generated: no
Virtual: yes
Propagated: no
Period: 13.000000

===========================================================================
report_clock_properties
============================================================================
Clock                   Period          Waveform
----------------------------------------------------
clk                  13.000000    0.000000  6.500000

===========================================================================
report_clock_latency
============================================================================
Clock clk
rise -> rise
    min     max
0.000000 0.000000 source latency
0.285843         network latency y_out_sky130_fd_sc_hd__dfrtp_2_Q_7/CLK
        0.291756 network latency y_out_sky130_fd_sc_hd__dfrtp_2_Q_15/CLK
---------------
0.285843 0.291756 latency
        0.005912 skew

fall -> fall
    min     max
0.000000 0.000000 source latency
0.250574         network latency y_out_sky130_fd_sc_hd__dfrtp_2_Q_7/CLK
        0.255707 network latency y_out_sky130_fd_sc_hd__dfrtp_2_Q_15/CLK
---------------
0.250574 0.255707 latency
        0.005133 skew



===========================================================================
report_clock_min_period
============================================================================
clk period_min = 4.46 fmax = 224.10
