Clock: clk
Sources: clk 
Generated: no
Virtual: no
Propagated: no
Period: 20.000000

===========================================================================
report_clock_properties
============================================================================
Clock                   Period          Waveform
----------------------------------------------------
clk                  20.000000    0.000000 10.000000

===========================================================================
report_clock_latency
============================================================================
Clock clk
rise -> rise
    min     max
0.000000 0.000000 source latency
0.143323         network latency y_out_sky130_fd_sc_hd__dfrtp_2_Q/CLK
        0.143323 network latency y_out_sky130_fd_sc_hd__dfrtp_2_Q/CLK
---------------
0.143323 0.143323 latency
        0.000000 skew

fall -> fall
    min     max
0.000000 0.000000 source latency
0.079607         network latency y_out_sky130_fd_sc_hd__dfrtp_2_Q/CLK
        0.079607 network latency y_out_sky130_fd_sc_hd__dfrtp_2_Q/CLK
---------------
0.079607 0.079607 latency
        0.000000 skew



===========================================================================
report_clock_min_period
============================================================================
clk period_min = 13.49 fmax = 74.13
