Clock: clk
Sources: clk 
Generated: no
Virtual: yes
Propagated: no
Period: 20.000000

===========================================================================
report_clock_properties
============================================================================
Clock                   Period          Waveform
----------------------------------------------------
clk                  20.000000    0.000000 10.000000

===========================================================================
report_clock_latency
============================================================================
Clock clk
rise -> rise
    min     max
0.000000 0.000000 source latency
0.728836         network latency y_out_sky130_fd_sc_hd__dfrtp_2_Q_5/CLK
        0.735126 network latency y_out_sky130_fd_sc_hd__dfrtp_2_Q_15/CLK
---------------
0.728836 0.735126 latency
        0.006290 skew

fall -> fall
    min     max
0.000000 0.000000 source latency
0.577566         network latency y_out_sky130_fd_sc_hd__dfrtp_2_Q_5/CLK
        0.582494 network latency y_out_sky130_fd_sc_hd__dfrtp_2_Q_10/CLK
---------------
0.577566 0.582494 latency
        0.004928 skew



===========================================================================
report_clock_min_period
============================================================================
clk period_min = 8.55 fmax = 116.92
