Clock: clk
Sources: clk 
Generated: no
Virtual: yes
Propagated: no
Period: 20.000000

===========================================================================
report_clock_properties
============================================================================
Clock                   Period          Waveform
----------------------------------------------------
clk                  20.000000    0.000000 10.000000

===========================================================================
report_clock_latency
============================================================================
Clock clk
rise -> rise
    min     max
0.000000 0.000000 source latency
0.474640         network latency y_out_sky130_fd_sc_hd__dfrtp_2_Q_5/CLK
        0.475974 network latency y_out_sky130_fd_sc_hd__dfrtp_2_Q_15/CLK
---------------
0.474640 0.475974 latency
        0.001333 skew

fall -> fall
    min     max
0.000000 0.000000 source latency
0.405775         network latency y_out_sky130_fd_sc_hd__dfrtp_2_Q_5/CLK
        0.406994 network latency y_out_sky130_fd_sc_hd__dfrtp_2_Q_15/CLK
---------------
0.405775 0.406994 latency
        0.001219 skew



===========================================================================
report_clock_min_period
============================================================================
clk period_min = 7.25 fmax = 138.01
