Reading timing models for corner nom_tt_025C_1v80…
Reading timing library for the 'nom_tt_025C_1v80' corner at '/foss/pdks/volare/sky130/versions/0fe599b2afb6708d281543108caf8310912f54af/sky130A/libs.ref/sky130_fd_sc_hd/lib/sky130_fd_sc_hd__tt_025C_1v80.lib'…
Reading timing models for corner nom_ff_n40C_1v95…
Reading timing library for the 'nom_ff_n40C_1v95' corner at '/foss/pdks/volare/sky130/versions/0fe599b2afb6708d281543108caf8310912f54af/sky130A/libs.ref/sky130_fd_sc_hd/lib/sky130_fd_sc_hd__ff_n40C_1v95.lib'…
Reading timing models for corner nom_ss_100C_1v60…
Reading timing library for the 'nom_ss_100C_1v60' corner at '/foss/pdks/volare/sky130/versions/0fe599b2afb6708d281543108caf8310912f54af/sky130A/libs.ref/sky130_fd_sc_hd/lib/sky130_fd_sc_hd__ss_100C_1v60.lib'…
Reading OpenROAD database at '/home/asic/workspace/asic_project/runs/RUN_2025-05-14_18-03-09/34-openroad-cts/dynamic_noise_reduction.odb'…
Reading design constraints file at '/usr/local/lib/python3.12/dist-packages/openlane/scripts/base.sdc'…
[INFO] Using clock clk…
[INFO] Setting output delay to: 2
[INFO] Setting input delay to: 2
[INFO] Setting load to: 0.033442
[INFO] Setting clock uncertainty to: 0.25
[INFO] Setting clock transition to: 0.1499999999999999944488848768742172978818416595458984375
[INFO] Setting timing derate to: 5%
[INFO] Setting RC values…
[INFO RSZ-0094] Found 16 endpoints with setup violations.
[INFO RSZ-0099] Repairing 16 out of 16 (100.00%) violating endpoints...
   Iter   | Removed | Resized | Inserted | Cloned |  Pin  |    WNS   |   TNS      |  Viol  | Worst
          | Buffers |  Gates  | Buffers  |  Gates | Swaps |          |            | Endpts | Endpt
---------------------------------------------------------------------------------------------------
        0 |       0 |       0 |        0 |      0 |     0 |   -2.122 |      -21.1 |     16 | y_out_sky130_fd_sc_hd__dfrtp_2_Q/D
       10 |       0 |       9 |        0 |      0 |     0 |   -1.761 |      -16.0 |     16 | y_out_sky130_fd_sc_hd__dfrtp_2_Q_7/D
       20 |       0 |      16 |        4 |      0 |     2 |   -1.622 |      -14.9 |     16 | y_out_sky130_fd_sc_hd__dfrtp_2_Q/D
       30 |       0 |      25 |        4 |      0 |     3 |   -1.426 |      -12.2 |     16 | y_out_sky130_fd_sc_hd__dfrtp_2_Q_7/D
       40 |       0 |      34 |        4 |      0 |     4 |   -1.368 |      -11.1 |     16 | y_out_sky130_fd_sc_hd__dfrtp_2_Q_7/D
       50 |       0 |      42 |        4 |      0 |     6 |   -1.263 |      -10.0 |     16 | y_out_sky130_fd_sc_hd__dfrtp_2_Q/D
       60 |       0 |      49 |        6 |      0 |     8 |   -1.167 |       -8.9 |     16 | y_out_sky130_fd_sc_hd__dfrtp_2_Q/D
       70 |       0 |      59 |        6 |      0 |     8 |   -1.115 |       -8.0 |     16 | y_out_sky130_fd_sc_hd__dfrtp_2_Q_7/D
       80 |       0 |      65 |        6 |      0 |    12 |   -1.049 |       -7.4 |     16 | y_out_sky130_fd_sc_hd__dfrtp_2_Q_7/D
       90 |       0 |      67 |        9 |      0 |    19 |   -1.012 |       -7.3 |     16 | y_out_sky130_fd_sc_hd__dfrtp_2_Q_7/D
      100 |       0 |      73 |        9 |      0 |    23 |   -0.961 |       -7.0 |     16 | y_out_sky130_fd_sc_hd__dfrtp_2_Q/D
      110 |       0 |      81 |        9 |      0 |    25 |   -0.924 |       -6.4 |     16 | y_out_sky130_fd_sc_hd__dfrtp_2_Q_7/D
      120 |       0 |      89 |        9 |      0 |    27 |   -0.884 |       -5.8 |     16 | y_out_sky130_fd_sc_hd__dfrtp_2_Q_7/D
      130 |       0 |      94 |       11 |      0 |    31 |   -0.849 |       -5.6 |     16 | y_out_sky130_fd_sc_hd__dfrtp_2_Q_7/D
      140 |       0 |     100 |       11 |      0 |    35 |   -0.786 |       -5.1 |     16 | y_out_sky130_fd_sc_hd__dfrtp_2_Q_7/D
      150 |       0 |     109 |       11 |      0 |    36 |   -0.736 |       -4.7 |     16 | y_out_sky130_fd_sc_hd__dfrtp_2_Q_7/D
      160 |       0 |     116 |       11 |      0 |    39 |   -0.753 |       -4.3 |     16 | y_out_sky130_fd_sc_hd__dfrtp_2_Q_7/D
      170 |       0 |     123 |       13 |      0 |    41 |   -0.689 |       -4.2 |     16 | y_out_sky130_fd_sc_hd__dfrtp_2_Q_7/D
      180 |       0 |     131 |       16 |      0 |    42 |   -0.676 |       -3.6 |     16 | y_out_sky130_fd_sc_hd__dfrtp_2_Q_7/D
      190 |       0 |     139 |       16 |      0 |    44 |   -0.634 |       -3.3 |     16 | y_out_sky130_fd_sc_hd__dfrtp_2_Q_7/D
      200 |       0 |     144 |       20 |      0 |    47 |   -0.606 |       -3.2 |     16 | y_out_sky130_fd_sc_hd__dfrtp_2_Q_7/D
      210 |       0 |     151 |       22 |      0 |    49 |   -0.566 |       -3.1 |     16 | y_out_sky130_fd_sc_hd__dfrtp_2_Q_7/D
      220 |       0 |     156 |       24 |      0 |    53 |   -0.593 |       -3.1 |     16 | y_out_sky130_fd_sc_hd__dfrtp_2_Q_7/D
      230 |       0 |     162 |       28 |      0 |    56 |   -0.550 |       -3.0 |     16 | y_out_sky130_fd_sc_hd__dfrtp_2_Q/D
      240 |       0 |     166 |       28 |      0 |    62 |   -0.562 |       -2.7 |     16 | y_out_sky130_fd_sc_hd__dfrtp_2_Q_7/D
      250 |       0 |     171 |       30 |      0 |    66 |   -0.518 |       -2.3 |     16 | y_out_sky130_fd_sc_hd__dfrtp_2_Q_7/D
      260 |       1 |     176 |       33 |      0 |    69 |   -0.382 |       -1.6 |     16 | y_out_sky130_fd_sc_hd__dfrtp_2_Q/D
      270 |       1 |     182 |       35 |      0 |    72 |   -0.293 |       -1.4 |     16 | y_out_sky130_fd_sc_hd__dfrtp_2_Q_7/D
      280 |       1 |     188 |       35 |      0 |    76 |   -0.326 |       -1.4 |     16 | y_out_sky130_fd_sc_hd__dfrtp_2_Q_7/D
      290 |       1 |     195 |       35 |      0 |    79 |   -0.299 |       -1.4 |     16 | y_out_sky130_fd_sc_hd__dfrtp_2_Q_7/D
      300 |       1 |     199 |       39 |      0 |    83 |   -0.349 |       -1.6 |     16 | y_out_sky130_fd_sc_hd__dfrtp_2_Q_7/D
      310 |       1 |     208 |       39 |      0 |    84 |   -0.292 |       -1.5 |     16 | y_out_sky130_fd_sc_hd__dfrtp_2_Q_7/D
      320 |       1 |     214 |       39 |      0 |    88 |   -0.268 |       -1.2 |     16 | y_out_sky130_fd_sc_hd__dfrtp_2_Q_7/D
      330 |       1 |     222 |       39 |      1 |    89 |   -0.254 |       -1.2 |     16 | y_out_sky130_fd_sc_hd__dfrtp_2_Q_7/D
      340 |       1 |     226 |       41 |      3 |    92 |   -0.229 |       -1.1 |     16 | y_out_sky130_fd_sc_hd__dfrtp_2_Q_7/D
      350 |       1 |     232 |       43 |      4 |    94 |   -0.226 |       -1.1 |     16 | y_out_sky130_fd_sc_hd__dfrtp_2_Q_7/D
      357 |       1 |     236 |       43 |      5 |    95 |   -0.222 |       -1.1 |     16 | y_out_sky130_fd_sc_hd__dfrtp_2_Q_7/D
      360 |       1 |     238 |       43 |      5 |    95 |   -0.222 |       -1.0 |     16 | y_out_sky130_fd_sc_hd__dfrtp_2_Q_7/D
      370 |       1 |     246 |       43 |      5 |    97 |   -0.222 |       -0.9 |     16 | y_out_sky130_fd_sc_hd__dfrtp_2_Q_7/D
      380 |       1 |     251 |       50 |      5 |   100 |   -0.222 |       -0.7 |     16 | y_out_sky130_fd_sc_hd__dfrtp_2_Q_7/D
      390 |       1 |     257 |       55 |      6 |   101 |   -0.222 |       -0.8 |     16 | y_out_sky130_fd_sc_hd__dfrtp_2_Q_7/D
      400 |       1 |     262 |       57 |      6 |   105 |   -0.283 |       -0.8 |     16 | y_out_sky130_fd_sc_hd__dfrtp_2_Q_7/D
      410 |       1 |     268 |       59 |      7 |   107 |   -0.283 |       -0.8 |     16 | y_out_sky130_fd_sc_hd__dfrtp_2_Q_7/D
      420 |       1 |     275 |       59 |      8 |   109 |   -0.283 |       -0.7 |     16 | y_out_sky130_fd_sc_hd__dfrtp_2_Q_7/D
      430 |       1 |     281 |       59 |      8 |   113 |   -0.283 |       -0.7 |     16 | y_out_sky130_fd_sc_hd__dfrtp_2_Q_7/D
      440 |       1 |     288 |       59 |      8 |   116 |   -0.268 |       -0.5 |     16 | y_out_sky130_fd_sc_hd__dfrtp_2_Q_7/D
      442 |       1 |     263 |       58 |      6 |   102 |   -0.222 |       -0.7 |     15 | y_out_sky130_fd_sc_hd__dfrtp_2_Q_7/D
      444 |       1 |     263 |       58 |      6 |   102 |   -0.222 |       -0.7 |     15 | y_out_sky130_fd_sc_hd__dfrtp_2_Q_7/D
      450 |       1 |     268 |       58 |      6 |   102 |   -0.258 |       -0.7 |     15 | y_out_sky130_fd_sc_hd__dfrtp_2_Q_7/D
      460 |       1 |     275 |       60 |      7 |   103 |   -0.279 |       -1.0 |     15 | y_out_sky130_fd_sc_hd__dfrtp_2_Q_7/D
      466 |       1 |     267 |       59 |      6 |   102 |   -0.234 |       -0.6 |     15 | y_out_sky130_fd_sc_hd__dfrtp_2_Q_7/D
      469 |       1 |     267 |       59 |      6 |   102 |   -0.234 |       -0.6 |     14 | y_out_sky130_fd_sc_hd__dfrtp_2_Q_7/D
      470 |       1 |     267 |       59 |      6 |   102 |   -0.234 |       -0.6 |     14 | y_out_sky130_fd_sc_hd__dfrtp_2_Q_7/D
      473 |       1 |     269 |       59 |      6 |   102 |   -0.222 |       -0.5 |     14 | y_out_sky130_fd_sc_hd__dfrtp_2_Q_7/D
      474 |       1 |     269 |       59 |      6 |   102 |   -0.222 |       -0.5 |     13 | y_out_sky130_fd_sc_hd__dfrtp_2_Q_7/D
      475 |       1 |     269 |       59 |      6 |   102 |   -0.222 |       -0.5 |     12 | y_out_sky130_fd_sc_hd__dfrtp_2_Q_7/D
      476 |       1 |     269 |       59 |      6 |   102 |   -0.222 |       -0.5 |     11 | y_out_sky130_fd_sc_hd__dfrtp_2_Q_7/D
      477 |       1 |     269 |       59 |      6 |   102 |   -0.222 |       -0.5 |     10 | y_out_sky130_fd_sc_hd__dfrtp_2_Q_7/D
      478 |       1 |     269 |       59 |      6 |   102 |   -0.222 |       -0.5 |      9 | y_out_sky130_fd_sc_hd__dfrtp_2_Q_7/D
      479 |       1 |     269 |       59 |      6 |   102 |   -0.222 |       -0.5 |      8 | y_out_sky130_fd_sc_hd__dfrtp_2_Q_7/D
      480 |       1 |     269 |       59 |      6 |   102 |   -0.222 |       -0.5 |      8 | y_out_sky130_fd_sc_hd__dfrtp_2_Q_7/D
      480 |       1 |     269 |       59 |      6 |   102 |   -0.222 |       -0.5 |      7 | y_out_sky130_fd_sc_hd__dfrtp_2_Q_7/D
      481 |       1 |     269 |       59 |      6 |   102 |   -0.222 |       -0.5 |      6 | y_out_sky130_fd_sc_hd__dfrtp_2_Q_7/D
      482 |       1 |     269 |       59 |      6 |   102 |   -0.222 |       -0.5 |      5 | y_out_sky130_fd_sc_hd__dfrtp_2_Q_7/D
      483 |       1 |     269 |       59 |      6 |   102 |   -0.222 |       -0.5 |      4 | y_out_sky130_fd_sc_hd__dfrtp_2_Q_7/D
     484* |       1 |     269 |       59 |      6 |   102 |   -0.222 |       -0.5 |      6 | y_out_sky130_fd_sc_hd__dfrtp_2_Q_7/D
     485* |       1 |     269 |       59 |      6 |   102 |   -0.222 |       -0.5 |      6 | y_out_sky130_fd_sc_hd__dfrtp_2_Q_7/D
     486* |       1 |     269 |       59 |      6 |   102 |   -0.222 |       -0.5 |      6 | y_out_sky130_fd_sc_hd__dfrtp_2_Q_7/D
     487* |       1 |     269 |       59 |      6 |   102 |   -0.222 |       -0.5 |      6 | y_out_sky130_fd_sc_hd__dfrtp_2_Q_7/D
     488* |       1 |     269 |       59 |      6 |   102 |   -0.222 |       -0.5 |      6 | y_out_sky130_fd_sc_hd__dfrtp_2_Q_7/D
     489* |       1 |     269 |       59 |      6 |   102 |   -0.222 |       -0.5 |      6 | y_out_sky130_fd_sc_hd__dfrtp_2_Q_7/D
    final |       1 |     269 |       59 |      6 |   102 |   -0.222 |       -0.5 |      6 | y_out_sky130_fd_sc_hd__dfrtp_2_Q_7/D
---------------------------------------------------------------------------------------------------
[INFO RSZ-0059] Removed 1 buffers.
[INFO RSZ-0040] Inserted 34 buffers.
[INFO RSZ-0041] Resized 269 instances.
[INFO RSZ-0043] Swapped pins on 102 instances.
[INFO RSZ-0049] Cloned 6 instances.
[WARNING RSZ-0062] Unable to repair all setup violations.
[INFO RSZ-0033] No hold violations found.
Placement Analysis
---------------------------------
total displacement        858.3 u
average displacement        0.2 u
max displacement           11.2 u
original HPWL           70341.6 u
legalized HPWL          73237.3 u
delta HPWL                    4 %

[INFO DPL-0020] Mirrored 1445 instances
[INFO DPL-0021] HPWL before           73237.3 u
[INFO DPL-0022] HPWL after            71009.7 u
[INFO DPL-0023] HPWL delta               -3.0 %
[INFO] Setting RC values…
Setting global connections for newly added cells…
[INFO] Setting global connections...
Updating metrics…
Cell type report:                       Count       Area
  Fill cell                               180     675.65
  Tap cell                                828    1035.99
  Clock buffer                              4      88.84
  Timing Repair Buffer                    314    2003.17
  Inverter                                 68     267.76
  Sequential cell                          16     415.40
  Multi-Input combinational cell         2910   22416.50
  Total                                  4320   26903.30
Writing OpenROAD database to '/home/asic/workspace/asic_project/runs/RUN_2025-05-14_18-03-09/36-openroad-resizertimingpostcts/dynamic_noise_reduction.odb'…
Writing netlist to '/home/asic/workspace/asic_project/runs/RUN_2025-05-14_18-03-09/36-openroad-resizertimingpostcts/dynamic_noise_reduction.nl.v'…
Writing powered netlist to '/home/asic/workspace/asic_project/runs/RUN_2025-05-14_18-03-09/36-openroad-resizertimingpostcts/dynamic_noise_reduction.pnl.v'…
Writing layout to '/home/asic/workspace/asic_project/runs/RUN_2025-05-14_18-03-09/36-openroad-resizertimingpostcts/dynamic_noise_reduction.def'…
Writing timing constraints to '/home/asic/workspace/asic_project/runs/RUN_2025-05-14_18-03-09/36-openroad-resizertimingpostcts/dynamic_noise_reduction.sdc'…
