                                                                     Buffers by Cell Master                                                                     
┏━━━━━━━━━━━━━━━━━━━━━━━━━━━━━━━━━━━━━━━━━━━━━━━━━━━━━━━━━━━━━━━━━━━━━━━━━━━━━━━━━━━━━━━━━━━━━━━━━━━━━━━━━━━━━━━━━━━━━━━━━━━━━━━━━━━┳━━━━━━━━━━━━━━━━━━━━━━━━━━┓
┃ Buffer                                                                                                                            ┃ Count                    ┃
┡━━━━━━━━━━━━━━━━━━━━━━━━━━━━━━━━━━━━━━━━━━━━━━━━━━━━━━━━━━━━━━━━━━━━━━━━━━━━━━━━━━━━━━━━━━━━━━━━━━━━━━━━━━━━━━━━━━━━━━━━━━━━━━━━━━━╇━━━━━━━━━━━━━━━━━━━━━━━━━━┩
│ sky130_fd_sc_hd__buf_1                                                                                                            │ 26                       │
│ sky130_fd_sc_hd__buf_12                                                                                                           │ 4                        │
│ sky130_fd_sc_hd__buf_2                                                                                                            │ 109                      │
│ sky130_fd_sc_hd__buf_4                                                                                                            │ 20                       │
│ sky130_fd_sc_hd__buf_6                                                                                                            │ 20                       │
│ sky130_fd_sc_hd__buf_8                                                                                                            │ 6                        │
│ sky130_fd_sc_hd__clkbuf_1                                                                                                         │ 25                       │
│ sky130_fd_sc_hd__clkbuf_16                                                                                                        │ 3                        │
│ sky130_fd_sc_hd__clkbuf_2                                                                                                         │ 37                       │
│ sky130_fd_sc_hd__clkbuf_4                                                                                                         │ 42                       │
│ sky130_fd_sc_hd__clkbuf_8                                                                                                         │ 1                        │
│ sky130_fd_sc_hd__clkdlybuf4s18_2                                                                                                  │ 1                        │
│ sky130_fd_sc_hd__dlygate4sd1_1                                                                                                    │ 8                        │
│ sky130_fd_sc_hd__dlymetal6s2s_1                                                                                                   │ 16                       │
│ sky130_fd_sc_hd__dlymetal6s4s_1                                                                                                   │ 2                        │
└───────────────────────────────────────────────────────────────────────────────────────────────────────────────────────────────────┴──────────────────────────┘
