                                                                        Cells by Master                                                                         
┏━━━━━━━━━━━━━━━━━━━━━━━━━━━━━━━━━━━━━━━━━━━━━━━━━━━━━━━━━━━━━━━━━━━━━━━━━━━━━━━━━━━━━━━━━━━━━━━━━━━━━━━━━━━━━━━━━━━━━━━━━━━━━━━━━━━┳━━━━━━━━━━━━━━━━━━━━━━━━━━┓
┃ Cell                                                                                                                              ┃ Count                    ┃
┡━━━━━━━━━━━━━━━━━━━━━━━━━━━━━━━━━━━━━━━━━━━━━━━━━━━━━━━━━━━━━━━━━━━━━━━━━━━━━━━━━━━━━━━━━━━━━━━━━━━━━━━━━━━━━━━━━━━━━━━━━━━━━━━━━━━╇━━━━━━━━━━━━━━━━━━━━━━━━━━┩
│ sky130_ef_sc_hd__decap_12                                                                                                         │ 2446                     │
│ sky130_fd_sc_hd__a2111o_1                                                                                                         │ 1                        │
│ sky130_fd_sc_hd__a2111oi_2                                                                                                        │ 1                        │
│ sky130_fd_sc_hd__a211o_1                                                                                                          │ 40                       │
│ sky130_fd_sc_hd__a211o_4                                                                                                          │ 19                       │
│ sky130_fd_sc_hd__a211oi_1                                                                                                         │ 5                        │
│ sky130_fd_sc_hd__a211oi_2                                                                                                         │ 12                       │
│ sky130_fd_sc_hd__a211oi_4                                                                                                         │ 9                        │
│ sky130_fd_sc_hd__a21bo_1                                                                                                          │ 72                       │
│ sky130_fd_sc_hd__a21bo_2                                                                                                          │ 1                        │
│ sky130_fd_sc_hd__a21bo_4                                                                                                          │ 1                        │
│ sky130_fd_sc_hd__a21boi_1                                                                                                         │ 7                        │
│ sky130_fd_sc_hd__a21boi_2                                                                                                         │ 2                        │
│ sky130_fd_sc_hd__a21boi_4                                                                                                         │ 1                        │
│ sky130_fd_sc_hd__a21o_1                                                                                                           │ 223                      │
│ sky130_fd_sc_hd__a21o_2                                                                                                           │ 2                        │
│ sky130_fd_sc_hd__a21o_4                                                                                                           │ 1                        │
│ sky130_fd_sc_hd__a21oi_1                                                                                                          │ 144                      │
│ sky130_fd_sc_hd__a21oi_2                                                                                                          │ 28                       │
│ sky130_fd_sc_hd__a21oi_4                                                                                                          │ 4                        │
│ sky130_fd_sc_hd__a221oi_2                                                                                                         │ 1                        │
│ sky130_fd_sc_hd__a22o_1                                                                                                           │ 49                       │
│ sky130_fd_sc_hd__a22o_4                                                                                                           │ 1                        │
│ sky130_fd_sc_hd__a22oi_1                                                                                                          │ 28                       │
│ sky130_fd_sc_hd__a22oi_2                                                                                                          │ 19                       │
│ sky130_fd_sc_hd__a2bb2o_1                                                                                                         │ 6                        │
│ sky130_fd_sc_hd__a311o_1                                                                                                          │ 1                        │
│ sky130_fd_sc_hd__a311oi_4                                                                                                         │ 1                        │
│ sky130_fd_sc_hd__a31o_1                                                                                                           │ 33                       │
│ sky130_fd_sc_hd__a31oi_1                                                                                                          │ 1                        │
│ sky130_fd_sc_hd__a31oi_2                                                                                                          │ 2                        │
│ sky130_fd_sc_hd__a31oi_4                                                                                                          │ 1                        │
│ sky130_fd_sc_hd__a32oi_2                                                                                                          │ 1                        │
│ sky130_fd_sc_hd__a32oi_4                                                                                                          │ 3                        │
│ sky130_fd_sc_hd__and2_1                                                                                                           │ 79                       │
│ sky130_fd_sc_hd__and2_4                                                                                                           │ 2                        │
│ sky130_fd_sc_hd__and2b_1                                                                                                          │ 107                      │
│ sky130_fd_sc_hd__and3_1                                                                                                           │ 111                      │
│ sky130_fd_sc_hd__and3_4                                                                                                           │ 8                        │
│ sky130_fd_sc_hd__and3b_1                                                                                                          │ 17                       │
│ sky130_fd_sc_hd__and3b_2                                                                                                          │ 1                        │
│ sky130_fd_sc_hd__and4_1                                                                                                           │ 73                       │
│ sky130_fd_sc_hd__and4_2                                                                                                           │ 3                        │
│ sky130_fd_sc_hd__and4b_1                                                                                                          │ 2                        │
│ sky130_fd_sc_hd__and4bb_1                                                                                                         │ 39                       │
│ sky130_fd_sc_hd__buf_1                                                                                                            │ 26                       │
│ sky130_fd_sc_hd__buf_12                                                                                                           │ 4                        │
│ sky130_fd_sc_hd__buf_2                                                                                                            │ 109                      │
│ sky130_fd_sc_hd__buf_4                                                                                                            │ 20                       │
│ sky130_fd_sc_hd__buf_6                                                                                                            │ 20                       │
│ sky130_fd_sc_hd__buf_8                                                                                                            │ 6                        │
│ sky130_fd_sc_hd__clkbuf_1                                                                                                         │ 25                       │
│ sky130_fd_sc_hd__clkbuf_16                                                                                                        │ 3                        │
│ sky130_fd_sc_hd__clkbuf_2                                                                                                         │ 37                       │
│ sky130_fd_sc_hd__clkbuf_4                                                                                                         │ 42                       │
│ sky130_fd_sc_hd__clkbuf_8                                                                                                         │ 1                        │
│ sky130_fd_sc_hd__clkdlybuf4s18_2                                                                                                  │ 1                        │
│ sky130_fd_sc_hd__decap_3                                                                                                          │ 624                      │
│ sky130_fd_sc_hd__decap_4                                                                                                          │ 415                      │
│ sky130_fd_sc_hd__decap_6                                                                                                          │ 499                      │
│ sky130_fd_sc_hd__decap_8                                                                                                          │ 569                      │
│ sky130_fd_sc_hd__dfrtp_1                                                                                                          │ 8                        │
│ sky130_fd_sc_hd__dfrtp_2                                                                                                          │ 3                        │
│ sky130_fd_sc_hd__dfrtp_4                                                                                                          │ 5                        │
│ sky130_fd_sc_hd__diode_2                                                                                                          │ 10                       │
│ sky130_fd_sc_hd__dlygate4sd1_1                                                                                                    │ 8                        │
│ sky130_fd_sc_hd__dlymetal6s2s_1                                                                                                   │ 16                       │
│ sky130_fd_sc_hd__dlymetal6s4s_1                                                                                                   │ 2                        │
│ sky130_fd_sc_hd__fill_1                                                                                                           │ 1036                     │
│ sky130_fd_sc_hd__fill_2                                                                                                           │ 469                      │
│ sky130_fd_sc_hd__inv_2                                                                                                            │ 67                       │
│ sky130_fd_sc_hd__inv_6                                                                                                            │ 1                        │
│ sky130_fd_sc_hd__mux2_1                                                                                                           │ 2                        │
│ sky130_fd_sc_hd__mux2_4                                                                                                           │ 1                        │
│ sky130_fd_sc_hd__nand2_1                                                                                                          │ 199                      │
│ sky130_fd_sc_hd__nand2_2                                                                                                          │ 2                        │
│ sky130_fd_sc_hd__nand2_4                                                                                                          │ 1                        │
│ sky130_fd_sc_hd__nand2b_1                                                                                                         │ 171                      │
│ sky130_fd_sc_hd__nand2b_4                                                                                                         │ 1                        │
│ sky130_fd_sc_hd__nand3_1                                                                                                          │ 111                      │
│ sky130_fd_sc_hd__nand3_2                                                                                                          │ 32                       │
│ sky130_fd_sc_hd__nand3_4                                                                                                          │ 8                        │
│ sky130_fd_sc_hd__nand3b_1                                                                                                         │ 9                        │
│ sky130_fd_sc_hd__nand3b_2                                                                                                         │ 3                        │
│ sky130_fd_sc_hd__nand4_1                                                                                                          │ 17                       │
│ sky130_fd_sc_hd__nand4_2                                                                                                          │ 3                        │
│ sky130_fd_sc_hd__nand4_4                                                                                                          │ 1                        │
│ sky130_fd_sc_hd__nor2_1                                                                                                           │ 194                      │
│ sky130_fd_sc_hd__nor2_2                                                                                                           │ 4                        │
│ sky130_fd_sc_hd__nor2_4                                                                                                           │ 4                        │
│ sky130_fd_sc_hd__nor3_1                                                                                                           │ 15                       │
│ sky130_fd_sc_hd__nor3_2                                                                                                           │ 3                        │
│ sky130_fd_sc_hd__nor3_4                                                                                                           │ 4                        │
│ sky130_fd_sc_hd__nor3b_1                                                                                                          │ 3                        │
│ sky130_fd_sc_hd__nor3b_2                                                                                                          │ 3                        │
│ sky130_fd_sc_hd__nor3b_4                                                                                                          │ 2                        │
│ sky130_fd_sc_hd__nor4_1                                                                                                           │ 4                        │
│ sky130_fd_sc_hd__o211a_1                                                                                                          │ 27                       │
│ sky130_fd_sc_hd__o211a_4                                                                                                          │ 7                        │
│ sky130_fd_sc_hd__o211ai_1                                                                                                         │ 7                        │
│ sky130_fd_sc_hd__o211ai_2                                                                                                         │ 30                       │
│ sky130_fd_sc_hd__o211ai_4                                                                                                         │ 7                        │
│ sky130_fd_sc_hd__o21a_1                                                                                                           │ 51                       │
│ sky130_fd_sc_hd__o21ai_1                                                                                                          │ 50                       │
│ sky130_fd_sc_hd__o21ai_2                                                                                                          │ 9                        │
│ sky130_fd_sc_hd__o21ai_4                                                                                                          │ 1                        │
│ sky130_fd_sc_hd__o21ba_1                                                                                                          │ 23                       │
│ sky130_fd_sc_hd__o21ba_4                                                                                                          │ 2                        │
│ sky130_fd_sc_hd__o21bai_1                                                                                                         │ 28                       │
│ sky130_fd_sc_hd__o21bai_2                                                                                                         │ 1                        │
│ sky130_fd_sc_hd__o21bai_4                                                                                                         │ 1                        │
│ sky130_fd_sc_hd__o221a_1                                                                                                          │ 1                        │
│ sky130_fd_sc_hd__o22a_1                                                                                                           │ 21                       │
│ sky130_fd_sc_hd__o22ai_1                                                                                                          │ 1                        │
│ sky130_fd_sc_hd__o2bb2a_1                                                                                                         │ 14                       │
│ sky130_fd_sc_hd__o2bb2a_4                                                                                                         │ 1                        │
│ sky130_fd_sc_hd__o311a_1                                                                                                          │ 1                        │
│ sky130_fd_sc_hd__o31a_1                                                                                                           │ 2                        │
│ sky130_fd_sc_hd__o31a_4                                                                                                           │ 2                        │
│ sky130_fd_sc_hd__o31ai_2                                                                                                          │ 2                        │
│ sky130_fd_sc_hd__o31ai_4                                                                                                          │ 1                        │
│ sky130_fd_sc_hd__o32a_1                                                                                                           │ 3                        │
│ sky130_fd_sc_hd__o41a_1                                                                                                           │ 2                        │
│ sky130_fd_sc_hd__or2_1                                                                                                            │ 63                       │
│ sky130_fd_sc_hd__or2_4                                                                                                            │ 1                        │
│ sky130_fd_sc_hd__or3_1                                                                                                            │ 36                       │
│ sky130_fd_sc_hd__or3_2                                                                                                            │ 1                        │
│ sky130_fd_sc_hd__or3_4                                                                                                            │ 17                       │
│ sky130_fd_sc_hd__or3b_1                                                                                                           │ 8                        │
│ sky130_fd_sc_hd__or3b_2                                                                                                           │ 1                        │
│ sky130_fd_sc_hd__or3b_4                                                                                                           │ 2                        │
│ sky130_fd_sc_hd__or4_1                                                                                                            │ 2                        │
│ sky130_fd_sc_hd__or4_4                                                                                                            │ 3                        │
│ sky130_fd_sc_hd__or4b_1                                                                                                           │ 1                        │
│ sky130_fd_sc_hd__or4b_4                                                                                                           │ 2                        │
│ sky130_fd_sc_hd__or4bb_1                                                                                                          │ 7                        │
│ sky130_fd_sc_hd__tapvpwrvgnd_1                                                                                                    │ 1144                     │
│ sky130_fd_sc_hd__xnor2_1                                                                                                          │ 293                      │
│ sky130_fd_sc_hd__xnor2_2                                                                                                          │ 51                       │
│ sky130_fd_sc_hd__xnor2_4                                                                                                          │ 1                        │
│ sky130_fd_sc_hd__xor2_1                                                                                                           │ 135                      │
│ sky130_fd_sc_hd__xor2_2                                                                                                           │ 32                       │
│ sky130_fd_sc_hd__xor2_4                                                                                                           │ 1                        │
└───────────────────────────────────────────────────────────────────────────────────────────────────────────────────────────────────┴──────────────────────────┘
