Clock: clk
Sources: clk 
Generated: no
Virtual: yes
Propagated: no
Period: 30.000000

===========================================================================
report_clock_properties
============================================================================
Clock                   Period          Waveform
----------------------------------------------------
clk                  30.000000    0.000000 15.000000

===========================================================================
report_clock_latency
============================================================================
Clock clk
rise -> rise
    min     max
0.000000 0.000000 source latency
0.458721         network latency y_out_sky130_fd_sc_hd__dfrtp_2_Q_7/CLK
        0.460744 network latency y_out_sky130_fd_sc_hd__dfrtp_2_Q_15/CLK
---------------
0.458721 0.460744 latency
        0.002023 skew

fall -> fall
    min     max
0.000000 0.000000 source latency
0.395143         network latency y_out_sky130_fd_sc_hd__dfrtp_2_Q_7/CLK
        0.396625 network latency y_out_sky130_fd_sc_hd__dfrtp_2_Q_15/CLK
---------------
0.395143 0.396625 latency
        0.001481 skew



===========================================================================
report_clock_min_period
============================================================================
clk period_min = 7.61 fmax = 131.37
