Clock: clk
Sources: clk 
Generated: no
Virtual: yes
Propagated: no
Period: 13.000000

===========================================================================
report_clock_properties
============================================================================
Clock                   Period          Waveform
----------------------------------------------------
clk                  13.000000    0.000000  6.500000

===========================================================================
report_clock_latency
============================================================================
Clock clk
rise -> rise
    min     max
0.000000 0.000000 source latency
0.616688         network latency y_out_sky130_fd_sc_hd__dfrtp_2_Q_8/CLK
        0.619812 network latency y_out_sky130_fd_sc_hd__dfrtp_2_Q_15/CLK
---------------
0.616688 0.619812 latency
        0.003124 skew

fall -> fall
    min     max
0.000000 0.000000 source latency
0.596963         network latency y_out_sky130_fd_sc_hd__dfrtp_2_Q_8/CLK
        0.599539 network latency y_out_sky130_fd_sc_hd__dfrtp_2_Q_15/CLK
---------------
0.596963 0.599539 latency
        0.002576 skew



===========================================================================
report_clock_min_period
============================================================================
clk period_min = 13.16 fmax = 75.98
