Reading OpenROAD database at '/home/asic/workspace/asic_project/runs/RUN_2025-05-17_03-20-44/15-odb-setpowerconnections/dynamic_noise_reduction.odb'…
Reading library file at '/foss/pdks/volare/sky130/versions/0fe599b2afb6708d281543108caf8310912f54af/sky130A/libs.ref/sky130_fd_sc_hd/lib/sky130_fd_sc_hd__tt_025C_1v80.lib'…
Reading design constraints file at '/usr/local/lib/python3.12/dist-packages/openlane/scripts/base.sdc'…
[INFO] Using clock clk…
[INFO] Setting output delay to: 4
[INFO] Setting input delay to: 4
[INFO] Setting load to: 0.033442
[INFO] Setting clock uncertainty to: 0.25
[INFO] Setting clock transition to: 0.1499999999999999944488848768742172978818416595458984375
[INFO] Setting timing derate to: 5%
Setting global connections for newly added cells…
[INFO] Setting global connections...
Updating metrics…
Cell type report:                       Count       Area
  Inverter                                 62     232.72
  Sequential cell                          16     420.40
  Multi-Input combinational cell         2916   29618.41
  Total                                  2994   30271.53
Writing OpenROAD database to '/home/asic/workspace/asic_project/runs/RUN_2025-05-17_03-20-44/17-openroad-cutrows/dynamic_noise_reduction.odb'…
Writing layout to '/home/asic/workspace/asic_project/runs/RUN_2025-05-17_03-20-44/17-openroad-cutrows/dynamic_noise_reduction.def'…
