┏━━━━━━━┳━━━━━━━━━┳━━━━━━━━━━┳━━━━━━━━━━━━━━━━━━━━━━━━━━━━━━━━━━━━━━━━━━━━━━━━━━━━━━━━━━━━┳━━━━━━━━━━━━━━━━━━━━━━━━━━━━━━━━━━━━━━━━━━━━━━━━━━━━━━━━━━━━┳━━━━━━━┓
┃ P / R ┃ Partial ┃ Required ┃ Net                                                        ┃ Pin                                                        ┃ Layer ┃
┡━━━━━━━╇━━━━━━━━━╇━━━━━━━━━━╇━━━━━━━━━━━━━━━━━━━━━━━━━━━━━━━━━━━━━━━━━━━━━━━━━━━━━━━━━━━━╇━━━━━━━━━━━━━━━━━━━━━━━━━━━━━━━━━━━━━━━━━━━━━━━━━━━━━━━━━━━━╇━━━━━━━┩
│ 5.57  │ 2228.98 │ 400.00   │ net1                                                       │ fanout272/A                                                │ met3  │
│ 2.90  │ 1158.94 │ 400.00   │ y_out_sky130_fd_sc_hd__dfrtp_2_Q_5_D_sky130_fd_sc_hd__xno… │ y_out_sky130_fd_sc_hd__dfrtp_2_Q_11_D_sky130_fd_sc_hd__xo… │ met1  │
│ 2.42  │ 968.94  │ 400.00   │ net24                                                      │ fanout190/A                                                │ met1  │
│ 2.30  │ 920.93  │ 400.00   │ net5                                                       │ fanout135/A                                                │ met1  │
│ 2.28  │ 913.11  │ 400.00   │ y_out_sky130_fd_sc_hd__dfrtp_2_Q_8_D_sky130_fd_sc_hd__xor… │ y_out_sky130_fd_sc_hd__dfrtp_2_Q_8_D_sky130_fd_sc_hd__xor… │ met1  │
│ 2.20  │ 878.95  │ 400.00   │ net7                                                       │ fanout126/A                                                │ met1  │
│ 2.16  │ 864.28  │ 400.00   │ net218                                                     │ fanout216/A                                                │ met1  │
│ 2.00  │ 800.83  │ 400.00   │ y_out_sky130_fd_sc_hd__dfrtp_2_Q_4_D_sky130_fd_sc_hd__xno… │ y_out_sky130_fd_sc_hd__dfrtp_2_Q_4_D_sky130_fd_sc_hd__xno… │ met1  │
│ 1.99  │ 797.89  │ 400.00   │ net4                                                       │ fanout143/A                                                │ met1  │
│ 1.90  │ 759.37  │ 400.00   │ net158                                                     │ fanout157/A                                                │ met1  │
│ 1.80  │ 721.17  │ 400.00   │ net83                                                      │ output37/A                                                 │ met1  │
│ 1.78  │ 712.22  │ 400.00   │ y_out_sky130_fd_sc_hd__dfrtp_2_Q_D_sky130_fd_sc_hd__xnor2… │ y_out_sky130_fd_sc_hd__dfrtp_2_Q_6_D_sky130_fd_sc_hd__xor… │ met1  │
│ 1.78  │ 710.21  │ 400.00   │ net79                                                      │ output36/A                                                 │ met1  │
│ 1.75  │ 700.08  │ 400.00   │ y_out_sky130_fd_sc_hd__dfrtp_2_Q_5_D_sky130_fd_sc_hd__xno… │ y_out_sky130_fd_sc_hd__dfrtp_2_Q_5_D_sky130_fd_sc_hd__xno… │ met1  │
│ 1.75  │ 700.08  │ 400.00   │ y_out_sky130_fd_sc_hd__dfrtp_2_Q_5_D_sky130_fd_sc_hd__xno… │ y_out_sky130_fd_sc_hd__dfrtp_2_Q_8_D_sky130_fd_sc_hd__xor… │ met1  │
│ 1.72  │ 688.96  │ 400.00   │ net32                                                      │ fanout152/A                                                │ met1  │
│ 1.67  │ 667.13  │ 400.00   │ net198                                                     │ y_out_sky130_fd_sc_hd__dfrtp_2_Q_D_sky130_fd_sc_hd__xnor2… │ met1  │
│ 1.63  │ 650.42  │ 400.00   │ net61                                                      │ y_out_sky130_fd_sc_hd__dfrtp_2_Q_11_D_sky130_fd_sc_hd__xo… │ met1  │
│ 1.56  │ 624.40  │ 400.00   │ net38                                                      │ output38/A                                                 │ met1  │
│ 1.56  │ 624.10  │ 400.00   │ net25                                                      │ fanout186/A                                                │ met1  │
│ 1.55  │ 621.72  │ 400.00   │ net165                                                     │ y_out_sky130_fd_sc_hd__dfrtp_2_Q_6_D_sky130_fd_sc_hd__xor… │ met1  │
│ 1.49  │ 597.98  │ 400.00   │ net21                                                      │ fanout202/A                                                │ met1  │
│ 1.48  │ 590.05  │ 400.00   │ net82                                                      │ fanout81/A                                                 │ met1  │
│ 1.43  │ 570.55  │ 400.00   │ net255                                                     │ fanout249/A                                                │ met1  │
│ 1.39  │ 557.72  │ 400.00   │ net196                                                     │ fanout195/A                                                │ met1  │
│ 1.39  │ 557.69  │ 400.00   │ net78                                                      │ y_out_sky130_fd_sc_hd__dfrtp_2_Q_15_D_sky130_fd_sc_hd__xn… │ met1  │
│ 1.39  │ 554.74  │ 400.00   │ net96                                                      │ fanout95/A                                                 │ met1  │
│ 1.38  │ 551.63  │ 400.00   │ y_out_sky130_fd_sc_hd__dfrtp_2_Q_D_sky130_fd_sc_hd__xnor2… │ y_out_sky130_fd_sc_hd__dfrtp_2_Q_8_D_sky130_fd_sc_hd__xor… │ met1  │
│ 1.36  │ 543.88  │ 400.00   │ net200                                                     │ fanout199/A                                                │ met1  │
│ 1.36  │ 543.57  │ 400.00   │ net9                                                       │ fanout114/A                                                │ met1  │
│ 1.34  │ 534.72  │ 400.00   │ net6                                                       │ fanout131/A                                                │ met1  │
│ 1.33  │ 533.61  │ 400.00   │ net17                                                      │ fanout223/A                                                │ met1  │
│ 1.32  │ 529.03  │ 400.00   │ net71                                                      │ output47/A                                                 │ met1  │
│ 1.28  │ 511.10  │ 400.00   │ net86                                                      │ fanout85/A                                                 │ met1  │
│ 1.27  │ 506.55  │ 400.00   │ net3                                                       │ fanout168/A                                                │ met1  │
│ 1.19  │ 476.42  │ 400.00   │ y_out_sky130_fd_sc_hd__dfrtp_2_Q_D_sky130_fd_sc_hd__xnor2… │ y_out_sky130_fd_sc_hd__dfrtp_2_Q_D_sky130_fd_sc_hd__xnor2… │ met1  │
│ 1.15  │ 459.16  │ 400.00   │ net48                                                      │ output48/A                                                 │ met2  │
│ 1.15  │ 459.16  │ 400.00   │ net48                                                      │ fanout74/A                                                 │ met2  │
│ 1.09  │ 437.48  │ 400.00   │ net199                                                     │ y_out_sky130_fd_sc_hd__dfrtp_2_Q_8_D_sky130_fd_sc_hd__xor… │ met1  │
│ 1.09  │ 435.82  │ 400.00   │ net110                                                     │ y_out_sky130_fd_sc_hd__dfrtp_2_Q_14_D_sky130_fd_sc_hd__xn… │ met1  │
│ 1.07  │ 427.97  │ 400.00   │ net69                                                      │ output46/A                                                 │ met1  │
│ 1.06  │ 423.58  │ 400.00   │ y_out_sky130_fd_sc_hd__dfrtp_2_Q_2_D_sky130_fd_sc_hd__xor… │ y_out_sky130_fd_sc_hd__dfrtp_2_Q_11_D_sky130_fd_sc_hd__xo… │ met1  │
│ 1.06  │ 423.58  │ 400.00   │ y_out_sky130_fd_sc_hd__dfrtp_2_Q_2_D_sky130_fd_sc_hd__xor… │ y_out_sky130_fd_sc_hd__dfrtp_2_Q_15_D_sky130_fd_sc_hd__xn… │ met1  │
│ 1.06  │ 423.58  │ 400.00   │ y_out_sky130_fd_sc_hd__dfrtp_2_Q_2_D_sky130_fd_sc_hd__xor… │ y_out_sky130_fd_sc_hd__dfrtp_2_Q_D_sky130_fd_sc_hd__xnor2… │ met1  │
│ 1.05  │ 421.89  │ 400.00   │ net96                                                      │ fanout93/A                                                 │ met1  │
│ 1.05  │ 418.48  │ 400.00   │ net208                                                     │ fanout206/A                                                │ met1  │
│ 1.05  │ 418.48  │ 400.00   │ net208                                                     │ fanout207/A                                                │ met1  │
│ 1.04  │ 415.11  │ 400.00   │ y_out_sky130_fd_sc_hd__dfrtp_2_Q_8_D_sky130_fd_sc_hd__xor… │ y_out_sky130_fd_sc_hd__dfrtp_2_Q_11_D_sky130_fd_sc_hd__xo… │ met1  │
│ 1.04  │ 415.11  │ 400.00   │ y_out_sky130_fd_sc_hd__dfrtp_2_Q_8_D_sky130_fd_sc_hd__xor… │ y_out_sky130_fd_sc_hd__dfrtp_2_Q_8_D_sky130_fd_sc_hd__xor… │ met1  │
│ 1.03  │ 412.69  │ 400.00   │ net135                                                     │ y_out_sky130_fd_sc_hd__dfrtp_2_Q_D_sky130_fd_sc_hd__xnor2… │ met1  │
│ 1.03  │ 412.69  │ 400.00   │ net135                                                     │ y_out_sky130_fd_sc_hd__dfrtp_2_Q_D_sky130_fd_sc_hd__xnor2… │ met1  │
│ 1.03  │ 410.28  │ 400.00   │ net105                                                     │ output45/A                                                 │ met1  │
│ 1.00  │ 401.47  │ 400.00   │ net266                                                     │ y_out_sky130_fd_sc_hd__dfrtp_2_Q_5_D_sky130_fd_sc_hd__xno… │ met1  │
│ 1.00  │ 400.87  │ 400.00   │ net218                                                     │ y_out_sky130_fd_sc_hd__dfrtp_2_Q_15_D_sky130_fd_sc_hd__xn… │ met1  │
└───────┴─────────┴──────────┴────────────────────────────────────────────────────────────┴────────────────────────────────────────────────────────────┴───────┘
