Clock: clk
Sources: clk 
Generated: no
Virtual: yes
Propagated: no
Period: 20.000000

===========================================================================
report_clock_properties
============================================================================
Clock                   Period          Waveform
----------------------------------------------------
clk                  20.000000    0.000000 10.000000

===========================================================================
report_clock_latency
============================================================================
Clock clk
rise -> rise
    min     max
0.000000 0.000000 source latency
0.520240         network latency y_out_sky130_fd_sc_hd__dfrtp_2_Q_7/CLK
        0.526583 network latency y_out_sky130_fd_sc_hd__dfrtp_2_Q_14/CLK
---------------
0.520240 0.526583 latency
        0.006342 skew

fall -> fall
    min     max
0.000000 0.000000 source latency
0.416017         network latency y_out_sky130_fd_sc_hd__dfrtp_2_Q_7/CLK
        0.420912 network latency y_out_sky130_fd_sc_hd__dfrtp_2_Q_14/CLK
---------------
0.416017 0.420912 latency
        0.004896 skew



===========================================================================
report_clock_min_period
============================================================================
clk period_min = 5.45 fmax = 183.46
