[WARNING ORD-0039] .openroad ignored with -python
                                Cells by Master                                 
┏━━━━━━━━━━━━━━━━━━━━━━━━━━━━━━━━━━━━━━━━━━━━━━━━━━━━━━━━━━━━━━━━┳━━━━━━━━━━━━━┓
┃ Cell                                                           ┃ Count       ┃
┡━━━━━━━━━━━━━━━━━━━━━━━━━━━━━━━━━━━━━━━━━━━━━━━━━━━━━━━━━━━━━━━━╇━━━━━━━━━━━━━┩
│ sky130_ef_sc_hd__decap_12                                      │ 52702       │
│ sky130_fd_sc_hd__a2111o_1                                      │ 1           │
│ sky130_fd_sc_hd__a2111oi_1                                     │ 1           │
│ sky130_fd_sc_hd__a211o_1                                       │ 50          │
│ sky130_fd_sc_hd__a211o_2                                       │ 9           │
│ sky130_fd_sc_hd__a211oi_1                                      │ 11          │
│ sky130_fd_sc_hd__a211oi_2                                      │ 11          │
│ sky130_fd_sc_hd__a211oi_4                                      │ 4           │
│ sky130_fd_sc_hd__a21bo_1                                       │ 72          │
│ sky130_fd_sc_hd__a21bo_2                                       │ 2           │
│ sky130_fd_sc_hd__a21boi_1                                      │ 4           │
│ sky130_fd_sc_hd__a21boi_2                                      │ 5           │
│ sky130_fd_sc_hd__a21boi_4                                      │ 1           │
│ sky130_fd_sc_hd__a21o_1                                        │ 221         │
│ sky130_fd_sc_hd__a21o_2                                        │ 5           │
│ sky130_fd_sc_hd__a21oi_1                                       │ 128         │
│ sky130_fd_sc_hd__a21oi_2                                       │ 44          │
│ sky130_fd_sc_hd__a21oi_4                                       │ 3           │
│ sky130_fd_sc_hd__a221oi_2                                      │ 1           │
│ sky130_fd_sc_hd__a22o_1                                        │ 50          │
│ sky130_fd_sc_hd__a22oi_1                                       │ 27          │
│ sky130_fd_sc_hd__a22oi_2                                       │ 20          │
│ sky130_fd_sc_hd__a2bb2o_1                                      │ 6           │
│ sky130_fd_sc_hd__a311o_1                                       │ 1           │
│ sky130_fd_sc_hd__a311oi_4                                      │ 1           │
│ sky130_fd_sc_hd__a31o_1                                        │ 33          │
│ sky130_fd_sc_hd__a31oi_1                                       │ 1           │
│ sky130_fd_sc_hd__a31oi_2                                       │ 2           │
│ sky130_fd_sc_hd__a31oi_4                                       │ 1           │
│ sky130_fd_sc_hd__a32oi_2                                       │ 1           │
│ sky130_fd_sc_hd__a32oi_4                                       │ 3           │
│ sky130_fd_sc_hd__and2_1                                        │ 80          │
│ sky130_fd_sc_hd__and2_2                                        │ 1           │
│ sky130_fd_sc_hd__and2b_1                                       │ 106         │
│ sky130_fd_sc_hd__and2b_2                                       │ 1           │
│ sky130_fd_sc_hd__and3_1                                        │ 116         │
│ sky130_fd_sc_hd__and3_2                                        │ 3           │
│ sky130_fd_sc_hd__and3b_1                                       │ 18          │
│ sky130_fd_sc_hd__and4_1                                        │ 70          │
│ sky130_fd_sc_hd__and4_2                                        │ 6           │
│ sky130_fd_sc_hd__and4b_1                                       │ 2           │
│ sky130_fd_sc_hd__and4bb_1                                      │ 39          │
│ sky130_fd_sc_hd__buf_1                                         │ 10          │
│ sky130_fd_sc_hd__buf_2                                         │ 50          │
│ sky130_fd_sc_hd__buf_4                                         │ 52          │
│ sky130_fd_sc_hd__buf_8                                         │ 3           │
│ sky130_fd_sc_hd__clkbuf_1                                      │ 6           │
│ sky130_fd_sc_hd__clkbuf_16                                     │ 3           │
│ sky130_fd_sc_hd__clkbuf_2                                      │ 35          │
│ sky130_fd_sc_hd__clkbuf_4                                      │ 103         │
│ sky130_fd_sc_hd__clkbuf_8                                      │ 11          │
│ sky130_fd_sc_hd__clkinv_4                                      │ 6           │
│ sky130_fd_sc_hd__decap_3                                       │ 1446        │
│ sky130_fd_sc_hd__decap_4                                       │ 975         │
│ sky130_fd_sc_hd__decap_6                                       │ 12079       │
│ sky130_fd_sc_hd__decap_8                                       │ 1181        │
│ sky130_fd_sc_hd__dfrtp_1                                       │ 6           │
│ sky130_fd_sc_hd__dfrtp_4                                       │ 10          │
│ sky130_fd_sc_hd__diode_2                                       │ 79          │
│ sky130_fd_sc_hd__dlymetal6s2s_1                                │ 7           │
│ sky130_fd_sc_hd__fill_1                                        │ 13447       │
│ sky130_fd_sc_hd__fill_2                                        │ 613         │
│ sky130_fd_sc_hd__inv_2                                         │ 59          │
│ sky130_fd_sc_hd__inv_4                                         │ 3           │
│ sky130_fd_sc_hd__mux2_1                                        │ 2           │
│ sky130_fd_sc_hd__mux2_2                                        │ 1           │
│ sky130_fd_sc_hd__nand2_1                                       │ 194         │
│ sky130_fd_sc_hd__nand2_2                                       │ 7           │
│ sky130_fd_sc_hd__nand2_4                                       │ 1           │
│ sky130_fd_sc_hd__nand2b_1                                      │ 171         │
│ sky130_fd_sc_hd__nand2b_2                                      │ 1           │
│ sky130_fd_sc_hd__nand3_1                                       │ 111         │
│ sky130_fd_sc_hd__nand3_2                                       │ 35          │
│ sky130_fd_sc_hd__nand3_4                                       │ 5           │
│ sky130_fd_sc_hd__nand3b_1                                      │ 8           │
│ sky130_fd_sc_hd__nand3b_2                                      │ 4           │
│ sky130_fd_sc_hd__nand4_1                                       │ 18          │
│ sky130_fd_sc_hd__nand4_2                                       │ 2           │
│ sky130_fd_sc_hd__nand4_4                                       │ 1           │
│ sky130_fd_sc_hd__nor2_1                                        │ 197         │
│ sky130_fd_sc_hd__nor2_2                                        │ 5           │
│ sky130_fd_sc_hd__nor3_1                                        │ 19          │
│ sky130_fd_sc_hd__nor3_2                                        │ 3           │
│ sky130_fd_sc_hd__nor3b_1                                       │ 3           │
│ sky130_fd_sc_hd__nor3b_2                                       │ 4           │
│ sky130_fd_sc_hd__nor3b_4                                       │ 1           │
│ sky130_fd_sc_hd__nor4_1                                        │ 4           │
│ sky130_fd_sc_hd__o211a_1                                       │ 32          │
│ sky130_fd_sc_hd__o211a_2                                       │ 2           │
│ sky130_fd_sc_hd__o211ai_1                                      │ 8           │
│ sky130_fd_sc_hd__o211ai_2                                      │ 23          │
│ sky130_fd_sc_hd__o211ai_4                                      │ 13          │
│ sky130_fd_sc_hd__o21a_1                                        │ 50          │
│ sky130_fd_sc_hd__o21a_2                                        │ 1           │
│ sky130_fd_sc_hd__o21ai_1                                       │ 49          │
│ sky130_fd_sc_hd__o21ai_2                                       │ 10          │
│ sky130_fd_sc_hd__o21ai_4                                       │ 1           │
│ sky130_fd_sc_hd__o21ba_1                                       │ 25          │
│ sky130_fd_sc_hd__o21bai_1                                      │ 26          │
│ sky130_fd_sc_hd__o21bai_2                                      │ 4           │
│ sky130_fd_sc_hd__o221a_1                                       │ 1           │
│ sky130_fd_sc_hd__o22a_1                                        │ 20          │
│ sky130_fd_sc_hd__o22a_2                                        │ 1           │
│ sky130_fd_sc_hd__o22ai_1                                       │ 1           │
│ sky130_fd_sc_hd__o2bb2a_1                                      │ 15          │
│ sky130_fd_sc_hd__o311a_1                                       │ 1           │
│ sky130_fd_sc_hd__o31a_1                                        │ 2           │
│ sky130_fd_sc_hd__o31a_4                                        │ 2           │
│ sky130_fd_sc_hd__o31ai_2                                       │ 2           │
│ sky130_fd_sc_hd__o31ai_4                                       │ 1           │
│ sky130_fd_sc_hd__o32a_1                                        │ 3           │
│ sky130_fd_sc_hd__o41a_1                                        │ 1           │
│ sky130_fd_sc_hd__o41a_2                                        │ 1           │
│ sky130_fd_sc_hd__or2_1                                         │ 61          │
│ sky130_fd_sc_hd__or2_2                                         │ 3           │
│ sky130_fd_sc_hd__or3_1                                         │ 50          │
│ sky130_fd_sc_hd__or3_2                                         │ 4           │
│ sky130_fd_sc_hd__or3b_1                                        │ 9           │
│ sky130_fd_sc_hd__or3b_2                                        │ 2           │
│ sky130_fd_sc_hd__or4_1                                         │ 5           │
│ sky130_fd_sc_hd__or4b_1                                        │ 3           │
│ sky130_fd_sc_hd__or4bb_1                                       │ 7           │
│ sky130_fd_sc_hd__tapvpwrvgnd_1                                 │ 13718       │
│ sky130_fd_sc_hd__xnor2_1                                       │ 260         │
│ sky130_fd_sc_hd__xnor2_2                                       │ 80          │
│ sky130_fd_sc_hd__xnor2_4                                       │ 5           │
│ sky130_fd_sc_hd__xor2_1                                        │ 121         │
│ sky130_fd_sc_hd__xor2_2                                        │ 45          │
│ sky130_fd_sc_hd__xor2_4                                        │ 2           │
└────────────────────────────────────────────────────────────────┴─────────────┘
                               Cells by Function                                
┏━━━━━━━━━━━━━━━━━━━━━━━━━━━━━━━━━━━━━━━━━━━━━━━━━━━━━━━━━━━━━━━┳━━━━━━━━━━━━━━┓
┃ Cell Function                                                 ┃ Count        ┃
┡━━━━━━━━━━━━━━━━━━━━━━━━━━━━━━━━━━━━━━━━━━━━━━━━━━━━━━━━━━━━━━━╇━━━━━━━━━━━━━━┩
│ sky130_ef_sc_hd__decap                                        │ 52702        │
│ sky130_fd_sc_hd__a2111o                                       │ 1            │
│ sky130_fd_sc_hd__a2111oi                                      │ 1            │
│ sky130_fd_sc_hd__a211o                                        │ 59           │
│ sky130_fd_sc_hd__a211oi                                       │ 26           │
│ sky130_fd_sc_hd__a21bo                                        │ 74           │
│ sky130_fd_sc_hd__a21boi                                       │ 10           │
│ sky130_fd_sc_hd__a21o                                         │ 226          │
│ sky130_fd_sc_hd__a21oi                                        │ 175          │
│ sky130_fd_sc_hd__a221oi                                       │ 1            │
│ sky130_fd_sc_hd__a22o                                         │ 50           │
│ sky130_fd_sc_hd__a22oi                                        │ 47           │
│ sky130_fd_sc_hd__a2bb2o                                       │ 6            │
│ sky130_fd_sc_hd__a311o                                        │ 1            │
│ sky130_fd_sc_hd__a311oi                                       │ 1            │
│ sky130_fd_sc_hd__a31o                                         │ 33           │
│ sky130_fd_sc_hd__a31oi                                        │ 4            │
│ sky130_fd_sc_hd__a32oi                                        │ 4            │
│ sky130_fd_sc_hd__and2                                         │ 81           │
│ sky130_fd_sc_hd__and2b                                        │ 107          │
│ sky130_fd_sc_hd__and3                                         │ 119          │
│ sky130_fd_sc_hd__and3b                                        │ 18           │
│ sky130_fd_sc_hd__and4                                         │ 76           │
│ sky130_fd_sc_hd__and4b                                        │ 2            │
│ sky130_fd_sc_hd__and4bb                                       │ 39           │
│ sky130_fd_sc_hd__buf                                          │ 115          │
│ sky130_fd_sc_hd__clkbuf                                       │ 158          │
│ sky130_fd_sc_hd__clkinv                                       │ 6            │
│ sky130_fd_sc_hd__decap                                        │ 15681        │
│ sky130_fd_sc_hd__dfrtp                                        │ 16           │
│ sky130_fd_sc_hd__diode                                        │ 79           │
│ sky130_fd_sc_hd__dlymetal6s2s                                 │ 7            │
│ sky130_fd_sc_hd__fill                                         │ 14060        │
│ sky130_fd_sc_hd__inv                                          │ 62           │
│ sky130_fd_sc_hd__mux2                                         │ 3            │
│ sky130_fd_sc_hd__nand2                                        │ 202          │
│ sky130_fd_sc_hd__nand2b                                       │ 172          │
│ sky130_fd_sc_hd__nand3                                        │ 151          │
│ sky130_fd_sc_hd__nand3b                                       │ 12           │
│ sky130_fd_sc_hd__nand4                                        │ 21           │
│ sky130_fd_sc_hd__nor2                                         │ 202          │
│ sky130_fd_sc_hd__nor3                                         │ 22           │
│ sky130_fd_sc_hd__nor3b                                        │ 8            │
│ sky130_fd_sc_hd__nor4                                         │ 4            │
│ sky130_fd_sc_hd__o211a                                        │ 34           │
│ sky130_fd_sc_hd__o211ai                                       │ 44           │
│ sky130_fd_sc_hd__o21a                                         │ 51           │
│ sky130_fd_sc_hd__o21ai                                        │ 60           │
│ sky130_fd_sc_hd__o21ba                                        │ 25           │
│ sky130_fd_sc_hd__o21bai                                       │ 30           │
│ sky130_fd_sc_hd__o221a                                        │ 1            │
│ sky130_fd_sc_hd__o22a                                         │ 21           │
│ sky130_fd_sc_hd__o22ai                                        │ 1            │
│ sky130_fd_sc_hd__o2bb2a                                       │ 15           │
│ sky130_fd_sc_hd__o311a                                        │ 1            │
│ sky130_fd_sc_hd__o31a                                         │ 4            │
│ sky130_fd_sc_hd__o31ai                                        │ 3            │
│ sky130_fd_sc_hd__o32a                                         │ 3            │
│ sky130_fd_sc_hd__o41a                                         │ 2            │
│ sky130_fd_sc_hd__or2                                          │ 64           │
│ sky130_fd_sc_hd__or3                                          │ 54           │
│ sky130_fd_sc_hd__or3b                                         │ 11           │
│ sky130_fd_sc_hd__or4                                          │ 5            │
│ sky130_fd_sc_hd__or4b                                         │ 3            │
│ sky130_fd_sc_hd__or4bb                                        │ 7            │
│ sky130_fd_sc_hd__tapvpwrvgnd                                  │ 13718        │
│ sky130_fd_sc_hd__xnor2                                        │ 345          │
│ sky130_fd_sc_hd__xor2                                         │ 168          │
└───────────────────────────────────────────────────────────────┴──────────────┘
                                  Cells by SCL                                  
┏━━━━━━━━━━━━━━━━━━━━━━━━━━━━━━━━━━━━━━━━━━━━━━━━━━━━━━━┳━━━━━━━━━━━━━━━━━━━━━━┓
┃ SCL                                                   ┃ Count                ┃
┡━━━━━━━━━━━━━━━━━━━━━━━━━━━━━━━━━━━━━━━━━━━━━━━━━━━━━━━╇━━━━━━━━━━━━━━━━━━━━━━┩
│ sky130_ef_sc_hd                                       │ 52702                │
│ sky130_fd_sc_hd                                       │ 46812                │
└───────────────────────────────────────────────────────┴──────────────────────┘
                             Buffers by Cell Master                             
┏━━━━━━━━━━━━━━━━━━━━━━━━━━━━━━━━━━━━━━━━━━━━━━━━━━━━━━━━━━━━━━━━┳━━━━━━━━━━━━━┓
┃ Buffer                                                         ┃ Count       ┃
┡━━━━━━━━━━━━━━━━━━━━━━━━━━━━━━━━━━━━━━━━━━━━━━━━━━━━━━━━━━━━━━━━╇━━━━━━━━━━━━━┩
│ sky130_fd_sc_hd__buf_1                                         │ 10          │
│ sky130_fd_sc_hd__buf_2                                         │ 50          │
│ sky130_fd_sc_hd__buf_4                                         │ 52          │
│ sky130_fd_sc_hd__buf_8                                         │ 3           │
│ sky130_fd_sc_hd__clkbuf_1                                      │ 6           │
│ sky130_fd_sc_hd__clkbuf_16                                     │ 3           │
│ sky130_fd_sc_hd__clkbuf_2                                      │ 35          │
│ sky130_fd_sc_hd__clkbuf_4                                      │ 103         │
│ sky130_fd_sc_hd__clkbuf_8                                      │ 11          │
│ sky130_fd_sc_hd__dlymetal6s2s_1                                │ 7           │
└────────────────────────────────────────────────────────────────┴─────────────┘
