Reading OpenROAD database at '/home/asic/workspace/asic_project/runs/RUN_2025-05-14_18-18-41/31-openroad-repairdesignpostgpl/dynamic_noise_reduction.odb'…
Reading library file at '/foss/pdks/volare/sky130/versions/0fe599b2afb6708d281543108caf8310912f54af/sky130A/libs.ref/sky130_fd_sc_hd/lib/sky130_fd_sc_hd__tt_025C_1v80.lib'…
Reading design constraints file at '/usr/local/lib/python3.12/dist-packages/openlane/scripts/base.sdc'…
[INFO] Using clock clk…
[INFO] Setting output delay to: 2
[INFO] Setting input delay to: 2
[INFO] Setting load to: 0.033442
[INFO] Setting clock uncertainty to: 0.25
[INFO] Setting clock transition to: 0.1499999999999999944488848768742172978818416595458984375
[INFO] Setting timing derate to: 5%
Placement Analysis
---------------------------------
total displacement          0.0 u
average displacement        0.0 u
max displacement            0.0 u
original HPWL           75792.4 u
legalized HPWL          78042.1 u
delta HPWL                    3 %

[INFO DPL-0020] Mirrored 1477 instances
[INFO DPL-0021] HPWL before           78042.1 u
[INFO DPL-0022] HPWL after            75792.4 u
[INFO DPL-0023] HPWL delta               -2.9 %
Setting global connections for newly added cells…
[INFO] Setting global connections...
Updating metrics…
Cell type report:                       Count       Area
  Fill cell                               204     765.73
  Tap cell                               1144    1431.37
  Timing Repair Buffer                    273    1537.72
  Inverter                                 68     255.24
  Sequential cell                          16     422.91
  Multi-Input combinational cell         2910   21553.17
  Total                                  4615   25966.15
Writing OpenROAD database to '/home/asic/workspace/asic_project/runs/RUN_2025-05-14_18-18-41/33-openroad-detailedplacement/dynamic_noise_reduction.odb'…
Writing netlist to '/home/asic/workspace/asic_project/runs/RUN_2025-05-14_18-18-41/33-openroad-detailedplacement/dynamic_noise_reduction.nl.v'…
Writing powered netlist to '/home/asic/workspace/asic_project/runs/RUN_2025-05-14_18-18-41/33-openroad-detailedplacement/dynamic_noise_reduction.pnl.v'…
Writing layout to '/home/asic/workspace/asic_project/runs/RUN_2025-05-14_18-18-41/33-openroad-detailedplacement/dynamic_noise_reduction.def'…
Writing timing constraints to '/home/asic/workspace/asic_project/runs/RUN_2025-05-14_18-18-41/33-openroad-detailedplacement/dynamic_noise_reduction.sdc'…
