Reading OpenROAD database at '/home/asic/workspace/asic_project/runs/RUN_2025-05-17_03-59-52/42-openroad-repairantennas/1-diodeinsertion/dynamic_noise_reduction.odb'…
Reading library file at '/foss/pdks/volare/sky130/versions/0fe599b2afb6708d281543108caf8310912f54af/sky130A/libs.ref/sky130_fd_sc_hd/lib/sky130_fd_sc_hd__tt_025C_1v80.lib'…
Reading design constraints file at '/usr/local/lib/python3.12/dist-packages/openlane/scripts/base.sdc'…
[INFO] Using clock clk…
[INFO] Setting output delay to: 6
[INFO] Setting input delay to: 6
[INFO] Setting load to: 0.033442
[INFO] Setting clock uncertainty to: 0.25
[INFO] Setting clock transition to: 0.1499999999999999944488848768742172978818416595458984375
[INFO] Setting timing derate to: 5%
%OL_CREATE_REPORT /home/asic/workspace/asic_project/runs/RUN_2025-05-17_03-59-52/42-openroad-repairantennas/2-openroad-checkantennas/reports/antenna.rpt
Net: net5
  Pin:   fanout135/A (sky130_fd_sc_hd__clkbuf_4)
    Layer: mcon
      Partial area ratio:    0.14
      Required ratio:    3.00 (Gate area) 
      Cumulative area ratio:    0.14
      Required ratio:    0.00 (Cumulative area) 

    Layer: met1
      Partial area ratio:  125.50
      Required ratio:    0.00 (Gate area) 
      Cumulative area ratio:  125.50
      Required ratio:    0.00 (Cumulative area) 
      Partial area ratio:  626.14
      Required ratio:  400.00 (Side area) (VIOLATED)
      Cumulative area ratio:  626.14
      Required ratio:    0.00 (Cumulative side area) 

    Layer: via
      Partial area ratio:    0.32
      Required ratio:    6.00 (Gate area) 
      Cumulative area ratio:    0.45
      Required ratio:    0.00 (Cumulative area) 

    Layer: met2
      Partial area ratio:    4.98
      Required ratio:    0.00 (Gate area) 
      Cumulative area ratio:  130.49
      Required ratio:    0.00 (Cumulative area) 
      Partial area ratio:   24.70
      Required ratio: 3125.96 (Side area) 
      Cumulative area ratio:  650.83
      Required ratio:    0.00 (Cumulative side area) 


  Pin:   fanout139/A (sky130_fd_sc_hd__clkbuf_2)
    Layer: mcon
      Partial area ratio:    0.14
      Required ratio:    3.00 (Gate area) 
      Cumulative area ratio:    0.14
      Required ratio:    0.00 (Cumulative area) 

    Layer: met1
      Partial area ratio:    2.34
      Required ratio:    0.00 (Gate area) 
      Cumulative area ratio:    2.34
      Required ratio:    0.00 (Cumulative area) 
      Partial area ratio:   11.16
      Required ratio: 2773.88 (Side area) 
      Cumulative area ratio:   11.16
      Required ratio:    0.00 (Cumulative side area) 

    Layer: via
      Partial area ratio:    0.10
      Required ratio:   21.65 (Gate area) 
      Cumulative area ratio:    0.24
      Required ratio:    0.00 (Cumulative area) 

    Layer: met2
      Partial area ratio:    4.98
      Required ratio:    0.00 (Gate area) 
      Cumulative area ratio:    7.33
      Required ratio:    0.00 (Cumulative area) 
      Partial area ratio:   24.70
      Required ratio: 3125.96 (Side area) 
      Cumulative area ratio:   35.85
      Required ratio:    0.00 (Cumulative side area) 


  Pin:   ANTENNA_17/DIODE (sky130_fd_sc_hd__diode_2)
    Layer: mcon
      Partial area ratio:    0.07
      Required ratio:   10.82 (Gate area) 
      Cumulative area ratio:    0.07
      Required ratio:    0.00 (Cumulative area) 

    Layer: met1
      Partial area ratio:   31.99
      Required ratio:    0.00 (Gate area) 
      Cumulative area ratio:   31.99
      Required ratio:    0.00 (Cumulative area) 
      Partial area ratio:  159.14
      Required ratio: 2952.08 (Side area) 
      Cumulative area ratio:  159.14
      Required ratio:    0.00 (Cumulative side area) 

    Layer: via
      Partial area ratio:    0.16
      Required ratio:   37.69 (Gate area) 
      Cumulative area ratio:    0.22
      Required ratio:    0.00 (Cumulative area) 

    Layer: met2
      Partial area ratio:    4.98
      Required ratio:    0.00 (Gate area) 
      Cumulative area ratio:   36.98
      Required ratio:    0.00 (Cumulative area) 
      Partial area ratio:   24.70
      Required ratio: 3125.96 (Side area) 
      Cumulative area ratio:  183.83
      Required ratio:    0.00 (Cumulative side area) 


  Pin:   ANTENNA_63/DIODE (sky130_fd_sc_hd__diode_2)
    Layer: mcon
      Partial area ratio:    0.07
      Required ratio:   10.82 (Gate area) 
      Cumulative area ratio:    0.07
      Required ratio:    0.00 (Cumulative area) 

    Layer: met1
      Partial area ratio:    2.34
      Required ratio:    0.00 (Gate area) 
      Cumulative area ratio:    2.34
      Required ratio:    0.00 (Cumulative area) 
      Partial area ratio:   11.16
      Required ratio: 2773.88 (Side area) 
      Cumulative area ratio:   11.16
      Required ratio:    0.00 (Cumulative side area) 

    Layer: via
      Partial area ratio:    0.10
      Required ratio:   21.65 (Gate area) 
      Cumulative area ratio:    0.17
      Required ratio:    0.00 (Cumulative area) 

    Layer: met2
      Partial area ratio:    4.98
      Required ratio:    0.00 (Gate area) 
      Cumulative area ratio:    7.33
      Required ratio:    0.00 (Cumulative area) 
      Partial area ratio:   24.70
      Required ratio: 3125.96 (Side area) 
      Cumulative area ratio:   35.85
      Required ratio:    0.00 (Cumulative side area) 



[INFO ANT-0002] Found 1 net violations.
[INFO ANT-0001] Found 1 pin violations.
%OL_END_REPORT
