Reading timing models for corner nom_tt_025C_1v80…
Reading timing library for the 'nom_tt_025C_1v80' corner at '/foss/pdks/volare/sky130/versions/0fe599b2afb6708d281543108caf8310912f54af/sky130A/libs.ref/sky130_fd_sc_hd/lib/sky130_fd_sc_hd__tt_025C_1v80.lib'…
Reading timing models for corner nom_ff_n40C_1v95…
Reading timing library for the 'nom_ff_n40C_1v95' corner at '/foss/pdks/volare/sky130/versions/0fe599b2afb6708d281543108caf8310912f54af/sky130A/libs.ref/sky130_fd_sc_hd/lib/sky130_fd_sc_hd__ff_n40C_1v95.lib'…
Reading timing models for corner nom_ss_100C_1v60…
Reading timing library for the 'nom_ss_100C_1v60' corner at '/foss/pdks/volare/sky130/versions/0fe599b2afb6708d281543108caf8310912f54af/sky130A/libs.ref/sky130_fd_sc_hd/lib/sky130_fd_sc_hd__ss_100C_1v60.lib'…
Reading OpenROAD database at '/home/asic/workspace/asic_project/runs/RUN_2025-05-14_18-45-19/27-openroad-globalplacement/dynamic_noise_reduction.odb'…
Reading design constraints file at '/usr/local/lib/python3.12/dist-packages/openlane/scripts/base.sdc'…
[INFO] Using clock clk…
[INFO] Setting output delay to: 4
[INFO] Setting input delay to: 4
[INFO] Setting load to: 0.033442
[INFO] Setting clock uncertainty to: 0.25
[INFO] Setting clock transition to: 0.1499999999999999944488848768742172978818416595458984375
[INFO] Setting timing derate to: 5%
[INFO] Setting RC values…
[INFO RSZ-0027] Inserted 33 input buffers.
[INFO RSZ-0028] Inserted 16 output buffers.
[INFO RSZ-0058] Using max wire length 6335um.
Iteration | Resized | Buffers | Nets repaired | Remaining
---------------------------------------------------------
        0 |       0 |       0 |             0 |      3077
      100 |      89 |       1 |             1 |      2977
      200 |     174 |       1 |             1 |      2877
      300 |     260 |       1 |             1 |      2777
      400 |     347 |       2 |             2 |      2677
      500 |     429 |       2 |             2 |      2577
      600 |     512 |       2 |             2 |      2477
      700 |     598 |       4 |             3 |      2377
      800 |     679 |       5 |             4 |      2277
      900 |     764 |       6 |             5 |      2177
     1000 |     856 |       6 |             5 |      2077
     1100 |     940 |       7 |             6 |      1977
     1200 |    1027 |       7 |             6 |      1877
     1300 |    1115 |       7 |             6 |      1777
     1400 |    1195 |       8 |             7 |      1677
     1500 |    1281 |       8 |             7 |      1577
     1600 |    1370 |       8 |             7 |      1477
     1700 |    1460 |       8 |             8 |      1377
     1800 |    1554 |       8 |             8 |      1277
     1900 |    1648 |       9 |            10 |      1177
     2000 |    1739 |       9 |            12 |      1077
     2100 |    1835 |      10 |            26 |       977
     2200 |    1931 |      10 |            31 |       877
     2300 |    2025 |      10 |            41 |       777
     2400 |    2122 |      13 |            47 |       677
     2500 |    2214 |      16 |            55 |       577
     2600 |    2308 |      16 |            56 |       477
     2700 |    2408 |      16 |            58 |       377
     2800 |    2496 |      21 |            75 |       277
     2900 |    2591 |      37 |           107 |       177
     3000 |    2689 |      51 |           142 |        77
    final |    2892 |     222 |           182 |         0
---------------------------------------------------------
[INFO RSZ-0034] Found 128 slew violations.
[INFO RSZ-0035] Found 55 fanout violations.
[INFO RSZ-0038] Inserted 222 buffers in 182 nets.
[INFO RSZ-0039] Resized 2892 instances.
Placement Analysis
---------------------------------
total displacement       5883.0 u
average displacement        0.9 u
max displacement            8.4 u
original HPWL          103334.6 u
legalized HPWL         107337.6 u
delta HPWL                    4 %

[INFO DPL-0020] Mirrored 1398 instances
[INFO DPL-0021] HPWL before          107337.6 u
[INFO DPL-0022] HPWL after           105039.9 u
[INFO DPL-0023] HPWL delta               -2.1 %
[INFO] Setting RC values…
Setting global connections for newly added cells…
[INFO] Setting global connections...
Updating metrics…
Cell type report:                       Count       Area
  Fill cell                               350    1313.76
  Tap cell                               3274    4096.43
  Timing Repair Buffer                    271    1719.15
  Inverter                                 68     282.77
  Sequential cell                          16     426.66
  Multi-Input combinational cell         2910   22153.75
  Total                                  6889   29992.52
Writing OpenROAD database to '/home/asic/workspace/asic_project/runs/RUN_2025-05-14_18-45-19/31-openroad-repairdesignpostgpl/dynamic_noise_reduction.odb'…
Writing netlist to '/home/asic/workspace/asic_project/runs/RUN_2025-05-14_18-45-19/31-openroad-repairdesignpostgpl/dynamic_noise_reduction.nl.v'…
Writing powered netlist to '/home/asic/workspace/asic_project/runs/RUN_2025-05-14_18-45-19/31-openroad-repairdesignpostgpl/dynamic_noise_reduction.pnl.v'…
Writing layout to '/home/asic/workspace/asic_project/runs/RUN_2025-05-14_18-45-19/31-openroad-repairdesignpostgpl/dynamic_noise_reduction.def'…
Writing timing constraints to '/home/asic/workspace/asic_project/runs/RUN_2025-05-14_18-45-19/31-openroad-repairdesignpostgpl/dynamic_noise_reduction.sdc'…
