Clock: clk
Sources: clk 
Generated: no
Virtual: yes
Propagated: no
Period: 10.000000

===========================================================================
report_clock_properties
============================================================================
Clock                   Period          Waveform
----------------------------------------------------
clk                  10.000000    0.000000  5.000000

===========================================================================
report_clock_latency
============================================================================
Clock clk
rise -> rise
    min     max
0.000000 0.000000 source latency
0.317814         network latency y_out_sky130_fd_sc_hd__dfrtp_2_Q_7/CLK
        0.318675 network latency y_out_sky130_fd_sc_hd__dfrtp_2_Q_15/CLK
---------------
0.317814 0.318675 latency
        0.000860 skew

fall -> fall
    min     max
0.000000 0.000000 source latency
0.310393         network latency y_out_sky130_fd_sc_hd__dfrtp_2_Q_7/CLK
        0.311041 network latency y_out_sky130_fd_sc_hd__dfrtp_2_Q_15/CLK
---------------
0.310393 0.311041 latency
        0.000647 skew



===========================================================================
report_clock_min_period
============================================================================
clk period_min = 6.70 fmax = 149.16
