100. Printing statistics.

=== dynamic_noise_reduction ===

   Number of wires:               3474
   Number of wire bits:           3549
   Number of public wires:           5
   Number of public wire bits:      50
   Number of ports:                  5
   Number of port bits:             50
   Number of memories:               0
   Number of memory bits:            0
   Number of processes:              0
   Number of cells:               3500
     $_ANDNOT_                    1201
     $_AND_                        327
     $_NAND_                       100
     $_NOR_                        162
     $_NOT_                         64
     $_ORNOT_                      162
     $_OR_                         293
     $_XNOR_                       344
     $_XOR_                        831
     sky130_fd_sc_hd__dfrtp_2       16

   Area for cell type $_NOT_ is unknown!
   Area for cell type $_AND_ is unknown!
   Area for cell type $_NAND_ is unknown!
   Area for cell type $_OR_ is unknown!
   Area for cell type $_NOR_ is unknown!
   Area for cell type $_XOR_ is unknown!
   Area for cell type $_XNOR_ is unknown!
   Area for cell type $_ANDNOT_ is unknown!
   Area for cell type $_ORNOT_ is unknown!

   Chip area for module '\dynamic_noise_reduction': 420.403200
     of which used for sequential elements: 420.403200 (100.00%)

