
===========================================================================
report_checks -unconstrained
===========================================================================
======================= nom_tt_025C_1v80 Corner ===================================

Startpoint: reset (input port clocked by clk)
Endpoint: y_out_sky130_fd_sc_hd__dfrtp_2_Q_15
          (recovery check against rising-edge clock clk)
Path Group: asynchronous
Path Type: max

Fanout         Cap        Slew       Delay        Time   Description
---------------------------------------------------------------------------------------------
                                  0.000000    0.000000   clock clk (rise edge)
                                  0.000000    0.000000   clock network delay (propagated)
                                  4.000000    4.000000 v input external delay
     1    0.003010    0.009118    0.004796    4.004796 v reset (in)
                                                         reset (net)
                      0.009118    0.000000    4.004796 v input17/A (sky130_fd_sc_hd__buf_2)
     3    0.032920    0.087719    0.160098    4.164894 v input17/X (sky130_fd_sc_hd__buf_2)
                                                         net17 (net)
                      0.088213    0.005185    4.170080 v fanout219/A (sky130_fd_sc_hd__clkbuf_4)
     6    0.038744    0.087492    0.208034    4.378114 v fanout219/X (sky130_fd_sc_hd__clkbuf_4)
                                                         net219 (net)
                      0.087616    0.002941    4.381054 v y_out_sky130_fd_sc_hd__dfrtp_2_Q_15_RESET_B_sky130_fd_sc_hd__inv_2_Y/A (sky130_fd_sc_hd__inv_2)
     1    0.005193    0.039250    0.064952    4.446006 ^ y_out_sky130_fd_sc_hd__dfrtp_2_Q_15_RESET_B_sky130_fd_sc_hd__inv_2_Y/Y (sky130_fd_sc_hd__inv_2)
                                                         y_out_sky130_fd_sc_hd__dfrtp_2_Q_15_RESET_B (net)
                      0.039251    0.000161    4.446167 ^ y_out_sky130_fd_sc_hd__dfrtp_2_Q_15/RESET_B (sky130_fd_sc_hd__dfrtp_4)
                                              4.446167   data arrival time

                                 20.000000   20.000000   clock clk (rise edge)
                                  0.000000   20.000000   clock source latency
     1    0.031423    0.146222    0.103825   20.103825 ^ clk (in)
                                                         clk (net)
                      0.146498    0.000000   20.103825 ^ clkbuf_0_clk/A (sky130_fd_sc_hd__clkbuf_16)
     2    0.027870    0.049777    0.168251   20.272076 ^ clkbuf_0_clk/X (sky130_fd_sc_hd__clkbuf_16)
                                                         clknet_0_clk (net)
                      0.049792    0.001084   20.273159 ^ clkbuf_1_1__f_clk/A (sky130_fd_sc_hd__clkbuf_16)
     9    0.030260    0.051228    0.136257   20.409416 ^ clkbuf_1_1__f_clk/X (sky130_fd_sc_hd__clkbuf_16)
                                                         clknet_1_1__leaf_clk (net)
                      0.051235    0.001121   20.410538 ^ y_out_sky130_fd_sc_hd__dfrtp_2_Q_15/CLK (sky130_fd_sc_hd__dfrtp_4)
                                 -0.250000   20.160540   clock uncertainty
                                  0.000000   20.160540   clock reconvergence pessimism
                                  0.220959   20.381498   library recovery time
                                             20.381498   data required time
---------------------------------------------------------------------------------------------
                                             20.381498   data required time
                                             -4.446167   data arrival time
---------------------------------------------------------------------------------------------
                                             15.935330   slack (MET)


Startpoint: alpha[2] (input port clocked by clk)
Endpoint: y_out_sky130_fd_sc_hd__dfrtp_2_Q_7
          (rising edge-triggered flip-flop clocked by clk)
Path Group: clk
Path Type: max

Fanout         Cap        Slew       Delay        Time   Description
---------------------------------------------------------------------------------------------
                                  0.000000    0.000000   clock clk (rise edge)
                                  0.000000    0.000000   clock network delay (propagated)
                                  4.000000    4.000000 ^ input external delay
     1    0.002984    0.020525    0.010977    4.010977 ^ alpha[2] (in)
                                                         alpha[2] (net)
                      0.020525    0.000000    4.010977 ^ input9/A (sky130_fd_sc_hd__clkbuf_2)
     3    0.020479    0.116839    0.147682    4.158659 ^ input9/X (sky130_fd_sc_hd__clkbuf_2)
                                                         net9 (net)
                      0.116849    0.000876    4.159535 ^ fanout114/A (sky130_fd_sc_hd__buf_2)
     6    0.036617    0.180756    0.230459    4.389994 ^ fanout114/X (sky130_fd_sc_hd__buf_2)
                                                         net114 (net)
                      0.180760    0.000747    4.390741 ^ fanout112/A (sky130_fd_sc_hd__clkbuf_4)
    10    0.048893    0.153384    0.262101    4.652842 ^ fanout112/X (sky130_fd_sc_hd__clkbuf_4)
                                                         net112 (net)
                      0.153386    0.000965    4.653808 ^ y_out_sky130_fd_sc_hd__dfrtp_2_Q_11_D_sky130_fd_sc_hd__xor2_2_X_A_sky130_fd_sc_hd__and2b_2_X_B_sky130_fd_sc_hd__a211o_2_X_B1_sky130_fd_sc_hd__a21oi_2_Y_B1_sky130_fd_sc_hd__a21oi_2_Y_B1_sky130_fd_sc_hd__a21oi_2_Y_A1_sky130_fd_sc_hd__and4_2_X_D_sky130_fd_sc_hd__inv_2_Y/A (sky130_fd_sc_hd__inv_2)
     3    0.034555    0.094353    0.117304    4.771111 v y_out_sky130_fd_sc_hd__dfrtp_2_Q_11_D_sky130_fd_sc_hd__xor2_2_X_A_sky130_fd_sc_hd__and2b_2_X_B_sky130_fd_sc_hd__a211o_2_X_B1_sky130_fd_sc_hd__a21oi_2_Y_B1_sky130_fd_sc_hd__a21oi_2_Y_B1_sky130_fd_sc_hd__a21oi_2_Y_A1_sky130_fd_sc_hd__and4_2_X_D_sky130_fd_sc_hd__inv_2_Y/Y (sky130_fd_sc_hd__inv_2)
                                                         y_out_sky130_fd_sc_hd__dfrtp_2_Q_11_D_sky130_fd_sc_hd__xor2_2_X_A_sky130_fd_sc_hd__and2b_2_X_B_sky130_fd_sc_hd__a211o_2_X_B1_sky130_fd_sc_hd__a21oi_2_Y_B1_sky130_fd_sc_hd__a21oi_2_Y_B1_sky130_fd_sc_hd__a21oi_2_Y_A1_sky130_fd_sc_hd__and4_2_X_D (net)
                      0.094482    0.002641    4.773753 v fanout100/A (sky130_fd_sc_hd__buf_4)
    10    0.066866    0.093490    0.217133    4.990886 v fanout100/X (sky130_fd_sc_hd__buf_4)
                                                         net100 (net)
                      0.093509    0.001189    4.992075 v y_out_sky130_fd_sc_hd__dfrtp_2_Q_D_sky130_fd_sc_hd__xnor2_2_Y_B_sky130_fd_sc_hd__xnor2_2_Y_B_sky130_fd_sc_hd__xnor2_2_Y_B_sky130_fd_sc_hd__xnor2_2_Y_A_sky130_fd_sc_hd__o21ai_2_Y_A1_sky130_fd_sc_hd__xnor2_2_Y_B_sky130_fd_sc_hd__xor2_2_X_B_sky130_fd_sc_hd__xnor2_2_Y_B_sky130_fd_sc_hd__o31a_2_X_A3_sky130_fd_sc_hd__and2_2_X_B_sky130_fd_sc_hd__or4_2_A/B (sky130_fd_sc_hd__or4_1)
     2    0.005523    0.100022    0.535773    5.527848 v y_out_sky130_fd_sc_hd__dfrtp_2_Q_D_sky130_fd_sc_hd__xnor2_2_Y_B_sky130_fd_sc_hd__xnor2_2_Y_B_sky130_fd_sc_hd__xnor2_2_Y_B_sky130_fd_sc_hd__xnor2_2_Y_A_sky130_fd_sc_hd__o21ai_2_Y_A1_sky130_fd_sc_hd__xnor2_2_Y_B_sky130_fd_sc_hd__xor2_2_X_B_sky130_fd_sc_hd__xnor2_2_Y_B_sky130_fd_sc_hd__o31a_2_X_A3_sky130_fd_sc_hd__and2_2_X_B_sky130_fd_sc_hd__or4_2_A/X (sky130_fd_sc_hd__or4_1)
                                                         y_out_sky130_fd_sc_hd__dfrtp_2_Q_D_sky130_fd_sc_hd__xnor2_2_Y_B_sky130_fd_sc_hd__xnor2_2_Y_B_sky130_fd_sc_hd__xnor2_2_Y_B_sky130_fd_sc_hd__xnor2_2_Y_A_sky130_fd_sc_hd__o21ai_2_Y_A1_sky130_fd_sc_hd__xnor2_2_Y_B_sky130_fd_sc_hd__xor2_2_X_B_sky130_fd_sc_hd__xnor2_2_Y_B_sky130_fd_sc_hd__o31a_2_X_A3_sky130_fd_sc_hd__and2_2_X_B_sky130_fd_sc_hd__or4_2_A_X (net)
                      0.100022    0.000162    5.528010 v y_out_sky130_fd_sc_hd__dfrtp_2_Q_D_sky130_fd_sc_hd__xnor2_2_Y_B_sky130_fd_sc_hd__xnor2_2_Y_B_sky130_fd_sc_hd__xnor2_2_Y_B_sky130_fd_sc_hd__xnor2_2_Y_A_sky130_fd_sc_hd__o21ai_2_Y_A1_sky130_fd_sc_hd__xnor2_2_Y_B_sky130_fd_sc_hd__xor2_2_X_B_sky130_fd_sc_hd__xnor2_2_Y_B_sky130_fd_sc_hd__o31a_2_X_A3_sky130_fd_sc_hd__and2_2_X_B_sky130_fd_sc_hd__or4_2_A_X_sky130_fd_sc_hd__a21o_2_A1/A1 (sky130_fd_sc_hd__a21o_1)
     3    0.009376    0.060063    0.203161    5.731171 v y_out_sky130_fd_sc_hd__dfrtp_2_Q_D_sky130_fd_sc_hd__xnor2_2_Y_B_sky130_fd_sc_hd__xnor2_2_Y_B_sky130_fd_sc_hd__xnor2_2_Y_B_sky130_fd_sc_hd__xnor2_2_Y_A_sky130_fd_sc_hd__o21ai_2_Y_A1_sky130_fd_sc_hd__xnor2_2_Y_B_sky130_fd_sc_hd__xor2_2_X_B_sky130_fd_sc_hd__xnor2_2_Y_B_sky130_fd_sc_hd__o31a_2_X_A3_sky130_fd_sc_hd__and2_2_X_B_sky130_fd_sc_hd__or4_2_A_X_sky130_fd_sc_hd__a21o_2_A1/X (sky130_fd_sc_hd__a21o_1)
                                                         y_out_sky130_fd_sc_hd__dfrtp_2_Q_D_sky130_fd_sc_hd__xnor2_2_Y_B_sky130_fd_sc_hd__xnor2_2_Y_B_sky130_fd_sc_hd__xnor2_2_Y_B_sky130_fd_sc_hd__xnor2_2_Y_A_sky130_fd_sc_hd__o21ai_2_Y_A1_sky130_fd_sc_hd__xnor2_2_Y_B_sky130_fd_sc_hd__xor2_2_X_B_sky130_fd_sc_hd__xnor2_2_Y_B_sky130_fd_sc_hd__o31a_2_X_A3_sky130_fd_sc_hd__and2_2_X_B_sky130_fd_sc_hd__or4_2_A_X_sky130_fd_sc_hd__a21o_2_A1_X (net)
                      0.060063    0.000174    5.731345 v y_out_sky130_fd_sc_hd__dfrtp_2_Q_D_sky130_fd_sc_hd__xnor2_2_Y_B_sky130_fd_sc_hd__xnor2_2_Y_B_sky130_fd_sc_hd__xnor2_2_Y_B_sky130_fd_sc_hd__xnor2_2_Y_A_sky130_fd_sc_hd__o21ai_2_Y_A1_sky130_fd_sc_hd__xnor2_2_Y_B_sky130_fd_sc_hd__xor2_2_X_B_sky130_fd_sc_hd__xnor2_2_Y_B_sky130_fd_sc_hd__o31a_2_X_A3_sky130_fd_sc_hd__and2_2_X_B_sky130_fd_sc_hd__or4_2_A_X_sky130_fd_sc_hd__a21o_2_A1_X_sky130_fd_sc_hd__a21bo_2_A2/A2 (sky130_fd_sc_hd__a21bo_1)
     2    0.008109    0.057866    0.215909    5.947254 v y_out_sky130_fd_sc_hd__dfrtp_2_Q_D_sky130_fd_sc_hd__xnor2_2_Y_B_sky130_fd_sc_hd__xnor2_2_Y_B_sky130_fd_sc_hd__xnor2_2_Y_B_sky130_fd_sc_hd__xnor2_2_Y_A_sky130_fd_sc_hd__o21ai_2_Y_A1_sky130_fd_sc_hd__xnor2_2_Y_B_sky130_fd_sc_hd__xor2_2_X_B_sky130_fd_sc_hd__xnor2_2_Y_B_sky130_fd_sc_hd__o31a_2_X_A3_sky130_fd_sc_hd__and2_2_X_B_sky130_fd_sc_hd__or4_2_A_X_sky130_fd_sc_hd__a21o_2_A1_X_sky130_fd_sc_hd__a21bo_2_A2/X (sky130_fd_sc_hd__a21bo_1)
                                                         y_out_sky130_fd_sc_hd__dfrtp_2_Q_D_sky130_fd_sc_hd__xnor2_2_Y_B_sky130_fd_sc_hd__xnor2_2_Y_B_sky130_fd_sc_hd__xnor2_2_Y_B_sky130_fd_sc_hd__xnor2_2_Y_A_sky130_fd_sc_hd__o21ai_2_Y_A1_sky130_fd_sc_hd__xnor2_2_Y_B_sky130_fd_sc_hd__xor2_2_X_B_sky130_fd_sc_hd__xnor2_2_Y_B_sky130_fd_sc_hd__o31a_2_X_A3_sky130_fd_sc_hd__and2_2_X_B_sky130_fd_sc_hd__or4_2_A_X_sky130_fd_sc_hd__a21o_2_A1_X_sky130_fd_sc_hd__a21bo_2_A2_X (net)
                      0.057866    0.000176    5.947430 v y_out_sky130_fd_sc_hd__dfrtp_2_Q_7_D_sky130_fd_sc_hd__xnor2_2_Y_A_sky130_fd_sc_hd__xor2_2_X_A_sky130_fd_sc_hd__a21oi_2_Y_A1_sky130_fd_sc_hd__a21oi_2_Y_A1_sky130_fd_sc_hd__nand2b_2_Y_A_N_sky130_fd_sc_hd__a21oi_2_Y_A1_sky130_fd_sc_hd__xor2_2_A_X_sky130_fd_sc_hd__and3_2_B_C_sky130_fd_sc_hd__o211ai_2_Y_C1_sky130_fd_sc_hd__or4_2_X_D_sky130_fd_sc_hd__o211a_2_X_C1_sky130_fd_sc_hd__nand3_2_Y_C_sky130_fd_sc_hd__a21o_2_X/B1 (sky130_fd_sc_hd__a21o_1)
     3    0.011390    0.068028    0.191249    6.138680 v y_out_sky130_fd_sc_hd__dfrtp_2_Q_7_D_sky130_fd_sc_hd__xnor2_2_Y_A_sky130_fd_sc_hd__xor2_2_X_A_sky130_fd_sc_hd__a21oi_2_Y_A1_sky130_fd_sc_hd__a21oi_2_Y_A1_sky130_fd_sc_hd__nand2b_2_Y_A_N_sky130_fd_sc_hd__a21oi_2_Y_A1_sky130_fd_sc_hd__xor2_2_A_X_sky130_fd_sc_hd__and3_2_B_C_sky130_fd_sc_hd__o211ai_2_Y_C1_sky130_fd_sc_hd__or4_2_X_D_sky130_fd_sc_hd__o211a_2_X_C1_sky130_fd_sc_hd__nand3_2_Y_C_sky130_fd_sc_hd__a21o_2_X/X (sky130_fd_sc_hd__a21o_1)
                                                         y_out_sky130_fd_sc_hd__dfrtp_2_Q_7_D_sky130_fd_sc_hd__xnor2_2_Y_A_sky130_fd_sc_hd__xor2_2_X_A_sky130_fd_sc_hd__a21oi_2_Y_A1_sky130_fd_sc_hd__a21oi_2_Y_A1_sky130_fd_sc_hd__nand2b_2_Y_A_N_sky130_fd_sc_hd__a21oi_2_Y_A1_sky130_fd_sc_hd__xor2_2_A_X_sky130_fd_sc_hd__and3_2_B_C_sky130_fd_sc_hd__o211ai_2_Y_C1_sky130_fd_sc_hd__or4_2_X_D_sky130_fd_sc_hd__o211a_2_X_C1_sky130_fd_sc_hd__nand3_2_Y_C (net)
                      0.068029    0.000347    6.139027 v y_out_sky130_fd_sc_hd__dfrtp_2_Q_7_D_sky130_fd_sc_hd__xnor2_2_Y_B_sky130_fd_sc_hd__o21ba_2_X_A2_sky130_fd_sc_hd__a21oi_2_Y_A1_sky130_fd_sc_hd__a21oi_2_Y_A1_sky130_fd_sc_hd__nand2b_2_Y_A_N_sky130_fd_sc_hd__nor2_2_Y_A_sky130_fd_sc_hd__and2b_2_X_B_sky130_fd_sc_hd__a21bo_2_X_A1_sky130_fd_sc_hd__nand3_2_A_Y_sky130_fd_sc_hd__nand4_2_B_D_sky130_fd_sc_hd__o211ai_2_Y_A1_sky130_fd_sc_hd__and3_2_X/C (sky130_fd_sc_hd__and3_1)
     2    0.013568    0.081828    0.232033    6.371060 v y_out_sky130_fd_sc_hd__dfrtp_2_Q_7_D_sky130_fd_sc_hd__xnor2_2_Y_B_sky130_fd_sc_hd__o21ba_2_X_A2_sky130_fd_sc_hd__a21oi_2_Y_A1_sky130_fd_sc_hd__a21oi_2_Y_A1_sky130_fd_sc_hd__nand2b_2_Y_A_N_sky130_fd_sc_hd__nor2_2_Y_A_sky130_fd_sc_hd__and2b_2_X_B_sky130_fd_sc_hd__a21bo_2_X_A1_sky130_fd_sc_hd__nand3_2_A_Y_sky130_fd_sc_hd__nand4_2_B_D_sky130_fd_sc_hd__o211ai_2_Y_A1_sky130_fd_sc_hd__and3_2_X/X (sky130_fd_sc_hd__and3_1)
                                                         y_out_sky130_fd_sc_hd__dfrtp_2_Q_7_D_sky130_fd_sc_hd__xnor2_2_Y_B_sky130_fd_sc_hd__o21ba_2_X_A2_sky130_fd_sc_hd__a21oi_2_Y_A1_sky130_fd_sc_hd__a21oi_2_Y_A1_sky130_fd_sc_hd__nand2b_2_Y_A_N_sky130_fd_sc_hd__nor2_2_Y_A_sky130_fd_sc_hd__and2b_2_X_B_sky130_fd_sc_hd__a21bo_2_X_A1_sky130_fd_sc_hd__nand3_2_A_Y_sky130_fd_sc_hd__nand4_2_B_D_sky130_fd_sc_hd__o211ai_2_Y_A1 (net)
                      0.081829    0.000456    6.371515 v y_out_sky130_fd_sc_hd__dfrtp_2_Q_7_D_sky130_fd_sc_hd__xnor2_2_Y_B_sky130_fd_sc_hd__o21ba_2_X_A2_sky130_fd_sc_hd__a21oi_2_Y_A1_sky130_fd_sc_hd__a21oi_2_Y_A1_sky130_fd_sc_hd__nand2b_2_Y_A_N_sky130_fd_sc_hd__nor2_2_Y_A_sky130_fd_sc_hd__and2b_2_X_B_sky130_fd_sc_hd__a21bo_2_X_A1_sky130_fd_sc_hd__nand3_2_A_Y_sky130_fd_sc_hd__nand4_2_B_D_sky130_fd_sc_hd__o211ai_2_Y_A1_sky130_fd_sc_hd__a211o_2_B1/B1 (sky130_fd_sc_hd__a211o_2)
     4    0.021360    0.093068    0.376371    6.747887 v y_out_sky130_fd_sc_hd__dfrtp_2_Q_7_D_sky130_fd_sc_hd__xnor2_2_Y_B_sky130_fd_sc_hd__o21ba_2_X_A2_sky130_fd_sc_hd__a21oi_2_Y_A1_sky130_fd_sc_hd__a21oi_2_Y_A1_sky130_fd_sc_hd__nand2b_2_Y_A_N_sky130_fd_sc_hd__nor2_2_Y_A_sky130_fd_sc_hd__and2b_2_X_B_sky130_fd_sc_hd__a21bo_2_X_A1_sky130_fd_sc_hd__nand3_2_A_Y_sky130_fd_sc_hd__nand4_2_B_D_sky130_fd_sc_hd__o211ai_2_Y_A1_sky130_fd_sc_hd__a211o_2_B1/X (sky130_fd_sc_hd__a211o_2)
                                                         y_out_sky130_fd_sc_hd__dfrtp_2_Q_7_D_sky130_fd_sc_hd__xnor2_2_Y_B_sky130_fd_sc_hd__o21ba_2_X_A2_sky130_fd_sc_hd__a21oi_2_Y_A1_sky130_fd_sc_hd__a21oi_2_Y_A1_sky130_fd_sc_hd__nand2b_2_Y_A_N_sky130_fd_sc_hd__nor2_2_Y_A_sky130_fd_sc_hd__and2b_2_X_B_sky130_fd_sc_hd__a21bo_2_X_A1_sky130_fd_sc_hd__nand3_2_A_Y_sky130_fd_sc_hd__nand4_2_B_D_sky130_fd_sc_hd__o211ai_2_Y_A1_sky130_fd_sc_hd__a211o_2_B1_X (net)
                      0.093076    0.000936    6.748823 v y_out_sky130_fd_sc_hd__dfrtp_2_Q_7_D_sky130_fd_sc_hd__xnor2_2_Y_B_sky130_fd_sc_hd__o21ba_2_X_A2_sky130_fd_sc_hd__a21oi_2_Y_A1_sky130_fd_sc_hd__a21oi_2_Y_A1_sky130_fd_sc_hd__nand2b_2_Y_A_N_sky130_fd_sc_hd__nor2_2_Y_A_sky130_fd_sc_hd__and2b_2_X_B_sky130_fd_sc_hd__a21bo_2_X_A1_sky130_fd_sc_hd__nand3_2_A_Y_sky130_fd_sc_hd__a22o_2_A1/B2 (sky130_fd_sc_hd__a22o_1)
     2    0.012431    0.082026    0.258140    7.006963 v y_out_sky130_fd_sc_hd__dfrtp_2_Q_7_D_sky130_fd_sc_hd__xnor2_2_Y_B_sky130_fd_sc_hd__o21ba_2_X_A2_sky130_fd_sc_hd__a21oi_2_Y_A1_sky130_fd_sc_hd__a21oi_2_Y_A1_sky130_fd_sc_hd__nand2b_2_Y_A_N_sky130_fd_sc_hd__nor2_2_Y_A_sky130_fd_sc_hd__and2b_2_X_B_sky130_fd_sc_hd__a21bo_2_X_A1_sky130_fd_sc_hd__nand3_2_A_Y_sky130_fd_sc_hd__a22o_2_A1/X (sky130_fd_sc_hd__a22o_1)
                                                         y_out_sky130_fd_sc_hd__dfrtp_2_Q_7_D_sky130_fd_sc_hd__xnor2_2_Y_B_sky130_fd_sc_hd__o21ba_2_X_A2_sky130_fd_sc_hd__a21oi_2_Y_A1_sky130_fd_sc_hd__a21oi_2_Y_A1_sky130_fd_sc_hd__nand2b_2_Y_A_N_sky130_fd_sc_hd__nor2_2_Y_A_sky130_fd_sc_hd__and2b_2_X_B_sky130_fd_sc_hd__a21bo_2_X_A1_sky130_fd_sc_hd__nand3_2_A_Y_sky130_fd_sc_hd__a22o_2_A1_X (net)
                      0.082026    0.000238    7.007200 v y_out_sky130_fd_sc_hd__dfrtp_2_Q_11_D_sky130_fd_sc_hd__xor2_2_X_B_sky130_fd_sc_hd__nand2_2_Y_A_sky130_fd_sc_hd__a211o_2_X_A2_sky130_fd_sc_hd__nand3_2_Y_C_sky130_fd_sc_hd__a211o_2_X_A2_sky130_fd_sc_hd__a21o_2_X_A2_sky130_fd_sc_hd__o211ai_2_Y_A1_sky130_fd_sc_hd__and3_2_X_C_sky130_fd_sc_hd__o211ai_2_Y_A1_sky130_fd_sc_hd__and3_2_X_C_sky130_fd_sc_hd__a211o_2_X/A2 (sky130_fd_sc_hd__a211o_1)
     3    0.012365    0.089921    0.350894    7.358094 v y_out_sky130_fd_sc_hd__dfrtp_2_Q_11_D_sky130_fd_sc_hd__xor2_2_X_B_sky130_fd_sc_hd__nand2_2_Y_A_sky130_fd_sc_hd__a211o_2_X_A2_sky130_fd_sc_hd__nand3_2_Y_C_sky130_fd_sc_hd__a211o_2_X_A2_sky130_fd_sc_hd__a21o_2_X_A2_sky130_fd_sc_hd__o211ai_2_Y_A1_sky130_fd_sc_hd__and3_2_X_C_sky130_fd_sc_hd__o211ai_2_Y_A1_sky130_fd_sc_hd__and3_2_X_C_sky130_fd_sc_hd__a211o_2_X/X (sky130_fd_sc_hd__a211o_1)
                                                         y_out_sky130_fd_sc_hd__dfrtp_2_Q_11_D_sky130_fd_sc_hd__xor2_2_X_B_sky130_fd_sc_hd__nand2_2_Y_A_sky130_fd_sc_hd__a211o_2_X_A2_sky130_fd_sc_hd__nand3_2_Y_C_sky130_fd_sc_hd__a211o_2_X_A2_sky130_fd_sc_hd__a21o_2_X_A2_sky130_fd_sc_hd__o211ai_2_Y_A1_sky130_fd_sc_hd__and3_2_X_C_sky130_fd_sc_hd__o211ai_2_Y_A1_sky130_fd_sc_hd__and3_2_X_C (net)
                      0.089926    0.000815    7.358909 v y_out_sky130_fd_sc_hd__dfrtp_2_Q_11_D_sky130_fd_sc_hd__xor2_2_X_B_sky130_fd_sc_hd__nand2_2_Y_A_sky130_fd_sc_hd__a211o_2_X_A2_sky130_fd_sc_hd__nand3_2_Y_C_sky130_fd_sc_hd__a211o_2_X_A2_sky130_fd_sc_hd__a21o_2_X_A2_sky130_fd_sc_hd__o211ai_2_Y_A1_sky130_fd_sc_hd__and3_2_X_C_sky130_fd_sc_hd__o211ai_2_Y_A1_sky130_fd_sc_hd__and3_2_X/C (sky130_fd_sc_hd__and3_1)
     2    0.007677    0.058288    0.218367    7.577276 v y_out_sky130_fd_sc_hd__dfrtp_2_Q_11_D_sky130_fd_sc_hd__xor2_2_X_B_sky130_fd_sc_hd__nand2_2_Y_A_sky130_fd_sc_hd__a211o_2_X_A2_sky130_fd_sc_hd__nand3_2_Y_C_sky130_fd_sc_hd__a211o_2_X_A2_sky130_fd_sc_hd__a21o_2_X_A2_sky130_fd_sc_hd__o211ai_2_Y_A1_sky130_fd_sc_hd__and3_2_X_C_sky130_fd_sc_hd__o211ai_2_Y_A1_sky130_fd_sc_hd__and3_2_X/X (sky130_fd_sc_hd__and3_1)
                                                         y_out_sky130_fd_sc_hd__dfrtp_2_Q_11_D_sky130_fd_sc_hd__xor2_2_X_B_sky130_fd_sc_hd__nand2_2_Y_A_sky130_fd_sc_hd__a211o_2_X_A2_sky130_fd_sc_hd__nand3_2_Y_C_sky130_fd_sc_hd__a211o_2_X_A2_sky130_fd_sc_hd__a21o_2_X_A2_sky130_fd_sc_hd__o211ai_2_Y_A1_sky130_fd_sc_hd__and3_2_X_C_sky130_fd_sc_hd__o211ai_2_Y_A1 (net)
                      0.058288    0.000152    7.577428 v y_out_sky130_fd_sc_hd__dfrtp_2_Q_11_D_sky130_fd_sc_hd__xor2_2_X_B_sky130_fd_sc_hd__nand2_2_Y_A_sky130_fd_sc_hd__a211o_2_X_A2_sky130_fd_sc_hd__nand3_2_Y_C_sky130_fd_sc_hd__a211o_2_X_A2_sky130_fd_sc_hd__a21o_2_X_A2_sky130_fd_sc_hd__o211ai_2_Y_A1_sky130_fd_sc_hd__and3_2_X_C_sky130_fd_sc_hd__o211ai_2_Y_A1_sky130_fd_sc_hd__a211o_2_B1/B1 (sky130_fd_sc_hd__a211o_1)
     5    0.015763    0.104516    0.333516    7.910944 v y_out_sky130_fd_sc_hd__dfrtp_2_Q_11_D_sky130_fd_sc_hd__xor2_2_X_B_sky130_fd_sc_hd__nand2_2_Y_A_sky130_fd_sc_hd__a211o_2_X_A2_sky130_fd_sc_hd__nand3_2_Y_C_sky130_fd_sc_hd__a211o_2_X_A2_sky130_fd_sc_hd__a21o_2_X_A2_sky130_fd_sc_hd__o211ai_2_Y_A1_sky130_fd_sc_hd__and3_2_X_C_sky130_fd_sc_hd__o211ai_2_Y_A1_sky130_fd_sc_hd__a211o_2_B1/X (sky130_fd_sc_hd__a211o_1)
                                                         y_out_sky130_fd_sc_hd__dfrtp_2_Q_11_D_sky130_fd_sc_hd__xor2_2_X_B_sky130_fd_sc_hd__nand2_2_Y_A_sky130_fd_sc_hd__a211o_2_X_A2_sky130_fd_sc_hd__nand3_2_Y_C_sky130_fd_sc_hd__a211o_2_X_A2_sky130_fd_sc_hd__a21o_2_X_A2_sky130_fd_sc_hd__o211ai_2_Y_A1_sky130_fd_sc_hd__and3_2_X_C_sky130_fd_sc_hd__o211ai_2_Y_A1_sky130_fd_sc_hd__a211o_2_B1_X (net)
                      0.104517    0.000530    7.911474 v y_out_sky130_fd_sc_hd__dfrtp_2_Q_11_D_sky130_fd_sc_hd__xor2_2_X_B_sky130_fd_sc_hd__nand2_2_Y_A_sky130_fd_sc_hd__a211o_2_X_A2_sky130_fd_sc_hd__nand3_2_Y_C_sky130_fd_sc_hd__a211o_2_X_A2_sky130_fd_sc_hd__a21o_2_X_A2_sky130_fd_sc_hd__o211ai_2_Y_A1_sky130_fd_sc_hd__and3_2_X/A (sky130_fd_sc_hd__and3_1)
     2    0.007427    0.057103    0.187550    8.099024 v y_out_sky130_fd_sc_hd__dfrtp_2_Q_11_D_sky130_fd_sc_hd__xor2_2_X_B_sky130_fd_sc_hd__nand2_2_Y_A_sky130_fd_sc_hd__a211o_2_X_A2_sky130_fd_sc_hd__nand3_2_Y_C_sky130_fd_sc_hd__a211o_2_X_A2_sky130_fd_sc_hd__a21o_2_X_A2_sky130_fd_sc_hd__o211ai_2_Y_A1_sky130_fd_sc_hd__and3_2_X/X (sky130_fd_sc_hd__and3_1)
                                                         y_out_sky130_fd_sc_hd__dfrtp_2_Q_11_D_sky130_fd_sc_hd__xor2_2_X_B_sky130_fd_sc_hd__nand2_2_Y_A_sky130_fd_sc_hd__a211o_2_X_A2_sky130_fd_sc_hd__nand3_2_Y_C_sky130_fd_sc_hd__a211o_2_X_A2_sky130_fd_sc_hd__a21o_2_X_A2_sky130_fd_sc_hd__o211ai_2_Y_A1 (net)
                      0.057103    0.000151    8.099174 v y_out_sky130_fd_sc_hd__dfrtp_2_Q_11_D_sky130_fd_sc_hd__xor2_2_X_B_sky130_fd_sc_hd__nand2_2_Y_A_sky130_fd_sc_hd__a211o_2_X_A2_sky130_fd_sc_hd__nand3_2_Y_C_sky130_fd_sc_hd__a211o_2_X_A2_sky130_fd_sc_hd__a21o_2_X_A2_sky130_fd_sc_hd__o211ai_2_Y_A2_sky130_fd_sc_hd__a211o_2_B1/C1 (sky130_fd_sc_hd__a211o_2)
     4    0.019971    0.089790    0.324805    8.423980 v y_out_sky130_fd_sc_hd__dfrtp_2_Q_11_D_sky130_fd_sc_hd__xor2_2_X_B_sky130_fd_sc_hd__nand2_2_Y_A_sky130_fd_sc_hd__a211o_2_X_A2_sky130_fd_sc_hd__nand3_2_Y_C_sky130_fd_sc_hd__a211o_2_X_A2_sky130_fd_sc_hd__a21o_2_X_A2_sky130_fd_sc_hd__o211ai_2_Y_A2_sky130_fd_sc_hd__a211o_2_B1/X (sky130_fd_sc_hd__a211o_2)
                                                         y_out_sky130_fd_sc_hd__dfrtp_2_Q_11_D_sky130_fd_sc_hd__xor2_2_X_B_sky130_fd_sc_hd__nand2_2_Y_A_sky130_fd_sc_hd__a211o_2_X_A2_sky130_fd_sc_hd__nand3_2_Y_C_sky130_fd_sc_hd__a211o_2_X_A2_sky130_fd_sc_hd__a21o_2_X_A2_sky130_fd_sc_hd__o211ai_2_Y_A2_sky130_fd_sc_hd__a211o_2_B1_X (net)
                      0.089790    0.000470    8.424450 v y_out_sky130_fd_sc_hd__dfrtp_2_Q_11_D_sky130_fd_sc_hd__xor2_2_X_B_sky130_fd_sc_hd__nand2_2_Y_A_sky130_fd_sc_hd__a211o_2_X_A2_sky130_fd_sc_hd__nand3_2_Y_C_sky130_fd_sc_hd__a211o_2_X_A2_sky130_fd_sc_hd__a21o_2_X/A1 (sky130_fd_sc_hd__a21o_1)
     2    0.013951    0.078493    0.215075    8.639524 v y_out_sky130_fd_sc_hd__dfrtp_2_Q_11_D_sky130_fd_sc_hd__xor2_2_X_B_sky130_fd_sc_hd__nand2_2_Y_A_sky130_fd_sc_hd__a211o_2_X_A2_sky130_fd_sc_hd__nand3_2_Y_C_sky130_fd_sc_hd__a211o_2_X_A2_sky130_fd_sc_hd__a21o_2_X/X (sky130_fd_sc_hd__a21o_1)
                                                         y_out_sky130_fd_sc_hd__dfrtp_2_Q_11_D_sky130_fd_sc_hd__xor2_2_X_B_sky130_fd_sc_hd__nand2_2_Y_A_sky130_fd_sc_hd__a211o_2_X_A2_sky130_fd_sc_hd__nand3_2_Y_C_sky130_fd_sc_hd__a211o_2_X_A2 (net)
                      0.078497    0.000669    8.640194 v y_out_sky130_fd_sc_hd__dfrtp_2_Q_11_D_sky130_fd_sc_hd__xor2_2_X_B_sky130_fd_sc_hd__nand2_2_Y_A_sky130_fd_sc_hd__a211o_2_X_A2_sky130_fd_sc_hd__nand3_2_Y_C_sky130_fd_sc_hd__a211o_2_X/A2 (sky130_fd_sc_hd__a211o_1)
     3    0.008766    0.075796    0.332991    8.973185 v y_out_sky130_fd_sc_hd__dfrtp_2_Q_11_D_sky130_fd_sc_hd__xor2_2_X_B_sky130_fd_sc_hd__nand2_2_Y_A_sky130_fd_sc_hd__a211o_2_X_A2_sky130_fd_sc_hd__nand3_2_Y_C_sky130_fd_sc_hd__a211o_2_X/X (sky130_fd_sc_hd__a211o_1)
                                                         y_out_sky130_fd_sc_hd__dfrtp_2_Q_11_D_sky130_fd_sc_hd__xor2_2_X_B_sky130_fd_sc_hd__nand2_2_Y_A_sky130_fd_sc_hd__a211o_2_X_A2_sky130_fd_sc_hd__nand3_2_Y_C (net)
                      0.075796    0.000300    8.973484 v y_out_sky130_fd_sc_hd__dfrtp_2_Q_13_D_sky130_fd_sc_hd__xnor2_2_Y_A_sky130_fd_sc_hd__and2b_2_X_B_sky130_fd_sc_hd__o211ai_2_Y_A1_sky130_fd_sc_hd__and3_2_X/C (sky130_fd_sc_hd__and3_1)
     2    0.006398    0.052338    0.205649    9.179133 v y_out_sky130_fd_sc_hd__dfrtp_2_Q_13_D_sky130_fd_sc_hd__xnor2_2_Y_A_sky130_fd_sc_hd__and2b_2_X_B_sky130_fd_sc_hd__o211ai_2_Y_A1_sky130_fd_sc_hd__and3_2_X/X (sky130_fd_sc_hd__and3_1)
                                                         y_out_sky130_fd_sc_hd__dfrtp_2_Q_13_D_sky130_fd_sc_hd__xnor2_2_Y_A_sky130_fd_sc_hd__and2b_2_X_B_sky130_fd_sc_hd__o211ai_2_Y_A1 (net)
                      0.052338    0.000209    9.179342 v y_out_sky130_fd_sc_hd__dfrtp_2_Q_13_D_sky130_fd_sc_hd__xnor2_2_Y_A_sky130_fd_sc_hd__and2b_2_X_A_N_sky130_fd_sc_hd__a211oi_2_Y/B1 (sky130_fd_sc_hd__a211oi_1)
     2    0.006015    0.267634    0.275194    9.454536 ^ y_out_sky130_fd_sc_hd__dfrtp_2_Q_13_D_sky130_fd_sc_hd__xnor2_2_Y_A_sky130_fd_sc_hd__and2b_2_X_A_N_sky130_fd_sc_hd__a211oi_2_Y/Y (sky130_fd_sc_hd__a211oi_1)
                                                         y_out_sky130_fd_sc_hd__dfrtp_2_Q_13_D_sky130_fd_sc_hd__xnor2_2_Y_A_sky130_fd_sc_hd__and2b_2_X_A_N (net)
                      0.267634    0.000192    9.454728 ^ y_out_sky130_fd_sc_hd__dfrtp_2_Q_13_D_sky130_fd_sc_hd__xnor2_2_Y_A_sky130_fd_sc_hd__and2b_2_X/A_N (sky130_fd_sc_hd__and2b_1)
     3    0.016296    0.090094    0.273880    9.728608 v y_out_sky130_fd_sc_hd__dfrtp_2_Q_13_D_sky130_fd_sc_hd__xnor2_2_Y_A_sky130_fd_sc_hd__and2b_2_X/X (sky130_fd_sc_hd__and2b_1)
                                                         y_out_sky130_fd_sc_hd__dfrtp_2_Q_13_D_sky130_fd_sc_hd__xnor2_2_Y_A (net)
                      0.090094    0.000345    9.728953 v y_out_sky130_fd_sc_hd__dfrtp_2_Q_13_D_sky130_fd_sc_hd__xnor2_2_Y_A_sky130_fd_sc_hd__a311oi_2_A2/A2 (sky130_fd_sc_hd__a311oi_4)
     3    0.013726    0.294051    0.331858   10.060811 ^ y_out_sky130_fd_sc_hd__dfrtp_2_Q_13_D_sky130_fd_sc_hd__xnor2_2_Y_A_sky130_fd_sc_hd__a311oi_2_A2/Y (sky130_fd_sc_hd__a311oi_4)
                                                         y_out_sky130_fd_sc_hd__dfrtp_2_Q_10_D_sky130_fd_sc_hd__nor2_2_Y_B_sky130_fd_sc_hd__o21ba_2_X_A1 (net)
                      0.294051    0.000721   10.061532 ^ y_out_sky130_fd_sc_hd__dfrtp_2_Q_10_D_sky130_fd_sc_hd__nor2_2_Y_B_sky130_fd_sc_hd__o21ba_2_X_A1_sky130_fd_sc_hd__nor3b_2_A/A (sky130_fd_sc_hd__nor3b_1)
     2    0.005241    0.084879    0.112170   10.173702 v y_out_sky130_fd_sc_hd__dfrtp_2_Q_10_D_sky130_fd_sc_hd__nor2_2_Y_B_sky130_fd_sc_hd__o21ba_2_X_A1_sky130_fd_sc_hd__nor3b_2_A/Y (sky130_fd_sc_hd__nor3b_1)
                                                         y_out_sky130_fd_sc_hd__dfrtp_2_Q_10_D_sky130_fd_sc_hd__nor2_2_Y_B_sky130_fd_sc_hd__o21ba_2_X_A1_sky130_fd_sc_hd__nor3b_2_A_Y (net)
                      0.084879    0.000097   10.173799 v max_cap50/A (sky130_fd_sc_hd__buf_1)
     3    0.009290    0.060666    0.134867   10.308666 v max_cap50/X (sky130_fd_sc_hd__buf_1)
                                                         net50 (net)
                      0.060666    0.000247   10.308913 v y_out_sky130_fd_sc_hd__dfrtp_2_Q_8_D_sky130_fd_sc_hd__and2b_2_X_A_N_sky130_fd_sc_hd__o311a_2_X/A3 (sky130_fd_sc_hd__o311a_1)
     2    0.005207    0.062638    0.302486   10.611399 v y_out_sky130_fd_sc_hd__dfrtp_2_Q_8_D_sky130_fd_sc_hd__and2b_2_X_A_N_sky130_fd_sc_hd__o311a_2_X/X (sky130_fd_sc_hd__o311a_1)
                                                         y_out_sky130_fd_sc_hd__dfrtp_2_Q_8_D_sky130_fd_sc_hd__and2b_2_X_A_N (net)
                      0.062638    0.000169   10.611567 v y_out_sky130_fd_sc_hd__dfrtp_2_Q_7_D_sky130_fd_sc_hd__xnor2_2_Y_B_sky130_fd_sc_hd__o21ba_2_X/B1_N (sky130_fd_sc_hd__o21ba_1)
     1    0.006057    0.073091    0.235266   10.846834 ^ y_out_sky130_fd_sc_hd__dfrtp_2_Q_7_D_sky130_fd_sc_hd__xnor2_2_Y_B_sky130_fd_sc_hd__o21ba_2_X/X (sky130_fd_sc_hd__o21ba_1)
                                                         y_out_sky130_fd_sc_hd__dfrtp_2_Q_7_D_sky130_fd_sc_hd__xnor2_2_Y_B (net)
                      0.073091    0.000179   10.847013 ^ y_out_sky130_fd_sc_hd__dfrtp_2_Q_7_D_sky130_fd_sc_hd__xnor2_2_Y/B (sky130_fd_sc_hd__xnor2_1)
     1    0.003820    0.135025    0.120452   10.967464 ^ y_out_sky130_fd_sc_hd__dfrtp_2_Q_7_D_sky130_fd_sc_hd__xnor2_2_Y/Y (sky130_fd_sc_hd__xnor2_1)
                                                         y_out_sky130_fd_sc_hd__dfrtp_2_Q_7_D (net)
                      0.135025    0.000140   10.967605 ^ y_out_sky130_fd_sc_hd__dfrtp_2_Q_7/D (sky130_fd_sc_hd__dfrtp_2)
                                             10.967605   data arrival time

                                 20.000000   20.000000   clock clk (rise edge)
                                  0.000000   20.000000   clock source latency
     1    0.031423    0.146222    0.103825   20.103825 ^ clk (in)
                                                         clk (net)
                      0.146498    0.000000   20.103825 ^ clkbuf_0_clk/A (sky130_fd_sc_hd__clkbuf_16)
     2    0.027870    0.049777    0.168251   20.272076 ^ clkbuf_0_clk/X (sky130_fd_sc_hd__clkbuf_16)
                                                         clknet_0_clk (net)
                      0.049792    0.001084   20.273159 ^ clkbuf_1_1__f_clk/A (sky130_fd_sc_hd__clkbuf_16)
     9    0.030260    0.051228    0.136257   20.409416 ^ clkbuf_1_1__f_clk/X (sky130_fd_sc_hd__clkbuf_16)
                                                         clknet_1_1__leaf_clk (net)
                      0.051232    0.000780   20.410196 ^ y_out_sky130_fd_sc_hd__dfrtp_2_Q_7/CLK (sky130_fd_sc_hd__dfrtp_2)
                                 -0.250000   20.160198   clock uncertainty
                                  0.000000   20.160198   clock reconvergence pessimism
                                 -0.083549   20.076649   library setup time
                                             20.076649   data required time
---------------------------------------------------------------------------------------------
                                             20.076649   data required time
                                            -10.967605   data arrival time
---------------------------------------------------------------------------------------------
                                              9.109043   slack (MET)




===========================================================================
report_checks --slack_max -0.01
============================================================================
======================= nom_tt_025C_1v80 Corner ===================================

No paths found.


===========================================================================
 report_check_types -max_slew -max_cap -max_fanout -violators
============================================================================
======================= nom_tt_025C_1v80 Corner ===================================

max fanout

Pin                                   Limit Fanout  Slack
---------------------------------------------------------
fanout132/X                              10     12     -2 (VIOLATED)
fanout101/X                              10     11        (VIOLATED)
fanout111/X                              10     11        (VIOLATED)
fanout152/X                              10     11        (VIOLATED)
fanout165/X                              10     11        (VIOLATED)
fanout62/X                               10     11        (VIOLATED)
fanout69/X                               10     11        (VIOLATED)
fanout93/X                               10     11        (VIOLATED)



===========================================================================
report_parasitic_annotation -report_unannotated
============================================================================
Found 1 unannotated drivers.
 clkload0/X
Found 0 partially unannotated drivers.

===========================================================================
max slew violation count 0
Writing metric design__max_slew_violation__count__corner:nom_tt_025C_1v80: 0
max fanout violation count 8
Writing metric design__max_fanout_violation__count__corner:nom_tt_025C_1v80: 8
max cap violation count 0
Writing metric design__max_cap_violation__count__corner:nom_tt_025C_1v80: 0
============================================================================

===========================================================================
check_setup -verbose -unconstrained_endpoints -multiple_clock -no_clock -no_input_delay -loops -generated_clocks
===========================================================================
