Clock: clk
Sources: clk 
Generated: no
Virtual: yes
Propagated: no
Period: 20.000000

===========================================================================
report_clock_properties
============================================================================
Clock                   Period          Waveform
----------------------------------------------------
clk                  20.000000    0.000000 10.000000

===========================================================================
report_clock_latency
============================================================================
Clock clk
rise -> rise
    min     max
0.000000 0.000000 source latency
0.409360         network latency y_out_sky130_fd_sc_hd__dfrtp_2_Q_6/CLK
        0.410538 network latency y_out_sky130_fd_sc_hd__dfrtp_2_Q_15/CLK
---------------
0.409360 0.410538 latency
        0.001177 skew

fall -> fall
    min     max
0.000000 0.000000 source latency
0.365550         network latency y_out_sky130_fd_sc_hd__dfrtp_2_Q_6/CLK
        0.366772 network latency y_out_sky130_fd_sc_hd__dfrtp_2_Q_15/CLK
---------------
0.365550 0.366772 latency
        0.001222 skew



===========================================================================
report_clock_min_period
============================================================================
clk period_min = 7.09 fmax = 140.97
