Reading timing models for corner nom_tt_025C_1v80…
Reading timing library for the 'nom_tt_025C_1v80' corner at '/foss/pdks/volare/sky130/versions/0fe599b2afb6708d281543108caf8310912f54af/sky130A/libs.ref/sky130_fd_sc_hd/lib/sky130_fd_sc_hd__tt_025C_1v80.lib'…
Reading timing models for corner nom_ff_n40C_1v95…
Reading timing library for the 'nom_ff_n40C_1v95' corner at '/foss/pdks/volare/sky130/versions/0fe599b2afb6708d281543108caf8310912f54af/sky130A/libs.ref/sky130_fd_sc_hd/lib/sky130_fd_sc_hd__ff_n40C_1v95.lib'…
Reading timing models for corner nom_ss_100C_1v60…
Reading timing library for the 'nom_ss_100C_1v60' corner at '/foss/pdks/volare/sky130/versions/0fe599b2afb6708d281543108caf8310912f54af/sky130A/libs.ref/sky130_fd_sc_hd/lib/sky130_fd_sc_hd__ss_100C_1v60.lib'…
Reading OpenROAD database at '/home/asic/workspace/asic_project/runs/RUN_2025-05-13_11-08-55/34-openroad-cts/dynamic_noise_reduction.odb'…
Reading design constraints file at '/usr/local/lib/python3.12/dist-packages/openlane/scripts/base.sdc'…
[INFO] Using clock clk…
[INFO] Setting output delay to: 3
[INFO] Setting input delay to: 3
[INFO] Setting load to: 0.033442
[INFO] Setting clock uncertainty to: 0.25
[INFO] Setting clock transition to: 0.1499999999999999944488848768742172978818416595458984375
[INFO] Setting timing derate to: 5%
[INFO] Setting RC values…
[INFO RSZ-0094] Found 3 endpoints with setup violations.
[INFO RSZ-0099] Repairing 3 out of 3 (100.00%) violating endpoints...
   Iter   | Removed | Resized | Inserted | Cloned |  Pin  |    WNS   |   TNS      |  Viol  | Worst
          | Buffers |  Gates  | Buffers  |  Gates | Swaps |          |            | Endpts | Endpt
---------------------------------------------------------------------------------------------------
        0 |       0 |       0 |        0 |      0 |     0 |   -0.120 |       -0.2 |      3 | y_out_sky130_fd_sc_hd__dfrtp_2_Q/D
        3 |       0 |       2 |        0 |      0 |     0 |    0.026 |        0.0 |      1 | y_out_sky130_fd_sc_hd__dfrtp_2_Q_7/D
        4 |       0 |       2 |        0 |      0 |     0 |    0.026 |        0.0 |      0 | y_out_sky130_fd_sc_hd__dfrtp_2_Q_7/D
        6 |       0 |       3 |        0 |      0 |     0 |    0.078 |        0.0 |      0 | y_out_sky130_fd_sc_hd__dfrtp_2_Q/D
    final |       0 |       3 |        0 |      0 |     0 |    0.078 |        0.0 |      0 | y_out_sky130_fd_sc_hd__dfrtp_2_Q/D
---------------------------------------------------------------------------------------------------
[INFO RSZ-0041] Resized 3 instances.
[INFO RSZ-0033] No hold violations found.
Placement Analysis
---------------------------------
total displacement         11.9 u
average displacement        0.0 u
max displacement            4.1 u
original HPWL           69428.6 u
legalized HPWL          71552.5 u
delta HPWL                    3 %

[INFO DPL-0020] Mirrored 1401 instances
[INFO DPL-0021] HPWL before           71552.5 u
[INFO DPL-0022] HPWL after            69439.8 u
[INFO DPL-0023] HPWL delta               -3.0 %
[INFO] Setting RC values…
Setting global connections for newly added cells…
[INFO] Setting global connections...
Updating metrics…
Cell type report:                       Count       Area
  Fill cell                               180     675.65
  Tap cell                                828    1035.99
  Clock buffer                              4      88.84
  Timing Repair Buffer                    274    1508.95
  Inverter                                 68     265.25
  Sequential cell                          16     415.40
  Multi-Input combinational cell         2910   21593.21
  Total                                  4280   25583.29
Writing OpenROAD database to '/home/asic/workspace/asic_project/runs/RUN_2025-05-13_11-08-55/36-openroad-resizertimingpostcts/dynamic_noise_reduction.odb'…
Writing netlist to '/home/asic/workspace/asic_project/runs/RUN_2025-05-13_11-08-55/36-openroad-resizertimingpostcts/dynamic_noise_reduction.nl.v'…
Writing powered netlist to '/home/asic/workspace/asic_project/runs/RUN_2025-05-13_11-08-55/36-openroad-resizertimingpostcts/dynamic_noise_reduction.pnl.v'…
Writing layout to '/home/asic/workspace/asic_project/runs/RUN_2025-05-13_11-08-55/36-openroad-resizertimingpostcts/dynamic_noise_reduction.def'…
Writing timing constraints to '/home/asic/workspace/asic_project/runs/RUN_2025-05-13_11-08-55/36-openroad-resizertimingpostcts/dynamic_noise_reduction.sdc'…
