Reading OpenROAD database at '/home/asic/workspace/asic_project/runs/RUN_2025-05-13_11-08-55/36-openroad-resizertimingpostcts/dynamic_noise_reduction.odb'…
Reading library file at '/foss/pdks/volare/sky130/versions/0fe599b2afb6708d281543108caf8310912f54af/sky130A/libs.ref/sky130_fd_sc_hd/lib/sky130_fd_sc_hd__tt_025C_1v80.lib'…
Reading design constraints file at '/usr/local/lib/python3.12/dist-packages/openlane/scripts/base.sdc'…
[INFO] Using clock clk…
[INFO] Setting output delay to: 3
[INFO] Setting input delay to: 3
[INFO] Setting load to: 0.033442
[INFO] Setting clock uncertainty to: 0.25
[INFO] Setting clock transition to: 0.1499999999999999944488848768742172978818416595458984375
[INFO] Setting timing derate to: 5%
[INFO] Setting signal min routing layer to: met1 and clock min routing layer to met1. 
[INFO] Setting signal max routing layer to: met5 and clock max routing layer to met5. 
-congestion_iterations 50 -verbose
[INFO GRT-0020] Min routing layer: met1
[INFO GRT-0021] Max routing layer: met5
[INFO GRT-0022] Global adjustment: 30%
[INFO GRT-0023] Grid origin: (0, 0)
[INFO GRT-0043] No OR_DEFAULT vias defined.
[INFO GRT-0088] Layer li1     Track-Pitch = 0.4600  line-2-Via Pitch: 0.3400
[INFO GRT-0088] Layer met1    Track-Pitch = 0.3400  line-2-Via Pitch: 0.3400
[INFO GRT-0088] Layer met2    Track-Pitch = 0.4600  line-2-Via Pitch: 0.3500
[INFO GRT-0088] Layer met3    Track-Pitch = 0.6800  line-2-Via Pitch: 0.6150
[INFO GRT-0088] Layer met4    Track-Pitch = 0.9200  line-2-Via Pitch: 1.0400
[INFO GRT-0088] Layer met5    Track-Pitch = 3.4000  line-2-Via Pitch: 3.1100
[INFO GRT-0019] Found 4 clock nets.
[INFO GRT-0001] Minimum degree: 2
[INFO GRT-0002] Maximum degree: 11
[INFO GRT-0003] Macros: 0
[INFO GRT-0043] No OR_DEFAULT vias defined.
[INFO GRT-0004] Blockages: 519

[INFO GRT-0053] Routing resources analysis:
          Routing      Original      Derated      Resource
Layer     Direction    Resources     Resources    Reduction (%)
---------------------------------------------------------------
li1        Vertical            0             0          0.00%
met1       Horizontal      28692         14155          50.67%
met2       Vertical        21219         13740          35.25%
met3       Horizontal      14346          9709          32.32%
met4       Vertical         8556          5262          38.50%
met5       Horizontal       2847          1368          51.95%
---------------------------------------------------------------

[INFO GRT-0101] Running extra iterations to remove overflow.
[INFO GRT-0197] Via related to pin nodes: 16972
[INFO GRT-0198] Via related Steiner nodes: 190
[INFO GRT-0199] Via filling finished.
[INFO GRT-0111] Final number of vias: 20848
[INFO GRT-0112] Final usage 3D: 73257

[INFO GRT-0096] Final congestion report:
Layer         Resource        Demand        Usage (%)    Max H / Max V / Total Overflow
---------------------------------------------------------------------------------------
li1                  0             0            0.00%             0 /  0 /  0
met1             14155          4769           33.69%             0 /  0 /  0
met2             13740          5428           39.51%             0 /  0 /  0
met3              9709           242            2.49%             0 /  0 /  0
met4              5262           274            5.21%             0 /  0 /  0
met5              1368             0            0.00%             0 /  0 /  0
---------------------------------------------------------------------------------------
Total            44234         10713           24.22%             0 /  0 /  0

[INFO GRT-0018] Total wirelength: 118700 um
[INFO GRT-0014] Routed nets: 3305
%OL_CREATE_REPORT antenna.rpt
[INFO GRT-0043] No OR_DEFAULT vias defined.
Net: net13
  Pin:   fanout244/A (sky130_fd_sc_hd__dlymetal6s2s_1)
    Layer: mcon
      Partial area ratio:    0.23
      Required ratio:    3.00 (Gate area) 
      Cumulative area ratio:    0.23
      Required ratio:    0.00 (Cumulative area) 

    Layer: met1
      Partial area ratio:    7.69
      Required ratio:    0.00 (Gate area) 
      Cumulative area ratio:    7.69
      Required ratio:    0.00 (Cumulative area) 
      Partial area ratio:   37.00
      Required ratio:  400.00 (Side area) 
      Cumulative area ratio:   37.00
      Required ratio:    0.00 (Cumulative side area) 

    Layer: via
      Partial area ratio:    0.36
      Required ratio:    6.00 (Gate area) 
      Cumulative area ratio:    0.59
      Required ratio:    0.00 (Cumulative area) 

    Layer: met2
      Partial area ratio:   10.09
      Required ratio:    0.00 (Gate area) 
      Cumulative area ratio:   17.78
      Required ratio:    0.00 (Cumulative area) 
      Partial area ratio:   48.92
      Required ratio: 2753.36 (Side area) 
      Cumulative area ratio:   85.92
      Required ratio:    0.00 (Cumulative side area) 

    Layer: via2
      Partial area ratio:    0.32
      Required ratio:   19.80 (Gate area) 
      Cumulative area ratio:    0.90
      Required ratio:    0.00 (Cumulative area) 

    Layer: met3
      Partial area ratio:   42.25
      Required ratio:    0.00 (Gate area) 
      Cumulative area ratio:   60.03
      Required ratio:    0.00 (Cumulative area) 
      Partial area ratio:  226.38
      Required ratio: 2753.36 (Side area) 
      Cumulative area ratio:  312.30
      Required ratio:    0.00 (Cumulative side area) 


  Pin:   fanout246/A (sky130_fd_sc_hd__buf_2)
    Layer: mcon
      Partial area ratio:    0.18
      Required ratio:    3.00 (Gate area) 
      Cumulative area ratio:    0.18
      Required ratio:    0.00 (Cumulative area) 

    Layer: met1
      Partial area ratio:    3.19
      Required ratio:    0.00 (Gate area) 
      Cumulative area ratio:    3.19
      Required ratio:    0.00 (Cumulative area) 
      Partial area ratio:   14.81
      Required ratio:  400.00 (Side area) 
      Cumulative area ratio:   14.81
      Required ratio:    0.00 (Cumulative side area) 

    Layer: via
      Partial area ratio:    0.28
      Required ratio:    6.00 (Gate area) 
      Cumulative area ratio:    0.46
      Required ratio:    0.00 (Cumulative area) 

    Layer: met2
      Partial area ratio:    1.17
      Required ratio:    0.00 (Gate area) 
      Cumulative area ratio:    4.37
      Required ratio:    0.00 (Cumulative area) 
      Partial area ratio:    5.42
      Required ratio:  400.00 (Side area) 
      Cumulative area ratio:   20.22
      Required ratio:    0.00 (Cumulative side area) 

    Layer: via2
      Partial area ratio:    0.25
      Required ratio:    6.00 (Gate area) 
      Cumulative area ratio:    0.72
      Required ratio:    0.00 (Cumulative area) 

    Layer: met3
      Partial area ratio:   42.25
      Required ratio:    0.00 (Gate area) 
      Cumulative area ratio:   46.62
      Required ratio:    0.00 (Cumulative area) 
      Partial area ratio:  226.38
      Required ratio: 2753.36 (Side area) 
      Cumulative area ratio:  246.60
      Required ratio:    0.00 (Cumulative side area) 


  Pin:   fanout249/A (sky130_fd_sc_hd__buf_2)
    Layer: mcon
      Partial area ratio:    0.18
      Required ratio:    3.00 (Gate area) 
      Cumulative area ratio:    0.18
      Required ratio:    0.00 (Cumulative area) 

    Layer: met1
      Partial area ratio:    3.63
      Required ratio:    0.00 (Gate area) 
      Cumulative area ratio:    3.63
      Required ratio:    0.00 (Cumulative area) 
      Partial area ratio:   17.00
      Required ratio:  400.00 (Side area) 
      Cumulative area ratio:   17.00
      Required ratio:    0.00 (Cumulative side area) 

    Layer: via
      Partial area ratio:    0.28
      Required ratio:    6.00 (Gate area) 
      Cumulative area ratio:    0.46
      Required ratio:    0.00 (Cumulative area) 

    Layer: met2
      Partial area ratio:  116.83
      Required ratio:    0.00 (Gate area) 
      Cumulative area ratio:  120.46
      Required ratio:    0.00 (Cumulative area) 
      Partial area ratio:  583.00
      Required ratio:  400.00 (Side area) (VIOLATED)
      Cumulative area ratio:  600.01
      Required ratio:    0.00 (Cumulative side area) 

    Layer: via2
      Partial area ratio:    0.25
      Required ratio:    6.00 (Gate area) 
      Cumulative area ratio:    0.72
      Required ratio:    0.00 (Cumulative area) 

    Layer: met3
      Partial area ratio:   42.25
      Required ratio:    0.00 (Gate area) 
      Cumulative area ratio:  162.71
      Required ratio:    0.00 (Cumulative area) 
      Partial area ratio:  226.38
      Required ratio: 2753.36 (Side area) 
      Cumulative area ratio:  826.38
      Required ratio:    0.00 (Cumulative side area) 



Net: net105
  Pin:   y_out_sky130_fd_sc_hd__dfrtp_2_Q_11_D_sky130_fd_sc_hd__xor2_2_X_A_sky130_fd_sc_hd__and2b_2_X_B_sky130_fd_sc_hd__a211o_2_X_B1_sky130_fd_sc_hd__a21oi_2_Y_B1_sky130_fd_sc_hd__a21oi_2_Y_B1_sky130_fd_sc_hd__a21oi_2_Y_A1_sky130_fd_sc_hd__nor2_2_A_B_sky130_fd_sc_hd__o22a_2_X/A2 (sky130_fd_sc_hd__o22a_1)
    Layer: mcon
      Partial area ratio:    0.12
      Required ratio:    3.00 (Gate area) 
      Cumulative area ratio:    0.12
      Required ratio:    0.00 (Cumulative area) 

    Layer: met1
      Partial area ratio:    8.80
      Required ratio:    0.00 (Gate area) 
      Cumulative area ratio:    8.80
      Required ratio:    0.00 (Cumulative area) 
      Partial area ratio:   43.26
      Required ratio:  400.00 (Side area) 
      Cumulative area ratio:   43.26
      Required ratio:    0.00 (Cumulative side area) 

    Layer: via
      Partial area ratio:    0.18
      Required ratio:    6.00 (Gate area) 
      Cumulative area ratio:    0.30
      Required ratio:    0.00 (Cumulative area) 

    Layer: met2
      Partial area ratio:    5.88
      Required ratio:    0.00 (Gate area) 
      Cumulative area ratio:   14.68
      Required ratio:    0.00 (Cumulative area) 
      Partial area ratio:   28.87
      Required ratio: 2918.08 (Side area) 
      Cumulative area ratio:   72.13
      Required ratio:    0.00 (Cumulative side area) 


  Pin:   y_out_sky130_fd_sc_hd__dfrtp_2_Q_11_D_sky130_fd_sc_hd__xor2_2_X_B_sky130_fd_sc_hd__nand2_2_Y_A_sky130_fd_sc_hd__a211o_2_X_A2_sky130_fd_sc_hd__nand3_2_Y_A_sky130_fd_sc_hd__nor2_2_Y_A_sky130_fd_sc_hd__or2_2_X_B_sky130_fd_sc_hd__o21ba_2_X_A2_sky130_fd_sc_hd__and2_2_X_B_sky130_fd_sc_hd__o21ba_2_X_A2_sky130_fd_sc_hd__a22oi_2_Y/A2 (sky130_fd_sc_hd__a22oi_1)
    Layer: mcon
      Partial area ratio:    0.12
      Required ratio:    3.00 (Gate area) 
      Cumulative area ratio:    0.12
      Required ratio:    0.00 (Cumulative area) 

    Layer: met1
      Partial area ratio:    1.74
      Required ratio:    0.00 (Gate area) 
      Cumulative area ratio:    1.74
      Required ratio:    0.00 (Cumulative area) 
      Partial area ratio:    7.99
      Required ratio:  400.00 (Side area) 
      Cumulative area ratio:    7.99
      Required ratio:    0.00 (Cumulative side area) 

    Layer: via
      Partial area ratio:    0.14
      Required ratio:    6.00 (Gate area) 
      Cumulative area ratio:    0.25
      Required ratio:    0.00 (Cumulative area) 

    Layer: met2
      Partial area ratio:    5.88
      Required ratio:    0.00 (Gate area) 
      Cumulative area ratio:    7.62
      Required ratio:    0.00 (Cumulative area) 
      Partial area ratio:   28.87
      Required ratio: 2918.08 (Side area) 
      Cumulative area ratio:   36.86
      Required ratio:    0.00 (Cumulative side area) 


  Pin:   y_out_sky130_fd_sc_hd__dfrtp_2_Q_13_D_sky130_fd_sc_hd__xnor2_2_Y_B_sky130_fd_sc_hd__a21oi_2_Y_B1_sky130_fd_sc_hd__and3_2_X_C_sky130_fd_sc_hd__a211o_2_X_B1_sky130_fd_sc_hd__nor2_2_Y_A_sky130_fd_sc_hd__nand2b_2_Y_A_N_sky130_fd_sc_hd__nand2_2_Y_A_sky130_fd_sc_hd__and3_2_X/B (sky130_fd_sc_hd__and3_1)
    Layer: mcon
      Partial area ratio:    0.23
      Required ratio:    3.00 (Gate area) 
      Cumulative area ratio:    0.23
      Required ratio:    0.00 (Cumulative area) 

    Layer: met1
      Partial area ratio:   88.32
      Required ratio:    0.00 (Gate area) 
      Cumulative area ratio:   88.32
      Required ratio:    0.00 (Cumulative area) 
      Partial area ratio:  438.39
      Required ratio:  400.00 (Side area) (VIOLATED)
      Cumulative area ratio:  438.39
      Required ratio:    0.00 (Cumulative side area) 

    Layer: via
      Partial area ratio:    0.71
      Required ratio:    6.00 (Gate area) 
      Cumulative area ratio:    0.94
      Required ratio:    0.00 (Cumulative area) 

    Layer: met2
      Partial area ratio:    5.88
      Required ratio:    0.00 (Gate area) 
      Cumulative area ratio:   94.19
      Required ratio:    0.00 (Cumulative area) 
      Partial area ratio:   28.87
      Required ratio: 2918.08 (Side area) 
      Cumulative area ratio:  467.26
      Required ratio:    0.00 (Cumulative side area) 


  Pin:   y_out_sky130_fd_sc_hd__dfrtp_2_Q_15_D_sky130_fd_sc_hd__xnor2_2_Y_A_sky130_fd_sc_hd__nand2b_2_Y_A_N_sky130_fd_sc_hd__nor3_2_Y_A_sky130_fd_sc_hd__or2_2_X_A_sky130_fd_sc_hd__and3_2_X_A_sky130_fd_sc_hd__o21ai_2_Y_A2_sky130_fd_sc_hd__o2bb2a_2_X_A2_N_sky130_fd_sc_hd__a21oi_2_Y_A1_sky130_fd_sc_hd__nand2_2_Y/A (sky130_fd_sc_hd__nand2_1)
    Layer: mcon
      Partial area ratio:    0.12
      Required ratio:    3.00 (Gate area) 
      Cumulative area ratio:    0.12
      Required ratio:    0.00 (Cumulative area) 

    Layer: met1
      Partial area ratio:    1.74
      Required ratio:    0.00 (Gate area) 
      Cumulative area ratio:    1.74
      Required ratio:    0.00 (Cumulative area) 
      Partial area ratio:    7.99
      Required ratio:  400.00 (Side area) 
      Cumulative area ratio:    7.99
      Required ratio:    0.00 (Cumulative side area) 

    Layer: via
      Partial area ratio:    0.14
      Required ratio:    6.00 (Gate area) 
      Cumulative area ratio:    0.25
      Required ratio:    0.00 (Cumulative area) 

    Layer: met2
      Partial area ratio:    5.88
      Required ratio:    0.00 (Gate area) 
      Cumulative area ratio:    7.62
      Required ratio:    0.00 (Cumulative area) 
      Partial area ratio:   28.87
      Required ratio: 2918.08 (Side area) 
      Cumulative area ratio:   36.86
      Required ratio:    0.00 (Cumulative side area) 


  Pin:   y_out_sky130_fd_sc_hd__dfrtp_2_Q_15_D_sky130_fd_sc_hd__xnor2_2_Y_A_sky130_fd_sc_hd__nand2b_2_Y_A_N_sky130_fd_sc_hd__nor3_2_Y_A_sky130_fd_sc_hd__or2_2_X_A_sky130_fd_sc_hd__and3_2_X_A_sky130_fd_sc_hd__o21ai_2_Y_A2_sky130_fd_sc_hd__o2bb2a_2_X_B2_sky130_fd_sc_hd__a21oi_2_Y_A1_sky130_fd_sc_hd__a21o_2_X_A1_sky130_fd_sc_hd__nor2_2_A_B_sky130_fd_sc_hd__a22oi_2_Y/A1 (sky130_fd_sc_hd__a22oi_1)
    Layer: mcon
      Partial area ratio:    0.12
      Required ratio:    3.00 (Gate area) 
      Cumulative area ratio:    0.12
      Required ratio:    0.00 (Cumulative area) 

    Layer: met1
      Partial area ratio:    1.96
      Required ratio:    0.00 (Gate area) 
      Cumulative area ratio:    1.96
      Required ratio:    0.00 (Cumulative area) 
      Partial area ratio:    9.06
      Required ratio:  400.00 (Side area) 
      Cumulative area ratio:    9.06
      Required ratio:    0.00 (Cumulative side area) 

    Layer: via
      Partial area ratio:    0.18
      Required ratio:    6.00 (Gate area) 
      Cumulative area ratio:    0.30
      Required ratio:    0.00 (Cumulative area) 

    Layer: met2
      Partial area ratio:    5.88
      Required ratio:    0.00 (Gate area) 
      Cumulative area ratio:    7.84
      Required ratio:    0.00 (Cumulative area) 
      Partial area ratio:   28.87
      Required ratio: 2918.08 (Side area) 
      Cumulative area ratio:   37.93
      Required ratio:    0.00 (Cumulative side area) 


  Pin:   y_out_sky130_fd_sc_hd__dfrtp_2_Q_15_D_sky130_fd_sc_hd__xnor2_2_Y_B_sky130_fd_sc_hd__o21a_2_X_B1_sky130_fd_sc_hd__a211o_2_X_B1_sky130_fd_sc_hd__o211a_2_X_A1_sky130_fd_sc_hd__o221a_2_X_A1_sky130_fd_sc_hd__and3_2_X_A_sky130_fd_sc_hd__nand3_2_Y_A_sky130_fd_sc_hd__nor4_2_Y_D_sky130_fd_sc_hd__and3_2_X_A_sky130_fd_sc_hd__or3b_2_X_A_sky130_fd_sc_hd__nand2_2_Y/A (sky130_fd_sc_hd__nand2_1)
    Layer: mcon
      Partial area ratio:    0.12
      Required ratio:    3.00 (Gate area) 
      Cumulative area ratio:    0.12
      Required ratio:    0.00 (Cumulative area) 

    Layer: met1
      Partial area ratio:   11.21
      Required ratio:    0.00 (Gate area) 
      Cumulative area ratio:   11.21
      Required ratio:    0.00 (Cumulative area) 
      Partial area ratio:   54.17
      Required ratio: 2918.08 (Side area) 
      Cumulative area ratio:   54.17
      Required ratio:    0.00 (Cumulative side area) 

    Layer: via
      Partial area ratio:    0.36
      Required ratio:   34.63 (Gate area) 
      Cumulative area ratio:    0.48
      Required ratio:    0.00 (Cumulative area) 

    Layer: met2
      Partial area ratio:    5.88
      Required ratio:    0.00 (Gate area) 
      Cumulative area ratio:   17.09
      Required ratio:    0.00 (Cumulative area) 
      Partial area ratio:   28.87
      Required ratio: 2918.08 (Side area) 
      Cumulative area ratio:   83.04
      Required ratio:    0.00 (Cumulative side area) 


  Pin:   y_out_sky130_fd_sc_hd__dfrtp_2_Q_15_D_sky130_fd_sc_hd__xnor2_2_Y_B_sky130_fd_sc_hd__o21a_2_X_B1_sky130_fd_sc_hd__a211o_2_X_B1_sky130_fd_sc_hd__o211a_2_X_A1_sky130_fd_sc_hd__o221a_2_X_A2_sky130_fd_sc_hd__o211a_2_X_A1_sky130_fd_sc_hd__o21a_2_X_A1_sky130_fd_sc_hd__nor2_2_Y_A_sky130_fd_sc_hd__nand2_2_Y_B_sky130_fd_sc_hd__and2b_2_A_N_B_sky130_fd_sc_hd__a22o_2_X/A1 (sky130_fd_sc_hd__a22o_1)
    Layer: mcon
      Partial area ratio:    0.12
      Required ratio:    3.00 (Gate area) 
      Cumulative area ratio:    0.12
      Required ratio:    0.00 (Cumulative area) 

    Layer: met1
      Partial area ratio:    6.16
      Required ratio:    0.00 (Gate area) 
      Cumulative area ratio:    6.16
      Required ratio:    0.00 (Cumulative area) 
      Partial area ratio:   30.06
      Required ratio:  400.00 (Side area) 
      Cumulative area ratio:   30.06
      Required ratio:    0.00 (Cumulative side area) 

    Layer: via
      Partial area ratio:    0.18
      Required ratio:    6.00 (Gate area) 
      Cumulative area ratio:    0.30
      Required ratio:    0.00 (Cumulative area) 

    Layer: met2
      Partial area ratio:    5.88
      Required ratio:    0.00 (Gate area) 
      Cumulative area ratio:   12.04
      Required ratio:    0.00 (Cumulative area) 
      Partial area ratio:   28.87
      Required ratio: 2918.08 (Side area) 
      Cumulative area ratio:   58.93
      Required ratio:    0.00 (Cumulative side area) 


  Pin:   y_out_sky130_fd_sc_hd__dfrtp_2_Q_15_D_sky130_fd_sc_hd__xnor2_2_Y_B_sky130_fd_sc_hd__o21a_2_X_B1_sky130_fd_sc_hd__a211o_2_X_B1_sky130_fd_sc_hd__o211a_2_X_A1_sky130_fd_sc_hd__o221a_2_X_A2_sky130_fd_sc_hd__o211a_2_X_A1_sky130_fd_sc_hd__o21a_2_X_A1_sky130_fd_sc_hd__nor2_2_Y_B_sky130_fd_sc_hd__a21o_2_X_A1_sky130_fd_sc_hd__nand2_2_Y_A_sky130_fd_sc_hd__o21a_2_X_A2_sky130_fd_sc_hd__and3_2_C/A (sky130_fd_sc_hd__and3_1)
    Layer: mcon
      Partial area ratio:    0.23
      Required ratio:    3.00 (Gate area) 
      Cumulative area ratio:    0.23
      Required ratio:    0.00 (Cumulative area) 

    Layer: met1
      Partial area ratio:    2.34
      Required ratio:    0.00 (Gate area) 
      Cumulative area ratio:    2.34
      Required ratio:    0.00 (Cumulative area) 
      Partial area ratio:   10.49
      Required ratio:  400.00 (Side area) 
      Cumulative area ratio:   10.49
      Required ratio:    0.00 (Cumulative side area) 

    Layer: via
      Partial area ratio:    0.33
      Required ratio:    6.00 (Gate area) 
      Cumulative area ratio:    0.56
      Required ratio:    0.00 (Cumulative area) 

    Layer: met2
      Partial area ratio:    5.88
      Required ratio:    0.00 (Gate area) 
      Cumulative area ratio:    8.22
      Required ratio:    0.00 (Cumulative area) 
      Partial area ratio:   28.87
      Required ratio: 2918.08 (Side area) 
      Cumulative area ratio:   39.36
      Required ratio:    0.00 (Cumulative side area) 


  Pin:   y_out_sky130_fd_sc_hd__dfrtp_2_Q_15_D_sky130_fd_sc_hd__xnor2_2_Y_B_sky130_fd_sc_hd__o21a_2_X_B1_sky130_fd_sc_hd__a211o_2_X_B1_sky130_fd_sc_hd__o211a_2_X_A1_sky130_fd_sc_hd__o221a_2_X_A2_sky130_fd_sc_hd__o211a_2_X_A1_sky130_fd_sc_hd__o21a_2_X_B1_sky130_fd_sc_hd__and3b_2_X_C_sky130_fd_sc_hd__a22o_2_X_A1_sky130_fd_sc_hd__nor2_2_Y_A_sky130_fd_sc_hd__or4b_2_X_D_N_sky130_fd_sc_hd__o22ai_2_Y_A1_sky130_fd_sc_hd__nand2_2_Y/A (sky130_fd_sc_hd__nand2_1)
    Layer: mcon
      Partial area ratio:    0.12
      Required ratio:    3.00 (Gate area) 
      Cumulative area ratio:    0.12
      Required ratio:    0.00 (Cumulative area) 

    Layer: met1
      Partial area ratio:    0.96
      Required ratio:    0.00 (Gate area) 
      Cumulative area ratio:    0.96
      Required ratio:    0.00 (Cumulative area) 
      Partial area ratio:    4.38
      Required ratio:  400.00 (Side area) 
      Cumulative area ratio:    4.38
      Required ratio:    0.00 (Cumulative side area) 

    Layer: via
      Partial area ratio:    0.12
      Required ratio:    6.00 (Gate area) 
      Cumulative area ratio:    0.23
      Required ratio:    0.00 (Cumulative area) 

    Layer: met2
      Partial area ratio:    5.88
      Required ratio:    0.00 (Gate area) 
      Cumulative area ratio:    6.84
      Required ratio:    0.00 (Cumulative area) 
      Partial area ratio:   28.87
      Required ratio: 2918.08 (Side area) 
      Cumulative area ratio:   33.25
      Required ratio:    0.00 (Cumulative side area) 


  Pin:   y_out_sky130_fd_sc_hd__dfrtp_2_Q_15_D_sky130_fd_sc_hd__xnor2_2_Y_B_sky130_fd_sc_hd__o21a_2_X_B1_sky130_fd_sc_hd__a211o_2_X_C1_sky130_fd_sc_hd__o21a_2_X_A1_sky130_fd_sc_hd__nor2_2_Y_A_sky130_fd_sc_hd__o21a_2_X_A1_sky130_fd_sc_hd__a21oi_2_Y_A1_sky130_fd_sc_hd__nor2_2_Y_A_sky130_fd_sc_hd__xor2_2_X_A_sky130_fd_sc_hd__xor2_2_X_A_sky130_fd_sc_hd__nor2_2_Y_B_sky130_fd_sc_hd__a21oi_2_Y/A1 (sky130_fd_sc_hd__a21oi_1)
    Layer: mcon
      Partial area ratio:    0.12
      Required ratio:    3.00 (Gate area) 
      Cumulative area ratio:    0.12
      Required ratio:    0.00 (Cumulative area) 

    Layer: met1
      Partial area ratio:   12.73
      Required ratio:    0.00 (Gate area) 
      Cumulative area ratio:   12.73
      Required ratio:    0.00 (Cumulative area) 
      Partial area ratio:   62.48
      Required ratio:  400.00 (Side area) 
      Cumulative area ratio:   62.48
      Required ratio:    0.00 (Cumulative side area) 

    Layer: via
      Partial area ratio:    0.27
      Required ratio:    6.00 (Gate area) 
      Cumulative area ratio:    0.39
      Required ratio:    0.00 (Cumulative area) 

    Layer: met2
      Partial area ratio:    5.88
      Required ratio:    0.00 (Gate area) 
      Cumulative area ratio:   18.61
      Required ratio:    0.00 (Cumulative area) 
      Partial area ratio:   28.87
      Required ratio: 2918.08 (Side area) 
      Cumulative area ratio:   91.35
      Required ratio:    0.00 (Cumulative side area) 



Net: net151
  Pin:   y_out_sky130_fd_sc_hd__dfrtp_2_Q_7_D_sky130_fd_sc_hd__xnor2_2_Y_A_sky130_fd_sc_hd__xor2_2_X_A_sky130_fd_sc_hd__a21oi_2_Y_A1_sky130_fd_sc_hd__a21oi_2_Y_A1_sky130_fd_sc_hd__nand2b_2_Y_A_N_sky130_fd_sc_hd__a21oi_2_Y_A1_sky130_fd_sc_hd__a21o_2_X_B1_sky130_fd_sc_hd__nor2_2_Y_B_sky130_fd_sc_hd__a21boi_2_Y_A2_sky130_fd_sc_hd__a311o_2_X_C1_sky130_fd_sc_hd__and4_2_X/B (sky130_fd_sc_hd__and4_1)
    Layer: mcon
      Partial area ratio:    0.23
      Required ratio:    3.00 (Gate area) 
      Cumulative area ratio:    0.23
      Required ratio:    0.00 (Cumulative area) 

    Layer: met1
      Partial area ratio:    5.77
      Required ratio:    0.00 (Gate area) 
      Cumulative area ratio:    5.77
      Required ratio:    0.00 (Cumulative area) 
      Partial area ratio:   27.48
      Required ratio:  400.00 (Side area) 
      Cumulative area ratio:   27.48
      Required ratio:    0.00 (Cumulative side area) 

    Layer: via
      Partial area ratio:    0.24
      Required ratio:    6.00 (Gate area) 
      Cumulative area ratio:    0.47
      Required ratio:    0.00 (Cumulative area) 

    Layer: met2
      Partial area ratio:   20.34
      Required ratio:    0.00 (Gate area) 
      Cumulative area ratio:   26.11
      Required ratio:    0.00 (Cumulative area) 
      Partial area ratio:  101.03
      Required ratio: 2918.08 (Side area) 
      Cumulative area ratio:  128.52
      Required ratio:    0.00 (Cumulative side area) 

    Layer: via2
      Partial area ratio:    0.04
      Required ratio:   34.63 (Gate area) 
      Cumulative area ratio:    0.51
      Required ratio:    0.00 (Cumulative area) 

    Layer: met3
      Partial area ratio:    0.14
      Required ratio:    0.00 (Gate area) 
      Cumulative area ratio:   26.25
      Required ratio:    0.00 (Cumulative area) 
      Partial area ratio:    1.26
      Required ratio: 2918.08 (Side area) 
      Cumulative area ratio:  129.77
      Required ratio:    0.00 (Cumulative side area) 

    Layer: via3
      Partial area ratio:    0.04
      Required ratio:   34.63 (Gate area) 
      Cumulative area ratio:    0.56
      Required ratio:    0.00 (Cumulative area) 

    Layer: met4
      Partial area ratio:   16.21
      Required ratio:    0.00 (Gate area) 
      Cumulative area ratio:   42.46
      Required ratio:    0.00 (Cumulative area) 
      Partial area ratio:   86.87
      Required ratio: 2918.08 (Side area) 
      Cumulative area ratio:  216.64
      Required ratio:    0.00 (Cumulative side area) 


  Pin:   y_out_sky130_fd_sc_hd__dfrtp_2_Q_7_D_sky130_fd_sc_hd__xnor2_2_Y_B_sky130_fd_sc_hd__o21ba_2_X_A2_sky130_fd_sc_hd__a21oi_2_Y_A1_sky130_fd_sc_hd__a21oi_2_Y_A1_sky130_fd_sc_hd__nand2b_2_Y_A_N_sky130_fd_sc_hd__nor2_2_Y_B_sky130_fd_sc_hd__and2b_2_X_A_N_sky130_fd_sc_hd__o21a_2_X_A2_sky130_fd_sc_hd__a21boi_2_Y_A2_sky130_fd_sc_hd__xor2_2_X_A_sky130_fd_sc_hd__a31o_2_X/A1 (sky130_fd_sc_hd__a31o_1)
    Layer: mcon
      Partial area ratio:    0.12
      Required ratio:    3.00 (Gate area) 
      Cumulative area ratio:    0.12
      Required ratio:    0.00 (Cumulative area) 

    Layer: met1
      Partial area ratio:    5.77
      Required ratio:    0.00 (Gate area) 
      Cumulative area ratio:    5.77
      Required ratio:    0.00 (Cumulative area) 
      Partial area ratio:   27.48
      Required ratio:  400.00 (Side area) 
      Cumulative area ratio:   27.48
      Required ratio:    0.00 (Cumulative side area) 

    Layer: via
      Partial area ratio:    0.24
      Required ratio:    6.00 (Gate area) 
      Cumulative area ratio:    0.36
      Required ratio:    0.00 (Cumulative area) 

    Layer: met2
      Partial area ratio:   20.34
      Required ratio:    0.00 (Gate area) 
      Cumulative area ratio:   26.11
      Required ratio:    0.00 (Cumulative area) 
      Partial area ratio:  101.03
      Required ratio: 2918.08 (Side area) 
      Cumulative area ratio:  128.52
      Required ratio:    0.00 (Cumulative side area) 

    Layer: via2
      Partial area ratio:    0.04
      Required ratio:   34.63 (Gate area) 
      Cumulative area ratio:    0.40
      Required ratio:    0.00 (Cumulative area) 

    Layer: met3
      Partial area ratio:    0.14
      Required ratio:    0.00 (Gate area) 
      Cumulative area ratio:   26.25
      Required ratio:    0.00 (Cumulative area) 
      Partial area ratio:    1.26
      Required ratio: 2918.08 (Side area) 
      Cumulative area ratio:  129.77
      Required ratio:    0.00 (Cumulative side area) 

    Layer: via3
      Partial area ratio:    0.04
      Required ratio:   34.63 (Gate area) 
      Cumulative area ratio:    0.45
      Required ratio:    0.00 (Cumulative area) 

    Layer: met4
      Partial area ratio:   16.21
      Required ratio:    0.00 (Gate area) 
      Cumulative area ratio:   42.46
      Required ratio:    0.00 (Cumulative area) 
      Partial area ratio:   86.87
      Required ratio: 2918.08 (Side area) 
      Cumulative area ratio:  216.64
      Required ratio:    0.00 (Cumulative side area) 


  Pin:   y_out_sky130_fd_sc_hd__dfrtp_2_Q_7_D_sky130_fd_sc_hd__xnor2_2_Y_B_sky130_fd_sc_hd__o21ba_2_X_A2_sky130_fd_sc_hd__a21oi_2_Y_A1_sky130_fd_sc_hd__a21oi_2_Y_A2_sky130_fd_sc_hd__nand2b_2_Y_A_N_sky130_fd_sc_hd__o21a_2_X_B1_sky130_fd_sc_hd__or2_2_X_B_sky130_fd_sc_hd__a21oi_2_Y_A1_sky130_fd_sc_hd__a21o_2_X_A1_sky130_fd_sc_hd__a21bo_2_X_B1_N_sky130_fd_sc_hd__or3_2_X_C_sky130_fd_sc_hd__a21oi_2_A1_A2_sky130_fd_sc_hd__nand2b_2_Y/A_N (sky130_fd_sc_hd__nand2b_1)
    Layer: mcon
      Partial area ratio:    0.23
      Required ratio:    3.00 (Gate area) 
      Cumulative area ratio:    0.23
      Required ratio:    0.00 (Cumulative area) 

    Layer: met1
      Partial area ratio:    7.30
      Required ratio:    0.00 (Gate area) 
      Cumulative area ratio:    7.30
      Required ratio:    0.00 (Cumulative area) 
      Partial area ratio:   35.06
      Required ratio:  400.00 (Side area) 
      Cumulative area ratio:   35.06
      Required ratio:    0.00 (Cumulative side area) 

    Layer: via
      Partial area ratio:    0.27
      Required ratio:    6.00 (Gate area) 
      Cumulative area ratio:    0.50
      Required ratio:    0.00 (Cumulative area) 

    Layer: met2
      Partial area ratio:    1.07
      Required ratio:    0.00 (Gate area) 
      Cumulative area ratio:    8.37
      Required ratio:    0.00 (Cumulative area) 
      Partial area ratio:    5.03
      Required ratio:  400.00 (Side area) 
      Cumulative area ratio:   40.08
      Required ratio:    0.00 (Cumulative side area) 

    Layer: via2
      Partial area ratio:    0.16
      Required ratio:    6.00 (Gate area) 
      Cumulative area ratio:    0.66
      Required ratio:    0.00 (Cumulative area) 

    Layer: met3
      Partial area ratio:    0.50
      Required ratio:    0.00 (Gate area) 
      Cumulative area ratio:    8.86
      Required ratio:    0.00 (Cumulative area) 
      Partial area ratio:    4.51
      Required ratio:  400.00 (Side area) 
      Cumulative area ratio:   44.59
      Required ratio:    0.00 (Cumulative side area) 

    Layer: via3
      Partial area ratio:    0.16
      Required ratio:    6.00 (Gate area) 
      Cumulative area ratio:    0.81
      Required ratio:    0.00 (Cumulative area) 

    Layer: met4
      Partial area ratio:   16.21
      Required ratio:    0.00 (Gate area) 
      Cumulative area ratio:   25.08
      Required ratio:    0.00 (Cumulative area) 
      Partial area ratio:   86.87
      Required ratio: 2918.08 (Side area) 
      Cumulative area ratio:  131.46
      Required ratio:    0.00 (Cumulative side area) 


  Pin:   y_out_sky130_fd_sc_hd__dfrtp_2_Q_7_D_sky130_fd_sc_hd__xnor2_2_Y_B_sky130_fd_sc_hd__o21ba_2_X_A2_sky130_fd_sc_hd__a21oi_2_Y_A1_sky130_fd_sc_hd__a21oi_2_Y_A2_sky130_fd_sc_hd__nand2b_2_Y_A_N_sky130_fd_sc_hd__o21a_2_X_B1_sky130_fd_sc_hd__or2_2_X_B_sky130_fd_sc_hd__a21oi_2_Y_A1_sky130_fd_sc_hd__a21o_2_X_A1_sky130_fd_sc_hd__a21bo_2_X_B1_N_sky130_fd_sc_hd__or3_2_X_C_sky130_fd_sc_hd__a21oi_2_A1_B1_sky130_fd_sc_hd__and4bb_2_X/A_N (sky130_fd_sc_hd__and4bb_1)
    Layer: mcon
      Partial area ratio:    0.23
      Required ratio:    3.00 (Gate area) 
      Cumulative area ratio:    0.23
      Required ratio:    0.00 (Cumulative area) 

    Layer: met1
      Partial area ratio:    7.30
      Required ratio:    0.00 (Gate area) 
      Cumulative area ratio:    7.30
      Required ratio:    0.00 (Cumulative area) 
      Partial area ratio:   35.06
      Required ratio:  400.00 (Side area) 
      Cumulative area ratio:   35.06
      Required ratio:    0.00 (Cumulative side area) 

    Layer: via
      Partial area ratio:    0.27
      Required ratio:    6.00 (Gate area) 
      Cumulative area ratio:    0.50
      Required ratio:    0.00 (Cumulative area) 

    Layer: met2
      Partial area ratio:    1.07
      Required ratio:    0.00 (Gate area) 
      Cumulative area ratio:    8.37
      Required ratio:    0.00 (Cumulative area) 
      Partial area ratio:    5.03
      Required ratio:  400.00 (Side area) 
      Cumulative area ratio:   40.08
      Required ratio:    0.00 (Cumulative side area) 

    Layer: via2
      Partial area ratio:    0.16
      Required ratio:    6.00 (Gate area) 
      Cumulative area ratio:    0.66
      Required ratio:    0.00 (Cumulative area) 

    Layer: met3
      Partial area ratio:    0.50
      Required ratio:    0.00 (Gate area) 
      Cumulative area ratio:    8.86
      Required ratio:    0.00 (Cumulative area) 
      Partial area ratio:    4.51
      Required ratio:  400.00 (Side area) 
      Cumulative area ratio:   44.59
      Required ratio:    0.00 (Cumulative side area) 

    Layer: via3
      Partial area ratio:    0.16
      Required ratio:    6.00 (Gate area) 
      Cumulative area ratio:    0.81
      Required ratio:    0.00 (Cumulative area) 

    Layer: met4
      Partial area ratio:   16.21
      Required ratio:    0.00 (Gate area) 
      Cumulative area ratio:   25.08
      Required ratio:    0.00 (Cumulative area) 
      Partial area ratio:   86.87
      Required ratio: 2918.08 (Side area) 
      Cumulative area ratio:  131.46
      Required ratio:    0.00 (Cumulative side area) 


  Pin:   fanout146/A (sky130_fd_sc_hd__buf_2)
    Layer: mcon
      Partial area ratio:    0.18
      Required ratio:    3.00 (Gate area) 
      Cumulative area ratio:    0.18
      Required ratio:    0.00 (Cumulative area) 

    Layer: met1
      Partial area ratio:    9.72
      Required ratio:    0.00 (Gate area) 
      Cumulative area ratio:    9.72
      Required ratio:    0.00 (Cumulative area) 
      Partial area ratio:   46.31
      Required ratio: 2918.08 (Side area) 
      Cumulative area ratio:   46.31
      Required ratio:    0.00 (Cumulative side area) 

    Layer: via
      Partial area ratio:    0.42
      Required ratio:   34.63 (Gate area) 
      Cumulative area ratio:    0.61
      Required ratio:    0.00 (Cumulative area) 

    Layer: met2
      Partial area ratio:   20.34
      Required ratio:    0.00 (Gate area) 
      Cumulative area ratio:   30.05
      Required ratio:    0.00 (Cumulative area) 
      Partial area ratio:  101.03
      Required ratio: 2918.08 (Side area) 
      Cumulative area ratio:  147.35
      Required ratio:    0.00 (Cumulative side area) 

    Layer: via2
      Partial area ratio:    0.04
      Required ratio:   34.63 (Gate area) 
      Cumulative area ratio:    0.65
      Required ratio:    0.00 (Cumulative area) 

    Layer: met3
      Partial area ratio:    0.14
      Required ratio:    0.00 (Gate area) 
      Cumulative area ratio:   30.19
      Required ratio:    0.00 (Cumulative area) 
      Partial area ratio:    1.26
      Required ratio: 2918.08 (Side area) 
      Cumulative area ratio:  148.60
      Required ratio:    0.00 (Cumulative side area) 

    Layer: via3
      Partial area ratio:    0.04
      Required ratio:   34.63 (Gate area) 
      Cumulative area ratio:    0.69
      Required ratio:    0.00 (Cumulative area) 

    Layer: met4
      Partial area ratio:   16.21
      Required ratio:    0.00 (Gate area) 
      Cumulative area ratio:   46.40
      Required ratio:    0.00 (Cumulative area) 
      Partial area ratio:   86.87
      Required ratio: 2918.08 (Side area) 
      Cumulative area ratio:  235.47
      Required ratio:    0.00 (Cumulative side area) 


  Pin:   fanout147/A (sky130_fd_sc_hd__buf_2)
    Layer: mcon
      Partial area ratio:    0.18
      Required ratio:    3.00 (Gate area) 
      Cumulative area ratio:    0.18
      Required ratio:    0.00 (Cumulative area) 

    Layer: met1
      Partial area ratio:   83.20
      Required ratio:    0.00 (Gate area) 
      Cumulative area ratio:   83.20
      Required ratio:    0.00 (Cumulative area) 
      Partial area ratio:  414.17
      Required ratio:  400.00 (Side area) (VIOLATED)
      Cumulative area ratio:  414.17
      Required ratio:    0.00 (Cumulative side area) 

    Layer: via
      Partial area ratio:    0.42
      Required ratio:    6.00 (Gate area) 
      Cumulative area ratio:    0.61
      Required ratio:    0.00 (Cumulative area) 

    Layer: met2
      Partial area ratio:   20.34
      Required ratio:    0.00 (Gate area) 
      Cumulative area ratio:  103.54
      Required ratio:    0.00 (Cumulative area) 
      Partial area ratio:  101.03
      Required ratio: 2918.08 (Side area) 
      Cumulative area ratio:  515.20
      Required ratio:    0.00 (Cumulative side area) 

    Layer: via2
      Partial area ratio:    0.04
      Required ratio:   34.63 (Gate area) 
      Cumulative area ratio:    0.65
      Required ratio:    0.00 (Cumulative area) 

    Layer: met3
      Partial area ratio:    0.14
      Required ratio:    0.00 (Gate area) 
      Cumulative area ratio:  103.68
      Required ratio:    0.00 (Cumulative area) 
      Partial area ratio:    1.26
      Required ratio: 2918.08 (Side area) 
      Cumulative area ratio:  516.46
      Required ratio:    0.00 (Cumulative side area) 

    Layer: via3
      Partial area ratio:    0.04
      Required ratio:   34.63 (Gate area) 
      Cumulative area ratio:    0.69
      Required ratio:    0.00 (Cumulative area) 

    Layer: met4
      Partial area ratio:   16.21
      Required ratio:    0.00 (Gate area) 
      Cumulative area ratio:  119.89
      Required ratio:    0.00 (Cumulative area) 
      Partial area ratio:   86.87
      Required ratio: 2918.08 (Side area) 
      Cumulative area ratio:  603.33
      Required ratio:    0.00 (Cumulative side area) 


  Pin:   fanout150/A (sky130_fd_sc_hd__clkbuf_4)
    Layer: mcon
      Partial area ratio:    0.14
      Required ratio:    3.00 (Gate area) 
      Cumulative area ratio:    0.14
      Required ratio:    0.00 (Cumulative area) 

    Layer: met1
      Partial area ratio:    3.40
      Required ratio:    0.00 (Gate area) 
      Cumulative area ratio:    3.40
      Required ratio:    0.00 (Cumulative area) 
      Partial area ratio:   16.15
      Required ratio:  400.00 (Side area) 
      Cumulative area ratio:   16.15
      Required ratio:    0.00 (Cumulative side area) 

    Layer: via
      Partial area ratio:    0.21
      Required ratio:    6.00 (Gate area) 
      Cumulative area ratio:    0.35
      Required ratio:    0.00 (Cumulative area) 

    Layer: met2
      Partial area ratio:   20.34
      Required ratio:    0.00 (Gate area) 
      Cumulative area ratio:   23.74
      Required ratio:    0.00 (Cumulative area) 
      Partial area ratio:  101.03
      Required ratio: 2918.08 (Side area) 
      Cumulative area ratio:  117.19
      Required ratio:    0.00 (Cumulative side area) 

    Layer: via2
      Partial area ratio:    0.04
      Required ratio:   34.63 (Gate area) 
      Cumulative area ratio:    0.39
      Required ratio:    0.00 (Cumulative area) 

    Layer: met3
      Partial area ratio:    0.14
      Required ratio:    0.00 (Gate area) 
      Cumulative area ratio:   23.88
      Required ratio:    0.00 (Cumulative area) 
      Partial area ratio:    1.26
      Required ratio: 2918.08 (Side area) 
      Cumulative area ratio:  118.44
      Required ratio:    0.00 (Cumulative side area) 

    Layer: via3
      Partial area ratio:    0.04
      Required ratio:   34.63 (Gate area) 
      Cumulative area ratio:    0.44
      Required ratio:    0.00 (Cumulative area) 

    Layer: met4
      Partial area ratio:   16.21
      Required ratio:    0.00 (Gate area) 
      Cumulative area ratio:   40.09
      Required ratio:    0.00 (Cumulative area) 
      Partial area ratio:   86.87
      Required ratio: 2918.08 (Side area) 
      Cumulative area ratio:  205.31
      Required ratio:    0.00 (Cumulative side area) 



Net: net242
  Pin:   y_out_sky130_fd_sc_hd__dfrtp_2_Q_11_D_sky130_fd_sc_hd__xor2_2_X_B_sky130_fd_sc_hd__nand2_2_Y_A_sky130_fd_sc_hd__a211o_2_X_A2_sky130_fd_sc_hd__nand3_2_Y_A_sky130_fd_sc_hd__nor2_2_Y_B_sky130_fd_sc_hd__a21boi_2_Y_A1_sky130_fd_sc_hd__a21bo_2_X_A2_sky130_fd_sc_hd__or3_2_X_C_sky130_fd_sc_hd__xor2_2_X_A_sky130_fd_sc_hd__xnor2_2_Y_A_sky130_fd_sc_hd__xnor2_2_Y_B_sky130_fd_sc_hd__nor2_2_Y/A (sky130_fd_sc_hd__nor2_1)
    Layer: mcon
      Partial area ratio:    0.12
      Required ratio:    3.00 (Gate area) 
      Cumulative area ratio:    0.12
      Required ratio:    0.00 (Cumulative area) 

    Layer: met1
      Partial area ratio:   15.13
      Required ratio:    0.00 (Gate area) 
      Cumulative area ratio:   15.13
      Required ratio:    0.00 (Cumulative area) 
      Partial area ratio:   74.48
      Required ratio:  400.00 (Side area) 
      Cumulative area ratio:   74.48
      Required ratio:    0.00 (Cumulative side area) 

    Layer: via
      Partial area ratio:    0.23
      Required ratio:    6.00 (Gate area) 
      Cumulative area ratio:    0.34
      Required ratio:    0.00 (Cumulative area) 

    Layer: met2
      Partial area ratio:    5.64
      Required ratio:    0.00 (Gate area) 
      Cumulative area ratio:   20.77
      Required ratio:    0.00 (Cumulative area) 
      Partial area ratio:   27.69
      Required ratio:  400.00 (Side area) 
      Cumulative area ratio:  102.18
      Required ratio:    0.00 (Cumulative side area) 

    Layer: via2
      Partial area ratio:    0.03
      Required ratio:    6.00 (Gate area) 
      Cumulative area ratio:    0.38
      Required ratio:    0.00 (Cumulative area) 

    Layer: met3
      Partial area ratio:    5.06
      Required ratio:    0.00 (Gate area) 
      Cumulative area ratio:   25.83
      Required ratio:    0.00 (Cumulative area) 
      Partial area ratio:   27.38
      Required ratio:  400.00 (Side area) 
      Cumulative area ratio:  129.55
      Required ratio:    0.00 (Cumulative side area) 

    Layer: via3
      Partial area ratio:    0.03
      Required ratio:    6.00 (Gate area) 
      Cumulative area ratio:    0.41
      Required ratio:    0.00 (Cumulative area) 

    Layer: met4
      Partial area ratio:   13.10
      Required ratio:    0.00 (Gate area) 
      Cumulative area ratio:   38.93
      Required ratio:    0.00 (Cumulative area) 
      Partial area ratio:   70.16
      Required ratio: 2918.08 (Side area) 
      Cumulative area ratio:  199.71
      Required ratio:    0.00 (Cumulative side area) 


  Pin:   y_out_sky130_fd_sc_hd__dfrtp_2_Q_15_D_sky130_fd_sc_hd__xnor2_2_Y_A_sky130_fd_sc_hd__nand2b_2_Y_A_N_sky130_fd_sc_hd__nor3_2_Y_A_sky130_fd_sc_hd__or2_2_X_A_sky130_fd_sc_hd__and3_2_X_A_sky130_fd_sc_hd__o21ai_2_Y_A2_sky130_fd_sc_hd__o2bb2a_2_X_B2_sky130_fd_sc_hd__a21oi_2_Y_B1_sky130_fd_sc_hd__and2b_2_X_B_sky130_fd_sc_hd__a21o_2_X_B1_sky130_fd_sc_hd__and2_2_X_B_sky130_fd_sc_hd__a21o_2_X_B1_sky130_fd_sc_hd__and4bb_2_X/B_N (sky130_fd_sc_hd__and4bb_1)
    Layer: mcon
      Partial area ratio:    0.23
      Required ratio:    3.00 (Gate area) 
      Cumulative area ratio:    0.23
      Required ratio:    0.00 (Cumulative area) 

    Layer: met1
      Partial area ratio:    6.58
      Required ratio:    0.00 (Gate area) 
      Cumulative area ratio:    6.58
      Required ratio:    0.00 (Cumulative area) 
      Partial area ratio:   31.49
      Required ratio:  400.00 (Side area) 
      Cumulative area ratio:   31.49
      Required ratio:    0.00 (Cumulative side area) 

    Layer: via
      Partial area ratio:    0.27
      Required ratio:    6.00 (Gate area) 
      Cumulative area ratio:    0.50
      Required ratio:    0.00 (Cumulative area) 

    Layer: met2
      Partial area ratio:    5.64
      Required ratio:    0.00 (Gate area) 
      Cumulative area ratio:   12.22
      Required ratio:    0.00 (Cumulative area) 
      Partial area ratio:   27.69
      Required ratio:  400.00 (Side area) 
      Cumulative area ratio:   59.18
      Required ratio:    0.00 (Cumulative side area) 

    Layer: via2
      Partial area ratio:    0.03
      Required ratio:    6.00 (Gate area) 
      Cumulative area ratio:    0.53
      Required ratio:    0.00 (Cumulative area) 

    Layer: met3
      Partial area ratio:    5.06
      Required ratio:    0.00 (Gate area) 
      Cumulative area ratio:   17.28
      Required ratio:    0.00 (Cumulative area) 
      Partial area ratio:   27.38
      Required ratio:  400.00 (Side area) 
      Cumulative area ratio:   86.55
      Required ratio:    0.00 (Cumulative side area) 

    Layer: via3
      Partial area ratio:    0.03
      Required ratio:    6.00 (Gate area) 
      Cumulative area ratio:    0.56
      Required ratio:    0.00 (Cumulative area) 

    Layer: met4
      Partial area ratio:   13.10
      Required ratio:    0.00 (Gate area) 
      Cumulative area ratio:   30.38
      Required ratio:    0.00 (Cumulative area) 
      Partial area ratio:   70.16
      Required ratio: 2918.08 (Side area) 
      Cumulative area ratio:  156.71
      Required ratio:    0.00 (Cumulative side area) 


  Pin:   y_out_sky130_fd_sc_hd__dfrtp_2_Q_15_D_sky130_fd_sc_hd__xnor2_2_Y_A_sky130_fd_sc_hd__nand2b_2_Y_A_N_sky130_fd_sc_hd__nor3_2_Y_A_sky130_fd_sc_hd__or2_2_X_A_sky130_fd_sc_hd__and3_2_X_A_sky130_fd_sc_hd__o21ai_2_Y_B1_sky130_fd_sc_hd__nand2_2_Y_A_sky130_fd_sc_hd__a21bo_2_X_A2_sky130_fd_sc_hd__xnor2_2_Y_A_sky130_fd_sc_hd__xor2_2_X_A_sky130_fd_sc_hd__xnor2_2_Y_B_sky130_fd_sc_hd__a21oi_2_Y_A1_sky130_fd_sc_hd__nand2b_2_Y/A_N (sky130_fd_sc_hd__nand2b_1)
    Layer: mcon
      Partial area ratio:    0.23
      Required ratio:    3.00 (Gate area) 
      Cumulative area ratio:    0.23
      Required ratio:    0.00 (Cumulative area) 

    Layer: met1
      Partial area ratio:   20.23
      Required ratio:    0.00 (Gate area) 
      Cumulative area ratio:   20.23
      Required ratio:    0.00 (Cumulative area) 
      Partial area ratio:   98.83
      Required ratio:  400.00 (Side area) 
      Cumulative area ratio:   98.83
      Required ratio:    0.00 (Cumulative side area) 

    Layer: via
      Partial area ratio:    0.54
      Required ratio:    6.00 (Gate area) 
      Cumulative area ratio:    0.77
      Required ratio:    0.00 (Cumulative area) 

    Layer: met2
      Partial area ratio:    5.64
      Required ratio:    0.00 (Gate area) 
      Cumulative area ratio:   25.87
      Required ratio:    0.00 (Cumulative area) 
      Partial area ratio:   27.69
      Required ratio:  400.00 (Side area) 
      Cumulative area ratio:  126.53
      Required ratio:    0.00 (Cumulative side area) 

    Layer: via2
      Partial area ratio:    0.03
      Required ratio:    6.00 (Gate area) 
      Cumulative area ratio:    0.80
      Required ratio:    0.00 (Cumulative area) 

    Layer: met3
      Partial area ratio:    5.06
      Required ratio:    0.00 (Gate area) 
      Cumulative area ratio:   30.93
      Required ratio:    0.00 (Cumulative area) 
      Partial area ratio:   27.38
      Required ratio:  400.00 (Side area) 
      Cumulative area ratio:  153.90
      Required ratio:    0.00 (Cumulative side area) 

    Layer: via3
      Partial area ratio:    0.03
      Required ratio:    6.00 (Gate area) 
      Cumulative area ratio:    0.83
      Required ratio:    0.00 (Cumulative area) 

    Layer: met4
      Partial area ratio:   13.10
      Required ratio:    0.00 (Gate area) 
      Cumulative area ratio:   44.03
      Required ratio:    0.00 (Cumulative area) 
      Partial area ratio:   70.16
      Required ratio: 2918.08 (Side area) 
      Cumulative area ratio:  224.06
      Required ratio:    0.00 (Cumulative side area) 


  Pin:   y_out_sky130_fd_sc_hd__dfrtp_2_Q_15_D_sky130_fd_sc_hd__xnor2_2_Y_A_sky130_fd_sc_hd__nand2b_2_Y_A_N_sky130_fd_sc_hd__nor3_2_Y_A_sky130_fd_sc_hd__or2_2_X_A_sky130_fd_sc_hd__and3_2_X_A_sky130_fd_sc_hd__o21ai_2_Y_B1_sky130_fd_sc_hd__nand2_2_Y_A_sky130_fd_sc_hd__a21bo_2_X_A2_sky130_fd_sc_hd__xnor2_2_Y_A_sky130_fd_sc_hd__xor2_2_X_A_sky130_fd_sc_hd__xnor2_2_Y_B_sky130_fd_sc_hd__a21oi_2_Y_B1_sky130_fd_sc_hd__and4bb_2_X/B_N (sky130_fd_sc_hd__and4bb_1)
    Layer: mcon
      Partial area ratio:    0.23
      Required ratio:    3.00 (Gate area) 
      Cumulative area ratio:    0.23
      Required ratio:    0.00 (Cumulative area) 

    Layer: met1
      Partial area ratio:    6.84
      Required ratio:    0.00 (Gate area) 
      Cumulative area ratio:    6.84
      Required ratio:    0.00 (Cumulative area) 
      Partial area ratio:   32.72
      Required ratio:  400.00 (Side area) 
      Cumulative area ratio:   32.72
      Required ratio:    0.00 (Cumulative side area) 

    Layer: via
      Partial area ratio:    0.36
      Required ratio:    6.00 (Gate area) 
      Cumulative area ratio:    0.59
      Required ratio:    0.00 (Cumulative area) 

    Layer: met2
      Partial area ratio:    5.64
      Required ratio:    0.00 (Gate area) 
      Cumulative area ratio:   12.48
      Required ratio:    0.00 (Cumulative area) 
      Partial area ratio:   27.69
      Required ratio:  400.00 (Side area) 
      Cumulative area ratio:   60.41
      Required ratio:    0.00 (Cumulative side area) 

    Layer: via2
      Partial area ratio:    0.03
      Required ratio:    6.00 (Gate area) 
      Cumulative area ratio:    0.62
      Required ratio:    0.00 (Cumulative area) 

    Layer: met3
      Partial area ratio:    5.06
      Required ratio:    0.00 (Gate area) 
      Cumulative area ratio:   17.54
      Required ratio:    0.00 (Cumulative area) 
      Partial area ratio:   27.38
      Required ratio:  400.00 (Side area) 
      Cumulative area ratio:   87.79
      Required ratio:    0.00 (Cumulative side area) 

    Layer: via3
      Partial area ratio:    0.03
      Required ratio:    6.00 (Gate area) 
      Cumulative area ratio:    0.65
      Required ratio:    0.00 (Cumulative area) 

    Layer: met4
      Partial area ratio:   13.10
      Required ratio:    0.00 (Gate area) 
      Cumulative area ratio:   30.64
      Required ratio:    0.00 (Cumulative area) 
      Partial area ratio:   70.16
      Required ratio: 2918.08 (Side area) 
      Cumulative area ratio:  157.95
      Required ratio:    0.00 (Cumulative side area) 


  Pin:   y_out_sky130_fd_sc_hd__dfrtp_2_Q_15_D_sky130_fd_sc_hd__xnor2_2_Y_A_sky130_fd_sc_hd__nand2b_2_Y_A_N_sky130_fd_sc_hd__nor3_2_Y_B_sky130_fd_sc_hd__nor2_2_Y_B_sky130_fd_sc_hd__a211oi_2_Y_A1_sky130_fd_sc_hd__nand2b_2_Y_B_sky130_fd_sc_hd__a21bo_2_X_A2_sky130_fd_sc_hd__xor2_2_X_A_sky130_fd_sc_hd__xnor2_2_Y_B_sky130_fd_sc_hd__xnor2_2_Y_A_sky130_fd_sc_hd__a21o_2_X_A2_sky130_fd_sc_hd__a21oi_2_Y_A1_sky130_fd_sc_hd__nand2b_2_Y/A_N (sky130_fd_sc_hd__nand2b_1)
    Layer: mcon
      Partial area ratio:    0.23
      Required ratio:    3.00 (Gate area) 
      Cumulative area ratio:    0.23
      Required ratio:    0.00 (Cumulative area) 

    Layer: met1
      Partial area ratio:    8.07
      Required ratio:    0.00 (Gate area) 
      Cumulative area ratio:    8.07
      Required ratio:    0.00 (Cumulative area) 
      Partial area ratio:   38.49
      Required ratio:  400.00 (Side area) 
      Cumulative area ratio:   38.49
      Required ratio:    0.00 (Cumulative side area) 

    Layer: via
      Partial area ratio:    0.36
      Required ratio:    6.00 (Gate area) 
      Cumulative area ratio:    0.59
      Required ratio:    0.00 (Cumulative area) 

    Layer: met2
      Partial area ratio:    5.64
      Required ratio:    0.00 (Gate area) 
      Cumulative area ratio:   13.71
      Required ratio:    0.00 (Cumulative area) 
      Partial area ratio:   27.69
      Required ratio:  400.00 (Side area) 
      Cumulative area ratio:   66.18
      Required ratio:    0.00 (Cumulative side area) 

    Layer: via2
      Partial area ratio:    0.03
      Required ratio:    6.00 (Gate area) 
      Cumulative area ratio:    0.62
      Required ratio:    0.00 (Cumulative area) 

    Layer: met3
      Partial area ratio:    5.06
      Required ratio:    0.00 (Gate area) 
      Cumulative area ratio:   18.77
      Required ratio:    0.00 (Cumulative area) 
      Partial area ratio:   27.38
      Required ratio:  400.00 (Side area) 
      Cumulative area ratio:   93.55
      Required ratio:    0.00 (Cumulative side area) 

    Layer: via3
      Partial area ratio:    0.03
      Required ratio:    6.00 (Gate area) 
      Cumulative area ratio:    0.65
      Required ratio:    0.00 (Cumulative area) 

    Layer: met4
      Partial area ratio:   13.10
      Required ratio:    0.00 (Gate area) 
      Cumulative area ratio:   31.87
      Required ratio:    0.00 (Cumulative area) 
      Partial area ratio:   70.16
      Required ratio: 2918.08 (Side area) 
      Cumulative area ratio:  163.71
      Required ratio:    0.00 (Cumulative side area) 


  Pin:   y_out_sky130_fd_sc_hd__dfrtp_2_Q_15_D_sky130_fd_sc_hd__xnor2_2_Y_A_sky130_fd_sc_hd__nand2b_2_Y_A_N_sky130_fd_sc_hd__nor3_2_Y_B_sky130_fd_sc_hd__nor2_2_Y_B_sky130_fd_sc_hd__a211oi_2_Y_A1_sky130_fd_sc_hd__nand2b_2_Y_B_sky130_fd_sc_hd__a21bo_2_X_A2_sky130_fd_sc_hd__xor2_2_X_A_sky130_fd_sc_hd__xnor2_2_Y_B_sky130_fd_sc_hd__xnor2_2_Y_A_sky130_fd_sc_hd__a21o_2_X_B1_sky130_fd_sc_hd__and4bb_2_X/A_N (sky130_fd_sc_hd__and4bb_1)
    Layer: mcon
      Partial area ratio:    0.23
      Required ratio:    3.00 (Gate area) 
      Cumulative area ratio:    0.23
      Required ratio:    0.00 (Cumulative area) 

    Layer: met1
      Partial area ratio:    8.07
      Required ratio:    0.00 (Gate area) 
      Cumulative area ratio:    8.07
      Required ratio:    0.00 (Cumulative area) 
      Partial area ratio:   38.49
      Required ratio:  400.00 (Side area) 
      Cumulative area ratio:   38.49
      Required ratio:    0.00 (Cumulative side area) 

    Layer: via
      Partial area ratio:    0.36
      Required ratio:    6.00 (Gate area) 
      Cumulative area ratio:    0.59
      Required ratio:    0.00 (Cumulative area) 

    Layer: met2
      Partial area ratio:    5.64
      Required ratio:    0.00 (Gate area) 
      Cumulative area ratio:   13.71
      Required ratio:    0.00 (Cumulative area) 
      Partial area ratio:   27.69
      Required ratio:  400.00 (Side area) 
      Cumulative area ratio:   66.18
      Required ratio:    0.00 (Cumulative side area) 

    Layer: via2
      Partial area ratio:    0.03
      Required ratio:    6.00 (Gate area) 
      Cumulative area ratio:    0.62
      Required ratio:    0.00 (Cumulative area) 

    Layer: met3
      Partial area ratio:    5.06
      Required ratio:    0.00 (Gate area) 
      Cumulative area ratio:   18.77
      Required ratio:    0.00 (Cumulative area) 
      Partial area ratio:   27.38
      Required ratio:  400.00 (Side area) 
      Cumulative area ratio:   93.55
      Required ratio:    0.00 (Cumulative side area) 

    Layer: via3
      Partial area ratio:    0.03
      Required ratio:    6.00 (Gate area) 
      Cumulative area ratio:    0.65
      Required ratio:    0.00 (Cumulative area) 

    Layer: met4
      Partial area ratio:   13.10
      Required ratio:    0.00 (Gate area) 
      Cumulative area ratio:   31.87
      Required ratio:    0.00 (Cumulative area) 
      Partial area ratio:   70.16
      Required ratio: 2918.08 (Side area) 
      Cumulative area ratio:  163.71
      Required ratio:    0.00 (Cumulative side area) 


  Pin:   y_out_sky130_fd_sc_hd__dfrtp_2_Q_15_D_sky130_fd_sc_hd__xnor2_2_Y_A_sky130_fd_sc_hd__nand2b_2_Y_A_N_sky130_fd_sc_hd__nor3_2_Y_B_sky130_fd_sc_hd__nor2_2_Y_B_sky130_fd_sc_hd__a211oi_2_Y_A1_sky130_fd_sc_hd__nand2b_2_Y_B_sky130_fd_sc_hd__a21bo_2_X_A2_sky130_fd_sc_hd__xor2_2_X_A_sky130_fd_sc_hd__xnor2_2_Y_B_sky130_fd_sc_hd__xnor2_2_Y_B_sky130_fd_sc_hd__xnor2_2_Y_A_sky130_fd_sc_hd__nor2_2_Y/A (sky130_fd_sc_hd__nor2_1)
    Layer: mcon
      Partial area ratio:    0.12
      Required ratio:    3.00 (Gate area) 
      Cumulative area ratio:    0.12
      Required ratio:    0.00 (Cumulative area) 

    Layer: met1
      Partial area ratio:   15.13
      Required ratio:    0.00 (Gate area) 
      Cumulative area ratio:   15.13
      Required ratio:    0.00 (Cumulative area) 
      Partial area ratio:   74.48
      Required ratio:  400.00 (Side area) 
      Cumulative area ratio:   74.48
      Required ratio:    0.00 (Cumulative side area) 

    Layer: via
      Partial area ratio:    0.23
      Required ratio:    6.00 (Gate area) 
      Cumulative area ratio:    0.34
      Required ratio:    0.00 (Cumulative area) 

    Layer: met2
      Partial area ratio:    5.64
      Required ratio:    0.00 (Gate area) 
      Cumulative area ratio:   20.77
      Required ratio:    0.00 (Cumulative area) 
      Partial area ratio:   27.69
      Required ratio:  400.00 (Side area) 
      Cumulative area ratio:  102.18
      Required ratio:    0.00 (Cumulative side area) 

    Layer: via2
      Partial area ratio:    0.03
      Required ratio:    6.00 (Gate area) 
      Cumulative area ratio:    0.38
      Required ratio:    0.00 (Cumulative area) 

    Layer: met3
      Partial area ratio:    5.06
      Required ratio:    0.00 (Gate area) 
      Cumulative area ratio:   25.83
      Required ratio:    0.00 (Cumulative area) 
      Partial area ratio:   27.38
      Required ratio:  400.00 (Side area) 
      Cumulative area ratio:  129.55
      Required ratio:    0.00 (Cumulative side area) 

    Layer: via3
      Partial area ratio:    0.03
      Required ratio:    6.00 (Gate area) 
      Cumulative area ratio:    0.41
      Required ratio:    0.00 (Cumulative area) 

    Layer: met4
      Partial area ratio:   13.10
      Required ratio:    0.00 (Gate area) 
      Cumulative area ratio:   38.93
      Required ratio:    0.00 (Cumulative area) 
      Partial area ratio:   70.16
      Required ratio: 2918.08 (Side area) 
      Cumulative area ratio:  199.71
      Required ratio:    0.00 (Cumulative side area) 


  Pin:   y_out_sky130_fd_sc_hd__dfrtp_2_Q_15_D_sky130_fd_sc_hd__xnor2_2_Y_A_sky130_fd_sc_hd__nand2b_2_Y_A_N_sky130_fd_sc_hd__nor3_2_Y_B_sky130_fd_sc_hd__nor2_2_Y_B_sky130_fd_sc_hd__a211oi_2_Y_A2_sky130_fd_sc_hd__or2_2_X_B_sky130_fd_sc_hd__a21oi_2_Y_B1_sky130_fd_sc_hd__nor2_2_Y_B_sky130_fd_sc_hd__o21a_2_X_A2_sky130_fd_sc_hd__and3_2_X_A_sky130_fd_sc_hd__or2_2_X_A_sky130_fd_sc_hd__xnor2_2_Y_B_sky130_fd_sc_hd__a21oi_2_Y_A2_sky130_fd_sc_hd__nand2b_2_Y/A_N (sky130_fd_sc_hd__nand2b_1)
    Layer: mcon
      Partial area ratio:    0.23
      Required ratio:    3.00 (Gate area) 
      Cumulative area ratio:    0.23
      Required ratio:    0.00 (Cumulative area) 

    Layer: met1
      Partial area ratio:    6.58
      Required ratio:    0.00 (Gate area) 
      Cumulative area ratio:    6.58
      Required ratio:    0.00 (Cumulative area) 
      Partial area ratio:   31.49
      Required ratio:  400.00 (Side area) 
      Cumulative area ratio:   31.49
      Required ratio:    0.00 (Cumulative side area) 

    Layer: via
      Partial area ratio:    0.27
      Required ratio:    6.00 (Gate area) 
      Cumulative area ratio:    0.50
      Required ratio:    0.00 (Cumulative area) 

    Layer: met2
      Partial area ratio:    5.64
      Required ratio:    0.00 (Gate area) 
      Cumulative area ratio:   12.22
      Required ratio:    0.00 (Cumulative area) 
      Partial area ratio:   27.69
      Required ratio:  400.00 (Side area) 
      Cumulative area ratio:   59.18
      Required ratio:    0.00 (Cumulative side area) 

    Layer: via2
      Partial area ratio:    0.03
      Required ratio:    6.00 (Gate area) 
      Cumulative area ratio:    0.53
      Required ratio:    0.00 (Cumulative area) 

    Layer: met3
      Partial area ratio:    5.06
      Required ratio:    0.00 (Gate area) 
      Cumulative area ratio:   17.28
      Required ratio:    0.00 (Cumulative area) 
      Partial area ratio:   27.38
      Required ratio:  400.00 (Side area) 
      Cumulative area ratio:   86.55
      Required ratio:    0.00 (Cumulative side area) 

    Layer: via3
      Partial area ratio:    0.03
      Required ratio:    6.00 (Gate area) 
      Cumulative area ratio:    0.56
      Required ratio:    0.00 (Cumulative area) 

    Layer: met4
      Partial area ratio:   13.10
      Required ratio:    0.00 (Gate area) 
      Cumulative area ratio:   30.38
      Required ratio:    0.00 (Cumulative area) 
      Partial area ratio:   70.16
      Required ratio: 2918.08 (Side area) 
      Cumulative area ratio:  156.71
      Required ratio:    0.00 (Cumulative side area) 


  Pin:   y_out_sky130_fd_sc_hd__dfrtp_2_Q_7_D_sky130_fd_sc_hd__xnor2_2_Y_A_sky130_fd_sc_hd__xor2_2_X_B_sky130_fd_sc_hd__xnor2_2_Y_A_sky130_fd_sc_hd__a21oi_2_Y_B1_sky130_fd_sc_hd__a21oi_2_Y_B1_sky130_fd_sc_hd__a21oi_2_Y_A1_sky130_fd_sc_hd__or2_2_X_B_sky130_fd_sc_hd__a21oi_2_Y_B1_sky130_fd_sc_hd__and4bb_2_X/A_N (sky130_fd_sc_hd__and4bb_1)
    Layer: mcon
      Partial area ratio:    0.23
      Required ratio:    3.00 (Gate area) 
      Cumulative area ratio:    0.23
      Required ratio:    0.00 (Cumulative area) 

    Layer: met1
      Partial area ratio:    7.21
      Required ratio:    0.00 (Gate area) 
      Cumulative area ratio:    7.21
      Required ratio:    0.00 (Cumulative area) 
      Partial area ratio:   34.58
      Required ratio:  400.00 (Side area) 
      Cumulative area ratio:   34.58
      Required ratio:    0.00 (Cumulative side area) 

    Layer: via
      Partial area ratio:    0.36
      Required ratio:    6.00 (Gate area) 
      Cumulative area ratio:    0.59
      Required ratio:    0.00 (Cumulative area) 

    Layer: met2
      Partial area ratio:    9.43
      Required ratio:    0.00 (Gate area) 
      Cumulative area ratio:   16.64
      Required ratio:    0.00 (Cumulative area) 
      Partial area ratio:   45.69
      Required ratio:  400.00 (Side area) 
      Cumulative area ratio:   80.28
      Required ratio:    0.00 (Cumulative side area) 

    Layer: via2
      Partial area ratio:    0.32
      Required ratio:    6.00 (Gate area) 
      Cumulative area ratio:    0.90
      Required ratio:    0.00 (Cumulative area) 

    Layer: met3
      Partial area ratio:   83.13
      Required ratio:    0.00 (Gate area) 
      Cumulative area ratio:   99.76
      Required ratio:    0.00 (Cumulative area) 
      Partial area ratio:  447.05
      Required ratio:  400.00 (Side area) (VIOLATED)
      Cumulative area ratio:  527.33
      Required ratio:    0.00 (Cumulative side area) 

    Layer: via3
      Partial area ratio:    0.32
      Required ratio:    6.00 (Gate area) 
      Cumulative area ratio:    1.22
      Required ratio:    0.00 (Cumulative area) 

    Layer: met4
      Partial area ratio:   13.10
      Required ratio:    0.00 (Gate area) 
      Cumulative area ratio:  112.86
      Required ratio:    0.00 (Cumulative area) 
      Partial area ratio:   70.16
      Required ratio: 2918.08 (Side area) 
      Cumulative area ratio:  597.48
      Required ratio:    0.00 (Cumulative side area) 


  Pin:   fanout241/A (sky130_fd_sc_hd__clkbuf_4)
    Layer: mcon
      Partial area ratio:    0.14
      Required ratio:    3.00 (Gate area) 
      Cumulative area ratio:    0.14
      Required ratio:    0.00 (Cumulative area) 

    Layer: met1
      Partial area ratio:    2.08
      Required ratio:    0.00 (Gate area) 
      Cumulative area ratio:    2.08
      Required ratio:    0.00 (Cumulative area) 
      Partial area ratio:    9.51
      Required ratio:  400.00 (Side area) 
      Cumulative area ratio:    9.51
      Required ratio:    0.00 (Cumulative side area) 

    Layer: via
      Partial area ratio:    0.21
      Required ratio:    6.00 (Gate area) 
      Cumulative area ratio:    0.35
      Required ratio:    0.00 (Cumulative area) 

    Layer: met2
      Partial area ratio:    5.97
      Required ratio:    0.00 (Gate area) 
      Cumulative area ratio:    8.04
      Required ratio:    0.00 (Cumulative area) 
      Partial area ratio:   28.94
      Required ratio: 2918.08 (Side area) 
      Cumulative area ratio:   38.45
      Required ratio:    0.00 (Cumulative side area) 

    Layer: via2
      Partial area ratio:    0.19
      Required ratio:   34.63 (Gate area) 
      Cumulative area ratio:    0.53
      Required ratio:    0.00 (Cumulative area) 

    Layer: met3
      Partial area ratio:    0.59
      Required ratio:    0.00 (Gate area) 
      Cumulative area ratio:    8.63
      Required ratio:    0.00 (Cumulative area) 
      Partial area ratio:    5.33
      Required ratio: 2918.08 (Side area) 
      Cumulative area ratio:   43.78
      Required ratio:    0.00 (Cumulative side area) 

    Layer: via3
      Partial area ratio:    0.19
      Required ratio:   34.63 (Gate area) 
      Cumulative area ratio:    0.72
      Required ratio:    0.00 (Cumulative area) 

    Layer: met4
      Partial area ratio:   13.10
      Required ratio:    0.00 (Gate area) 
      Cumulative area ratio:   21.73
      Required ratio:    0.00 (Cumulative area) 
      Partial area ratio:   70.16
      Required ratio: 2918.08 (Side area) 
      Cumulative area ratio:  113.94
      Required ratio:    0.00 (Cumulative side area) 



Net: net249
  Pin:   y_out_sky130_fd_sc_hd__dfrtp_2_Q_15_D_sky130_fd_sc_hd__xnor2_2_Y_B_sky130_fd_sc_hd__o21a_2_X_B1_sky130_fd_sc_hd__a211o_2_X_B1_sky130_fd_sc_hd__o211a_2_X_A2_sky130_fd_sc_hd__a22o_2_X_A2_sky130_fd_sc_hd__xnor2_2_Y_A_sky130_fd_sc_hd__or3b_2_X_B_sky130_fd_sc_hd__o2bb2a_2_X_A1_N_sky130_fd_sc_hd__o2bb2a_2_X_A1_N_sky130_fd_sc_hd__nor2_2_B_A_sky130_fd_sc_hd__a211o_2_C1/A1 (sky130_fd_sc_hd__a211o_1)
    Layer: mcon
      Partial area ratio:    0.12
      Required ratio:    3.00 (Gate area) 
      Cumulative area ratio:    0.12
      Required ratio:    0.00 (Cumulative area) 

    Layer: met1
      Partial area ratio:    2.78
      Required ratio:    0.00 (Gate area) 
      Cumulative area ratio:    2.78
      Required ratio:    0.00 (Cumulative area) 
      Partial area ratio:   13.14
      Required ratio:  400.00 (Side area) 
      Cumulative area ratio:   13.14
      Required ratio:    0.00 (Cumulative side area) 

    Layer: via
      Partial area ratio:    0.18
      Required ratio:    6.00 (Gate area) 
      Cumulative area ratio:    0.30
      Required ratio:    0.00 (Cumulative area) 

    Layer: met2
      Partial area ratio:    3.51
      Required ratio:    0.00 (Gate area) 
      Cumulative area ratio:    6.29
      Required ratio:    0.00 (Cumulative area) 
      Partial area ratio:   17.15
      Required ratio:  400.00 (Side area) 
      Cumulative area ratio:   30.29
      Required ratio:    0.00 (Cumulative side area) 

    Layer: via2
      Partial area ratio:    0.04
      Required ratio:    6.00 (Gate area) 
      Cumulative area ratio:    0.34
      Required ratio:    0.00 (Cumulative area) 

    Layer: met3
      Partial area ratio:    6.63
      Required ratio:    0.00 (Gate area) 
      Cumulative area ratio:   12.92
      Required ratio:    0.00 (Cumulative area) 
      Partial area ratio:   35.84
      Required ratio:  400.00 (Side area) 
      Cumulative area ratio:   66.13
      Required ratio:    0.00 (Cumulative side area) 

    Layer: via3
      Partial area ratio:    0.04
      Required ratio:    6.00 (Gate area) 
      Cumulative area ratio:    0.38
      Required ratio:    0.00 (Cumulative area) 

    Layer: met4
      Partial area ratio:   16.79
      Required ratio:    0.00 (Gate area) 
      Cumulative area ratio:   29.71
      Required ratio:    0.00 (Cumulative area) 
      Partial area ratio:   89.93
      Required ratio: 2778.20 (Side area) 
      Cumulative area ratio:  156.06
      Required ratio:    0.00 (Cumulative side area) 


  Pin:   y_out_sky130_fd_sc_hd__dfrtp_2_Q_7_D_sky130_fd_sc_hd__xnor2_2_Y_A_sky130_fd_sc_hd__xor2_2_X_B_sky130_fd_sc_hd__xnor2_2_Y_A_sky130_fd_sc_hd__a21oi_2_Y_B1_sky130_fd_sc_hd__a21oi_2_Y_A1_sky130_fd_sc_hd__and4_2_X_D_sky130_fd_sc_hd__inv_2_Y/A (sky130_fd_sc_hd__inv_2)
    Layer: mcon
      Partial area ratio:    0.06
      Required ratio:    3.00 (Gate area) 
      Cumulative area ratio:    0.06
      Required ratio:    0.00 (Cumulative area) 

    Layer: met1
      Partial area ratio:    1.42
      Required ratio:    0.00 (Gate area) 
      Cumulative area ratio:    1.42
      Required ratio:    0.00 (Cumulative area) 
      Partial area ratio:    6.74
      Required ratio:  400.00 (Side area) 
      Cumulative area ratio:    6.74
      Required ratio:    0.00 (Cumulative side area) 

    Layer: via
      Partial area ratio:    0.09
      Required ratio:    6.00 (Gate area) 
      Cumulative area ratio:    0.15
      Required ratio:    0.00 (Cumulative area) 

    Layer: met2
      Partial area ratio:    3.51
      Required ratio:    0.00 (Gate area) 
      Cumulative area ratio:    4.93
      Required ratio:    0.00 (Cumulative area) 
      Partial area ratio:   17.15
      Required ratio:  400.00 (Side area) 
      Cumulative area ratio:   23.88
      Required ratio:    0.00 (Cumulative side area) 

    Layer: via2
      Partial area ratio:    0.04
      Required ratio:    6.00 (Gate area) 
      Cumulative area ratio:    0.19
      Required ratio:    0.00 (Cumulative area) 

    Layer: met3
      Partial area ratio:    6.63
      Required ratio:    0.00 (Gate area) 
      Cumulative area ratio:   11.56
      Required ratio:    0.00 (Cumulative area) 
      Partial area ratio:   35.84
      Required ratio:  400.00 (Side area) 
      Cumulative area ratio:   59.73
      Required ratio:    0.00 (Cumulative side area) 

    Layer: via3
      Partial area ratio:    0.04
      Required ratio:    6.00 (Gate area) 
      Cumulative area ratio:    0.23
      Required ratio:    0.00 (Cumulative area) 

    Layer: met4
      Partial area ratio:   16.79
      Required ratio:    0.00 (Gate area) 
      Cumulative area ratio:   28.35
      Required ratio:    0.00 (Cumulative area) 
      Partial area ratio:   89.93
      Required ratio: 2778.20 (Side area) 
      Cumulative area ratio:  149.65
      Required ratio:    0.00 (Cumulative side area) 


  Pin:   y_out_sky130_fd_sc_hd__dfrtp_2_Q_7_D_sky130_fd_sc_hd__xnor2_2_Y_B_sky130_fd_sc_hd__o21ba_2_X_A2_sky130_fd_sc_hd__a21oi_2_Y_A1_sky130_fd_sc_hd__a21oi_2_Y_B1_sky130_fd_sc_hd__a21oi_2_Y_B1_sky130_fd_sc_hd__a21oi_2_Y_A1_sky130_fd_sc_hd__or2_2_X_B_sky130_fd_sc_hd__a21oi_2_Y_B1_sky130_fd_sc_hd__and4bb_2_X/B_N (sky130_fd_sc_hd__and4bb_1)
    Layer: mcon
      Partial area ratio:    0.23
      Required ratio:    3.00 (Gate area) 
      Cumulative area ratio:    0.23
      Required ratio:    0.00 (Cumulative area) 

    Layer: met1
      Partial area ratio:    3.77
      Required ratio:    0.00 (Gate area) 
      Cumulative area ratio:    3.77
      Required ratio:    0.00 (Cumulative area) 
      Partial area ratio:   17.39
      Required ratio:  400.00 (Side area) 
      Cumulative area ratio:   17.39
      Required ratio:    0.00 (Cumulative side area) 

    Layer: via
      Partial area ratio:    0.36
      Required ratio:    6.00 (Gate area) 
      Cumulative area ratio:    0.59
      Required ratio:    0.00 (Cumulative area) 

    Layer: met2
      Partial area ratio:   17.09
      Required ratio:    0.00 (Gate area) 
      Cumulative area ratio:   20.87
      Required ratio:    0.00 (Cumulative area) 
      Partial area ratio:   84.03
      Required ratio:  400.00 (Side area) 
      Cumulative area ratio:  101.42
      Required ratio:    0.00 (Cumulative side area) 

    Layer: via2
      Partial area ratio:    0.32
      Required ratio:    6.00 (Gate area) 
      Cumulative area ratio:    0.90
      Required ratio:    0.00 (Cumulative area) 

    Layer: met3
      Partial area ratio:   83.13
      Required ratio:    0.00 (Gate area) 
      Cumulative area ratio:  103.99
      Required ratio:    0.00 (Cumulative area) 
      Partial area ratio:  447.05
      Required ratio:  400.00 (Side area) (VIOLATED)
      Cumulative area ratio:  548.46
      Required ratio:    0.00 (Cumulative side area) 

    Layer: via3
      Partial area ratio:    0.32
      Required ratio:    6.00 (Gate area) 
      Cumulative area ratio:    1.22
      Required ratio:    0.00 (Cumulative area) 

    Layer: met4
      Partial area ratio:   16.79
      Required ratio:    0.00 (Gate area) 
      Cumulative area ratio:  120.78
      Required ratio:    0.00 (Cumulative area) 
      Partial area ratio:   89.93
      Required ratio: 2778.20 (Side area) 
      Cumulative area ratio:  638.39
      Required ratio:    0.00 (Cumulative side area) 


  Pin:   fanout247/A (sky130_fd_sc_hd__buf_2)
    Layer: mcon
      Partial area ratio:    0.18
      Required ratio:    3.00 (Gate area) 
      Cumulative area ratio:    0.18
      Required ratio:    0.00 (Cumulative area) 

    Layer: met1
      Partial area ratio:    4.08
      Required ratio:    0.00 (Gate area) 
      Cumulative area ratio:    4.08
      Required ratio:    0.00 (Cumulative area) 
      Partial area ratio:   18.14
      Required ratio: 2778.20 (Side area) 
      Cumulative area ratio:   18.14
      Required ratio:    0.00 (Cumulative side area) 

    Layer: via
      Partial area ratio:    0.42
      Required ratio:   22.04 (Gate area) 
      Cumulative area ratio:    0.61
      Required ratio:    0.00 (Cumulative area) 

    Layer: met2
      Partial area ratio:    1.70
      Required ratio:    0.00 (Gate area) 
      Cumulative area ratio:    5.78
      Required ratio:    0.00 (Cumulative area) 
      Partial area ratio:    7.97
      Required ratio: 2778.20 (Side area) 
      Cumulative area ratio:   26.11
      Required ratio:    0.00 (Cumulative side area) 

    Layer: via2
      Partial area ratio:    0.25
      Required ratio:   22.04 (Gate area) 
      Cumulative area ratio:    0.86
      Required ratio:    0.00 (Cumulative area) 

    Layer: met3
      Partial area ratio:    0.79
      Required ratio:    0.00 (Gate area) 
      Cumulative area ratio:    6.57
      Required ratio:    0.00 (Cumulative area) 
      Partial area ratio:    7.14
      Required ratio: 2778.20 (Side area) 
      Cumulative area ratio:   33.25
      Required ratio:    0.00 (Cumulative side area) 

    Layer: via3
      Partial area ratio:    0.25
      Required ratio:   22.04 (Gate area) 
      Cumulative area ratio:    1.11
      Required ratio:    0.00 (Cumulative area) 

    Layer: met4
      Partial area ratio:   16.79
      Required ratio:    0.00 (Gate area) 
      Cumulative area ratio:   23.36
      Required ratio:    0.00 (Cumulative area) 
      Partial area ratio:   89.93
      Required ratio: 2778.20 (Side area) 
      Cumulative area ratio:  123.18
      Required ratio:    0.00 (Cumulative side area) 


  Pin:   fanout248/A (sky130_fd_sc_hd__clkbuf_2)
    Layer: mcon
      Partial area ratio:    0.14
      Required ratio:    3.00 (Gate area) 
      Cumulative area ratio:    0.14
      Required ratio:    0.00 (Cumulative area) 

    Layer: met1
      Partial area ratio:   29.84
      Required ratio:    0.00 (Gate area) 
      Cumulative area ratio:   29.84
      Required ratio:    0.00 (Cumulative area) 
      Partial area ratio:  148.10
      Required ratio:  400.00 (Side area) 
      Cumulative area ratio:  148.10
      Required ratio:    0.00 (Cumulative side area) 

    Layer: via
      Partial area ratio:    0.27
      Required ratio:    6.00 (Gate area) 
      Cumulative area ratio:    0.41
      Required ratio:    0.00 (Cumulative area) 

    Layer: met2
      Partial area ratio:    3.51
      Required ratio:    0.00 (Gate area) 
      Cumulative area ratio:   33.35
      Required ratio:    0.00 (Cumulative area) 
      Partial area ratio:   17.15
      Required ratio:  400.00 (Side area) 
      Cumulative area ratio:  165.25
      Required ratio:    0.00 (Cumulative side area) 

    Layer: via2
      Partial area ratio:    0.04
      Required ratio:    6.00 (Gate area) 
      Cumulative area ratio:    0.45
      Required ratio:    0.00 (Cumulative area) 

    Layer: met3
      Partial area ratio:    6.63
      Required ratio:    0.00 (Gate area) 
      Cumulative area ratio:   39.98
      Required ratio:    0.00 (Cumulative area) 
      Partial area ratio:   35.84
      Required ratio:  400.00 (Side area) 
      Cumulative area ratio:  201.09
      Required ratio:    0.00 (Cumulative side area) 

    Layer: via3
      Partial area ratio:    0.04
      Required ratio:    6.00 (Gate area) 
      Cumulative area ratio:    0.49
      Required ratio:    0.00 (Cumulative area) 

    Layer: met4
      Partial area ratio:   16.79
      Required ratio:    0.00 (Gate area) 
      Cumulative area ratio:   56.77
      Required ratio:    0.00 (Cumulative area) 
      Partial area ratio:   89.93
      Required ratio: 2778.20 (Side area) 
      Cumulative area ratio:  291.02
      Required ratio:    0.00 (Cumulative side area) 



Net: net274
  Pin:   y_out_sky130_fd_sc_hd__dfrtp_2_Q_11_D_sky130_fd_sc_hd__xor2_2_X_B_sky130_fd_sc_hd__nand2_2_Y_A_sky130_fd_sc_hd__a211o_2_X_A2_sky130_fd_sc_hd__nand3_2_Y_A_sky130_fd_sc_hd__nor2_2_Y_A_sky130_fd_sc_hd__or2_2_X_B_sky130_fd_sc_hd__o21ba_2_X_A1_sky130_fd_sc_hd__nand2_2_Y_B_sky130_fd_sc_hd__inv_2_Y/A (sky130_fd_sc_hd__inv_2)
    Layer: mcon
      Partial area ratio:    0.06
      Required ratio:    3.00 (Gate area) 
      Cumulative area ratio:    0.06
      Required ratio:    0.00 (Cumulative area) 

    Layer: met1
      Partial area ratio:    5.74
      Required ratio:    0.00 (Gate area) 
      Cumulative area ratio:    5.74
      Required ratio:    0.00 (Cumulative area) 
      Partial area ratio:   27.99
      Required ratio: 2956.40 (Side area) 
      Cumulative area ratio:   27.99
      Required ratio:    0.00 (Cumulative side area) 

    Layer: via
      Partial area ratio:    0.14
      Required ratio:   38.08 (Gate area) 
      Cumulative area ratio:    0.19
      Required ratio:    0.00 (Cumulative area) 

    Layer: met2
      Partial area ratio:   18.60
      Required ratio:    0.00 (Gate area) 
      Cumulative area ratio:   24.34
      Required ratio:    0.00 (Cumulative area) 
      Partial area ratio:   92.36
      Required ratio: 2956.40 (Side area) 
      Cumulative area ratio:  120.34
      Required ratio:    0.00 (Cumulative side area) 

    Layer: via2
      Partial area ratio:    0.02
      Required ratio:   38.08 (Gate area) 
      Cumulative area ratio:    0.22
      Required ratio:    0.00 (Cumulative area) 

    Layer: met3
      Partial area ratio:    3.85
      Required ratio:    0.00 (Gate area) 
      Cumulative area ratio:   28.19
      Required ratio:    0.00 (Cumulative area) 
      Partial area ratio:   20.75
      Required ratio: 2956.40 (Side area) 
      Cumulative area ratio:  141.10
      Required ratio:    0.00 (Cumulative side area) 


  Pin:   y_out_sky130_fd_sc_hd__dfrtp_2_Q_13_D_sky130_fd_sc_hd__xnor2_2_Y_B_sky130_fd_sc_hd__a21oi_2_Y_B1_sky130_fd_sc_hd__and3_2_X_C_sky130_fd_sc_hd__a211o_2_X_C1_sky130_fd_sc_hd__and3_2_X/B (sky130_fd_sc_hd__and3_1)
    Layer: mcon
      Partial area ratio:    0.23
      Required ratio:    3.00 (Gate area) 
      Cumulative area ratio:    0.23
      Required ratio:    0.00 (Cumulative area) 

    Layer: met1
      Partial area ratio:   81.65
      Required ratio:    0.00 (Gate area) 
      Cumulative area ratio:   81.65
      Required ratio:    0.00 (Cumulative area) 
      Partial area ratio:  404.58
      Required ratio:  400.00 (Side area) (VIOLATED)
      Cumulative area ratio:  404.58
      Required ratio:    0.00 (Cumulative side area) 

    Layer: via
      Partial area ratio:    0.71
      Required ratio:    6.00 (Gate area) 
      Cumulative area ratio:    0.94
      Required ratio:    0.00 (Cumulative area) 

    Layer: met2
      Partial area ratio:   18.60
      Required ratio:    0.00 (Gate area) 
      Cumulative area ratio:  100.24
      Required ratio:    0.00 (Cumulative area) 
      Partial area ratio:   92.36
      Required ratio: 2956.40 (Side area) 
      Cumulative area ratio:  496.94
      Required ratio:    0.00 (Cumulative side area) 

    Layer: via2
      Partial area ratio:    0.02
      Required ratio:   38.08 (Gate area) 
      Cumulative area ratio:    0.97
      Required ratio:    0.00 (Cumulative area) 

    Layer: met3
      Partial area ratio:    3.85
      Required ratio:    0.00 (Gate area) 
      Cumulative area ratio:  104.10
      Required ratio:    0.00 (Cumulative area) 
      Partial area ratio:   20.75
      Required ratio: 2956.40 (Side area) 
      Cumulative area ratio:  517.69
      Required ratio:    0.00 (Cumulative side area) 


  Pin:   y_out_sky130_fd_sc_hd__dfrtp_2_Q_15_D_sky130_fd_sc_hd__xnor2_2_Y_A_sky130_fd_sc_hd__nand2b_2_Y_A_N_sky130_fd_sc_hd__nor3_2_Y_A_sky130_fd_sc_hd__or2_2_X_A_sky130_fd_sc_hd__and3_2_X_A_sky130_fd_sc_hd__o21ai_2_Y_A2_sky130_fd_sc_hd__o2bb2a_2_X_B2_sky130_fd_sc_hd__a21oi_2_Y_A1_sky130_fd_sc_hd__a21o_2_X_A2_sky130_fd_sc_hd__xnor2_2_Y_B_sky130_fd_sc_hd__xnor2_2_Y_A_sky130_fd_sc_hd__nor2_2_Y/A (sky130_fd_sc_hd__nor2_1)
    Layer: mcon
      Partial area ratio:    0.12
      Required ratio:    3.00 (Gate area) 
      Cumulative area ratio:    0.12
      Required ratio:    0.00 (Cumulative area) 

    Layer: met1
      Partial area ratio:   20.85
      Required ratio:    0.00 (Gate area) 
      Cumulative area ratio:   20.85
      Required ratio:    0.00 (Cumulative area) 
      Partial area ratio:  103.50
      Required ratio:  400.00 (Side area) 
      Cumulative area ratio:  103.50
      Required ratio:    0.00 (Cumulative side area) 

    Layer: via
      Partial area ratio:    0.18
      Required ratio:    6.00 (Gate area) 
      Cumulative area ratio:    0.30
      Required ratio:    0.00 (Cumulative area) 

    Layer: met2
      Partial area ratio:   18.60
      Required ratio:    0.00 (Gate area) 
      Cumulative area ratio:   39.45
      Required ratio:    0.00 (Cumulative area) 
      Partial area ratio:   92.36
      Required ratio: 2956.40 (Side area) 
      Cumulative area ratio:  195.86
      Required ratio:    0.00 (Cumulative side area) 

    Layer: via2
      Partial area ratio:    0.02
      Required ratio:   38.08 (Gate area) 
      Cumulative area ratio:    0.32
      Required ratio:    0.00 (Cumulative area) 

    Layer: met3
      Partial area ratio:    3.85
      Required ratio:    0.00 (Gate area) 
      Cumulative area ratio:   43.30
      Required ratio:    0.00 (Cumulative area) 
      Partial area ratio:   20.75
      Required ratio: 2956.40 (Side area) 
      Cumulative area ratio:  216.61
      Required ratio:    0.00 (Cumulative side area) 


  Pin:   y_out_sky130_fd_sc_hd__dfrtp_2_Q_15_D_sky130_fd_sc_hd__xnor2_2_Y_A_sky130_fd_sc_hd__nand2b_2_Y_A_N_sky130_fd_sc_hd__nor3_2_Y_C_sky130_fd_sc_hd__xor2_2_X_A_sky130_fd_sc_hd__xnor2_2_Y_A_sky130_fd_sc_hd__xnor2_2_Y_A_sky130_fd_sc_hd__nand2_2_Y/B (sky130_fd_sc_hd__nand2_1)
    Layer: mcon
      Partial area ratio:    0.12
      Required ratio:    3.00 (Gate area) 
      Cumulative area ratio:    0.12
      Required ratio:    0.00 (Cumulative area) 

    Layer: met1
      Partial area ratio:    3.55
      Required ratio:    0.00 (Gate area) 
      Cumulative area ratio:    3.55
      Required ratio:    0.00 (Cumulative area) 
      Partial area ratio:   16.99
      Required ratio:  400.00 (Side area) 
      Cumulative area ratio:   16.99
      Required ratio:    0.00 (Cumulative side area) 

    Layer: via
      Partial area ratio:    0.18
      Required ratio:    6.00 (Gate area) 
      Cumulative area ratio:    0.30
      Required ratio:    0.00 (Cumulative area) 

    Layer: met2
      Partial area ratio:   18.60
      Required ratio:    0.00 (Gate area) 
      Cumulative area ratio:   22.14
      Required ratio:    0.00 (Cumulative area) 
      Partial area ratio:   92.36
      Required ratio: 2956.40 (Side area) 
      Cumulative area ratio:  109.35
      Required ratio:    0.00 (Cumulative side area) 

    Layer: via2
      Partial area ratio:    0.02
      Required ratio:   38.08 (Gate area) 
      Cumulative area ratio:    0.32
      Required ratio:    0.00 (Cumulative area) 

    Layer: met3
      Partial area ratio:    3.85
      Required ratio:    0.00 (Gate area) 
      Cumulative area ratio:   25.99
      Required ratio:    0.00 (Cumulative area) 
      Partial area ratio:   20.75
      Required ratio: 2956.40 (Side area) 
      Cumulative area ratio:  130.10
      Required ratio:    0.00 (Cumulative side area) 


  Pin:   y_out_sky130_fd_sc_hd__dfrtp_2_Q_15_D_sky130_fd_sc_hd__xnor2_2_Y_B_sky130_fd_sc_hd__o21a_2_X_B1_sky130_fd_sc_hd__a211o_2_X_B1_sky130_fd_sc_hd__o211a_2_X_A1_sky130_fd_sc_hd__o221a_2_X_A1_sky130_fd_sc_hd__and3_2_X_A_sky130_fd_sc_hd__nand3_2_Y_A_sky130_fd_sc_hd__nor4_2_Y_D_sky130_fd_sc_hd__and3_2_X_A_sky130_fd_sc_hd__or3b_2_X/B (sky130_fd_sc_hd__or3b_1)
    Layer: mcon
      Partial area ratio:    0.23
      Required ratio:    3.00 (Gate area) 
      Cumulative area ratio:    0.23
      Required ratio:    0.00 (Cumulative area) 

    Layer: met1
      Partial area ratio:    2.75
      Required ratio:    0.00 (Gate area) 
      Cumulative area ratio:    2.75
      Required ratio:    0.00 (Cumulative area) 
      Partial area ratio:   12.79
      Required ratio:  400.00 (Side area) 
      Cumulative area ratio:   12.79
      Required ratio:    0.00 (Cumulative side area) 

    Layer: via
      Partial area ratio:    0.36
      Required ratio:    6.00 (Gate area) 
      Cumulative area ratio:    0.59
      Required ratio:    0.00 (Cumulative area) 

    Layer: met2
      Partial area ratio:   18.60
      Required ratio:    0.00 (Gate area) 
      Cumulative area ratio:   21.35
      Required ratio:    0.00 (Cumulative area) 
      Partial area ratio:   92.36
      Required ratio: 2956.40 (Side area) 
      Cumulative area ratio:  105.15
      Required ratio:    0.00 (Cumulative side area) 

    Layer: via2
      Partial area ratio:    0.02
      Required ratio:   38.08 (Gate area) 
      Cumulative area ratio:    0.61
      Required ratio:    0.00 (Cumulative area) 

    Layer: met3
      Partial area ratio:    3.85
      Required ratio:    0.00 (Gate area) 
      Cumulative area ratio:   25.20
      Required ratio:    0.00 (Cumulative area) 
      Partial area ratio:   20.75
      Required ratio: 2956.40 (Side area) 
      Cumulative area ratio:  125.90
      Required ratio:    0.00 (Cumulative side area) 


  Pin:   y_out_sky130_fd_sc_hd__dfrtp_2_Q_15_D_sky130_fd_sc_hd__xnor2_2_Y_B_sky130_fd_sc_hd__o21a_2_X_B1_sky130_fd_sc_hd__a211o_2_X_B1_sky130_fd_sc_hd__o211a_2_X_A1_sky130_fd_sc_hd__o221a_2_X_A2_sky130_fd_sc_hd__o211a_2_X_A1_sky130_fd_sc_hd__o21a_2_X_B1_sky130_fd_sc_hd__and3b_2_X_C_sky130_fd_sc_hd__a22o_2_X_A1_sky130_fd_sc_hd__nor2_2_Y_A_sky130_fd_sc_hd__or4b_2_X/A (sky130_fd_sc_hd__or4b_1)
    Layer: mcon
      Partial area ratio:    0.23
      Required ratio:    3.00 (Gate area) 
      Cumulative area ratio:    0.23
      Required ratio:    0.00 (Cumulative area) 

    Layer: met1
      Partial area ratio:    3.84
      Required ratio:    0.00 (Gate area) 
      Cumulative area ratio:    3.84
      Required ratio:    0.00 (Cumulative area) 
      Partial area ratio:   17.69
      Required ratio:  400.00 (Side area) 
      Cumulative area ratio:   17.69
      Required ratio:    0.00 (Cumulative side area) 

    Layer: via
      Partial area ratio:    0.36
      Required ratio:    6.00 (Gate area) 
      Cumulative area ratio:    0.59
      Required ratio:    0.00 (Cumulative area) 

    Layer: met2
      Partial area ratio:   18.60
      Required ratio:    0.00 (Gate area) 
      Cumulative area ratio:   22.43
      Required ratio:    0.00 (Cumulative area) 
      Partial area ratio:   92.36
      Required ratio: 2956.40 (Side area) 
      Cumulative area ratio:  110.05
      Required ratio:    0.00 (Cumulative side area) 

    Layer: via2
      Partial area ratio:    0.02
      Required ratio:   38.08 (Gate area) 
      Cumulative area ratio:    0.61
      Required ratio:    0.00 (Cumulative area) 

    Layer: met3
      Partial area ratio:    3.85
      Required ratio:    0.00 (Gate area) 
      Cumulative area ratio:   26.29
      Required ratio:    0.00 (Cumulative area) 
      Partial area ratio:   20.75
      Required ratio: 2956.40 (Side area) 
      Cumulative area ratio:  130.80
      Required ratio:    0.00 (Cumulative side area) 


  Pin:   y_out_sky130_fd_sc_hd__dfrtp_2_Q_D_sky130_fd_sc_hd__xnor2_2_Y_B_sky130_fd_sc_hd__xnor2_2_Y_B_sky130_fd_sc_hd__xnor2_2_Y_B_sky130_fd_sc_hd__xnor2_2_Y_A_sky130_fd_sc_hd__o21ai_2_Y_A2_sky130_fd_sc_hd__a21oi_2_Y_A2_sky130_fd_sc_hd__nor2_2_Y_A_sky130_fd_sc_hd__nor2_2_Y_A_sky130_fd_sc_hd__or3_2_X_B_sky130_fd_sc_hd__a211oi_2_Y_A2_sky130_fd_sc_hd__or4b_2_A_X_sky130_fd_sc_hd__nand3_2_A_B_sky130_fd_sc_hd__a21bo_2_X_A2_sky130_fd_sc_hd__a22o_2_X/A2 (sky130_fd_sc_hd__a22o_1)
    Layer: mcon
      Partial area ratio:    0.12
      Required ratio:    3.00 (Gate area) 
      Cumulative area ratio:    0.12
      Required ratio:    0.00 (Cumulative area) 

    Layer: met1
      Partial area ratio:    2.97
      Required ratio:    0.00 (Gate area) 
      Cumulative area ratio:    2.97
      Required ratio:    0.00 (Cumulative area) 
      Partial area ratio:   14.14
      Required ratio:  400.00 (Side area) 
      Cumulative area ratio:   14.14
      Required ratio:    0.00 (Cumulative side area) 

    Layer: via
      Partial area ratio:    0.14
      Required ratio:    6.00 (Gate area) 
      Cumulative area ratio:    0.25
      Required ratio:    0.00 (Cumulative area) 

    Layer: met2
      Partial area ratio:    0.55
      Required ratio:    0.00 (Gate area) 
      Cumulative area ratio:    3.52
      Required ratio:    0.00 (Cumulative area) 
      Partial area ratio:    2.56
      Required ratio:  400.00 (Side area) 
      Cumulative area ratio:   16.70
      Required ratio:    0.00 (Cumulative side area) 

    Layer: via2
      Partial area ratio:    0.08
      Required ratio:    6.00 (Gate area) 
      Cumulative area ratio:    0.33
      Required ratio:    0.00 (Cumulative area) 

    Layer: met3
      Partial area ratio:    3.85
      Required ratio:    0.00 (Gate area) 
      Cumulative area ratio:    7.37
      Required ratio:    0.00 (Cumulative area) 
      Partial area ratio:   20.75
      Required ratio: 2956.40 (Side area) 
      Cumulative area ratio:   37.45
      Required ratio:    0.00 (Cumulative side area) 


  Pin:   y_out_sky130_fd_sc_hd__dfrtp_2_Q_D_sky130_fd_sc_hd__xnor2_2_Y_B_sky130_fd_sc_hd__xnor2_2_Y_B_sky130_fd_sc_hd__xnor2_2_Y_B_sky130_fd_sc_hd__xnor2_2_Y_A_sky130_fd_sc_hd__o21ai_2_Y_A2_sky130_fd_sc_hd__a21oi_2_Y_A2_sky130_fd_sc_hd__nor2_2_Y_A_sky130_fd_sc_hd__nor2_2_Y_A_sky130_fd_sc_hd__or3_2_X_B_sky130_fd_sc_hd__a211oi_2_Y_A2_sky130_fd_sc_hd__or4b_2_A_X_sky130_fd_sc_hd__nand3_2_A_B_sky130_fd_sc_hd__a21bo_2_X_B1_N_sky130_fd_sc_hd__nand4_2_Y/C (sky130_fd_sc_hd__nand4_1)
    Layer: mcon
      Partial area ratio:    0.12
      Required ratio:    3.00 (Gate area) 
      Cumulative area ratio:    0.12
      Required ratio:    0.00 (Cumulative area) 

    Layer: met1
      Partial area ratio:    2.97
      Required ratio:    0.00 (Gate area) 
      Cumulative area ratio:    2.97
      Required ratio:    0.00 (Cumulative area) 
      Partial area ratio:   14.14
      Required ratio:  400.00 (Side area) 
      Cumulative area ratio:   14.14
      Required ratio:    0.00 (Cumulative side area) 

    Layer: via
      Partial area ratio:    0.14
      Required ratio:    6.00 (Gate area) 
      Cumulative area ratio:    0.25
      Required ratio:    0.00 (Cumulative area) 

    Layer: met2
      Partial area ratio:    0.55
      Required ratio:    0.00 (Gate area) 
      Cumulative area ratio:    3.52
      Required ratio:    0.00 (Cumulative area) 
      Partial area ratio:    2.56
      Required ratio:  400.00 (Side area) 
      Cumulative area ratio:   16.70
      Required ratio:    0.00 (Cumulative side area) 

    Layer: via2
      Partial area ratio:    0.08
      Required ratio:    6.00 (Gate area) 
      Cumulative area ratio:    0.33
      Required ratio:    0.00 (Cumulative area) 

    Layer: met3
      Partial area ratio:    3.85
      Required ratio:    0.00 (Gate area) 
      Cumulative area ratio:    7.37
      Required ratio:    0.00 (Cumulative area) 
      Partial area ratio:   20.75
      Required ratio: 2956.40 (Side area) 
      Cumulative area ratio:   37.45
      Required ratio:    0.00 (Cumulative side area) 


  Pin:   fanout270/A (sky130_fd_sc_hd__buf_2)
    Layer: mcon
      Partial area ratio:    0.18
      Required ratio:    3.00 (Gate area) 
      Cumulative area ratio:    0.18
      Required ratio:    0.00 (Cumulative area) 

    Layer: met1
      Partial area ratio:    3.94
      Required ratio:    0.00 (Gate area) 
      Cumulative area ratio:    3.94
      Required ratio:    0.00 (Cumulative area) 
      Partial area ratio:   18.53
      Required ratio:  400.00 (Side area) 
      Cumulative area ratio:   18.53
      Required ratio:    0.00 (Cumulative side area) 

    Layer: via
      Partial area ratio:    0.28
      Required ratio:    6.00 (Gate area) 
      Cumulative area ratio:    0.46
      Required ratio:    0.00 (Cumulative area) 

    Layer: met2
      Partial area ratio:   18.60
      Required ratio:    0.00 (Gate area) 
      Cumulative area ratio:   22.53
      Required ratio:    0.00 (Cumulative area) 
      Partial area ratio:   92.36
      Required ratio: 2956.40 (Side area) 
      Cumulative area ratio:  110.88
      Required ratio:    0.00 (Cumulative side area) 

    Layer: via2
      Partial area ratio:    0.02
      Required ratio:   38.08 (Gate area) 
      Cumulative area ratio:    0.49
      Required ratio:    0.00 (Cumulative area) 

    Layer: met3
      Partial area ratio:    3.85
      Required ratio:    0.00 (Gate area) 
      Cumulative area ratio:   26.38
      Required ratio:    0.00 (Cumulative area) 
      Partial area ratio:   20.75
      Required ratio: 2956.40 (Side area) 
      Cumulative area ratio:  131.64
      Required ratio:    0.00 (Cumulative side area) 


  Pin:   fanout273/A (sky130_fd_sc_hd__buf_2)
    Layer: mcon
      Partial area ratio:    0.18
      Required ratio:    3.00 (Gate area) 
      Cumulative area ratio:    0.18
      Required ratio:    0.00 (Cumulative area) 

    Layer: met1
      Partial area ratio:    9.78
      Required ratio:    0.00 (Gate area) 
      Cumulative area ratio:    9.78
      Required ratio:    0.00 (Cumulative area) 
      Partial area ratio:   47.75
      Required ratio:  400.00 (Side area) 
      Cumulative area ratio:   47.75
      Required ratio:    0.00 (Cumulative side area) 

    Layer: via
      Partial area ratio:    0.28
      Required ratio:    6.00 (Gate area) 
      Cumulative area ratio:    0.46
      Required ratio:    0.00 (Cumulative area) 

    Layer: met2
      Partial area ratio:   18.60
      Required ratio:    0.00 (Gate area) 
      Cumulative area ratio:   28.38
      Required ratio:    0.00 (Cumulative area) 
      Partial area ratio:   92.36
      Required ratio: 2956.40 (Side area) 
      Cumulative area ratio:  140.10
      Required ratio:    0.00 (Cumulative side area) 

    Layer: via2
      Partial area ratio:    0.02
      Required ratio:   38.08 (Gate area) 
      Cumulative area ratio:    0.49
      Required ratio:    0.00 (Cumulative area) 

    Layer: met3
      Partial area ratio:    3.85
      Required ratio:    0.00 (Gate area) 
      Cumulative area ratio:   32.23
      Required ratio:    0.00 (Cumulative area) 
      Partial area ratio:   20.75
      Required ratio: 2956.40 (Side area) 
      Cumulative area ratio:  160.85
      Required ratio:    0.00 (Cumulative side area) 



[INFO ANT-0002] Found 6 net violations.
[INFO ANT-0001] Found 6 pin violations.
%OL_END_REPORT
[INFO] Setting RC values…
Setting global connections for newly added cells…
[INFO] Setting global connections...
Updating metrics…
Cell type report:                       Count       Area
  Fill cell                               180     675.65
  Tap cell                                828    1035.99
  Clock buffer                              4      88.84
  Timing Repair Buffer                    274    1508.95
  Inverter                                 68     265.25
  Sequential cell                          16     415.40
  Multi-Input combinational cell         2910   21593.21
  Total                                  4280   25583.29
Writing OpenROAD database to '/home/asic/workspace/asic_project/runs/RUN_2025-05-13_11-08-55/38-openroad-globalrouting/dynamic_noise_reduction.odb'…
Writing layout to '/home/asic/workspace/asic_project/runs/RUN_2025-05-13_11-08-55/38-openroad-globalrouting/dynamic_noise_reduction.def'…
