Clock: clk
Sources: clk 
Generated: no
Virtual: yes
Propagated: no
Period: 8.000000

===========================================================================
report_clock_properties
============================================================================
Clock                   Period          Waveform
----------------------------------------------------
clk                   8.000000    0.000000  4.000000

===========================================================================
report_clock_latency
============================================================================
Clock clk
rise -> rise
    min     max
0.000000 0.000000 source latency
0.609553         network latency y_out_sky130_fd_sc_hd__dfrtp_2_Q_11/CLK
        0.610517 network latency y_out_sky130_fd_sc_hd__dfrtp_2_Q/CLK
---------------
0.609553 0.610517 latency
        0.000964 skew

fall -> fall
    min     max
0.000000 0.000000 source latency
0.592392         network latency y_out_sky130_fd_sc_hd__dfrtp_2_Q_11/CLK
        0.593371 network latency y_out_sky130_fd_sc_hd__dfrtp_2_Q/CLK
---------------
0.592392 0.593371 latency
        0.000979 skew



===========================================================================
report_clock_min_period
============================================================================
clk period_min = 12.73 fmax = 78.55
