Reading timing models for corner nom_tt_025C_1v80…
Reading timing library for the 'nom_tt_025C_1v80' corner at '/foss/pdks/volare/sky130/versions/0fe599b2afb6708d281543108caf8310912f54af/sky130A/libs.ref/sky130_fd_sc_hd/lib/sky130_fd_sc_hd__tt_025C_1v80.lib'…
Reading timing models for corner nom_ff_n40C_1v95…
Reading timing library for the 'nom_ff_n40C_1v95' corner at '/foss/pdks/volare/sky130/versions/0fe599b2afb6708d281543108caf8310912f54af/sky130A/libs.ref/sky130_fd_sc_hd/lib/sky130_fd_sc_hd__ff_n40C_1v95.lib'…
Reading timing models for corner nom_ss_100C_1v60…
Reading timing library for the 'nom_ss_100C_1v60' corner at '/foss/pdks/volare/sky130/versions/0fe599b2afb6708d281543108caf8310912f54af/sky130A/libs.ref/sky130_fd_sc_hd/lib/sky130_fd_sc_hd__ss_100C_1v60.lib'…
Reading OpenROAD database at '/home/asic/workspace/asic_project/runs/RUN_2025-05-14_18-35-51/27-openroad-globalplacement/dynamic_noise_reduction.odb'…
Reading design constraints file at '/usr/local/lib/python3.12/dist-packages/openlane/scripts/base.sdc'…
[INFO] Using clock clk…
[INFO] Setting output delay to: 4
[INFO] Setting input delay to: 4
[INFO] Setting load to: 0.033442
[INFO] Setting clock uncertainty to: 0.25
[INFO] Setting clock transition to: 0.1499999999999999944488848768742172978818416595458984375
[INFO] Setting timing derate to: 5%
[INFO] Setting RC values…
[INFO RSZ-0027] Inserted 33 input buffers.
[INFO RSZ-0028] Inserted 16 output buffers.
[INFO RSZ-0058] Using max wire length 6335um.
Iteration | Resized | Buffers | Nets repaired | Remaining
---------------------------------------------------------
        0 |       0 |       0 |             0 |      3077
      100 |      89 |       1 |             1 |      2977
      200 |     175 |       1 |             1 |      2877
      300 |     261 |       1 |             1 |      2777
      400 |     350 |       2 |             2 |      2677
      500 |     438 |       2 |             2 |      2577
      600 |     525 |       2 |             2 |      2477
      700 |     612 |       3 |             3 |      2377
      800 |     697 |       4 |             4 |      2277
      900 |     788 |       5 |             5 |      2177
     1000 |     880 |       6 |             6 |      2077
     1100 |     970 |       7 |             7 |      1977
     1200 |    1060 |       7 |             7 |      1877
     1300 |    1151 |       7 |             7 |      1777
     1400 |    1240 |       8 |             8 |      1677
     1500 |    1332 |       8 |             8 |      1577
     1600 |    1423 |       8 |             8 |      1477
     1700 |    1517 |       8 |             9 |      1377
     1800 |    1615 |       8 |             9 |      1277
     1900 |    1710 |      10 |            11 |      1177
     2000 |    1807 |      10 |            11 |      1077
     2100 |    1903 |      11 |            16 |       977
     2200 |    2001 |      11 |            17 |       877
     2300 |    2098 |      11 |            20 |       777
     2400 |    2197 |      14 |            26 |       677
     2500 |    2292 |      17 |            32 |       577
     2600 |    2388 |      17 |            33 |       477
     2700 |    2488 |      17 |            34 |       377
     2800 |    2575 |      22 |            46 |       277
     2900 |    2665 |      37 |            71 |       177
     3000 |    2768 |      55 |            90 |        77
    final |    2967 |     224 |           129 |         0
---------------------------------------------------------
[INFO RSZ-0034] Found 74 slew violations.
[INFO RSZ-0035] Found 55 fanout violations.
[INFO RSZ-0038] Inserted 224 buffers in 129 nets.
[INFO RSZ-0039] Resized 2967 instances.
Placement Analysis
---------------------------------
total displacement       7582.5 u
average displacement        1.6 u
max displacement            9.5 u
original HPWL           70930.6 u
legalized HPWL          78021.1 u
delta HPWL                   10 %

[INFO DPL-0020] Mirrored 1478 instances
[INFO DPL-0021] HPWL before           78021.1 u
[INFO DPL-0022] HPWL after            75776.4 u
[INFO DPL-0023] HPWL delta               -2.9 %
[INFO] Setting RC values…
Setting global connections for newly added cells…
[INFO] Setting global connections...
Updating metrics…
Cell type report:                       Count       Area
  Fill cell                               204     765.73
  Tap cell                               1144    1431.37
  Timing Repair Buffer                    273    1537.72
  Inverter                                 68     255.24
  Sequential cell                          16     422.91
  Multi-Input combinational cell         2910   21553.17
  Total                                  4615   25966.15
Writing OpenROAD database to '/home/asic/workspace/asic_project/runs/RUN_2025-05-14_18-35-51/31-openroad-repairdesignpostgpl/dynamic_noise_reduction.odb'…
Writing netlist to '/home/asic/workspace/asic_project/runs/RUN_2025-05-14_18-35-51/31-openroad-repairdesignpostgpl/dynamic_noise_reduction.nl.v'…
Writing powered netlist to '/home/asic/workspace/asic_project/runs/RUN_2025-05-14_18-35-51/31-openroad-repairdesignpostgpl/dynamic_noise_reduction.pnl.v'…
Writing layout to '/home/asic/workspace/asic_project/runs/RUN_2025-05-14_18-35-51/31-openroad-repairdesignpostgpl/dynamic_noise_reduction.def'…
Writing timing constraints to '/home/asic/workspace/asic_project/runs/RUN_2025-05-14_18-35-51/31-openroad-repairdesignpostgpl/dynamic_noise_reduction.sdc'…
