Clock: clk
Sources: clk 
Generated: no
Virtual: yes
Propagated: no
Period: 20.000000

===========================================================================
report_clock_properties
============================================================================
Clock                   Period          Waveform
----------------------------------------------------
clk                  20.000000    0.000000 10.000000

===========================================================================
report_clock_latency
============================================================================
Clock clk
rise -> rise
    min     max
0.000000 0.000000 source latency
1.226912         network latency y_out_sky130_fd_sc_hd__dfrtp_2_Q_5/CLK
        1.234862 network latency y_out_sky130_fd_sc_hd__dfrtp_2_Q_10/CLK
---------------
1.226912 1.234862 latency
        0.007950 skew

fall -> fall
    min     max
0.000000 0.000000 source latency
1.004938         network latency y_out_sky130_fd_sc_hd__dfrtp_2_Q_5/CLK
        1.011003 network latency y_out_sky130_fd_sc_hd__dfrtp_2_Q_10/CLK
---------------
1.004938 1.011003 latency
        0.006064 skew



===========================================================================
report_clock_min_period
============================================================================
clk period_min = 16.69 fmax = 59.92
