Clock: clk
Sources: clk 
Generated: no
Virtual: yes
Propagated: no
Period: 16.000000

===========================================================================
report_clock_properties
============================================================================
Clock                   Period          Waveform
----------------------------------------------------
clk                  16.000000    0.000000  8.000000

===========================================================================
report_clock_latency
============================================================================
Clock clk
rise -> rise
    min     max
0.000000 0.000000 source latency
0.341995         network latency y_out_sky130_fd_sc_hd__dfrtp_2_Q_7/CLK
        0.343997 network latency y_out_sky130_fd_sc_hd__dfrtp_2_Q_15/CLK
---------------
0.341995 0.343997 latency
        0.002002 skew

fall -> fall
    min     max
0.000000 0.000000 source latency
0.324730         network latency y_out_sky130_fd_sc_hd__dfrtp_2_Q_7/CLK
        0.326358 network latency y_out_sky130_fd_sc_hd__dfrtp_2_Q_15/CLK
---------------
0.324730 0.326358 latency
        0.001628 skew



===========================================================================
report_clock_min_period
============================================================================
clk period_min = 6.96 fmax = 143.63
