Reading timing models for corner nom_tt_025C_1v80…
Reading timing library for the 'nom_tt_025C_1v80' corner at '/foss/pdks/volare/sky130/versions/0fe599b2afb6708d281543108caf8310912f54af/sky130A/libs.ref/sky130_fd_sc_hd/lib/sky130_fd_sc_hd__tt_025C_1v80.lib'…
Reading timing models for corner nom_ff_n40C_1v95…
Reading timing library for the 'nom_ff_n40C_1v95' corner at '/foss/pdks/volare/sky130/versions/0fe599b2afb6708d281543108caf8310912f54af/sky130A/libs.ref/sky130_fd_sc_hd/lib/sky130_fd_sc_hd__ff_n40C_1v95.lib'…
Reading timing models for corner nom_ss_100C_1v60…
Reading timing library for the 'nom_ss_100C_1v60' corner at '/foss/pdks/volare/sky130/versions/0fe599b2afb6708d281543108caf8310912f54af/sky130A/libs.ref/sky130_fd_sc_hd/lib/sky130_fd_sc_hd__ss_100C_1v60.lib'…
Reading OpenROAD database at '/home/asic/workspace/asic_project/runs/RUN_2025-05-13_11-08-55/42-openroad-repairantennas/1-diodeinsertion/dynamic_noise_reduction.odb'…
Reading design constraints file at '/usr/local/lib/python3.12/dist-packages/openlane/scripts/base.sdc'…
[INFO] Using clock clk…
[INFO] Setting output delay to: 3
[INFO] Setting input delay to: 3
[INFO] Setting load to: 0.033442
[INFO] Setting clock uncertainty to: 0.25
[INFO] Setting clock transition to: 0.1499999999999999944488848768742172978818416595458984375
[INFO] Setting timing derate to: 5%
[INFO] Setting RC values…
[INFO] Setting signal min routing layer to: met1 and clock min routing layer to met1. 
[INFO] Setting signal max routing layer to: met5 and clock max routing layer to met5. 
-congestion_iterations 50 -verbose
[INFO GRT-0020] Min routing layer: met1
[INFO GRT-0021] Max routing layer: met5
[INFO GRT-0022] Global adjustment: 30%
[INFO GRT-0023] Grid origin: (0, 0)
[INFO GRT-0043] No OR_DEFAULT vias defined.
[INFO GRT-0088] Layer li1     Track-Pitch = 0.4600  line-2-Via Pitch: 0.3400
[INFO GRT-0088] Layer met1    Track-Pitch = 0.3400  line-2-Via Pitch: 0.3400
[INFO GRT-0088] Layer met2    Track-Pitch = 0.4600  line-2-Via Pitch: 0.3500
[INFO GRT-0088] Layer met3    Track-Pitch = 0.6800  line-2-Via Pitch: 0.6150
[INFO GRT-0088] Layer met4    Track-Pitch = 0.9200  line-2-Via Pitch: 1.0400
[INFO GRT-0088] Layer met5    Track-Pitch = 3.4000  line-2-Via Pitch: 3.1100
[INFO GRT-0019] Found 4 clock nets.
[INFO GRT-0001] Minimum degree: 2
[INFO GRT-0002] Maximum degree: 12
[INFO GRT-0003] Macros: 0
[INFO GRT-0043] No OR_DEFAULT vias defined.
[INFO GRT-0004] Blockages: 519

[INFO GRT-0053] Routing resources analysis:
          Routing      Original      Derated      Resource
Layer     Direction    Resources     Resources    Reduction (%)
---------------------------------------------------------------
li1        Vertical            0             0          0.00%
met1       Horizontal      28692         14155          50.67%
met2       Vertical        21219         13740          35.25%
met3       Horizontal      14346          9709          32.32%
met4       Vertical         8556          5262          38.50%
met5       Horizontal       2847          1368          51.95%
---------------------------------------------------------------

[INFO GRT-0101] Running extra iterations to remove overflow.
[INFO GRT-0197] Via related to pin nodes: 16988
[INFO GRT-0198] Via related Steiner nodes: 191
[INFO GRT-0199] Via filling finished.
[INFO GRT-0111] Final number of vias: 20870
[INFO GRT-0112] Final usage 3D: 73331

[INFO GRT-0096] Final congestion report:
Layer         Resource        Demand        Usage (%)    Max H / Max V / Total Overflow
---------------------------------------------------------------------------------------
li1                  0             0            0.00%             0 /  0 /  0
met1             14155          4776           33.74%             0 /  0 /  0
met2             13740          5443           39.61%             0 /  0 /  0
met3              9709           238            2.45%             0 /  0 /  0
met4              5262           264            5.02%             0 /  0 /  0
met5              1368             0            0.00%             0 /  0 /  0
---------------------------------------------------------------------------------------
Total            44234         10721           24.24%             0 /  0 /  0

[INFO GRT-0018] Total wirelength: 118831 um
[INFO GRT-0014] Routed nets: 3307
[INFO RSZ-0094] Found 6 endpoints with setup violations.
[INFO RSZ-0099] Repairing 6 out of 6 (100.00%) violating endpoints...
   Iter   | Removed | Resized | Inserted | Cloned |  Pin  |    WNS   |   TNS      |  Viol  | Worst
          | Buffers |  Gates  | Buffers  |  Gates | Swaps |          |            | Endpts | Endpt
---------------------------------------------------------------------------------------------------
        0 |       0 |       0 |        0 |      0 |     0 |   -0.325 |       -1.1 |      6 | y_out_sky130_fd_sc_hd__dfrtp_2_Q/D
       10 |       0 |       8 |        0 |      0 |     1 |    0.022 |        0.0 |      5 | y_out_sky130_fd_sc_hd__dfrtp_2_Q_7/D
       10 |       0 |       8 |        0 |      0 |     1 |    0.022 |        0.0 |      4 | y_out_sky130_fd_sc_hd__dfrtp_2_Q_7/D
       12 |       1 |       8 |        0 |      0 |     1 |    0.032 |        0.0 |      2 | y_out_sky130_fd_sc_hd__dfrtp_2_Q_7/D
       13 |       1 |       8 |        0 |      0 |     1 |    0.032 |        0.0 |      1 | y_out_sky130_fd_sc_hd__dfrtp_2_Q_7/D
       14 |       1 |       8 |        0 |      0 |     1 |    0.032 |        0.0 |      0 | y_out_sky130_fd_sc_hd__dfrtp_2_Q_7/D
       15 |       1 |       8 |        0 |      0 |     1 |    0.032 |        0.0 |      0 | y_out_sky130_fd_sc_hd__dfrtp_2_Q_7/D
       16 |       1 |       8 |        0 |      0 |     1 |    0.032 |        0.0 |      0 | y_out_sky130_fd_sc_hd__dfrtp_2_Q_7/D
    final |       1 |       8 |        0 |      0 |     1 |    0.032 |        0.0 |      0 | y_out_sky130_fd_sc_hd__dfrtp_2_Q_7/D
---------------------------------------------------------------------------------------------------
[INFO RSZ-0059] Removed 1 buffers.
[INFO RSZ-0041] Resized 8 instances.
[INFO RSZ-0043] Swapped pins on 1 instances.
[INFO RSZ-0033] No hold violations found.
Placement Analysis
---------------------------------
total displacement         10.5 u
average displacement        0.0 u
max displacement            3.2 u
original HPWL           69466.7 u
legalized HPWL          71572.7 u
delta HPWL                    3 %

[INFO DPL-0020] Mirrored 1408 instances
[INFO DPL-0021] HPWL before           71572.7 u
[INFO DPL-0022] HPWL after            69463.8 u
[INFO DPL-0023] HPWL delta               -2.9 %
-congestion_iterations 50 -verbose
[INFO GRT-0020] Min routing layer: met1
[INFO GRT-0021] Max routing layer: met5
[INFO GRT-0022] Global adjustment: 30%
[INFO GRT-0023] Grid origin: (0, 0)
[INFO GRT-0043] No OR_DEFAULT vias defined.
[INFO GRT-0088] Layer li1     Track-Pitch = 0.4600  line-2-Via Pitch: 0.3400
[INFO GRT-0088] Layer met1    Track-Pitch = 0.3400  line-2-Via Pitch: 0.3400
[INFO GRT-0088] Layer met2    Track-Pitch = 0.4600  line-2-Via Pitch: 0.3500
[INFO GRT-0088] Layer met3    Track-Pitch = 0.6800  line-2-Via Pitch: 0.6150
[INFO GRT-0088] Layer met4    Track-Pitch = 0.9200  line-2-Via Pitch: 1.0400
[INFO GRT-0088] Layer met5    Track-Pitch = 3.4000  line-2-Via Pitch: 3.1100
[INFO GRT-0019] Found 4 clock nets.
[INFO GRT-0001] Minimum degree: 2
[INFO GRT-0002] Maximum degree: 12
[INFO GRT-0003] Macros: 0
[INFO GRT-0043] No OR_DEFAULT vias defined.
[INFO GRT-0004] Blockages: 519

[INFO GRT-0053] Routing resources analysis:
          Routing      Original      Derated      Resource
Layer     Direction    Resources     Resources    Reduction (%)
---------------------------------------------------------------
li1        Vertical            0             0          0.00%
met1       Horizontal      28692         14155          50.67%
met2       Vertical        21219         13740          35.25%
met3       Horizontal      14346          9709          32.32%
met4       Vertical         8556          5262          38.50%
met5       Horizontal       2847          1368          51.95%
---------------------------------------------------------------

[INFO GRT-0101] Running extra iterations to remove overflow.
[INFO GRT-0197] Via related to pin nodes: 16987
[INFO GRT-0198] Via related Steiner nodes: 192
[INFO GRT-0199] Via filling finished.
[INFO GRT-0111] Final number of vias: 20873
[INFO GRT-0112] Final usage 3D: 73340

[INFO GRT-0096] Final congestion report:
Layer         Resource        Demand        Usage (%)    Max H / Max V / Total Overflow
---------------------------------------------------------------------------------------
li1                  0             0            0.00%             0 /  0 /  0
met1             14155          4779           33.76%             0 /  0 /  0
met2             13740          5447           39.64%             0 /  0 /  0
met3              9709           236            2.43%             0 /  0 /  0
met4              5262           259            4.92%             0 /  0 /  0
met5              1368             0            0.00%             0 /  0 /  0
---------------------------------------------------------------------------------------
Total            44234         10721           24.24%             0 /  0 /  0

[INFO GRT-0018] Total wirelength: 118818 um
[INFO GRT-0014] Routed nets: 3306
Setting global connections for newly added cells…
[INFO] Setting global connections...
Updating metrics…
Cell type report:                       Count       Area
  Fill cell                               180     675.65
  Tap cell                                828    1035.99
  Antenna cell                              8      20.02
  Clock buffer                              4      88.84
  Timing Repair Buffer                    275    1520.21
  Inverter                                 68     265.25
  Sequential cell                          16     415.40
  Multi-Input combinational cell         2910   21621.99
  Total                                  4289   25643.34
Writing OpenROAD database to '/home/asic/workspace/asic_project/runs/RUN_2025-05-13_11-08-55/43-openroad-resizertimingpostgrt/dynamic_noise_reduction.odb'…
Writing netlist to '/home/asic/workspace/asic_project/runs/RUN_2025-05-13_11-08-55/43-openroad-resizertimingpostgrt/dynamic_noise_reduction.nl.v'…
Writing powered netlist to '/home/asic/workspace/asic_project/runs/RUN_2025-05-13_11-08-55/43-openroad-resizertimingpostgrt/dynamic_noise_reduction.pnl.v'…
Writing layout to '/home/asic/workspace/asic_project/runs/RUN_2025-05-13_11-08-55/43-openroad-resizertimingpostgrt/dynamic_noise_reduction.def'…
Writing timing constraints to '/home/asic/workspace/asic_project/runs/RUN_2025-05-13_11-08-55/43-openroad-resizertimingpostgrt/dynamic_noise_reduction.sdc'…
