Clock: clk
Sources: clk 
Generated: no
Virtual: yes
Propagated: no
Period: 13.000000

===========================================================================
report_clock_properties
============================================================================
Clock                   Period          Waveform
----------------------------------------------------
clk                  13.000000    0.000000  6.500000

===========================================================================
report_clock_latency
============================================================================
Clock clk
rise -> rise
    min     max
0.000000 0.000000 source latency
0.350289         network latency y_out_sky130_fd_sc_hd__dfrtp_2_Q_7/CLK
        0.352982 network latency y_out_sky130_fd_sc_hd__dfrtp_2_Q_15/CLK
---------------
0.350289 0.352982 latency
        0.002692 skew

fall -> fall
    min     max
0.000000 0.000000 source latency
0.329760         network latency y_out_sky130_fd_sc_hd__dfrtp_2_Q_7/CLK
        0.331850 network latency y_out_sky130_fd_sc_hd__dfrtp_2_Q_15/CLK
---------------
0.329760 0.331850 latency
        0.002090 skew



===========================================================================
report_clock_min_period
============================================================================
clk period_min = 6.63 fmax = 150.86
