Clock: clk
Sources: clk 
Generated: no
Virtual: yes
Propagated: no
Period: 10.000000

===========================================================================
report_clock_properties
============================================================================
Clock                   Period          Waveform
----------------------------------------------------
clk                  10.000000    0.000000  5.000000

===========================================================================
report_clock_latency
============================================================================
Clock clk
rise -> rise
    min     max
0.000000 0.000000 source latency
0.311158         network latency y_out_sky130_fd_sc_hd__dfrtp_2_Q_7/CLK
        0.312039 network latency y_out_sky130_fd_sc_hd__dfrtp_2_Q_12/CLK
---------------
0.311158 0.312039 latency
        0.000882 skew

fall -> fall
    min     max
0.000000 0.000000 source latency
0.305168         network latency y_out_sky130_fd_sc_hd__dfrtp_2_Q_7/CLK
        0.305782 network latency y_out_sky130_fd_sc_hd__dfrtp_2_Q_12/CLK
---------------
0.305168 0.305782 latency
        0.000614 skew



===========================================================================
report_clock_min_period
============================================================================
clk period_min = 6.55 fmax = 152.57
