Clock: clk
Sources: clk 
Generated: no
Virtual: yes
Propagated: no
Period: 30.000000

===========================================================================
report_clock_properties
============================================================================
Clock                   Period          Waveform
----------------------------------------------------
clk                  30.000000    0.000000 15.000000

===========================================================================
report_clock_latency
============================================================================
Clock clk
rise -> rise
    min     max
0.000000 0.000000 source latency
0.525992         network latency y_out_sky130_fd_sc_hd__dfrtp_2_Q_7/CLK
        0.529166 network latency y_out_sky130_fd_sc_hd__dfrtp_2_Q_15/CLK
---------------
0.525992 0.529166 latency
        0.003174 skew

fall -> fall
    min     max
0.000000 0.000000 source latency
0.438739         network latency y_out_sky130_fd_sc_hd__dfrtp_2_Q_7/CLK
        0.441139 network latency y_out_sky130_fd_sc_hd__dfrtp_2_Q_15/CLK
---------------
0.438739 0.441139 latency
        0.002400 skew



===========================================================================
report_clock_min_period
============================================================================
clk period_min = 8.19 fmax = 122.07
