Clock: clk
Sources: clk 
Generated: no
Virtual: yes
Propagated: no
Period: 20.000000

===========================================================================
report_clock_properties
============================================================================
Clock                   Period          Waveform
----------------------------------------------------
clk                  20.000000    0.000000 10.000000

===========================================================================
report_clock_latency
============================================================================
Clock clk
rise -> rise
    min     max
0.000000 0.000000 source latency
0.575378         network latency y_out_sky130_fd_sc_hd__dfrtp_2_Q_6/CLK
        0.579892 network latency y_out_sky130_fd_sc_hd__dfrtp_2_Q_15/CLK
---------------
0.575378 0.579892 latency
        0.004513 skew

fall -> fall
    min     max
0.000000 0.000000 source latency
0.468068         network latency y_out_sky130_fd_sc_hd__dfrtp_2_Q_6/CLK
        0.471408 network latency y_out_sky130_fd_sc_hd__dfrtp_2_Q_15/CLK
---------------
0.468068 0.471408 latency
        0.003340 skew



===========================================================================
report_clock_min_period
============================================================================
clk period_min = 7.86 fmax = 127.28
