
===========================================================================
report_checks -unconstrained
===========================================================================
======================= max_tt_025C_1v80 Corner ===================================

Startpoint: reset (input port clocked by clk)
Endpoint: y_out_sky130_fd_sc_hd__dfrtp_2_Q_7
          (recovery check against rising-edge clock clk)
Path Group: asynchronous
Path Type: max

Fanout         Cap        Slew       Delay        Time   Description
---------------------------------------------------------------------------------------------
                                  0.000000    0.000000   clock clk (rise edge)
                                  0.000000    0.000000   clock network delay (propagated)
                                  6.000000    6.000000 v input external delay
     1    0.002685    0.008350    0.004279    6.004279 v reset (in)
                                                         reset (net)
                      0.008356    0.000000    6.004279 v input17/A (sky130_fd_sc_hd__clkbuf_4)
     3    0.067876    0.139256    0.207105    6.211384 v input17/X (sky130_fd_sc_hd__clkbuf_4)
                                                         net17 (net)
                      0.140824    0.011955    6.223340 v fanout222/A (sky130_fd_sc_hd__clkbuf_8)
    10    0.086118    0.100275    0.235678    6.459017 v fanout222/X (sky130_fd_sc_hd__clkbuf_8)
                                                         net222 (net)
                      0.107009    0.020099    6.479116 v y_out_sky130_fd_sc_hd__dfrtp_2_Q_7_RESET_B_sky130_fd_sc_hd__inv_2_Y/A (sky130_fd_sc_hd__inv_2)
     1    0.003835    0.038547    0.066350    6.545466 ^ y_out_sky130_fd_sc_hd__dfrtp_2_Q_7_RESET_B_sky130_fd_sc_hd__inv_2_Y/Y (sky130_fd_sc_hd__inv_2)
                                                         y_out_sky130_fd_sc_hd__dfrtp_2_Q_7_RESET_B (net)
                      0.038547    0.000203    6.545669 ^ y_out_sky130_fd_sc_hd__dfrtp_2_Q_7/RESET_B (sky130_fd_sc_hd__dfrtp_4)
                                              6.545669   data arrival time

                                 30.000000   30.000000   clock clk (rise edge)
                                  0.000000   30.000000   clock source latency
     1    0.058729    0.269041    0.193005   30.193005 ^ clk (in)
                                                         clk (net)
                      0.270539    0.000000   30.193005 ^ clkbuf_0_clk/A (sky130_fd_sc_hd__clkbuf_16)
     2    0.039034    0.061953    0.213852   30.406857 ^ clkbuf_0_clk/X (sky130_fd_sc_hd__clkbuf_16)
                                                         clknet_0_clk (net)
                      0.062187    0.002654   30.409510 ^ clkbuf_1_0__f_clk/A (sky130_fd_sc_hd__clkbuf_16)
     9    0.050780    0.069663    0.153587   30.563097 ^ clkbuf_1_0__f_clk/X (sky130_fd_sc_hd__clkbuf_16)
                                                         clknet_1_0__leaf_clk (net)
                      0.070080    0.004114   30.567211 ^ y_out_sky130_fd_sc_hd__dfrtp_2_Q_7/CLK (sky130_fd_sc_hd__dfrtp_4)
                                 -0.250000   30.317211   clock uncertainty
                                  0.000000   30.317211   clock reconvergence pessimism
                                  0.227008   30.544218   library recovery time
                                             30.544218   data required time
---------------------------------------------------------------------------------------------
                                             30.544218   data required time
                                             -6.545669   data arrival time
---------------------------------------------------------------------------------------------
                                             23.998550   slack (MET)


Startpoint: alpha[1] (input port clocked by clk)
Endpoint: y_out_sky130_fd_sc_hd__dfrtp_2_Q
          (rising edge-triggered flip-flop clocked by clk)
Path Group: clk
Path Type: max

Fanout         Cap        Slew       Delay        Time   Description
---------------------------------------------------------------------------------------------
                                  0.000000    0.000000   clock clk (rise edge)
                                  0.000000    0.000000   clock network delay (propagated)
                                  6.000000    6.000000 ^ input external delay
     1    0.002947    0.020363    0.010877    6.010877 ^ alpha[1] (in)
                                                         alpha[1] (net)
                      0.020363    0.000000    6.010877 ^ input8/A (sky130_fd_sc_hd__clkbuf_4)
     3    0.077118    0.234192    0.253614    6.264492 ^ input8/X (sky130_fd_sc_hd__clkbuf_4)
                                                         net8 (net)
                      0.234400    0.005886    6.270377 ^ fanout122/A (sky130_fd_sc_hd__buf_4)
    10    0.089758    0.249504    0.310327    6.580704 ^ fanout122/X (sky130_fd_sc_hd__buf_4)
                                                         net122 (net)
                      0.249533    0.002295    6.583000 ^ fanout121/A (sky130_fd_sc_hd__clkbuf_4)
    10    0.065860    0.201235    0.316274    6.899274 ^ fanout121/X (sky130_fd_sc_hd__clkbuf_4)
                                                         net121 (net)
                      0.201290    0.002782    6.902056 ^ y_out_sky130_fd_sc_hd__dfrtp_2_Q_12_D_sky130_fd_sc_hd__xnor2_2_Y_A_sky130_fd_sc_hd__xnor2_2_Y_B_sky130_fd_sc_hd__a21boi_2_Y_A1_sky130_fd_sc_hd__nor2_2_Y_A_sky130_fd_sc_hd__or2_2_X_B_sky130_fd_sc_hd__o21a_2_X_A2_sky130_fd_sc_hd__o22a_2_X_A2_sky130_fd_sc_hd__nand2_2_Y_A_sky130_fd_sc_hd__inv_2_Y/A (sky130_fd_sc_hd__inv_2)
     5    0.049381    0.127693    0.156921    7.058977 v y_out_sky130_fd_sc_hd__dfrtp_2_Q_12_D_sky130_fd_sc_hd__xnor2_2_Y_A_sky130_fd_sc_hd__xnor2_2_Y_B_sky130_fd_sc_hd__a21boi_2_Y_A1_sky130_fd_sc_hd__nor2_2_Y_A_sky130_fd_sc_hd__or2_2_X_B_sky130_fd_sc_hd__o21a_2_X_A2_sky130_fd_sc_hd__o22a_2_X_A2_sky130_fd_sc_hd__nand2_2_Y_A_sky130_fd_sc_hd__inv_2_Y/Y (sky130_fd_sc_hd__inv_2)
                                                         y_out_sky130_fd_sc_hd__dfrtp_2_Q_12_D_sky130_fd_sc_hd__xnor2_2_Y_A_sky130_fd_sc_hd__xnor2_2_Y_B_sky130_fd_sc_hd__a21boi_2_Y_A1_sky130_fd_sc_hd__nor2_2_Y_A_sky130_fd_sc_hd__or2_2_X_B_sky130_fd_sc_hd__o21a_2_X_A2_sky130_fd_sc_hd__o22a_2_X_A2_sky130_fd_sc_hd__nand2_2_Y_A (net)
                      0.127785    0.002844    7.061821 v fanout97/A (sky130_fd_sc_hd__buf_4)
    10    0.077600    0.106328    0.237173    7.298995 v fanout97/X (sky130_fd_sc_hd__buf_4)
                                                         net97 (net)
                      0.106378    0.001904    7.300899 v y_out_sky130_fd_sc_hd__dfrtp_2_Q_5_D_sky130_fd_sc_hd__xnor2_2_Y_A_sky130_fd_sc_hd__nor2_2_Y_A_sky130_fd_sc_hd__o211a_2_X_C1_sky130_fd_sc_hd__o21ai_2_Y_B1_sky130_fd_sc_hd__o21bai_2_Y_A1_sky130_fd_sc_hd__and2b_2_X_A_N_sky130_fd_sc_hd__a21oi_2_Y_A1_sky130_fd_sc_hd__a32o_2_X_A3_sky130_fd_sc_hd__and3_2_X_B_sky130_fd_sc_hd__or4b_2_B/A (sky130_fd_sc_hd__or4b_1)
     2    0.007875    0.115703    0.578007    7.878905 v y_out_sky130_fd_sc_hd__dfrtp_2_Q_5_D_sky130_fd_sc_hd__xnor2_2_Y_A_sky130_fd_sc_hd__nor2_2_Y_A_sky130_fd_sc_hd__o211a_2_X_C1_sky130_fd_sc_hd__o21ai_2_Y_B1_sky130_fd_sc_hd__o21bai_2_Y_A1_sky130_fd_sc_hd__and2b_2_X_A_N_sky130_fd_sc_hd__a21oi_2_Y_A1_sky130_fd_sc_hd__a32o_2_X_A3_sky130_fd_sc_hd__and3_2_X_B_sky130_fd_sc_hd__or4b_2_B/X (sky130_fd_sc_hd__or4b_1)
                                                         y_out_sky130_fd_sc_hd__dfrtp_2_Q_5_D_sky130_fd_sc_hd__xnor2_2_Y_A_sky130_fd_sc_hd__nor2_2_Y_A_sky130_fd_sc_hd__o211a_2_X_C1_sky130_fd_sc_hd__o21ai_2_Y_B1_sky130_fd_sc_hd__o21bai_2_Y_A1_sky130_fd_sc_hd__and2b_2_X_A_N_sky130_fd_sc_hd__a21oi_2_Y_A1_sky130_fd_sc_hd__a32o_2_X_A3_sky130_fd_sc_hd__and3_2_X_B_sky130_fd_sc_hd__or4b_2_B_X (net)
                      0.115703    0.000465    7.879370 v y_out_sky130_fd_sc_hd__dfrtp_2_Q_5_D_sky130_fd_sc_hd__xnor2_2_Y_A_sky130_fd_sc_hd__nor2_2_Y_A_sky130_fd_sc_hd__o211a_2_X_C1_sky130_fd_sc_hd__o21ai_2_Y_B1_sky130_fd_sc_hd__o21bai_2_Y_A1_sky130_fd_sc_hd__and2b_2_X_A_N_sky130_fd_sc_hd__a21oi_2_Y_A1_sky130_fd_sc_hd__a32o_2_X_A3_sky130_fd_sc_hd__and3_2_X_B_sky130_fd_sc_hd__or4b_2_B_X_sky130_fd_sc_hd__a21o_2_A1/A1 (sky130_fd_sc_hd__a21o_1)
     3    0.009474    0.060441    0.209835    8.089205 v y_out_sky130_fd_sc_hd__dfrtp_2_Q_5_D_sky130_fd_sc_hd__xnor2_2_Y_A_sky130_fd_sc_hd__nor2_2_Y_A_sky130_fd_sc_hd__o211a_2_X_C1_sky130_fd_sc_hd__o21ai_2_Y_B1_sky130_fd_sc_hd__o21bai_2_Y_A1_sky130_fd_sc_hd__and2b_2_X_A_N_sky130_fd_sc_hd__a21oi_2_Y_A1_sky130_fd_sc_hd__a32o_2_X_A3_sky130_fd_sc_hd__and3_2_X_B_sky130_fd_sc_hd__or4b_2_B_X_sky130_fd_sc_hd__a21o_2_A1/X (sky130_fd_sc_hd__a21o_1)
                                                         y_out_sky130_fd_sc_hd__dfrtp_2_Q_5_D_sky130_fd_sc_hd__xnor2_2_Y_A_sky130_fd_sc_hd__nor2_2_Y_A_sky130_fd_sc_hd__o211a_2_X_C1_sky130_fd_sc_hd__o21ai_2_Y_B1_sky130_fd_sc_hd__o21bai_2_Y_A1_sky130_fd_sc_hd__and2b_2_X_A_N_sky130_fd_sc_hd__a21oi_2_Y_A1_sky130_fd_sc_hd__a32o_2_X_A3_sky130_fd_sc_hd__and3_2_X_B_sky130_fd_sc_hd__or4b_2_B_X_sky130_fd_sc_hd__a21o_2_A1_X (net)
                      0.060443    0.000471    8.089676 v y_out_sky130_fd_sc_hd__dfrtp_2_Q_5_D_sky130_fd_sc_hd__xnor2_2_Y_A_sky130_fd_sc_hd__nor2_2_Y_A_sky130_fd_sc_hd__o211a_2_X_C1_sky130_fd_sc_hd__o21ai_2_Y_B1_sky130_fd_sc_hd__o21bai_2_Y_A1_sky130_fd_sc_hd__and2b_2_X_A_N_sky130_fd_sc_hd__a21oi_2_Y_A1_sky130_fd_sc_hd__a32o_2_X_A3_sky130_fd_sc_hd__and3_2_X_B_sky130_fd_sc_hd__or4b_2_B_X_sky130_fd_sc_hd__nand3_2_B_Y_sky130_fd_sc_hd__a21o_2_A1/A2 (sky130_fd_sc_hd__a21o_1)
     2    0.008653    0.058233    0.205126    8.294802 v y_out_sky130_fd_sc_hd__dfrtp_2_Q_5_D_sky130_fd_sc_hd__xnor2_2_Y_A_sky130_fd_sc_hd__nor2_2_Y_A_sky130_fd_sc_hd__o211a_2_X_C1_sky130_fd_sc_hd__o21ai_2_Y_B1_sky130_fd_sc_hd__o21bai_2_Y_A1_sky130_fd_sc_hd__and2b_2_X_A_N_sky130_fd_sc_hd__a21oi_2_Y_A1_sky130_fd_sc_hd__a32o_2_X_A3_sky130_fd_sc_hd__and3_2_X_B_sky130_fd_sc_hd__or4b_2_B_X_sky130_fd_sc_hd__nand3_2_B_Y_sky130_fd_sc_hd__a21o_2_A1/X (sky130_fd_sc_hd__a21o_1)
                                                         y_out_sky130_fd_sc_hd__dfrtp_2_Q_14_D_sky130_fd_sc_hd__xnor2_2_Y_A_sky130_fd_sc_hd__a21o_2_X_A1_sky130_fd_sc_hd__a21o_2_X_A1_sky130_fd_sc_hd__a22o_2_X_B1_sky130_fd_sc_hd__o31a_2_X_A1_sky130_fd_sc_hd__and2_2_X_A_sky130_fd_sc_hd__nand3_2_Y_A_sky130_fd_sc_hd__nand2_2_Y_A_sky130_fd_sc_hd__or4_2_X_D_sky130_fd_sc_hd__a211oi_2_Y_A1_sky130_fd_sc_hd__or3_2_X_A_sky130_fd_sc_hd__and3_2_X_C (net)
                      0.058238    0.000572    8.295374 v y_out_sky130_fd_sc_hd__dfrtp_2_Q_14_D_sky130_fd_sc_hd__xnor2_2_Y_A_sky130_fd_sc_hd__a21o_2_X_A1_sky130_fd_sc_hd__a21o_2_X_A1_sky130_fd_sc_hd__a22o_2_X_B1_sky130_fd_sc_hd__o31a_2_X_A1_sky130_fd_sc_hd__and2_2_X_A_sky130_fd_sc_hd__nand3_2_Y_A_sky130_fd_sc_hd__nand2_2_Y_A_sky130_fd_sc_hd__or4_2_X_D_sky130_fd_sc_hd__a211oi_2_Y_A1_sky130_fd_sc_hd__or3_2_X_A_sky130_fd_sc_hd__and3_2_X/C (sky130_fd_sc_hd__and3_1)
     3    0.008754    0.061928    0.208892    8.504266 v y_out_sky130_fd_sc_hd__dfrtp_2_Q_14_D_sky130_fd_sc_hd__xnor2_2_Y_A_sky130_fd_sc_hd__a21o_2_X_A1_sky130_fd_sc_hd__a21o_2_X_A1_sky130_fd_sc_hd__a22o_2_X_B1_sky130_fd_sc_hd__o31a_2_X_A1_sky130_fd_sc_hd__and2_2_X_A_sky130_fd_sc_hd__nand3_2_Y_A_sky130_fd_sc_hd__nand2_2_Y_A_sky130_fd_sc_hd__or4_2_X_D_sky130_fd_sc_hd__a211oi_2_Y_A1_sky130_fd_sc_hd__or3_2_X_A_sky130_fd_sc_hd__and3_2_X/X (sky130_fd_sc_hd__and3_1)
                                                         y_out_sky130_fd_sc_hd__dfrtp_2_Q_14_D_sky130_fd_sc_hd__xnor2_2_Y_A_sky130_fd_sc_hd__a21o_2_X_A1_sky130_fd_sc_hd__a21o_2_X_A1_sky130_fd_sc_hd__a22o_2_X_B1_sky130_fd_sc_hd__o31a_2_X_A1_sky130_fd_sc_hd__and2_2_X_A_sky130_fd_sc_hd__nand3_2_Y_A_sky130_fd_sc_hd__nand2_2_Y_A_sky130_fd_sc_hd__or4_2_X_D_sky130_fd_sc_hd__a211oi_2_Y_A1_sky130_fd_sc_hd__or3_2_X_A (net)
                      0.061933    0.000624    8.504889 v y_out_sky130_fd_sc_hd__dfrtp_2_Q_14_D_sky130_fd_sc_hd__xnor2_2_Y_A_sky130_fd_sc_hd__a21o_2_X_A1_sky130_fd_sc_hd__a21o_2_X_A1_sky130_fd_sc_hd__a22o_2_X_B1_sky130_fd_sc_hd__o31a_2_X_A1_sky130_fd_sc_hd__and2_2_X_A_sky130_fd_sc_hd__nand3_2_Y_A_sky130_fd_sc_hd__nand2_2_Y_A_sky130_fd_sc_hd__or4_2_X_D_sky130_fd_sc_hd__a211oi_2_Y_A1_sky130_fd_sc_hd__or3_2_X/A (sky130_fd_sc_hd__or3_1)
     2    0.008394    0.096670    0.410978    8.915868 v y_out_sky130_fd_sc_hd__dfrtp_2_Q_14_D_sky130_fd_sc_hd__xnor2_2_Y_A_sky130_fd_sc_hd__a21o_2_X_A1_sky130_fd_sc_hd__a21o_2_X_A1_sky130_fd_sc_hd__a22o_2_X_B1_sky130_fd_sc_hd__o31a_2_X_A1_sky130_fd_sc_hd__and2_2_X_A_sky130_fd_sc_hd__nand3_2_Y_A_sky130_fd_sc_hd__nand2_2_Y_A_sky130_fd_sc_hd__or4_2_X_D_sky130_fd_sc_hd__a211oi_2_Y_A1_sky130_fd_sc_hd__or3_2_X/X (sky130_fd_sc_hd__or3_1)
                                                         y_out_sky130_fd_sc_hd__dfrtp_2_Q_14_D_sky130_fd_sc_hd__xnor2_2_Y_A_sky130_fd_sc_hd__a21o_2_X_A1_sky130_fd_sc_hd__a21o_2_X_A1_sky130_fd_sc_hd__a22o_2_X_B1_sky130_fd_sc_hd__o31a_2_X_A1_sky130_fd_sc_hd__and2_2_X_A_sky130_fd_sc_hd__nand3_2_Y_A_sky130_fd_sc_hd__nand2_2_Y_A_sky130_fd_sc_hd__or4_2_X_D_sky130_fd_sc_hd__a211oi_2_Y_A1 (net)
                      0.096671    0.000535    8.916402 v y_out_sky130_fd_sc_hd__dfrtp_2_Q_14_D_sky130_fd_sc_hd__xnor2_2_Y_A_sky130_fd_sc_hd__a21o_2_X_A1_sky130_fd_sc_hd__a21o_2_X_A1_sky130_fd_sc_hd__a22o_2_X_B1_sky130_fd_sc_hd__o31a_2_X_A1_sky130_fd_sc_hd__and2_2_X_A_sky130_fd_sc_hd__nand3_2_Y_A_sky130_fd_sc_hd__nand2_2_Y_A_sky130_fd_sc_hd__or4_2_X_D_sky130_fd_sc_hd__a211oi_2_Y_A1_sky130_fd_sc_hd__o211a_2_B1/B1 (sky130_fd_sc_hd__o211a_1)
     4    0.015111    0.091595    0.196139    9.112541 v y_out_sky130_fd_sc_hd__dfrtp_2_Q_14_D_sky130_fd_sc_hd__xnor2_2_Y_A_sky130_fd_sc_hd__a21o_2_X_A1_sky130_fd_sc_hd__a21o_2_X_A1_sky130_fd_sc_hd__a22o_2_X_B1_sky130_fd_sc_hd__o31a_2_X_A1_sky130_fd_sc_hd__and2_2_X_A_sky130_fd_sc_hd__nand3_2_Y_A_sky130_fd_sc_hd__nand2_2_Y_A_sky130_fd_sc_hd__or4_2_X_D_sky130_fd_sc_hd__a211oi_2_Y_A1_sky130_fd_sc_hd__o211a_2_B1/X (sky130_fd_sc_hd__o211a_1)
                                                         y_out_sky130_fd_sc_hd__dfrtp_2_Q_14_D_sky130_fd_sc_hd__xnor2_2_Y_A_sky130_fd_sc_hd__a21o_2_X_A1_sky130_fd_sc_hd__a21o_2_X_A1_sky130_fd_sc_hd__a22o_2_X_B1_sky130_fd_sc_hd__o31a_2_X_A1_sky130_fd_sc_hd__and2_2_X_A_sky130_fd_sc_hd__nand3_2_Y_A_sky130_fd_sc_hd__nand2_2_Y_A_sky130_fd_sc_hd__or4_2_X_D_sky130_fd_sc_hd__a211oi_2_Y_A1_sky130_fd_sc_hd__o211a_2_B1_X (net)
                      0.091600    0.000766    9.113308 v y_out_sky130_fd_sc_hd__dfrtp_2_Q_14_D_sky130_fd_sc_hd__xnor2_2_Y_A_sky130_fd_sc_hd__a21o_2_X_A1_sky130_fd_sc_hd__a21o_2_X_A1_sky130_fd_sc_hd__a22o_2_X_B1_sky130_fd_sc_hd__o31a_2_X_A1_sky130_fd_sc_hd__and2_2_X_A_sky130_fd_sc_hd__nand3_2_Y_A_sky130_fd_sc_hd__nand2_2_Y_A_sky130_fd_sc_hd__or4_2_X/C (sky130_fd_sc_hd__or4_1)
     3    0.010015    0.127956    0.540032    9.653339 v y_out_sky130_fd_sc_hd__dfrtp_2_Q_14_D_sky130_fd_sc_hd__xnor2_2_Y_A_sky130_fd_sc_hd__a21o_2_X_A1_sky130_fd_sc_hd__a21o_2_X_A1_sky130_fd_sc_hd__a22o_2_X_B1_sky130_fd_sc_hd__o31a_2_X_A1_sky130_fd_sc_hd__and2_2_X_A_sky130_fd_sc_hd__nand3_2_Y_A_sky130_fd_sc_hd__nand2_2_Y_A_sky130_fd_sc_hd__or4_2_X/X (sky130_fd_sc_hd__or4_1)
                                                         y_out_sky130_fd_sc_hd__dfrtp_2_Q_14_D_sky130_fd_sc_hd__xnor2_2_Y_A_sky130_fd_sc_hd__a21o_2_X_A1_sky130_fd_sc_hd__a21o_2_X_A1_sky130_fd_sc_hd__a22o_2_X_B1_sky130_fd_sc_hd__o31a_2_X_A1_sky130_fd_sc_hd__and2_2_X_A_sky130_fd_sc_hd__nand3_2_Y_A_sky130_fd_sc_hd__nand2_2_Y_A (net)
                      0.127958    0.000689    9.654029 v y_out_sky130_fd_sc_hd__dfrtp_2_Q_14_D_sky130_fd_sc_hd__xnor2_2_Y_A_sky130_fd_sc_hd__a21o_2_X_A1_sky130_fd_sc_hd__a21o_2_X_A1_sky130_fd_sc_hd__a22o_2_X_B1_sky130_fd_sc_hd__o31a_2_X_A1_sky130_fd_sc_hd__and2_2_X_A_sky130_fd_sc_hd__nand3_2_Y_A_sky130_fd_sc_hd__nand2_2_Y_A_sky130_fd_sc_hd__a21o_2_A1/A1 (sky130_fd_sc_hd__a21o_1)
     2    0.007693    0.054315    0.206684    9.860713 v y_out_sky130_fd_sc_hd__dfrtp_2_Q_14_D_sky130_fd_sc_hd__xnor2_2_Y_A_sky130_fd_sc_hd__a21o_2_X_A1_sky130_fd_sc_hd__a21o_2_X_A1_sky130_fd_sc_hd__a22o_2_X_B1_sky130_fd_sc_hd__o31a_2_X_A1_sky130_fd_sc_hd__and2_2_X_A_sky130_fd_sc_hd__nand3_2_Y_A_sky130_fd_sc_hd__nand2_2_Y_A_sky130_fd_sc_hd__a21o_2_A1/X (sky130_fd_sc_hd__a21o_1)
                                                         y_out_sky130_fd_sc_hd__dfrtp_2_Q_14_D_sky130_fd_sc_hd__xnor2_2_Y_A_sky130_fd_sc_hd__a21o_2_X_A1_sky130_fd_sc_hd__a21o_2_X_A1_sky130_fd_sc_hd__a22o_2_X_B1_sky130_fd_sc_hd__o31a_2_X_A1_sky130_fd_sc_hd__and2_2_X_A_sky130_fd_sc_hd__nand3_2_Y_A_sky130_fd_sc_hd__nand2_2_Y_A_sky130_fd_sc_hd__a21o_2_A1_X (net)
                      0.054316    0.000347    9.861061 v y_out_sky130_fd_sc_hd__dfrtp_2_Q_14_D_sky130_fd_sc_hd__xnor2_2_Y_A_sky130_fd_sc_hd__a21o_2_X_A1_sky130_fd_sc_hd__a21o_2_X_A1_sky130_fd_sc_hd__a22o_2_X_B1_sky130_fd_sc_hd__o31a_2_X_A1_sky130_fd_sc_hd__and2_2_X_A_sky130_fd_sc_hd__nand3_2_Y_A_sky130_fd_sc_hd__nand2_2_Y_B_sky130_fd_sc_hd__and3_2_B/C (sky130_fd_sc_hd__and3_1)
     4    0.014454    0.085835    0.228619   10.089680 v y_out_sky130_fd_sc_hd__dfrtp_2_Q_14_D_sky130_fd_sc_hd__xnor2_2_Y_A_sky130_fd_sc_hd__a21o_2_X_A1_sky130_fd_sc_hd__a21o_2_X_A1_sky130_fd_sc_hd__a22o_2_X_B1_sky130_fd_sc_hd__o31a_2_X_A1_sky130_fd_sc_hd__and2_2_X_A_sky130_fd_sc_hd__nand3_2_Y_A_sky130_fd_sc_hd__nand2_2_Y_B_sky130_fd_sc_hd__and3_2_B/X (sky130_fd_sc_hd__and3_1)
                                                         y_out_sky130_fd_sc_hd__dfrtp_2_Q_14_D_sky130_fd_sc_hd__xnor2_2_Y_A_sky130_fd_sc_hd__a21o_2_X_A1_sky130_fd_sc_hd__a21o_2_X_A1_sky130_fd_sc_hd__a22o_2_X_B1_sky130_fd_sc_hd__o31a_2_X_A1_sky130_fd_sc_hd__and2_2_X_A_sky130_fd_sc_hd__nand3_2_Y_A_sky130_fd_sc_hd__nand2_2_Y_B_sky130_fd_sc_hd__and3_2_B_X (net)
                      0.085843    0.000870   10.090550 v y_out_sky130_fd_sc_hd__dfrtp_2_Q_14_D_sky130_fd_sc_hd__xnor2_2_Y_A_sky130_fd_sc_hd__a21o_2_X_A1_sky130_fd_sc_hd__a21o_2_X_A1_sky130_fd_sc_hd__a22o_2_X_A2_sky130_fd_sc_hd__a221o_2_X_B2_sky130_fd_sc_hd__nor2_2_Y_A_sky130_fd_sc_hd__inv_2_Y_A_sky130_fd_sc_hd__a211o_2_X_B1_sky130_fd_sc_hd__o21a_2_X/A1 (sky130_fd_sc_hd__o21a_1)
     2    0.008506    0.060916    0.223022   10.313573 v y_out_sky130_fd_sc_hd__dfrtp_2_Q_14_D_sky130_fd_sc_hd__xnor2_2_Y_A_sky130_fd_sc_hd__a21o_2_X_A1_sky130_fd_sc_hd__a21o_2_X_A1_sky130_fd_sc_hd__a22o_2_X_A2_sky130_fd_sc_hd__a221o_2_X_B2_sky130_fd_sc_hd__nor2_2_Y_A_sky130_fd_sc_hd__inv_2_Y_A_sky130_fd_sc_hd__a211o_2_X_B1_sky130_fd_sc_hd__o21a_2_X/X (sky130_fd_sc_hd__o21a_1)
                                                         y_out_sky130_fd_sc_hd__dfrtp_2_Q_14_D_sky130_fd_sc_hd__xnor2_2_Y_A_sky130_fd_sc_hd__a21o_2_X_A1_sky130_fd_sc_hd__a21o_2_X_A1_sky130_fd_sc_hd__a22o_2_X_A2_sky130_fd_sc_hd__a221o_2_X_B2_sky130_fd_sc_hd__nor2_2_Y_A_sky130_fd_sc_hd__inv_2_Y_A_sky130_fd_sc_hd__a211o_2_X_B1 (net)
                      0.060920    0.000579   10.314152 v y_out_sky130_fd_sc_hd__dfrtp_2_Q_14_D_sky130_fd_sc_hd__xnor2_2_Y_A_sky130_fd_sc_hd__a21o_2_X_A1_sky130_fd_sc_hd__a21o_2_X_A1_sky130_fd_sc_hd__a22o_2_X_A2_sky130_fd_sc_hd__a221o_2_X_B2_sky130_fd_sc_hd__nor2_2_Y_A_sky130_fd_sc_hd__inv_2_Y_A_sky130_fd_sc_hd__a211o_2_X/B1 (sky130_fd_sc_hd__a211o_1)
     3    0.010948    0.084122    0.313451   10.627603 v y_out_sky130_fd_sc_hd__dfrtp_2_Q_14_D_sky130_fd_sc_hd__xnor2_2_Y_A_sky130_fd_sc_hd__a21o_2_X_A1_sky130_fd_sc_hd__a21o_2_X_A1_sky130_fd_sc_hd__a22o_2_X_A2_sky130_fd_sc_hd__a221o_2_X_B2_sky130_fd_sc_hd__nor2_2_Y_A_sky130_fd_sc_hd__inv_2_Y_A_sky130_fd_sc_hd__a211o_2_X/X (sky130_fd_sc_hd__a211o_1)
                                                         y_out_sky130_fd_sc_hd__dfrtp_2_Q_14_D_sky130_fd_sc_hd__xnor2_2_Y_A_sky130_fd_sc_hd__a21o_2_X_A1_sky130_fd_sc_hd__a21o_2_X_A1_sky130_fd_sc_hd__a22o_2_X_A2_sky130_fd_sc_hd__a221o_2_X_B2_sky130_fd_sc_hd__nor2_2_Y_A_sky130_fd_sc_hd__inv_2_Y_A (net)
                      0.084126    0.000661   10.628263 v y_out_sky130_fd_sc_hd__dfrtp_2_Q_14_D_sky130_fd_sc_hd__xnor2_2_Y_A_sky130_fd_sc_hd__a21o_2_X_A1_sky130_fd_sc_hd__a21o_2_X_A1_sky130_fd_sc_hd__a22o_2_X_A2_sky130_fd_sc_hd__a221o_2_X_B2_sky130_fd_sc_hd__nor2_2_Y_B_sky130_fd_sc_hd__and3_2_X/B (sky130_fd_sc_hd__and3_1)
     2    0.006937    0.054943    0.196552   10.824815 v y_out_sky130_fd_sc_hd__dfrtp_2_Q_14_D_sky130_fd_sc_hd__xnor2_2_Y_A_sky130_fd_sc_hd__a21o_2_X_A1_sky130_fd_sc_hd__a21o_2_X_A1_sky130_fd_sc_hd__a22o_2_X_A2_sky130_fd_sc_hd__a221o_2_X_B2_sky130_fd_sc_hd__nor2_2_Y_B_sky130_fd_sc_hd__and3_2_X/X (sky130_fd_sc_hd__and3_1)
                                                         y_out_sky130_fd_sc_hd__dfrtp_2_Q_14_D_sky130_fd_sc_hd__xnor2_2_Y_A_sky130_fd_sc_hd__a21o_2_X_A1_sky130_fd_sc_hd__a21o_2_X_A1_sky130_fd_sc_hd__a22o_2_X_A2_sky130_fd_sc_hd__a221o_2_X_B2_sky130_fd_sc_hd__nor2_2_Y_B (net)
                      0.054944    0.000343   10.825158 v y_out_sky130_fd_sc_hd__dfrtp_2_Q_14_D_sky130_fd_sc_hd__xnor2_2_Y_A_sky130_fd_sc_hd__a21o_2_X_A1_sky130_fd_sc_hd__a21o_2_X_A1_sky130_fd_sc_hd__a22o_2_X_A2_sky130_fd_sc_hd__a221o_2_X_B1_sky130_fd_sc_hd__or3_2_X_C_sky130_fd_sc_hd__or4_2_X/B (sky130_fd_sc_hd__or4_1)
     2    0.009360    0.124298    0.558214   11.383372 v y_out_sky130_fd_sc_hd__dfrtp_2_Q_14_D_sky130_fd_sc_hd__xnor2_2_Y_A_sky130_fd_sc_hd__a21o_2_X_A1_sky130_fd_sc_hd__a21o_2_X_A1_sky130_fd_sc_hd__a22o_2_X_A2_sky130_fd_sc_hd__a221o_2_X_B1_sky130_fd_sc_hd__or3_2_X_C_sky130_fd_sc_hd__or4_2_X/X (sky130_fd_sc_hd__or4_1)
                                                         y_out_sky130_fd_sc_hd__dfrtp_2_Q_14_D_sky130_fd_sc_hd__xnor2_2_Y_A_sky130_fd_sc_hd__a21o_2_X_A1_sky130_fd_sc_hd__a21o_2_X_A1_sky130_fd_sc_hd__a22o_2_X_A2_sky130_fd_sc_hd__a221o_2_X_B1_sky130_fd_sc_hd__or3_2_X_C (net)
                      0.124298    0.000633   11.384006 v y_out_sky130_fd_sc_hd__dfrtp_2_Q_14_D_sky130_fd_sc_hd__xnor2_2_Y_A_sky130_fd_sc_hd__a21o_2_X_A1_sky130_fd_sc_hd__a21o_2_X_A1_sky130_fd_sc_hd__a22o_2_X_A2_sky130_fd_sc_hd__a221o_2_X_B1_sky130_fd_sc_hd__or3_2_X/C (sky130_fd_sc_hd__or3_1)
     1    0.004535    0.074709    0.341910   11.725915 v y_out_sky130_fd_sc_hd__dfrtp_2_Q_14_D_sky130_fd_sc_hd__xnor2_2_Y_A_sky130_fd_sc_hd__a21o_2_X_A1_sky130_fd_sc_hd__a21o_2_X_A1_sky130_fd_sc_hd__a22o_2_X_A2_sky130_fd_sc_hd__a221o_2_X_B1_sky130_fd_sc_hd__or3_2_X/X (sky130_fd_sc_hd__or3_1)
                                                         y_out_sky130_fd_sc_hd__dfrtp_2_Q_14_D_sky130_fd_sc_hd__xnor2_2_Y_A_sky130_fd_sc_hd__a21o_2_X_A1_sky130_fd_sc_hd__a21o_2_X_A1_sky130_fd_sc_hd__a22o_2_X_A2_sky130_fd_sc_hd__a221o_2_X_B1 (net)
                      0.074709    0.000364   11.726279 v y_out_sky130_fd_sc_hd__dfrtp_2_Q_14_D_sky130_fd_sc_hd__xnor2_2_Y_A_sky130_fd_sc_hd__a21o_2_X_A1_sky130_fd_sc_hd__a21o_2_X_A1_sky130_fd_sc_hd__a22o_2_X_A2_sky130_fd_sc_hd__a221o_2_X/B1 (sky130_fd_sc_hd__a221o_1)
     1    0.006076    0.068793    0.318694   12.044973 v y_out_sky130_fd_sc_hd__dfrtp_2_Q_14_D_sky130_fd_sc_hd__xnor2_2_Y_A_sky130_fd_sc_hd__a21o_2_X_A1_sky130_fd_sc_hd__a21o_2_X_A1_sky130_fd_sc_hd__a22o_2_X_A2_sky130_fd_sc_hd__a221o_2_X/X (sky130_fd_sc_hd__a221o_1)
                                                         y_out_sky130_fd_sc_hd__dfrtp_2_Q_14_D_sky130_fd_sc_hd__xnor2_2_Y_A_sky130_fd_sc_hd__a21o_2_X_A1_sky130_fd_sc_hd__a21o_2_X_A1_sky130_fd_sc_hd__a22o_2_X_A2 (net)
                      0.068794    0.000459   12.045432 v y_out_sky130_fd_sc_hd__dfrtp_2_Q_14_D_sky130_fd_sc_hd__xnor2_2_Y_A_sky130_fd_sc_hd__a21o_2_X_A1_sky130_fd_sc_hd__a21o_2_X_A1_sky130_fd_sc_hd__a22o_2_X/A2 (sky130_fd_sc_hd__a22o_1)
     1    0.008131    0.064974    0.261385   12.306817 v y_out_sky130_fd_sc_hd__dfrtp_2_Q_14_D_sky130_fd_sc_hd__xnor2_2_Y_A_sky130_fd_sc_hd__a21o_2_X_A1_sky130_fd_sc_hd__a21o_2_X_A1_sky130_fd_sc_hd__a22o_2_X/X (sky130_fd_sc_hd__a22o_1)
                                                         y_out_sky130_fd_sc_hd__dfrtp_2_Q_14_D_sky130_fd_sc_hd__xnor2_2_Y_A_sky130_fd_sc_hd__a21o_2_X_A1_sky130_fd_sc_hd__a21o_2_X_A1 (net)
                      0.064980    0.000655   12.307473 v y_out_sky130_fd_sc_hd__dfrtp_2_Q_14_D_sky130_fd_sc_hd__xnor2_2_Y_A_sky130_fd_sc_hd__a21o_2_X_A1_sky130_fd_sc_hd__a21o_2_X/A1 (sky130_fd_sc_hd__a21o_1)
     3    0.026199    0.125894    0.246546   12.554019 v y_out_sky130_fd_sc_hd__dfrtp_2_Q_14_D_sky130_fd_sc_hd__xnor2_2_Y_A_sky130_fd_sc_hd__a21o_2_X_A1_sky130_fd_sc_hd__a21o_2_X/X (sky130_fd_sc_hd__a21o_1)
                                                         y_out_sky130_fd_sc_hd__dfrtp_2_Q_14_D_sky130_fd_sc_hd__xnor2_2_Y_A_sky130_fd_sc_hd__a21o_2_X_A1 (net)
                      0.126058    0.004038   12.558056 v y_out_sky130_fd_sc_hd__dfrtp_2_Q_10_D_sky130_fd_sc_hd__xor2_2_X_B_sky130_fd_sc_hd__nand2_2_Y_A_sky130_fd_sc_hd__a2111o_2_X/A1 (sky130_fd_sc_hd__a2111o_2)
     2    0.045083    0.162537    0.574741   13.132797 v y_out_sky130_fd_sc_hd__dfrtp_2_Q_10_D_sky130_fd_sc_hd__xor2_2_X_B_sky130_fd_sc_hd__nand2_2_Y_A_sky130_fd_sc_hd__a2111o_2_X/X (sky130_fd_sc_hd__a2111o_2)
                                                         y_out_sky130_fd_sc_hd__dfrtp_2_Q_10_D_sky130_fd_sc_hd__xor2_2_X_B_sky130_fd_sc_hd__nand2_2_Y_A (net)
                      0.162714    0.004732   13.137529 v y_out_sky130_fd_sc_hd__dfrtp_2_Q_6_D_sky130_fd_sc_hd__xor2_2_X_A_sky130_fd_sc_hd__nand2_2_Y_A_sky130_fd_sc_hd__a211o_2_X/A1 (sky130_fd_sc_hd__a211o_1)
     2    0.022134    0.134072    0.385819   13.523348 v y_out_sky130_fd_sc_hd__dfrtp_2_Q_6_D_sky130_fd_sc_hd__xor2_2_X_A_sky130_fd_sc_hd__nand2_2_Y_A_sky130_fd_sc_hd__a211o_2_X/X (sky130_fd_sc_hd__a211o_1)
                                                         y_out_sky130_fd_sc_hd__dfrtp_2_Q_6_D_sky130_fd_sc_hd__xor2_2_X_A_sky130_fd_sc_hd__nand2_2_Y_A (net)
                      0.134160    0.003110   13.526458 v y_out_sky130_fd_sc_hd__dfrtp_2_Q_2_D_sky130_fd_sc_hd__xor2_2_X_B_sky130_fd_sc_hd__o22a_2_X_A1_sky130_fd_sc_hd__a21oi_2_Y/A1 (sky130_fd_sc_hd__a21oi_2)
     3    0.017998    0.236911    0.267153   13.793611 ^ y_out_sky130_fd_sc_hd__dfrtp_2_Q_2_D_sky130_fd_sc_hd__xor2_2_X_B_sky130_fd_sc_hd__o22a_2_X_A1_sky130_fd_sc_hd__a21oi_2_Y/Y (sky130_fd_sc_hd__a21oi_2)
                                                         y_out_sky130_fd_sc_hd__dfrtp_2_Q_2_D_sky130_fd_sc_hd__xor2_2_X_B_sky130_fd_sc_hd__o22a_2_X_A1 (net)
                      0.236937    0.002046   13.795656 ^ y_out_sky130_fd_sc_hd__dfrtp_2_Q_2_D_sky130_fd_sc_hd__xor2_2_X_A_sky130_fd_sc_hd__o221a_2_C1/A1 (sky130_fd_sc_hd__o221a_1)
     2    0.011769    0.133507    0.286236   14.081893 ^ y_out_sky130_fd_sc_hd__dfrtp_2_Q_2_D_sky130_fd_sc_hd__xor2_2_X_A_sky130_fd_sc_hd__o221a_2_C1/X (sky130_fd_sc_hd__o221a_1)
                                                         y_out_sky130_fd_sc_hd__dfrtp_2_Q_D_sky130_fd_sc_hd__xnor2_2_Y_A_sky130_fd_sc_hd__o31a_2_X_A2 (net)
                      0.133508    0.000727   14.082620 ^ y_out_sky130_fd_sc_hd__dfrtp_2_Q_D_sky130_fd_sc_hd__xnor2_2_Y_A_sky130_fd_sc_hd__o31a_2_X/A2 (sky130_fd_sc_hd__o31a_1)
     1    0.006777    0.085229    0.173627   14.256248 ^ y_out_sky130_fd_sc_hd__dfrtp_2_Q_D_sky130_fd_sc_hd__xnor2_2_Y_A_sky130_fd_sc_hd__o31a_2_X/X (sky130_fd_sc_hd__o31a_1)
                                                         y_out_sky130_fd_sc_hd__dfrtp_2_Q_D_sky130_fd_sc_hd__xnor2_2_Y_A (net)
                      0.085231    0.000512   14.256759 ^ y_out_sky130_fd_sc_hd__dfrtp_2_Q_D_sky130_fd_sc_hd__xnor2_2_Y/A (sky130_fd_sc_hd__xnor2_1)
     1    0.002359    0.065024    0.071653   14.328412 v y_out_sky130_fd_sc_hd__dfrtp_2_Q_D_sky130_fd_sc_hd__xnor2_2_Y/Y (sky130_fd_sc_hd__xnor2_1)
                                                         y_out_sky130_fd_sc_hd__dfrtp_2_Q_D (net)
                      0.065025    0.000173   14.328585 v y_out_sky130_fd_sc_hd__dfrtp_2_Q/D (sky130_fd_sc_hd__dfrtp_2)
                                             14.328585   data arrival time

                                 30.000000   30.000000   clock clk (rise edge)
                                  0.000000   30.000000   clock source latency
     1    0.058729    0.269041    0.193005   30.193005 ^ clk (in)
                                                         clk (net)
                      0.270539    0.000000   30.193005 ^ clkbuf_0_clk/A (sky130_fd_sc_hd__clkbuf_16)
     2    0.039034    0.061953    0.213852   30.406857 ^ clkbuf_0_clk/X (sky130_fd_sc_hd__clkbuf_16)
                                                         clknet_0_clk (net)
                      0.062187    0.002654   30.409510 ^ clkbuf_1_0__f_clk/A (sky130_fd_sc_hd__clkbuf_16)
     9    0.050780    0.069663    0.153587   30.563097 ^ clkbuf_1_0__f_clk/X (sky130_fd_sc_hd__clkbuf_16)
                                                         clknet_1_0__leaf_clk (net)
                      0.070917    0.007311   30.570410 ^ y_out_sky130_fd_sc_hd__dfrtp_2_Q/CLK (sky130_fd_sc_hd__dfrtp_2)
                                 -0.250000   30.320408   clock uncertainty
                                  0.000000   30.320408   clock reconvergence pessimism
                                 -0.118273   30.202135   library setup time
                                             30.202135   data required time
---------------------------------------------------------------------------------------------
                                             30.202135   data required time
                                            -14.328585   data arrival time
---------------------------------------------------------------------------------------------
                                             15.873550   slack (MET)




===========================================================================
report_checks --slack_max -0.01
============================================================================
======================= max_tt_025C_1v80 Corner ===================================

No paths found.


===========================================================================
 report_check_types -max_slew -max_cap -max_fanout -violators
============================================================================
======================= max_tt_025C_1v80 Corner ===================================

max fanout

Pin                                   Limit Fanout  Slack
---------------------------------------------------------
fanout109/X                              10     11        (VIOLATED)
fanout110/X                              10     11        (VIOLATED)
fanout199/X                              10     11        (VIOLATED)
fanout266/X                              10     11        (VIOLATED)
fanout61/X                               10     11        (VIOLATED)
fanout79/X                               10     11        (VIOLATED)
fanout83/X                               10     11        (VIOLATED)
y_out_sky130_fd_sc_hd__dfrtp_2_Q_D_sky130_fd_sc_hd__xnor2_2_Y_A_sky130_fd_sc_hd__o31a_2_X_B1_sky130_fd_sc_hd__or3_2_X_B_sky130_fd_sc_hd__nor2_2_Y_A_sky130_fd_sc_hd__a21o_2_X_B1_sky130_fd_sc_hd__a21oi_2_Y_A1_sky130_fd_sc_hd__and4_2_X_D_sky130_fd_sc_hd__a22o_2_B2_X_sky130_fd_sc_hd__and2_2_B_A_sky130_fd_sc_hd__or3_2_X_B_sky130_fd_sc_hd__inv_2_Y/Y     10     11        (VIOLATED)



===========================================================================
report_parasitic_annotation -report_unannotated
============================================================================
Found 1 unannotated drivers.
 clkload0/X
Found 0 partially unannotated drivers.

===========================================================================
max slew violation count 0
max fanout violation count 8
max cap violation count 0
============================================================================

===========================================================================
check_setup -verbose -unconstrained_endpoints -multiple_clock -no_clock -no_input_delay -loops -generated_clocks
===========================================================================
