Clock: clk
Sources: clk 
Generated: no
Virtual: yes
Propagated: no
Period: 13.000000

===========================================================================
report_clock_properties
============================================================================
Clock                   Period          Waveform
----------------------------------------------------
clk                  13.000000    0.000000  6.500000

===========================================================================
report_clock_latency
============================================================================
Clock clk
rise -> rise
    min     max
0.000000 0.000000 source latency
0.311158         network latency y_out_sky130_fd_sc_hd__dfrtp_2_Q_7/CLK
        0.312077 network latency y_out_sky130_fd_sc_hd__dfrtp_2_Q_12/CLK
---------------
0.311158 0.312077 latency
        0.000920 skew

fall -> fall
    min     max
0.000000 0.000000 source latency
0.305168         network latency y_out_sky130_fd_sc_hd__dfrtp_2_Q_7/CLK
        0.305814 network latency y_out_sky130_fd_sc_hd__dfrtp_2_Q_12/CLK
---------------
0.305168 0.305814 latency
        0.000646 skew



===========================================================================
report_clock_min_period
============================================================================
clk period_min = 6.53 fmax = 153.15
