Clock: clk
Sources: clk 
Generated: no
Virtual: yes
Propagated: no
Period: 30.000000

===========================================================================
report_clock_properties
============================================================================
Clock                   Period          Waveform
----------------------------------------------------
clk                  30.000000    0.000000 15.000000

===========================================================================
report_clock_latency
============================================================================
Clock clk
rise -> rise
    min     max
0.000000 0.000000 source latency
0.910057         network latency y_out_sky130_fd_sc_hd__dfrtp_2_Q_7/CLK
        0.914343 network latency y_out_sky130_fd_sc_hd__dfrtp_2_Q_15/CLK
---------------
0.910057 0.914343 latency
        0.004286 skew

fall -> fall
    min     max
0.000000 0.000000 source latency
0.797241         network latency y_out_sky130_fd_sc_hd__dfrtp_2_Q_7/CLK
        0.800485 network latency y_out_sky130_fd_sc_hd__dfrtp_2_Q_15/CLK
---------------
0.797241 0.800485 latency
        0.003244 skew



===========================================================================
report_clock_min_period
============================================================================
clk period_min = 16.30 fmax = 61.36
