[WARNING ORD-0039] .openroad ignored with -python
                                Cells by Master                                 
┏━━━━━━━━━━━━━━━━━━━━━━━━━━━━━━━━━━━━━━━━━━━━━━━━━━━━━━━━━━━━━━━━┳━━━━━━━━━━━━━┓
┃ Cell                                                           ┃ Count       ┃
┡━━━━━━━━━━━━━━━━━━━━━━━━━━━━━━━━━━━━━━━━━━━━━━━━━━━━━━━━━━━━━━━━╇━━━━━━━━━━━━━┩
│ sky130_ef_sc_hd__decap_12                                      │ 52684       │
│ sky130_fd_sc_hd__a2111o_1                                      │ 1           │
│ sky130_fd_sc_hd__a2111o_4                                      │ 1           │
│ sky130_fd_sc_hd__a2111oi_1                                     │ 1           │
│ sky130_fd_sc_hd__a211o_1                                       │ 26          │
│ sky130_fd_sc_hd__a211o_2                                       │ 2           │
│ sky130_fd_sc_hd__a211oi_1                                      │ 10          │
│ sky130_fd_sc_hd__a211oi_2                                      │ 13          │
│ sky130_fd_sc_hd__a211oi_4                                      │ 2           │
│ sky130_fd_sc_hd__a21bo_1                                       │ 77          │
│ sky130_fd_sc_hd__a21bo_2                                       │ 1           │
│ sky130_fd_sc_hd__a21boi_1                                      │ 5           │
│ sky130_fd_sc_hd__a21boi_2                                      │ 4           │
│ sky130_fd_sc_hd__a21boi_4                                      │ 3           │
│ sky130_fd_sc_hd__a21o_1                                        │ 200         │
│ sky130_fd_sc_hd__a21o_2                                        │ 4           │
│ sky130_fd_sc_hd__a21oi_1                                       │ 129         │
│ sky130_fd_sc_hd__a21oi_2                                       │ 49          │
│ sky130_fd_sc_hd__a21oi_4                                       │ 1           │
│ sky130_fd_sc_hd__a221o_1                                       │ 1           │
│ sky130_fd_sc_hd__a22o_1                                        │ 62          │
│ sky130_fd_sc_hd__a22oi_1                                       │ 18          │
│ sky130_fd_sc_hd__a22oi_2                                       │ 21          │
│ sky130_fd_sc_hd__a2bb2o_1                                      │ 5           │
│ sky130_fd_sc_hd__a311o_1                                       │ 3           │
│ sky130_fd_sc_hd__a311oi_1                                      │ 1           │
│ sky130_fd_sc_hd__a31o_1                                        │ 28          │
│ sky130_fd_sc_hd__a31oi_1                                       │ 3           │
│ sky130_fd_sc_hd__a31oi_2                                       │ 1           │
│ sky130_fd_sc_hd__a32o_1                                        │ 4           │
│ sky130_fd_sc_hd__a32oi_4                                       │ 2           │
│ sky130_fd_sc_hd__and2_1                                        │ 90          │
│ sky130_fd_sc_hd__and2_4                                        │ 1           │
│ sky130_fd_sc_hd__and2b_1                                       │ 98          │
│ sky130_fd_sc_hd__and2b_2                                       │ 1           │
│ sky130_fd_sc_hd__and3_1                                        │ 107         │
│ sky130_fd_sc_hd__and3_2                                        │ 4           │
│ sky130_fd_sc_hd__and3b_1                                       │ 13          │
│ sky130_fd_sc_hd__and4_1                                        │ 70          │
│ sky130_fd_sc_hd__and4_2                                        │ 2           │
│ sky130_fd_sc_hd__and4b_1                                       │ 1           │
│ sky130_fd_sc_hd__and4b_2                                       │ 1           │
│ sky130_fd_sc_hd__and4bb_1                                      │ 35          │
│ sky130_fd_sc_hd__buf_1                                         │ 4           │
│ sky130_fd_sc_hd__buf_2                                         │ 67          │
│ sky130_fd_sc_hd__buf_4                                         │ 54          │
│ sky130_fd_sc_hd__buf_6                                         │ 4           │
│ sky130_fd_sc_hd__buf_8                                         │ 3           │
│ sky130_fd_sc_hd__clkbuf_1                                      │ 9           │
│ sky130_fd_sc_hd__clkbuf_16                                     │ 4           │
│ sky130_fd_sc_hd__clkbuf_2                                      │ 19          │
│ sky130_fd_sc_hd__clkbuf_4                                      │ 97          │
│ sky130_fd_sc_hd__clkbuf_8                                      │ 15          │
│ sky130_fd_sc_hd__clkinv_4                                      │ 4           │
│ sky130_fd_sc_hd__decap_3                                       │ 1421        │
│ sky130_fd_sc_hd__decap_4                                       │ 995         │
│ sky130_fd_sc_hd__decap_6                                       │ 12117       │
│ sky130_fd_sc_hd__decap_8                                       │ 1164        │
│ sky130_fd_sc_hd__dfrtp_1                                       │ 5           │
│ sky130_fd_sc_hd__dfrtp_2                                       │ 1           │
│ sky130_fd_sc_hd__dfrtp_4                                       │ 10          │
│ sky130_fd_sc_hd__diode_2                                       │ 90          │
│ sky130_fd_sc_hd__dlymetal6s2s_1                                │ 1           │
│ sky130_fd_sc_hd__fill_1                                        │ 13533       │
│ sky130_fd_sc_hd__fill_2                                        │ 643         │
│ sky130_fd_sc_hd__inv_2                                         │ 54          │
│ sky130_fd_sc_hd__inv_4                                         │ 3           │
│ sky130_fd_sc_hd__inv_6                                         │ 1           │
│ sky130_fd_sc_hd__mux2_1                                        │ 1           │
│ sky130_fd_sc_hd__nand2_1                                       │ 223         │
│ sky130_fd_sc_hd__nand2_2                                       │ 10          │
│ sky130_fd_sc_hd__nand2_4                                       │ 1           │
│ sky130_fd_sc_hd__nand2b_1                                      │ 174         │
│ sky130_fd_sc_hd__nand2b_2                                      │ 2           │
│ sky130_fd_sc_hd__nand2b_4                                      │ 1           │
│ sky130_fd_sc_hd__nand3_1                                       │ 99          │
│ sky130_fd_sc_hd__nand3_2                                       │ 22          │
│ sky130_fd_sc_hd__nand3_4                                       │ 1           │
│ sky130_fd_sc_hd__nand3b_1                                      │ 11          │
│ sky130_fd_sc_hd__nand4_1                                       │ 28          │
│ sky130_fd_sc_hd__nand4_2                                       │ 2           │
│ sky130_fd_sc_hd__nor2_1                                        │ 216         │
│ sky130_fd_sc_hd__nor2_2                                        │ 2           │
│ sky130_fd_sc_hd__nor3_1                                        │ 16          │
│ sky130_fd_sc_hd__nor3_2                                        │ 6           │
│ sky130_fd_sc_hd__nor3b_1                                       │ 5           │
│ sky130_fd_sc_hd__nor4_1                                        │ 3           │
│ sky130_fd_sc_hd__o211a_1                                       │ 25          │
│ sky130_fd_sc_hd__o211a_2                                       │ 2           │
│ sky130_fd_sc_hd__o211ai_1                                      │ 5           │
│ sky130_fd_sc_hd__o211ai_2                                      │ 14          │
│ sky130_fd_sc_hd__o211ai_4                                      │ 7           │
│ sky130_fd_sc_hd__o21a_1                                        │ 47          │
│ sky130_fd_sc_hd__o21a_2                                        │ 1           │
│ sky130_fd_sc_hd__o21ai_1                                       │ 56          │
│ sky130_fd_sc_hd__o21ai_2                                       │ 5           │
│ sky130_fd_sc_hd__o21ba_1                                       │ 18          │
│ sky130_fd_sc_hd__o21ba_4                                       │ 1           │
│ sky130_fd_sc_hd__o21bai_1                                      │ 25          │
│ sky130_fd_sc_hd__o21bai_2                                      │ 2           │
│ sky130_fd_sc_hd__o221a_1                                       │ 5           │
│ sky130_fd_sc_hd__o221ai_1                                      │ 2           │
│ sky130_fd_sc_hd__o221ai_2                                      │ 2           │
│ sky130_fd_sc_hd__o22a_1                                        │ 12          │
│ sky130_fd_sc_hd__o22a_2                                        │ 1           │
│ sky130_fd_sc_hd__o22ai_1                                       │ 2           │
│ sky130_fd_sc_hd__o22ai_4                                       │ 1           │
│ sky130_fd_sc_hd__o2bb2a_1                                      │ 26          │
│ sky130_fd_sc_hd__o31a_1                                        │ 8           │
│ sky130_fd_sc_hd__o32a_1                                        │ 4           │
│ sky130_fd_sc_hd__o32a_2                                        │ 1           │
│ sky130_fd_sc_hd__or2_1                                         │ 77          │
│ sky130_fd_sc_hd__or2_2                                         │ 4           │
│ sky130_fd_sc_hd__or3_1                                         │ 50          │
│ sky130_fd_sc_hd__or3_2                                         │ 10          │
│ sky130_fd_sc_hd__or3b_1                                        │ 8           │
│ sky130_fd_sc_hd__or3b_2                                        │ 1           │
│ sky130_fd_sc_hd__or4_1                                         │ 5           │
│ sky130_fd_sc_hd__or4b_1                                        │ 2           │
│ sky130_fd_sc_hd__or4bb_1                                       │ 6           │
│ sky130_fd_sc_hd__tapvpwrvgnd_1                                 │ 13718       │
│ sky130_fd_sc_hd__xnor2_1                                       │ 283         │
│ sky130_fd_sc_hd__xnor2_2                                       │ 87          │
│ sky130_fd_sc_hd__xnor2_4                                       │ 18          │
│ sky130_fd_sc_hd__xor2_1                                        │ 113         │
│ sky130_fd_sc_hd__xor2_2                                        │ 46          │
│ sky130_fd_sc_hd__xor2_4                                        │ 10          │
└────────────────────────────────────────────────────────────────┴─────────────┘
                               Cells by Function                                
┏━━━━━━━━━━━━━━━━━━━━━━━━━━━━━━━━━━━━━━━━━━━━━━━━━━━━━━━━━━━━━━━┳━━━━━━━━━━━━━━┓
┃ Cell Function                                                 ┃ Count        ┃
┡━━━━━━━━━━━━━━━━━━━━━━━━━━━━━━━━━━━━━━━━━━━━━━━━━━━━━━━━━━━━━━━╇━━━━━━━━━━━━━━┩
│ sky130_ef_sc_hd__decap                                        │ 52684        │
│ sky130_fd_sc_hd__a2111o                                       │ 2            │
│ sky130_fd_sc_hd__a2111oi                                      │ 1            │
│ sky130_fd_sc_hd__a211o                                        │ 28           │
│ sky130_fd_sc_hd__a211oi                                       │ 25           │
│ sky130_fd_sc_hd__a21bo                                        │ 78           │
│ sky130_fd_sc_hd__a21boi                                       │ 12           │
│ sky130_fd_sc_hd__a21o                                         │ 204          │
│ sky130_fd_sc_hd__a21oi                                        │ 179          │
│ sky130_fd_sc_hd__a221o                                        │ 1            │
│ sky130_fd_sc_hd__a22o                                         │ 62           │
│ sky130_fd_sc_hd__a22oi                                        │ 39           │
│ sky130_fd_sc_hd__a2bb2o                                       │ 5            │
│ sky130_fd_sc_hd__a311o                                        │ 3            │
│ sky130_fd_sc_hd__a311oi                                       │ 1            │
│ sky130_fd_sc_hd__a31o                                         │ 28           │
│ sky130_fd_sc_hd__a31oi                                        │ 4            │
│ sky130_fd_sc_hd__a32o                                         │ 4            │
│ sky130_fd_sc_hd__a32oi                                        │ 2            │
│ sky130_fd_sc_hd__and2                                         │ 91           │
│ sky130_fd_sc_hd__and2b                                        │ 99           │
│ sky130_fd_sc_hd__and3                                         │ 111          │
│ sky130_fd_sc_hd__and3b                                        │ 13           │
│ sky130_fd_sc_hd__and4                                         │ 72           │
│ sky130_fd_sc_hd__and4b                                        │ 2            │
│ sky130_fd_sc_hd__and4bb                                       │ 35           │
│ sky130_fd_sc_hd__buf                                          │ 132          │
│ sky130_fd_sc_hd__clkbuf                                       │ 144          │
│ sky130_fd_sc_hd__clkinv                                       │ 4            │
│ sky130_fd_sc_hd__decap                                        │ 15697        │
│ sky130_fd_sc_hd__dfrtp                                        │ 16           │
│ sky130_fd_sc_hd__diode                                        │ 90           │
│ sky130_fd_sc_hd__dlymetal6s2s                                 │ 1            │
│ sky130_fd_sc_hd__fill                                         │ 14176        │
│ sky130_fd_sc_hd__inv                                          │ 58           │
│ sky130_fd_sc_hd__mux2                                         │ 1            │
│ sky130_fd_sc_hd__nand2                                        │ 234          │
│ sky130_fd_sc_hd__nand2b                                       │ 177          │
│ sky130_fd_sc_hd__nand3                                        │ 122          │
│ sky130_fd_sc_hd__nand3b                                       │ 11           │
│ sky130_fd_sc_hd__nand4                                        │ 30           │
│ sky130_fd_sc_hd__nor2                                         │ 218          │
│ sky130_fd_sc_hd__nor3                                         │ 22           │
│ sky130_fd_sc_hd__nor3b                                        │ 5            │
│ sky130_fd_sc_hd__nor4                                         │ 3            │
│ sky130_fd_sc_hd__o211a                                        │ 27           │
│ sky130_fd_sc_hd__o211ai                                       │ 26           │
│ sky130_fd_sc_hd__o21a                                         │ 48           │
│ sky130_fd_sc_hd__o21ai                                        │ 61           │
│ sky130_fd_sc_hd__o21ba                                        │ 19           │
│ sky130_fd_sc_hd__o21bai                                       │ 27           │
│ sky130_fd_sc_hd__o221a                                        │ 5            │
│ sky130_fd_sc_hd__o221ai                                       │ 4            │
│ sky130_fd_sc_hd__o22a                                         │ 13           │
│ sky130_fd_sc_hd__o22ai                                        │ 3            │
│ sky130_fd_sc_hd__o2bb2a                                       │ 26           │
│ sky130_fd_sc_hd__o31a                                         │ 8            │
│ sky130_fd_sc_hd__o32a                                         │ 5            │
│ sky130_fd_sc_hd__or2                                          │ 81           │
│ sky130_fd_sc_hd__or3                                          │ 60           │
│ sky130_fd_sc_hd__or3b                                         │ 9            │
│ sky130_fd_sc_hd__or4                                          │ 5            │
│ sky130_fd_sc_hd__or4b                                         │ 2            │
│ sky130_fd_sc_hd__or4bb                                        │ 6            │
│ sky130_fd_sc_hd__tapvpwrvgnd                                  │ 13718        │
│ sky130_fd_sc_hd__xnor2                                        │ 388          │
│ sky130_fd_sc_hd__xor2                                         │ 169          │
└───────────────────────────────────────────────────────────────┴──────────────┘
                                  Cells by SCL                                  
┏━━━━━━━━━━━━━━━━━━━━━━━━━━━━━━━━━━━━━━━━━━━━━━━━━━━━━━━┳━━━━━━━━━━━━━━━━━━━━━━┓
┃ SCL                                                   ┃ Count                ┃
┡━━━━━━━━━━━━━━━━━━━━━━━━━━━━━━━━━━━━━━━━━━━━━━━━━━━━━━━╇━━━━━━━━━━━━━━━━━━━━━━┩
│ sky130_ef_sc_hd                                       │ 52684                │
│ sky130_fd_sc_hd                                       │ 46952                │
└───────────────────────────────────────────────────────┴──────────────────────┘
                             Buffers by Cell Master                             
┏━━━━━━━━━━━━━━━━━━━━━━━━━━━━━━━━━━━━━━━━━━━━━━━━━━━━━━━━━━━━━━━━┳━━━━━━━━━━━━━┓
┃ Buffer                                                         ┃ Count       ┃
┡━━━━━━━━━━━━━━━━━━━━━━━━━━━━━━━━━━━━━━━━━━━━━━━━━━━━━━━━━━━━━━━━╇━━━━━━━━━━━━━┩
│ sky130_fd_sc_hd__buf_1                                         │ 4           │
│ sky130_fd_sc_hd__buf_2                                         │ 67          │
│ sky130_fd_sc_hd__buf_4                                         │ 54          │
│ sky130_fd_sc_hd__buf_6                                         │ 4           │
│ sky130_fd_sc_hd__buf_8                                         │ 3           │
│ sky130_fd_sc_hd__clkbuf_1                                      │ 9           │
│ sky130_fd_sc_hd__clkbuf_16                                     │ 4           │
│ sky130_fd_sc_hd__clkbuf_2                                      │ 19          │
│ sky130_fd_sc_hd__clkbuf_4                                      │ 97          │
│ sky130_fd_sc_hd__clkbuf_8                                      │ 15          │
│ sky130_fd_sc_hd__dlymetal6s2s_1                                │ 1           │
└────────────────────────────────────────────────────────────────┴─────────────┘
