Clock: clk
Sources: clk 
Generated: no
Virtual: yes
Propagated: no
Period: 20.000000

===========================================================================
report_clock_properties
============================================================================
Clock                   Period          Waveform
----------------------------------------------------
clk                  20.000000    0.000000 10.000000

===========================================================================
report_clock_latency
============================================================================
Clock clk
rise -> rise
    min     max
0.000000 0.000000 source latency
0.332109         network latency y_out_sky130_fd_sc_hd__dfrtp_2_Q/CLK
        0.337888 network latency y_out_sky130_fd_sc_hd__dfrtp_2_Q_15/CLK
---------------
0.332109 0.337888 latency
        0.005779 skew

fall -> fall
    min     max
0.000000 0.000000 source latency
0.167688         network latency y_out_sky130_fd_sc_hd__dfrtp_2_Q/CLK
        0.173171 network latency y_out_sky130_fd_sc_hd__dfrtp_2_Q_15/CLK
---------------
0.167688 0.173171 latency
        0.005483 skew



===========================================================================
report_clock_min_period
============================================================================
clk period_min = 7.68 fmax = 130.18
