Clock: clk
Sources: clk 
Generated: no
Virtual: yes
Propagated: no
Period: 13.000000

===========================================================================
report_clock_properties
============================================================================
Clock                   Period          Waveform
----------------------------------------------------
clk                  13.000000    0.000000  6.500000

===========================================================================
report_clock_latency
============================================================================
Clock clk
rise -> rise
    min     max
0.000000 0.000000 source latency
0.268447         network latency y_out_sky130_fd_sc_hd__dfrtp_2_Q_7/CLK
        0.271971 network latency y_out_sky130_fd_sc_hd__dfrtp_2_Q_15/CLK
---------------
0.268447 0.271971 latency
        0.003524 skew

fall -> fall
    min     max
0.000000 0.000000 source latency
0.239182         network latency y_out_sky130_fd_sc_hd__dfrtp_2_Q_7/CLK
        0.242016 network latency y_out_sky130_fd_sc_hd__dfrtp_2_Q_15/CLK
---------------
0.239182 0.242016 latency
        0.002833 skew



===========================================================================
report_clock_min_period
============================================================================
clk period_min = 4.33 fmax = 230.93
