Clock: clk
Sources: clk 
Generated: no
Virtual: yes
Propagated: no
Period: 20.000000

===========================================================================
report_clock_properties
============================================================================
Clock                   Period          Waveform
----------------------------------------------------
clk                  20.000000    0.000000 10.000000

===========================================================================
report_clock_latency
============================================================================
Clock clk
rise -> rise
    min     max
0.000000 0.000000 source latency
0.755108         network latency y_out_sky130_fd_sc_hd__dfrtp_2_Q_7/CLK
        0.762865 network latency y_out_sky130_fd_sc_hd__dfrtp_2_Q_14/CLK
---------------
0.755108 0.762865 latency
        0.007757 skew

fall -> fall
    min     max
0.000000 0.000000 source latency
0.598237         network latency y_out_sky130_fd_sc_hd__dfrtp_2_Q_7/CLK
        0.604285 network latency y_out_sky130_fd_sc_hd__dfrtp_2_Q_14/CLK
---------------
0.598237 0.604285 latency
        0.006048 skew



===========================================================================
report_clock_min_period
============================================================================
clk period_min = 8.68 fmax = 115.22
