Reading OpenROAD database at '/home/asic/workspace/asic_project/runs/RUN_2025-05-14_18-54-45/31-openroad-repairdesignpostgpl/dynamic_noise_reduction.odb'…
Reading library file at '/foss/pdks/volare/sky130/versions/0fe599b2afb6708d281543108caf8310912f54af/sky130A/libs.ref/sky130_fd_sc_hd/lib/sky130_fd_sc_hd__tt_025C_1v80.lib'…
Reading design constraints file at '/usr/local/lib/python3.12/dist-packages/openlane/scripts/base.sdc'…
[INFO] Using clock clk…
[INFO] Setting output delay to: 4
[INFO] Setting input delay to: 4
[INFO] Setting load to: 0.033442
[INFO] Setting clock uncertainty to: 0.25
[INFO] Setting clock transition to: 0.1499999999999999944488848768742172978818416595458984375
[INFO] Setting timing derate to: 5%
Placement Analysis
---------------------------------
total displacement          0.0 u
average displacement        0.0 u
max displacement            0.0 u
original HPWL          142300.4 u
legalized HPWL         144947.2 u
delta HPWL                    2 %

[INFO DPL-0020] Mirrored 1478 instances
[INFO DPL-0021] HPWL before          144947.2 u
[INFO DPL-0022] HPWL after           142300.4 u
[INFO DPL-0023] HPWL delta               -1.8 %
Setting global connections for newly added cells…
[INFO] Setting global connections...
Updating metrics…
Cell type report:                       Count       Area
  Fill cell                               718    2695.08
  Tap cell                              13718   17163.96
  Timing Repair Buffer                    276    1919.34
  Inverter                                 68     292.78
  Sequential cell                          16     437.92
  Multi-Input combinational cell         2910   22733.05
  Total                                 17706   45242.14
Writing OpenROAD database to '/home/asic/workspace/asic_project/runs/RUN_2025-05-14_18-54-45/33-openroad-detailedplacement/dynamic_noise_reduction.odb'…
Writing netlist to '/home/asic/workspace/asic_project/runs/RUN_2025-05-14_18-54-45/33-openroad-detailedplacement/dynamic_noise_reduction.nl.v'…
Writing powered netlist to '/home/asic/workspace/asic_project/runs/RUN_2025-05-14_18-54-45/33-openroad-detailedplacement/dynamic_noise_reduction.pnl.v'…
Writing layout to '/home/asic/workspace/asic_project/runs/RUN_2025-05-14_18-54-45/33-openroad-detailedplacement/dynamic_noise_reduction.def'…
Writing timing constraints to '/home/asic/workspace/asic_project/runs/RUN_2025-05-14_18-54-45/33-openroad-detailedplacement/dynamic_noise_reduction.sdc'…
