Reading OpenROAD database at '/home/asic/workspace/asic_project/runs/RUN_2025-05-14_18-18-41/40-openroad-repairdesignpostgrt/dynamic_noise_reduction.odb'…
Reading library file at '/foss/pdks/volare/sky130/versions/0fe599b2afb6708d281543108caf8310912f54af/sky130A/libs.ref/sky130_fd_sc_hd/lib/sky130_fd_sc_hd__tt_025C_1v80.lib'…
Reading design constraints file at '/usr/local/lib/python3.12/dist-packages/openlane/scripts/base.sdc'…
[INFO] Using clock clk…
[INFO] Setting output delay to: 2
[INFO] Setting input delay to: 2
[INFO] Setting load to: 0.033442
[INFO] Setting clock uncertainty to: 0.25
[INFO] Setting clock transition to: 0.1499999999999999944488848768742172978818416595458984375
[INFO] Setting timing derate to: 5%
[INFO] Setting signal min routing layer to: met1 and clock min routing layer to met1. 
[INFO] Setting signal max routing layer to: met5 and clock max routing layer to met5. 
-congestion_iterations 50 -verbose
[INFO GRT-0020] Min routing layer: met1
[INFO GRT-0021] Max routing layer: met5
[INFO GRT-0022] Global adjustment: 30%
[INFO GRT-0023] Grid origin: (0, 0)
[INFO GRT-0043] No OR_DEFAULT vias defined.
[INFO GRT-0088] Layer li1     Track-Pitch = 0.4600  line-2-Via Pitch: 0.3400
[INFO GRT-0088] Layer met1    Track-Pitch = 0.3400  line-2-Via Pitch: 0.3400
[INFO GRT-0088] Layer met2    Track-Pitch = 0.4600  line-2-Via Pitch: 0.3500
[INFO GRT-0088] Layer met3    Track-Pitch = 0.6800  line-2-Via Pitch: 0.6150
[INFO GRT-0088] Layer met4    Track-Pitch = 0.9200  line-2-Via Pitch: 1.0400
[INFO GRT-0088] Layer met5    Track-Pitch = 3.4000  line-2-Via Pitch: 3.1100
[INFO GRT-0019] Found 4 clock nets.
[INFO GRT-0001] Minimum degree: 2
[INFO GRT-0002] Maximum degree: 11
[INFO GRT-0003] Macros: 0
[INFO GRT-0043] No OR_DEFAULT vias defined.
[INFO GRT-0004] Blockages: 639

[INFO GRT-0053] Routing resources analysis:
          Routing      Original      Derated      Resource
Layer     Direction    Resources     Resources    Reduction (%)
---------------------------------------------------------------
li1        Vertical            0             0          0.00%
met1       Horizontal      37410         18440          50.71%
met2       Vertical        28036         18234          34.96%
met3       Horizontal      18705         12715          32.02%
met4       Vertical        11309          7030          37.84%
met5       Horizontal       3741          1806          51.72%
---------------------------------------------------------------

[INFO GRT-0197] Via related to pin nodes: 17722
[INFO GRT-0198] Via related Steiner nodes: 195
[INFO GRT-0199] Via filling finished.
[INFO GRT-0111] Final number of vias: 21692
[INFO GRT-0112] Final usage 3D: 76981

[INFO GRT-0096] Final congestion report:
Layer         Resource        Demand        Usage (%)    Max H / Max V / Total Overflow
---------------------------------------------------------------------------------------
li1                  0             0            0.00%             0 /  0 /  0
met1             18440          5307           28.78%             0 /  0 /  0
met2             18234          5989           32.85%             0 /  0 /  0
met3             12715           381            3.00%             0 /  0 /  0
met4              7030           228            3.24%             0 /  0 /  0
met5              1806             0            0.00%             0 /  0 /  0
---------------------------------------------------------------------------------------
Total            58225         11905           20.45%             0 /  0 /  0

[INFO GRT-0018] Total wirelength: 128560 um
[INFO GRT-0014] Routed nets: 3345
[INFO GRT-0006] Repairing antennas, iteration 1.
[INFO GRT-0043] No OR_DEFAULT vias defined.
[INFO GRT-0012] Found 9 antenna violations.
[INFO GRT-0015] Inserted 9 diodes.
[INFO GRT-0009] rerouting 970 nets.
[INFO GRT-0001] Minimum degree: 2
[INFO GRT-0002] Maximum degree: 12
[INFO GRT-0006] Repairing antennas, iteration 2.
[INFO GRT-0043] No OR_DEFAULT vias defined.
[INFO GRT-0012] Found 1 antenna violations.
[INFO GRT-0015] Inserted 1 diodes.
[INFO GRT-0009] rerouting 4 nets.
[INFO GRT-0001] Minimum degree: 2
[INFO GRT-0002] Maximum degree: 11
[INFO GRT-0006] Repairing antennas, iteration 3.
[INFO GRT-0043] No OR_DEFAULT vias defined.
[INFO GRT-0012] Found 0 antenna violations.
Placement Analysis
---------------------------------
total displacement          0.0 u
average displacement        0.0 u
max displacement            0.0 u
original HPWL           79781.7 u
legalized HPWL          79781.7 u
delta HPWL                    0 %

[INFO DPL-0020] Mirrored 1501 instances
[INFO DPL-0021] HPWL before           79781.7 u
[INFO DPL-0022] HPWL after            77339.6 u
[INFO DPL-0023] HPWL delta               -3.1 %
-congestion_iterations 50 -verbose
[INFO GRT-0020] Min routing layer: met1
[INFO GRT-0021] Max routing layer: met5
[INFO GRT-0022] Global adjustment: 30%
[INFO GRT-0023] Grid origin: (0, 0)
[INFO GRT-0043] No OR_DEFAULT vias defined.
[INFO GRT-0088] Layer li1     Track-Pitch = 0.4600  line-2-Via Pitch: 0.3400
[INFO GRT-0088] Layer met1    Track-Pitch = 0.3400  line-2-Via Pitch: 0.3400
[INFO GRT-0088] Layer met2    Track-Pitch = 0.4600  line-2-Via Pitch: 0.3500
[INFO GRT-0088] Layer met3    Track-Pitch = 0.6800  line-2-Via Pitch: 0.6150
[INFO GRT-0088] Layer met4    Track-Pitch = 0.9200  line-2-Via Pitch: 1.0400
[INFO GRT-0088] Layer met5    Track-Pitch = 3.4000  line-2-Via Pitch: 3.1100
[INFO GRT-0019] Found 4 clock nets.
[INFO GRT-0001] Minimum degree: 2
[INFO GRT-0002] Maximum degree: 12
[INFO GRT-0003] Macros: 0
[INFO GRT-0043] No OR_DEFAULT vias defined.
[INFO GRT-0004] Blockages: 639

[INFO GRT-0053] Routing resources analysis:
          Routing      Original      Derated      Resource
Layer     Direction    Resources     Resources    Reduction (%)
---------------------------------------------------------------
li1        Vertical            0             0          0.00%
met1       Horizontal      37410         18440          50.71%
met2       Vertical        28036         18234          34.96%
met3       Horizontal      18705         12715          32.02%
met4       Vertical        11309          7030          37.84%
met5       Horizontal       3741          1806          51.72%
---------------------------------------------------------------

[INFO GRT-0197] Via related to pin nodes: 17737
[INFO GRT-0198] Via related Steiner nodes: 196
[INFO GRT-0199] Via filling finished.
[INFO GRT-0111] Final number of vias: 21706
[INFO GRT-0112] Final usage 3D: 77029

[INFO GRT-0096] Final congestion report:
Layer         Resource        Demand        Usage (%)    Max H / Max V / Total Overflow
---------------------------------------------------------------------------------------
li1                  0             0            0.00%             0 /  0 /  0
met1             18440          5310           28.80%             0 /  0 /  0
met2             18234          5991           32.86%             0 /  0 /  0
met3             12715           382            3.00%             0 /  0 /  0
met4              7030           228            3.24%             0 /  0 /  0
met5              1806             0            0.00%             0 /  0 /  0
---------------------------------------------------------------------------------------
Total            58225         11911           20.46%             0 /  0 /  0

[INFO GRT-0018] Total wirelength: 128622 um
[INFO GRT-0014] Routed nets: 3345
[INFO] Setting RC values…
Setting global connections for newly added cells…
[INFO] Setting global connections...
Updating metrics…
Cell type report:                       Count       Area
  Fill cell                               204     765.73
  Tap cell                               1144    1431.37
  Antenna cell                             10      25.02
  Clock buffer                              4      88.84
  Timing Repair Buffer                    313    2008.18
  Inverter                                 68     257.75
  Sequential cell                          16     422.91
  Multi-Input combinational cell         2911   22506.59
  Total                                  4670   27506.38
Writing OpenROAD database to '/home/asic/workspace/asic_project/runs/RUN_2025-05-14_18-18-41/42-openroad-repairantennas/1-diodeinsertion/dynamic_noise_reduction.odb'…
Writing layout to '/home/asic/workspace/asic_project/runs/RUN_2025-05-14_18-18-41/42-openroad-repairantennas/1-diodeinsertion/dynamic_noise_reduction.def'…
