Reading timing models for corner nom_tt_025C_1v80…
Reading timing library for the 'nom_tt_025C_1v80' corner at '/foss/pdks/volare/sky130/versions/0fe599b2afb6708d281543108caf8310912f54af/sky130A/libs.ref/sky130_fd_sc_hd/lib/sky130_fd_sc_hd__tt_025C_1v80.lib'…
Reading timing models for corner nom_ff_n40C_1v95…
Reading timing library for the 'nom_ff_n40C_1v95' corner at '/foss/pdks/volare/sky130/versions/0fe599b2afb6708d281543108caf8310912f54af/sky130A/libs.ref/sky130_fd_sc_hd/lib/sky130_fd_sc_hd__ff_n40C_1v95.lib'…
Reading timing models for corner nom_ss_100C_1v60…
Reading timing library for the 'nom_ss_100C_1v60' corner at '/foss/pdks/volare/sky130/versions/0fe599b2afb6708d281543108caf8310912f54af/sky130A/libs.ref/sky130_fd_sc_hd/lib/sky130_fd_sc_hd__ss_100C_1v60.lib'…
Reading OpenROAD database at '/home/asic/workspace/asic_project/runs/RUN_2025-05-17_03-20-44/27-openroad-globalplacement/dynamic_noise_reduction.odb'…
Reading design constraints file at '/usr/local/lib/python3.12/dist-packages/openlane/scripts/base.sdc'…
[INFO] Using clock clk…
[INFO] Setting output delay to: 4
[INFO] Setting input delay to: 4
[INFO] Setting load to: 0.033442
[INFO] Setting clock uncertainty to: 0.25
[INFO] Setting clock transition to: 0.1499999999999999944488848768742172978818416595458984375
[INFO] Setting timing derate to: 5%
[INFO] Setting RC values…
[INFO RSZ-0027] Inserted 33 input buffers.
[INFO RSZ-0028] Inserted 16 output buffers.
[INFO RSZ-0058] Using max wire length 6335um.
Iteration | Resized | Buffers | Nets repaired | Remaining
---------------------------------------------------------
        0 |       0 |       0 |             0 |      3077
      100 |      94 |       0 |             0 |      2977
      200 |     179 |       0 |             0 |      2877
      300 |     264 |       0 |             0 |      2777
      400 |     352 |       0 |             0 |      2677
      500 |     434 |       1 |             1 |      2577
      600 |     521 |       1 |             1 |      2477
      700 |     596 |       2 |             2 |      2377
      800 |     675 |       3 |             3 |      2277
      900 |     758 |       3 |             3 |      2177
     1000 |     834 |       3 |             3 |      2077
     1100 |     918 |       5 |             5 |      1977
     1200 |    1000 |       5 |             5 |      1877
     1300 |    1086 |       5 |             5 |      1777
     1400 |    1167 |       5 |             5 |      1677
     1500 |    1257 |       5 |             5 |      1577
     1600 |    1343 |       5 |             5 |      1477
     1700 |    1435 |       6 |             6 |      1377
     1800 |    1529 |       6 |             6 |      1277
     1900 |    1620 |       6 |             6 |      1177
     2000 |    1716 |       6 |            12 |      1077
     2100 |    1810 |       7 |            26 |       977
     2200 |    1903 |       7 |            37 |       877
     2300 |    2001 |       7 |            46 |       777
     2400 |    2096 |      10 |            50 |       677
     2500 |    2188 |      10 |            52 |       577
     2600 |    2282 |      10 |            52 |       477
     2700 |    2383 |      13 |            56 |       377
     2800 |    2480 |      24 |            98 |       277
     2900 |    2566 |      37 |           152 |       177
     3000 |    2665 |      49 |           195 |        77
    final |    2878 |     221 |           236 |         0
---------------------------------------------------------
[INFO RSZ-0034] Found 182 slew violations.
[INFO RSZ-0035] Found 55 fanout violations.
[INFO RSZ-0038] Inserted 221 buffers in 236 nets.
[INFO RSZ-0039] Resized 2878 instances.
Placement Analysis
---------------------------------
total displacement       5501.6 u
average displacement        0.3 u
max displacement            9.3 u
original HPWL          143673.0 u
legalized HPWL         146720.4 u
delta HPWL                    2 %

[INFO DPL-0020] Mirrored 1435 instances
[INFO DPL-0021] HPWL before          146720.4 u
[INFO DPL-0022] HPWL after           144354.1 u
[INFO DPL-0023] HPWL delta               -1.6 %
[INFO] Setting RC values…
Setting global connections for newly added cells…
[INFO] Setting global connections...
Updating metrics…
Cell type report:                       Count       Area
  Fill cell                               718    2695.08
  Tap cell                              13718   17163.96
  Timing Repair Buffer                    270    1921.84
  Inverter                                 62     265.25
  Sequential cell                          16     439.17
  Multi-Input combinational cell         2916   22690.51
  Total                                 17700   45175.83
Writing OpenROAD database to '/home/asic/workspace/asic_project/runs/RUN_2025-05-17_03-20-44/31-openroad-repairdesignpostgpl/dynamic_noise_reduction.odb'…
Writing netlist to '/home/asic/workspace/asic_project/runs/RUN_2025-05-17_03-20-44/31-openroad-repairdesignpostgpl/dynamic_noise_reduction.nl.v'…
Writing powered netlist to '/home/asic/workspace/asic_project/runs/RUN_2025-05-17_03-20-44/31-openroad-repairdesignpostgpl/dynamic_noise_reduction.pnl.v'…
Writing layout to '/home/asic/workspace/asic_project/runs/RUN_2025-05-17_03-20-44/31-openroad-repairdesignpostgpl/dynamic_noise_reduction.def'…
Writing timing constraints to '/home/asic/workspace/asic_project/runs/RUN_2025-05-17_03-20-44/31-openroad-repairdesignpostgpl/dynamic_noise_reduction.sdc'…
