Clock: clk
Sources: clk 
Generated: no
Virtual: yes
Propagated: no
Period: 16.000000

===========================================================================
report_clock_properties
============================================================================
Clock                   Period          Waveform
----------------------------------------------------
clk                  16.000000    0.000000  8.000000

===========================================================================
report_clock_latency
============================================================================
Clock clk
rise -> rise
    min     max
0.000000 0.000000 source latency
0.605146         network latency y_out_sky130_fd_sc_hd__dfrtp_2_Q_7/CLK
        0.609354 network latency y_out_sky130_fd_sc_hd__dfrtp_2_Q_15/CLK
---------------
0.605146 0.609354 latency
        0.004209 skew

fall -> fall
    min     max
0.000000 0.000000 source latency
0.589736         network latency y_out_sky130_fd_sc_hd__dfrtp_2_Q_7/CLK
        0.593230 network latency y_out_sky130_fd_sc_hd__dfrtp_2_Q_15/CLK
---------------
0.589736 0.593230 latency
        0.003494 skew



===========================================================================
report_clock_min_period
============================================================================
clk period_min = 13.71 fmax = 72.93
