Clock: clk
Sources: clk 
Generated: no
Virtual: yes
Propagated: no
Period: 20.000000

===========================================================================
report_clock_properties
============================================================================
Clock                   Period          Waveform
----------------------------------------------------
clk                  20.000000    0.000000 10.000000

===========================================================================
report_clock_latency
============================================================================
Clock clk
rise -> rise
    min     max
0.000000 0.000000 source latency
0.433700         network latency y_out_sky130_fd_sc_hd__dfrtp_2_Q_6/CLK
        0.443333 network latency y_out_sky130_fd_sc_hd__dfrtp_2_Q_15/CLK
---------------
0.433700 0.443333 latency
        0.009633 skew

fall -> fall
    min     max
0.000000 0.000000 source latency
0.347038         network latency y_out_sky130_fd_sc_hd__dfrtp_2_Q_6/CLK
        0.355119 network latency y_out_sky130_fd_sc_hd__dfrtp_2_Q_15/CLK
---------------
0.347038 0.355119 latency
        0.008081 skew



===========================================================================
report_clock_min_period
============================================================================
clk period_min = 4.75 fmax = 210.64
