108. Printing statistics.

=== dynamic_noise_reduction ===

   Number of wires:               2983
   Number of wire bits:           3028
   Number of public wires:           5
   Number of public wire bits:      50
   Number of ports:                  5
   Number of port bits:             50
   Number of memories:               0
   Number of memory bits:            0
   Number of processes:              0
   Number of cells:               2994
     sky130_fd_sc_hd__a2111o_2       1
     sky130_fd_sc_hd__a2111oi_2      1
     sky130_fd_sc_hd__a211o_2       59
     sky130_fd_sc_hd__a211oi_2      26
     sky130_fd_sc_hd__a21bo_2       74
     sky130_fd_sc_hd__a21boi_2      10
     sky130_fd_sc_hd__a21o_2       226
     sky130_fd_sc_hd__a21oi_2      175
     sky130_fd_sc_hd__a221oi_2       1
     sky130_fd_sc_hd__a22o_2        50
     sky130_fd_sc_hd__a22oi_2       47
     sky130_fd_sc_hd__a2bb2o_2       6
     sky130_fd_sc_hd__a311o_2        1
     sky130_fd_sc_hd__a311oi_2       1
     sky130_fd_sc_hd__a31o_2        33
     sky130_fd_sc_hd__a31oi_2        4
     sky130_fd_sc_hd__a32oi_2        4
     sky130_fd_sc_hd__and2_2        81
     sky130_fd_sc_hd__and2b_2      107
     sky130_fd_sc_hd__and3_2       119
     sky130_fd_sc_hd__and3b_2       18
     sky130_fd_sc_hd__and4_2        76
     sky130_fd_sc_hd__and4b_2        2
     sky130_fd_sc_hd__and4bb_2      39
     sky130_fd_sc_hd__dfrtp_2       16
     sky130_fd_sc_hd__inv_2         68
     sky130_fd_sc_hd__mux2_1         3
     sky130_fd_sc_hd__nand2_2      202
     sky130_fd_sc_hd__nand2b_2     172
     sky130_fd_sc_hd__nand3_2      151
     sky130_fd_sc_hd__nand3b_2      12
     sky130_fd_sc_hd__nand4_2       21
     sky130_fd_sc_hd__nor2_2       202
     sky130_fd_sc_hd__nor3_2        22
     sky130_fd_sc_hd__nor3b_2        8
     sky130_fd_sc_hd__nor4_2         4
     sky130_fd_sc_hd__o211a_2       34
     sky130_fd_sc_hd__o211ai_2      44
     sky130_fd_sc_hd__o21a_2        51
     sky130_fd_sc_hd__o21ai_2       60
     sky130_fd_sc_hd__o21ba_2       25
     sky130_fd_sc_hd__o21bai_2      30
     sky130_fd_sc_hd__o221a_2        1
     sky130_fd_sc_hd__o22a_2        21
     sky130_fd_sc_hd__o22ai_2        1
     sky130_fd_sc_hd__o2bb2a_2      15
     sky130_fd_sc_hd__o311a_2        1
     sky130_fd_sc_hd__o31a_2         4
     sky130_fd_sc_hd__o31ai_2        3
     sky130_fd_sc_hd__o32a_2         3
     sky130_fd_sc_hd__o41a_2         2
     sky130_fd_sc_hd__or2_2         64
     sky130_fd_sc_hd__or3_2         54
     sky130_fd_sc_hd__or3b_2        11
     sky130_fd_sc_hd__or4_2          5
     sky130_fd_sc_hd__or4b_2         3
     sky130_fd_sc_hd__or4bb_2        7
     sky130_fd_sc_hd__xnor2_2      345
     sky130_fd_sc_hd__xor2_2       168

   Chip area for module '\dynamic_noise_reduction': 30232.745600
     of which used for sequential elements: 420.403200 (1.39%)

