Clock: clk
Sources: clk 
Generated: no
Virtual: yes
Propagated: no
Period: 16.000000

===========================================================================
report_clock_properties
============================================================================
Clock                   Period          Waveform
----------------------------------------------------
clk                  16.000000    0.000000  8.000000

===========================================================================
report_clock_latency
============================================================================
Clock clk
rise -> rise
    min     max
0.000000 0.000000 source latency
0.360853         network latency y_out_sky130_fd_sc_hd__dfrtp_2_Q_7/CLK
        0.363427 network latency y_out_sky130_fd_sc_hd__dfrtp_2_Q_10/CLK
---------------
0.360853 0.363427 latency
        0.002574 skew

fall -> fall
    min     max
0.000000 0.000000 source latency
0.336986         network latency y_out_sky130_fd_sc_hd__dfrtp_2_Q_7/CLK
        0.338904 network latency y_out_sky130_fd_sc_hd__dfrtp_2_Q_10/CLK
---------------
0.336986 0.338904 latency
        0.001918 skew



===========================================================================
report_clock_min_period
============================================================================
clk period_min = 7.17 fmax = 139.39
