Clock: clk
Sources: clk 
Generated: no
Virtual: yes
Propagated: no
Period: 20.000000

===========================================================================
report_clock_properties
============================================================================
Clock                   Period          Waveform
----------------------------------------------------
clk                  20.000000    0.000000 10.000000

===========================================================================
report_clock_latency
============================================================================
Clock clk
rise -> rise
    min     max
0.000000 0.000000 source latency
0.859018         network latency y_out_sky130_fd_sc_hd__dfrtp_2_Q_5/CLK
        0.861301 network latency y_out_sky130_fd_sc_hd__dfrtp_2_Q_15/CLK
---------------
0.859018 0.861301 latency
        0.002283 skew

fall -> fall
    min     max
0.000000 0.000000 source latency
0.760067         network latency y_out_sky130_fd_sc_hd__dfrtp_2_Q_5/CLK
        0.762100 network latency y_out_sky130_fd_sc_hd__dfrtp_2_Q_15/CLK
---------------
0.760067 0.762100 latency
        0.002033 skew



===========================================================================
report_clock_min_period
============================================================================
clk period_min = 14.33 fmax = 69.80
