
===========================================================================
report_checks -unconstrained
===========================================================================
======================= nom_tt_025C_1v80 Corner ===================================

Startpoint: reset (input port clocked by clk)
Endpoint: y_out_sky130_fd_sc_hd__dfrtp_2_Q_8
          (recovery check against rising-edge clock clk)
Path Group: asynchronous
Path Type: max

Fanout         Cap        Slew       Delay        Time   Description
---------------------------------------------------------------------------------------------
                                  0.000000    0.000000   clock clk (rise edge)
                                  0.000000    0.000000   clock network delay (propagated)
                                  4.000000    4.000000 v input external delay
     1    0.003728    0.010784    0.006014    4.006014 v reset (in)
                                                         reset (net)
                      0.010789    0.000000    4.006014 v input17/A (sky130_fd_sc_hd__buf_4)
     3    0.063792    0.089894    0.175687    4.181701 v input17/X (sky130_fd_sc_hd__buf_4)
                                                         net17 (net)
                      0.095939    0.017802    4.199503 v fanout218/A (sky130_fd_sc_hd__clkbuf_8)
    10    0.068577    0.086855    0.208048    4.407551 v fanout218/X (sky130_fd_sc_hd__clkbuf_8)
                                                         net218 (net)
                      0.088289    0.008949    4.416500 v y_out_sky130_fd_sc_hd__dfrtp_2_Q_8_RESET_B_sky130_fd_sc_hd__inv_2_Y/A (sky130_fd_sc_hd__inv_2)
     1    0.004402    0.036759    0.062476    4.478976 ^ y_out_sky130_fd_sc_hd__dfrtp_2_Q_8_RESET_B_sky130_fd_sc_hd__inv_2_Y/Y (sky130_fd_sc_hd__inv_2)
                                                         y_out_sky130_fd_sc_hd__dfrtp_2_Q_8_RESET_B (net)
                      0.036759    0.000108    4.479084 ^ y_out_sky130_fd_sc_hd__dfrtp_2_Q_8/RESET_B (sky130_fd_sc_hd__dfrtp_4)
                                              4.479084   data arrival time

                                 20.000000   20.000000   clock clk (rise edge)
                                  0.000000   20.000000   clock source latency
     2    0.068037    0.310594    0.227180   20.227180 ^ clk (in)
                                                         clk (net)
                      0.313507    0.000000   20.227180 ^ clkbuf_0_clk/A (sky130_fd_sc_hd__clkbuf_16)
     2    0.033913    0.058822    0.219451   20.446632 ^ clkbuf_0_clk/X (sky130_fd_sc_hd__clkbuf_16)
                                                         clknet_0_clk (net)
                      0.058853    0.001956   20.448587 ^ clkbuf_1_0__f_clk/A (sky130_fd_sc_hd__clkbuf_16)
    10    0.043314    0.062769    0.148422   20.597010 ^ clkbuf_1_0__f_clk/X (sky130_fd_sc_hd__clkbuf_16)
                                                         clknet_1_0__leaf_clk (net)
                      0.062968    0.002279   20.599289 ^ y_out_sky130_fd_sc_hd__dfrtp_2_Q_8/CLK (sky130_fd_sc_hd__dfrtp_4)
                                 -0.250000   20.349289   clock uncertainty
                                  0.000000   20.349289   clock reconvergence pessimism
                                  0.225388   20.574677   library recovery time
                                             20.574677   data required time
---------------------------------------------------------------------------------------------
                                             20.574677   data required time
                                             -4.479084   data arrival time
---------------------------------------------------------------------------------------------
                                             16.095592   slack (MET)


Startpoint: alpha[3] (input port clocked by clk)
Endpoint: y_out_sky130_fd_sc_hd__dfrtp_2_Q
          (rising edge-triggered flip-flop clocked by clk)
Path Group: clk
Path Type: max

Fanout         Cap        Slew       Delay        Time   Description
---------------------------------------------------------------------------------------------
                                  0.000000    0.000000   clock clk (rise edge)
                                  0.000000    0.000000   clock network delay (propagated)
                                  4.000000    4.000000 ^ input external delay
     1    0.005085    0.029665    0.018152    4.018152 ^ alpha[3] (in)
                                                         alpha[3] (net)
                      0.029666    0.000000    4.018152 ^ input10/A (sky130_fd_sc_hd__clkbuf_8)
     3    0.067006    0.126326    0.177300    4.195452 ^ input10/X (sky130_fd_sc_hd__clkbuf_8)
                                                         net10 (net)
                      0.126356    0.001688    4.197140 ^ fanout265/A (sky130_fd_sc_hd__buf_2)
     5    0.029984    0.150711    0.212986    4.410126 ^ fanout265/X (sky130_fd_sc_hd__buf_2)
                                                         net265 (net)
                      0.150711    0.000377    4.410503 ^ fanout263/A (sky130_fd_sc_hd__clkbuf_4)
     9    0.046362    0.147095    0.245171    4.655674 ^ fanout263/X (sky130_fd_sc_hd__clkbuf_4)
                                                         net263 (net)
                      0.147101    0.000809    4.656483 ^ fanout262/A (sky130_fd_sc_hd__clkbuf_4)
    10    0.044331    0.140517    0.241810    4.898293 ^ fanout262/X (sky130_fd_sc_hd__clkbuf_4)
                                                         net262 (net)
                      0.140703    0.003430    4.901723 ^ y_out_sky130_fd_sc_hd__dfrtp_2_Q_5_D_sky130_fd_sc_hd__xnor2_2_Y_A_sky130_fd_sc_hd__nor2_2_Y_A_sky130_fd_sc_hd__o211a_2_X_C1_sky130_fd_sc_hd__o21ai_2_Y_B1_sky130_fd_sc_hd__o21bai_2_Y_A1_sky130_fd_sc_hd__and2b_2_X_A_N_sky130_fd_sc_hd__a21oi_2_Y_A1_sky130_fd_sc_hd__a32o_2_X_A3_sky130_fd_sc_hd__and3_2_X_B_sky130_fd_sc_hd__or4b_2_B_D_N_sky130_fd_sc_hd__a22o_2_X/B2 (sky130_fd_sc_hd__a22o_1)
     3    0.008009    0.090102    0.178645    5.080368 ^ y_out_sky130_fd_sc_hd__dfrtp_2_Q_5_D_sky130_fd_sc_hd__xnor2_2_Y_A_sky130_fd_sc_hd__nor2_2_Y_A_sky130_fd_sc_hd__o211a_2_X_C1_sky130_fd_sc_hd__o21ai_2_Y_B1_sky130_fd_sc_hd__o21bai_2_Y_A1_sky130_fd_sc_hd__and2b_2_X_A_N_sky130_fd_sc_hd__a21oi_2_Y_A1_sky130_fd_sc_hd__a32o_2_X_A3_sky130_fd_sc_hd__and3_2_X_B_sky130_fd_sc_hd__or4b_2_B_D_N_sky130_fd_sc_hd__a22o_2_X/X (sky130_fd_sc_hd__a22o_1)
                                                         y_out_sky130_fd_sc_hd__dfrtp_2_Q_5_D_sky130_fd_sc_hd__xnor2_2_Y_A_sky130_fd_sc_hd__nor2_2_Y_A_sky130_fd_sc_hd__o211a_2_X_C1_sky130_fd_sc_hd__o21ai_2_Y_B1_sky130_fd_sc_hd__o21bai_2_Y_A1_sky130_fd_sc_hd__and2b_2_X_A_N_sky130_fd_sc_hd__a21oi_2_Y_A1_sky130_fd_sc_hd__a32o_2_X_A3_sky130_fd_sc_hd__and3_2_X_B_sky130_fd_sc_hd__or4b_2_B_D_N (net)
                      0.090102    0.000123    5.080490 ^ y_out_sky130_fd_sc_hd__dfrtp_2_Q_5_D_sky130_fd_sc_hd__xnor2_2_Y_A_sky130_fd_sc_hd__nor2_2_Y_A_sky130_fd_sc_hd__o211a_2_X_C1_sky130_fd_sc_hd__o21ai_2_Y_B1_sky130_fd_sc_hd__o21bai_2_Y_A1_sky130_fd_sc_hd__and2b_2_X_A_N_sky130_fd_sc_hd__a21oi_2_Y_A1_sky130_fd_sc_hd__a32o_2_X_A3_sky130_fd_sc_hd__and3_2_X_B_sky130_fd_sc_hd__or4b_2_B/D_N (sky130_fd_sc_hd__or4b_1)
     2    0.007382    0.112086    0.478650    5.559140 v y_out_sky130_fd_sc_hd__dfrtp_2_Q_5_D_sky130_fd_sc_hd__xnor2_2_Y_A_sky130_fd_sc_hd__nor2_2_Y_A_sky130_fd_sc_hd__o211a_2_X_C1_sky130_fd_sc_hd__o21ai_2_Y_B1_sky130_fd_sc_hd__o21bai_2_Y_A1_sky130_fd_sc_hd__and2b_2_X_A_N_sky130_fd_sc_hd__a21oi_2_Y_A1_sky130_fd_sc_hd__a32o_2_X_A3_sky130_fd_sc_hd__and3_2_X_B_sky130_fd_sc_hd__or4b_2_B/X (sky130_fd_sc_hd__or4b_1)
                                                         y_out_sky130_fd_sc_hd__dfrtp_2_Q_5_D_sky130_fd_sc_hd__xnor2_2_Y_A_sky130_fd_sc_hd__nor2_2_Y_A_sky130_fd_sc_hd__o211a_2_X_C1_sky130_fd_sc_hd__o21ai_2_Y_B1_sky130_fd_sc_hd__o21bai_2_Y_A1_sky130_fd_sc_hd__and2b_2_X_A_N_sky130_fd_sc_hd__a21oi_2_Y_A1_sky130_fd_sc_hd__a32o_2_X_A3_sky130_fd_sc_hd__and3_2_X_B_sky130_fd_sc_hd__or4b_2_B_X (net)
                      0.112086    0.000155    5.559295 v y_out_sky130_fd_sc_hd__dfrtp_2_Q_5_D_sky130_fd_sc_hd__xnor2_2_Y_A_sky130_fd_sc_hd__nor2_2_Y_A_sky130_fd_sc_hd__o211a_2_X_C1_sky130_fd_sc_hd__o21ai_2_Y_B1_sky130_fd_sc_hd__o21bai_2_Y_A1_sky130_fd_sc_hd__and2b_2_X_A_N_sky130_fd_sc_hd__a21oi_2_Y_A1_sky130_fd_sc_hd__a32o_2_X_A3_sky130_fd_sc_hd__and3_2_X_B_sky130_fd_sc_hd__or4b_2_B_X_sky130_fd_sc_hd__a21o_2_A1/A1 (sky130_fd_sc_hd__a21o_1)
     3    0.010654    0.065064    0.212690    5.771985 v y_out_sky130_fd_sc_hd__dfrtp_2_Q_5_D_sky130_fd_sc_hd__xnor2_2_Y_A_sky130_fd_sc_hd__nor2_2_Y_A_sky130_fd_sc_hd__o211a_2_X_C1_sky130_fd_sc_hd__o21ai_2_Y_B1_sky130_fd_sc_hd__o21bai_2_Y_A1_sky130_fd_sc_hd__and2b_2_X_A_N_sky130_fd_sc_hd__a21oi_2_Y_A1_sky130_fd_sc_hd__a32o_2_X_A3_sky130_fd_sc_hd__and3_2_X_B_sky130_fd_sc_hd__or4b_2_B_X_sky130_fd_sc_hd__a21o_2_A1/X (sky130_fd_sc_hd__a21o_1)
                                                         y_out_sky130_fd_sc_hd__dfrtp_2_Q_5_D_sky130_fd_sc_hd__xnor2_2_Y_A_sky130_fd_sc_hd__nor2_2_Y_A_sky130_fd_sc_hd__o211a_2_X_C1_sky130_fd_sc_hd__o21ai_2_Y_B1_sky130_fd_sc_hd__o21bai_2_Y_A1_sky130_fd_sc_hd__and2b_2_X_A_N_sky130_fd_sc_hd__a21oi_2_Y_A1_sky130_fd_sc_hd__a32o_2_X_A3_sky130_fd_sc_hd__and3_2_X_B_sky130_fd_sc_hd__or4b_2_B_X_sky130_fd_sc_hd__a21o_2_A1_X (net)
                      0.065064    0.000336    5.772321 v y_out_sky130_fd_sc_hd__dfrtp_2_Q_5_D_sky130_fd_sc_hd__xnor2_2_Y_A_sky130_fd_sc_hd__nor2_2_Y_A_sky130_fd_sc_hd__o211a_2_X_C1_sky130_fd_sc_hd__o21ai_2_Y_B1_sky130_fd_sc_hd__o21bai_2_Y_A1_sky130_fd_sc_hd__and2b_2_X_A_N_sky130_fd_sc_hd__a21oi_2_Y_A1_sky130_fd_sc_hd__a32o_2_X_A3_sky130_fd_sc_hd__and3_2_X_B_sky130_fd_sc_hd__or4b_2_B_X_sky130_fd_sc_hd__nand3_2_B_Y_sky130_fd_sc_hd__a21o_2_A1/A2 (sky130_fd_sc_hd__a21o_1)
     2    0.007713    0.054346    0.202727    5.975048 v y_out_sky130_fd_sc_hd__dfrtp_2_Q_5_D_sky130_fd_sc_hd__xnor2_2_Y_A_sky130_fd_sc_hd__nor2_2_Y_A_sky130_fd_sc_hd__o211a_2_X_C1_sky130_fd_sc_hd__o21ai_2_Y_B1_sky130_fd_sc_hd__o21bai_2_Y_A1_sky130_fd_sc_hd__and2b_2_X_A_N_sky130_fd_sc_hd__a21oi_2_Y_A1_sky130_fd_sc_hd__a32o_2_X_A3_sky130_fd_sc_hd__and3_2_X_B_sky130_fd_sc_hd__or4b_2_B_X_sky130_fd_sc_hd__nand3_2_B_Y_sky130_fd_sc_hd__a21o_2_A1/X (sky130_fd_sc_hd__a21o_1)
                                                         y_out_sky130_fd_sc_hd__dfrtp_2_Q_14_D_sky130_fd_sc_hd__xnor2_2_Y_A_sky130_fd_sc_hd__a21o_2_X_A1_sky130_fd_sc_hd__a21o_2_X_A1_sky130_fd_sc_hd__a22o_2_X_B1_sky130_fd_sc_hd__o31a_2_X_A1_sky130_fd_sc_hd__and2_2_X_A_sky130_fd_sc_hd__nand3_2_Y_A_sky130_fd_sc_hd__nand2_2_Y_A_sky130_fd_sc_hd__or4_2_X_D_sky130_fd_sc_hd__a211oi_2_Y_A1_sky130_fd_sc_hd__or3_2_X_A_sky130_fd_sc_hd__and3_2_X_C (net)
                      0.054347    0.000293    5.975341 v y_out_sky130_fd_sc_hd__dfrtp_2_Q_14_D_sky130_fd_sc_hd__xnor2_2_Y_A_sky130_fd_sc_hd__a21o_2_X_A1_sky130_fd_sc_hd__a21o_2_X_A1_sky130_fd_sc_hd__a22o_2_X_B1_sky130_fd_sc_hd__o31a_2_X_A1_sky130_fd_sc_hd__and2_2_X_A_sky130_fd_sc_hd__nand3_2_Y_A_sky130_fd_sc_hd__nand2_2_Y_A_sky130_fd_sc_hd__or4_2_X_D_sky130_fd_sc_hd__a211oi_2_Y_A1_sky130_fd_sc_hd__or3_2_X_A_sky130_fd_sc_hd__and3_2_X/C (sky130_fd_sc_hd__and3_1)
     3    0.008627    0.061497    0.206729    6.182071 v y_out_sky130_fd_sc_hd__dfrtp_2_Q_14_D_sky130_fd_sc_hd__xnor2_2_Y_A_sky130_fd_sc_hd__a21o_2_X_A1_sky130_fd_sc_hd__a21o_2_X_A1_sky130_fd_sc_hd__a22o_2_X_B1_sky130_fd_sc_hd__o31a_2_X_A1_sky130_fd_sc_hd__and2_2_X_A_sky130_fd_sc_hd__nand3_2_Y_A_sky130_fd_sc_hd__nand2_2_Y_A_sky130_fd_sc_hd__or4_2_X_D_sky130_fd_sc_hd__a211oi_2_Y_A1_sky130_fd_sc_hd__or3_2_X_A_sky130_fd_sc_hd__and3_2_X/X (sky130_fd_sc_hd__and3_1)
                                                         y_out_sky130_fd_sc_hd__dfrtp_2_Q_14_D_sky130_fd_sc_hd__xnor2_2_Y_A_sky130_fd_sc_hd__a21o_2_X_A1_sky130_fd_sc_hd__a21o_2_X_A1_sky130_fd_sc_hd__a22o_2_X_B1_sky130_fd_sc_hd__o31a_2_X_A1_sky130_fd_sc_hd__and2_2_X_A_sky130_fd_sc_hd__nand3_2_Y_A_sky130_fd_sc_hd__nand2_2_Y_A_sky130_fd_sc_hd__or4_2_X_D_sky130_fd_sc_hd__a211oi_2_Y_A1_sky130_fd_sc_hd__or3_2_X_A (net)
                      0.061497    0.000214    6.182284 v y_out_sky130_fd_sc_hd__dfrtp_2_Q_14_D_sky130_fd_sc_hd__xnor2_2_Y_A_sky130_fd_sc_hd__a21o_2_X_A1_sky130_fd_sc_hd__a21o_2_X_A1_sky130_fd_sc_hd__a22o_2_X_B1_sky130_fd_sc_hd__o31a_2_X_A1_sky130_fd_sc_hd__and2_2_X_A_sky130_fd_sc_hd__nand3_2_Y_A_sky130_fd_sc_hd__nand2_2_Y_A_sky130_fd_sc_hd__or4_2_X_D_sky130_fd_sc_hd__a211oi_2_Y_A1_sky130_fd_sc_hd__or3_2_X/A (sky130_fd_sc_hd__or3_1)
     2    0.008803    0.098054    0.414095    6.596380 v y_out_sky130_fd_sc_hd__dfrtp_2_Q_14_D_sky130_fd_sc_hd__xnor2_2_Y_A_sky130_fd_sc_hd__a21o_2_X_A1_sky130_fd_sc_hd__a21o_2_X_A1_sky130_fd_sc_hd__a22o_2_X_B1_sky130_fd_sc_hd__o31a_2_X_A1_sky130_fd_sc_hd__and2_2_X_A_sky130_fd_sc_hd__nand3_2_Y_A_sky130_fd_sc_hd__nand2_2_Y_A_sky130_fd_sc_hd__or4_2_X_D_sky130_fd_sc_hd__a211oi_2_Y_A1_sky130_fd_sc_hd__or3_2_X/X (sky130_fd_sc_hd__or3_1)
                                                         y_out_sky130_fd_sc_hd__dfrtp_2_Q_14_D_sky130_fd_sc_hd__xnor2_2_Y_A_sky130_fd_sc_hd__a21o_2_X_A1_sky130_fd_sc_hd__a21o_2_X_A1_sky130_fd_sc_hd__a22o_2_X_B1_sky130_fd_sc_hd__o31a_2_X_A1_sky130_fd_sc_hd__and2_2_X_A_sky130_fd_sc_hd__nand3_2_Y_A_sky130_fd_sc_hd__nand2_2_Y_A_sky130_fd_sc_hd__or4_2_X_D_sky130_fd_sc_hd__a211oi_2_Y_A1 (net)
                      0.098054    0.000381    6.596761 v y_out_sky130_fd_sc_hd__dfrtp_2_Q_14_D_sky130_fd_sc_hd__xnor2_2_Y_A_sky130_fd_sc_hd__a21o_2_X_A1_sky130_fd_sc_hd__a21o_2_X_A1_sky130_fd_sc_hd__a22o_2_X_B1_sky130_fd_sc_hd__o31a_2_X_A1_sky130_fd_sc_hd__and2_2_X_A_sky130_fd_sc_hd__nand3_2_Y_A_sky130_fd_sc_hd__nand2_2_Y_A_sky130_fd_sc_hd__or4_2_X_D_sky130_fd_sc_hd__a211oi_2_Y_A1_sky130_fd_sc_hd__o211a_2_B1/B1 (sky130_fd_sc_hd__o211a_1)
     4    0.014619    0.089221    0.195438    6.792199 v y_out_sky130_fd_sc_hd__dfrtp_2_Q_14_D_sky130_fd_sc_hd__xnor2_2_Y_A_sky130_fd_sc_hd__a21o_2_X_A1_sky130_fd_sc_hd__a21o_2_X_A1_sky130_fd_sc_hd__a22o_2_X_B1_sky130_fd_sc_hd__o31a_2_X_A1_sky130_fd_sc_hd__and2_2_X_A_sky130_fd_sc_hd__nand3_2_Y_A_sky130_fd_sc_hd__nand2_2_Y_A_sky130_fd_sc_hd__or4_2_X_D_sky130_fd_sc_hd__a211oi_2_Y_A1_sky130_fd_sc_hd__o211a_2_B1/X (sky130_fd_sc_hd__o211a_1)
                                                         y_out_sky130_fd_sc_hd__dfrtp_2_Q_14_D_sky130_fd_sc_hd__xnor2_2_Y_A_sky130_fd_sc_hd__a21o_2_X_A1_sky130_fd_sc_hd__a21o_2_X_A1_sky130_fd_sc_hd__a22o_2_X_B1_sky130_fd_sc_hd__o31a_2_X_A1_sky130_fd_sc_hd__and2_2_X_A_sky130_fd_sc_hd__nand3_2_Y_A_sky130_fd_sc_hd__nand2_2_Y_A_sky130_fd_sc_hd__or4_2_X_D_sky130_fd_sc_hd__a211oi_2_Y_A1_sky130_fd_sc_hd__o211a_2_B1_X (net)
                      0.089221    0.000232    6.792431 v y_out_sky130_fd_sc_hd__dfrtp_2_Q_14_D_sky130_fd_sc_hd__xnor2_2_Y_A_sky130_fd_sc_hd__a21o_2_X_A1_sky130_fd_sc_hd__a21o_2_X_A1_sky130_fd_sc_hd__a22o_2_X_B1_sky130_fd_sc_hd__o31a_2_X_A1_sky130_fd_sc_hd__and2_2_X_A_sky130_fd_sc_hd__nand3_2_Y_A_sky130_fd_sc_hd__nand2_2_Y_A_sky130_fd_sc_hd__or4_2_X/C (sky130_fd_sc_hd__or4_1)
     3    0.010323    0.129268    0.541387    7.333818 v y_out_sky130_fd_sc_hd__dfrtp_2_Q_14_D_sky130_fd_sc_hd__xnor2_2_Y_A_sky130_fd_sc_hd__a21o_2_X_A1_sky130_fd_sc_hd__a21o_2_X_A1_sky130_fd_sc_hd__a22o_2_X_B1_sky130_fd_sc_hd__o31a_2_X_A1_sky130_fd_sc_hd__and2_2_X_A_sky130_fd_sc_hd__nand3_2_Y_A_sky130_fd_sc_hd__nand2_2_Y_A_sky130_fd_sc_hd__or4_2_X/X (sky130_fd_sc_hd__or4_1)
                                                         y_out_sky130_fd_sc_hd__dfrtp_2_Q_14_D_sky130_fd_sc_hd__xnor2_2_Y_A_sky130_fd_sc_hd__a21o_2_X_A1_sky130_fd_sc_hd__a21o_2_X_A1_sky130_fd_sc_hd__a22o_2_X_B1_sky130_fd_sc_hd__o31a_2_X_A1_sky130_fd_sc_hd__and2_2_X_A_sky130_fd_sc_hd__nand3_2_Y_A_sky130_fd_sc_hd__nand2_2_Y_A (net)
                      0.129268    0.000324    7.334142 v y_out_sky130_fd_sc_hd__dfrtp_2_Q_14_D_sky130_fd_sc_hd__xnor2_2_Y_A_sky130_fd_sc_hd__a21o_2_X_A1_sky130_fd_sc_hd__a21o_2_X_A1_sky130_fd_sc_hd__a22o_2_X_B1_sky130_fd_sc_hd__o31a_2_X_A1_sky130_fd_sc_hd__and2_2_X_A_sky130_fd_sc_hd__nand3_2_Y_A_sky130_fd_sc_hd__nand2_2_Y_A_sky130_fd_sc_hd__a21o_2_A1/A1 (sky130_fd_sc_hd__a21o_1)
     2    0.007587    0.053788    0.206748    7.540890 v y_out_sky130_fd_sc_hd__dfrtp_2_Q_14_D_sky130_fd_sc_hd__xnor2_2_Y_A_sky130_fd_sc_hd__a21o_2_X_A1_sky130_fd_sc_hd__a21o_2_X_A1_sky130_fd_sc_hd__a22o_2_X_B1_sky130_fd_sc_hd__o31a_2_X_A1_sky130_fd_sc_hd__and2_2_X_A_sky130_fd_sc_hd__nand3_2_Y_A_sky130_fd_sc_hd__nand2_2_Y_A_sky130_fd_sc_hd__a21o_2_A1/X (sky130_fd_sc_hd__a21o_1)
                                                         y_out_sky130_fd_sc_hd__dfrtp_2_Q_14_D_sky130_fd_sc_hd__xnor2_2_Y_A_sky130_fd_sc_hd__a21o_2_X_A1_sky130_fd_sc_hd__a21o_2_X_A1_sky130_fd_sc_hd__a22o_2_X_B1_sky130_fd_sc_hd__o31a_2_X_A1_sky130_fd_sc_hd__and2_2_X_A_sky130_fd_sc_hd__nand3_2_Y_A_sky130_fd_sc_hd__nand2_2_Y_A_sky130_fd_sc_hd__a21o_2_A1_X (net)
                      0.053789    0.000247    7.541137 v y_out_sky130_fd_sc_hd__dfrtp_2_Q_14_D_sky130_fd_sc_hd__xnor2_2_Y_A_sky130_fd_sc_hd__a21o_2_X_A1_sky130_fd_sc_hd__a21o_2_X_A1_sky130_fd_sc_hd__a22o_2_X_B1_sky130_fd_sc_hd__o31a_2_X_A1_sky130_fd_sc_hd__and2_2_X_A_sky130_fd_sc_hd__nand3_2_Y_A_sky130_fd_sc_hd__nand2_2_Y_B_sky130_fd_sc_hd__and3_2_B/C (sky130_fd_sc_hd__and3_1)
     4    0.011400    0.072702    0.217309    7.758446 v y_out_sky130_fd_sc_hd__dfrtp_2_Q_14_D_sky130_fd_sc_hd__xnor2_2_Y_A_sky130_fd_sc_hd__a21o_2_X_A1_sky130_fd_sc_hd__a21o_2_X_A1_sky130_fd_sc_hd__a22o_2_X_B1_sky130_fd_sc_hd__o31a_2_X_A1_sky130_fd_sc_hd__and2_2_X_A_sky130_fd_sc_hd__nand3_2_Y_A_sky130_fd_sc_hd__nand2_2_Y_B_sky130_fd_sc_hd__and3_2_B/X (sky130_fd_sc_hd__and3_1)
                                                         y_out_sky130_fd_sc_hd__dfrtp_2_Q_14_D_sky130_fd_sc_hd__xnor2_2_Y_A_sky130_fd_sc_hd__a21o_2_X_A1_sky130_fd_sc_hd__a21o_2_X_A1_sky130_fd_sc_hd__a22o_2_X_B1_sky130_fd_sc_hd__o31a_2_X_A1_sky130_fd_sc_hd__and2_2_X_A_sky130_fd_sc_hd__nand3_2_Y_A_sky130_fd_sc_hd__nand2_2_Y_B_sky130_fd_sc_hd__and3_2_B_X (net)
                      0.072702    0.000325    7.758771 v y_out_sky130_fd_sc_hd__dfrtp_2_Q_14_D_sky130_fd_sc_hd__xnor2_2_Y_A_sky130_fd_sc_hd__a21o_2_X_A1_sky130_fd_sc_hd__a21o_2_X_A1_sky130_fd_sc_hd__a22o_2_X_A2_sky130_fd_sc_hd__a221o_2_X_B2_sky130_fd_sc_hd__nor2_2_Y_A_sky130_fd_sc_hd__inv_2_Y_A_sky130_fd_sc_hd__a211o_2_X_B1_sky130_fd_sc_hd__o21a_2_X/A1 (sky130_fd_sc_hd__o21a_1)
     2    0.008016    0.059446    0.215816    7.974586 v y_out_sky130_fd_sc_hd__dfrtp_2_Q_14_D_sky130_fd_sc_hd__xnor2_2_Y_A_sky130_fd_sc_hd__a21o_2_X_A1_sky130_fd_sc_hd__a21o_2_X_A1_sky130_fd_sc_hd__a22o_2_X_A2_sky130_fd_sc_hd__a221o_2_X_B2_sky130_fd_sc_hd__nor2_2_Y_A_sky130_fd_sc_hd__inv_2_Y_A_sky130_fd_sc_hd__a211o_2_X_B1_sky130_fd_sc_hd__o21a_2_X/X (sky130_fd_sc_hd__o21a_1)
                                                         y_out_sky130_fd_sc_hd__dfrtp_2_Q_14_D_sky130_fd_sc_hd__xnor2_2_Y_A_sky130_fd_sc_hd__a21o_2_X_A1_sky130_fd_sc_hd__a21o_2_X_A1_sky130_fd_sc_hd__a22o_2_X_A2_sky130_fd_sc_hd__a221o_2_X_B2_sky130_fd_sc_hd__nor2_2_Y_A_sky130_fd_sc_hd__inv_2_Y_A_sky130_fd_sc_hd__a211o_2_X_B1 (net)
                      0.059447    0.000241    7.974827 v y_out_sky130_fd_sc_hd__dfrtp_2_Q_14_D_sky130_fd_sc_hd__xnor2_2_Y_A_sky130_fd_sc_hd__a21o_2_X_A1_sky130_fd_sc_hd__a21o_2_X_A1_sky130_fd_sc_hd__a22o_2_X_A2_sky130_fd_sc_hd__a221o_2_X_B2_sky130_fd_sc_hd__nor2_2_Y_A_sky130_fd_sc_hd__inv_2_Y_A_sky130_fd_sc_hd__a211o_2_X/B1 (sky130_fd_sc_hd__a211o_1)
     3    0.011240    0.085221    0.314388    8.289215 v y_out_sky130_fd_sc_hd__dfrtp_2_Q_14_D_sky130_fd_sc_hd__xnor2_2_Y_A_sky130_fd_sc_hd__a21o_2_X_A1_sky130_fd_sc_hd__a21o_2_X_A1_sky130_fd_sc_hd__a22o_2_X_A2_sky130_fd_sc_hd__a221o_2_X_B2_sky130_fd_sc_hd__nor2_2_Y_A_sky130_fd_sc_hd__inv_2_Y_A_sky130_fd_sc_hd__a211o_2_X/X (sky130_fd_sc_hd__a211o_1)
                                                         y_out_sky130_fd_sc_hd__dfrtp_2_Q_14_D_sky130_fd_sc_hd__xnor2_2_Y_A_sky130_fd_sc_hd__a21o_2_X_A1_sky130_fd_sc_hd__a21o_2_X_A1_sky130_fd_sc_hd__a22o_2_X_A2_sky130_fd_sc_hd__a221o_2_X_B2_sky130_fd_sc_hd__nor2_2_Y_A_sky130_fd_sc_hd__inv_2_Y_A (net)
                      0.085221    0.000161    8.289375 v y_out_sky130_fd_sc_hd__dfrtp_2_Q_14_D_sky130_fd_sc_hd__xnor2_2_Y_A_sky130_fd_sc_hd__a21o_2_X_A1_sky130_fd_sc_hd__a21o_2_X_A1_sky130_fd_sc_hd__a22o_2_X_A2_sky130_fd_sc_hd__a221o_2_X_B2_sky130_fd_sc_hd__nor2_2_Y_B_sky130_fd_sc_hd__and3_2_X/B (sky130_fd_sc_hd__and3_1)
     2    0.008690    0.061768    0.205676    8.495052 v y_out_sky130_fd_sc_hd__dfrtp_2_Q_14_D_sky130_fd_sc_hd__xnor2_2_Y_A_sky130_fd_sc_hd__a21o_2_X_A1_sky130_fd_sc_hd__a21o_2_X_A1_sky130_fd_sc_hd__a22o_2_X_A2_sky130_fd_sc_hd__a221o_2_X_B2_sky130_fd_sc_hd__nor2_2_Y_B_sky130_fd_sc_hd__and3_2_X/X (sky130_fd_sc_hd__and3_1)
                                                         y_out_sky130_fd_sc_hd__dfrtp_2_Q_14_D_sky130_fd_sc_hd__xnor2_2_Y_A_sky130_fd_sc_hd__a21o_2_X_A1_sky130_fd_sc_hd__a21o_2_X_A1_sky130_fd_sc_hd__a22o_2_X_A2_sky130_fd_sc_hd__a221o_2_X_B2_sky130_fd_sc_hd__nor2_2_Y_B (net)
                      0.061768    0.000234    8.495286 v y_out_sky130_fd_sc_hd__dfrtp_2_Q_14_D_sky130_fd_sc_hd__xnor2_2_Y_A_sky130_fd_sc_hd__a21o_2_X_A1_sky130_fd_sc_hd__a21o_2_X_A1_sky130_fd_sc_hd__a22o_2_X_A2_sky130_fd_sc_hd__a221o_2_X_B1_sky130_fd_sc_hd__or3_2_X_C_sky130_fd_sc_hd__or4_2_X/B (sky130_fd_sc_hd__or4_1)
     2    0.007173    0.110955    0.540932    9.036218 v y_out_sky130_fd_sc_hd__dfrtp_2_Q_14_D_sky130_fd_sc_hd__xnor2_2_Y_A_sky130_fd_sc_hd__a21o_2_X_A1_sky130_fd_sc_hd__a21o_2_X_A1_sky130_fd_sc_hd__a22o_2_X_A2_sky130_fd_sc_hd__a221o_2_X_B1_sky130_fd_sc_hd__or3_2_X_C_sky130_fd_sc_hd__or4_2_X/X (sky130_fd_sc_hd__or4_1)
                                                         y_out_sky130_fd_sc_hd__dfrtp_2_Q_14_D_sky130_fd_sc_hd__xnor2_2_Y_A_sky130_fd_sc_hd__a21o_2_X_A1_sky130_fd_sc_hd__a21o_2_X_A1_sky130_fd_sc_hd__a22o_2_X_A2_sky130_fd_sc_hd__a221o_2_X_B1_sky130_fd_sc_hd__or3_2_X_C (net)
                      0.110955    0.000277    9.036494 v y_out_sky130_fd_sc_hd__dfrtp_2_Q_14_D_sky130_fd_sc_hd__xnor2_2_Y_A_sky130_fd_sc_hd__a21o_2_X_A1_sky130_fd_sc_hd__a21o_2_X_A1_sky130_fd_sc_hd__a22o_2_X_A2_sky130_fd_sc_hd__a221o_2_X_B1_sky130_fd_sc_hd__or3_2_X/C (sky130_fd_sc_hd__or3_1)
     1    0.004886    0.076408    0.340052    9.376547 v y_out_sky130_fd_sc_hd__dfrtp_2_Q_14_D_sky130_fd_sc_hd__xnor2_2_Y_A_sky130_fd_sc_hd__a21o_2_X_A1_sky130_fd_sc_hd__a21o_2_X_A1_sky130_fd_sc_hd__a22o_2_X_A2_sky130_fd_sc_hd__a221o_2_X_B1_sky130_fd_sc_hd__or3_2_X/X (sky130_fd_sc_hd__or3_1)
                                                         y_out_sky130_fd_sc_hd__dfrtp_2_Q_14_D_sky130_fd_sc_hd__xnor2_2_Y_A_sky130_fd_sc_hd__a21o_2_X_A1_sky130_fd_sc_hd__a21o_2_X_A1_sky130_fd_sc_hd__a22o_2_X_A2_sky130_fd_sc_hd__a221o_2_X_B1 (net)
                      0.076444    0.000201    9.376748 v y_out_sky130_fd_sc_hd__dfrtp_2_Q_14_D_sky130_fd_sc_hd__xnor2_2_Y_A_sky130_fd_sc_hd__a21o_2_X_A1_sky130_fd_sc_hd__a21o_2_X_A1_sky130_fd_sc_hd__a22o_2_X_A2_sky130_fd_sc_hd__a221o_2_X/B1 (sky130_fd_sc_hd__a221o_1)
     1    0.004369    0.059872    0.308381    9.685128 v y_out_sky130_fd_sc_hd__dfrtp_2_Q_14_D_sky130_fd_sc_hd__xnor2_2_Y_A_sky130_fd_sc_hd__a21o_2_X_A1_sky130_fd_sc_hd__a21o_2_X_A1_sky130_fd_sc_hd__a22o_2_X_A2_sky130_fd_sc_hd__a221o_2_X/X (sky130_fd_sc_hd__a221o_1)
                                                         y_out_sky130_fd_sc_hd__dfrtp_2_Q_14_D_sky130_fd_sc_hd__xnor2_2_Y_A_sky130_fd_sc_hd__a21o_2_X_A1_sky130_fd_sc_hd__a21o_2_X_A1_sky130_fd_sc_hd__a22o_2_X_A2 (net)
                      0.059872    0.000165    9.685294 v y_out_sky130_fd_sc_hd__dfrtp_2_Q_14_D_sky130_fd_sc_hd__xnor2_2_Y_A_sky130_fd_sc_hd__a21o_2_X_A1_sky130_fd_sc_hd__a21o_2_X_A1_sky130_fd_sc_hd__a22o_2_X/A2 (sky130_fd_sc_hd__a22o_1)
     1    0.006784    0.058657    0.250665    9.935959 v y_out_sky130_fd_sc_hd__dfrtp_2_Q_14_D_sky130_fd_sc_hd__xnor2_2_Y_A_sky130_fd_sc_hd__a21o_2_X_A1_sky130_fd_sc_hd__a21o_2_X_A1_sky130_fd_sc_hd__a22o_2_X/X (sky130_fd_sc_hd__a22o_1)
                                                         y_out_sky130_fd_sc_hd__dfrtp_2_Q_14_D_sky130_fd_sc_hd__xnor2_2_Y_A_sky130_fd_sc_hd__a21o_2_X_A1_sky130_fd_sc_hd__a21o_2_X_A1 (net)
                      0.058658    0.000361    9.936319 v y_out_sky130_fd_sc_hd__dfrtp_2_Q_14_D_sky130_fd_sc_hd__xnor2_2_Y_A_sky130_fd_sc_hd__a21o_2_X_A1_sky130_fd_sc_hd__a21o_2_X/A1 (sky130_fd_sc_hd__a21o_1)
     3    0.019061    0.099926    0.219917   10.156236 v y_out_sky130_fd_sc_hd__dfrtp_2_Q_14_D_sky130_fd_sc_hd__xnor2_2_Y_A_sky130_fd_sc_hd__a21o_2_X_A1_sky130_fd_sc_hd__a21o_2_X/X (sky130_fd_sc_hd__a21o_1)
                                                         y_out_sky130_fd_sc_hd__dfrtp_2_Q_14_D_sky130_fd_sc_hd__xnor2_2_Y_A_sky130_fd_sc_hd__a21o_2_X_A1 (net)
                      0.099965    0.001852   10.158088 v y_out_sky130_fd_sc_hd__dfrtp_2_Q_10_D_sky130_fd_sc_hd__xor2_2_X_B_sky130_fd_sc_hd__nand2_2_Y_A_sky130_fd_sc_hd__a2111o_2_X/A1 (sky130_fd_sc_hd__a2111o_4)
     2    0.028601    0.103061    0.519046   10.677135 v y_out_sky130_fd_sc_hd__dfrtp_2_Q_10_D_sky130_fd_sc_hd__xor2_2_X_B_sky130_fd_sc_hd__nand2_2_Y_A_sky130_fd_sc_hd__a2111o_2_X/X (sky130_fd_sc_hd__a2111o_4)
                                                         y_out_sky130_fd_sc_hd__dfrtp_2_Q_10_D_sky130_fd_sc_hd__xor2_2_X_B_sky130_fd_sc_hd__nand2_2_Y_A (net)
                      0.103101    0.001894   10.679028 v y_out_sky130_fd_sc_hd__dfrtp_2_Q_6_D_sky130_fd_sc_hd__xor2_2_X_A_sky130_fd_sc_hd__nand2_2_Y_A_sky130_fd_sc_hd__a211o_2_X/A1 (sky130_fd_sc_hd__a211o_1)
     2    0.016350    0.107078    0.340102   11.019130 v y_out_sky130_fd_sc_hd__dfrtp_2_Q_6_D_sky130_fd_sc_hd__xor2_2_X_A_sky130_fd_sc_hd__nand2_2_Y_A_sky130_fd_sc_hd__a211o_2_X/X (sky130_fd_sc_hd__a211o_1)
                                                         y_out_sky130_fd_sc_hd__dfrtp_2_Q_6_D_sky130_fd_sc_hd__xor2_2_X_A_sky130_fd_sc_hd__nand2_2_Y_A (net)
                      0.107096    0.001393   11.020522 v y_out_sky130_fd_sc_hd__dfrtp_2_Q_2_D_sky130_fd_sc_hd__xor2_2_X_B_sky130_fd_sc_hd__o22a_2_X_A1_sky130_fd_sc_hd__a21oi_2_Y/A1 (sky130_fd_sc_hd__a21oi_1)
     3    0.012539    0.286918    0.278829   11.299352 ^ y_out_sky130_fd_sc_hd__dfrtp_2_Q_2_D_sky130_fd_sc_hd__xor2_2_X_B_sky130_fd_sc_hd__o22a_2_X_A1_sky130_fd_sc_hd__a21oi_2_Y/Y (sky130_fd_sc_hd__a21oi_1)
                                                         y_out_sky130_fd_sc_hd__dfrtp_2_Q_2_D_sky130_fd_sc_hd__xor2_2_X_B_sky130_fd_sc_hd__o22a_2_X_A1 (net)
                      0.286921    0.000791   11.300143 ^ y_out_sky130_fd_sc_hd__dfrtp_2_Q_2_D_sky130_fd_sc_hd__xor2_2_X_A_sky130_fd_sc_hd__o221a_2_C1/A1 (sky130_fd_sc_hd__o221a_1)
     2    0.010436    0.121038    0.287733   11.587876 ^ y_out_sky130_fd_sc_hd__dfrtp_2_Q_2_D_sky130_fd_sc_hd__xor2_2_X_A_sky130_fd_sc_hd__o221a_2_C1/X (sky130_fd_sc_hd__o221a_1)
                                                         y_out_sky130_fd_sc_hd__dfrtp_2_Q_D_sky130_fd_sc_hd__xnor2_2_Y_A_sky130_fd_sc_hd__o31a_2_X_A2 (net)
                      0.121038    0.000520   11.588396 ^ y_out_sky130_fd_sc_hd__dfrtp_2_Q_D_sky130_fd_sc_hd__xnor2_2_Y_A_sky130_fd_sc_hd__o31a_2_X/A2 (sky130_fd_sc_hd__o31a_1)
     1    0.006701    0.084364    0.170549   11.758945 ^ y_out_sky130_fd_sc_hd__dfrtp_2_Q_D_sky130_fd_sc_hd__xnor2_2_Y_A_sky130_fd_sc_hd__o31a_2_X/X (sky130_fd_sc_hd__o31a_1)
                                                         y_out_sky130_fd_sc_hd__dfrtp_2_Q_D_sky130_fd_sc_hd__xnor2_2_Y_A (net)
                      0.084364    0.000281   11.759226 ^ y_out_sky130_fd_sc_hd__dfrtp_2_Q_D_sky130_fd_sc_hd__xnor2_2_Y/A (sky130_fd_sc_hd__xnor2_1)
     1    0.005273    0.162685    0.135699   11.894925 ^ y_out_sky130_fd_sc_hd__dfrtp_2_Q_D_sky130_fd_sc_hd__xnor2_2_Y/Y (sky130_fd_sc_hd__xnor2_1)
                                                         y_out_sky130_fd_sc_hd__dfrtp_2_Q_D (net)
                      0.162685    0.000227   11.895153 ^ y_out_sky130_fd_sc_hd__dfrtp_2_Q/D (sky130_fd_sc_hd__dfrtp_4)
                                             11.895153   data arrival time

                                 20.000000   20.000000   clock clk (rise edge)
                                  0.000000   20.000000   clock source latency
     2    0.068037    0.310594    0.227180   20.227180 ^ clk (in)
                                                         clk (net)
                      0.313507    0.000000   20.227180 ^ clkbuf_0_clk/A (sky130_fd_sc_hd__clkbuf_16)
     2    0.033913    0.058822    0.219451   20.446632 ^ clkbuf_0_clk/X (sky130_fd_sc_hd__clkbuf_16)
                                                         clknet_0_clk (net)
                      0.058853    0.001956   20.448587 ^ clkbuf_1_0__f_clk/A (sky130_fd_sc_hd__clkbuf_16)
    10    0.043314    0.062769    0.148422   20.597010 ^ clkbuf_1_0__f_clk/X (sky130_fd_sc_hd__clkbuf_16)
                                                         clknet_1_0__leaf_clk (net)
                      0.063164    0.003611   20.600620 ^ y_out_sky130_fd_sc_hd__dfrtp_2_Q/CLK (sky130_fd_sc_hd__dfrtp_4)
                                 -0.250000   20.350622   clock uncertainty
                                  0.000000   20.350622   clock reconvergence pessimism
                                 -0.088112   20.262508   library setup time
                                             20.262508   data required time
---------------------------------------------------------------------------------------------
                                             20.262508   data required time
                                            -11.895153   data arrival time
---------------------------------------------------------------------------------------------
                                              8.367356   slack (MET)




===========================================================================
report_checks --slack_max -0.01
============================================================================
======================= nom_tt_025C_1v80 Corner ===================================

No paths found.


===========================================================================
 report_check_types -max_slew -max_cap -max_fanout -violators
============================================================================
======================= nom_tt_025C_1v80 Corner ===================================

max fanout

Pin                                   Limit Fanout  Slack
---------------------------------------------------------
fanout109/X                              10     14     -4 (VIOLATED)
fanout205/X                              10     13     -3 (VIOLATED)
fanout60/X                               10     13     -3 (VIOLATED)
fanout224/X                              10     12     -2 (VIOLATED)
fanout80/X                               10     12     -2 (VIOLATED)
fanout104/X                              10     11        (VIOLATED)
fanout108/X                              10     11        (VIOLATED)
fanout114/X                              10     11        (VIOLATED)
fanout124/X                              10     11        (VIOLATED)
fanout192/X                              10     11        (VIOLATED)
fanout236/X                              10     11        (VIOLATED)
fanout241/X                              10     11        (VIOLATED)
fanout62/X                               10     11        (VIOLATED)
fanout75/X                               10     11        (VIOLATED)
fanout82/X                               10     11        (VIOLATED)
y_out_sky130_fd_sc_hd__dfrtp_2_Q_5_D_sky130_fd_sc_hd__xnor2_2_Y_A_sky130_fd_sc_hd__nor2_2_Y_A_sky130_fd_sc_hd__o211a_2_X_C1_sky130_fd_sc_hd__o21ai_2_Y_B1_sky130_fd_sc_hd__o21bai_2_Y_B1_N_sky130_fd_sc_hd__a21oi_2_Y_A1_sky130_fd_sc_hd__and4_2_X_D_sky130_fd_sc_hd__inv_2_Y/Y     10     11        (VIOLATED)



===========================================================================
report_parasitic_annotation -report_unannotated
============================================================================
Found 1 unannotated drivers.
 clkload0/X
Found 0 partially unannotated drivers.

===========================================================================
max slew violation count 0
Writing metric design__max_slew_violation__count__corner:nom_tt_025C_1v80: 0
max fanout violation count 16
Writing metric design__max_fanout_violation__count__corner:nom_tt_025C_1v80: 16
max cap violation count 0
Writing metric design__max_cap_violation__count__corner:nom_tt_025C_1v80: 0
============================================================================

===========================================================================
check_setup -verbose -unconstrained_endpoints -multiple_clock -no_clock -no_input_delay -loops -generated_clocks
===========================================================================
