┏━━━━━━━┳━━━━━━━━━┳━━━━━━━━━━┳━━━━━━━━━━━━━━━━━━━━━━━━━━━━━━━━━━━━━━━━━━━━━━━━━━━━━━━━━━━━┳━━━━━━━━━━━━━━━━━━━━━━━━━━━━━━━━━━━━━━━━━━━━━━━━━━━━━━━━━━━━┳━━━━━━━┓
┃ P / R ┃ Partial ┃ Required ┃ Net                                                        ┃ Pin                                                        ┃ Layer ┃
┡━━━━━━━╇━━━━━━━━━╇━━━━━━━━━━╇━━━━━━━━━━━━━━━━━━━━━━━━━━━━━━━━━━━━━━━━━━━━━━━━━━━━━━━━━━━━╇━━━━━━━━━━━━━━━━━━━━━━━━━━━━━━━━━━━━━━━━━━━━━━━━━━━━━━━━━━━━╇━━━━━━━┩
│ 5.14  │ 2057.24 │ 400.00   │ net35                                                      │ output35/A                                                 │ met1  │
│ 4.80  │ 1918.02 │ 400.00   │ net2                                                       │ fanout210/A                                                │ met1  │
│ 4.29  │ 1716.66 │ 400.00   │ net38                                                      │ output38/A                                                 │ met1  │
│ 3.84  │ 1535.19 │ 400.00   │ net108                                                     │ output39/A                                                 │ met1  │
│ 3.69  │ 1476.73 │ 400.00   │ net80                                                      │ output36/A                                                 │ met1  │
│ 3.20  │ 1279.21 │ 400.00   │ y_out_sky130_fd_sc_hd__dfrtp_2_Q_11_D_sky130_fd_sc_hd__xo… │ y_out_sky130_fd_sc_hd__dfrtp_2_Q_15_D_sky130_fd_sc_hd__xn… │ met1  │
│ 2.73  │ 1093.73 │ 400.00   │ net217                                                     │ fanout216/A                                                │ met1  │
│ 2.65  │ 1060.58 │ 400.00   │ y_out_sky130_fd_sc_hd__dfrtp_2_Q_1_D_sky130_fd_sc_hd__xno… │ y_out_sky130_fd_sc_hd__dfrtp_2_Q_7_D_sky130_fd_sc_hd__xno… │ met1  │
│ 2.41  │ 963.26  │ 400.00   │ y_out_sky130_fd_sc_hd__dfrtp_2_Q_1_D_sky130_fd_sc_hd__xno… │ y_out_sky130_fd_sc_hd__dfrtp_2_Q_7_D_sky130_fd_sc_hd__xno… │ met1  │
│ 2.40  │ 960.56  │ 400.00   │ net79                                                      │ fanout77/A                                                 │ met1  │
│ 2.38  │ 951.09  │ 400.00   │ net5                                                       │ fanout143/A                                                │ met1  │
│ 2.32  │ 929.69  │ 400.00   │ net84                                                      │ y_out_sky130_fd_sc_hd__dfrtp_2_Q_1_D_sky130_fd_sc_hd__xno… │ met1  │
│ 2.32  │ 929.69  │ 400.00   │ net84                                                      │ y_out_sky130_fd_sc_hd__dfrtp_2_Q_1_D_sky130_fd_sc_hd__xno… │ met1  │
│ 2.27  │ 909.18  │ 400.00   │ y_out_sky130_fd_sc_hd__dfrtp_2_Q_D_sky130_fd_sc_hd__xnor2… │ y_out_sky130_fd_sc_hd__dfrtp_2_Q_3_D_sky130_fd_sc_hd__xno… │ met1  │
│ 2.15  │ 858.83  │ 400.00   │ net210                                                     │ y_out_sky130_fd_sc_hd__dfrtp_2_Q_7_D_sky130_fd_sc_hd__xno… │ met1  │
│ 2.00  │ 801.17  │ 400.00   │ net157                                                     │ fanout155/A                                                │ met1  │
│ 1.85  │ 738.11  │ 400.00   │ net1                                                       │ fanout273/A                                                │ met1  │
│ 1.83  │ 732.09  │ 400.00   │ net256                                                     │ fanout255/A                                                │ met1  │
│ 1.79  │ 716.28  │ 400.00   │ net16                                                      │ fanout228/A                                                │ met1  │
│ 1.77  │ 706.28  │ 400.00   │ net102                                                     │ y_out_sky130_fd_sc_hd__dfrtp_2_Q_D_sky130_fd_sc_hd__xnor2… │ met1  │
│ 1.77  │ 706.28  │ 400.00   │ net102                                                     │ y_out_sky130_fd_sc_hd__dfrtp_2_Q_D_sky130_fd_sc_hd__xnor2… │ met1  │
│ 1.71  │ 683.81  │ 400.00   │ net17                                                      │ fanout221/A                                                │ met1  │
│ 1.64  │ 655.99  │ 400.00   │ net8                                                       │ fanout118/A                                                │ met1  │
│ 1.58  │ 632.83  │ 400.00   │ net6                                                       │ fanout133/A                                                │ met1  │
│ 1.57  │ 627.31  │ 400.00   │ net249                                                     │ fanout242/A                                                │ met1  │
│ 1.57  │ 626.27  │ 400.00   │ net130                                                     │ fanout125/A                                                │ met1  │
│ 1.48  │ 593.59  │ 400.00   │ net109                                                     │ y_out_sky130_fd_sc_hd__dfrtp_2_Q_7_D_sky130_fd_sc_hd__xno… │ met1  │
│ 1.44  │ 577.60  │ 400.00   │ net103                                                     │ y_out_sky130_fd_sc_hd__dfrtp_2_Q_11_D_sky130_fd_sc_hd__xo… │ met1  │
│ 1.40  │ 560.42  │ 400.00   │ net228                                                     │ y_out_sky130_fd_sc_hd__dfrtp_2_Q_7_D_sky130_fd_sc_hd__xno… │ met2  │
│ 1.40  │ 560.42  │ 400.00   │ net228                                                     │ fanout223/A                                                │ met2  │
│ 1.39  │ 557.23  │ 400.00   │ net264                                                     │ fanout259/A                                                │ met1  │
│ 1.39  │ 556.73  │ 400.00   │ y_out_sky130_fd_sc_hd__dfrtp_2_Q_7_D_sky130_fd_sc_hd__xno… │ y_out_sky130_fd_sc_hd__dfrtp_2_Q_5_D_sky130_fd_sc_hd__xno… │ met1  │
│ 1.39  │ 555.97  │ 400.00   │ net135                                                     │ y_out_sky130_fd_sc_hd__dfrtp_2_Q_11_D_sky130_fd_sc_hd__xo… │ met1  │
│ 1.38  │ 553.14  │ 400.00   │ net84                                                      │ y_out_sky130_fd_sc_hd__dfrtp_2_Q_1_D_sky130_fd_sc_hd__xno… │ met1  │
│ 1.37  │ 548.68  │ 400.00   │ y_out_sky130_fd_sc_hd__dfrtp_2_Q_D_sky130_fd_sc_hd__xnor2… │ y_out_sky130_fd_sc_hd__dfrtp_2_Q_D_sky130_fd_sc_hd__xnor2… │ met1  │
│ 1.37  │ 548.68  │ 400.00   │ y_out_sky130_fd_sc_hd__dfrtp_2_Q_D_sky130_fd_sc_hd__xnor2… │ y_out_sky130_fd_sc_hd__dfrtp_2_Q_D_sky130_fd_sc_hd__xnor2… │ met1  │
│ 1.34  │ 535.66  │ 400.00   │ net4                                                       │ fanout150/A                                                │ met1  │
│ 1.34  │ 534.62  │ 400.00   │ net10                                                      │ fanout268/A                                                │ met1  │
│ 1.33  │ 532.85  │ 400.00   │ net206                                                     │ fanout204/A                                                │ met1  │
│ 1.33  │ 532.85  │ 400.00   │ net206                                                     │ fanout205/A                                                │ met1  │
│ 1.33  │ 530.69  │ 400.00   │ net213                                                     │ y_out_sky130_fd_sc_hd__dfrtp_2_Q_11_D_sky130_fd_sc_hd__xo… │ met1  │
│ 1.28  │ 511.58  │ 400.00   │ net129                                                     │ fanout128/A                                                │ met1  │
│ 1.25  │ 500.34  │ 400.00   │ net83                                                      │ y_out_sky130_fd_sc_hd__dfrtp_2_Q_15_D_sky130_fd_sc_hd__xn… │ met1  │
│ 1.25  │ 499.87  │ 400.00   │ net9                                                       │ fanout113/A                                                │ met1  │
│ 1.20  │ 479.42  │ 400.00   │ net241                                                     │ fanout237/A                                                │ met1  │
│ 1.20  │ 478.58  │ 400.00   │ net276                                                     │ y_out_sky130_fd_sc_hd__dfrtp_2_Q_15_D_sky130_fd_sc_hd__xn… │ met1  │
│ 1.19  │ 474.21  │ 400.00   │ net109                                                     │ y_out_sky130_fd_sc_hd__dfrtp_2_Q_13_D_sky130_fd_sc_hd__xn… │ met1  │
│ 1.19  │ 474.15  │ 400.00   │ net202                                                     │ y_out_sky130_fd_sc_hd__dfrtp_2_Q_4_D_sky130_fd_sc_hd__xor… │ met1  │
│ 1.17  │ 466.81  │ 400.00   │ net247                                                     │ y_out_sky130_fd_sc_hd__dfrtp_2_Q_11_D_sky130_fd_sc_hd__xo… │ met1  │
│ 1.15  │ 461.27  │ 400.00   │ net153                                                     │ y_out_sky130_fd_sc_hd__dfrtp_2_Q_7_D_sky130_fd_sc_hd__xno… │ met1  │
│ 1.15  │ 461.27  │ 400.00   │ net153                                                     │ fanout152/A                                                │ met1  │
│ 1.12  │ 447.48  │ 400.00   │ net180                                                     │ fanout177/A                                                │ met1  │
│ 1.12  │ 447.48  │ 400.00   │ net180                                                     │ fanout178/A                                                │ met1  │
│ 1.09  │ 434.94  │ 400.00   │ net142                                                     │ y_out_sky130_fd_sc_hd__dfrtp_2_Q_7_D_sky130_fd_sc_hd__xno… │ met1  │
│ 1.09  │ 434.82  │ 400.00   │ net90                                                      │ fanout89/A                                                 │ met1  │
│ 1.08  │ 432.60  │ 400.00   │ clk                                                        │ clkbuf_0_clk/A                                             │ met1  │
│ 1.07  │ 429.31  │ 400.00   │ net60                                                      │ y_out_sky130_fd_sc_hd__dfrtp_2_Q_7_D_sky130_fd_sc_hd__xno… │ met1  │
│ 1.05  │ 420.85  │ 400.00   │ net68                                                      │ fanout67/A                                                 │ met1  │
│ 1.05  │ 419.00  │ 400.00   │ net133                                                     │ y_out_sky130_fd_sc_hd__dfrtp_2_Q_1_D_sky130_fd_sc_hd__xno… │ met1  │
│ 1.04  │ 414.64  │ 400.00   │ net122                                                     │ y_out_sky130_fd_sc_hd__dfrtp_2_Q_15_D_sky130_fd_sc_hd__xn… │ met1  │
│ 1.02  │ 408.88  │ 400.00   │ net45                                                      │ fanout104/A                                                │ met1  │
└───────┴─────────┴──────────┴────────────────────────────────────────────────────────────┴────────────────────────────────────────────────────────────┴───────┘
