Reading OpenROAD database at '/home/asic/workspace/asic_project/runs/RUN_2025-05-17_03-48-33/31-openroad-repairdesignpostgpl/dynamic_noise_reduction.odb'…
Reading library file at '/foss/pdks/volare/sky130/versions/0fe599b2afb6708d281543108caf8310912f54af/sky130A/libs.ref/sky130_fd_sc_hd/lib/sky130_fd_sc_hd__tt_025C_1v80.lib'…
Reading design constraints file at '/usr/local/lib/python3.12/dist-packages/openlane/scripts/base.sdc'…
[INFO] Using clock clk…
[INFO] Setting output delay to: 7
[INFO] Setting input delay to: 7
[INFO] Setting load to: 0.033442
[INFO] Setting clock uncertainty to: 0.25
[INFO] Setting clock transition to: 0.1499999999999999944488848768742172978818416595458984375
[INFO] Setting timing derate to: 5%
Placement Analysis
---------------------------------
total displacement          0.0 u
average displacement        0.0 u
max displacement            0.0 u
original HPWL          103274.3 u
legalized HPWL         105383.0 u
delta HPWL                    2 %

[INFO DPL-0020] Mirrored 1320 instances
[INFO DPL-0021] HPWL before          105383.0 u
[INFO DPL-0022] HPWL after           103274.3 u
[INFO DPL-0023] HPWL delta               -2.0 %
Setting global connections for newly added cells…
[INFO] Setting global connections...
Updating metrics…
Cell type report:                       Count       Area
  Fill cell                               350    1313.76
  Tap cell                               3274    4096.43
  Timing Repair Buffer                    272    1712.89
  Inverter                                 62     262.75
  Sequential cell                          16     424.16
  Multi-Input combinational cell         2916   21623.24
  Total                                  6890   29433.23
Writing OpenROAD database to '/home/asic/workspace/asic_project/runs/RUN_2025-05-17_03-48-33/33-openroad-detailedplacement/dynamic_noise_reduction.odb'…
Writing netlist to '/home/asic/workspace/asic_project/runs/RUN_2025-05-17_03-48-33/33-openroad-detailedplacement/dynamic_noise_reduction.nl.v'…
Writing powered netlist to '/home/asic/workspace/asic_project/runs/RUN_2025-05-17_03-48-33/33-openroad-detailedplacement/dynamic_noise_reduction.pnl.v'…
Writing layout to '/home/asic/workspace/asic_project/runs/RUN_2025-05-17_03-48-33/33-openroad-detailedplacement/dynamic_noise_reduction.def'…
Writing timing constraints to '/home/asic/workspace/asic_project/runs/RUN_2025-05-17_03-48-33/33-openroad-detailedplacement/dynamic_noise_reduction.sdc'…
