
===========================================================================
report_checks -unconstrained
===========================================================================
======================= nom_tt_025C_1v80 Corner ===================================

Startpoint: reset (input port clocked by clk)
Endpoint: y_out_sky130_fd_sc_hd__dfrtp_2_Q_8
          (recovery check against rising-edge clock clk)
Path Group: asynchronous
Path Type: max

Fanout         Cap        Slew       Delay        Time   Description
---------------------------------------------------------------------------------------------
                                  0.000000    0.000000   clock clk (rise edge)
                                  0.000000    0.000000   clock network delay (propagated)
                                  4.000000    4.000000 v input external delay
     1    0.002892    0.008845    0.004567    4.004567 v reset (in)
                                                         reset (net)
                      0.008845    0.000000    4.004567 v input17/A (sky130_fd_sc_hd__buf_4)
     2    0.062807    0.088168    0.179503    4.184069 v input17/X (sky130_fd_sc_hd__buf_4)
                                                         net17 (net)
                      0.089023    0.006869    4.190938 v fanout218/A (sky130_fd_sc_hd__clkbuf_8)
    10    0.066249    0.083083    0.205967    4.396905 v fanout218/X (sky130_fd_sc_hd__clkbuf_8)
                                                         net218 (net)
                      0.083198    0.002783    4.399688 v y_out_sky130_fd_sc_hd__dfrtp_2_Q_8_RESET_B_sky130_fd_sc_hd__inv_2_Y/A (sky130_fd_sc_hd__inv_2)
     1    0.004187    0.034838    0.059664    4.459352 ^ y_out_sky130_fd_sc_hd__dfrtp_2_Q_8_RESET_B_sky130_fd_sc_hd__inv_2_Y/Y (sky130_fd_sc_hd__inv_2)
                                                         y_out_sky130_fd_sc_hd__dfrtp_2_Q_8_RESET_B (net)
                      0.034838    0.000012    4.459364 ^ y_out_sky130_fd_sc_hd__dfrtp_2_Q_8/RESET_B (sky130_fd_sc_hd__dfrtp_4)
                                              4.459364   data arrival time

                                 20.000000   20.000000   clock clk (rise edge)
                                  0.000000   20.000000   clock source latency
     1    0.065530    0.297372    0.211703   20.211702 ^ clk (in)
                                                         clk (net)
                      0.297794    0.000000   20.211702 ^ clkbuf_0_clk/A (sky130_fd_sc_hd__clkbuf_16)
     2    0.033446    0.058055    0.216735   20.428438 ^ clkbuf_0_clk/X (sky130_fd_sc_hd__clkbuf_16)
                                                         clknet_0_clk (net)
                      0.058072    0.000497   20.428936 ^ clkbuf_1_0__f_clk/A (sky130_fd_sc_hd__clkbuf_16)
     9    0.039164    0.059017    0.145967   20.574902 ^ clkbuf_1_0__f_clk/X (sky130_fd_sc_hd__clkbuf_16)
                                                         clknet_1_0__leaf_clk (net)
                      0.059021    0.000535   20.575438 ^ y_out_sky130_fd_sc_hd__dfrtp_2_Q_8/CLK (sky130_fd_sc_hd__dfrtp_4)
                                 -0.250000   20.325438   clock uncertainty
                                  0.000000   20.325438   clock reconvergence pessimism
                                  0.224789   20.550226   library recovery time
                                             20.550226   data required time
---------------------------------------------------------------------------------------------
                                             20.550226   data required time
                                             -4.459364   data arrival time
---------------------------------------------------------------------------------------------
                                             16.090862   slack (MET)


Startpoint: alpha[3] (input port clocked by clk)
Endpoint: y_out_sky130_fd_sc_hd__dfrtp_2_Q
          (rising edge-triggered flip-flop clocked by clk)
Path Group: clk
Path Type: max

Fanout         Cap        Slew       Delay        Time   Description
---------------------------------------------------------------------------------------------
                                  0.000000    0.000000   clock clk (rise edge)
                                  0.000000    0.000000   clock network delay (propagated)
                                  4.000000    4.000000 ^ input external delay
     1    0.004636    0.028709    0.016642    4.016642 ^ alpha[3] (in)
                                                         alpha[3] (net)
                      0.028709    0.000000    4.016642 ^ input10/A (sky130_fd_sc_hd__clkbuf_8)
     3    0.065131    0.122366    0.179186    4.195828 ^ input10/X (sky130_fd_sc_hd__clkbuf_8)
                                                         net10 (net)
                      0.122368    0.000422    4.196249 ^ fanout265/A (sky130_fd_sc_hd__buf_2)
     5    0.028459    0.143530    0.207028    4.403277 ^ fanout265/X (sky130_fd_sc_hd__buf_2)
                                                         net265 (net)
                      0.143530    0.000008    4.403286 ^ fanout263/A (sky130_fd_sc_hd__clkbuf_4)
     8    0.043149    0.137653    0.238460    4.641746 ^ fanout263/X (sky130_fd_sc_hd__clkbuf_4)
                                                         net263 (net)
                      0.137653    0.000008    4.641753 ^ fanout262/A (sky130_fd_sc_hd__clkbuf_4)
    10    0.041971    0.134060    0.235044    4.876797 ^ fanout262/X (sky130_fd_sc_hd__clkbuf_4)
                                                         net262 (net)
                      0.134060    0.000503    4.877300 ^ y_out_sky130_fd_sc_hd__dfrtp_2_Q_5_D_sky130_fd_sc_hd__xnor2_2_Y_A_sky130_fd_sc_hd__nor2_2_Y_A_sky130_fd_sc_hd__o211a_2_X_C1_sky130_fd_sc_hd__o21ai_2_Y_B1_sky130_fd_sc_hd__o21bai_2_Y_A1_sky130_fd_sc_hd__and2b_2_X_A_N_sky130_fd_sc_hd__a21oi_2_Y_A1_sky130_fd_sc_hd__a32o_2_X_A3_sky130_fd_sc_hd__and3_2_X_B_sky130_fd_sc_hd__or4b_2_B_D_N_sky130_fd_sc_hd__a22o_2_X/B2 (sky130_fd_sc_hd__a22o_1)
     3    0.007145    0.084932    0.171128    5.048428 ^ y_out_sky130_fd_sc_hd__dfrtp_2_Q_5_D_sky130_fd_sc_hd__xnor2_2_Y_A_sky130_fd_sc_hd__nor2_2_Y_A_sky130_fd_sc_hd__o211a_2_X_C1_sky130_fd_sc_hd__o21ai_2_Y_B1_sky130_fd_sc_hd__o21bai_2_Y_A1_sky130_fd_sc_hd__and2b_2_X_A_N_sky130_fd_sc_hd__a21oi_2_Y_A1_sky130_fd_sc_hd__a32o_2_X_A3_sky130_fd_sc_hd__and3_2_X_B_sky130_fd_sc_hd__or4b_2_B_D_N_sky130_fd_sc_hd__a22o_2_X/X (sky130_fd_sc_hd__a22o_1)
                                                         y_out_sky130_fd_sc_hd__dfrtp_2_Q_5_D_sky130_fd_sc_hd__xnor2_2_Y_A_sky130_fd_sc_hd__nor2_2_Y_A_sky130_fd_sc_hd__o211a_2_X_C1_sky130_fd_sc_hd__o21ai_2_Y_B1_sky130_fd_sc_hd__o21bai_2_Y_A1_sky130_fd_sc_hd__and2b_2_X_A_N_sky130_fd_sc_hd__a21oi_2_Y_A1_sky130_fd_sc_hd__a32o_2_X_A3_sky130_fd_sc_hd__and3_2_X_B_sky130_fd_sc_hd__or4b_2_B_D_N (net)
                      0.084932    0.000003    5.048431 ^ y_out_sky130_fd_sc_hd__dfrtp_2_Q_5_D_sky130_fd_sc_hd__xnor2_2_Y_A_sky130_fd_sc_hd__nor2_2_Y_A_sky130_fd_sc_hd__o211a_2_X_C1_sky130_fd_sc_hd__o21ai_2_Y_B1_sky130_fd_sc_hd__o21bai_2_Y_A1_sky130_fd_sc_hd__and2b_2_X_A_N_sky130_fd_sc_hd__a21oi_2_Y_A1_sky130_fd_sc_hd__a32o_2_X_A3_sky130_fd_sc_hd__and3_2_X_B_sky130_fd_sc_hd__or4b_2_B/D_N (sky130_fd_sc_hd__or4b_1)
     2    0.006988    0.112908    0.474109    5.522540 v y_out_sky130_fd_sc_hd__dfrtp_2_Q_5_D_sky130_fd_sc_hd__xnor2_2_Y_A_sky130_fd_sc_hd__nor2_2_Y_A_sky130_fd_sc_hd__o211a_2_X_C1_sky130_fd_sc_hd__o21ai_2_Y_B1_sky130_fd_sc_hd__o21bai_2_Y_A1_sky130_fd_sc_hd__and2b_2_X_A_N_sky130_fd_sc_hd__a21oi_2_Y_A1_sky130_fd_sc_hd__a32o_2_X_A3_sky130_fd_sc_hd__and3_2_X_B_sky130_fd_sc_hd__or4b_2_B/X (sky130_fd_sc_hd__or4b_1)
                                                         y_out_sky130_fd_sc_hd__dfrtp_2_Q_5_D_sky130_fd_sc_hd__xnor2_2_Y_A_sky130_fd_sc_hd__nor2_2_Y_A_sky130_fd_sc_hd__o211a_2_X_C1_sky130_fd_sc_hd__o21ai_2_Y_B1_sky130_fd_sc_hd__o21bai_2_Y_A1_sky130_fd_sc_hd__and2b_2_X_A_N_sky130_fd_sc_hd__a21oi_2_Y_A1_sky130_fd_sc_hd__a32o_2_X_A3_sky130_fd_sc_hd__and3_2_X_B_sky130_fd_sc_hd__or4b_2_B_X (net)
                      0.112908    0.000024    5.522564 v y_out_sky130_fd_sc_hd__dfrtp_2_Q_5_D_sky130_fd_sc_hd__xnor2_2_Y_A_sky130_fd_sc_hd__nor2_2_Y_A_sky130_fd_sc_hd__o211a_2_X_C1_sky130_fd_sc_hd__o21ai_2_Y_B1_sky130_fd_sc_hd__o21bai_2_Y_A1_sky130_fd_sc_hd__and2b_2_X_A_N_sky130_fd_sc_hd__a21oi_2_Y_A1_sky130_fd_sc_hd__a32o_2_X_A3_sky130_fd_sc_hd__and3_2_X_B_sky130_fd_sc_hd__or4b_2_B_X_sky130_fd_sc_hd__a21o_2_A1/A1 (sky130_fd_sc_hd__a21o_1)
     3    0.008858    0.058550    0.206186    5.728750 v y_out_sky130_fd_sc_hd__dfrtp_2_Q_5_D_sky130_fd_sc_hd__xnor2_2_Y_A_sky130_fd_sc_hd__nor2_2_Y_A_sky130_fd_sc_hd__o211a_2_X_C1_sky130_fd_sc_hd__o21ai_2_Y_B1_sky130_fd_sc_hd__o21bai_2_Y_A1_sky130_fd_sc_hd__and2b_2_X_A_N_sky130_fd_sc_hd__a21oi_2_Y_A1_sky130_fd_sc_hd__a32o_2_X_A3_sky130_fd_sc_hd__and3_2_X_B_sky130_fd_sc_hd__or4b_2_B_X_sky130_fd_sc_hd__a21o_2_A1/X (sky130_fd_sc_hd__a21o_1)
                                                         y_out_sky130_fd_sc_hd__dfrtp_2_Q_5_D_sky130_fd_sc_hd__xnor2_2_Y_A_sky130_fd_sc_hd__nor2_2_Y_A_sky130_fd_sc_hd__o211a_2_X_C1_sky130_fd_sc_hd__o21ai_2_Y_B1_sky130_fd_sc_hd__o21bai_2_Y_A1_sky130_fd_sc_hd__and2b_2_X_A_N_sky130_fd_sc_hd__a21oi_2_Y_A1_sky130_fd_sc_hd__a32o_2_X_A3_sky130_fd_sc_hd__and3_2_X_B_sky130_fd_sc_hd__or4b_2_B_X_sky130_fd_sc_hd__a21o_2_A1_X (net)
                      0.058550    0.000056    5.728806 v y_out_sky130_fd_sc_hd__dfrtp_2_Q_5_D_sky130_fd_sc_hd__xnor2_2_Y_A_sky130_fd_sc_hd__nor2_2_Y_A_sky130_fd_sc_hd__o211a_2_X_C1_sky130_fd_sc_hd__o21ai_2_Y_B1_sky130_fd_sc_hd__o21bai_2_Y_A1_sky130_fd_sc_hd__and2b_2_X_A_N_sky130_fd_sc_hd__a21oi_2_Y_A1_sky130_fd_sc_hd__a32o_2_X_A3_sky130_fd_sc_hd__and3_2_X_B_sky130_fd_sc_hd__or4b_2_B_X_sky130_fd_sc_hd__nand3_2_B_Y_sky130_fd_sc_hd__a21o_2_A1/A2 (sky130_fd_sc_hd__a21o_1)
     2    0.006577    0.049107    0.194961    5.923767 v y_out_sky130_fd_sc_hd__dfrtp_2_Q_5_D_sky130_fd_sc_hd__xnor2_2_Y_A_sky130_fd_sc_hd__nor2_2_Y_A_sky130_fd_sc_hd__o211a_2_X_C1_sky130_fd_sc_hd__o21ai_2_Y_B1_sky130_fd_sc_hd__o21bai_2_Y_A1_sky130_fd_sc_hd__and2b_2_X_A_N_sky130_fd_sc_hd__a21oi_2_Y_A1_sky130_fd_sc_hd__a32o_2_X_A3_sky130_fd_sc_hd__and3_2_X_B_sky130_fd_sc_hd__or4b_2_B_X_sky130_fd_sc_hd__nand3_2_B_Y_sky130_fd_sc_hd__a21o_2_A1/X (sky130_fd_sc_hd__a21o_1)
                                                         y_out_sky130_fd_sc_hd__dfrtp_2_Q_14_D_sky130_fd_sc_hd__xnor2_2_Y_A_sky130_fd_sc_hd__a21o_2_X_A1_sky130_fd_sc_hd__a21o_2_X_A1_sky130_fd_sc_hd__a22o_2_X_B1_sky130_fd_sc_hd__o31a_2_X_A1_sky130_fd_sc_hd__and2_2_X_A_sky130_fd_sc_hd__nand3_2_Y_A_sky130_fd_sc_hd__nand2_2_Y_A_sky130_fd_sc_hd__or4_2_X_D_sky130_fd_sc_hd__a211oi_2_Y_A1_sky130_fd_sc_hd__or3_2_X_A_sky130_fd_sc_hd__and3_2_X_C (net)
                      0.049107    0.000055    5.923821 v y_out_sky130_fd_sc_hd__dfrtp_2_Q_14_D_sky130_fd_sc_hd__xnor2_2_Y_A_sky130_fd_sc_hd__a21o_2_X_A1_sky130_fd_sc_hd__a21o_2_X_A1_sky130_fd_sc_hd__a22o_2_X_B1_sky130_fd_sc_hd__o31a_2_X_A1_sky130_fd_sc_hd__and2_2_X_A_sky130_fd_sc_hd__nand3_2_Y_A_sky130_fd_sc_hd__nand2_2_Y_A_sky130_fd_sc_hd__or4_2_X_D_sky130_fd_sc_hd__a211oi_2_Y_A1_sky130_fd_sc_hd__or3_2_X_A_sky130_fd_sc_hd__and3_2_X/C (sky130_fd_sc_hd__and3_1)
     3    0.007380    0.058136    0.198473    6.122294 v y_out_sky130_fd_sc_hd__dfrtp_2_Q_14_D_sky130_fd_sc_hd__xnor2_2_Y_A_sky130_fd_sc_hd__a21o_2_X_A1_sky130_fd_sc_hd__a21o_2_X_A1_sky130_fd_sc_hd__a22o_2_X_B1_sky130_fd_sc_hd__o31a_2_X_A1_sky130_fd_sc_hd__and2_2_X_A_sky130_fd_sc_hd__nand3_2_Y_A_sky130_fd_sc_hd__nand2_2_Y_A_sky130_fd_sc_hd__or4_2_X_D_sky130_fd_sc_hd__a211oi_2_Y_A1_sky130_fd_sc_hd__or3_2_X_A_sky130_fd_sc_hd__and3_2_X/X (sky130_fd_sc_hd__and3_1)
                                                         y_out_sky130_fd_sc_hd__dfrtp_2_Q_14_D_sky130_fd_sc_hd__xnor2_2_Y_A_sky130_fd_sc_hd__a21o_2_X_A1_sky130_fd_sc_hd__a21o_2_X_A1_sky130_fd_sc_hd__a22o_2_X_B1_sky130_fd_sc_hd__o31a_2_X_A1_sky130_fd_sc_hd__and2_2_X_A_sky130_fd_sc_hd__nand3_2_Y_A_sky130_fd_sc_hd__nand2_2_Y_A_sky130_fd_sc_hd__or4_2_X_D_sky130_fd_sc_hd__a211oi_2_Y_A1_sky130_fd_sc_hd__or3_2_X_A (net)
                      0.058136    0.000019    6.122313 v y_out_sky130_fd_sc_hd__dfrtp_2_Q_14_D_sky130_fd_sc_hd__xnor2_2_Y_A_sky130_fd_sc_hd__a21o_2_X_A1_sky130_fd_sc_hd__a21o_2_X_A1_sky130_fd_sc_hd__a22o_2_X_B1_sky130_fd_sc_hd__o31a_2_X_A1_sky130_fd_sc_hd__and2_2_X_A_sky130_fd_sc_hd__nand3_2_Y_A_sky130_fd_sc_hd__nand2_2_Y_A_sky130_fd_sc_hd__or4_2_X_D_sky130_fd_sc_hd__a211oi_2_Y_A1_sky130_fd_sc_hd__or3_2_X/A (sky130_fd_sc_hd__or3_1)
     2    0.007913    0.094348    0.406314    6.528626 v y_out_sky130_fd_sc_hd__dfrtp_2_Q_14_D_sky130_fd_sc_hd__xnor2_2_Y_A_sky130_fd_sc_hd__a21o_2_X_A1_sky130_fd_sc_hd__a21o_2_X_A1_sky130_fd_sc_hd__a22o_2_X_B1_sky130_fd_sc_hd__o31a_2_X_A1_sky130_fd_sc_hd__and2_2_X_A_sky130_fd_sc_hd__nand3_2_Y_A_sky130_fd_sc_hd__nand2_2_Y_A_sky130_fd_sc_hd__or4_2_X_D_sky130_fd_sc_hd__a211oi_2_Y_A1_sky130_fd_sc_hd__or3_2_X/X (sky130_fd_sc_hd__or3_1)
                                                         y_out_sky130_fd_sc_hd__dfrtp_2_Q_14_D_sky130_fd_sc_hd__xnor2_2_Y_A_sky130_fd_sc_hd__a21o_2_X_A1_sky130_fd_sc_hd__a21o_2_X_A1_sky130_fd_sc_hd__a22o_2_X_B1_sky130_fd_sc_hd__o31a_2_X_A1_sky130_fd_sc_hd__and2_2_X_A_sky130_fd_sc_hd__nand3_2_Y_A_sky130_fd_sc_hd__nand2_2_Y_A_sky130_fd_sc_hd__or4_2_X_D_sky130_fd_sc_hd__a211oi_2_Y_A1 (net)
                      0.094348    0.000091    6.528718 v y_out_sky130_fd_sc_hd__dfrtp_2_Q_14_D_sky130_fd_sc_hd__xnor2_2_Y_A_sky130_fd_sc_hd__a21o_2_X_A1_sky130_fd_sc_hd__a21o_2_X_A1_sky130_fd_sc_hd__a22o_2_X_B1_sky130_fd_sc_hd__o31a_2_X_A1_sky130_fd_sc_hd__and2_2_X_A_sky130_fd_sc_hd__nand3_2_Y_A_sky130_fd_sc_hd__nand2_2_Y_A_sky130_fd_sc_hd__or4_2_X_D_sky130_fd_sc_hd__a211oi_2_Y_A1_sky130_fd_sc_hd__o211a_2_B1/B1 (sky130_fd_sc_hd__o211a_1)
     4    0.014067    0.086705    0.191883    6.720601 v y_out_sky130_fd_sc_hd__dfrtp_2_Q_14_D_sky130_fd_sc_hd__xnor2_2_Y_A_sky130_fd_sc_hd__a21o_2_X_A1_sky130_fd_sc_hd__a21o_2_X_A1_sky130_fd_sc_hd__a22o_2_X_B1_sky130_fd_sc_hd__o31a_2_X_A1_sky130_fd_sc_hd__and2_2_X_A_sky130_fd_sc_hd__nand3_2_Y_A_sky130_fd_sc_hd__nand2_2_Y_A_sky130_fd_sc_hd__or4_2_X_D_sky130_fd_sc_hd__a211oi_2_Y_A1_sky130_fd_sc_hd__o211a_2_B1/X (sky130_fd_sc_hd__o211a_1)
                                                         y_out_sky130_fd_sc_hd__dfrtp_2_Q_14_D_sky130_fd_sc_hd__xnor2_2_Y_A_sky130_fd_sc_hd__a21o_2_X_A1_sky130_fd_sc_hd__a21o_2_X_A1_sky130_fd_sc_hd__a22o_2_X_B1_sky130_fd_sc_hd__o31a_2_X_A1_sky130_fd_sc_hd__and2_2_X_A_sky130_fd_sc_hd__nand3_2_Y_A_sky130_fd_sc_hd__nand2_2_Y_A_sky130_fd_sc_hd__or4_2_X_D_sky130_fd_sc_hd__a211oi_2_Y_A1_sky130_fd_sc_hd__o211a_2_B1_X (net)
                      0.086705    0.000020    6.720621 v y_out_sky130_fd_sc_hd__dfrtp_2_Q_14_D_sky130_fd_sc_hd__xnor2_2_Y_A_sky130_fd_sc_hd__a21o_2_X_A1_sky130_fd_sc_hd__a21o_2_X_A1_sky130_fd_sc_hd__a22o_2_X_B1_sky130_fd_sc_hd__o31a_2_X_A1_sky130_fd_sc_hd__and2_2_X_A_sky130_fd_sc_hd__nand3_2_Y_A_sky130_fd_sc_hd__nand2_2_Y_A_sky130_fd_sc_hd__or4_2_X/C (sky130_fd_sc_hd__or4_1)
     3    0.008823    0.126166    0.530361    7.250982 v y_out_sky130_fd_sc_hd__dfrtp_2_Q_14_D_sky130_fd_sc_hd__xnor2_2_Y_A_sky130_fd_sc_hd__a21o_2_X_A1_sky130_fd_sc_hd__a21o_2_X_A1_sky130_fd_sc_hd__a22o_2_X_B1_sky130_fd_sc_hd__o31a_2_X_A1_sky130_fd_sc_hd__and2_2_X_A_sky130_fd_sc_hd__nand3_2_Y_A_sky130_fd_sc_hd__nand2_2_Y_A_sky130_fd_sc_hd__or4_2_X/X (sky130_fd_sc_hd__or4_1)
                                                         y_out_sky130_fd_sc_hd__dfrtp_2_Q_14_D_sky130_fd_sc_hd__xnor2_2_Y_A_sky130_fd_sc_hd__a21o_2_X_A1_sky130_fd_sc_hd__a21o_2_X_A1_sky130_fd_sc_hd__a22o_2_X_B1_sky130_fd_sc_hd__o31a_2_X_A1_sky130_fd_sc_hd__and2_2_X_A_sky130_fd_sc_hd__nand3_2_Y_A_sky130_fd_sc_hd__nand2_2_Y_A (net)
                      0.126166    0.000046    7.251028 v y_out_sky130_fd_sc_hd__dfrtp_2_Q_14_D_sky130_fd_sc_hd__xnor2_2_Y_A_sky130_fd_sc_hd__a21o_2_X_A1_sky130_fd_sc_hd__a21o_2_X_A1_sky130_fd_sc_hd__a22o_2_X_B1_sky130_fd_sc_hd__o31a_2_X_A1_sky130_fd_sc_hd__and2_2_X_A_sky130_fd_sc_hd__nand3_2_Y_A_sky130_fd_sc_hd__nand2_2_Y_A_sky130_fd_sc_hd__a21o_2_A1/A1 (sky130_fd_sc_hd__a21o_1)
     2    0.006709    0.049686    0.201726    7.452754 v y_out_sky130_fd_sc_hd__dfrtp_2_Q_14_D_sky130_fd_sc_hd__xnor2_2_Y_A_sky130_fd_sc_hd__a21o_2_X_A1_sky130_fd_sc_hd__a21o_2_X_A1_sky130_fd_sc_hd__a22o_2_X_B1_sky130_fd_sc_hd__o31a_2_X_A1_sky130_fd_sc_hd__and2_2_X_A_sky130_fd_sc_hd__nand3_2_Y_A_sky130_fd_sc_hd__nand2_2_Y_A_sky130_fd_sc_hd__a21o_2_A1/X (sky130_fd_sc_hd__a21o_1)
                                                         y_out_sky130_fd_sc_hd__dfrtp_2_Q_14_D_sky130_fd_sc_hd__xnor2_2_Y_A_sky130_fd_sc_hd__a21o_2_X_A1_sky130_fd_sc_hd__a21o_2_X_A1_sky130_fd_sc_hd__a22o_2_X_B1_sky130_fd_sc_hd__o31a_2_X_A1_sky130_fd_sc_hd__and2_2_X_A_sky130_fd_sc_hd__nand3_2_Y_A_sky130_fd_sc_hd__nand2_2_Y_A_sky130_fd_sc_hd__a21o_2_A1_X (net)
                      0.049686    0.000046    7.452800 v y_out_sky130_fd_sc_hd__dfrtp_2_Q_14_D_sky130_fd_sc_hd__xnor2_2_Y_A_sky130_fd_sc_hd__a21o_2_X_A1_sky130_fd_sc_hd__a21o_2_X_A1_sky130_fd_sc_hd__a22o_2_X_B1_sky130_fd_sc_hd__o31a_2_X_A1_sky130_fd_sc_hd__and2_2_X_A_sky130_fd_sc_hd__nand3_2_Y_A_sky130_fd_sc_hd__nand2_2_Y_B_sky130_fd_sc_hd__and3_2_B/C (sky130_fd_sc_hd__and3_1)
     4    0.010455    0.068745    0.212057    7.664857 v y_out_sky130_fd_sc_hd__dfrtp_2_Q_14_D_sky130_fd_sc_hd__xnor2_2_Y_A_sky130_fd_sc_hd__a21o_2_X_A1_sky130_fd_sc_hd__a21o_2_X_A1_sky130_fd_sc_hd__a22o_2_X_B1_sky130_fd_sc_hd__o31a_2_X_A1_sky130_fd_sc_hd__and2_2_X_A_sky130_fd_sc_hd__nand3_2_Y_A_sky130_fd_sc_hd__nand2_2_Y_B_sky130_fd_sc_hd__and3_2_B/X (sky130_fd_sc_hd__and3_1)
                                                         y_out_sky130_fd_sc_hd__dfrtp_2_Q_14_D_sky130_fd_sc_hd__xnor2_2_Y_A_sky130_fd_sc_hd__a21o_2_X_A1_sky130_fd_sc_hd__a21o_2_X_A1_sky130_fd_sc_hd__a22o_2_X_B1_sky130_fd_sc_hd__o31a_2_X_A1_sky130_fd_sc_hd__and2_2_X_A_sky130_fd_sc_hd__nand3_2_Y_A_sky130_fd_sc_hd__nand2_2_Y_B_sky130_fd_sc_hd__and3_2_B_X (net)
                      0.068745    0.000043    7.664900 v y_out_sky130_fd_sc_hd__dfrtp_2_Q_14_D_sky130_fd_sc_hd__xnor2_2_Y_A_sky130_fd_sc_hd__a21o_2_X_A1_sky130_fd_sc_hd__a21o_2_X_A1_sky130_fd_sc_hd__a22o_2_X_A2_sky130_fd_sc_hd__a221o_2_X_B2_sky130_fd_sc_hd__nor2_2_Y_A_sky130_fd_sc_hd__inv_2_Y_A_sky130_fd_sc_hd__a211o_2_X_B1_sky130_fd_sc_hd__o21a_2_X/A1 (sky130_fd_sc_hd__o21a_1)
     2    0.006805    0.053411    0.208437    7.873337 v y_out_sky130_fd_sc_hd__dfrtp_2_Q_14_D_sky130_fd_sc_hd__xnor2_2_Y_A_sky130_fd_sc_hd__a21o_2_X_A1_sky130_fd_sc_hd__a21o_2_X_A1_sky130_fd_sc_hd__a22o_2_X_A2_sky130_fd_sc_hd__a221o_2_X_B2_sky130_fd_sc_hd__nor2_2_Y_A_sky130_fd_sc_hd__inv_2_Y_A_sky130_fd_sc_hd__a211o_2_X_B1_sky130_fd_sc_hd__o21a_2_X/X (sky130_fd_sc_hd__o21a_1)
                                                         y_out_sky130_fd_sc_hd__dfrtp_2_Q_14_D_sky130_fd_sc_hd__xnor2_2_Y_A_sky130_fd_sc_hd__a21o_2_X_A1_sky130_fd_sc_hd__a21o_2_X_A1_sky130_fd_sc_hd__a22o_2_X_A2_sky130_fd_sc_hd__a221o_2_X_B2_sky130_fd_sc_hd__nor2_2_Y_A_sky130_fd_sc_hd__inv_2_Y_A_sky130_fd_sc_hd__a211o_2_X_B1 (net)
                      0.053411    0.000033    7.873370 v y_out_sky130_fd_sc_hd__dfrtp_2_Q_14_D_sky130_fd_sc_hd__xnor2_2_Y_A_sky130_fd_sc_hd__a21o_2_X_A1_sky130_fd_sc_hd__a21o_2_X_A1_sky130_fd_sc_hd__a22o_2_X_A2_sky130_fd_sc_hd__a221o_2_X_B2_sky130_fd_sc_hd__nor2_2_Y_A_sky130_fd_sc_hd__inv_2_Y_A_sky130_fd_sc_hd__a211o_2_X/B1 (sky130_fd_sc_hd__a211o_1)
     3    0.010761    0.083288    0.310216    8.183585 v y_out_sky130_fd_sc_hd__dfrtp_2_Q_14_D_sky130_fd_sc_hd__xnor2_2_Y_A_sky130_fd_sc_hd__a21o_2_X_A1_sky130_fd_sc_hd__a21o_2_X_A1_sky130_fd_sc_hd__a22o_2_X_A2_sky130_fd_sc_hd__a221o_2_X_B2_sky130_fd_sc_hd__nor2_2_Y_A_sky130_fd_sc_hd__inv_2_Y_A_sky130_fd_sc_hd__a211o_2_X/X (sky130_fd_sc_hd__a211o_1)
                                                         y_out_sky130_fd_sc_hd__dfrtp_2_Q_14_D_sky130_fd_sc_hd__xnor2_2_Y_A_sky130_fd_sc_hd__a21o_2_X_A1_sky130_fd_sc_hd__a21o_2_X_A1_sky130_fd_sc_hd__a22o_2_X_A2_sky130_fd_sc_hd__a221o_2_X_B2_sky130_fd_sc_hd__nor2_2_Y_A_sky130_fd_sc_hd__inv_2_Y_A (net)
                      0.083288    0.000010    8.183596 v y_out_sky130_fd_sc_hd__dfrtp_2_Q_14_D_sky130_fd_sc_hd__xnor2_2_Y_A_sky130_fd_sc_hd__a21o_2_X_A1_sky130_fd_sc_hd__a21o_2_X_A1_sky130_fd_sc_hd__a22o_2_X_A2_sky130_fd_sc_hd__a221o_2_X_B2_sky130_fd_sc_hd__nor2_2_Y_B_sky130_fd_sc_hd__and3_2_X/B (sky130_fd_sc_hd__and3_1)
     2    0.006685    0.053623    0.195183    8.378778 v y_out_sky130_fd_sc_hd__dfrtp_2_Q_14_D_sky130_fd_sc_hd__xnor2_2_Y_A_sky130_fd_sc_hd__a21o_2_X_A1_sky130_fd_sc_hd__a21o_2_X_A1_sky130_fd_sc_hd__a22o_2_X_A2_sky130_fd_sc_hd__a221o_2_X_B2_sky130_fd_sc_hd__nor2_2_Y_B_sky130_fd_sc_hd__and3_2_X/X (sky130_fd_sc_hd__and3_1)
                                                         y_out_sky130_fd_sc_hd__dfrtp_2_Q_14_D_sky130_fd_sc_hd__xnor2_2_Y_A_sky130_fd_sc_hd__a21o_2_X_A1_sky130_fd_sc_hd__a21o_2_X_A1_sky130_fd_sc_hd__a22o_2_X_A2_sky130_fd_sc_hd__a221o_2_X_B2_sky130_fd_sc_hd__nor2_2_Y_B (net)
                      0.053623    0.000008    8.378787 v y_out_sky130_fd_sc_hd__dfrtp_2_Q_14_D_sky130_fd_sc_hd__xnor2_2_Y_A_sky130_fd_sc_hd__a21o_2_X_A1_sky130_fd_sc_hd__a21o_2_X_A1_sky130_fd_sc_hd__a22o_2_X_A2_sky130_fd_sc_hd__a221o_2_X_B1_sky130_fd_sc_hd__or3_2_X_C_sky130_fd_sc_hd__or4_2_X/B (sky130_fd_sc_hd__or4_1)
     2    0.006524    0.106458    0.532522    8.911309 v y_out_sky130_fd_sc_hd__dfrtp_2_Q_14_D_sky130_fd_sc_hd__xnor2_2_Y_A_sky130_fd_sc_hd__a21o_2_X_A1_sky130_fd_sc_hd__a21o_2_X_A1_sky130_fd_sc_hd__a22o_2_X_A2_sky130_fd_sc_hd__a221o_2_X_B1_sky130_fd_sc_hd__or3_2_X_C_sky130_fd_sc_hd__or4_2_X/X (sky130_fd_sc_hd__or4_1)
                                                         y_out_sky130_fd_sc_hd__dfrtp_2_Q_14_D_sky130_fd_sc_hd__xnor2_2_Y_A_sky130_fd_sc_hd__a21o_2_X_A1_sky130_fd_sc_hd__a21o_2_X_A1_sky130_fd_sc_hd__a22o_2_X_A2_sky130_fd_sc_hd__a221o_2_X_B1_sky130_fd_sc_hd__or3_2_X_C (net)
                      0.106458    0.000057    8.911366 v y_out_sky130_fd_sc_hd__dfrtp_2_Q_14_D_sky130_fd_sc_hd__xnor2_2_Y_A_sky130_fd_sc_hd__a21o_2_X_A1_sky130_fd_sc_hd__a21o_2_X_A1_sky130_fd_sc_hd__a22o_2_X_A2_sky130_fd_sc_hd__a221o_2_X_B1_sky130_fd_sc_hd__or3_2_X/C (sky130_fd_sc_hd__or3_1)
     1    0.003968    0.071968    0.331605    9.242971 v y_out_sky130_fd_sc_hd__dfrtp_2_Q_14_D_sky130_fd_sc_hd__xnor2_2_Y_A_sky130_fd_sc_hd__a21o_2_X_A1_sky130_fd_sc_hd__a21o_2_X_A1_sky130_fd_sc_hd__a22o_2_X_A2_sky130_fd_sc_hd__a221o_2_X_B1_sky130_fd_sc_hd__or3_2_X/X (sky130_fd_sc_hd__or3_1)
                                                         y_out_sky130_fd_sc_hd__dfrtp_2_Q_14_D_sky130_fd_sc_hd__xnor2_2_Y_A_sky130_fd_sc_hd__a21o_2_X_A1_sky130_fd_sc_hd__a21o_2_X_A1_sky130_fd_sc_hd__a22o_2_X_A2_sky130_fd_sc_hd__a221o_2_X_B1 (net)
                      0.071968    0.000035    9.243006 v y_out_sky130_fd_sc_hd__dfrtp_2_Q_14_D_sky130_fd_sc_hd__xnor2_2_Y_A_sky130_fd_sc_hd__a21o_2_X_A1_sky130_fd_sc_hd__a21o_2_X_A1_sky130_fd_sc_hd__a22o_2_X_A2_sky130_fd_sc_hd__a221o_2_X/B1 (sky130_fd_sc_hd__a221o_1)
     1    0.004215    0.059202    0.305909    9.548915 v y_out_sky130_fd_sc_hd__dfrtp_2_Q_14_D_sky130_fd_sc_hd__xnor2_2_Y_A_sky130_fd_sc_hd__a21o_2_X_A1_sky130_fd_sc_hd__a21o_2_X_A1_sky130_fd_sc_hd__a22o_2_X_A2_sky130_fd_sc_hd__a221o_2_X/X (sky130_fd_sc_hd__a221o_1)
                                                         y_out_sky130_fd_sc_hd__dfrtp_2_Q_14_D_sky130_fd_sc_hd__xnor2_2_Y_A_sky130_fd_sc_hd__a21o_2_X_A1_sky130_fd_sc_hd__a21o_2_X_A1_sky130_fd_sc_hd__a22o_2_X_A2 (net)
                      0.059202    0.000030    9.548945 v y_out_sky130_fd_sc_hd__dfrtp_2_Q_14_D_sky130_fd_sc_hd__xnor2_2_Y_A_sky130_fd_sc_hd__a21o_2_X_A1_sky130_fd_sc_hd__a21o_2_X_A1_sky130_fd_sc_hd__a22o_2_X/A2 (sky130_fd_sc_hd__a22o_1)
     1    0.006271    0.056050    0.247771    9.796716 v y_out_sky130_fd_sc_hd__dfrtp_2_Q_14_D_sky130_fd_sc_hd__xnor2_2_Y_A_sky130_fd_sc_hd__a21o_2_X_A1_sky130_fd_sc_hd__a21o_2_X_A1_sky130_fd_sc_hd__a22o_2_X/X (sky130_fd_sc_hd__a22o_1)
                                                         y_out_sky130_fd_sc_hd__dfrtp_2_Q_14_D_sky130_fd_sc_hd__xnor2_2_Y_A_sky130_fd_sc_hd__a21o_2_X_A1_sky130_fd_sc_hd__a21o_2_X_A1 (net)
                      0.056050    0.000080    9.796796 v y_out_sky130_fd_sc_hd__dfrtp_2_Q_14_D_sky130_fd_sc_hd__xnor2_2_Y_A_sky130_fd_sc_hd__a21o_2_X_A1_sky130_fd_sc_hd__a21o_2_X/A1 (sky130_fd_sc_hd__a21o_1)
     3    0.018073    0.095406    0.216081   10.012877 v y_out_sky130_fd_sc_hd__dfrtp_2_Q_14_D_sky130_fd_sc_hd__xnor2_2_Y_A_sky130_fd_sc_hd__a21o_2_X_A1_sky130_fd_sc_hd__a21o_2_X/X (sky130_fd_sc_hd__a21o_1)
                                                         y_out_sky130_fd_sc_hd__dfrtp_2_Q_14_D_sky130_fd_sc_hd__xnor2_2_Y_A_sky130_fd_sc_hd__a21o_2_X_A1 (net)
                      0.095408    0.000572   10.013449 v y_out_sky130_fd_sc_hd__dfrtp_2_Q_10_D_sky130_fd_sc_hd__xor2_2_X_B_sky130_fd_sc_hd__nand2_2_Y_A_sky130_fd_sc_hd__a2111o_2_X/A1 (sky130_fd_sc_hd__a2111o_4)
     2    0.027861    0.101895    0.516126   10.529574 v y_out_sky130_fd_sc_hd__dfrtp_2_Q_10_D_sky130_fd_sc_hd__xor2_2_X_B_sky130_fd_sc_hd__nand2_2_Y_A_sky130_fd_sc_hd__a2111o_2_X/X (sky130_fd_sc_hd__a2111o_4)
                                                         y_out_sky130_fd_sc_hd__dfrtp_2_Q_10_D_sky130_fd_sc_hd__xor2_2_X_B_sky130_fd_sc_hd__nand2_2_Y_A (net)
                      0.101926    0.001859   10.531434 v y_out_sky130_fd_sc_hd__dfrtp_2_Q_6_D_sky130_fd_sc_hd__xor2_2_X_A_sky130_fd_sc_hd__nand2_2_Y_A_sky130_fd_sc_hd__a211o_2_X/A1 (sky130_fd_sc_hd__a211o_1)
     2    0.015776    0.104279    0.337701   10.869135 v y_out_sky130_fd_sc_hd__dfrtp_2_Q_6_D_sky130_fd_sc_hd__xor2_2_X_A_sky130_fd_sc_hd__nand2_2_Y_A_sky130_fd_sc_hd__a211o_2_X/X (sky130_fd_sc_hd__a211o_1)
                                                         y_out_sky130_fd_sc_hd__dfrtp_2_Q_6_D_sky130_fd_sc_hd__xor2_2_X_A_sky130_fd_sc_hd__nand2_2_Y_A (net)
                      0.104279    0.000441   10.869576 v y_out_sky130_fd_sc_hd__dfrtp_2_Q_2_D_sky130_fd_sc_hd__xor2_2_X_B_sky130_fd_sc_hd__o22a_2_X_A1_sky130_fd_sc_hd__a21oi_2_Y/A1 (sky130_fd_sc_hd__a21oi_1)
     3    0.010741    0.252371    0.252965   11.122540 ^ y_out_sky130_fd_sc_hd__dfrtp_2_Q_2_D_sky130_fd_sc_hd__xor2_2_X_B_sky130_fd_sc_hd__o22a_2_X_A1_sky130_fd_sc_hd__a21oi_2_Y/Y (sky130_fd_sc_hd__a21oi_1)
                                                         y_out_sky130_fd_sc_hd__dfrtp_2_Q_2_D_sky130_fd_sc_hd__xor2_2_X_B_sky130_fd_sc_hd__o22a_2_X_A1 (net)
                      0.252371    0.000138   11.122678 ^ y_out_sky130_fd_sc_hd__dfrtp_2_Q_2_D_sky130_fd_sc_hd__xor2_2_X_A_sky130_fd_sc_hd__o221a_2_C1/A1 (sky130_fd_sc_hd__o221a_1)
     2    0.009827    0.115260    0.276454   11.399132 ^ y_out_sky130_fd_sc_hd__dfrtp_2_Q_2_D_sky130_fd_sc_hd__xor2_2_X_A_sky130_fd_sc_hd__o221a_2_C1/X (sky130_fd_sc_hd__o221a_1)
                                                         y_out_sky130_fd_sc_hd__dfrtp_2_Q_D_sky130_fd_sc_hd__xnor2_2_Y_A_sky130_fd_sc_hd__o31a_2_X_A2 (net)
                      0.115260    0.000138   11.399269 ^ y_out_sky130_fd_sc_hd__dfrtp_2_Q_D_sky130_fd_sc_hd__xnor2_2_Y_A_sky130_fd_sc_hd__o31a_2_X/A2 (sky130_fd_sc_hd__o31a_1)
     1    0.006136    0.078934    0.164982   11.564251 ^ y_out_sky130_fd_sc_hd__dfrtp_2_Q_D_sky130_fd_sc_hd__xnor2_2_Y_A_sky130_fd_sc_hd__o31a_2_X/X (sky130_fd_sc_hd__o31a_1)
                                                         y_out_sky130_fd_sc_hd__dfrtp_2_Q_D_sky130_fd_sc_hd__xnor2_2_Y_A (net)
                      0.078934    0.000048   11.564300 ^ y_out_sky130_fd_sc_hd__dfrtp_2_Q_D_sky130_fd_sc_hd__xnor2_2_Y/A (sky130_fd_sc_hd__xnor2_1)
     1    0.003444    0.131385    0.119918   11.684217 ^ y_out_sky130_fd_sc_hd__dfrtp_2_Q_D_sky130_fd_sc_hd__xnor2_2_Y/Y (sky130_fd_sc_hd__xnor2_1)
                                                         y_out_sky130_fd_sc_hd__dfrtp_2_Q_D (net)
                      0.131385    0.000021   11.684238 ^ y_out_sky130_fd_sc_hd__dfrtp_2_Q/D (sky130_fd_sc_hd__dfrtp_4)
                                             11.684238   data arrival time

                                 20.000000   20.000000   clock clk (rise edge)
                                  0.000000   20.000000   clock source latency
     1    0.065530    0.297372    0.211703   20.211702 ^ clk (in)
                                                         clk (net)
                      0.297794    0.000000   20.211702 ^ clkbuf_0_clk/A (sky130_fd_sc_hd__clkbuf_16)
     2    0.033446    0.058055    0.216735   20.428438 ^ clkbuf_0_clk/X (sky130_fd_sc_hd__clkbuf_16)
                                                         clknet_0_clk (net)
                      0.058072    0.000497   20.428936 ^ clkbuf_1_0__f_clk/A (sky130_fd_sc_hd__clkbuf_16)
     9    0.039164    0.059017    0.145967   20.574902 ^ clkbuf_1_0__f_clk/X (sky130_fd_sc_hd__clkbuf_16)
                                                         clknet_1_0__leaf_clk (net)
                      0.059038    0.000972   20.575874 ^ y_out_sky130_fd_sc_hd__dfrtp_2_Q/CLK (sky130_fd_sc_hd__dfrtp_4)
                                 -0.250000   20.325874   clock uncertainty
                                  0.000000   20.325874   clock reconvergence pessimism
                                 -0.081475   20.244398   library setup time
                                             20.244398   data required time
---------------------------------------------------------------------------------------------
                                             20.244398   data required time
                                            -11.684238   data arrival time
---------------------------------------------------------------------------------------------
                                              8.560160   slack (MET)




===========================================================================
report_checks --slack_max -0.01
============================================================================
======================= nom_tt_025C_1v80 Corner ===================================

No paths found.


===========================================================================
 report_check_types -max_slew -max_cap -max_fanout -violators
============================================================================
======================= nom_tt_025C_1v80 Corner ===================================



===========================================================================
report_parasitic_annotation -report_unannotated
============================================================================
Found 1 unannotated drivers.
 clkload0/X
Found 0 partially unannotated drivers.

===========================================================================
max slew violation count 0
Writing metric design__max_slew_violation__count__corner:nom_tt_025C_1v80: 0
max fanout violation count 0
Writing metric design__max_fanout_violation__count__corner:nom_tt_025C_1v80: 0
max cap violation count 0
Writing metric design__max_cap_violation__count__corner:nom_tt_025C_1v80: 0
============================================================================

===========================================================================
check_setup -verbose -unconstrained_endpoints -multiple_clock -no_clock -no_input_delay -loops -generated_clocks
===========================================================================
