                                                                        Cells by Master                                                                         
┏━━━━━━━━━━━━━━━━━━━━━━━━━━━━━━━━━━━━━━━━━━━━━━━━━━━━━━━━━━━━━━━━━━━━━━━━━━━━━━━━━━━━━━━━━━━━━━━━━━━━━━━━━━━━━━━━━━━━━━━━━━━━━━━━━━┳━━━━━━━━━━━━━━━━━━━━━━━━━━━┓
┃ Cell                                                                                                                             ┃ Count                     ┃
┡━━━━━━━━━━━━━━━━━━━━━━━━━━━━━━━━━━━━━━━━━━━━━━━━━━━━━━━━━━━━━━━━━━━━━━━━━━━━━━━━━━━━━━━━━━━━━━━━━━━━━━━━━━━━━━━━━━━━━━━━━━━━━━━━━━╇━━━━━━━━━━━━━━━━━━━━━━━━━━━┩
│ sky130_ef_sc_hd__decap_12                                                                                                        │ 1379                      │
│ sky130_fd_sc_hd__a2111o_1                                                                                                        │ 1                         │
│ sky130_fd_sc_hd__a2111oi_1                                                                                                       │ 1                         │
│ sky130_fd_sc_hd__a211o_1                                                                                                         │ 41                        │
│ sky130_fd_sc_hd__a211o_4                                                                                                         │ 18                        │
│ sky130_fd_sc_hd__a211oi_1                                                                                                        │ 5                         │
│ sky130_fd_sc_hd__a211oi_2                                                                                                        │ 11                        │
│ sky130_fd_sc_hd__a211oi_4                                                                                                        │ 10                        │
│ sky130_fd_sc_hd__a21bo_1                                                                                                         │ 73                        │
│ sky130_fd_sc_hd__a21bo_2                                                                                                         │ 1                         │
│ sky130_fd_sc_hd__a21boi_1                                                                                                        │ 8                         │
│ sky130_fd_sc_hd__a21boi_2                                                                                                        │ 1                         │
│ sky130_fd_sc_hd__a21boi_4                                                                                                        │ 1                         │
│ sky130_fd_sc_hd__a21o_1                                                                                                          │ 223                       │
│ sky130_fd_sc_hd__a21o_2                                                                                                          │ 2                         │
│ sky130_fd_sc_hd__a21o_4                                                                                                          │ 1                         │
│ sky130_fd_sc_hd__a21oi_1                                                                                                         │ 150                       │
│ sky130_fd_sc_hd__a21oi_2                                                                                                         │ 22                        │
│ sky130_fd_sc_hd__a21oi_4                                                                                                         │ 4                         │
│ sky130_fd_sc_hd__a221oi_2                                                                                                        │ 1                         │
│ sky130_fd_sc_hd__a22o_1                                                                                                          │ 49                        │
│ sky130_fd_sc_hd__a22o_4                                                                                                          │ 1                         │
│ sky130_fd_sc_hd__a22oi_1                                                                                                         │ 28                        │
│ sky130_fd_sc_hd__a22oi_2                                                                                                         │ 19                        │
│ sky130_fd_sc_hd__a2bb2o_1                                                                                                        │ 6                         │
│ sky130_fd_sc_hd__a311o_1                                                                                                         │ 1                         │
│ sky130_fd_sc_hd__a311oi_4                                                                                                        │ 1                         │
│ sky130_fd_sc_hd__a31o_1                                                                                                          │ 33                        │
│ sky130_fd_sc_hd__a31oi_1                                                                                                         │ 1                         │
│ sky130_fd_sc_hd__a31oi_2                                                                                                         │ 2                         │
│ sky130_fd_sc_hd__a31oi_4                                                                                                         │ 1                         │
│ sky130_fd_sc_hd__a32oi_1                                                                                                         │ 1                         │
│ sky130_fd_sc_hd__a32oi_2                                                                                                         │ 2                         │
│ sky130_fd_sc_hd__a32oi_4                                                                                                         │ 1                         │
│ sky130_fd_sc_hd__and2_1                                                                                                          │ 80                        │
│ sky130_fd_sc_hd__and2_4                                                                                                          │ 1                         │
│ sky130_fd_sc_hd__and2b_1                                                                                                         │ 107                       │
│ sky130_fd_sc_hd__and3_1                                                                                                          │ 112                       │
│ sky130_fd_sc_hd__and3_4                                                                                                          │ 7                         │
│ sky130_fd_sc_hd__and3b_1                                                                                                         │ 18                        │
│ sky130_fd_sc_hd__and4_1                                                                                                          │ 74                        │
│ sky130_fd_sc_hd__and4_2                                                                                                          │ 2                         │
│ sky130_fd_sc_hd__and4b_1                                                                                                         │ 2                         │
│ sky130_fd_sc_hd__and4bb_1                                                                                                        │ 39                        │
│ sky130_fd_sc_hd__buf_1                                                                                                           │ 22                        │
│ sky130_fd_sc_hd__buf_12                                                                                                          │ 3                         │
│ sky130_fd_sc_hd__buf_2                                                                                                           │ 120                       │
│ sky130_fd_sc_hd__buf_4                                                                                                           │ 12                        │
│ sky130_fd_sc_hd__buf_6                                                                                                           │ 20                        │
│ sky130_fd_sc_hd__buf_8                                                                                                           │ 13                        │
│ sky130_fd_sc_hd__clkbuf_1                                                                                                        │ 27                        │
│ sky130_fd_sc_hd__clkbuf_16                                                                                                       │ 3                         │
│ sky130_fd_sc_hd__clkbuf_2                                                                                                        │ 47                        │
│ sky130_fd_sc_hd__clkbuf_4                                                                                                        │ 31                        │
│ sky130_fd_sc_hd__clkbuf_8                                                                                                        │ 1                         │
│ sky130_fd_sc_hd__clkinv_4                                                                                                        │ 2                         │
│ sky130_fd_sc_hd__decap_3                                                                                                         │ 533                       │
│ sky130_fd_sc_hd__decap_4                                                                                                         │ 398                       │
│ sky130_fd_sc_hd__decap_6                                                                                                         │ 346                       │
│ sky130_fd_sc_hd__decap_8                                                                                                         │ 424                       │
│ sky130_fd_sc_hd__dfrtp_1                                                                                                         │ 12                        │
│ sky130_fd_sc_hd__dfrtp_4                                                                                                         │ 4                         │
│ sky130_fd_sc_hd__diode_2                                                                                                         │ 8                         │
│ sky130_fd_sc_hd__dlygate4sd1_1                                                                                                   │ 10                        │
│ sky130_fd_sc_hd__dlymetal6s2s_1                                                                                                  │ 14                        │
│ sky130_fd_sc_hd__dlymetal6s4s_1                                                                                                  │ 1                         │
│ sky130_fd_sc_hd__fill_1                                                                                                          │ 832                       │
│ sky130_fd_sc_hd__fill_2                                                                                                          │ 418                       │
│ sky130_fd_sc_hd__inv_2                                                                                                           │ 65                        │
│ sky130_fd_sc_hd__inv_4                                                                                                           │ 1                         │
│ sky130_fd_sc_hd__mux2_1                                                                                                          │ 2                         │
│ sky130_fd_sc_hd__mux2_4                                                                                                          │ 1                         │
│ sky130_fd_sc_hd__nand2_1                                                                                                         │ 199                       │
│ sky130_fd_sc_hd__nand2_2                                                                                                         │ 2                         │
│ sky130_fd_sc_hd__nand2_4                                                                                                         │ 1                         │
│ sky130_fd_sc_hd__nand2b_1                                                                                                        │ 169                       │
│ sky130_fd_sc_hd__nand2b_4                                                                                                        │ 3                         │
│ sky130_fd_sc_hd__nand3_1                                                                                                         │ 115                       │
│ sky130_fd_sc_hd__nand3_2                                                                                                         │ 29                        │
│ sky130_fd_sc_hd__nand3_4                                                                                                         │ 7                         │
│ sky130_fd_sc_hd__nand3b_1                                                                                                        │ 9                         │
│ sky130_fd_sc_hd__nand3b_2                                                                                                        │ 3                         │
│ sky130_fd_sc_hd__nand4_1                                                                                                         │ 17                        │
│ sky130_fd_sc_hd__nand4_2                                                                                                         │ 3                         │
│ sky130_fd_sc_hd__nand4_4                                                                                                         │ 1                         │
│ sky130_fd_sc_hd__nor2_1                                                                                                          │ 197                       │
│ sky130_fd_sc_hd__nor2_2                                                                                                          │ 3                         │
│ sky130_fd_sc_hd__nor2_4                                                                                                          │ 2                         │
│ sky130_fd_sc_hd__nor3_1                                                                                                          │ 16                        │
│ sky130_fd_sc_hd__nor3_2                                                                                                          │ 3                         │
│ sky130_fd_sc_hd__nor3_4                                                                                                          │ 3                         │
│ sky130_fd_sc_hd__nor3b_1                                                                                                         │ 3                         │
│ sky130_fd_sc_hd__nor3b_2                                                                                                         │ 2                         │
│ sky130_fd_sc_hd__nor3b_4                                                                                                         │ 3                         │
│ sky130_fd_sc_hd__nor4_1                                                                                                          │ 3                         │
│ sky130_fd_sc_hd__nor4_2                                                                                                          │ 1                         │
│ sky130_fd_sc_hd__o211a_1                                                                                                         │ 30                        │
│ sky130_fd_sc_hd__o211a_4                                                                                                         │ 4                         │
│ sky130_fd_sc_hd__o211ai_1                                                                                                        │ 8                         │
│ sky130_fd_sc_hd__o211ai_2                                                                                                        │ 29                        │
│ sky130_fd_sc_hd__o211ai_4                                                                                                        │ 7                         │
│ sky130_fd_sc_hd__o21a_1                                                                                                          │ 51                        │
│ sky130_fd_sc_hd__o21ai_1                                                                                                         │ 53                        │
│ sky130_fd_sc_hd__o21ai_2                                                                                                         │ 7                         │
│ sky130_fd_sc_hd__o21ba_1                                                                                                         │ 22                        │
│ sky130_fd_sc_hd__o21ba_4                                                                                                         │ 3                         │
│ sky130_fd_sc_hd__o21bai_1                                                                                                        │ 27                        │
│ sky130_fd_sc_hd__o21bai_2                                                                                                        │ 2                         │
│ sky130_fd_sc_hd__o21bai_4                                                                                                        │ 1                         │
│ sky130_fd_sc_hd__o221a_1                                                                                                         │ 1                         │
│ sky130_fd_sc_hd__o22a_1                                                                                                          │ 21                        │
│ sky130_fd_sc_hd__o22ai_1                                                                                                         │ 1                         │
│ sky130_fd_sc_hd__o2bb2a_1                                                                                                        │ 14                        │
│ sky130_fd_sc_hd__o2bb2a_4                                                                                                        │ 1                         │
│ sky130_fd_sc_hd__o311a_1                                                                                                         │ 1                         │
│ sky130_fd_sc_hd__o31a_1                                                                                                          │ 2                         │
│ sky130_fd_sc_hd__o31a_4                                                                                                          │ 2                         │
│ sky130_fd_sc_hd__o31ai_2                                                                                                         │ 2                         │
│ sky130_fd_sc_hd__o31ai_4                                                                                                         │ 1                         │
│ sky130_fd_sc_hd__o32a_1                                                                                                          │ 3                         │
│ sky130_fd_sc_hd__o41a_1                                                                                                          │ 2                         │
│ sky130_fd_sc_hd__or2_1                                                                                                           │ 63                        │
│ sky130_fd_sc_hd__or2_4                                                                                                           │ 1                         │
│ sky130_fd_sc_hd__or3_1                                                                                                           │ 41                        │
│ sky130_fd_sc_hd__or3_4                                                                                                           │ 13                        │
│ sky130_fd_sc_hd__or3b_1                                                                                                          │ 10                        │
│ sky130_fd_sc_hd__or3b_4                                                                                                          │ 1                         │
│ sky130_fd_sc_hd__or4_1                                                                                                           │ 2                         │
│ sky130_fd_sc_hd__or4_4                                                                                                           │ 3                         │
│ sky130_fd_sc_hd__or4b_1                                                                                                          │ 1                         │
│ sky130_fd_sc_hd__or4b_4                                                                                                          │ 2                         │
│ sky130_fd_sc_hd__or4bb_1                                                                                                         │ 7                         │
│ sky130_fd_sc_hd__tapvpwrvgnd_1                                                                                                   │ 828                       │
│ sky130_fd_sc_hd__xnor2_1                                                                                                         │ 299                       │
│ sky130_fd_sc_hd__xnor2_2                                                                                                         │ 44                        │
│ sky130_fd_sc_hd__xnor2_4                                                                                                         │ 2                         │
│ sky130_fd_sc_hd__xor2_1                                                                                                          │ 134                       │
│ sky130_fd_sc_hd__xor2_2                                                                                                          │ 33                        │
│ sky130_fd_sc_hd__xor2_4                                                                                                          │ 1                         │
└──────────────────────────────────────────────────────────────────────────────────────────────────────────────────────────────────┴───────────────────────────┘
