Clock: clk
Sources: clk 
Generated: no
Virtual: yes
Propagated: no
Period: 20.000000

===========================================================================
report_clock_properties
============================================================================
Clock                   Period          Waveform
----------------------------------------------------
clk                  20.000000    0.000000 10.000000

===========================================================================
report_clock_latency
============================================================================
Clock clk
rise -> rise
    min     max
0.000000 0.000000 source latency
0.529113         network latency y_out_sky130_fd_sc_hd__dfrtp_2_Q_6/CLK
        0.532272 network latency y_out_sky130_fd_sc_hd__dfrtp_2_Q_15/CLK
---------------
0.529113 0.532272 latency
        0.003159 skew

fall -> fall
    min     max
0.000000 0.000000 source latency
0.436777         network latency y_out_sky130_fd_sc_hd__dfrtp_2_Q_6/CLK
        0.439436 network latency y_out_sky130_fd_sc_hd__dfrtp_2_Q_15/CLK
---------------
0.436777 0.439436 latency
        0.002659 skew



===========================================================================
report_clock_min_period
============================================================================
clk period_min = 6.86 fmax = 145.70
