Clock: clk
Sources: clk 
Generated: no
Virtual: yes
Propagated: no
Period: 16.000000

===========================================================================
report_clock_properties
============================================================================
Clock                   Period          Waveform
----------------------------------------------------
clk                  16.000000    0.000000  8.000000

===========================================================================
report_clock_latency
============================================================================
Clock clk
rise -> rise
    min     max
0.000000 0.000000 source latency
0.236325         network latency y_out_sky130_fd_sc_hd__dfrtp_2_Q_7/CLK
        0.238134 network latency y_out_sky130_fd_sc_hd__dfrtp_2_Q_15/CLK
---------------
0.236325 0.238134 latency
        0.001810 skew

fall -> fall
    min     max
0.000000 0.000000 source latency
0.220272         network latency y_out_sky130_fd_sc_hd__dfrtp_2_Q_7/CLK
        0.221740 network latency y_out_sky130_fd_sc_hd__dfrtp_2_Q_15/CLK
---------------
0.220272 0.221740 latency
        0.001468 skew



===========================================================================
report_clock_min_period
============================================================================
clk period_min = 4.43 fmax = 225.91
