Clock: clk
Sources: clk 
Generated: no
Virtual: yes
Propagated: no
Period: 20.000000

===========================================================================
report_clock_properties
============================================================================
Clock                   Period          Waveform
----------------------------------------------------
clk                  20.000000    0.000000 10.000000

===========================================================================
report_clock_latency
============================================================================
Clock clk
rise -> rise
    min     max
0.000000 0.000000 source latency
0.286463         network latency y_out_sky130_fd_sc_hd__dfrtp_2_Q_7/CLK
        0.292530 network latency y_out_sky130_fd_sc_hd__dfrtp_2_Q_15/CLK
---------------
0.286463 0.292530 latency
        0.006067 skew

fall -> fall
    min     max
0.000000 0.000000 source latency
0.250774         network latency y_out_sky130_fd_sc_hd__dfrtp_2_Q_7/CLK
        0.256104 network latency y_out_sky130_fd_sc_hd__dfrtp_2_Q_15/CLK
---------------
0.250774 0.256104 latency
        0.005330 skew



===========================================================================
report_clock_min_period
============================================================================
clk period_min = 4.63 fmax = 215.85
