Reading OpenROAD database at '/home/asic/workspace/asic_project/runs/RUN_2025-05-14_18-18-41/49-odb-reportdisconnectedpins/dynamic_noise_reduction.odb'…
Reading library file at '/foss/pdks/volare/sky130/versions/0fe599b2afb6708d281543108caf8310912f54af/sky130A/libs.ref/sky130_fd_sc_hd/lib/sky130_fd_sc_hd__tt_025C_1v80.lib'…
Reading design constraints file at '/usr/local/lib/python3.12/dist-packages/openlane/scripts/base.sdc'…
[INFO] Using clock clk…
[INFO] Setting output delay to: 2
[INFO] Setting input delay to: 2
[INFO] Setting load to: 0.033442
[INFO] Setting clock uncertainty to: 0.25
[INFO] Setting clock transition to: 0.1499999999999999944488848768742172978818416595458984375
[INFO] Setting timing derate to: 5%
sky130_ef_sc_hd__decap_12 sky130_fd_sc_hd__decap_8 sky130_fd_sc_hd__decap_6 sky130_fd_sc_hd__decap_4 sky130_fd_sc_hd__decap_3 sky130_fd_sc_hd__fill*
[INFO DPL-0001] Placed 5854 filler instances.
Setting global connections for newly added cells…
[INFO] Setting global connections...
Updating metrics…
Cell type report:                       Count       Area
  Fill cell                              6058   53055.88
  Tap cell                               1144    1431.37
  Antenna cell                             10      25.02
  Clock buffer                              4      88.84
  Timing Repair Buffer                    316    2088.25
  Inverter                                 68     260.25
  Sequential cell                          16     422.91
  Multi-Input combinational cell         2911   22774.34
  Total                                 10527   80146.87
Writing OpenROAD database to '/home/asic/workspace/asic_project/runs/RUN_2025-05-14_18-18-41/53-openroad-fillinsertion/dynamic_noise_reduction.odb'…
Writing netlist to '/home/asic/workspace/asic_project/runs/RUN_2025-05-14_18-18-41/53-openroad-fillinsertion/dynamic_noise_reduction.nl.v'…
Writing powered netlist to '/home/asic/workspace/asic_project/runs/RUN_2025-05-14_18-18-41/53-openroad-fillinsertion/dynamic_noise_reduction.pnl.v'…
Writing layout to '/home/asic/workspace/asic_project/runs/RUN_2025-05-14_18-18-41/53-openroad-fillinsertion/dynamic_noise_reduction.def'…
Writing timing constraints to '/home/asic/workspace/asic_project/runs/RUN_2025-05-14_18-18-41/53-openroad-fillinsertion/dynamic_noise_reduction.sdc'…
