Clock: clk
Sources: clk 
Generated: no
Virtual: yes
Propagated: no
Period: 30.000000

===========================================================================
report_clock_properties
============================================================================
Clock                   Period          Waveform
----------------------------------------------------
clk                  30.000000    0.000000 15.000000

===========================================================================
report_clock_latency
============================================================================
Clock clk
rise -> rise
    min     max
0.000000 0.000000 source latency
0.549016         network latency y_out_sky130_fd_sc_hd__dfrtp_2_Q_7/CLK
        0.552977 network latency y_out_sky130_fd_sc_hd__dfrtp_2_Q_15/CLK
---------------
0.549016 0.552977 latency
        0.003961 skew

fall -> fall
    min     max
0.000000 0.000000 source latency
0.453875         network latency y_out_sky130_fd_sc_hd__dfrtp_2_Q_7/CLK
        0.456941 network latency y_out_sky130_fd_sc_hd__dfrtp_2_Q_15/CLK
---------------
0.453875 0.456941 latency
        0.003066 skew



===========================================================================
report_clock_min_period
============================================================================
clk period_min = 8.34 fmax = 119.96
