Clock: clk
Sources: clk 
Generated: no
Virtual: yes
Propagated: no
Period: 20.000000

===========================================================================
report_clock_properties
============================================================================
Clock                   Period          Waveform
----------------------------------------------------
clk                  20.000000    0.000000 10.000000

===========================================================================
report_clock_latency
============================================================================
Clock clk
rise -> rise
    min     max
0.000000 0.000000 source latency
0.510212         network latency y_out_sky130_fd_sc_hd__dfrtp_2_Q_5/CLK
        0.512091 network latency y_out_sky130_fd_sc_hd__dfrtp_2_Q/CLK
---------------
0.510212 0.512091 latency
        0.001879 skew

fall -> fall
    min     max
0.000000 0.000000 source latency
0.429094         network latency y_out_sky130_fd_sc_hd__dfrtp_2_Q_5/CLK
        0.430895 network latency y_out_sky130_fd_sc_hd__dfrtp_2_Q/CLK
---------------
0.429094 0.430895 latency
        0.001801 skew



===========================================================================
report_clock_min_period
============================================================================
clk period_min = 7.50 fmax = 133.33
