
===========================================================================
report_checks -unconstrained
===========================================================================
======================= nom_tt_025C_1v80 Corner ===================================

Startpoint: reset (input port clocked by clk)
Endpoint: y_out_sky130_fd_sc_hd__dfrtp_2_Q_5
          (recovery check against rising-edge clock clk)
Path Group: asynchronous
Path Type: max

Fanout         Cap        Slew       Delay        Time   Description
---------------------------------------------------------------------------------------------
                                  0.000000    0.000000   clock clk (rise edge)
                                  0.000000    0.000000   clock network delay (propagated)
                                  4.000000    4.000000 v input external delay
     1    0.003796    0.010942    0.006130    4.006130 v reset (in)
                                                         reset (net)
                      0.010947    0.000000    4.006130 v input17/A (sky130_fd_sc_hd__buf_4)
     3    0.062256    0.088380    0.174524    4.180655 v input17/X (sky130_fd_sc_hd__buf_4)
                                                         net17 (net)
                      0.093697    0.016607    4.197262 v fanout220/A (sky130_fd_sc_hd__clkbuf_8)
    10    0.074626    0.088763    0.210734    4.407995 v fanout220/X (sky130_fd_sc_hd__clkbuf_8)
                                                         net220 (net)
                      0.090169    0.008756    4.416751 v y_out_sky130_fd_sc_hd__dfrtp_2_Q_5_RESET_B_sky130_fd_sc_hd__inv_2_Y/A (sky130_fd_sc_hd__inv_2)
     1    0.005389    0.040429    0.066602    4.483353 ^ y_out_sky130_fd_sc_hd__dfrtp_2_Q_5_RESET_B_sky130_fd_sc_hd__inv_2_Y/Y (sky130_fd_sc_hd__inv_2)
                                                         y_out_sky130_fd_sc_hd__dfrtp_2_Q_5_RESET_B (net)
                      0.040429    0.000173    4.483526 ^ y_out_sky130_fd_sc_hd__dfrtp_2_Q_5/RESET_B (sky130_fd_sc_hd__dfrtp_4)
                                              4.483526   data arrival time

                                 20.000000   20.000000   clock clk (rise edge)
                                  0.000000   20.000000   clock source latency
     2    0.059912    0.273388    0.191347   20.191347 ^ clk (in)
                                                         clk (net)
                      0.273474    0.000000   20.191347 ^ clkbuf_0_clk/A (sky130_fd_sc_hd__clkbuf_16)
     2    0.030390    0.054860    0.208628   20.399975 ^ clkbuf_0_clk/X (sky130_fd_sc_hd__clkbuf_16)
                                                         clknet_0_clk (net)
                      0.054882    0.001570   20.401546 ^ clkbuf_1_0__f_clk/A (sky130_fd_sc_hd__clkbuf_16)
     8    0.032967    0.053543    0.139799   20.541346 ^ clkbuf_1_0__f_clk/X (sky130_fd_sc_hd__clkbuf_16)
                                                         clknet_1_0__leaf_clk (net)
                      0.053551    0.001169   20.542515 ^ y_out_sky130_fd_sc_hd__dfrtp_2_Q_5/CLK (sky130_fd_sc_hd__dfrtp_4)
                                 -0.250000   20.292515   clock uncertainty
                                  0.000000   20.292515   clock reconvergence pessimism
                                  0.221293   20.513807   library recovery time
                                             20.513807   data required time
---------------------------------------------------------------------------------------------
                                             20.513807   data required time
                                             -4.483526   data arrival time
---------------------------------------------------------------------------------------------
                                             16.030281   slack (MET)


Startpoint: alpha[4] (input port clocked by clk)
Endpoint: y_out_sky130_fd_sc_hd__dfrtp_2_Q
          (rising edge-triggered flip-flop clocked by clk)
Path Group: clk
Path Type: max

Fanout         Cap        Slew       Delay        Time   Description
---------------------------------------------------------------------------------------------
                                  0.000000    0.000000   clock clk (rise edge)
                                  0.000000    0.000000   clock network delay (propagated)
                                  4.000000    4.000000 ^ input external delay
     1    0.003396    0.022313    0.012415    4.012415 ^ alpha[4] (in)
                                                         alpha[4] (net)
                      0.022313    0.000000    4.012415 ^ input11/A (sky130_fd_sc_hd__dlymetal6s2s_1)
     1    0.016558    0.182815    0.177619    4.190034 ^ input11/X (sky130_fd_sc_hd__dlymetal6s2s_1)
                                                         net11 (net)
                      0.182840    0.001704    4.191738 ^ fanout264/A (sky130_fd_sc_hd__buf_4)
     6    0.052758    0.150701    0.234356    4.426094 ^ fanout264/X (sky130_fd_sc_hd__buf_4)
                                                         net264 (net)
                      0.150954    0.005052    4.431145 ^ fanout259/A (sky130_fd_sc_hd__buf_4)
     8    0.068391    0.192424    0.248133    4.679278 ^ fanout259/X (sky130_fd_sc_hd__buf_4)
                                                         net259 (net)
                      0.192430    0.000970    4.680248 ^ fanout257/A (sky130_fd_sc_hd__clkbuf_4)
    10    0.043960    0.140641    0.254173    4.934422 ^ fanout257/X (sky130_fd_sc_hd__clkbuf_4)
                                                         net257 (net)
                      0.141193    0.007149    4.941570 ^ y_out_sky130_fd_sc_hd__dfrtp_2_Q_5_D_sky130_fd_sc_hd__xnor2_2_Y_A_sky130_fd_sc_hd__nor2_2_Y_B_sky130_fd_sc_hd__and3_2_X_C_sky130_fd_sc_hd__nand2_2_Y_A_sky130_fd_sc_hd__a21oi_2_Y_A1_sky130_fd_sc_hd__nand2b_2_Y_A_N_sky130_fd_sc_hd__o21ba_2_X_A1_sky130_fd_sc_hd__a21oi_2_Y_B1_sky130_fd_sc_hd__and3_2_X_B_sky130_fd_sc_hd__a21bo_2_X_A2_sky130_fd_sc_hd__a21o_2_X_B1_sky130_fd_sc_hd__a31o_2_X_B1_sky130_fd_sc_hd__and4_2_X/D (sky130_fd_sc_hd__and4_1)
     2    0.007196    0.092425    0.237869    5.179439 ^ y_out_sky130_fd_sc_hd__dfrtp_2_Q_5_D_sky130_fd_sc_hd__xnor2_2_Y_A_sky130_fd_sc_hd__nor2_2_Y_B_sky130_fd_sc_hd__and3_2_X_C_sky130_fd_sc_hd__nand2_2_Y_A_sky130_fd_sc_hd__a21oi_2_Y_A1_sky130_fd_sc_hd__nand2b_2_Y_A_N_sky130_fd_sc_hd__o21ba_2_X_A1_sky130_fd_sc_hd__a21oi_2_Y_B1_sky130_fd_sc_hd__and3_2_X_B_sky130_fd_sc_hd__a21bo_2_X_A2_sky130_fd_sc_hd__a21o_2_X_B1_sky130_fd_sc_hd__a31o_2_X_B1_sky130_fd_sc_hd__and4_2_X/X (sky130_fd_sc_hd__and4_1)
                                                         y_out_sky130_fd_sc_hd__dfrtp_2_Q_5_D_sky130_fd_sc_hd__xnor2_2_Y_A_sky130_fd_sc_hd__nor2_2_Y_B_sky130_fd_sc_hd__and3_2_X_C_sky130_fd_sc_hd__nand2_2_Y_A_sky130_fd_sc_hd__a21oi_2_Y_A1_sky130_fd_sc_hd__nand2b_2_Y_A_N_sky130_fd_sc_hd__o21ba_2_X_A1_sky130_fd_sc_hd__a21oi_2_Y_B1_sky130_fd_sc_hd__and3_2_X_B_sky130_fd_sc_hd__a21bo_2_X_A2_sky130_fd_sc_hd__a21o_2_X_B1_sky130_fd_sc_hd__a31o_2_X_B1 (net)
                      0.092425    0.000218    5.179657 ^ y_out_sky130_fd_sc_hd__dfrtp_2_Q_5_D_sky130_fd_sc_hd__xnor2_2_Y_A_sky130_fd_sc_hd__nor2_2_Y_B_sky130_fd_sc_hd__and3_2_X_C_sky130_fd_sc_hd__nand2_2_Y_A_sky130_fd_sc_hd__a21oi_2_Y_A1_sky130_fd_sc_hd__nand2b_2_Y_A_N_sky130_fd_sc_hd__o21ba_2_X_A1_sky130_fd_sc_hd__a21oi_2_Y_B1_sky130_fd_sc_hd__and3_2_X_B_sky130_fd_sc_hd__a21bo_2_X_A2_sky130_fd_sc_hd__a21o_2_X_B1_sky130_fd_sc_hd__a31o_2_X_A3_sky130_fd_sc_hd__nand2b_2_B/A_N (sky130_fd_sc_hd__nand2b_1)
     1    0.006963    0.085967    0.136920    5.316576 ^ y_out_sky130_fd_sc_hd__dfrtp_2_Q_5_D_sky130_fd_sc_hd__xnor2_2_Y_A_sky130_fd_sc_hd__nor2_2_Y_B_sky130_fd_sc_hd__and3_2_X_C_sky130_fd_sc_hd__nand2_2_Y_A_sky130_fd_sc_hd__a21oi_2_Y_A1_sky130_fd_sc_hd__nand2b_2_Y_A_N_sky130_fd_sc_hd__o21ba_2_X_A1_sky130_fd_sc_hd__a21oi_2_Y_B1_sky130_fd_sc_hd__and3_2_X_B_sky130_fd_sc_hd__a21bo_2_X_A2_sky130_fd_sc_hd__a21o_2_X_B1_sky130_fd_sc_hd__a31o_2_X_A3_sky130_fd_sc_hd__nand2b_2_B/Y (sky130_fd_sc_hd__nand2b_1)
                                                         y_out_sky130_fd_sc_hd__dfrtp_2_Q_5_D_sky130_fd_sc_hd__xnor2_2_Y_A_sky130_fd_sc_hd__nor2_2_Y_B_sky130_fd_sc_hd__and3_2_X_C_sky130_fd_sc_hd__nand2_2_Y_A_sky130_fd_sc_hd__a21oi_2_Y_A1_sky130_fd_sc_hd__nand2b_2_Y_A_N_sky130_fd_sc_hd__o21ba_2_X_A1_sky130_fd_sc_hd__a21oi_2_Y_B1_sky130_fd_sc_hd__and3_2_X_B_sky130_fd_sc_hd__a21bo_2_X_A2_sky130_fd_sc_hd__a21o_2_X_B1_sky130_fd_sc_hd__a31o_2_X_A3_sky130_fd_sc_hd__nand2b_2_B_Y (net)
                      0.085967    0.000253    5.316829 ^ y_out_sky130_fd_sc_hd__dfrtp_2_Q_5_D_sky130_fd_sc_hd__xnor2_2_Y_A_sky130_fd_sc_hd__nor2_2_Y_B_sky130_fd_sc_hd__and3_2_X_C_sky130_fd_sc_hd__nand2_2_Y_A_sky130_fd_sc_hd__a21oi_2_Y_A1_sky130_fd_sc_hd__nand2b_2_Y_A_N_sky130_fd_sc_hd__o21ba_2_X_A1_sky130_fd_sc_hd__a21oi_2_Y_B1_sky130_fd_sc_hd__and3_2_X_B_sky130_fd_sc_hd__a21bo_2_X_A2_sky130_fd_sc_hd__a21o_2_X_B1_sky130_fd_sc_hd__a31o_2_X_A3_sky130_fd_sc_hd__nand2b_2_B_Y_sky130_fd_sc_hd__xor2_2_A/A (sky130_fd_sc_hd__xor2_1)
     3    0.009510    0.230120    0.229929    5.546758 ^ y_out_sky130_fd_sc_hd__dfrtp_2_Q_5_D_sky130_fd_sc_hd__xnor2_2_Y_A_sky130_fd_sc_hd__nor2_2_Y_B_sky130_fd_sc_hd__and3_2_X_C_sky130_fd_sc_hd__nand2_2_Y_A_sky130_fd_sc_hd__a21oi_2_Y_A1_sky130_fd_sc_hd__nand2b_2_Y_A_N_sky130_fd_sc_hd__o21ba_2_X_A1_sky130_fd_sc_hd__a21oi_2_Y_B1_sky130_fd_sc_hd__and3_2_X_B_sky130_fd_sc_hd__a21bo_2_X_A2_sky130_fd_sc_hd__a21o_2_X_B1_sky130_fd_sc_hd__a31o_2_X_A3_sky130_fd_sc_hd__nand2b_2_B_Y_sky130_fd_sc_hd__xor2_2_A/X (sky130_fd_sc_hd__xor2_1)
                                                         y_out_sky130_fd_sc_hd__dfrtp_2_Q_5_D_sky130_fd_sc_hd__xnor2_2_Y_A_sky130_fd_sc_hd__nor2_2_Y_B_sky130_fd_sc_hd__and3_2_X_C_sky130_fd_sc_hd__nand2_2_Y_A_sky130_fd_sc_hd__a21oi_2_Y_A1_sky130_fd_sc_hd__nand2b_2_Y_A_N_sky130_fd_sc_hd__o21ba_2_X_A1_sky130_fd_sc_hd__a21oi_2_Y_B1_sky130_fd_sc_hd__and3_2_X_B_sky130_fd_sc_hd__a21bo_2_X_A2_sky130_fd_sc_hd__a21o_2_X_B1_sky130_fd_sc_hd__a31o_2_X_A3_sky130_fd_sc_hd__nand2b_2_B_Y_sky130_fd_sc_hd__xor2_2_A_X (net)
                      0.230121    0.000357    5.547114 ^ y_out_sky130_fd_sc_hd__dfrtp_2_Q_7_D_sky130_fd_sc_hd__xnor2_2_Y_A_sky130_fd_sc_hd__xor2_2_X_B_sky130_fd_sc_hd__xnor2_2_Y_A_sky130_fd_sc_hd__a21oi_2_Y_A1_sky130_fd_sc_hd__nand2b_2_Y_A_N_sky130_fd_sc_hd__nor2_2_Y_A_sky130_fd_sc_hd__and2b_2_X_B_sky130_fd_sc_hd__a21bo_2_X_A2_sky130_fd_sc_hd__a21o_2_X_B1_sky130_fd_sc_hd__a21o_2_X_A1_sky130_fd_sc_hd__xnor2_2_A_Y_sky130_fd_sc_hd__nor3b_2_C_N_B_sky130_fd_sc_hd__a21oi_2_Y_A1_sky130_fd_sc_hd__or3b_2_X/C_N (sky130_fd_sc_hd__or3b_1)
     2    0.007656    0.093306    0.408527    5.955641 v y_out_sky130_fd_sc_hd__dfrtp_2_Q_7_D_sky130_fd_sc_hd__xnor2_2_Y_A_sky130_fd_sc_hd__xor2_2_X_B_sky130_fd_sc_hd__xnor2_2_Y_A_sky130_fd_sc_hd__a21oi_2_Y_A1_sky130_fd_sc_hd__nand2b_2_Y_A_N_sky130_fd_sc_hd__nor2_2_Y_A_sky130_fd_sc_hd__and2b_2_X_B_sky130_fd_sc_hd__a21bo_2_X_A2_sky130_fd_sc_hd__a21o_2_X_B1_sky130_fd_sc_hd__a21o_2_X_A1_sky130_fd_sc_hd__xnor2_2_A_Y_sky130_fd_sc_hd__nor3b_2_C_N_B_sky130_fd_sc_hd__a21oi_2_Y_A1_sky130_fd_sc_hd__or3b_2_X/X (sky130_fd_sc_hd__or3b_1)
                                                         y_out_sky130_fd_sc_hd__dfrtp_2_Q_7_D_sky130_fd_sc_hd__xnor2_2_Y_A_sky130_fd_sc_hd__xor2_2_X_B_sky130_fd_sc_hd__xnor2_2_Y_A_sky130_fd_sc_hd__a21oi_2_Y_A1_sky130_fd_sc_hd__nand2b_2_Y_A_N_sky130_fd_sc_hd__nor2_2_Y_A_sky130_fd_sc_hd__and2b_2_X_B_sky130_fd_sc_hd__a21bo_2_X_A2_sky130_fd_sc_hd__a21o_2_X_B1_sky130_fd_sc_hd__a21o_2_X_A1_sky130_fd_sc_hd__xnor2_2_A_Y_sky130_fd_sc_hd__nor3b_2_C_N_B_sky130_fd_sc_hd__a21oi_2_Y_A1 (net)
                      0.093306    0.000203    5.955844 v y_out_sky130_fd_sc_hd__dfrtp_2_Q_7_D_sky130_fd_sc_hd__xnor2_2_Y_A_sky130_fd_sc_hd__xor2_2_X_B_sky130_fd_sc_hd__xnor2_2_Y_A_sky130_fd_sc_hd__a21oi_2_Y_A1_sky130_fd_sc_hd__nand2b_2_Y_A_N_sky130_fd_sc_hd__nor2_2_Y_A_sky130_fd_sc_hd__and2b_2_X_B_sky130_fd_sc_hd__a21bo_2_X_A2_sky130_fd_sc_hd__a21o_2_X_B1_sky130_fd_sc_hd__a21o_2_X_A1_sky130_fd_sc_hd__xnor2_2_A_Y_sky130_fd_sc_hd__nor3b_2_C_N_B_sky130_fd_sc_hd__a21oi_2_Y_A1_sky130_fd_sc_hd__and3_2_A/A (sky130_fd_sc_hd__and3_1)
     4    0.016174    0.092934    0.216639    6.172483 v y_out_sky130_fd_sc_hd__dfrtp_2_Q_7_D_sky130_fd_sc_hd__xnor2_2_Y_A_sky130_fd_sc_hd__xor2_2_X_B_sky130_fd_sc_hd__xnor2_2_Y_A_sky130_fd_sc_hd__a21oi_2_Y_A1_sky130_fd_sc_hd__nand2b_2_Y_A_N_sky130_fd_sc_hd__nor2_2_Y_A_sky130_fd_sc_hd__and2b_2_X_B_sky130_fd_sc_hd__a21bo_2_X_A2_sky130_fd_sc_hd__a21o_2_X_B1_sky130_fd_sc_hd__a21o_2_X_A1_sky130_fd_sc_hd__xnor2_2_A_Y_sky130_fd_sc_hd__nor3b_2_C_N_B_sky130_fd_sc_hd__a21oi_2_Y_A1_sky130_fd_sc_hd__and3_2_A/X (sky130_fd_sc_hd__and3_1)
                                                         y_out_sky130_fd_sc_hd__dfrtp_2_Q_7_D_sky130_fd_sc_hd__xnor2_2_Y_A_sky130_fd_sc_hd__xor2_2_X_B_sky130_fd_sc_hd__xnor2_2_Y_A_sky130_fd_sc_hd__a21oi_2_Y_A1_sky130_fd_sc_hd__nand2b_2_Y_A_N_sky130_fd_sc_hd__nor2_2_Y_A_sky130_fd_sc_hd__and2b_2_X_B_sky130_fd_sc_hd__a21bo_2_X_A2_sky130_fd_sc_hd__a21o_2_X_B1_sky130_fd_sc_hd__a21o_2_X_A1_sky130_fd_sc_hd__xnor2_2_A_Y_sky130_fd_sc_hd__nor3b_2_C_N_B_sky130_fd_sc_hd__a21oi_2_Y_A1_sky130_fd_sc_hd__and3_2_A_X (net)
                      0.092935    0.000531    6.173014 v y_out_sky130_fd_sc_hd__dfrtp_2_Q_7_D_sky130_fd_sc_hd__xnor2_2_Y_A_sky130_fd_sc_hd__xor2_2_X_B_sky130_fd_sc_hd__xnor2_2_Y_A_sky130_fd_sc_hd__a21oi_2_Y_A1_sky130_fd_sc_hd__nand2b_2_Y_A_N_sky130_fd_sc_hd__nor2_2_Y_A_sky130_fd_sc_hd__and2b_2_X_B_sky130_fd_sc_hd__a21bo_2_X_A2_sky130_fd_sc_hd__a21o_2_X_B1_sky130_fd_sc_hd__a21o_2_X_A1_sky130_fd_sc_hd__xnor2_2_A_Y_sky130_fd_sc_hd__nor3b_2_C_N/A (sky130_fd_sc_hd__nor3b_2)
     4    0.018986    0.348624    0.361295    6.534309 ^ y_out_sky130_fd_sc_hd__dfrtp_2_Q_7_D_sky130_fd_sc_hd__xnor2_2_Y_A_sky130_fd_sc_hd__xor2_2_X_B_sky130_fd_sc_hd__xnor2_2_Y_A_sky130_fd_sc_hd__a21oi_2_Y_A1_sky130_fd_sc_hd__nand2b_2_Y_A_N_sky130_fd_sc_hd__nor2_2_Y_A_sky130_fd_sc_hd__and2b_2_X_B_sky130_fd_sc_hd__a21bo_2_X_A2_sky130_fd_sc_hd__a21o_2_X_B1_sky130_fd_sc_hd__a21o_2_X_A1_sky130_fd_sc_hd__xnor2_2_A_Y_sky130_fd_sc_hd__nor3b_2_C_N/Y (sky130_fd_sc_hd__nor3b_2)
                                                         y_out_sky130_fd_sc_hd__dfrtp_2_Q_7_D_sky130_fd_sc_hd__xnor2_2_Y_A_sky130_fd_sc_hd__xor2_2_X_B_sky130_fd_sc_hd__xnor2_2_Y_A_sky130_fd_sc_hd__a21oi_2_Y_A1_sky130_fd_sc_hd__nand2b_2_Y_A_N_sky130_fd_sc_hd__nor2_2_Y_A_sky130_fd_sc_hd__and2b_2_X_B_sky130_fd_sc_hd__a21bo_2_X_A2_sky130_fd_sc_hd__a21o_2_X_B1_sky130_fd_sc_hd__a21o_2_X_A1_sky130_fd_sc_hd__xnor2_2_A_Y_sky130_fd_sc_hd__nor3b_2_C_N_Y (net)
                      0.348626    0.000707    6.535016 ^ y_out_sky130_fd_sc_hd__dfrtp_2_Q_7_D_sky130_fd_sc_hd__xnor2_2_Y_A_sky130_fd_sc_hd__xor2_2_X_A_sky130_fd_sc_hd__a21oi_2_Y_A1_sky130_fd_sc_hd__a21oi_2_Y_A1_sky130_fd_sc_hd__nand2b_2_Y_A_N_sky130_fd_sc_hd__a21oi_2_Y_A1_sky130_fd_sc_hd__xor2_2_A_X_sky130_fd_sc_hd__and3_2_B_C_sky130_fd_sc_hd__o211ai_2_Y_C1_sky130_fd_sc_hd__or4_2_X_D_sky130_fd_sc_hd__o211a_2_X_C1_sky130_fd_sc_hd__a211oi_2_A2/B1 (sky130_fd_sc_hd__a211oi_2)
     4    0.015157    0.107432    0.130295    6.665311 v y_out_sky130_fd_sc_hd__dfrtp_2_Q_7_D_sky130_fd_sc_hd__xnor2_2_Y_A_sky130_fd_sc_hd__xor2_2_X_A_sky130_fd_sc_hd__a21oi_2_Y_A1_sky130_fd_sc_hd__a21oi_2_Y_A1_sky130_fd_sc_hd__nand2b_2_Y_A_N_sky130_fd_sc_hd__a21oi_2_Y_A1_sky130_fd_sc_hd__xor2_2_A_X_sky130_fd_sc_hd__and3_2_B_C_sky130_fd_sc_hd__o211ai_2_Y_C1_sky130_fd_sc_hd__or4_2_X_D_sky130_fd_sc_hd__o211a_2_X_C1_sky130_fd_sc_hd__a211oi_2_A2/Y (sky130_fd_sc_hd__a211oi_2)
                                                         y_out_sky130_fd_sc_hd__dfrtp_2_Q_7_D_sky130_fd_sc_hd__xnor2_2_Y_A_sky130_fd_sc_hd__xor2_2_X_A_sky130_fd_sc_hd__a21oi_2_Y_A1_sky130_fd_sc_hd__a21oi_2_Y_A1_sky130_fd_sc_hd__nand2b_2_Y_A_N_sky130_fd_sc_hd__a21oi_2_Y_A1_sky130_fd_sc_hd__xor2_2_A_X_sky130_fd_sc_hd__and3_2_B_C_sky130_fd_sc_hd__o211ai_2_Y_C1_sky130_fd_sc_hd__or4_2_X_D_sky130_fd_sc_hd__o211a_2_X_C1_sky130_fd_sc_hd__a211oi_2_A2_Y (net)
                      0.107436    0.000719    6.666030 v y_out_sky130_fd_sc_hd__dfrtp_2_Q_7_D_sky130_fd_sc_hd__xnor2_2_Y_A_sky130_fd_sc_hd__xor2_2_X_A_sky130_fd_sc_hd__a21oi_2_Y_A1_sky130_fd_sc_hd__a21oi_2_Y_A1_sky130_fd_sc_hd__nand2b_2_Y_A_N_sky130_fd_sc_hd__a21oi_2_Y_A1_sky130_fd_sc_hd__xor2_2_A_X_sky130_fd_sc_hd__and3_2_B_C_sky130_fd_sc_hd__o211ai_2_Y_C1_sky130_fd_sc_hd__or4_2_X/B (sky130_fd_sc_hd__or4_1)
     2    0.007724    0.115665    0.560304    7.226334 v y_out_sky130_fd_sc_hd__dfrtp_2_Q_7_D_sky130_fd_sc_hd__xnor2_2_Y_A_sky130_fd_sc_hd__xor2_2_X_A_sky130_fd_sc_hd__a21oi_2_Y_A1_sky130_fd_sc_hd__a21oi_2_Y_A1_sky130_fd_sc_hd__nand2b_2_Y_A_N_sky130_fd_sc_hd__a21oi_2_Y_A1_sky130_fd_sc_hd__xor2_2_A_X_sky130_fd_sc_hd__and3_2_B_C_sky130_fd_sc_hd__o211ai_2_Y_C1_sky130_fd_sc_hd__or4_2_X/X (sky130_fd_sc_hd__or4_1)
                                                         y_out_sky130_fd_sc_hd__dfrtp_2_Q_7_D_sky130_fd_sc_hd__xnor2_2_Y_A_sky130_fd_sc_hd__xor2_2_X_A_sky130_fd_sc_hd__a21oi_2_Y_A1_sky130_fd_sc_hd__a21oi_2_Y_A1_sky130_fd_sc_hd__nand2b_2_Y_A_N_sky130_fd_sc_hd__a21oi_2_Y_A1_sky130_fd_sc_hd__xor2_2_A_X_sky130_fd_sc_hd__and3_2_B_C_sky130_fd_sc_hd__o211ai_2_Y_C1 (net)
                      0.115665    0.000227    7.226562 v y_out_sky130_fd_sc_hd__dfrtp_2_Q_7_D_sky130_fd_sc_hd__xnor2_2_Y_A_sky130_fd_sc_hd__xor2_2_X_A_sky130_fd_sc_hd__a21oi_2_Y_A1_sky130_fd_sc_hd__a21oi_2_Y_A1_sky130_fd_sc_hd__nand2b_2_Y_A_N_sky130_fd_sc_hd__a21oi_2_Y_A1_sky130_fd_sc_hd__xor2_2_A_X_sky130_fd_sc_hd__and3_2_B_C_sky130_fd_sc_hd__o211ai_2_Y_B1_sky130_fd_sc_hd__a211o_2_A1/A2 (sky130_fd_sc_hd__a211o_2)
     5    0.023404    0.098201    0.418598    7.645159 v y_out_sky130_fd_sc_hd__dfrtp_2_Q_7_D_sky130_fd_sc_hd__xnor2_2_Y_A_sky130_fd_sc_hd__xor2_2_X_A_sky130_fd_sc_hd__a21oi_2_Y_A1_sky130_fd_sc_hd__a21oi_2_Y_A1_sky130_fd_sc_hd__nand2b_2_Y_A_N_sky130_fd_sc_hd__a21oi_2_Y_A1_sky130_fd_sc_hd__xor2_2_A_X_sky130_fd_sc_hd__and3_2_B_C_sky130_fd_sc_hd__o211ai_2_Y_B1_sky130_fd_sc_hd__a211o_2_A1/X (sky130_fd_sc_hd__a211o_2)
                                                         y_out_sky130_fd_sc_hd__dfrtp_2_Q_7_D_sky130_fd_sc_hd__xnor2_2_Y_A_sky130_fd_sc_hd__xor2_2_X_A_sky130_fd_sc_hd__a21oi_2_Y_A1_sky130_fd_sc_hd__a21oi_2_Y_A1_sky130_fd_sc_hd__nand2b_2_Y_A_N_sky130_fd_sc_hd__a21oi_2_Y_A1_sky130_fd_sc_hd__xor2_2_A_X_sky130_fd_sc_hd__and3_2_B_C_sky130_fd_sc_hd__o211ai_2_Y_B1_sky130_fd_sc_hd__a211o_2_A1_X (net)
                      0.098223    0.001439    7.646598 v y_out_sky130_fd_sc_hd__dfrtp_2_Q_7_D_sky130_fd_sc_hd__xnor2_2_Y_A_sky130_fd_sc_hd__xor2_2_X_A_sky130_fd_sc_hd__a21oi_2_Y_A1_sky130_fd_sc_hd__a21oi_2_Y_A1_sky130_fd_sc_hd__nand2b_2_Y_A_N_sky130_fd_sc_hd__a21oi_2_Y_A1_sky130_fd_sc_hd__xor2_2_A_X_sky130_fd_sc_hd__and3_2_B/A (sky130_fd_sc_hd__and3_1)
     2    0.009544    0.065116    0.194115    7.840713 v y_out_sky130_fd_sc_hd__dfrtp_2_Q_7_D_sky130_fd_sc_hd__xnor2_2_Y_A_sky130_fd_sc_hd__xor2_2_X_A_sky130_fd_sc_hd__a21oi_2_Y_A1_sky130_fd_sc_hd__a21oi_2_Y_A1_sky130_fd_sc_hd__nand2b_2_Y_A_N_sky130_fd_sc_hd__a21oi_2_Y_A1_sky130_fd_sc_hd__xor2_2_A_X_sky130_fd_sc_hd__and3_2_B/X (sky130_fd_sc_hd__and3_1)
                                                         y_out_sky130_fd_sc_hd__dfrtp_2_Q_7_D_sky130_fd_sc_hd__xnor2_2_Y_B_sky130_fd_sc_hd__o21ba_2_X_A2_sky130_fd_sc_hd__a21oi_2_Y_B1_sky130_fd_sc_hd__and2b_2_X_B_sky130_fd_sc_hd__a21bo_2_X_A2_sky130_fd_sc_hd__a211o_2_X_B1_sky130_fd_sc_hd__inv_2_Y_A_sky130_fd_sc_hd__a211o_2_X_B1 (net)
                      0.065116    0.000307    7.841021 v y_out_sky130_fd_sc_hd__dfrtp_2_Q_7_D_sky130_fd_sc_hd__xnor2_2_Y_B_sky130_fd_sc_hd__o21ba_2_X_A2_sky130_fd_sc_hd__a21oi_2_Y_B1_sky130_fd_sc_hd__and2b_2_X_B_sky130_fd_sc_hd__a21bo_2_X_A2_sky130_fd_sc_hd__a211o_2_X_B1_sky130_fd_sc_hd__inv_2_Y_A_sky130_fd_sc_hd__a211o_2_X/B1 (sky130_fd_sc_hd__a211o_1)
     3    0.016431    0.107625    0.338586    8.179606 v y_out_sky130_fd_sc_hd__dfrtp_2_Q_7_D_sky130_fd_sc_hd__xnor2_2_Y_B_sky130_fd_sc_hd__o21ba_2_X_A2_sky130_fd_sc_hd__a21oi_2_Y_B1_sky130_fd_sc_hd__and2b_2_X_B_sky130_fd_sc_hd__a21bo_2_X_A2_sky130_fd_sc_hd__a211o_2_X_B1_sky130_fd_sc_hd__inv_2_Y_A_sky130_fd_sc_hd__a211o_2_X/X (sky130_fd_sc_hd__a211o_1)
                                                         y_out_sky130_fd_sc_hd__dfrtp_2_Q_7_D_sky130_fd_sc_hd__xnor2_2_Y_B_sky130_fd_sc_hd__o21ba_2_X_A2_sky130_fd_sc_hd__a21oi_2_Y_B1_sky130_fd_sc_hd__and2b_2_X_B_sky130_fd_sc_hd__a21bo_2_X_A2_sky130_fd_sc_hd__a211o_2_X_B1_sky130_fd_sc_hd__inv_2_Y_A (net)
                      0.107638    0.001215    8.180821 v y_out_sky130_fd_sc_hd__dfrtp_2_Q_7_D_sky130_fd_sc_hd__xnor2_2_Y_B_sky130_fd_sc_hd__o21ba_2_X_A2_sky130_fd_sc_hd__a21oi_2_Y_A1_sky130_fd_sc_hd__a21oi_2_Y_A2_sky130_fd_sc_hd__nand2b_2_Y_B_sky130_fd_sc_hd__xnor2_2_B_Y_sky130_fd_sc_hd__and3_2_B/A (sky130_fd_sc_hd__and3_1)
     4    0.014528    0.085894    0.216873    8.397695 v y_out_sky130_fd_sc_hd__dfrtp_2_Q_7_D_sky130_fd_sc_hd__xnor2_2_Y_B_sky130_fd_sc_hd__o21ba_2_X_A2_sky130_fd_sc_hd__a21oi_2_Y_A1_sky130_fd_sc_hd__a21oi_2_Y_A2_sky130_fd_sc_hd__nand2b_2_Y_B_sky130_fd_sc_hd__xnor2_2_B_Y_sky130_fd_sc_hd__and3_2_B/X (sky130_fd_sc_hd__and3_1)
                                                         y_out_sky130_fd_sc_hd__dfrtp_2_Q_7_D_sky130_fd_sc_hd__xnor2_2_Y_B_sky130_fd_sc_hd__o21ba_2_X_A2_sky130_fd_sc_hd__a21oi_2_Y_A1_sky130_fd_sc_hd__a21oi_2_Y_A2_sky130_fd_sc_hd__nand2b_2_Y_B_sky130_fd_sc_hd__xnor2_2_B_Y_sky130_fd_sc_hd__and3_2_B_X (net)
                      0.085896    0.000506    8.398201 v y_out_sky130_fd_sc_hd__dfrtp_2_Q_11_D_sky130_fd_sc_hd__xor2_2_X_A_sky130_fd_sc_hd__and2b_2_X_B_sky130_fd_sc_hd__a211o_2_X_B1_sky130_fd_sc_hd__a21oi_2_Y_A1_sky130_fd_sc_hd__a211o_2_X_C1_sky130_fd_sc_hd__a21oi_2_Y_A1_sky130_fd_sc_hd__a211o_2_X/B1 (sky130_fd_sc_hd__a211o_1)
     3    0.012047    0.088310    0.327493    8.725694 v y_out_sky130_fd_sc_hd__dfrtp_2_Q_11_D_sky130_fd_sc_hd__xor2_2_X_A_sky130_fd_sc_hd__and2b_2_X_B_sky130_fd_sc_hd__a211o_2_X_B1_sky130_fd_sc_hd__a21oi_2_Y_A1_sky130_fd_sc_hd__a211o_2_X_C1_sky130_fd_sc_hd__a21oi_2_Y_A1_sky130_fd_sc_hd__a211o_2_X/X (sky130_fd_sc_hd__a211o_1)
                                                         y_out_sky130_fd_sc_hd__dfrtp_2_Q_11_D_sky130_fd_sc_hd__xor2_2_X_A_sky130_fd_sc_hd__and2b_2_X_B_sky130_fd_sc_hd__a211o_2_X_B1_sky130_fd_sc_hd__a21oi_2_Y_A1_sky130_fd_sc_hd__a211o_2_X_C1_sky130_fd_sc_hd__a21oi_2_Y_A1 (net)
                      0.088310    0.000375    8.726068 v y_out_sky130_fd_sc_hd__dfrtp_2_Q_11_D_sky130_fd_sc_hd__xor2_2_X_A_sky130_fd_sc_hd__and2b_2_X_B_sky130_fd_sc_hd__a211o_2_X_B1_sky130_fd_sc_hd__a21oi_2_Y_A1_sky130_fd_sc_hd__a211o_2_X_C1_sky130_fd_sc_hd__a21oi_2_Y_B1_sky130_fd_sc_hd__and3_2_B/A (sky130_fd_sc_hd__and3_1)
     4    0.015124    0.088388    0.210559    8.936626 v y_out_sky130_fd_sc_hd__dfrtp_2_Q_11_D_sky130_fd_sc_hd__xor2_2_X_A_sky130_fd_sc_hd__and2b_2_X_B_sky130_fd_sc_hd__a211o_2_X_B1_sky130_fd_sc_hd__a21oi_2_Y_A1_sky130_fd_sc_hd__a211o_2_X_C1_sky130_fd_sc_hd__a21oi_2_Y_B1_sky130_fd_sc_hd__and3_2_B/X (sky130_fd_sc_hd__and3_1)
                                                         y_out_sky130_fd_sc_hd__dfrtp_2_Q_11_D_sky130_fd_sc_hd__xor2_2_X_A_sky130_fd_sc_hd__and2b_2_X_B_sky130_fd_sc_hd__a211o_2_X_B1_sky130_fd_sc_hd__a21oi_2_Y_A1_sky130_fd_sc_hd__a211o_2_X_C1_sky130_fd_sc_hd__a21oi_2_Y_B1_sky130_fd_sc_hd__and3_2_B_X (net)
                      0.088389    0.000408    8.937035 v y_out_sky130_fd_sc_hd__dfrtp_2_Q_11_D_sky130_fd_sc_hd__xor2_2_X_A_sky130_fd_sc_hd__and2b_2_X_B_sky130_fd_sc_hd__a211o_2_X_B1_sky130_fd_sc_hd__a21oi_2_Y_A1_sky130_fd_sc_hd__a211o_2_X/B1 (sky130_fd_sc_hd__a211o_1)
     3    0.010618    0.082340    0.322236    9.259271 v y_out_sky130_fd_sc_hd__dfrtp_2_Q_11_D_sky130_fd_sc_hd__xor2_2_X_A_sky130_fd_sc_hd__and2b_2_X_B_sky130_fd_sc_hd__a211o_2_X_B1_sky130_fd_sc_hd__a21oi_2_Y_A1_sky130_fd_sc_hd__a211o_2_X/X (sky130_fd_sc_hd__a211o_1)
                                                         y_out_sky130_fd_sc_hd__dfrtp_2_Q_11_D_sky130_fd_sc_hd__xor2_2_X_A_sky130_fd_sc_hd__and2b_2_X_B_sky130_fd_sc_hd__a211o_2_X_B1_sky130_fd_sc_hd__a21oi_2_Y_A1 (net)
                      0.082340    0.000287    9.259558 v y_out_sky130_fd_sc_hd__dfrtp_2_Q_11_D_sky130_fd_sc_hd__xor2_2_X_A_sky130_fd_sc_hd__and2b_2_X_B_sky130_fd_sc_hd__a211o_2_X_B1_sky130_fd_sc_hd__a21oi_2_Y_A2_sky130_fd_sc_hd__and3_2_C/B (sky130_fd_sc_hd__and3_1)
     4    0.014511    0.085792    0.226745    9.486302 v y_out_sky130_fd_sc_hd__dfrtp_2_Q_11_D_sky130_fd_sc_hd__xor2_2_X_A_sky130_fd_sc_hd__and2b_2_X_B_sky130_fd_sc_hd__a211o_2_X_B1_sky130_fd_sc_hd__a21oi_2_Y_A2_sky130_fd_sc_hd__and3_2_C/X (sky130_fd_sc_hd__and3_1)
                                                         y_out_sky130_fd_sc_hd__dfrtp_2_Q_11_D_sky130_fd_sc_hd__xor2_2_X_A_sky130_fd_sc_hd__and2b_2_X_B_sky130_fd_sc_hd__a211o_2_X_B1_sky130_fd_sc_hd__a21oi_2_Y_A2_sky130_fd_sc_hd__and3_2_C_X (net)
                      0.085793    0.000464    9.486766 v y_out_sky130_fd_sc_hd__dfrtp_2_Q_10_D_sky130_fd_sc_hd__nor2_2_Y_B_sky130_fd_sc_hd__o21ba_2_X_B1_N_sky130_fd_sc_hd__and2b_2_X_B_sky130_fd_sc_hd__a211o_2_X_B1_sky130_fd_sc_hd__o211a_2_A1/A2 (sky130_fd_sc_hd__o211a_1)
     4    0.012281    0.079310    0.262148    9.748914 v y_out_sky130_fd_sc_hd__dfrtp_2_Q_10_D_sky130_fd_sc_hd__nor2_2_Y_B_sky130_fd_sc_hd__o21ba_2_X_B1_N_sky130_fd_sc_hd__and2b_2_X_B_sky130_fd_sc_hd__a211o_2_X_B1_sky130_fd_sc_hd__o211a_2_A1/X (sky130_fd_sc_hd__o211a_1)
                                                         y_out_sky130_fd_sc_hd__dfrtp_2_Q_10_D_sky130_fd_sc_hd__nor2_2_Y_B_sky130_fd_sc_hd__o21ba_2_X_B1_N_sky130_fd_sc_hd__and2b_2_X_B_sky130_fd_sc_hd__a211o_2_X_B1_sky130_fd_sc_hd__o211a_2_A1_X (net)
                      0.079310    0.000315    9.749229 v y_out_sky130_fd_sc_hd__dfrtp_2_Q_10_D_sky130_fd_sc_hd__nor2_2_Y_B_sky130_fd_sc_hd__o21ba_2_X_B1_N_sky130_fd_sc_hd__and2b_2_X/A_N (sky130_fd_sc_hd__and2b_1)
     3    0.007091    0.076286    0.225310    9.974540 ^ y_out_sky130_fd_sc_hd__dfrtp_2_Q_10_D_sky130_fd_sc_hd__nor2_2_Y_B_sky130_fd_sc_hd__o21ba_2_X_B1_N_sky130_fd_sc_hd__and2b_2_X/X (sky130_fd_sc_hd__and2b_1)
                                                         y_out_sky130_fd_sc_hd__dfrtp_2_Q_10_D_sky130_fd_sc_hd__nor2_2_Y_B_sky130_fd_sc_hd__o21ba_2_X_B1_N (net)
                      0.076286    0.000147    9.974688 ^ y_out_sky130_fd_sc_hd__dfrtp_2_Q_9_D_sky130_fd_sc_hd__xnor2_2_Y_A_sky130_fd_sc_hd__nand3_2_B/C (sky130_fd_sc_hd__nand3_1)
     1    0.006204    0.099186    0.102349   10.077036 v y_out_sky130_fd_sc_hd__dfrtp_2_Q_9_D_sky130_fd_sc_hd__xnor2_2_Y_A_sky130_fd_sc_hd__nand3_2_B/Y (sky130_fd_sc_hd__nand3_1)
                                                         y_out_sky130_fd_sc_hd__dfrtp_2_Q_9_D_sky130_fd_sc_hd__xnor2_2_Y_A_sky130_fd_sc_hd__nand3_2_B_Y (net)
                      0.099186    0.000265   10.077301 v y_out_sky130_fd_sc_hd__dfrtp_2_Q_9_D_sky130_fd_sc_hd__xnor2_2_Y_A_sky130_fd_sc_hd__nand3_2_B_Y_sky130_fd_sc_hd__o31a_2_A1/A1 (sky130_fd_sc_hd__o31a_4)
     4    0.034976    0.091832    0.419503   10.496803 v y_out_sky130_fd_sc_hd__dfrtp_2_Q_9_D_sky130_fd_sc_hd__xnor2_2_Y_A_sky130_fd_sc_hd__nand3_2_B_Y_sky130_fd_sc_hd__o31a_2_A1/X (sky130_fd_sc_hd__o31a_4)
                                                         y_out_sky130_fd_sc_hd__dfrtp_2_Q_9_D_sky130_fd_sc_hd__xnor2_2_Y_A_sky130_fd_sc_hd__nand3_2_B_Y_sky130_fd_sc_hd__o31a_2_A1_X (net)
                      0.092242    0.005281   10.502085 v y_out_sky130_fd_sc_hd__dfrtp_2_Q_2_D_sky130_fd_sc_hd__xor2_2_X_B_sky130_fd_sc_hd__o31ai_2_Y/A1 (sky130_fd_sc_hd__o31ai_4)
     3    0.015205    0.262143    0.325250   10.827335 ^ y_out_sky130_fd_sc_hd__dfrtp_2_Q_2_D_sky130_fd_sc_hd__xor2_2_X_B_sky130_fd_sc_hd__o31ai_2_Y/Y (sky130_fd_sc_hd__o31ai_4)
                                                         y_out_sky130_fd_sc_hd__dfrtp_2_Q_2_D_sky130_fd_sc_hd__xor2_2_X_B (net)
                      0.262144    0.000941   10.828277 ^ y_out_sky130_fd_sc_hd__dfrtp_2_Q_D_sky130_fd_sc_hd__xnor2_2_Y_A_sky130_fd_sc_hd__a31o_2_X/A2 (sky130_fd_sc_hd__a31o_1)
     1    0.007576    0.086985    0.217865   11.046142 ^ y_out_sky130_fd_sc_hd__dfrtp_2_Q_D_sky130_fd_sc_hd__xnor2_2_Y_A_sky130_fd_sc_hd__a31o_2_X/X (sky130_fd_sc_hd__a31o_1)
                                                         y_out_sky130_fd_sc_hd__dfrtp_2_Q_D_sky130_fd_sc_hd__xnor2_2_Y_A (net)
                      0.086985    0.000366   11.046507 ^ y_out_sky130_fd_sc_hd__dfrtp_2_Q_D_sky130_fd_sc_hd__xnor2_2_Y/A (sky130_fd_sc_hd__xnor2_1)
     1    0.002753    0.114826    0.116589   11.163095 ^ y_out_sky130_fd_sc_hd__dfrtp_2_Q_D_sky130_fd_sc_hd__xnor2_2_Y/Y (sky130_fd_sc_hd__xnor2_1)
                                                         y_out_sky130_fd_sc_hd__dfrtp_2_Q_D (net)
                      0.114826    0.000087   11.163182 ^ y_out_sky130_fd_sc_hd__dfrtp_2_Q/D (sky130_fd_sc_hd__dfrtp_1)
                                             11.163182   data arrival time

                                 20.000000   20.000000   clock clk (rise edge)
                                  0.000000   20.000000   clock source latency
     2    0.059912    0.273388    0.191347   20.191347 ^ clk (in)
                                                         clk (net)
                      0.273474    0.000000   20.191347 ^ clkbuf_0_clk/A (sky130_fd_sc_hd__clkbuf_16)
     2    0.030390    0.054860    0.208628   20.399975 ^ clkbuf_0_clk/X (sky130_fd_sc_hd__clkbuf_16)
                                                         clknet_0_clk (net)
                      0.054882    0.001570   20.401546 ^ clkbuf_1_0__f_clk/A (sky130_fd_sc_hd__clkbuf_16)
     8    0.032967    0.053543    0.139799   20.541346 ^ clkbuf_1_0__f_clk/X (sky130_fd_sc_hd__clkbuf_16)
                                                         clknet_1_0__leaf_clk (net)
                      0.053643    0.002318   20.543663 ^ y_out_sky130_fd_sc_hd__dfrtp_2_Q/CLK (sky130_fd_sc_hd__dfrtp_1)
                                 -0.250000   20.293665   clock uncertainty
                                  0.000000   20.293665   clock reconvergence pessimism
                                 -0.074623   20.219042   library setup time
                                             20.219042   data required time
---------------------------------------------------------------------------------------------
                                             20.219042   data required time
                                            -11.163182   data arrival time
---------------------------------------------------------------------------------------------
                                              9.055859   slack (MET)




===========================================================================
report_checks --slack_max -0.01
============================================================================
======================= nom_tt_025C_1v80 Corner ===================================

No paths found.


===========================================================================
 report_check_types -max_slew -max_cap -max_fanout -violators
============================================================================
======================= nom_tt_025C_1v80 Corner ===================================

max fanout

Pin                                   Limit Fanout  Slack
---------------------------------------------------------
fanout109/X                              10     14     -4 (VIOLATED)
fanout102/X                              10     12     -2 (VIOLATED)
fanout107/X                              10     12     -2 (VIOLATED)
fanout103/X                              10     11        (VIOLATED)
fanout115/X                              10     11        (VIOLATED)
fanout153/X                              10     11        (VIOLATED)
fanout168/X                              10     11        (VIOLATED)
fanout213/X                              10     11        (VIOLATED)
fanout224/X                              10     11        (VIOLATED)
fanout227/X                              10     11        (VIOLATED)
fanout230/X                              10     11        (VIOLATED)
fanout247/X                              10     11        (VIOLATED)
fanout60/X                               10     11        (VIOLATED)
fanout75/X                               10     11        (VIOLATED)
fanout90/X                               10     11        (VIOLATED)



===========================================================================
report_parasitic_annotation -report_unannotated
============================================================================
Found 1 unannotated drivers.
 clkload0/X
Found 0 partially unannotated drivers.

===========================================================================
max slew violation count 0
Writing metric design__max_slew_violation__count__corner:nom_tt_025C_1v80: 0
max fanout violation count 15
Writing metric design__max_fanout_violation__count__corner:nom_tt_025C_1v80: 15
max cap violation count 0
Writing metric design__max_cap_violation__count__corner:nom_tt_025C_1v80: 0
============================================================================

===========================================================================
check_setup -verbose -unconstrained_endpoints -multiple_clock -no_clock -no_input_delay -loops -generated_clocks
===========================================================================
