Clock: clk
Sources: clk 
Generated: no
Virtual: yes
Propagated: no
Period: 20.000000

===========================================================================
report_clock_properties
============================================================================
Clock                   Period          Waveform
----------------------------------------------------
clk                  20.000000    0.000000 10.000000

===========================================================================
report_clock_latency
============================================================================
Clock clk
rise -> rise
    min     max
0.000000 0.000000 source latency
0.542511         network latency y_out_sky130_fd_sc_hd__dfrtp_2_Q_6/CLK
        0.547521 network latency y_out_sky130_fd_sc_hd__dfrtp_2_Q_15/CLK
---------------
0.542511 0.547521 latency
        0.005010 skew

fall -> fall
    min     max
0.000000 0.000000 source latency
0.445260         network latency y_out_sky130_fd_sc_hd__dfrtp_2_Q_6/CLK
        0.449385 network latency y_out_sky130_fd_sc_hd__dfrtp_2_Q_15/CLK
---------------
0.445260 0.449385 latency
        0.004125 skew



===========================================================================
report_clock_min_period
============================================================================
clk period_min = 7.04 fmax = 142.02
