Reading OpenROAD database at '/home/asic/workspace/asic_project/runs/RUN_2025-05-17_03-20-44/24-openroad-ioplacement/dynamic_noise_reduction.odb'…
Reading library file at '/foss/pdks/volare/sky130/versions/0fe599b2afb6708d281543108caf8310912f54af/sky130A/libs.ref/sky130_fd_sc_hd/lib/sky130_fd_sc_hd__tt_025C_1v80.lib'…
Reading design constraints file at '/usr/local/lib/python3.12/dist-packages/openlane/scripts/base.sdc'…
[INFO] Using clock clk…
[INFO] Setting output delay to: 4
[INFO] Setting input delay to: 4
[INFO] Setting load to: 0.033442
[INFO] Setting clock uncertainty to: 0.25
[INFO] Setting clock transition to: 0.1499999999999999944488848768742172978818416595458984375
[INFO] Setting timing derate to: 5%
[INFO] Setting RC values…
[INFO] Setting signal min routing layer to: met1 and clock min routing layer to met1. 
[INFO] Setting signal max routing layer to: met5 and clock max routing layer to met5. 
+ global_placement -density 0.1491412 -timing_driven -routability_driven -pad_right 0 -pad_left 0 -init_wirelength_coef 0.25
[INFO GPL-0002] DBU: 1000
[INFO GPL-0003] SiteSize: (  0.460  2.720 ) um
[INFO GPL-0004] CoreBBox: (  5.520 10.880 ) ( 994.060 987.360 ) um
[INFO GPL-0006] NumInstances:             17430
[INFO GPL-0007] NumPlaceInstances:         2994
[INFO GPL-0008] NumFixedInstances:        14436
[INFO GPL-0009] NumDummyInstances:            0
[INFO GPL-0010] NumNets:                   3028
[INFO GPL-0011] NumPins:                  10950
[INFO GPL-0012] DieBBox:  (  0.000  0.000 ) ( 1000.000 1000.000 ) um
[INFO GPL-0013] CoreBBox: (  5.520 10.880 ) ( 994.060 987.360 ) um
[INFO GPL-0016] CoreArea:            965289.539 um^2
[INFO GPL-0017] NonPlaceInstsArea:    19859.046 um^2
[INFO GPL-0018] PlaceInstsArea:       30271.533 um^2
[INFO GPL-0019] Util:                     3.202 %
[INFO GPL-0020] StdInstsArea:         30271.533 um^2
[INFO GPL-0021] MacroInstsArea:           0.000 um^2
[InitialPlace]  Iter: 1 CG residual: 0.00446710 HPWL: 129245546
[InitialPlace]  Iter: 2 CG residual: 0.00035788 HPWL: 57499000
[InitialPlace]  Iter: 3 CG residual: 0.00679986 HPWL: 57713242
[InitialPlace]  Iter: 4 CG residual: 0.00011996 HPWL: 57662864
[InitialPlace]  Iter: 5 CG residual: 0.00001242 HPWL: 57633261
[InitialPlace]  Iter: 6 CG residual: 0.00003340 HPWL: 57676203
[InitialPlace]  Iter: 7 CG residual: 0.00005126 HPWL: 57661031
[InitialPlace]  Iter: 8 CG residual: 0.00003899 HPWL: 57673720
[InitialPlace]  Iter: 9 CG residual: 0.00001803 HPWL: 57657722
[InitialPlace]  Iter: 10 CG residual: 0.00003350 HPWL: 57661506
[InitialPlace]  Iter: 11 CG residual: 0.00001296 HPWL: 57640998
[InitialPlace]  Iter: 12 CG residual: 0.00003826 HPWL: 57648758
[InitialPlace]  Iter: 13 CG residual: 0.00001731 HPWL: 57636073
[InitialPlace]  Iter: 14 CG residual: 0.00003264 HPWL: 57655466
[InitialPlace]  Iter: 15 CG residual: 0.00001460 HPWL: 57640793
[InitialPlace]  Iter: 16 CG residual: 0.00003197 HPWL: 57653636
[InitialPlace]  Iter: 17 CG residual: 0.00001794 HPWL: 57643816
[InitialPlace]  Iter: 18 CG residual: 0.00003123 HPWL: 57654639
[InitialPlace]  Iter: 19 CG residual: 0.00001222 HPWL: 57639000
[InitialPlace]  Iter: 20 CG residual: 0.00003761 HPWL: 57651673
[INFO GPL-0031] FillerInit:NumGCells:     14092
[INFO GPL-0032] FillerInit:NumGNets:       3028
[INFO GPL-0033] FillerInit:NumGPins:      10950
[INFO GPL-0023] TargetDensity:            0.149
[INFO GPL-0024] AvrgPlaceInstArea:       10.111 um^2
[INFO GPL-0025] IdealBinArea:            67.793 um^2
[INFO GPL-0026] IdealBinCnt:              14238
[INFO GPL-0027] TotalBinArea:        965289.539 um^2
[INFO GPL-0028] BinCnt:        64     64
[INFO GPL-0029] BinSize: ( 15.446 15.258 )
[INFO GPL-0030] NumBins: 4096
[NesterovSolve] Iter:    1 overflow: 0.990 HPWL: 39808283
[NesterovSolve] Iter:   10 overflow: 0.973 HPWL: 46074255
[NesterovSolve] Iter:   20 overflow: 0.965 HPWL: 49836723
[NesterovSolve] Iter:   30 overflow: 0.957 HPWL: 51621217
[NesterovSolve] Iter:   40 overflow: 0.953 HPWL: 52260131
[NesterovSolve] Iter:   50 overflow: 0.954 HPWL: 52296270
[NesterovSolve] Iter:   60 overflow: 0.953 HPWL: 51839284
[NesterovSolve] Iter:   70 overflow: 0.953 HPWL: 51227330
[NesterovSolve] Iter:   80 overflow: 0.957 HPWL: 50781846
[NesterovSolve] Iter:   90 overflow: 0.959 HPWL: 50528859
[NesterovSolve] Iter:  100 overflow: 0.957 HPWL: 50455224
[NesterovSolve] Iter:  110 overflow: 0.960 HPWL: 50455855
[NesterovSolve] Iter:  120 overflow: 0.959 HPWL: 50429047
[NesterovSolve] Iter:  130 overflow: 0.956 HPWL: 50558158
[NesterovSolve] Iter:  140 overflow: 0.957 HPWL: 50885223
[NesterovSolve] Iter:  150 overflow: 0.955 HPWL: 51539444
[NesterovSolve] Iter:  160 overflow: 0.948 HPWL: 52670079
[NesterovSolve] Iter:  170 overflow: 0.942 HPWL: 54333324
[NesterovSolve] Iter:  180 overflow: 0.934 HPWL: 56629065
[NesterovSolve] Iter:  190 overflow: 0.912 HPWL: 59556773
[NesterovSolve] Iter:  200 overflow: 0.895 HPWL: 62910495
[NesterovSolve] Iter:  210 overflow: 0.867 HPWL: 66490747
[NesterovSolve] Iter:  220 overflow: 0.836 HPWL: 70208889
[NesterovSolve] Iter:  230 overflow: 0.796 HPWL: 75099899
[INFO GPL-0100] Timing-driven: executing resizer for reweighting nets.
[INFO GPL-0101] Timing-driven: worst slack 8.61e-09
[INFO GPL-0103] Timing-driven: weighted 301 nets.
[NesterovSolve] Iter:  240 overflow: 0.754 HPWL: 80499863
[NesterovSolve] Iter:  250 overflow: 0.717 HPWL: 84788949
[NesterovSolve] Iter:  260 overflow: 0.657 HPWL: 90238951
[INFO GPL-0100] Timing-driven: executing resizer for reweighting nets.
[INFO GPL-0101] Timing-driven: worst slack 8.19e-09
[INFO GPL-0103] Timing-driven: weighted 300 nets.
[NesterovSolve] Iter:  270 overflow: 0.602 HPWL: 94785892
[NesterovSolve] Snapshot saved at iter = 270
[NesterovSolve] Iter:  280 overflow: 0.566 HPWL: 95997557
[NesterovSolve] Iter:  290 overflow: 0.524 HPWL: 97833052
[INFO GPL-0100] Timing-driven: executing resizer for reweighting nets.
[INFO GPL-0101] Timing-driven: worst slack 8.67e-09
[INFO GPL-0103] Timing-driven: weighted 301 nets.
[NesterovSolve] Iter:  300 overflow: 0.459 HPWL: 99145892
[NesterovSolve] Iter:  310 overflow: 0.398 HPWL: 101210954
[NesterovSolve] Iter:  320 overflow: 0.358 HPWL: 102447388
[NesterovSolve] Iter:  330 overflow: 0.311 HPWL: 103703624
[INFO GPL-0075] Routability numCall: 1 inflationIterCnt: 1 bloatIterCnt: 0
[INFO GPL-0036] TileBBox: (    0    0 ) ( 6900 6900 ) DBU
[INFO GPL-0038] TileCnt:     144  144
[INFO GPL-0040] NumTiles: 20736
[INFO GPL-0081] TotalRouteOverflow: 0.0
[INFO GPL-0082] OverflowTileCnt: 0
[INFO GPL-0083] 0.5%RC: 0.6674876568409113
[INFO GPL-0084] 1.0%RC: 0.6375881831806439
[INFO GPL-0085] 2.0%RC: 0.6070264142679881
[INFO GPL-0086] 5.0%RC: 0.5682248962304861
[INFO GPL-0087] FinalRC: 0.65253794
[INFO GPL-0077] FinalRC lower than targetRC(1.01), routability not needed.
[INFO GPL-0100] Timing-driven: executing resizer for reweighting nets.
[INFO GPL-0101] Timing-driven: worst slack 8.48e-09
[INFO GPL-0103] Timing-driven: weighted 302 nets.
[NesterovSolve] Iter:  340 overflow: 0.276 HPWL: 103823032
[NesterovSolve] Iter:  350 overflow: 0.248 HPWL: 104393109
[NesterovSolve] Iter:  360 overflow: 0.220 HPWL: 105211329
[INFO GPL-0100] Timing-driven: executing resizer for reweighting nets.
[INFO GPL-0101] Timing-driven: worst slack 8.42e-09
[INFO GPL-0103] Timing-driven: weighted 300 nets.
[NesterovSolve] Iter:  370 overflow: 0.203 HPWL: 105359687
[NesterovSolve] Iter:  380 overflow: 0.176 HPWL: 105495150
[NesterovSolve] Iter:  390 overflow: 0.158 HPWL: 105759854
[INFO GPL-0100] Timing-driven: executing resizer for reweighting nets.
[INFO GPL-0101] Timing-driven: worst slack 8.41e-09
[INFO GPL-0103] Timing-driven: weighted 302 nets.
[NesterovSolve] Iter:  400 overflow: 0.139 HPWL: 106303540
[NesterovSolve] Iter:  410 overflow: 0.120 HPWL: 107078917
[NesterovSolve] Iter:  420 overflow: 0.103 HPWL: 107420363
[NesterovSolve] Finished with Overflow: 0.098832
[INFO] Setting RC values…
Setting global connections for newly added cells…
[INFO] Setting global connections...
Updating metrics…
Cell type report:                       Count       Area
  Fill cell                               718    2695.08
  Tap cell                              13718   17163.96
  Inverter                                 62     232.72
  Sequential cell                          16     420.40
  Multi-Input combinational cell         2916   29618.41
  Total                                 17430   50130.58
Writing OpenROAD database to '/home/asic/workspace/asic_project/runs/RUN_2025-05-17_03-20-44/27-openroad-globalplacement/dynamic_noise_reduction.odb'…
Writing netlist to '/home/asic/workspace/asic_project/runs/RUN_2025-05-17_03-20-44/27-openroad-globalplacement/dynamic_noise_reduction.nl.v'…
Writing powered netlist to '/home/asic/workspace/asic_project/runs/RUN_2025-05-17_03-20-44/27-openroad-globalplacement/dynamic_noise_reduction.pnl.v'…
Writing layout to '/home/asic/workspace/asic_project/runs/RUN_2025-05-17_03-20-44/27-openroad-globalplacement/dynamic_noise_reduction.def'…
Writing timing constraints to '/home/asic/workspace/asic_project/runs/RUN_2025-05-17_03-20-44/27-openroad-globalplacement/dynamic_noise_reduction.sdc'…
