Clock: clk
Sources: clk 
Generated: no
Virtual: yes
Propagated: no
Period: 35.000000

===========================================================================
report_clock_properties
============================================================================
Clock                   Period          Waveform
----------------------------------------------------
clk                  35.000000    0.000000 17.500000

===========================================================================
report_clock_latency
============================================================================
Clock clk
rise -> rise
    min     max
0.000000 0.000000 source latency
0.497665         network latency y_out_sky130_fd_sc_hd__dfrtp_2_Q_3/CLK
        0.499151 network latency y_out_sky130_fd_sc_hd__dfrtp_2_Q_9/CLK
---------------
0.497665 0.499151 latency
        0.001487 skew

fall -> fall
    min     max
0.000000 0.000000 source latency
0.421258         network latency y_out_sky130_fd_sc_hd__dfrtp_2_Q_3/CLK
        0.422313 network latency y_out_sky130_fd_sc_hd__dfrtp_2_Q_9/CLK
---------------
0.421258 0.422313 latency
        0.001055 skew



===========================================================================
report_clock_min_period
============================================================================
clk period_min = 8.25 fmax = 121.27
