Reading timing models for corner nom_tt_025C_1v80…
Reading timing library for the 'nom_tt_025C_1v80' corner at '/foss/pdks/volare/sky130/versions/0fe599b2afb6708d281543108caf8310912f54af/sky130A/libs.ref/sky130_fd_sc_hd/lib/sky130_fd_sc_hd__tt_025C_1v80.lib'…
Reading timing models for corner nom_ff_n40C_1v95…
Reading timing library for the 'nom_ff_n40C_1v95' corner at '/foss/pdks/volare/sky130/versions/0fe599b2afb6708d281543108caf8310912f54af/sky130A/libs.ref/sky130_fd_sc_hd/lib/sky130_fd_sc_hd__ff_n40C_1v95.lib'…
Reading timing models for corner nom_ss_100C_1v60…
Reading timing library for the 'nom_ss_100C_1v60' corner at '/foss/pdks/volare/sky130/versions/0fe599b2afb6708d281543108caf8310912f54af/sky130A/libs.ref/sky130_fd_sc_hd/lib/sky130_fd_sc_hd__ss_100C_1v60.lib'…
Reading OpenROAD database at '/home/asic/workspace/asic_project/runs/RUN_2025-05-17_03-48-33/42-openroad-repairantennas/1-diodeinsertion/dynamic_noise_reduction.odb'…
Reading design constraints file at '/usr/local/lib/python3.12/dist-packages/openlane/scripts/base.sdc'…
[INFO] Using clock clk…
[INFO] Setting output delay to: 7
[INFO] Setting input delay to: 7
[INFO] Setting load to: 0.033442
[INFO] Setting clock uncertainty to: 0.25
[INFO] Setting clock transition to: 0.1499999999999999944488848768742172978818416595458984375
[INFO] Setting timing derate to: 5%
[INFO] Setting RC values…
[INFO] Setting signal min routing layer to: met1 and clock min routing layer to met1. 
[INFO] Setting signal max routing layer to: met5 and clock max routing layer to met5. 
-congestion_iterations 50 -verbose
[INFO GRT-0020] Min routing layer: met1
[INFO GRT-0021] Max routing layer: met5
[INFO GRT-0022] Global adjustment: 30%
[INFO GRT-0023] Grid origin: (0, 0)
[INFO GRT-0043] No OR_DEFAULT vias defined.
[INFO GRT-0088] Layer li1     Track-Pitch = 0.4600  line-2-Via Pitch: 0.3400
[INFO GRT-0088] Layer met1    Track-Pitch = 0.3400  line-2-Via Pitch: 0.3400
[INFO GRT-0088] Layer met2    Track-Pitch = 0.4600  line-2-Via Pitch: 0.3500
[INFO GRT-0088] Layer met3    Track-Pitch = 0.6800  line-2-Via Pitch: 0.6150
[INFO GRT-0088] Layer met4    Track-Pitch = 0.9200  line-2-Via Pitch: 1.0400
[INFO GRT-0088] Layer met5    Track-Pitch = 3.4000  line-2-Via Pitch: 3.1100
[INFO GRT-0019] Found 4 clock nets.
[INFO GRT-0001] Minimum degree: 2
[INFO GRT-0002] Maximum degree: 13
[INFO GRT-0003] Macros: 0
[WARNING GRT-0041] Net VPWR has wires/vias outside die area.
[WARNING GRT-0041] Net VPWR has wires/vias outside die area.
[WARNING GRT-0041] Net VPWR has wires/vias outside die area.
[WARNING GRT-0041] Net VPWR has wires/vias outside die area.
[WARNING GRT-0041] Net VPWR has wires/vias outside die area.
[WARNING GRT-0041] Net VPWR has wires/vias outside die area.
[WARNING GRT-0041] Net VPWR has wires/vias outside die area.
[WARNING GRT-0041] Net VPWR has wires/vias outside die area.
[WARNING GRT-0041] Net VPWR has wires/vias outside die area.
[WARNING GRT-0041] Net VPWR has wires/vias outside die area.
[WARNING GRT-0041] Net VPWR has wires/vias outside die area.
[WARNING GRT-0041] Net VPWR has wires/vias outside die area.
[WARNING GRT-0041] Net VPWR has wires/vias outside die area.
[WARNING GRT-0041] Net VPWR has wires/vias outside die area.
[WARNING GRT-0041] Net VPWR has wires/vias outside die area.
[WARNING GRT-0041] Net VPWR has wires/vias outside die area.
[WARNING GRT-0041] Net VPWR has wires/vias outside die area.
[WARNING GRT-0041] Net VPWR has wires/vias outside die area.
[WARNING GRT-0041] Net VPWR has wires/vias outside die area.
[WARNING GRT-0041] Net VPWR has wires/vias outside die area.
[WARNING GRT-0041] Net VPWR has wires/vias outside die area.
[WARNING GRT-0041] Net VPWR has wires/vias outside die area.
[WARNING GRT-0041] Net VPWR has wires/vias outside die area.
[WARNING GRT-0041] Net VPWR has wires/vias outside die area.
[WARNING GRT-0041] Net VPWR has wires/vias outside die area.
[WARNING GRT-0041] Net VPWR has wires/vias outside die area.
[WARNING GRT-0041] Net VPWR has wires/vias outside die area.
[WARNING GRT-0041] Net VPWR has wires/vias outside die area.
[WARNING GRT-0041] Net VPWR has wires/vias outside die area.
[WARNING GRT-0041] Net VPWR has wires/vias outside die area.
[WARNING GRT-0041] Net VPWR has wires/vias outside die area.
[WARNING GRT-0041] Net VPWR has wires/vias outside die area.
[WARNING GRT-0041] Net VPWR has wires/vias outside die area.
[WARNING GRT-0041] Net VPWR has wires/vias outside die area.
[WARNING GRT-0041] Net VPWR has wires/vias outside die area.
[WARNING GRT-0041] Net VPWR has wires/vias outside die area.
[WARNING GRT-0041] Net VPWR has wires/vias outside die area.
[WARNING GRT-0041] Net VPWR has wires/vias outside die area.
[WARNING GRT-0041] Net VPWR has wires/vias outside die area.
[WARNING GRT-0041] Net VPWR has wires/vias outside die area.
[WARNING GRT-0041] Net VPWR has wires/vias outside die area.
[WARNING GRT-0041] Net VPWR has wires/vias outside die area.
[WARNING GRT-0041] Net VPWR has wires/vias outside die area.
[WARNING GRT-0041] Net VPWR has wires/vias outside die area.
[WARNING GRT-0041] Net VPWR has wires/vias outside die area.
[WARNING GRT-0041] Net VPWR has wires/vias outside die area.
[WARNING GRT-0041] Net VPWR has wires/vias outside die area.
[WARNING GRT-0041] Net VPWR has wires/vias outside die area.
[WARNING GRT-0041] Net VPWR has wires/vias outside die area.
[WARNING GRT-0041] Net VPWR has wires/vias outside die area.
[WARNING GRT-0041] Net VPWR has wires/vias outside die area.
[WARNING GRT-0041] Net VPWR has wires/vias outside die area.
[WARNING GRT-0041] Net VPWR has wires/vias outside die area.
[WARNING GRT-0041] Net VPWR has wires/vias outside die area.
[WARNING GRT-0041] Net VPWR has wires/vias outside die area.
[WARNING GRT-0041] Net VPWR has wires/vias outside die area.
[WARNING GRT-0041] Net VPWR has wires/vias outside die area.
[WARNING GRT-0041] Net VPWR has wires/vias outside die area.
[WARNING GRT-0041] Net VPWR has wires/vias outside die area.
[WARNING GRT-0041] Net VPWR has wires/vias outside die area.
[WARNING GRT-0041] Net VPWR has wires/vias outside die area.
[WARNING GRT-0041] Net VPWR has wires/vias outside die area.
[WARNING GRT-0041] Net VGND has wires/vias outside die area.
[WARNING GRT-0041] Net VGND has wires/vias outside die area.
[WARNING GRT-0041] Net VGND has wires/vias outside die area.
[WARNING GRT-0041] Net VGND has wires/vias outside die area.
[WARNING GRT-0041] Net VGND has wires/vias outside die area.
[WARNING GRT-0041] Net VGND has wires/vias outside die area.
[WARNING GRT-0041] Net VGND has wires/vias outside die area.
[WARNING GRT-0041] Net VGND has wires/vias outside die area.
[WARNING GRT-0041] Net VGND has wires/vias outside die area.
[WARNING GRT-0041] Net VGND has wires/vias outside die area.
[WARNING GRT-0041] Net VGND has wires/vias outside die area.
[WARNING GRT-0041] Net VGND has wires/vias outside die area.
[WARNING GRT-0041] Net VGND has wires/vias outside die area.
[WARNING GRT-0041] Net VGND has wires/vias outside die area.
[WARNING GRT-0041] Net VGND has wires/vias outside die area.
[WARNING GRT-0041] Net VGND has wires/vias outside die area.
[WARNING GRT-0041] Net VGND has wires/vias outside die area.
[WARNING GRT-0041] Net VGND has wires/vias outside die area.
[WARNING GRT-0041] Net VGND has wires/vias outside die area.
[WARNING GRT-0041] Net VGND has wires/vias outside die area.
[WARNING GRT-0041] Net VGND has wires/vias outside die area.
[WARNING GRT-0041] Net VGND has wires/vias outside die area.
[WARNING GRT-0041] Net VGND has wires/vias outside die area.
[WARNING GRT-0041] Net VGND has wires/vias outside die area.
[WARNING GRT-0041] Net VGND has wires/vias outside die area.
[WARNING GRT-0041] Net VGND has wires/vias outside die area.
[WARNING GRT-0041] Net VGND has wires/vias outside die area.
[WARNING GRT-0041] Net VGND has wires/vias outside die area.
[WARNING GRT-0041] Net VGND has wires/vias outside die area.
[WARNING GRT-0041] Net VGND has wires/vias outside die area.
[WARNING GRT-0041] Net VGND has wires/vias outside die area.
[WARNING GRT-0041] Net VGND has wires/vias outside die area.
[WARNING GRT-0041] Net VGND has wires/vias outside die area.
[WARNING GRT-0041] Net VGND has wires/vias outside die area.
[WARNING GRT-0041] Net VGND has wires/vias outside die area.
[WARNING GRT-0041] Net VGND has wires/vias outside die area.
[WARNING GRT-0041] Net VGND has wires/vias outside die area.
[WARNING GRT-0041] Net VGND has wires/vias outside die area.
[WARNING GRT-0041] Net VGND has wires/vias outside die area.
[WARNING GRT-0041] Net VGND has wires/vias outside die area.
[WARNING GRT-0041] Net VGND has wires/vias outside die area.
[WARNING GRT-0041] Net VGND has wires/vias outside die area.
[WARNING GRT-0041] Net VGND has wires/vias outside die area.
[WARNING GRT-0041] Net VGND has wires/vias outside die area.
[WARNING GRT-0041] Net VGND has wires/vias outside die area.
[WARNING GRT-0041] Net VGND has wires/vias outside die area.
[WARNING GRT-0041] Net VGND has wires/vias outside die area.
[WARNING GRT-0041] Net VGND has wires/vias outside die area.
[WARNING GRT-0041] Net VGND has wires/vias outside die area.
[WARNING GRT-0041] Net VGND has wires/vias outside die area.
[WARNING GRT-0041] Net VGND has wires/vias outside die area.
[WARNING GRT-0041] Net VGND has wires/vias outside die area.
[WARNING GRT-0041] Net VGND has wires/vias outside die area.
[WARNING GRT-0041] Net VGND has wires/vias outside die area.
[WARNING GRT-0041] Net VGND has wires/vias outside die area.
[WARNING GRT-0041] Net VGND has wires/vias outside die area.
[WARNING GRT-0041] Net VGND has wires/vias outside die area.
[WARNING GRT-0041] Net VGND has wires/vias outside die area.
[WARNING GRT-0041] Net VGND has wires/vias outside die area.
[WARNING GRT-0041] Net VGND has wires/vias outside die area.
[WARNING GRT-0041] Net VGND has wires/vias outside die area.
[WARNING GRT-0041] Net VGND has wires/vias outside die area.
[INFO GRT-0043] No OR_DEFAULT vias defined.
[INFO GRT-0004] Blockages: 704

[INFO GRT-0053] Routing resources analysis:
          Routing      Original      Derated      Resource
Layer     Direction    Resources     Resources    Reduction (%)
---------------------------------------------------------------
li1        Vertical            0             0          0.00%
met1       Horizontal     104328         51512          50.62%
met2       Vertical        78192         51149          34.59%
met3       Horizontal      52128         35649          31.61%
met4       Vertical        31392         18176          42.10%
met5       Horizontal      10368          5112          50.69%
---------------------------------------------------------------

[INFO GRT-0197] Via related to pin nodes: 18088
[INFO GRT-0198] Via related Steiner nodes: 282
[INFO GRT-0199] Via filling finished.
[INFO GRT-0111] Final number of vias: 22444
[INFO GRT-0112] Final usage 3D: 83577

[INFO GRT-0096] Final congestion report:
Layer         Resource        Demand        Usage (%)    Max H / Max V / Total Overflow
---------------------------------------------------------------------------------------
li1                  0             0            0.00%             0 /  0 /  0
met1             51512          8151           15.82%             0 /  0 /  0
met2             51149          7727           15.11%             0 /  0 /  0
met3             35649           296            0.83%             0 /  0 /  0
met4             18176            71            0.39%             0 /  0 /  0
met5              5112             0            0.00%             0 /  0 /  0
---------------------------------------------------------------------------------------
Total           161598         16245           10.05%             0 /  0 /  0

[INFO GRT-0018] Total wirelength: 163267 um
[INFO GRT-0014] Routed nets: 3306
[INFO RSZ-0098] No setup violations found
[INFO RSZ-0033] No hold violations found.
Placement Analysis
---------------------------------
total displacement          0.0 u
average displacement        0.0 u
max displacement            0.0 u
original HPWL          103594.2 u
legalized HPWL         105726.1 u
delta HPWL                    2 %

[INFO DPL-0020] Mirrored 1332 instances
[INFO DPL-0021] HPWL before          105726.1 u
[INFO DPL-0022] HPWL after           103594.2 u
[INFO DPL-0023] HPWL delta               -2.0 %
-congestion_iterations 50 -verbose
[INFO GRT-0020] Min routing layer: met1
[INFO GRT-0021] Max routing layer: met5
[INFO GRT-0022] Global adjustment: 30%
[INFO GRT-0023] Grid origin: (0, 0)
[INFO GRT-0043] No OR_DEFAULT vias defined.
[INFO GRT-0088] Layer li1     Track-Pitch = 0.4600  line-2-Via Pitch: 0.3400
[INFO GRT-0088] Layer met1    Track-Pitch = 0.3400  line-2-Via Pitch: 0.3400
[INFO GRT-0088] Layer met2    Track-Pitch = 0.4600  line-2-Via Pitch: 0.3500
[INFO GRT-0088] Layer met3    Track-Pitch = 0.6800  line-2-Via Pitch: 0.6150
[INFO GRT-0088] Layer met4    Track-Pitch = 0.9200  line-2-Via Pitch: 1.0400
[INFO GRT-0088] Layer met5    Track-Pitch = 3.4000  line-2-Via Pitch: 3.1100
[INFO GRT-0019] Found 4 clock nets.
[INFO GRT-0001] Minimum degree: 2
[INFO GRT-0002] Maximum degree: 13
[INFO GRT-0003] Macros: 0
[WARNING GRT-0041] Net VPWR has wires/vias outside die area.
[WARNING GRT-0041] Net VPWR has wires/vias outside die area.
[WARNING GRT-0041] Net VPWR has wires/vias outside die area.
[WARNING GRT-0041] Net VPWR has wires/vias outside die area.
[WARNING GRT-0041] Net VPWR has wires/vias outside die area.
[WARNING GRT-0041] Net VPWR has wires/vias outside die area.
[WARNING GRT-0041] Net VPWR has wires/vias outside die area.
[WARNING GRT-0041] Net VPWR has wires/vias outside die area.
[WARNING GRT-0041] Net VPWR has wires/vias outside die area.
[WARNING GRT-0041] Net VPWR has wires/vias outside die area.
[WARNING GRT-0041] Net VPWR has wires/vias outside die area.
[WARNING GRT-0041] Net VPWR has wires/vias outside die area.
[WARNING GRT-0041] Net VPWR has wires/vias outside die area.
[WARNING GRT-0041] Net VPWR has wires/vias outside die area.
[WARNING GRT-0041] Net VPWR has wires/vias outside die area.
[WARNING GRT-0041] Net VPWR has wires/vias outside die area.
[WARNING GRT-0041] Net VPWR has wires/vias outside die area.
[WARNING GRT-0041] Net VPWR has wires/vias outside die area.
[WARNING GRT-0041] Net VPWR has wires/vias outside die area.
[WARNING GRT-0041] Net VPWR has wires/vias outside die area.
[WARNING GRT-0041] Net VPWR has wires/vias outside die area.
[WARNING GRT-0041] Net VPWR has wires/vias outside die area.
[WARNING GRT-0041] Net VPWR has wires/vias outside die area.
[WARNING GRT-0041] Net VPWR has wires/vias outside die area.
[WARNING GRT-0041] Net VPWR has wires/vias outside die area.
[WARNING GRT-0041] Net VPWR has wires/vias outside die area.
[WARNING GRT-0041] Net VPWR has wires/vias outside die area.
[WARNING GRT-0041] Net VPWR has wires/vias outside die area.
[WARNING GRT-0041] Net VPWR has wires/vias outside die area.
[WARNING GRT-0041] Net VPWR has wires/vias outside die area.
[WARNING GRT-0041] Net VPWR has wires/vias outside die area.
[WARNING GRT-0041] Net VPWR has wires/vias outside die area.
[WARNING GRT-0041] Net VPWR has wires/vias outside die area.
[WARNING GRT-0041] Net VPWR has wires/vias outside die area.
[WARNING GRT-0041] Net VPWR has wires/vias outside die area.
[WARNING GRT-0041] Net VPWR has wires/vias outside die area.
[WARNING GRT-0041] Net VPWR has wires/vias outside die area.
[WARNING GRT-0041] Net VPWR has wires/vias outside die area.
[WARNING GRT-0041] Net VPWR has wires/vias outside die area.
[WARNING GRT-0041] Net VPWR has wires/vias outside die area.
[WARNING GRT-0041] Net VPWR has wires/vias outside die area.
[WARNING GRT-0041] Net VPWR has wires/vias outside die area.
[WARNING GRT-0041] Net VPWR has wires/vias outside die area.
[WARNING GRT-0041] Net VPWR has wires/vias outside die area.
[WARNING GRT-0041] Net VPWR has wires/vias outside die area.
[WARNING GRT-0041] Net VPWR has wires/vias outside die area.
[WARNING GRT-0041] Net VPWR has wires/vias outside die area.
[WARNING GRT-0041] Net VPWR has wires/vias outside die area.
[WARNING GRT-0041] Net VPWR has wires/vias outside die area.
[WARNING GRT-0041] Net VPWR has wires/vias outside die area.
[WARNING GRT-0041] Net VPWR has wires/vias outside die area.
[WARNING GRT-0041] Net VPWR has wires/vias outside die area.
[WARNING GRT-0041] Net VPWR has wires/vias outside die area.
[WARNING GRT-0041] Net VPWR has wires/vias outside die area.
[WARNING GRT-0041] Net VPWR has wires/vias outside die area.
[WARNING GRT-0041] Net VPWR has wires/vias outside die area.
[WARNING GRT-0041] Net VPWR has wires/vias outside die area.
[WARNING GRT-0041] Net VPWR has wires/vias outside die area.
[WARNING GRT-0041] Net VPWR has wires/vias outside die area.
[WARNING GRT-0041] Net VPWR has wires/vias outside die area.
[WARNING GRT-0041] Net VPWR has wires/vias outside die area.
[WARNING GRT-0041] Net VPWR has wires/vias outside die area.
[WARNING GRT-0041] Net VGND has wires/vias outside die area.
[WARNING GRT-0041] Net VGND has wires/vias outside die area.
[WARNING GRT-0041] Net VGND has wires/vias outside die area.
[WARNING GRT-0041] Net VGND has wires/vias outside die area.
[WARNING GRT-0041] Net VGND has wires/vias outside die area.
[WARNING GRT-0041] Net VGND has wires/vias outside die area.
[WARNING GRT-0041] Net VGND has wires/vias outside die area.
[WARNING GRT-0041] Net VGND has wires/vias outside die area.
[WARNING GRT-0041] Net VGND has wires/vias outside die area.
[WARNING GRT-0041] Net VGND has wires/vias outside die area.
[WARNING GRT-0041] Net VGND has wires/vias outside die area.
[WARNING GRT-0041] Net VGND has wires/vias outside die area.
[WARNING GRT-0041] Net VGND has wires/vias outside die area.
[WARNING GRT-0041] Net VGND has wires/vias outside die area.
[WARNING GRT-0041] Net VGND has wires/vias outside die area.
[WARNING GRT-0041] Net VGND has wires/vias outside die area.
[WARNING GRT-0041] Net VGND has wires/vias outside die area.
[WARNING GRT-0041] Net VGND has wires/vias outside die area.
[WARNING GRT-0041] Net VGND has wires/vias outside die area.
[WARNING GRT-0041] Net VGND has wires/vias outside die area.
[WARNING GRT-0041] Net VGND has wires/vias outside die area.
[WARNING GRT-0041] Net VGND has wires/vias outside die area.
[WARNING GRT-0041] Net VGND has wires/vias outside die area.
[WARNING GRT-0041] Net VGND has wires/vias outside die area.
[WARNING GRT-0041] Net VGND has wires/vias outside die area.
[WARNING GRT-0041] Net VGND has wires/vias outside die area.
[WARNING GRT-0041] Net VGND has wires/vias outside die area.
[WARNING GRT-0041] Net VGND has wires/vias outside die area.
[WARNING GRT-0041] Net VGND has wires/vias outside die area.
[WARNING GRT-0041] Net VGND has wires/vias outside die area.
[WARNING GRT-0041] Net VGND has wires/vias outside die area.
[WARNING GRT-0041] Net VGND has wires/vias outside die area.
[WARNING GRT-0041] Net VGND has wires/vias outside die area.
[WARNING GRT-0041] Net VGND has wires/vias outside die area.
[WARNING GRT-0041] Net VGND has wires/vias outside die area.
[WARNING GRT-0041] Net VGND has wires/vias outside die area.
[WARNING GRT-0041] Net VGND has wires/vias outside die area.
[WARNING GRT-0041] Net VGND has wires/vias outside die area.
[WARNING GRT-0041] Net VGND has wires/vias outside die area.
[WARNING GRT-0041] Net VGND has wires/vias outside die area.
[WARNING GRT-0041] Net VGND has wires/vias outside die area.
[WARNING GRT-0041] Net VGND has wires/vias outside die area.
[WARNING GRT-0041] Net VGND has wires/vias outside die area.
[WARNING GRT-0041] Net VGND has wires/vias outside die area.
[WARNING GRT-0041] Net VGND has wires/vias outside die area.
[WARNING GRT-0041] Net VGND has wires/vias outside die area.
[WARNING GRT-0041] Net VGND has wires/vias outside die area.
[WARNING GRT-0041] Net VGND has wires/vias outside die area.
[WARNING GRT-0041] Net VGND has wires/vias outside die area.
[WARNING GRT-0041] Net VGND has wires/vias outside die area.
[WARNING GRT-0041] Net VGND has wires/vias outside die area.
[WARNING GRT-0041] Net VGND has wires/vias outside die area.
[WARNING GRT-0041] Net VGND has wires/vias outside die area.
[WARNING GRT-0041] Net VGND has wires/vias outside die area.
[WARNING GRT-0041] Net VGND has wires/vias outside die area.
[WARNING GRT-0041] Net VGND has wires/vias outside die area.
[WARNING GRT-0041] Net VGND has wires/vias outside die area.
[WARNING GRT-0041] Net VGND has wires/vias outside die area.
[WARNING GRT-0041] Net VGND has wires/vias outside die area.
[WARNING GRT-0041] Net VGND has wires/vias outside die area.
[WARNING GRT-0041] Net VGND has wires/vias outside die area.
[WARNING GRT-0041] Net VGND has wires/vias outside die area.
[INFO GRT-0043] No OR_DEFAULT vias defined.
[INFO GRT-0004] Blockages: 704

[INFO GRT-0053] Routing resources analysis:
          Routing      Original      Derated      Resource
Layer     Direction    Resources     Resources    Reduction (%)
---------------------------------------------------------------
li1        Vertical            0             0          0.00%
met1       Horizontal     104328         51512          50.62%
met2       Vertical        78192         51149          34.59%
met3       Horizontal      52128         35649          31.61%
met4       Vertical        31392         18176          42.10%
met5       Horizontal      10368          5112          50.69%
---------------------------------------------------------------

[INFO GRT-0197] Via related to pin nodes: 18088
[INFO GRT-0198] Via related Steiner nodes: 282
[INFO GRT-0199] Via filling finished.
[INFO GRT-0111] Final number of vias: 22444
[INFO GRT-0112] Final usage 3D: 83577

[INFO GRT-0096] Final congestion report:
Layer         Resource        Demand        Usage (%)    Max H / Max V / Total Overflow
---------------------------------------------------------------------------------------
li1                  0             0            0.00%             0 /  0 /  0
met1             51512          8151           15.82%             0 /  0 /  0
met2             51149          7727           15.11%             0 /  0 /  0
met3             35649           296            0.83%             0 /  0 /  0
met4             18176            71            0.39%             0 /  0 /  0
met5              5112             0            0.00%             0 /  0 /  0
---------------------------------------------------------------------------------------
Total           161598         16245           10.05%             0 /  0 /  0

[INFO GRT-0018] Total wirelength: 163267 um
[INFO GRT-0014] Routed nets: 3306
Setting global connections for newly added cells…
[INFO] Setting global connections...
Updating metrics…
Cell type report:                       Count       Area
  Fill cell                               350    1313.76
  Tap cell                               3274    4096.43
  Antenna cell                             41     102.60
  Clock buffer                              4      88.84
  Timing Repair Buffer                    275    1724.15
  Inverter                                 62     262.75
  Sequential cell                          16     424.16
  Multi-Input combinational cell         2916   21623.24
  Total                                  6938   29635.92
Writing OpenROAD database to '/home/asic/workspace/asic_project/runs/RUN_2025-05-17_03-48-33/43-openroad-resizertimingpostgrt/dynamic_noise_reduction.odb'…
Writing netlist to '/home/asic/workspace/asic_project/runs/RUN_2025-05-17_03-48-33/43-openroad-resizertimingpostgrt/dynamic_noise_reduction.nl.v'…
Writing powered netlist to '/home/asic/workspace/asic_project/runs/RUN_2025-05-17_03-48-33/43-openroad-resizertimingpostgrt/dynamic_noise_reduction.pnl.v'…
Writing layout to '/home/asic/workspace/asic_project/runs/RUN_2025-05-17_03-48-33/43-openroad-resizertimingpostgrt/dynamic_noise_reduction.def'…
Writing timing constraints to '/home/asic/workspace/asic_project/runs/RUN_2025-05-17_03-48-33/43-openroad-resizertimingpostgrt/dynamic_noise_reduction.sdc'…
