Reading OpenROAD database at '/home/asic/workspace/asic_project/runs/RUN_2025-05-14_18-54-45/20-openroad-generatepdn/dynamic_noise_reduction.odb'…
Reading library file at '/foss/pdks/volare/sky130/versions/0fe599b2afb6708d281543108caf8310912f54af/sky130A/libs.ref/sky130_fd_sc_hd/lib/sky130_fd_sc_hd__tt_025C_1v80.lib'…
Reading design constraints file at '/usr/local/lib/python3.12/dist-packages/openlane/scripts/base.sdc'…
[INFO] Using clock clk…
[INFO] Setting output delay to: 4
[INFO] Setting input delay to: 4
[INFO] Setting load to: 0.033442
[INFO] Setting clock uncertainty to: 0.25
[INFO] Setting clock transition to: 0.1499999999999999944488848768742172978818416595458984375
[INFO] Setting timing derate to: 5%
+ global_placement -density 0.149101 -skip_io -pad_right 0 -pad_left 0 -init_wirelength_coef 0.25
[INFO GPL-0002] DBU: 1000
[INFO GPL-0003] SiteSize: (  0.460  2.720 ) um
[INFO GPL-0004] CoreBBox: (  5.520 10.880 ) ( 994.060 987.360 ) um
[INFO GPL-0006] NumInstances:             17430
[INFO GPL-0007] NumPlaceInstances:         2994
[INFO GPL-0008] NumFixedInstances:        14436
[INFO GPL-0009] NumDummyInstances:            0
[INFO GPL-0010] NumNets:                   3028
[INFO GPL-0011] NumPins:                  11035
[INFO GPL-0012] DieBBox:  (  0.000  0.000 ) ( 1000.000 1000.000 ) um
[INFO GPL-0013] CoreBBox: (  5.520 10.880 ) ( 994.060 987.360 ) um
[INFO GPL-0016] CoreArea:            965289.539 um^2
[INFO GPL-0017] NonPlaceInstsArea:    19859.046 um^2
[INFO GPL-0018] PlaceInstsArea:       30232.746 um^2
[INFO GPL-0019] Util:                     3.198 %
[INFO GPL-0020] StdInstsArea:         30232.746 um^2
[INFO GPL-0021] MacroInstsArea:           0.000 um^2
[INFO GPL-0031] FillerInit:NumGCells:     14101
[INFO GPL-0032] FillerInit:NumGNets:       3028
[INFO GPL-0033] FillerInit:NumGPins:      11035
[INFO GPL-0023] TargetDensity:            0.149
[INFO GPL-0024] AvrgPlaceInstArea:       10.098 um^2
[INFO GPL-0025] IdealBinArea:            67.724 um^2
[INFO GPL-0026] IdealBinCnt:              14253
[INFO GPL-0027] TotalBinArea:        965289.539 um^2
[INFO GPL-0028] BinCnt:        64     64
[INFO GPL-0029] BinSize: ( 15.446 15.258 )
[INFO GPL-0030] NumBins: 4096
[NesterovSolve] Iter:    1 overflow: 0.995 HPWL: 9053504
[NesterovSolve] Iter:   10 overflow: 0.995 HPWL: 5384564
[NesterovSolve] Iter:   20 overflow: 0.995 HPWL: 5324835
[NesterovSolve] Iter:   30 overflow: 0.995 HPWL: 5315671
[NesterovSolve] Iter:   40 overflow: 0.995 HPWL: 5315058
[NesterovSolve] Iter:   50 overflow: 0.995 HPWL: 5315024
[NesterovSolve] Iter:   60 overflow: 0.995 HPWL: 5314967
[NesterovSolve] Iter:   70 overflow: 0.995 HPWL: 5315315
[NesterovSolve] Iter:   80 overflow: 0.995 HPWL: 5316158
[NesterovSolve] Iter:   90 overflow: 0.995 HPWL: 5323212
[NesterovSolve] Iter:  100 overflow: 0.995 HPWL: 5340832
[NesterovSolve] Iter:  110 overflow: 0.995 HPWL: 5380458
[NesterovSolve] Iter:  120 overflow: 0.995 HPWL: 5448987
[NesterovSolve] Iter:  130 overflow: 0.995 HPWL: 5567995
[NesterovSolve] Iter:  140 overflow: 0.993 HPWL: 5796670
[NesterovSolve] Iter:  150 overflow: 0.991 HPWL: 6353444
[NesterovSolve] Iter:  160 overflow: 0.989 HPWL: 8578978
[NesterovSolve] Iter:  170 overflow: 0.970 HPWL: 15011179
[NesterovSolve] Iter:  180 overflow: 0.945 HPWL: 23482215
[NesterovSolve] Iter:  190 overflow: 0.914 HPWL: 30657212
[NesterovSolve] Iter:  200 overflow: 0.899 HPWL: 34146324
[NesterovSolve] Iter:  210 overflow: 0.889 HPWL: 36401038
[NesterovSolve] Iter:  220 overflow: 0.847 HPWL: 43491238
[NesterovSolve] Iter:  230 overflow: 0.793 HPWL: 51385155
[NesterovSolve] Iter:  240 overflow: 0.763 HPWL: 55531528
[NesterovSolve] Iter:  250 overflow: 0.724 HPWL: 61802102
[NesterovSolve] Iter:  260 overflow: 0.662 HPWL: 68334359
[NesterovSolve] Iter:  270 overflow: 0.624 HPWL: 72462010
[NesterovSolve] Iter:  280 overflow: 0.572 HPWL: 76921208
[NesterovSolve] Iter:  290 overflow: 0.514 HPWL: 81546767
[NesterovSolve] Iter:  300 overflow: 0.462 HPWL: 84967002
[NesterovSolve] Iter:  310 overflow: 0.414 HPWL: 87679769
[NesterovSolve] Iter:  320 overflow: 0.359 HPWL: 89466738
[NesterovSolve] Iter:  330 overflow: 0.316 HPWL: 90074428
[NesterovSolve] Iter:  340 overflow: 0.282 HPWL: 90584185
[NesterovSolve] Iter:  350 overflow: 0.252 HPWL: 91474576
[NesterovSolve] Iter:  360 overflow: 0.221 HPWL: 92537884
[NesterovSolve] Iter:  370 overflow: 0.194 HPWL: 93408338
[NesterovSolve] Iter:  380 overflow: 0.171 HPWL: 93905650
[NesterovSolve] Iter:  390 overflow: 0.146 HPWL: 94518241
[NesterovSolve] Iter:  400 overflow: 0.128 HPWL: 95053405
[NesterovSolve] Iter:  410 overflow: 0.112 HPWL: 95133519
[NesterovSolve] Finished with Overflow: 0.098102
[INFO] Setting RC values…
Setting global connections for newly added cells…
[INFO] Setting global connections...
Updating metrics…
Cell type report:                       Count       Area
  Fill cell                               718    2695.08
  Tap cell                              13718   17163.96
  Inverter                                 68     255.24
  Sequential cell                          16     420.40
  Multi-Input combinational cell         2910   29557.10
  Total                                 17430   50091.79
Writing OpenROAD database to '/home/asic/workspace/asic_project/runs/RUN_2025-05-14_18-54-45/23-openroad-globalplacementskipio/dynamic_noise_reduction.odb'…
Writing netlist to '/home/asic/workspace/asic_project/runs/RUN_2025-05-14_18-54-45/23-openroad-globalplacementskipio/dynamic_noise_reduction.nl.v'…
Writing powered netlist to '/home/asic/workspace/asic_project/runs/RUN_2025-05-14_18-54-45/23-openroad-globalplacementskipio/dynamic_noise_reduction.pnl.v'…
Writing layout to '/home/asic/workspace/asic_project/runs/RUN_2025-05-14_18-54-45/23-openroad-globalplacementskipio/dynamic_noise_reduction.def'…
Writing timing constraints to '/home/asic/workspace/asic_project/runs/RUN_2025-05-14_18-54-45/23-openroad-globalplacementskipio/dynamic_noise_reduction.sdc'…
