Clock: clk
Sources: clk 
Generated: no
Virtual: yes
Propagated: no
Period: 13.000000

===========================================================================
report_clock_properties
============================================================================
Clock                   Period          Waveform
----------------------------------------------------
clk                  13.000000    0.000000  6.500000

===========================================================================
report_clock_latency
============================================================================
Clock clk
rise -> rise
    min     max
0.000000 0.000000 source latency
0.621536         network latency y_out_sky130_fd_sc_hd__dfrtp_2_Q_8/CLK
        0.625030 network latency y_out_sky130_fd_sc_hd__dfrtp_2_Q_10/CLK
---------------
0.621536 0.625030 latency
        0.003494 skew

fall -> fall
    min     max
0.000000 0.000000 source latency
0.600889         network latency y_out_sky130_fd_sc_hd__dfrtp_2_Q_8/CLK
        0.603781 network latency y_out_sky130_fd_sc_hd__dfrtp_2_Q_10/CLK
---------------
0.600889 0.603781 latency
        0.002892 skew



===========================================================================
report_clock_min_period
============================================================================
clk period_min = 13.32 fmax = 75.07
