Reading timing models for corner nom_tt_025C_1v80…
Reading timing library for the 'nom_tt_025C_1v80' corner at '/foss/pdks/volare/sky130/versions/0fe599b2afb6708d281543108caf8310912f54af/sky130A/libs.ref/sky130_fd_sc_hd/lib/sky130_fd_sc_hd__tt_025C_1v80.lib'…
Reading timing models for corner nom_ff_n40C_1v95…
Reading timing library for the 'nom_ff_n40C_1v95' corner at '/foss/pdks/volare/sky130/versions/0fe599b2afb6708d281543108caf8310912f54af/sky130A/libs.ref/sky130_fd_sc_hd/lib/sky130_fd_sc_hd__ff_n40C_1v95.lib'…
Reading timing models for corner nom_ss_100C_1v60…
Reading timing library for the 'nom_ss_100C_1v60' corner at '/foss/pdks/volare/sky130/versions/0fe599b2afb6708d281543108caf8310912f54af/sky130A/libs.ref/sky130_fd_sc_hd/lib/sky130_fd_sc_hd__ss_100C_1v60.lib'…
Reading OpenROAD database at '/home/asic/workspace/asic_project/runs/RUN_2025-05-14_18-54-45/27-openroad-globalplacement/dynamic_noise_reduction.odb'…
Reading design constraints file at '/usr/local/lib/python3.12/dist-packages/openlane/scripts/base.sdc'…
[INFO] Using clock clk…
[INFO] Setting output delay to: 4
[INFO] Setting input delay to: 4
[INFO] Setting load to: 0.033442
[INFO] Setting clock uncertainty to: 0.25
[INFO] Setting clock transition to: 0.1499999999999999944488848768742172978818416595458984375
[INFO] Setting timing derate to: 5%
[INFO] Setting RC values…
[INFO RSZ-0027] Inserted 33 input buffers.
[INFO RSZ-0028] Inserted 16 output buffers.
[INFO RSZ-0058] Using max wire length 6335um.
Iteration | Resized | Buffers | Nets repaired | Remaining
---------------------------------------------------------
        0 |       0 |       0 |             0 |      3077
      100 |      85 |       0 |             0 |      2977
      200 |     165 |       0 |             0 |      2877
      300 |     245 |       0 |             0 |      2777
      400 |     326 |       1 |             1 |      2677
      500 |     407 |       1 |             1 |      2577
      600 |     484 |       2 |             2 |      2477
      700 |     564 |       3 |             3 |      2377
      800 |     645 |       4 |             4 |      2277
      900 |     731 |       4 |             4 |      2177
     1000 |     812 |       4 |             4 |      2077
     1100 |     889 |       5 |             5 |      1977
     1200 |     971 |       5 |             5 |      1877
     1300 |    1056 |       5 |             5 |      1777
     1400 |    1136 |       6 |             6 |      1677
     1500 |    1222 |       6 |             6 |      1577
     1600 |    1309 |       6 |             6 |      1477
     1700 |    1400 |       6 |             7 |      1377
     1800 |    1495 |       6 |             7 |      1277
     1900 |    1586 |       7 |             9 |      1177
     2000 |    1680 |       7 |            12 |      1077
     2100 |    1775 |       8 |            26 |       977
     2200 |    1868 |       8 |            39 |       877
     2300 |    1962 |       8 |            51 |       777
     2400 |    2061 |      11 |            60 |       677
     2500 |    2153 |      14 |            71 |       577
     2600 |    2246 |      14 |            72 |       477
     2700 |    2346 |      14 |            74 |       377
     2800 |    2435 |      19 |           103 |       277
     2900 |    2530 |      35 |           139 |       177
     3000 |    2633 |      53 |           186 |        77
    final |    2845 |     227 |           226 |         0
---------------------------------------------------------
[INFO RSZ-0034] Found 173 slew violations.
[INFO RSZ-0035] Found 55 fanout violations.
[INFO RSZ-0038] Inserted 227 buffers in 226 nets.
[INFO RSZ-0039] Resized 2845 instances.
Placement Analysis
---------------------------------
total displacement       5891.9 u
average displacement        0.3 u
max displacement            9.8 u
original HPWL          141183.7 u
legalized HPWL         144947.2 u
delta HPWL                    3 %

[INFO DPL-0020] Mirrored 1478 instances
[INFO DPL-0021] HPWL before          144947.2 u
[INFO DPL-0022] HPWL after           142300.4 u
[INFO DPL-0023] HPWL delta               -1.8 %
[INFO] Setting RC values…
Setting global connections for newly added cells…
[INFO] Setting global connections...
Updating metrics…
Cell type report:                       Count       Area
  Fill cell                               718    2695.08
  Tap cell                              13718   17163.96
  Timing Repair Buffer                    276    1919.34
  Inverter                                 68     292.78
  Sequential cell                          16     437.92
  Multi-Input combinational cell         2910   22733.05
  Total                                 17706   45242.14
Writing OpenROAD database to '/home/asic/workspace/asic_project/runs/RUN_2025-05-14_18-54-45/31-openroad-repairdesignpostgpl/dynamic_noise_reduction.odb'…
Writing netlist to '/home/asic/workspace/asic_project/runs/RUN_2025-05-14_18-54-45/31-openroad-repairdesignpostgpl/dynamic_noise_reduction.nl.v'…
Writing powered netlist to '/home/asic/workspace/asic_project/runs/RUN_2025-05-14_18-54-45/31-openroad-repairdesignpostgpl/dynamic_noise_reduction.pnl.v'…
Writing layout to '/home/asic/workspace/asic_project/runs/RUN_2025-05-14_18-54-45/31-openroad-repairdesignpostgpl/dynamic_noise_reduction.def'…
Writing timing constraints to '/home/asic/workspace/asic_project/runs/RUN_2025-05-14_18-54-45/31-openroad-repairdesignpostgpl/dynamic_noise_reduction.sdc'…
