
===========================================================================
report_checks -unconstrained
===========================================================================
======================= max_ff_n40C_1v95 Corner ===================================

Startpoint: reset (input port clocked by clk)
Endpoint: y_out_sky130_fd_sc_hd__dfrtp_2_Q_5
          (recovery check against rising-edge clock clk)
Path Group: asynchronous
Path Type: max

Fanout         Cap        Slew       Delay        Time   Description
---------------------------------------------------------------------------------------------
                                  0.000000    0.000000   clock clk (rise edge)
                                  0.000000    0.000000   clock network delay (propagated)
                                  3.000000    3.000000 v input external delay
     1    0.003050    0.005080    0.002541    3.002541 v reset (in)
                                                         reset (net)
                      0.005089    0.000000    3.002541 v input17/A (sky130_fd_sc_hd__buf_1)
     2    0.021125    0.085556    0.100080    3.102621 v input17/X (sky130_fd_sc_hd__buf_1)
                                                         net17 (net)
                      0.085654    0.002140    3.104761 v fanout224/A (sky130_fd_sc_hd__buf_4)
    10    0.056606    0.062538    0.147426    3.252187 v fanout224/X (sky130_fd_sc_hd__buf_4)
                                                         net224 (net)
                      0.063284    0.005548    3.257735 v y_out_sky130_fd_sc_hd__dfrtp_2_Q_5_RESET_B_sky130_fd_sc_hd__inv_2_Y/A (sky130_fd_sc_hd__inv_2)
     1    0.004417    0.027060    0.043291    3.301026 ^ y_out_sky130_fd_sc_hd__dfrtp_2_Q_5_RESET_B_sky130_fd_sc_hd__inv_2_Y/Y (sky130_fd_sc_hd__inv_2)
                                                         y_out_sky130_fd_sc_hd__dfrtp_2_Q_5_RESET_B (net)
                      0.027061    0.000239    3.301265 ^ y_out_sky130_fd_sc_hd__dfrtp_2_Q_5/RESET_B (sky130_fd_sc_hd__dfrtp_4)
                                              3.301265   data arrival time

                                 16.000000   16.000000   clock clk (rise edge)
                                  0.000000   16.000000   clock source latency
     1    0.021927    0.077866    0.054348   16.054348 ^ clk (in)
                                                         clk (net)
                      0.077954    0.000000   16.054348 ^ clkbuf_0_clk/A (sky130_fd_sc_hd__clkbuf_16)
     2    0.024563    0.034744    0.100171   16.154518 ^ clkbuf_0_clk/X (sky130_fd_sc_hd__clkbuf_16)
                                                         clknet_0_clk (net)
                      0.034835    0.001432   16.155951 ^ clkbuf_1_0__f_clk/A (sky130_fd_sc_hd__clkbuf_16)
     9    0.031918    0.039456    0.093248   16.249199 ^ clkbuf_1_0__f_clk/X (sky130_fd_sc_hd__clkbuf_16)
                                                         clknet_1_0__leaf_clk (net)
                      0.039466    0.001114   16.250311 ^ y_out_sky130_fd_sc_hd__dfrtp_2_Q_5/CLK (sky130_fd_sc_hd__dfrtp_4)
                                 -0.250000   16.000313   clock uncertainty
                                  0.000000   16.000313   clock reconvergence pessimism
                                  0.133769   16.134081   library recovery time
                                             16.134081   data required time
---------------------------------------------------------------------------------------------
                                             16.134081   data required time
                                             -3.301265   data arrival time
---------------------------------------------------------------------------------------------
                                             12.832816   slack (MET)


Startpoint: alpha[4] (input port clocked by clk)
Endpoint: y_out_sky130_fd_sc_hd__dfrtp_2_Q_1
          (rising edge-triggered flip-flop clocked by clk)
Path Group: clk
Path Type: max

Fanout         Cap        Slew       Delay        Time   Description
---------------------------------------------------------------------------------------------
                                  0.000000    0.000000   clock clk (rise edge)
                                  0.000000    0.000000   clock network delay (propagated)
                                  3.000000    3.000000 ^ input external delay
     1    0.003219    0.015418    0.008379    3.008379 ^ alpha[4] (in)
                                                         alpha[4] (net)
                      0.015420    0.000000    3.008379 ^ input11/A (sky130_fd_sc_hd__clkbuf_1)
     1    0.006489    0.062947    0.069630    3.078009 ^ input11/X (sky130_fd_sc_hd__clkbuf_1)
                                                         net11 (net)
                      0.062952    0.000487    3.078496 ^ fanout262/A (sky130_fd_sc_hd__clkbuf_4)
     5    0.085080    0.194900    0.204903    3.283400 ^ fanout262/X (sky130_fd_sc_hd__clkbuf_4)
                                                         net262 (net)
                      0.194934    0.002217    3.285616 ^ fanout257/A (sky130_fd_sc_hd__dlymetal6s2s_1)
     5    0.024737    0.198195    0.193231    3.478848 ^ fanout257/X (sky130_fd_sc_hd__dlymetal6s2s_1)
                                                         net257 (net)
                      0.198198    0.000706    3.479554 ^ fanout256/A (sky130_fd_sc_hd__buf_2)
    10    0.041352    0.153581    0.182992    3.662545 ^ fanout256/X (sky130_fd_sc_hd__buf_2)
                                                         net256 (net)
                      0.153593    0.001140    3.663686 ^ y_out_sky130_fd_sc_hd__dfrtp_2_Q_4_D_sky130_fd_sc_hd__xor2_2_X_B_sky130_fd_sc_hd__nor2_2_Y_B_sky130_fd_sc_hd__and3_2_X_B_sky130_fd_sc_hd__or2_2_X_A_sky130_fd_sc_hd__nand2_2_Y_A_sky130_fd_sc_hd__a21o_2_X_B1_sky130_fd_sc_hd__o21a_2_X_A1_sky130_fd_sc_hd__and2b_2_X_A_N_sky130_fd_sc_hd__a21oi_2_Y_B1_sky130_fd_sc_hd__and3_2_X_B_sky130_fd_sc_hd__a21o_2_X_B1_sky130_fd_sc_hd__and3_2_X_B_sky130_fd_sc_hd__a31o_2_X_B1_sky130_fd_sc_hd__and3_2_X/C (sky130_fd_sc_hd__and3_1)
     3    0.009458    0.079788    0.140628    3.804314 ^ y_out_sky130_fd_sc_hd__dfrtp_2_Q_4_D_sky130_fd_sc_hd__xor2_2_X_B_sky130_fd_sc_hd__nor2_2_Y_B_sky130_fd_sc_hd__and3_2_X_B_sky130_fd_sc_hd__or2_2_X_A_sky130_fd_sc_hd__nand2_2_Y_A_sky130_fd_sc_hd__a21o_2_X_B1_sky130_fd_sc_hd__o21a_2_X_A1_sky130_fd_sc_hd__and2b_2_X_A_N_sky130_fd_sc_hd__a21oi_2_Y_B1_sky130_fd_sc_hd__and3_2_X_B_sky130_fd_sc_hd__a21o_2_X_B1_sky130_fd_sc_hd__and3_2_X_B_sky130_fd_sc_hd__a31o_2_X_B1_sky130_fd_sc_hd__and3_2_X/X (sky130_fd_sc_hd__and3_1)
                                                         y_out_sky130_fd_sc_hd__dfrtp_2_Q_4_D_sky130_fd_sc_hd__xor2_2_X_B_sky130_fd_sc_hd__nor2_2_Y_B_sky130_fd_sc_hd__and3_2_X_B_sky130_fd_sc_hd__or2_2_X_A_sky130_fd_sc_hd__nand2_2_Y_A_sky130_fd_sc_hd__a21o_2_X_B1_sky130_fd_sc_hd__o21a_2_X_A1_sky130_fd_sc_hd__and2b_2_X_A_N_sky130_fd_sc_hd__a21oi_2_Y_B1_sky130_fd_sc_hd__and3_2_X_B_sky130_fd_sc_hd__a21o_2_X_B1_sky130_fd_sc_hd__and3_2_X_B_sky130_fd_sc_hd__a31o_2_X_B1 (net)
                      0.079790    0.000504    3.804817 ^ y_out_sky130_fd_sc_hd__dfrtp_2_Q_4_D_sky130_fd_sc_hd__xor2_2_X_B_sky130_fd_sc_hd__nor2_2_Y_B_sky130_fd_sc_hd__and3_2_X_B_sky130_fd_sc_hd__or2_2_X_A_sky130_fd_sc_hd__nand2_2_Y_A_sky130_fd_sc_hd__a21o_2_X_B1_sky130_fd_sc_hd__o21a_2_X_A1_sky130_fd_sc_hd__and2b_2_X_A_N_sky130_fd_sc_hd__a21oi_2_Y_B1_sky130_fd_sc_hd__and3_2_X_B_sky130_fd_sc_hd__a21o_2_X_B1_sky130_fd_sc_hd__and3_2_X_B_sky130_fd_sc_hd__a31o_2_X_A3_sky130_fd_sc_hd__and2b_2_B/A_N (sky130_fd_sc_hd__and2b_1)
     2    0.014266    0.057025    0.146142    3.950960 v y_out_sky130_fd_sc_hd__dfrtp_2_Q_4_D_sky130_fd_sc_hd__xor2_2_X_B_sky130_fd_sc_hd__nor2_2_Y_B_sky130_fd_sc_hd__and3_2_X_B_sky130_fd_sc_hd__or2_2_X_A_sky130_fd_sc_hd__nand2_2_Y_A_sky130_fd_sc_hd__a21o_2_X_B1_sky130_fd_sc_hd__o21a_2_X_A1_sky130_fd_sc_hd__and2b_2_X_A_N_sky130_fd_sc_hd__a21oi_2_Y_B1_sky130_fd_sc_hd__and3_2_X_B_sky130_fd_sc_hd__a21o_2_X_B1_sky130_fd_sc_hd__and3_2_X_B_sky130_fd_sc_hd__a31o_2_X_A3_sky130_fd_sc_hd__and2b_2_B/X (sky130_fd_sc_hd__and2b_1)
                                                         y_out_sky130_fd_sc_hd__dfrtp_2_Q_4_D_sky130_fd_sc_hd__xor2_2_X_B_sky130_fd_sc_hd__nor2_2_Y_B_sky130_fd_sc_hd__and3_2_X_B_sky130_fd_sc_hd__or2_2_X_A_sky130_fd_sc_hd__nand2_2_Y_A_sky130_fd_sc_hd__a21o_2_X_B1_sky130_fd_sc_hd__o21a_2_X_A1_sky130_fd_sc_hd__and2b_2_X_A_N_sky130_fd_sc_hd__a21oi_2_Y_B1_sky130_fd_sc_hd__and3_2_X_B_sky130_fd_sc_hd__a21o_2_X_B1_sky130_fd_sc_hd__and3_2_X_B_sky130_fd_sc_hd__a31o_2_X_A3_sky130_fd_sc_hd__and2b_2_B_X (net)
                      0.057045    0.001009    3.951968 v y_out_sky130_fd_sc_hd__dfrtp_2_Q_4_D_sky130_fd_sc_hd__xor2_2_X_B_sky130_fd_sc_hd__nor2_2_Y_B_sky130_fd_sc_hd__and3_2_X_B_sky130_fd_sc_hd__or2_2_X_A_sky130_fd_sc_hd__nand2_2_Y_A_sky130_fd_sc_hd__a21o_2_X_B1_sky130_fd_sc_hd__o21a_2_X_A1_sky130_fd_sc_hd__and2b_2_X_A_N_sky130_fd_sc_hd__a21oi_2_Y_B1_sky130_fd_sc_hd__and3_2_X_B_sky130_fd_sc_hd__a21o_2_X_B1_sky130_fd_sc_hd__and3_2_X_B_sky130_fd_sc_hd__a31o_2_X_A3_sky130_fd_sc_hd__and2b_2_B_X_sky130_fd_sc_hd__xor2_2_A/A (sky130_fd_sc_hd__xor2_2)
     6    0.020081    0.204742    0.204965    4.156934 ^ y_out_sky130_fd_sc_hd__dfrtp_2_Q_4_D_sky130_fd_sc_hd__xor2_2_X_B_sky130_fd_sc_hd__nor2_2_Y_B_sky130_fd_sc_hd__and3_2_X_B_sky130_fd_sc_hd__or2_2_X_A_sky130_fd_sc_hd__nand2_2_Y_A_sky130_fd_sc_hd__a21o_2_X_B1_sky130_fd_sc_hd__o21a_2_X_A1_sky130_fd_sc_hd__and2b_2_X_A_N_sky130_fd_sc_hd__a21oi_2_Y_B1_sky130_fd_sc_hd__and3_2_X_B_sky130_fd_sc_hd__a21o_2_X_B1_sky130_fd_sc_hd__and3_2_X_B_sky130_fd_sc_hd__a31o_2_X_A3_sky130_fd_sc_hd__and2b_2_B_X_sky130_fd_sc_hd__xor2_2_A/X (sky130_fd_sc_hd__xor2_2)
                                                         y_out_sky130_fd_sc_hd__dfrtp_2_Q_4_D_sky130_fd_sc_hd__xor2_2_X_B_sky130_fd_sc_hd__nor2_2_Y_B_sky130_fd_sc_hd__and3_2_X_B_sky130_fd_sc_hd__or2_2_X_A_sky130_fd_sc_hd__nand2_2_Y_A_sky130_fd_sc_hd__a21o_2_X_B1_sky130_fd_sc_hd__o21a_2_X_A1_sky130_fd_sc_hd__and2b_2_X_A_N_sky130_fd_sc_hd__a21oi_2_Y_B1_sky130_fd_sc_hd__and3_2_X_B_sky130_fd_sc_hd__a21o_2_X_B1_sky130_fd_sc_hd__and3_2_X_B_sky130_fd_sc_hd__a31o_2_X_A3_sky130_fd_sc_hd__and2b_2_B_X_sky130_fd_sc_hd__xor2_2_A_X (net)
                      0.204753    0.001189    4.158123 ^ y_out_sky130_fd_sc_hd__dfrtp_2_Q_4_D_sky130_fd_sc_hd__xor2_2_X_B_sky130_fd_sc_hd__nor2_2_Y_B_sky130_fd_sc_hd__and3_2_X_B_sky130_fd_sc_hd__or2_2_X_A_sky130_fd_sc_hd__nand2_2_Y_A_sky130_fd_sc_hd__a21o_2_X_B1_sky130_fd_sc_hd__o21a_2_X_A1_sky130_fd_sc_hd__and2b_2_X_A_N_sky130_fd_sc_hd__a21oi_2_Y_B1_sky130_fd_sc_hd__and3_2_X_B_sky130_fd_sc_hd__a21o_2_X_B1_sky130_fd_sc_hd__and3_2_X_B_sky130_fd_sc_hd__a31o_2_X_A3_sky130_fd_sc_hd__and2b_2_B_X_sky130_fd_sc_hd__xor2_2_A_X_sky130_fd_sc_hd__mux2_1_S/S (sky130_fd_sc_hd__mux2_2)
     8    0.026600    0.078468    0.260165    4.418287 v y_out_sky130_fd_sc_hd__dfrtp_2_Q_4_D_sky130_fd_sc_hd__xor2_2_X_B_sky130_fd_sc_hd__nor2_2_Y_B_sky130_fd_sc_hd__and3_2_X_B_sky130_fd_sc_hd__or2_2_X_A_sky130_fd_sc_hd__nand2_2_Y_A_sky130_fd_sc_hd__a21o_2_X_B1_sky130_fd_sc_hd__o21a_2_X_A1_sky130_fd_sc_hd__and2b_2_X_A_N_sky130_fd_sc_hd__a21oi_2_Y_B1_sky130_fd_sc_hd__and3_2_X_B_sky130_fd_sc_hd__a21o_2_X_B1_sky130_fd_sc_hd__and3_2_X_B_sky130_fd_sc_hd__a31o_2_X_A3_sky130_fd_sc_hd__and2b_2_B_X_sky130_fd_sc_hd__xor2_2_A_X_sky130_fd_sc_hd__mux2_1_S/X (sky130_fd_sc_hd__mux2_2)
                                                         y_out_sky130_fd_sc_hd__dfrtp_2_Q_1_D_sky130_fd_sc_hd__xnor2_2_Y_A_sky130_fd_sc_hd__xor2_2_X_B_sky130_fd_sc_hd__o21bai_2_Y_A1_sky130_fd_sc_hd__a21o_2_X_A1_sky130_fd_sc_hd__o21ai_2_Y_A1_sky130_fd_sc_hd__and2b_2_X_B_sky130_fd_sc_hd__a21bo_2_X_A2_sky130_fd_sc_hd__a21o_2_X_B1_sky130_fd_sc_hd__a21bo_2_X_A2_sky130_fd_sc_hd__nand3_2_C_Y_sky130_fd_sc_hd__nand3_2_B_A (net)
                      0.078491    0.001322    4.419610 v y_out_sky130_fd_sc_hd__dfrtp_2_Q_3_D_sky130_fd_sc_hd__xnor2_2_Y_A_sky130_fd_sc_hd__xnor2_2_Y_B_sky130_fd_sc_hd__a21bo_2_X_A2_sky130_fd_sc_hd__xnor2_2_Y_A_sky130_fd_sc_hd__o21ba_2_X_A1_sky130_fd_sc_hd__o21a_2_X_B1_sky130_fd_sc_hd__o21ba_2_X_A1_sky130_fd_sc_hd__a211oi_2_Y_C1_sky130_fd_sc_hd__nor3_2_Y_B_sky130_fd_sc_hd__o211a_2_X_B1_sky130_fd_sc_hd__nand3_2_Y_C_sky130_fd_sc_hd__a31o_2_X/A1 (sky130_fd_sc_hd__a31o_1)
     3    0.008033    0.043676    0.142604    4.562214 v y_out_sky130_fd_sc_hd__dfrtp_2_Q_3_D_sky130_fd_sc_hd__xnor2_2_Y_A_sky130_fd_sc_hd__xnor2_2_Y_B_sky130_fd_sc_hd__a21bo_2_X_A2_sky130_fd_sc_hd__xnor2_2_Y_A_sky130_fd_sc_hd__o21ba_2_X_A1_sky130_fd_sc_hd__o21a_2_X_B1_sky130_fd_sc_hd__o21ba_2_X_A1_sky130_fd_sc_hd__a211oi_2_Y_C1_sky130_fd_sc_hd__nor3_2_Y_B_sky130_fd_sc_hd__o211a_2_X_B1_sky130_fd_sc_hd__nand3_2_Y_C_sky130_fd_sc_hd__a31o_2_X/X (sky130_fd_sc_hd__a31o_1)
                                                         y_out_sky130_fd_sc_hd__dfrtp_2_Q_3_D_sky130_fd_sc_hd__xnor2_2_Y_A_sky130_fd_sc_hd__xnor2_2_Y_B_sky130_fd_sc_hd__a21bo_2_X_A2_sky130_fd_sc_hd__xnor2_2_Y_A_sky130_fd_sc_hd__o21ba_2_X_A1_sky130_fd_sc_hd__o21a_2_X_B1_sky130_fd_sc_hd__o21ba_2_X_A1_sky130_fd_sc_hd__a211oi_2_Y_C1_sky130_fd_sc_hd__nor3_2_Y_B_sky130_fd_sc_hd__o211a_2_X_B1_sky130_fd_sc_hd__nand3_2_Y_C (net)
                      0.043681    0.000490    4.562704 v y_out_sky130_fd_sc_hd__dfrtp_2_Q_3_D_sky130_fd_sc_hd__xnor2_2_Y_A_sky130_fd_sc_hd__xnor2_2_Y_B_sky130_fd_sc_hd__a21bo_2_X_A2_sky130_fd_sc_hd__xnor2_2_Y_A_sky130_fd_sc_hd__o21ba_2_X_A1_sky130_fd_sc_hd__o21a_2_X_B1_sky130_fd_sc_hd__o21ba_2_X_A1_sky130_fd_sc_hd__a211oi_2_Y_C1_sky130_fd_sc_hd__nor3_2_Y_B_sky130_fd_sc_hd__o211a_2_X_C1_sky130_fd_sc_hd__or4_2_X_A_sky130_fd_sc_hd__and3_2_X/C (sky130_fd_sc_hd__and3_1)
     2    0.005466    0.035125    0.124944    4.687648 v y_out_sky130_fd_sc_hd__dfrtp_2_Q_3_D_sky130_fd_sc_hd__xnor2_2_Y_A_sky130_fd_sc_hd__xnor2_2_Y_B_sky130_fd_sc_hd__a21bo_2_X_A2_sky130_fd_sc_hd__xnor2_2_Y_A_sky130_fd_sc_hd__o21ba_2_X_A1_sky130_fd_sc_hd__o21a_2_X_B1_sky130_fd_sc_hd__o21ba_2_X_A1_sky130_fd_sc_hd__a211oi_2_Y_C1_sky130_fd_sc_hd__nor3_2_Y_B_sky130_fd_sc_hd__o211a_2_X_C1_sky130_fd_sc_hd__or4_2_X_A_sky130_fd_sc_hd__and3_2_X/X (sky130_fd_sc_hd__and3_1)
                                                         y_out_sky130_fd_sc_hd__dfrtp_2_Q_3_D_sky130_fd_sc_hd__xnor2_2_Y_A_sky130_fd_sc_hd__xnor2_2_Y_B_sky130_fd_sc_hd__a21bo_2_X_A2_sky130_fd_sc_hd__xnor2_2_Y_A_sky130_fd_sc_hd__o21ba_2_X_A1_sky130_fd_sc_hd__o21a_2_X_B1_sky130_fd_sc_hd__o21ba_2_X_A1_sky130_fd_sc_hd__a211oi_2_Y_C1_sky130_fd_sc_hd__nor3_2_Y_B_sky130_fd_sc_hd__o211a_2_X_C1_sky130_fd_sc_hd__or4_2_X_A (net)
                      0.035127    0.000300    4.687947 v y_out_sky130_fd_sc_hd__dfrtp_2_Q_3_D_sky130_fd_sc_hd__xnor2_2_Y_A_sky130_fd_sc_hd__xnor2_2_Y_B_sky130_fd_sc_hd__a21bo_2_X_A2_sky130_fd_sc_hd__xnor2_2_Y_A_sky130_fd_sc_hd__o21ba_2_X_A1_sky130_fd_sc_hd__o21a_2_X_B1_sky130_fd_sc_hd__o21ba_2_X_A1_sky130_fd_sc_hd__a211oi_2_Y_C1_sky130_fd_sc_hd__nor3_2_Y_B_sky130_fd_sc_hd__o211a_2_X_C1_sky130_fd_sc_hd__or4_2_X/A (sky130_fd_sc_hd__or4_1)
     2    0.008139    0.076629    0.323341    5.011289 v y_out_sky130_fd_sc_hd__dfrtp_2_Q_3_D_sky130_fd_sc_hd__xnor2_2_Y_A_sky130_fd_sc_hd__xnor2_2_Y_B_sky130_fd_sc_hd__a21bo_2_X_A2_sky130_fd_sc_hd__xnor2_2_Y_A_sky130_fd_sc_hd__o21ba_2_X_A1_sky130_fd_sc_hd__o21a_2_X_B1_sky130_fd_sc_hd__o21ba_2_X_A1_sky130_fd_sc_hd__a211oi_2_Y_C1_sky130_fd_sc_hd__nor3_2_Y_B_sky130_fd_sc_hd__o211a_2_X_C1_sky130_fd_sc_hd__or4_2_X/X (sky130_fd_sc_hd__or4_1)
                                                         y_out_sky130_fd_sc_hd__dfrtp_2_Q_3_D_sky130_fd_sc_hd__xnor2_2_Y_A_sky130_fd_sc_hd__xnor2_2_Y_B_sky130_fd_sc_hd__a21bo_2_X_A2_sky130_fd_sc_hd__xnor2_2_Y_A_sky130_fd_sc_hd__o21ba_2_X_A1_sky130_fd_sc_hd__o21a_2_X_B1_sky130_fd_sc_hd__o21ba_2_X_A1_sky130_fd_sc_hd__a211oi_2_Y_C1_sky130_fd_sc_hd__nor3_2_Y_B_sky130_fd_sc_hd__o211a_2_X_C1 (net)
                      0.076630    0.000465    5.011754 v y_out_sky130_fd_sc_hd__dfrtp_2_Q_3_D_sky130_fd_sc_hd__xnor2_2_Y_A_sky130_fd_sc_hd__xnor2_2_Y_B_sky130_fd_sc_hd__a21bo_2_X_A2_sky130_fd_sc_hd__xnor2_2_Y_A_sky130_fd_sc_hd__o21ba_2_X_A1_sky130_fd_sc_hd__o21a_2_X_B1_sky130_fd_sc_hd__o21ba_2_X_A1_sky130_fd_sc_hd__a211oi_2_Y_C1_sky130_fd_sc_hd__nor3_2_Y_B_sky130_fd_sc_hd__o211a_2_X_B1_sky130_fd_sc_hd__a211oi_2_A1/A2 (sky130_fd_sc_hd__a211oi_2)
     4    0.018283    0.267106    0.275766    5.287519 ^ y_out_sky130_fd_sc_hd__dfrtp_2_Q_3_D_sky130_fd_sc_hd__xnor2_2_Y_A_sky130_fd_sc_hd__xnor2_2_Y_B_sky130_fd_sc_hd__a21bo_2_X_A2_sky130_fd_sc_hd__xnor2_2_Y_A_sky130_fd_sc_hd__o21ba_2_X_A1_sky130_fd_sc_hd__o21a_2_X_B1_sky130_fd_sc_hd__o21ba_2_X_A1_sky130_fd_sc_hd__a211oi_2_Y_C1_sky130_fd_sc_hd__nor3_2_Y_B_sky130_fd_sc_hd__o211a_2_X_B1_sky130_fd_sc_hd__a211oi_2_A1/Y (sky130_fd_sc_hd__a211oi_2)
                                                         y_out_sky130_fd_sc_hd__dfrtp_2_Q_3_D_sky130_fd_sc_hd__xnor2_2_Y_A_sky130_fd_sc_hd__xnor2_2_Y_B_sky130_fd_sc_hd__a21bo_2_X_A2_sky130_fd_sc_hd__xnor2_2_Y_A_sky130_fd_sc_hd__o21ba_2_X_A1_sky130_fd_sc_hd__o21a_2_X_B1_sky130_fd_sc_hd__o21ba_2_X_A1_sky130_fd_sc_hd__a211oi_2_Y_C1_sky130_fd_sc_hd__nor3_2_Y_B_sky130_fd_sc_hd__o211a_2_X_B1_sky130_fd_sc_hd__a211oi_2_A1_Y (net)
                      0.267128    0.001894    5.289413 ^ y_out_sky130_fd_sc_hd__dfrtp_2_Q_3_D_sky130_fd_sc_hd__xnor2_2_Y_A_sky130_fd_sc_hd__xnor2_2_Y_B_sky130_fd_sc_hd__a21bo_2_X_A2_sky130_fd_sc_hd__xnor2_2_Y_A_sky130_fd_sc_hd__o21ba_2_X_A1_sky130_fd_sc_hd__o21a_2_X_B1_sky130_fd_sc_hd__o21ba_2_X_A1_sky130_fd_sc_hd__a211oi_2_Y_C1_sky130_fd_sc_hd__nor3_2_Y/A (sky130_fd_sc_hd__nor3_1)
     3    0.007679    0.080670    0.069744    5.359158 v y_out_sky130_fd_sc_hd__dfrtp_2_Q_3_D_sky130_fd_sc_hd__xnor2_2_Y_A_sky130_fd_sc_hd__xnor2_2_Y_B_sky130_fd_sc_hd__a21bo_2_X_A2_sky130_fd_sc_hd__xnor2_2_Y_A_sky130_fd_sc_hd__o21ba_2_X_A1_sky130_fd_sc_hd__o21a_2_X_B1_sky130_fd_sc_hd__o21ba_2_X_A1_sky130_fd_sc_hd__a211oi_2_Y_C1_sky130_fd_sc_hd__nor3_2_Y/Y (sky130_fd_sc_hd__nor3_1)
                                                         y_out_sky130_fd_sc_hd__dfrtp_2_Q_3_D_sky130_fd_sc_hd__xnor2_2_Y_A_sky130_fd_sc_hd__xnor2_2_Y_B_sky130_fd_sc_hd__a21bo_2_X_A2_sky130_fd_sc_hd__xnor2_2_Y_A_sky130_fd_sc_hd__o21ba_2_X_A1_sky130_fd_sc_hd__o21a_2_X_B1_sky130_fd_sc_hd__o21ba_2_X_A1_sky130_fd_sc_hd__a211oi_2_Y_C1 (net)
                      0.080671    0.000531    5.359689 v y_out_sky130_fd_sc_hd__dfrtp_2_Q_5_D_sky130_fd_sc_hd__xnor2_2_Y_A_sky130_fd_sc_hd__nor2_2_Y_B_sky130_fd_sc_hd__and3_2_X_B_sky130_fd_sc_hd__or2_2_X_A_sky130_fd_sc_hd__xnor2_2_Y_A_sky130_fd_sc_hd__xnor2_2_Y_B_sky130_fd_sc_hd__o21ba_2_X_A1_sky130_fd_sc_hd__xnor2_2_Y_A_sky130_fd_sc_hd__or2_2_X/A (sky130_fd_sc_hd__or2_1)
     2    0.008019    0.049570    0.167289    5.526978 v y_out_sky130_fd_sc_hd__dfrtp_2_Q_5_D_sky130_fd_sc_hd__xnor2_2_Y_A_sky130_fd_sc_hd__nor2_2_Y_B_sky130_fd_sc_hd__and3_2_X_B_sky130_fd_sc_hd__or2_2_X_A_sky130_fd_sc_hd__xnor2_2_Y_A_sky130_fd_sc_hd__xnor2_2_Y_B_sky130_fd_sc_hd__o21ba_2_X_A1_sky130_fd_sc_hd__xnor2_2_Y_A_sky130_fd_sc_hd__or2_2_X/X (sky130_fd_sc_hd__or2_1)
                                                         y_out_sky130_fd_sc_hd__dfrtp_2_Q_5_D_sky130_fd_sc_hd__xnor2_2_Y_A_sky130_fd_sc_hd__nor2_2_Y_B_sky130_fd_sc_hd__and3_2_X_B_sky130_fd_sc_hd__or2_2_X_A_sky130_fd_sc_hd__xnor2_2_Y_A_sky130_fd_sc_hd__xnor2_2_Y_B_sky130_fd_sc_hd__o21ba_2_X_A1_sky130_fd_sc_hd__xnor2_2_Y_A (net)
                      0.049575    0.000548    5.527525 v y_out_sky130_fd_sc_hd__dfrtp_2_Q_5_D_sky130_fd_sc_hd__xnor2_2_Y_A_sky130_fd_sc_hd__nor2_2_Y_B_sky130_fd_sc_hd__and3_2_X_B_sky130_fd_sc_hd__or2_2_X_A_sky130_fd_sc_hd__xnor2_2_Y_A_sky130_fd_sc_hd__xnor2_2_Y_B_sky130_fd_sc_hd__o21ba_2_X_A1_sky130_fd_sc_hd__xnor2_2_Y/A (sky130_fd_sc_hd__xnor2_1)
     2    0.008338    0.158392    0.162365    5.689890 ^ y_out_sky130_fd_sc_hd__dfrtp_2_Q_5_D_sky130_fd_sc_hd__xnor2_2_Y_A_sky130_fd_sc_hd__nor2_2_Y_B_sky130_fd_sc_hd__and3_2_X_B_sky130_fd_sc_hd__or2_2_X_A_sky130_fd_sc_hd__xnor2_2_Y_A_sky130_fd_sc_hd__xnor2_2_Y_B_sky130_fd_sc_hd__o21ba_2_X_A1_sky130_fd_sc_hd__xnor2_2_Y/Y (sky130_fd_sc_hd__xnor2_1)
                                                         y_out_sky130_fd_sc_hd__dfrtp_2_Q_5_D_sky130_fd_sc_hd__xnor2_2_Y_A_sky130_fd_sc_hd__nor2_2_Y_B_sky130_fd_sc_hd__and3_2_X_B_sky130_fd_sc_hd__or2_2_X_A_sky130_fd_sc_hd__xnor2_2_Y_A_sky130_fd_sc_hd__xnor2_2_Y_B_sky130_fd_sc_hd__o21ba_2_X_A1 (net)
                      0.158395    0.000584    5.690475 ^ y_out_sky130_fd_sc_hd__dfrtp_2_Q_7_D_sky130_fd_sc_hd__xnor2_2_Y_A_sky130_fd_sc_hd__xor2_2_X_B_sky130_fd_sc_hd__xnor2_2_Y_B_sky130_fd_sc_hd__xor2_2_X_A_sky130_fd_sc_hd__xnor2_2_Y_B_sky130_fd_sc_hd__xnor2_2_Y_A_sky130_fd_sc_hd__xor2_2_X/A (sky130_fd_sc_hd__xor2_1)
     2    0.014495    0.232196    0.207875    5.898350 ^ y_out_sky130_fd_sc_hd__dfrtp_2_Q_7_D_sky130_fd_sc_hd__xnor2_2_Y_A_sky130_fd_sc_hd__xor2_2_X_B_sky130_fd_sc_hd__xnor2_2_Y_B_sky130_fd_sc_hd__xor2_2_X_A_sky130_fd_sc_hd__xnor2_2_Y_B_sky130_fd_sc_hd__xnor2_2_Y_A_sky130_fd_sc_hd__xor2_2_X/X (sky130_fd_sc_hd__xor2_1)
                                                         y_out_sky130_fd_sc_hd__dfrtp_2_Q_7_D_sky130_fd_sc_hd__xnor2_2_Y_A_sky130_fd_sc_hd__xor2_2_X_B_sky130_fd_sc_hd__xnor2_2_Y_B_sky130_fd_sc_hd__xor2_2_X_A_sky130_fd_sc_hd__xnor2_2_Y_B_sky130_fd_sc_hd__xnor2_2_Y_A (net)
                      0.232208    0.001361    5.899711 ^ y_out_sky130_fd_sc_hd__dfrtp_2_Q_7_D_sky130_fd_sc_hd__xnor2_2_Y_A_sky130_fd_sc_hd__xor2_2_X_B_sky130_fd_sc_hd__xnor2_2_Y_B_sky130_fd_sc_hd__xor2_2_X_A_sky130_fd_sc_hd__xnor2_2_Y_B_sky130_fd_sc_hd__xnor2_2_Y/A (sky130_fd_sc_hd__xnor2_1)
     2    0.008231    0.075063    0.083092    5.982803 v y_out_sky130_fd_sc_hd__dfrtp_2_Q_7_D_sky130_fd_sc_hd__xnor2_2_Y_A_sky130_fd_sc_hd__xor2_2_X_B_sky130_fd_sc_hd__xnor2_2_Y_B_sky130_fd_sc_hd__xor2_2_X_A_sky130_fd_sc_hd__xnor2_2_Y_B_sky130_fd_sc_hd__xnor2_2_Y/Y (sky130_fd_sc_hd__xnor2_1)
                                                         y_out_sky130_fd_sc_hd__dfrtp_2_Q_7_D_sky130_fd_sc_hd__xnor2_2_Y_A_sky130_fd_sc_hd__xor2_2_X_B_sky130_fd_sc_hd__xnor2_2_Y_B_sky130_fd_sc_hd__xor2_2_X_A_sky130_fd_sc_hd__xnor2_2_Y_B (net)
                      0.075093    0.000516    5.983319 v y_out_sky130_fd_sc_hd__dfrtp_2_Q_7_D_sky130_fd_sc_hd__xnor2_2_Y_A_sky130_fd_sc_hd__xor2_2_X_B_sky130_fd_sc_hd__xnor2_2_Y_B_sky130_fd_sc_hd__xor2_2_X_A_sky130_fd_sc_hd__xnor2_2_Y/B (sky130_fd_sc_hd__xnor2_1)
     2    0.010167    0.184230    0.178591    6.161910 ^ y_out_sky130_fd_sc_hd__dfrtp_2_Q_7_D_sky130_fd_sc_hd__xnor2_2_Y_A_sky130_fd_sc_hd__xor2_2_X_B_sky130_fd_sc_hd__xnor2_2_Y_B_sky130_fd_sc_hd__xor2_2_X_A_sky130_fd_sc_hd__xnor2_2_Y/Y (sky130_fd_sc_hd__xnor2_1)
                                                         y_out_sky130_fd_sc_hd__dfrtp_2_Q_7_D_sky130_fd_sc_hd__xnor2_2_Y_A_sky130_fd_sc_hd__xor2_2_X_B_sky130_fd_sc_hd__xnor2_2_Y_B_sky130_fd_sc_hd__xor2_2_X_A (net)
                      0.184235    0.000818    6.162728 ^ y_out_sky130_fd_sc_hd__dfrtp_2_Q_7_D_sky130_fd_sc_hd__xnor2_2_Y_A_sky130_fd_sc_hd__xor2_2_X_B_sky130_fd_sc_hd__xnor2_2_Y_B_sky130_fd_sc_hd__xor2_2_X/A (sky130_fd_sc_hd__xor2_1)
     2    0.008414    0.151915    0.147898    6.310626 ^ y_out_sky130_fd_sc_hd__dfrtp_2_Q_7_D_sky130_fd_sc_hd__xnor2_2_Y_A_sky130_fd_sc_hd__xor2_2_X_B_sky130_fd_sc_hd__xnor2_2_Y_B_sky130_fd_sc_hd__xor2_2_X/X (sky130_fd_sc_hd__xor2_1)
                                                         y_out_sky130_fd_sc_hd__dfrtp_2_Q_7_D_sky130_fd_sc_hd__xnor2_2_Y_A_sky130_fd_sc_hd__xor2_2_X_B_sky130_fd_sc_hd__xnor2_2_Y_B (net)
                      0.151969    0.000740    6.311366 ^ y_out_sky130_fd_sc_hd__dfrtp_2_Q_7_D_sky130_fd_sc_hd__xnor2_2_Y_A_sky130_fd_sc_hd__xor2_2_X_B_sky130_fd_sc_hd__xnor2_2_Y/B (sky130_fd_sc_hd__xnor2_1)
     3    0.012741    0.220882    0.133896    6.445261 ^ y_out_sky130_fd_sc_hd__dfrtp_2_Q_7_D_sky130_fd_sc_hd__xnor2_2_Y_A_sky130_fd_sc_hd__xor2_2_X_B_sky130_fd_sc_hd__xnor2_2_Y/Y (sky130_fd_sc_hd__xnor2_1)
                                                         y_out_sky130_fd_sc_hd__dfrtp_2_Q_7_D_sky130_fd_sc_hd__xnor2_2_Y_A_sky130_fd_sc_hd__xor2_2_X_B (net)
                      0.220887    0.000807    6.446069 ^ y_out_sky130_fd_sc_hd__dfrtp_2_Q_7_D_sky130_fd_sc_hd__xnor2_2_Y_A_sky130_fd_sc_hd__xor2_2_X/B (sky130_fd_sc_hd__xor2_1)
     2    0.008698    0.155741    0.147717    6.593786 ^ y_out_sky130_fd_sc_hd__dfrtp_2_Q_7_D_sky130_fd_sc_hd__xnor2_2_Y_A_sky130_fd_sc_hd__xor2_2_X/X (sky130_fd_sc_hd__xor2_1)
                                                         y_out_sky130_fd_sc_hd__dfrtp_2_Q_7_D_sky130_fd_sc_hd__xnor2_2_Y_A (net)
                      0.155741    0.000290    6.594076 ^ y_out_sky130_fd_sc_hd__dfrtp_2_Q_7_D_sky130_fd_sc_hd__xnor2_2_Y_A_sky130_fd_sc_hd__and2_2_B/B (sky130_fd_sc_hd__and2_1)
     2    0.005422    0.051589    0.104565    6.698641 ^ y_out_sky130_fd_sc_hd__dfrtp_2_Q_7_D_sky130_fd_sc_hd__xnor2_2_Y_A_sky130_fd_sc_hd__and2_2_B/X (sky130_fd_sc_hd__and2_1)
                                                         y_out_sky130_fd_sc_hd__dfrtp_2_Q_7_D_sky130_fd_sc_hd__xnor2_2_Y_A_sky130_fd_sc_hd__and2_2_B_X (net)
                      0.051590    0.000350    6.698992 ^ y_out_sky130_fd_sc_hd__dfrtp_2_Q_9_D_sky130_fd_sc_hd__xnor2_2_Y_A_sky130_fd_sc_hd__nand3_2_B/A (sky130_fd_sc_hd__nand3_1)
     1    0.004271    0.056720    0.043287    6.742279 v y_out_sky130_fd_sc_hd__dfrtp_2_Q_9_D_sky130_fd_sc_hd__xnor2_2_Y_A_sky130_fd_sc_hd__nand3_2_B/Y (sky130_fd_sc_hd__nand3_1)
                                                         y_out_sky130_fd_sc_hd__dfrtp_2_Q_9_D_sky130_fd_sc_hd__xnor2_2_Y_A_sky130_fd_sc_hd__nand3_2_B_Y (net)
                      0.056721    0.000276    6.742554 v y_out_sky130_fd_sc_hd__dfrtp_2_Q_9_D_sky130_fd_sc_hd__xnor2_2_Y_A_sky130_fd_sc_hd__nand3_2_B_Y_sky130_fd_sc_hd__o31a_2_A1/A1 (sky130_fd_sc_hd__o31a_2)
     4    0.023983    0.071485    0.259248    7.001802 v y_out_sky130_fd_sc_hd__dfrtp_2_Q_9_D_sky130_fd_sc_hd__xnor2_2_Y_A_sky130_fd_sc_hd__nand3_2_B_Y_sky130_fd_sc_hd__o31a_2_A1/X (sky130_fd_sc_hd__o31a_2)
                                                         y_out_sky130_fd_sc_hd__dfrtp_2_Q_9_D_sky130_fd_sc_hd__xnor2_2_Y_A_sky130_fd_sc_hd__nand3_2_B_Y_sky130_fd_sc_hd__o31a_2_A1_X (net)
                      0.071523    0.001537    7.003339 v y_out_sky130_fd_sc_hd__dfrtp_2_Q_2_D_sky130_fd_sc_hd__xor2_2_X_B_sky130_fd_sc_hd__o31ai_2_Y/A1 (sky130_fd_sc_hd__o31ai_4)
     3    0.013993    0.188124    0.222304    7.225643 ^ y_out_sky130_fd_sc_hd__dfrtp_2_Q_2_D_sky130_fd_sc_hd__xor2_2_X_B_sky130_fd_sc_hd__o31ai_2_Y/Y (sky130_fd_sc_hd__o31ai_4)
                                                         y_out_sky130_fd_sc_hd__dfrtp_2_Q_2_D_sky130_fd_sc_hd__xor2_2_X_B (net)
                      0.188124    0.000671    7.226314 ^ y_out_sky130_fd_sc_hd__dfrtp_2_Q_1_D_sky130_fd_sc_hd__xnor2_2_Y_B_sky130_fd_sc_hd__a21oi_2_Y/A2 (sky130_fd_sc_hd__a21oi_1)
     1    0.005578    0.057897    0.065599    7.291913 v y_out_sky130_fd_sc_hd__dfrtp_2_Q_1_D_sky130_fd_sc_hd__xnor2_2_Y_B_sky130_fd_sc_hd__a21oi_2_Y/Y (sky130_fd_sc_hd__a21oi_1)
                                                         y_out_sky130_fd_sc_hd__dfrtp_2_Q_1_D_sky130_fd_sc_hd__xnor2_2_Y_B (net)
                      0.057921    0.000405    7.292318 v y_out_sky130_fd_sc_hd__dfrtp_2_Q_1_D_sky130_fd_sc_hd__xnor2_2_Y/B (sky130_fd_sc_hd__xnor2_1)
     1    0.004260    0.048684    0.091105    7.383423 v y_out_sky130_fd_sc_hd__dfrtp_2_Q_1_D_sky130_fd_sc_hd__xnor2_2_Y/Y (sky130_fd_sc_hd__xnor2_1)
                                                         y_out_sky130_fd_sc_hd__dfrtp_2_Q_1_D (net)
                      0.048685    0.000271    7.383694 v y_out_sky130_fd_sc_hd__dfrtp_2_Q_1/D (sky130_fd_sc_hd__dfrtp_1)
                                              7.383694   data arrival time

                                 16.000000   16.000000   clock clk (rise edge)
                                  0.000000   16.000000   clock source latency
     1    0.021927    0.077866    0.054348   16.054348 ^ clk (in)
                                                         clk (net)
                      0.077954    0.000000   16.054348 ^ clkbuf_0_clk/A (sky130_fd_sc_hd__clkbuf_16)
     2    0.024563    0.034744    0.100171   16.154518 ^ clkbuf_0_clk/X (sky130_fd_sc_hd__clkbuf_16)
                                                         clknet_0_clk (net)
                      0.034835    0.001432   16.155951 ^ clkbuf_1_0__f_clk/A (sky130_fd_sc_hd__clkbuf_16)
     9    0.031918    0.039456    0.093248   16.249199 ^ clkbuf_1_0__f_clk/X (sky130_fd_sc_hd__clkbuf_16)
                                                         clknet_1_0__leaf_clk (net)
                      0.039575    0.002018   16.251217 ^ y_out_sky130_fd_sc_hd__dfrtp_2_Q_1/CLK (sky130_fd_sc_hd__dfrtp_1)
                                 -0.250000   16.001217   clock uncertainty
                                  0.000000   16.001217   clock reconvergence pessimism
                                 -0.077673   15.923544   library setup time
                                             15.923544   data required time
---------------------------------------------------------------------------------------------
                                             15.923544   data required time
                                             -7.383694   data arrival time
---------------------------------------------------------------------------------------------
                                              8.539850   slack (MET)




===========================================================================
report_checks --slack_max -0.01
============================================================================
======================= max_ff_n40C_1v95 Corner ===================================

No paths found.


===========================================================================
 report_check_types -max_slew -max_cap -max_fanout -violators
============================================================================
======================= max_ff_n40C_1v95 Corner ===================================

max fanout

Pin                                   Limit Fanout  Slack
---------------------------------------------------------
fanout105/X                              10     11        (VIOLATED)
fanout242/X                              10     11        (VIOLATED)
fanout274/X                              10     11        (VIOLATED)



===========================================================================
report_parasitic_annotation -report_unannotated
============================================================================
Found 1 unannotated drivers.
 clkload0/X
Found 0 partially unannotated drivers.

===========================================================================
max slew violation count 0
max fanout violation count 3
max cap violation count 0
============================================================================

===========================================================================
check_setup -verbose -unconstrained_endpoints -multiple_clock -no_clock -no_input_delay -loops -generated_clocks
===========================================================================
