Clock: clk
Sources: clk 
Generated: no
Virtual: yes
Propagated: no
Period: 20.000000

===========================================================================
report_clock_properties
============================================================================
Clock                   Period          Waveform
----------------------------------------------------
clk                  20.000000    0.000000 10.000000

===========================================================================
report_clock_latency
============================================================================
Clock clk
rise -> rise
    min     max
0.000000 0.000000 source latency
1.042193         network latency y_out_sky130_fd_sc_hd__dfrtp_2_Q_6/CLK
        1.054089 network latency y_out_sky130_fd_sc_hd__dfrtp_2_Q_15/CLK
---------------
1.042193 1.054089 latency
        0.011896 skew

fall -> fall
    min     max
0.000000 0.000000 source latency
0.876932         network latency y_out_sky130_fd_sc_hd__dfrtp_2_Q_6/CLK
        0.887164 network latency y_out_sky130_fd_sc_hd__dfrtp_2_Q_15/CLK
---------------
0.876932 0.887164 latency
        0.010232 skew



===========================================================================
report_clock_min_period
============================================================================
clk period_min = 14.05 fmax = 71.19
