Clock: clk
Sources: clk 
Generated: no
Virtual: yes
Propagated: no
Period: 13.000000

===========================================================================
report_clock_properties
============================================================================
Clock                   Period          Waveform
----------------------------------------------------
clk                  13.000000    0.000000  6.500000

===========================================================================
report_clock_latency
============================================================================
Clock clk
rise -> rise
    min     max
0.000000 0.000000 source latency
0.709620         network latency y_out_sky130_fd_sc_hd__dfrtp_2_Q_7/CLK
        0.719484 network latency y_out_sky130_fd_sc_hd__dfrtp_2_Q_15/CLK
---------------
0.709620 0.719484 latency
        0.009864 skew

fall -> fall
    min     max
0.000000 0.000000 source latency
0.659300         network latency y_out_sky130_fd_sc_hd__dfrtp_2_Q_7/CLK
        0.668067 network latency y_out_sky130_fd_sc_hd__dfrtp_2_Q_15/CLK
---------------
0.659300 0.668067 latency
        0.008767 skew



===========================================================================
report_clock_min_period
============================================================================
clk period_min = 13.29 fmax = 75.24
