Clock: clk
Sources: clk 
Generated: no
Virtual: yes
Propagated: no
Period: 20.000000

===========================================================================
report_clock_properties
============================================================================
Clock                   Period          Waveform
----------------------------------------------------
clk                  20.000000    0.000000 10.000000

===========================================================================
report_clock_latency
============================================================================
Clock clk
rise -> rise
    min     max
0.000000 0.000000 source latency
0.401757         network latency y_out_sky130_fd_sc_hd__dfrtp_2_Q_7/CLK
        0.406682 network latency y_out_sky130_fd_sc_hd__dfrtp_2_Q_15/CLK
---------------
0.401757 0.406682 latency
        0.004926 skew

fall -> fall
    min     max
0.000000 0.000000 source latency
0.360023         network latency y_out_sky130_fd_sc_hd__dfrtp_2_Q_7/CLK
        0.364068 network latency y_out_sky130_fd_sc_hd__dfrtp_2_Q_15/CLK
---------------
0.360023 0.364068 latency
        0.004045 skew



===========================================================================
report_clock_min_period
============================================================================
clk period_min = 7.16 fmax = 139.70
