Reading timing models for corner nom_tt_025C_1v80…
Reading timing library for the 'nom_tt_025C_1v80' corner at '/foss/pdks/volare/sky130/versions/0fe599b2afb6708d281543108caf8310912f54af/sky130A/libs.ref/sky130_fd_sc_hd/lib/sky130_fd_sc_hd__tt_025C_1v80.lib'…
Reading timing models for corner nom_ff_n40C_1v95…
Reading timing library for the 'nom_ff_n40C_1v95' corner at '/foss/pdks/volare/sky130/versions/0fe599b2afb6708d281543108caf8310912f54af/sky130A/libs.ref/sky130_fd_sc_hd/lib/sky130_fd_sc_hd__ff_n40C_1v95.lib'…
Reading timing models for corner nom_ss_100C_1v60…
Reading timing library for the 'nom_ss_100C_1v60' corner at '/foss/pdks/volare/sky130/versions/0fe599b2afb6708d281543108caf8310912f54af/sky130A/libs.ref/sky130_fd_sc_hd/lib/sky130_fd_sc_hd__ss_100C_1v60.lib'…
Reading OpenROAD database at '/home/asic/workspace/asic_project/runs/RUN_2025-05-13_10-43-45/38-openroad-globalrouting/dynamic_noise_reduction.odb'…
Reading design constraints file at '/usr/local/lib/python3.12/dist-packages/openlane/scripts/base.sdc'…
[INFO] Using clock clk…
[INFO] Setting output delay to: 2
[INFO] Setting input delay to: 2
[INFO] Setting load to: 0.033442
[INFO] Setting clock uncertainty to: 0.25
[INFO] Setting clock transition to: 0.1499999999999999944488848768742172978818416595458984375
[INFO] Setting timing derate to: 5%
[INFO] Setting RC values…
[INFO] Setting signal min routing layer to: met1 and clock min routing layer to met1. 
[INFO] Setting signal max routing layer to: met5 and clock max routing layer to met5. 
-congestion_iterations 50 -verbose
[INFO GRT-0020] Min routing layer: met1
[INFO GRT-0021] Max routing layer: met5
[INFO GRT-0022] Global adjustment: 30%
[INFO GRT-0023] Grid origin: (0, 0)
[INFO GRT-0043] No OR_DEFAULT vias defined.
[INFO GRT-0088] Layer li1     Track-Pitch = 0.4600  line-2-Via Pitch: 0.3400
[INFO GRT-0088] Layer met1    Track-Pitch = 0.3400  line-2-Via Pitch: 0.3400
[INFO GRT-0088] Layer met2    Track-Pitch = 0.4600  line-2-Via Pitch: 0.3500
[INFO GRT-0088] Layer met3    Track-Pitch = 0.6800  line-2-Via Pitch: 0.6150
[INFO GRT-0088] Layer met4    Track-Pitch = 0.9200  line-2-Via Pitch: 1.0400
[INFO GRT-0088] Layer met5    Track-Pitch = 3.4000  line-2-Via Pitch: 3.1100
[INFO GRT-0019] Found 4 clock nets.
[INFO GRT-0001] Minimum degree: 2
[INFO GRT-0002] Maximum degree: 11
[INFO GRT-0003] Macros: 0
[INFO GRT-0043] No OR_DEFAULT vias defined.
[INFO GRT-0004] Blockages: 709

[INFO GRT-0053] Routing resources analysis:
          Routing      Original      Derated      Resource
Layer     Direction    Resources     Resources    Reduction (%)
---------------------------------------------------------------
li1        Vertical            0             0          0.00%
met1       Horizontal      28692         14145          50.70%
met2       Vertical        21219         13740          35.25%
met3       Horizontal      14346          9709          32.32%
met4       Vertical         8556          5262          38.50%
met5       Horizontal       2847          1368          51.95%
---------------------------------------------------------------

[INFO GRT-0197] Via related to pin nodes: 17686
[INFO GRT-0198] Via related Steiner nodes: 218
[INFO GRT-0199] Via filling finished.
[INFO GRT-0111] Final number of vias: 21755
[INFO GRT-0112] Final usage 3D: 76337

[INFO GRT-0096] Final congestion report:
Layer         Resource        Demand        Usage (%)    Max H / Max V / Total Overflow
---------------------------------------------------------------------------------------
li1                  0             0            0.00%             0 /  0 /  0
met1             14145          4896           34.61%             0 /  0 /  0
met2             13740          5589           40.68%             0 /  0 /  0
met3              9709           322            3.32%             0 /  0 /  0
met4              5262           265            5.04%             0 /  0 /  0
met5              1368             0            0.00%             0 /  0 /  0
---------------------------------------------------------------------------------------
Total            44224         11072           25.04%             0 /  0 /  0

[INFO GRT-0018] Total wirelength: 123323 um
[INFO GRT-0014] Routed nets: 3396
[INFO RSZ-0058] Using max wire length 6335um.
Iteration | Resized | Buffers | Nets repaired | Remaining
---------------------------------------------------------
        0 |       0 |       0 |             0 |      3397
      100 |       0 |       0 |             0 |      3297
      200 |       0 |       0 |             0 |      3197
      300 |       0 |       0 |             0 |      3097
      400 |       0 |       0 |             0 |      2997
      500 |       0 |       0 |             0 |      2897
      600 |       0 |       0 |             0 |      2797
      700 |       0 |       0 |             0 |      2697
      800 |       0 |       0 |             0 |      2597
      900 |       0 |       0 |             0 |      2497
     1000 |       0 |       0 |             0 |      2397
     1100 |       0 |       0 |             0 |      2297
     1200 |       0 |       0 |             0 |      2197
     1300 |       1 |       0 |             1 |      2097
     1400 |       1 |       0 |             1 |      1997
     1500 |       1 |       0 |             1 |      1897
     1600 |       1 |       0 |             1 |      1797
     1700 |       1 |       0 |             1 |      1697
     1800 |       1 |       0 |             1 |      1597
     1900 |       1 |       1 |             2 |      1497
     2000 |       1 |       1 |             2 |      1397
     2100 |       1 |       2 |             3 |      1297
     2200 |       1 |       2 |             3 |      1197
     2300 |       1 |       2 |             3 |      1097
     2400 |       1 |       2 |             3 |       997
     2500 |       1 |       2 |             3 |       897
     2600 |       1 |       2 |             3 |       797
     2700 |       1 |       2 |             3 |       697
     2800 |       1 |       2 |             3 |       597
     2900 |       1 |       2 |             3 |       497
     3000 |       1 |       2 |             3 |       397
     3100 |       1 |       2 |             3 |       297
     3200 |       1 |       2 |             3 |       197
     3300 |       1 |       2 |             3 |        97
    final |       1 |       2 |             3 |         0
---------------------------------------------------------
[INFO RSZ-0034] Found 6 slew violations.
[INFO RSZ-0038] Inserted 2 buffers in 3 nets.
[INFO RSZ-0039] Resized 1 instances.
Placement Analysis
---------------------------------
total displacement         12.3 u
average displacement        0.0 u
max displacement            6.4 u
original HPWL           71939.1 u
legalized HPWL          74252.2 u
delta HPWL                    3 %

[INFO DPL-0020] Mirrored 1468 instances
[INFO DPL-0021] HPWL before           74252.2 u
[INFO DPL-0022] HPWL after            71955.5 u
[INFO DPL-0023] HPWL delta               -3.1 %
-congestion_iterations 50 -verbose
[INFO GRT-0020] Min routing layer: met1
[INFO GRT-0021] Max routing layer: met5
[INFO GRT-0022] Global adjustment: 30%
[INFO GRT-0023] Grid origin: (0, 0)
[INFO GRT-0043] No OR_DEFAULT vias defined.
[INFO GRT-0088] Layer li1     Track-Pitch = 0.4600  line-2-Via Pitch: 0.3400
[INFO GRT-0088] Layer met1    Track-Pitch = 0.3400  line-2-Via Pitch: 0.3400
[INFO GRT-0088] Layer met2    Track-Pitch = 0.4600  line-2-Via Pitch: 0.3500
[INFO GRT-0088] Layer met3    Track-Pitch = 0.6800  line-2-Via Pitch: 0.6150
[INFO GRT-0088] Layer met4    Track-Pitch = 0.9200  line-2-Via Pitch: 1.0400
[INFO GRT-0088] Layer met5    Track-Pitch = 3.4000  line-2-Via Pitch: 3.1100
[INFO GRT-0019] Found 4 clock nets.
[INFO GRT-0001] Minimum degree: 2
[INFO GRT-0002] Maximum degree: 11
[INFO GRT-0003] Macros: 0
[INFO GRT-0043] No OR_DEFAULT vias defined.
[INFO GRT-0004] Blockages: 709

[INFO GRT-0053] Routing resources analysis:
          Routing      Original      Derated      Resource
Layer     Direction    Resources     Resources    Reduction (%)
---------------------------------------------------------------
li1        Vertical            0             0          0.00%
met1       Horizontal      28692         14145          50.70%
met2       Vertical        21219         13740          35.25%
met3       Horizontal      14346          9709          32.32%
met4       Vertical         8556          5262          38.50%
met5       Horizontal       2847          1368          51.95%
---------------------------------------------------------------

[INFO GRT-0197] Via related to pin nodes: 17698
[INFO GRT-0198] Via related Steiner nodes: 218
[INFO GRT-0199] Via filling finished.
[INFO GRT-0111] Final number of vias: 21768
[INFO GRT-0112] Final usage 3D: 76380

[INFO GRT-0096] Final congestion report:
Layer         Resource        Demand        Usage (%)    Max H / Max V / Total Overflow
---------------------------------------------------------------------------------------
li1                  0             0            0.00%             0 /  0 /  0
met1             14145          4896           34.61%             0 /  0 /  0
met2             13740          5571           40.55%             0 /  0 /  0
met3              9709           323            3.33%             0 /  0 /  0
met4              5262           286            5.44%             0 /  0 /  0
met5              1368             0            0.00%             0 /  0 /  0
---------------------------------------------------------------------------------------
Total            44224         11076           25.05%             0 /  0 /  0

[INFO GRT-0018] Total wirelength: 123351 um
[INFO GRT-0014] Routed nets: 3398
Setting global connections for newly added cells…
[INFO] Setting global connections...
Updating metrics…
Cell type report:                       Count       Area
  Fill cell                               180     675.65
  Tap cell                                828    1035.99
  Clock buffer                              4      88.84
  Timing Repair Buffer                    367    2533.68
  Inverter                                 68     267.76
  Sequential cell                          16     415.40
  Multi-Input combinational cell         2910   22691.76
  Total                                  4373   27709.08
Writing OpenROAD database to '/home/asic/workspace/asic_project/runs/RUN_2025-05-13_10-43-45/40-openroad-repairdesignpostgrt/dynamic_noise_reduction.odb'…
Writing netlist to '/home/asic/workspace/asic_project/runs/RUN_2025-05-13_10-43-45/40-openroad-repairdesignpostgrt/dynamic_noise_reduction.nl.v'…
Writing powered netlist to '/home/asic/workspace/asic_project/runs/RUN_2025-05-13_10-43-45/40-openroad-repairdesignpostgrt/dynamic_noise_reduction.pnl.v'…
Writing layout to '/home/asic/workspace/asic_project/runs/RUN_2025-05-13_10-43-45/40-openroad-repairdesignpostgrt/dynamic_noise_reduction.def'…
Writing timing constraints to '/home/asic/workspace/asic_project/runs/RUN_2025-05-13_10-43-45/40-openroad-repairdesignpostgrt/dynamic_noise_reduction.sdc'…
