Clock: clk
Sources: clk 
Generated: no
Virtual: yes
Propagated: no
Period: 8.000000

===========================================================================
report_clock_properties
============================================================================
Clock                   Period          Waveform
----------------------------------------------------
clk                   8.000000    0.000000  4.000000

===========================================================================
report_clock_latency
============================================================================
Clock clk
rise -> rise
    min     max
0.000000 0.000000 source latency
0.594649         network latency y_out_sky130_fd_sc_hd__dfrtp_2_Q_11/CLK
        0.595293 network latency y_out_sky130_fd_sc_hd__dfrtp_2_Q/CLK
---------------
0.594649 0.595293 latency
        0.000644 skew

fall -> fall
    min     max
0.000000 0.000000 source latency
0.582108         network latency y_out_sky130_fd_sc_hd__dfrtp_2_Q_11/CLK
        0.582796 network latency y_out_sky130_fd_sc_hd__dfrtp_2_Q/CLK
---------------
0.582108 0.582796 latency
        0.000687 skew



===========================================================================
report_clock_min_period
============================================================================
clk period_min = 12.62 fmax = 79.24
