
===========================================================================
report_checks -unconstrained
===========================================================================
======================= min_ff_n40C_1v95 Corner ===================================

Startpoint: reset (input port clocked by clk)
Endpoint: y_out_sky130_fd_sc_hd__dfrtp_2_Q_12
          (recovery check against rising-edge clock clk)
Path Group: asynchronous
Path Type: max

Fanout         Cap        Slew       Delay        Time   Description
---------------------------------------------------------------------------------------------
                                  0.000000    0.000000   clock clk (rise edge)
                                  0.000000    0.000000   clock network delay (propagated)
                                  4.000000    4.000000 v input external delay
     1    0.002943    0.004939    0.002385    4.002385 v reset (in)
                                                         reset (net)
                      0.004939    0.000000    4.002385 v input17/A (sky130_fd_sc_hd__buf_4)
     3    0.089370    0.084791    0.128625    4.131010 v input17/X (sky130_fd_sc_hd__buf_4)
                                                         net17 (net)
                      0.092781    0.019761    4.150771 v fanout220/A (sky130_fd_sc_hd__clkbuf_8)
    10    0.085519    0.074904    0.158590    4.309361 v fanout220/X (sky130_fd_sc_hd__clkbuf_8)
                                                         net220 (net)
                      0.077908    0.011809    4.321169 v y_out_sky130_fd_sc_hd__dfrtp_2_Q_12_RESET_B_sky130_fd_sc_hd__inv_2_Y/A (sky130_fd_sc_hd__inv_2)
     1    0.004766    0.031079    0.048979    4.370148 ^ y_out_sky130_fd_sc_hd__dfrtp_2_Q_12_RESET_B_sky130_fd_sc_hd__inv_2_Y/Y (sky130_fd_sc_hd__inv_2)
                                                         y_out_sky130_fd_sc_hd__dfrtp_2_Q_12_RESET_B (net)
                      0.031079    0.000052    4.370199 ^ y_out_sky130_fd_sc_hd__dfrtp_2_Q_12/RESET_B (sky130_fd_sc_hd__dfrtp_4)
                                              4.370199   data arrival time

                                 20.000000   20.000000   clock clk (rise edge)
                                  0.000000   20.000000   clock source latency
     2    0.070690    0.240020    0.168059   20.168060 ^ clk (in)
                                                         clk (net)
                      0.240103    0.000000   20.168060 ^ clkbuf_0_clk/A (sky130_fd_sc_hd__clkbuf_16)
     2    0.036095    0.046836    0.135671   20.303730 ^ clkbuf_0_clk/X (sky130_fd_sc_hd__clkbuf_16)
                                                         clknet_0_clk (net)
                      0.046840    0.000846   20.304577 ^ clkbuf_1_1__f_clk/A (sky130_fd_sc_hd__clkbuf_16)
     9    0.044047    0.047975    0.103128   20.407705 ^ clkbuf_1_1__f_clk/X (sky130_fd_sc_hd__clkbuf_16)
                                                         clknet_1_1__leaf_clk (net)
                      0.048135    0.002073   20.409777 ^ y_out_sky130_fd_sc_hd__dfrtp_2_Q_12/CLK (sky130_fd_sc_hd__dfrtp_4)
                                 -0.250000   20.159779   clock uncertainty
                                  0.000000   20.159779   clock reconvergence pessimism
                                  0.133816   20.293594   library recovery time
                                             20.293594   data required time
---------------------------------------------------------------------------------------------
                                             20.293594   data required time
                                             -4.370199   data arrival time
---------------------------------------------------------------------------------------------
                                             15.923394   slack (MET)


Startpoint: alpha[2] (input port clocked by clk)
Endpoint: y_out_sky130_fd_sc_hd__dfrtp_2_Q
          (rising edge-triggered flip-flop clocked by clk)
Path Group: clk
Path Type: max

Fanout         Cap        Slew       Delay        Time   Description
---------------------------------------------------------------------------------------------
                                  0.000000    0.000000   clock clk (rise edge)
                                  0.000000    0.000000   clock network delay (propagated)
                                  4.000000    4.000000 ^ input external delay
     1    0.002536    0.012979    0.006527    4.006527 ^ alpha[2] (in)
                                                         alpha[2] (net)
                      0.012979    0.000000    4.006527 ^ input9/A (sky130_fd_sc_hd__buf_2)
     3    0.043190    0.160263    0.151652    4.158179 ^ input9/X (sky130_fd_sc_hd__buf_2)
                                                         net9 (net)
                      0.160284    0.001528    4.159707 ^ fanout116/A (sky130_fd_sc_hd__clkbuf_4)
     8    0.051142    0.121323    0.181581    4.341289 ^ fanout116/X (sky130_fd_sc_hd__clkbuf_4)
                                                         net116 (net)
                      0.121323    0.000227    4.341515 ^ fanout114/A (sky130_fd_sc_hd__buf_4)
    10    0.071581    0.150551    0.177276    4.518792 ^ fanout114/X (sky130_fd_sc_hd__buf_4)
                                                         net114 (net)
                      0.150551    0.000138    4.518930 ^ y_out_sky130_fd_sc_hd__dfrtp_2_Q_11_D_sky130_fd_sc_hd__xor2_2_X_A_sky130_fd_sc_hd__and2b_2_X_B_sky130_fd_sc_hd__a211o_2_X_B1_sky130_fd_sc_hd__a21oi_2_Y_B1_sky130_fd_sc_hd__a21oi_2_Y_B1_sky130_fd_sc_hd__a21oi_2_Y_A1_sky130_fd_sc_hd__and4_2_X_D_sky130_fd_sc_hd__inv_2_Y/A (sky130_fd_sc_hd__inv_2)
     3    0.047495    0.090229    0.095807    4.614737 v y_out_sky130_fd_sc_hd__dfrtp_2_Q_11_D_sky130_fd_sc_hd__xor2_2_X_A_sky130_fd_sc_hd__and2b_2_X_B_sky130_fd_sc_hd__a211o_2_X_B1_sky130_fd_sc_hd__a21oi_2_Y_B1_sky130_fd_sc_hd__a21oi_2_Y_B1_sky130_fd_sc_hd__a21oi_2_Y_A1_sky130_fd_sc_hd__and4_2_X_D_sky130_fd_sc_hd__inv_2_Y/Y (sky130_fd_sc_hd__inv_2)
                                                         y_out_sky130_fd_sc_hd__dfrtp_2_Q_11_D_sky130_fd_sc_hd__xor2_2_X_A_sky130_fd_sc_hd__and2b_2_X_B_sky130_fd_sc_hd__a211o_2_X_B1_sky130_fd_sc_hd__a21oi_2_Y_B1_sky130_fd_sc_hd__a21oi_2_Y_B1_sky130_fd_sc_hd__a21oi_2_Y_A1_sky130_fd_sc_hd__and4_2_X_D (net)
                      0.090389    0.003070    4.617807 v fanout102/A (sky130_fd_sc_hd__buf_8)
    12    0.141229    0.079294    0.142300    4.760106 v fanout102/X (sky130_fd_sc_hd__buf_8)
                                                         net102 (net)
                      0.087220    0.018965    4.779071 v y_out_sky130_fd_sc_hd__dfrtp_2_Q_D_sky130_fd_sc_hd__xnor2_2_Y_B_sky130_fd_sc_hd__xnor2_2_Y_B_sky130_fd_sc_hd__xnor2_2_Y_B_sky130_fd_sc_hd__xnor2_2_Y_A_sky130_fd_sc_hd__o21ai_2_Y_A2_sky130_fd_sc_hd__a21oi_2_Y_A2_sky130_fd_sc_hd__nor2_2_Y_A_sky130_fd_sc_hd__nor2_2_Y_A_sky130_fd_sc_hd__or3_2_X_B_sky130_fd_sc_hd__a211oi_2_Y_A2_sky130_fd_sc_hd__or4b_2_A/B (sky130_fd_sc_hd__or4b_1)
     2    0.009222    0.081546    0.332081    5.111152 v y_out_sky130_fd_sc_hd__dfrtp_2_Q_D_sky130_fd_sc_hd__xnor2_2_Y_B_sky130_fd_sc_hd__xnor2_2_Y_B_sky130_fd_sc_hd__xnor2_2_Y_B_sky130_fd_sc_hd__xnor2_2_Y_A_sky130_fd_sc_hd__o21ai_2_Y_A2_sky130_fd_sc_hd__a21oi_2_Y_A2_sky130_fd_sc_hd__nor2_2_Y_A_sky130_fd_sc_hd__nor2_2_Y_A_sky130_fd_sc_hd__or3_2_X_B_sky130_fd_sc_hd__a211oi_2_Y_A2_sky130_fd_sc_hd__or4b_2_A/X (sky130_fd_sc_hd__or4b_1)
                                                         y_out_sky130_fd_sc_hd__dfrtp_2_Q_D_sky130_fd_sc_hd__xnor2_2_Y_B_sky130_fd_sc_hd__xnor2_2_Y_B_sky130_fd_sc_hd__xnor2_2_Y_B_sky130_fd_sc_hd__xnor2_2_Y_A_sky130_fd_sc_hd__o21ai_2_Y_A2_sky130_fd_sc_hd__a21oi_2_Y_A2_sky130_fd_sc_hd__nor2_2_Y_A_sky130_fd_sc_hd__nor2_2_Y_A_sky130_fd_sc_hd__or3_2_X_B_sky130_fd_sc_hd__a211oi_2_Y_A2_sky130_fd_sc_hd__or4b_2_A_X (net)
                      0.081546    0.000202    5.111353 v y_out_sky130_fd_sc_hd__dfrtp_2_Q_D_sky130_fd_sc_hd__xnor2_2_Y_B_sky130_fd_sc_hd__xnor2_2_Y_B_sky130_fd_sc_hd__xnor2_2_Y_B_sky130_fd_sc_hd__xnor2_2_Y_A_sky130_fd_sc_hd__o21ai_2_Y_A2_sky130_fd_sc_hd__a21oi_2_Y_A2_sky130_fd_sc_hd__nor2_2_Y_A_sky130_fd_sc_hd__nor2_2_Y_A_sky130_fd_sc_hd__or3_2_X_B_sky130_fd_sc_hd__a211oi_2_Y_A2_sky130_fd_sc_hd__or4b_2_A_X_sky130_fd_sc_hd__a21o_2_A1/A1 (sky130_fd_sc_hd__a21o_1)
     3    0.008618    0.041211    0.132126    5.243479 v y_out_sky130_fd_sc_hd__dfrtp_2_Q_D_sky130_fd_sc_hd__xnor2_2_Y_B_sky130_fd_sc_hd__xnor2_2_Y_B_sky130_fd_sc_hd__xnor2_2_Y_B_sky130_fd_sc_hd__xnor2_2_Y_A_sky130_fd_sc_hd__o21ai_2_Y_A2_sky130_fd_sc_hd__a21oi_2_Y_A2_sky130_fd_sc_hd__nor2_2_Y_A_sky130_fd_sc_hd__nor2_2_Y_A_sky130_fd_sc_hd__or3_2_X_B_sky130_fd_sc_hd__a211oi_2_Y_A2_sky130_fd_sc_hd__or4b_2_A_X_sky130_fd_sc_hd__a21o_2_A1/X (sky130_fd_sc_hd__a21o_1)
                                                         y_out_sky130_fd_sc_hd__dfrtp_2_Q_D_sky130_fd_sc_hd__xnor2_2_Y_B_sky130_fd_sc_hd__xnor2_2_Y_B_sky130_fd_sc_hd__xnor2_2_Y_B_sky130_fd_sc_hd__xnor2_2_Y_A_sky130_fd_sc_hd__o21ai_2_Y_A2_sky130_fd_sc_hd__a21oi_2_Y_A2_sky130_fd_sc_hd__nor2_2_Y_A_sky130_fd_sc_hd__nor2_2_Y_A_sky130_fd_sc_hd__or3_2_X_B_sky130_fd_sc_hd__a211oi_2_Y_A2_sky130_fd_sc_hd__or4b_2_A_X_sky130_fd_sc_hd__a21o_2_A1_X (net)
                      0.041211    0.000095    5.243575 v y_out_sky130_fd_sc_hd__dfrtp_2_Q_D_sky130_fd_sc_hd__xnor2_2_Y_B_sky130_fd_sc_hd__xnor2_2_Y_B_sky130_fd_sc_hd__xnor2_2_Y_B_sky130_fd_sc_hd__xnor2_2_Y_A_sky130_fd_sc_hd__o21ai_2_Y_A2_sky130_fd_sc_hd__a21oi_2_Y_A2_sky130_fd_sc_hd__nor2_2_Y_A_sky130_fd_sc_hd__nor2_2_Y_A_sky130_fd_sc_hd__or3_2_X_B_sky130_fd_sc_hd__a211oi_2_Y_A2_sky130_fd_sc_hd__or4b_2_A_X_sky130_fd_sc_hd__nand3_2_A_Y_sky130_fd_sc_hd__a21o_2_A1/A2 (sky130_fd_sc_hd__a21o_1)
     2    0.010340    0.045728    0.138200    5.381774 v y_out_sky130_fd_sc_hd__dfrtp_2_Q_D_sky130_fd_sc_hd__xnor2_2_Y_B_sky130_fd_sc_hd__xnor2_2_Y_B_sky130_fd_sc_hd__xnor2_2_Y_B_sky130_fd_sc_hd__xnor2_2_Y_A_sky130_fd_sc_hd__o21ai_2_Y_A2_sky130_fd_sc_hd__a21oi_2_Y_A2_sky130_fd_sc_hd__nor2_2_Y_A_sky130_fd_sc_hd__nor2_2_Y_A_sky130_fd_sc_hd__or3_2_X_B_sky130_fd_sc_hd__a211oi_2_Y_A2_sky130_fd_sc_hd__or4b_2_A_X_sky130_fd_sc_hd__nand3_2_A_Y_sky130_fd_sc_hd__a21o_2_A1/X (sky130_fd_sc_hd__a21o_1)
                                                         y_out_sky130_fd_sc_hd__dfrtp_2_Q_11_D_sky130_fd_sc_hd__xor2_2_X_B_sky130_fd_sc_hd__nand2_2_Y_A_sky130_fd_sc_hd__a211o_2_X_A2_sky130_fd_sc_hd__nand3_2_Y_C_sky130_fd_sc_hd__a211o_2_X_B1_sky130_fd_sc_hd__o211a_2_X_A1_sky130_fd_sc_hd__and2b_2_X_B_sky130_fd_sc_hd__a21bo_2_X_A1_sky130_fd_sc_hd__a211o_2_X_A1_sky130_fd_sc_hd__nand3_2_Y_A_sky130_fd_sc_hd__a211o_2_X_C1_sky130_fd_sc_hd__and3_2_X_A_sky130_fd_sc_hd__nand3_2_Y_C (net)
                      0.045728    0.000177    5.381951 v y_out_sky130_fd_sc_hd__dfrtp_2_Q_11_D_sky130_fd_sc_hd__xor2_2_X_B_sky130_fd_sc_hd__nand2_2_Y_A_sky130_fd_sc_hd__a211o_2_X_A2_sky130_fd_sc_hd__nand3_2_Y_C_sky130_fd_sc_hd__a211o_2_X_B1_sky130_fd_sc_hd__o211a_2_X_A1_sky130_fd_sc_hd__and2b_2_X_B_sky130_fd_sc_hd__a21bo_2_X_A1_sky130_fd_sc_hd__a211o_2_X_A1_sky130_fd_sc_hd__nand3_2_Y_A_sky130_fd_sc_hd__a211o_2_X_C1_sky130_fd_sc_hd__and3_2_X_B_sky130_fd_sc_hd__a21o_2_X/A2 (sky130_fd_sc_hd__a21o_1)
     3    0.009901    0.045156    0.138503    5.520454 v y_out_sky130_fd_sc_hd__dfrtp_2_Q_11_D_sky130_fd_sc_hd__xor2_2_X_B_sky130_fd_sc_hd__nand2_2_Y_A_sky130_fd_sc_hd__a211o_2_X_A2_sky130_fd_sc_hd__nand3_2_Y_C_sky130_fd_sc_hd__a211o_2_X_B1_sky130_fd_sc_hd__o211a_2_X_A1_sky130_fd_sc_hd__and2b_2_X_B_sky130_fd_sc_hd__a21bo_2_X_A1_sky130_fd_sc_hd__a211o_2_X_A1_sky130_fd_sc_hd__nand3_2_Y_A_sky130_fd_sc_hd__a211o_2_X_C1_sky130_fd_sc_hd__and3_2_X_B_sky130_fd_sc_hd__a21o_2_X/X (sky130_fd_sc_hd__a21o_1)
                                                         y_out_sky130_fd_sc_hd__dfrtp_2_Q_11_D_sky130_fd_sc_hd__xor2_2_X_B_sky130_fd_sc_hd__nand2_2_Y_A_sky130_fd_sc_hd__a211o_2_X_A2_sky130_fd_sc_hd__nand3_2_Y_C_sky130_fd_sc_hd__a211o_2_X_B1_sky130_fd_sc_hd__o211a_2_X_A1_sky130_fd_sc_hd__and2b_2_X_B_sky130_fd_sc_hd__a21bo_2_X_A1_sky130_fd_sc_hd__a211o_2_X_A1_sky130_fd_sc_hd__nand3_2_Y_A_sky130_fd_sc_hd__a211o_2_X_C1_sky130_fd_sc_hd__and3_2_X_B (net)
                      0.045156    0.000157    5.520611 v y_out_sky130_fd_sc_hd__dfrtp_2_Q_11_D_sky130_fd_sc_hd__xor2_2_X_B_sky130_fd_sc_hd__nand2_2_Y_A_sky130_fd_sc_hd__a211o_2_X_A2_sky130_fd_sc_hd__nand3_2_Y_C_sky130_fd_sc_hd__a211o_2_X_B1_sky130_fd_sc_hd__o211a_2_X_A1_sky130_fd_sc_hd__and2b_2_X_A_N_sky130_fd_sc_hd__xnor2_2_Y_B_sky130_fd_sc_hd__xor2_2_X_A_sky130_fd_sc_hd__xnor2_2_Y_B_sky130_fd_sc_hd__xnor2_2_Y_B_sky130_fd_sc_hd__a21bo_2_X/A1 (sky130_fd_sc_hd__a21bo_1)
     2    0.015631    0.061402    0.145082    5.665693 v y_out_sky130_fd_sc_hd__dfrtp_2_Q_11_D_sky130_fd_sc_hd__xor2_2_X_B_sky130_fd_sc_hd__nand2_2_Y_A_sky130_fd_sc_hd__a211o_2_X_A2_sky130_fd_sc_hd__nand3_2_Y_C_sky130_fd_sc_hd__a211o_2_X_B1_sky130_fd_sc_hd__o211a_2_X_A1_sky130_fd_sc_hd__and2b_2_X_A_N_sky130_fd_sc_hd__xnor2_2_Y_B_sky130_fd_sc_hd__xor2_2_X_A_sky130_fd_sc_hd__xnor2_2_Y_B_sky130_fd_sc_hd__xnor2_2_Y_B_sky130_fd_sc_hd__a21bo_2_X/X (sky130_fd_sc_hd__a21bo_1)
                                                         y_out_sky130_fd_sc_hd__dfrtp_2_Q_11_D_sky130_fd_sc_hd__xor2_2_X_B_sky130_fd_sc_hd__nand2_2_Y_A_sky130_fd_sc_hd__a211o_2_X_A2_sky130_fd_sc_hd__nand3_2_Y_C_sky130_fd_sc_hd__a211o_2_X_B1_sky130_fd_sc_hd__o211a_2_X_A1_sky130_fd_sc_hd__and2b_2_X_A_N_sky130_fd_sc_hd__xnor2_2_Y_B_sky130_fd_sc_hd__xor2_2_X_A_sky130_fd_sc_hd__xnor2_2_Y_B_sky130_fd_sc_hd__xnor2_2_Y_B (net)
                      0.061403    0.000306    5.665998 v y_out_sky130_fd_sc_hd__dfrtp_2_Q_11_D_sky130_fd_sc_hd__xor2_2_X_B_sky130_fd_sc_hd__nand2_2_Y_A_sky130_fd_sc_hd__a211o_2_X_A2_sky130_fd_sc_hd__nand3_2_Y_C_sky130_fd_sc_hd__a211o_2_X_B1_sky130_fd_sc_hd__o211a_2_X_A1_sky130_fd_sc_hd__and2b_2_X_A_N_sky130_fd_sc_hd__xnor2_2_Y_B_sky130_fd_sc_hd__xor2_2_X_A_sky130_fd_sc_hd__xnor2_2_Y_B_sky130_fd_sc_hd__xnor2_2_Y/B (sky130_fd_sc_hd__xnor2_2)
     2    0.015892    0.182261    0.165959    5.831957 ^ y_out_sky130_fd_sc_hd__dfrtp_2_Q_11_D_sky130_fd_sc_hd__xor2_2_X_B_sky130_fd_sc_hd__nand2_2_Y_A_sky130_fd_sc_hd__a211o_2_X_A2_sky130_fd_sc_hd__nand3_2_Y_C_sky130_fd_sc_hd__a211o_2_X_B1_sky130_fd_sc_hd__o211a_2_X_A1_sky130_fd_sc_hd__and2b_2_X_A_N_sky130_fd_sc_hd__xnor2_2_Y_B_sky130_fd_sc_hd__xor2_2_X_A_sky130_fd_sc_hd__xnor2_2_Y_B_sky130_fd_sc_hd__xnor2_2_Y/Y (sky130_fd_sc_hd__xnor2_2)
                                                         y_out_sky130_fd_sc_hd__dfrtp_2_Q_11_D_sky130_fd_sc_hd__xor2_2_X_B_sky130_fd_sc_hd__nand2_2_Y_A_sky130_fd_sc_hd__a211o_2_X_A2_sky130_fd_sc_hd__nand3_2_Y_C_sky130_fd_sc_hd__a211o_2_X_B1_sky130_fd_sc_hd__o211a_2_X_A1_sky130_fd_sc_hd__and2b_2_X_A_N_sky130_fd_sc_hd__xnor2_2_Y_B_sky130_fd_sc_hd__xor2_2_X_A_sky130_fd_sc_hd__xnor2_2_Y_B (net)
                      0.182263    0.000526    5.832483 ^ y_out_sky130_fd_sc_hd__dfrtp_2_Q_11_D_sky130_fd_sc_hd__xor2_2_X_B_sky130_fd_sc_hd__nand2_2_Y_A_sky130_fd_sc_hd__a211o_2_X_A2_sky130_fd_sc_hd__nand3_2_Y_C_sky130_fd_sc_hd__a211o_2_X_B1_sky130_fd_sc_hd__o211a_2_X_C1_sky130_fd_sc_hd__a21o_2_X_A2_sky130_fd_sc_hd__a211o_2_X_A2_sky130_fd_sc_hd__a21o_2_X_A2_sky130_fd_sc_hd__o211ai_2_Y_C1_sky130_fd_sc_hd__nand2_2_Y/B (sky130_fd_sc_hd__nand2_1)
     2    0.012624    0.085997    0.086184    5.918667 v y_out_sky130_fd_sc_hd__dfrtp_2_Q_11_D_sky130_fd_sc_hd__xor2_2_X_B_sky130_fd_sc_hd__nand2_2_Y_A_sky130_fd_sc_hd__a211o_2_X_A2_sky130_fd_sc_hd__nand3_2_Y_C_sky130_fd_sc_hd__a211o_2_X_B1_sky130_fd_sc_hd__o211a_2_X_C1_sky130_fd_sc_hd__a21o_2_X_A2_sky130_fd_sc_hd__a211o_2_X_A2_sky130_fd_sc_hd__a21o_2_X_A2_sky130_fd_sc_hd__o211ai_2_Y_C1_sky130_fd_sc_hd__nand2_2_Y/Y (sky130_fd_sc_hd__nand2_1)
                                                         y_out_sky130_fd_sc_hd__dfrtp_2_Q_11_D_sky130_fd_sc_hd__xor2_2_X_B_sky130_fd_sc_hd__nand2_2_Y_A_sky130_fd_sc_hd__a211o_2_X_A2_sky130_fd_sc_hd__nand3_2_Y_C_sky130_fd_sc_hd__a211o_2_X_B1_sky130_fd_sc_hd__o211a_2_X_C1_sky130_fd_sc_hd__a21o_2_X_A2_sky130_fd_sc_hd__a211o_2_X_A2_sky130_fd_sc_hd__a21o_2_X_A2_sky130_fd_sc_hd__o211ai_2_Y_C1 (net)
                      0.085998    0.000167    5.918835 v y_out_sky130_fd_sc_hd__dfrtp_2_Q_11_D_sky130_fd_sc_hd__xor2_2_X_B_sky130_fd_sc_hd__nand2_2_Y_A_sky130_fd_sc_hd__a211o_2_X_A2_sky130_fd_sc_hd__nand3_2_Y_C_sky130_fd_sc_hd__a211o_2_X_B1_sky130_fd_sc_hd__o211a_2_X_C1_sky130_fd_sc_hd__a21o_2_X_A2_sky130_fd_sc_hd__a211o_2_X_A2_sky130_fd_sc_hd__a21o_2_X_A2_sky130_fd_sc_hd__o211ai_2_Y_B1_sky130_fd_sc_hd__a211o_2_A1/A2 (sky130_fd_sc_hd__a211o_2)
     4    0.029076    0.079524    0.274839    6.193673 v y_out_sky130_fd_sc_hd__dfrtp_2_Q_11_D_sky130_fd_sc_hd__xor2_2_X_B_sky130_fd_sc_hd__nand2_2_Y_A_sky130_fd_sc_hd__a211o_2_X_A2_sky130_fd_sc_hd__nand3_2_Y_C_sky130_fd_sc_hd__a211o_2_X_B1_sky130_fd_sc_hd__o211a_2_X_C1_sky130_fd_sc_hd__a21o_2_X_A2_sky130_fd_sc_hd__a211o_2_X_A2_sky130_fd_sc_hd__a21o_2_X_A2_sky130_fd_sc_hd__o211ai_2_Y_B1_sky130_fd_sc_hd__a211o_2_A1/X (sky130_fd_sc_hd__a211o_2)
                                                         y_out_sky130_fd_sc_hd__dfrtp_2_Q_11_D_sky130_fd_sc_hd__xor2_2_X_B_sky130_fd_sc_hd__nand2_2_Y_A_sky130_fd_sc_hd__a211o_2_X_A2_sky130_fd_sc_hd__nand3_2_Y_C_sky130_fd_sc_hd__a211o_2_X_B1_sky130_fd_sc_hd__o211a_2_X_C1_sky130_fd_sc_hd__a21o_2_X_A2_sky130_fd_sc_hd__a211o_2_X_A2_sky130_fd_sc_hd__a21o_2_X_A2_sky130_fd_sc_hd__o211ai_2_Y_B1_sky130_fd_sc_hd__a211o_2_A1_X (net)
                      0.079539    0.001097    6.194770 v y_out_sky130_fd_sc_hd__dfrtp_2_Q_11_D_sky130_fd_sc_hd__xor2_2_X_B_sky130_fd_sc_hd__nand2_2_Y_A_sky130_fd_sc_hd__a211o_2_X_A2_sky130_fd_sc_hd__nand3_2_Y_C_sky130_fd_sc_hd__a211o_2_X_B1_sky130_fd_sc_hd__o211a_2_X_C1_sky130_fd_sc_hd__a21o_2_X_A2_sky130_fd_sc_hd__a211o_2_X_A2_sky130_fd_sc_hd__a21o_2_X/A1 (sky130_fd_sc_hd__a21o_1)
     2    0.012910    0.052299    0.143178    6.337948 v y_out_sky130_fd_sc_hd__dfrtp_2_Q_11_D_sky130_fd_sc_hd__xor2_2_X_B_sky130_fd_sc_hd__nand2_2_Y_A_sky130_fd_sc_hd__a211o_2_X_A2_sky130_fd_sc_hd__nand3_2_Y_C_sky130_fd_sc_hd__a211o_2_X_B1_sky130_fd_sc_hd__o211a_2_X_C1_sky130_fd_sc_hd__a21o_2_X_A2_sky130_fd_sc_hd__a211o_2_X_A2_sky130_fd_sc_hd__a21o_2_X/X (sky130_fd_sc_hd__a21o_1)
                                                         y_out_sky130_fd_sc_hd__dfrtp_2_Q_11_D_sky130_fd_sc_hd__xor2_2_X_B_sky130_fd_sc_hd__nand2_2_Y_A_sky130_fd_sc_hd__a211o_2_X_A2_sky130_fd_sc_hd__nand3_2_Y_C_sky130_fd_sc_hd__a211o_2_X_B1_sky130_fd_sc_hd__o211a_2_X_C1_sky130_fd_sc_hd__a21o_2_X_A2_sky130_fd_sc_hd__a211o_2_X_A2 (net)
                      0.052299    0.000139    6.338087 v y_out_sky130_fd_sc_hd__dfrtp_2_Q_11_D_sky130_fd_sc_hd__xor2_2_X_B_sky130_fd_sc_hd__nand2_2_Y_A_sky130_fd_sc_hd__a211o_2_X_A2_sky130_fd_sc_hd__nand3_2_Y_C_sky130_fd_sc_hd__a211o_2_X_B1_sky130_fd_sc_hd__o211a_2_X_C1_sky130_fd_sc_hd__a21o_2_X_A2_sky130_fd_sc_hd__a211o_2_X/A2 (sky130_fd_sc_hd__a211o_1)
     2    0.021199    0.089675    0.246598    6.584685 v y_out_sky130_fd_sc_hd__dfrtp_2_Q_11_D_sky130_fd_sc_hd__xor2_2_X_B_sky130_fd_sc_hd__nand2_2_Y_A_sky130_fd_sc_hd__a211o_2_X_A2_sky130_fd_sc_hd__nand3_2_Y_C_sky130_fd_sc_hd__a211o_2_X_B1_sky130_fd_sc_hd__o211a_2_X_C1_sky130_fd_sc_hd__a21o_2_X_A2_sky130_fd_sc_hd__a211o_2_X/X (sky130_fd_sc_hd__a211o_1)
                                                         y_out_sky130_fd_sc_hd__dfrtp_2_Q_11_D_sky130_fd_sc_hd__xor2_2_X_B_sky130_fd_sc_hd__nand2_2_Y_A_sky130_fd_sc_hd__a211o_2_X_A2_sky130_fd_sc_hd__nand3_2_Y_C_sky130_fd_sc_hd__a211o_2_X_B1_sky130_fd_sc_hd__o211a_2_X_C1_sky130_fd_sc_hd__a21o_2_X_A2 (net)
                      0.089702    0.001480    6.586165 v y_out_sky130_fd_sc_hd__dfrtp_2_Q_11_D_sky130_fd_sc_hd__xor2_2_X_B_sky130_fd_sc_hd__nand2_2_Y_A_sky130_fd_sc_hd__a211o_2_X_A2_sky130_fd_sc_hd__nand3_2_Y_C_sky130_fd_sc_hd__a211o_2_X_B1_sky130_fd_sc_hd__o211a_2_X_C1_sky130_fd_sc_hd__a21o_2_X/A2 (sky130_fd_sc_hd__a21o_1)
     3    0.011857    0.049423    0.159435    6.745600 v y_out_sky130_fd_sc_hd__dfrtp_2_Q_11_D_sky130_fd_sc_hd__xor2_2_X_B_sky130_fd_sc_hd__nand2_2_Y_A_sky130_fd_sc_hd__a211o_2_X_A2_sky130_fd_sc_hd__nand3_2_Y_C_sky130_fd_sc_hd__a211o_2_X_B1_sky130_fd_sc_hd__o211a_2_X_C1_sky130_fd_sc_hd__a21o_2_X/X (sky130_fd_sc_hd__a21o_1)
                                                         y_out_sky130_fd_sc_hd__dfrtp_2_Q_11_D_sky130_fd_sc_hd__xor2_2_X_B_sky130_fd_sc_hd__nand2_2_Y_A_sky130_fd_sc_hd__a211o_2_X_A2_sky130_fd_sc_hd__nand3_2_Y_C_sky130_fd_sc_hd__a211o_2_X_B1_sky130_fd_sc_hd__o211a_2_X_C1 (net)
                      0.049423    0.000168    6.745768 v y_out_sky130_fd_sc_hd__dfrtp_2_Q_11_D_sky130_fd_sc_hd__xor2_2_X_B_sky130_fd_sc_hd__nand2_2_Y_A_sky130_fd_sc_hd__a211o_2_X_A2_sky130_fd_sc_hd__nand3_2_Y_C_sky130_fd_sc_hd__a211o_2_X_C1_sky130_fd_sc_hd__and3_2_X_C_sky130_fd_sc_hd__a211o_2_X/A2 (sky130_fd_sc_hd__a211o_1)
     3    0.010896    0.059224    0.216531    6.962299 v y_out_sky130_fd_sc_hd__dfrtp_2_Q_11_D_sky130_fd_sc_hd__xor2_2_X_B_sky130_fd_sc_hd__nand2_2_Y_A_sky130_fd_sc_hd__a211o_2_X_A2_sky130_fd_sc_hd__nand3_2_Y_C_sky130_fd_sc_hd__a211o_2_X_C1_sky130_fd_sc_hd__and3_2_X_C_sky130_fd_sc_hd__a211o_2_X/X (sky130_fd_sc_hd__a211o_1)
                                                         y_out_sky130_fd_sc_hd__dfrtp_2_Q_11_D_sky130_fd_sc_hd__xor2_2_X_B_sky130_fd_sc_hd__nand2_2_Y_A_sky130_fd_sc_hd__a211o_2_X_A2_sky130_fd_sc_hd__nand3_2_Y_C_sky130_fd_sc_hd__a211o_2_X_C1_sky130_fd_sc_hd__and3_2_X_C (net)
                      0.059224    0.000126    6.962425 v y_out_sky130_fd_sc_hd__dfrtp_2_Q_13_D_sky130_fd_sc_hd__xnor2_2_Y_B_sky130_fd_sc_hd__a21oi_2_Y_B1_sky130_fd_sc_hd__and3_2_X_C_sky130_fd_sc_hd__a211o_2_X_A2_sky130_fd_sc_hd__a211o_2_X_A2_sky130_fd_sc_hd__a21o_2_X/A2 (sky130_fd_sc_hd__a21o_1)
     2    0.011331    0.047899    0.147670    7.110095 v y_out_sky130_fd_sc_hd__dfrtp_2_Q_13_D_sky130_fd_sc_hd__xnor2_2_Y_B_sky130_fd_sc_hd__a21oi_2_Y_B1_sky130_fd_sc_hd__and3_2_X_C_sky130_fd_sc_hd__a211o_2_X_A2_sky130_fd_sc_hd__a211o_2_X_A2_sky130_fd_sc_hd__a21o_2_X/X (sky130_fd_sc_hd__a21o_1)
                                                         y_out_sky130_fd_sc_hd__dfrtp_2_Q_13_D_sky130_fd_sc_hd__xnor2_2_Y_B_sky130_fd_sc_hd__a21oi_2_Y_B1_sky130_fd_sc_hd__and3_2_X_C_sky130_fd_sc_hd__a211o_2_X_A2_sky130_fd_sc_hd__a211o_2_X_A2 (net)
                      0.047899    0.000070    7.110164 v y_out_sky130_fd_sc_hd__dfrtp_2_Q_13_D_sky130_fd_sc_hd__xnor2_2_Y_B_sky130_fd_sc_hd__a21oi_2_Y_B1_sky130_fd_sc_hd__and3_2_X_C_sky130_fd_sc_hd__a211o_2_X_A2_sky130_fd_sc_hd__a211o_2_X/A2 (sky130_fd_sc_hd__a211o_1)
     2    0.007452    0.048980    0.202232    7.312396 v y_out_sky130_fd_sc_hd__dfrtp_2_Q_13_D_sky130_fd_sc_hd__xnor2_2_Y_B_sky130_fd_sc_hd__a21oi_2_Y_B1_sky130_fd_sc_hd__and3_2_X_C_sky130_fd_sc_hd__a211o_2_X_A2_sky130_fd_sc_hd__a211o_2_X/X (sky130_fd_sc_hd__a211o_1)
                                                         y_out_sky130_fd_sc_hd__dfrtp_2_Q_13_D_sky130_fd_sc_hd__xnor2_2_Y_B_sky130_fd_sc_hd__a21oi_2_Y_B1_sky130_fd_sc_hd__and3_2_X_C_sky130_fd_sc_hd__a211o_2_X_A2 (net)
                      0.048980    0.000055    7.312451 v y_out_sky130_fd_sc_hd__dfrtp_2_Q_13_D_sky130_fd_sc_hd__xnor2_2_Y_B_sky130_fd_sc_hd__a21oi_2_Y_B1_sky130_fd_sc_hd__and3_2_X_C_sky130_fd_sc_hd__a211o_2_X/A2 (sky130_fd_sc_hd__a211o_1)
     2    0.006501    0.045731    0.198748    7.511199 v y_out_sky130_fd_sc_hd__dfrtp_2_Q_13_D_sky130_fd_sc_hd__xnor2_2_Y_B_sky130_fd_sc_hd__a21oi_2_Y_B1_sky130_fd_sc_hd__and3_2_X_C_sky130_fd_sc_hd__a211o_2_X/X (sky130_fd_sc_hd__a211o_1)
                                                         y_out_sky130_fd_sc_hd__dfrtp_2_Q_13_D_sky130_fd_sc_hd__xnor2_2_Y_B_sky130_fd_sc_hd__a21oi_2_Y_B1_sky130_fd_sc_hd__and3_2_X_C (net)
                      0.045731    0.000082    7.511281 v y_out_sky130_fd_sc_hd__dfrtp_2_Q_13_D_sky130_fd_sc_hd__xnor2_2_Y_B_sky130_fd_sc_hd__a21oi_2_Y_B1_sky130_fd_sc_hd__and3_2_X/C (sky130_fd_sc_hd__and3_1)
     3    0.013369    0.057194    0.149880    7.661161 v y_out_sky130_fd_sc_hd__dfrtp_2_Q_13_D_sky130_fd_sc_hd__xnor2_2_Y_B_sky130_fd_sc_hd__a21oi_2_Y_B1_sky130_fd_sc_hd__and3_2_X/X (sky130_fd_sc_hd__and3_1)
                                                         y_out_sky130_fd_sc_hd__dfrtp_2_Q_13_D_sky130_fd_sc_hd__xnor2_2_Y_B_sky130_fd_sc_hd__a21oi_2_Y_B1 (net)
                      0.057194    0.000119    7.661280 v y_out_sky130_fd_sc_hd__dfrtp_2_Q_13_D_sky130_fd_sc_hd__xnor2_2_Y_B_sky130_fd_sc_hd__a21oi_2_Y_B1_sky130_fd_sc_hd__nor2_2_A/A (sky130_fd_sc_hd__nor2_2)
     4    0.025649    0.209256    0.193219    7.854498 ^ y_out_sky130_fd_sc_hd__dfrtp_2_Q_13_D_sky130_fd_sc_hd__xnor2_2_Y_B_sky130_fd_sc_hd__a21oi_2_Y_B1_sky130_fd_sc_hd__nor2_2_A/Y (sky130_fd_sc_hd__nor2_2)
                                                         y_out_sky130_fd_sc_hd__dfrtp_2_Q_13_D_sky130_fd_sc_hd__xnor2_2_Y_B_sky130_fd_sc_hd__a21oi_2_Y_B1_sky130_fd_sc_hd__nor2_2_A_Y (net)
                      0.209258    0.000636    7.855134 ^ y_out_sky130_fd_sc_hd__dfrtp_2_Q_13_D_sky130_fd_sc_hd__xnor2_2_Y_A_sky130_fd_sc_hd__a311oi_2_A2/A3 (sky130_fd_sc_hd__a311oi_4)
     3    0.019197    0.090759    0.089130    7.944265 v y_out_sky130_fd_sc_hd__dfrtp_2_Q_13_D_sky130_fd_sc_hd__xnor2_2_Y_A_sky130_fd_sc_hd__a311oi_2_A2/Y (sky130_fd_sc_hd__a311oi_4)
                                                         y_out_sky130_fd_sc_hd__dfrtp_2_Q_10_D_sky130_fd_sc_hd__nor2_2_Y_B_sky130_fd_sc_hd__o21ba_2_X_A1 (net)
                      0.090761    0.000762    7.945027 v y_out_sky130_fd_sc_hd__dfrtp_2_Q_9_D_sky130_fd_sc_hd__xnor2_2_Y_A_sky130_fd_sc_hd__nand3_2_B_Y_sky130_fd_sc_hd__o31a_2_A1/A2 (sky130_fd_sc_hd__o31a_4)
     4    0.041229    0.073176    0.266930    8.211958 v y_out_sky130_fd_sc_hd__dfrtp_2_Q_9_D_sky130_fd_sc_hd__xnor2_2_Y_A_sky130_fd_sc_hd__nand3_2_B_Y_sky130_fd_sc_hd__o31a_2_A1/X (sky130_fd_sc_hd__o31a_4)
                                                         y_out_sky130_fd_sc_hd__dfrtp_2_Q_9_D_sky130_fd_sc_hd__xnor2_2_Y_A_sky130_fd_sc_hd__nand3_2_B_Y_sky130_fd_sc_hd__o31a_2_A1_X (net)
                      0.073704    0.004651    8.216608 v y_out_sky130_fd_sc_hd__dfrtp_2_Q_2_D_sky130_fd_sc_hd__xor2_2_X_B_sky130_fd_sc_hd__o31ai_2_Y/A1 (sky130_fd_sc_hd__o31ai_4)
     3    0.017010    0.207777    0.238338    8.454947 ^ y_out_sky130_fd_sc_hd__dfrtp_2_Q_2_D_sky130_fd_sc_hd__xor2_2_X_B_sky130_fd_sc_hd__o31ai_2_Y/Y (sky130_fd_sc_hd__o31ai_4)
                                                         y_out_sky130_fd_sc_hd__dfrtp_2_Q_2_D_sky130_fd_sc_hd__xor2_2_X_B (net)
                      0.207777    0.000631    8.455577 ^ y_out_sky130_fd_sc_hd__dfrtp_2_Q_D_sky130_fd_sc_hd__xnor2_2_Y_A_sky130_fd_sc_hd__a31o_2_X/A2 (sky130_fd_sc_hd__a31o_1)
     1    0.007378    0.061604    0.121533    8.577110 ^ y_out_sky130_fd_sc_hd__dfrtp_2_Q_D_sky130_fd_sc_hd__xnor2_2_Y_A_sky130_fd_sc_hd__a31o_2_X/X (sky130_fd_sc_hd__a31o_1)
                                                         y_out_sky130_fd_sc_hd__dfrtp_2_Q_D_sky130_fd_sc_hd__xnor2_2_Y_A (net)
                      0.061604    0.000161    8.577271 ^ y_out_sky130_fd_sc_hd__dfrtp_2_Q_D_sky130_fd_sc_hd__xnor2_2_Y/A (sky130_fd_sc_hd__xnor2_1)
     1    0.002453    0.038732    0.041506    8.618777 v y_out_sky130_fd_sc_hd__dfrtp_2_Q_D_sky130_fd_sc_hd__xnor2_2_Y/Y (sky130_fd_sc_hd__xnor2_1)
                                                         y_out_sky130_fd_sc_hd__dfrtp_2_Q_D (net)
                      0.038732    0.000023    8.618800 v y_out_sky130_fd_sc_hd__dfrtp_2_Q/D (sky130_fd_sc_hd__dfrtp_1)
                                              8.618800   data arrival time

                                 20.000000   20.000000   clock clk (rise edge)
                                  0.000000   20.000000   clock source latency
     2    0.070690    0.240020    0.168059   20.168060 ^ clk (in)
                                                         clk (net)
                      0.240103    0.000000   20.168060 ^ clkbuf_0_clk/A (sky130_fd_sc_hd__clkbuf_16)
     2    0.036095    0.046836    0.135671   20.303730 ^ clkbuf_0_clk/X (sky130_fd_sc_hd__clkbuf_16)
                                                         clknet_0_clk (net)
                      0.046844    0.001135   20.304867 ^ clkbuf_1_0__f_clk/A (sky130_fd_sc_hd__clkbuf_16)
     8    0.036585    0.042736    0.099440   20.404306 ^ clkbuf_1_0__f_clk/X (sky130_fd_sc_hd__clkbuf_16)
                                                         clknet_1_0__leaf_clk (net)
                      0.042887    0.001855   20.406160 ^ y_out_sky130_fd_sc_hd__dfrtp_2_Q/CLK (sky130_fd_sc_hd__dfrtp_1)
                                 -0.250000   20.156162   clock uncertainty
                                  0.000000   20.156162   clock reconvergence pessimism
                                 -0.073800   20.082361   library setup time
                                             20.082361   data required time
---------------------------------------------------------------------------------------------
                                             20.082361   data required time
                                             -8.618800   data arrival time
---------------------------------------------------------------------------------------------
                                             11.463561   slack (MET)




===========================================================================
report_checks --slack_max -0.01
============================================================================
======================= min_ff_n40C_1v95 Corner ===================================

No paths found.


===========================================================================
 report_check_types -max_slew -max_cap -max_fanout -violators
============================================================================
======================= min_ff_n40C_1v95 Corner ===================================

max fanout

Pin                                   Limit Fanout  Slack
---------------------------------------------------------
fanout109/X                              10     14     -4 (VIOLATED)
fanout102/X                              10     12     -2 (VIOLATED)
fanout107/X                              10     12     -2 (VIOLATED)
fanout103/X                              10     11        (VIOLATED)
fanout115/X                              10     11        (VIOLATED)
fanout153/X                              10     11        (VIOLATED)
fanout168/X                              10     11        (VIOLATED)
fanout213/X                              10     11        (VIOLATED)
fanout224/X                              10     11        (VIOLATED)
fanout227/X                              10     11        (VIOLATED)
fanout230/X                              10     11        (VIOLATED)
fanout247/X                              10     11        (VIOLATED)
fanout60/X                               10     11        (VIOLATED)
fanout75/X                               10     11        (VIOLATED)
fanout90/X                               10     11        (VIOLATED)



===========================================================================
report_parasitic_annotation -report_unannotated
============================================================================
Found 1 unannotated drivers.
 clkload0/X
Found 0 partially unannotated drivers.

===========================================================================
max slew violation count 0
max fanout violation count 15
max cap violation count 0
============================================================================

===========================================================================
check_setup -verbose -unconstrained_endpoints -multiple_clock -no_clock -no_input_delay -loops -generated_clocks
===========================================================================
