Clock: clk
Sources: clk 
Generated: no
Virtual: yes
Propagated: no
Period: 20.000000

===========================================================================
report_clock_properties
============================================================================
Clock                   Period          Waveform
----------------------------------------------------
clk                  20.000000    0.000000 10.000000

===========================================================================
report_clock_latency
============================================================================
Clock clk
rise -> rise
    min     max
0.000000 0.000000 source latency
0.404766         network latency y_out_sky130_fd_sc_hd__dfrtp_2_Q_6/CLK
        0.410658 network latency y_out_sky130_fd_sc_hd__dfrtp_2_Q_15/CLK
---------------
0.404766 0.410658 latency
        0.005892 skew

fall -> fall
    min     max
0.000000 0.000000 source latency
0.326829         network latency y_out_sky130_fd_sc_hd__dfrtp_2_Q_6/CLK
        0.331583 network latency y_out_sky130_fd_sc_hd__dfrtp_2_Q_15/CLK
---------------
0.326829 0.331583 latency
        0.004754 skew



===========================================================================
report_clock_min_period
============================================================================
clk period_min = 4.61 fmax = 217.12
