Clock: clk
Sources: clk 
Generated: no
Virtual: yes
Propagated: no
Period: 20.000000

===========================================================================
report_clock_properties
============================================================================
Clock                   Period          Waveform
----------------------------------------------------
clk                  20.000000    0.000000 10.000000

===========================================================================
report_clock_latency
============================================================================
Clock clk
rise -> rise
    min     max
0.000000 0.000000 source latency
0.411566         network latency y_out_sky130_fd_sc_hd__dfrtp_2_Q_7/CLK
        0.418417 network latency y_out_sky130_fd_sc_hd__dfrtp_2_Q_15/CLK
---------------
0.411566 0.418417 latency
        0.006851 skew

fall -> fall
    min     max
0.000000 0.000000 source latency
0.366891         network latency y_out_sky130_fd_sc_hd__dfrtp_2_Q_7/CLK
        0.372779 network latency y_out_sky130_fd_sc_hd__dfrtp_2_Q_15/CLK
---------------
0.366891 0.372779 latency
        0.005888 skew



===========================================================================
report_clock_min_period
============================================================================
clk period_min = 7.29 fmax = 137.26
