Clock: clk
Sources: clk 
Generated: no
Virtual: no
Propagated: no
Period: 16.000000

===========================================================================
report_clock_properties
============================================================================
Clock                   Period          Waveform
----------------------------------------------------
clk                  16.000000    0.000000  8.000000

===========================================================================
report_clock_latency
============================================================================
Clock clk
rise -> rise
    min     max
0.000000 0.000000 source latency
0.096434         network latency y_out_sky130_fd_sc_hd__dfrtp_2_Q/CLK
        0.096434 network latency y_out_sky130_fd_sc_hd__dfrtp_2_Q/CLK
---------------
0.096434 0.096434 latency
        0.000000 skew

fall -> fall
    min     max
0.000000 0.000000 source latency
0.044051         network latency y_out_sky130_fd_sc_hd__dfrtp_2_Q/CLK
        0.044051 network latency y_out_sky130_fd_sc_hd__dfrtp_2_Q/CLK
---------------
0.044051 0.044051 latency
        0.000000 skew



===========================================================================
report_clock_min_period
============================================================================
clk period_min = 6.84 fmax = 146.11
