Reading OpenROAD database at '/home/asic/workspace/asic_project/runs/RUN_2025-05-14_18-54-45/24-openroad-ioplacement/dynamic_noise_reduction.odb'…
Reading library file at '/foss/pdks/volare/sky130/versions/0fe599b2afb6708d281543108caf8310912f54af/sky130A/libs.ref/sky130_fd_sc_hd/lib/sky130_fd_sc_hd__tt_025C_1v80.lib'…
Reading design constraints file at '/usr/local/lib/python3.12/dist-packages/openlane/scripts/base.sdc'…
[INFO] Using clock clk…
[INFO] Setting output delay to: 4
[INFO] Setting input delay to: 4
[INFO] Setting load to: 0.033442
[INFO] Setting clock uncertainty to: 0.25
[INFO] Setting clock transition to: 0.1499999999999999944488848768742172978818416595458984375
[INFO] Setting timing derate to: 5%
[INFO] Setting RC values…
[INFO] Setting signal min routing layer to: met1 and clock min routing layer to met1. 
[INFO] Setting signal max routing layer to: met5 and clock max routing layer to met5. 
+ global_placement -density 0.149101 -timing_driven -routability_driven -pad_right 0 -pad_left 0 -init_wirelength_coef 0.25
[INFO GPL-0002] DBU: 1000
[INFO GPL-0003] SiteSize: (  0.460  2.720 ) um
[INFO GPL-0004] CoreBBox: (  5.520 10.880 ) ( 994.060 987.360 ) um
[INFO GPL-0006] NumInstances:             17430
[INFO GPL-0007] NumPlaceInstances:         2994
[INFO GPL-0008] NumFixedInstances:        14436
[INFO GPL-0009] NumDummyInstances:            0
[INFO GPL-0010] NumNets:                   3028
[INFO GPL-0011] NumPins:                  11085
[INFO GPL-0012] DieBBox:  (  0.000  0.000 ) ( 1000.000 1000.000 ) um
[INFO GPL-0013] CoreBBox: (  5.520 10.880 ) ( 994.060 987.360 ) um
[INFO GPL-0016] CoreArea:            965289.539 um^2
[INFO GPL-0017] NonPlaceInstsArea:    19859.046 um^2
[INFO GPL-0018] PlaceInstsArea:       30232.746 um^2
[INFO GPL-0019] Util:                     3.198 %
[INFO GPL-0020] StdInstsArea:         30232.746 um^2
[INFO GPL-0021] MacroInstsArea:           0.000 um^2
[InitialPlace]  Iter: 1 CG residual: 0.00046296 HPWL: 129720394
[InitialPlace]  Iter: 2 CG residual: 0.00000897 HPWL: 57953865
[InitialPlace]  Iter: 3 CG residual: 0.00001015 HPWL: 57886457
[InitialPlace]  Iter: 4 CG residual: 0.00001264 HPWL: 57877795
[InitialPlace]  Iter: 5 CG residual: 0.00000995 HPWL: 57765074
[INFO GPL-0031] FillerInit:NumGCells:     14101
[INFO GPL-0032] FillerInit:NumGNets:       3028
[INFO GPL-0033] FillerInit:NumGPins:      11085
[INFO GPL-0023] TargetDensity:            0.149
[INFO GPL-0024] AvrgPlaceInstArea:       10.098 um^2
[INFO GPL-0025] IdealBinArea:            67.724 um^2
[INFO GPL-0026] IdealBinCnt:              14253
[INFO GPL-0027] TotalBinArea:        965289.539 um^2
[INFO GPL-0028] BinCnt:        64     64
[INFO GPL-0029] BinSize: ( 15.446 15.258 )
[INFO GPL-0030] NumBins: 4096
[NesterovSolve] Iter:    1 overflow: 0.991 HPWL: 40409956
[NesterovSolve] Iter:   10 overflow: 0.976 HPWL: 45307312
[NesterovSolve] Iter:   20 overflow: 0.968 HPWL: 48478419
[NesterovSolve] Iter:   30 overflow: 0.961 HPWL: 50269132
[NesterovSolve] Iter:   40 overflow: 0.955 HPWL: 51202568
[NesterovSolve] Iter:   50 overflow: 0.955 HPWL: 51453151
[NesterovSolve] Iter:   60 overflow: 0.953 HPWL: 51179086
[NesterovSolve] Iter:   70 overflow: 0.954 HPWL: 50892276
[NesterovSolve] Iter:   80 overflow: 0.957 HPWL: 50709478
[NesterovSolve] Iter:   90 overflow: 0.955 HPWL: 50774835
[NesterovSolve] Iter:  100 overflow: 0.960 HPWL: 50976140
[NesterovSolve] Iter:  110 overflow: 0.955 HPWL: 51126299
[NesterovSolve] Iter:  120 overflow: 0.954 HPWL: 51323697
[NesterovSolve] Iter:  130 overflow: 0.956 HPWL: 51573030
[NesterovSolve] Iter:  140 overflow: 0.953 HPWL: 52061433
[NesterovSolve] Iter:  150 overflow: 0.949 HPWL: 52929570
[NesterovSolve] Iter:  160 overflow: 0.944 HPWL: 54238846
[NesterovSolve] Iter:  170 overflow: 0.935 HPWL: 56098809
[NesterovSolve] Iter:  180 overflow: 0.924 HPWL: 58547168
[NesterovSolve] Iter:  190 overflow: 0.906 HPWL: 61588086
[NesterovSolve] Iter:  200 overflow: 0.881 HPWL: 65077313
[NesterovSolve] Iter:  210 overflow: 0.855 HPWL: 68750093
[NesterovSolve] Iter:  220 overflow: 0.819 HPWL: 72818113
[INFO GPL-0100] Timing-driven: executing resizer for reweighting nets.
[INFO GPL-0101] Timing-driven: worst slack 9.18e-09
[INFO GPL-0103] Timing-driven: weighted 302 nets.
[NesterovSolve] Iter:  230 overflow: 0.775 HPWL: 78315210
[NesterovSolve] Iter:  240 overflow: 0.736 HPWL: 82812407
[NesterovSolve] Iter:  250 overflow: 0.685 HPWL: 87489491
[INFO GPL-0100] Timing-driven: executing resizer for reweighting nets.
[INFO GPL-0101] Timing-driven: worst slack 9.06e-09
[INFO GPL-0103] Timing-driven: weighted 297 nets.
[NesterovSolve] Iter:  260 overflow: 0.626 HPWL: 92877202
[NesterovSolve] Snapshot saved at iter = 264
[NesterovSolve] Iter:  270 overflow: 0.580 HPWL: 95793689
[NesterovSolve] Iter:  280 overflow: 0.549 HPWL: 97293120
[NesterovSolve] Iter:  290 overflow: 0.497 HPWL: 100171331
[INFO GPL-0100] Timing-driven: executing resizer for reweighting nets.
[INFO GPL-0101] Timing-driven: worst slack 8.91e-09
[INFO GPL-0103] Timing-driven: weighted 299 nets.
[NesterovSolve] Iter:  300 overflow: 0.435 HPWL: 101658854
[NesterovSolve] Iter:  310 overflow: 0.387 HPWL: 102619042
[NesterovSolve] Iter:  320 overflow: 0.342 HPWL: 104241098
[NesterovSolve] Iter:  330 overflow: 0.306 HPWL: 105084509
[INFO GPL-0075] Routability numCall: 1 inflationIterCnt: 1 bloatIterCnt: 0
[INFO GPL-0036] TileBBox: (    0    0 ) ( 6900 6900 ) DBU
[INFO GPL-0038] TileCnt:     144  144
[INFO GPL-0040] NumTiles: 20736
[INFO GPL-0081] TotalRouteOverflow: 0.0
[INFO GPL-0082] OverflowTileCnt: 0
[INFO GPL-0083] 0.5%RC: 0.6548555934658418
[INFO GPL-0084] 1.0%RC: 0.6301748990439452
[INFO GPL-0085] 2.0%RC: 0.6041952861360756
[INFO GPL-0086] 5.0%RC: 0.5673126882389403
[INFO GPL-0087] FinalRC: 0.64251524
[INFO GPL-0077] FinalRC lower than targetRC(1.01), routability not needed.
[INFO GPL-0100] Timing-driven: executing resizer for reweighting nets.
[INFO GPL-0101] Timing-driven: worst slack 9.07e-09
[INFO GPL-0103] Timing-driven: weighted 302 nets.
[NesterovSolve] Iter:  340 overflow: 0.269 HPWL: 105625518
[NesterovSolve] Iter:  350 overflow: 0.239 HPWL: 105946387
[NesterovSolve] Iter:  360 overflow: 0.213 HPWL: 106305548
[INFO GPL-0100] Timing-driven: executing resizer for reweighting nets.
[INFO GPL-0101] Timing-driven: worst slack 9.24e-09
[INFO GPL-0103] Timing-driven: weighted 302 nets.
[NesterovSolve] Iter:  370 overflow: 0.190 HPWL: 106462794
[NesterovSolve] Iter:  380 overflow: 0.167 HPWL: 106800492
[NesterovSolve] Iter:  390 overflow: 0.150 HPWL: 107122562
[INFO GPL-0100] Timing-driven: executing resizer for reweighting nets.
[INFO GPL-0101] Timing-driven: worst slack 9.03e-09
[INFO GPL-0103] Timing-driven: weighted 302 nets.
[NesterovSolve] Iter:  400 overflow: 0.131 HPWL: 107404039
[NesterovSolve] Iter:  410 overflow: 0.113 HPWL: 107728963
[NesterovSolve] Finished with Overflow: 0.099762
[INFO] Setting RC values…
Setting global connections for newly added cells…
[INFO] Setting global connections...
Updating metrics…
Cell type report:                       Count       Area
  Fill cell                               718    2695.08
  Tap cell                              13718   17163.96
  Inverter                                 68     255.24
  Sequential cell                          16     420.40
  Multi-Input combinational cell         2910   29557.10
  Total                                 17430   50091.79
Writing OpenROAD database to '/home/asic/workspace/asic_project/runs/RUN_2025-05-14_18-54-45/27-openroad-globalplacement/dynamic_noise_reduction.odb'…
Writing netlist to '/home/asic/workspace/asic_project/runs/RUN_2025-05-14_18-54-45/27-openroad-globalplacement/dynamic_noise_reduction.nl.v'…
Writing powered netlist to '/home/asic/workspace/asic_project/runs/RUN_2025-05-14_18-54-45/27-openroad-globalplacement/dynamic_noise_reduction.pnl.v'…
Writing layout to '/home/asic/workspace/asic_project/runs/RUN_2025-05-14_18-54-45/27-openroad-globalplacement/dynamic_noise_reduction.def'…
Writing timing constraints to '/home/asic/workspace/asic_project/runs/RUN_2025-05-14_18-54-45/27-openroad-globalplacement/dynamic_noise_reduction.sdc'…
