
===========================================================================
report_checks -unconstrained
===========================================================================
======================= nom_tt_025C_1v80 Corner ===================================

Startpoint: reset (input port clocked by clk)
Endpoint: y_out_sky130_fd_sc_hd__dfrtp_2_Q
          (recovery check against rising-edge clock clk)
Path Group: asynchronous
Path Type: max

Fanout         Cap        Slew       Delay        Time   Description
---------------------------------------------------------------------------------------------
                                  0.000000    0.000000   clock clk (rise edge)
                                  0.000000    0.000000   clock network delay (propagated)
                                  2.000000    2.000000 v input external delay
     1    0.002964    0.009012    0.004692    2.004692 v reset (in)
                                                         reset (net)
                      0.009012    0.000000    2.004692 v input17/A (sky130_fd_sc_hd__buf_1)
     1    0.007056    0.048983    0.092285    2.096977 v input17/X (sky130_fd_sc_hd__buf_1)
                                                         net17 (net)
                      0.048983    0.000154    2.097131 v fanout222/A (sky130_fd_sc_hd__clkbuf_4)
     7    0.037799    0.085706    0.190091    2.287222 v fanout222/X (sky130_fd_sc_hd__clkbuf_4)
                                                         net222 (net)
                      0.085706    0.000217    2.287439 v fanout221/A (sky130_fd_sc_hd__buf_4)
    10    0.055173    0.079419    0.208529    2.495968 v fanout221/X (sky130_fd_sc_hd__buf_4)
                                                         net221 (net)
                      0.079483    0.002065    2.498034 v y_out_sky130_fd_sc_hd__dfrtp_2_Q_RESET_B_sky130_fd_sc_hd__inv_2_Y/A (sky130_fd_sc_hd__inv_2)
     1    0.004138    0.034911    0.058089    2.556123 ^ y_out_sky130_fd_sc_hd__dfrtp_2_Q_RESET_B_sky130_fd_sc_hd__inv_2_Y/Y (sky130_fd_sc_hd__inv_2)
                                                         y_out_sky130_fd_sc_hd__dfrtp_2_Q_RESET_B (net)
                      0.034911    0.000010    2.556133 ^ y_out_sky130_fd_sc_hd__dfrtp_2_Q/RESET_B (sky130_fd_sc_hd__dfrtp_4)
                                              2.556133   data arrival time

                                 13.000000   13.000000   clock clk (rise edge)
                                  0.000000   13.000000   clock source latency
     1    0.019830    0.094961    0.065362   13.065362 ^ clk (in)
                                                         clk (net)
                      0.094971    0.000000   13.065362 ^ clkbuf_0_clk/A (sky130_fd_sc_hd__clkbuf_16)
     2    0.019581    0.041542    0.143418   13.208779 ^ clkbuf_0_clk/X (sky130_fd_sc_hd__clkbuf_16)
                                                         clknet_0_clk (net)
                      0.041542    0.000091   13.208871 ^ clkbuf_1_0__f_clk/A (sky130_fd_sc_hd__clkbuf_16)
     9    0.028512    0.049776    0.132148   13.341019 ^ clkbuf_1_0__f_clk/X (sky130_fd_sc_hd__clkbuf_16)
                                                         clknet_1_0__leaf_clk (net)
                      0.049778    0.000469   13.341487 ^ y_out_sky130_fd_sc_hd__dfrtp_2_Q/CLK (sky130_fd_sc_hd__dfrtp_4)
                                 -0.250000   13.091487   clock uncertainty
                                  0.000000   13.091487   clock reconvergence pessimism
                                  0.221911   13.313398   library recovery time
                                             13.313398   data required time
---------------------------------------------------------------------------------------------
                                             13.313398   data required time
                                             -2.556133   data arrival time
---------------------------------------------------------------------------------------------
                                             10.757266   slack (MET)


Startpoint: alpha[0] (input port clocked by clk)
Endpoint: y_out_sky130_fd_sc_hd__dfrtp_2_Q
          (rising edge-triggered flip-flop clocked by clk)
Path Group: clk
Path Type: max

Fanout         Cap        Slew       Delay        Time   Description
---------------------------------------------------------------------------------------------
                                  0.000000    0.000000   clock clk (rise edge)
                                  0.000000    0.000000   clock network delay (propagated)
                                  2.000000    2.000000 ^ input external delay
     1    0.003063    0.020866    0.011218    2.011218 ^ alpha[0] (in)
                                                         alpha[0] (net)
                      0.020866    0.000000    2.011218 ^ input1/A (sky130_fd_sc_hd__clkbuf_1)
     1    0.004966    0.067998    0.089543    2.100760 ^ input1/X (sky130_fd_sc_hd__clkbuf_1)
                                                         net1 (net)
                      0.067998    0.000059    2.100820 ^ fanout273/A (sky130_fd_sc_hd__clkbuf_4)
     8    0.047576    0.149568    0.220978    2.321797 ^ fanout273/X (sky130_fd_sc_hd__clkbuf_4)
                                                         net273 (net)
                      0.149568    0.000498    2.322295 ^ fanout272/A (sky130_fd_sc_hd__clkbuf_4)
     8    0.037833    0.122812    0.229786    2.552081 ^ fanout272/X (sky130_fd_sc_hd__clkbuf_4)
                                                         net272 (net)
                      0.122837    0.001755    2.553836 ^ fanout269/A (sky130_fd_sc_hd__buf_2)
    10    0.032932    0.164349    0.222327    2.776163 ^ fanout269/X (sky130_fd_sc_hd__buf_2)
                                                         net269 (net)
                      0.164350    0.000762    2.776925 ^ y_out_sky130_fd_sc_hd__dfrtp_2_Q_D_sky130_fd_sc_hd__xnor2_2_Y_B_sky130_fd_sc_hd__xnor2_2_Y_B_sky130_fd_sc_hd__xnor2_2_Y_B_sky130_fd_sc_hd__xnor2_2_Y_A_sky130_fd_sc_hd__o21ai_2_Y_A1_sky130_fd_sc_hd__xnor2_2_Y_B_sky130_fd_sc_hd__xor2_2_X_B_sky130_fd_sc_hd__xnor2_2_Y_B_sky130_fd_sc_hd__o31a_2_X_A3_sky130_fd_sc_hd__and2_2_X_B_sky130_fd_sc_hd__or4_2_A_C_sky130_fd_sc_hd__and3_2_X/B (sky130_fd_sc_hd__and3_2)
     5    0.026279    0.147005    0.290841    3.067765 ^ y_out_sky130_fd_sc_hd__dfrtp_2_Q_D_sky130_fd_sc_hd__xnor2_2_Y_B_sky130_fd_sc_hd__xnor2_2_Y_B_sky130_fd_sc_hd__xnor2_2_Y_B_sky130_fd_sc_hd__xnor2_2_Y_A_sky130_fd_sc_hd__o21ai_2_Y_A1_sky130_fd_sc_hd__xnor2_2_Y_B_sky130_fd_sc_hd__xor2_2_X_B_sky130_fd_sc_hd__xnor2_2_Y_B_sky130_fd_sc_hd__o31a_2_X_A3_sky130_fd_sc_hd__and2_2_X_B_sky130_fd_sc_hd__or4_2_A_C_sky130_fd_sc_hd__and3_2_X/X (sky130_fd_sc_hd__and3_2)
                                                         y_out_sky130_fd_sc_hd__dfrtp_2_Q_D_sky130_fd_sc_hd__xnor2_2_Y_B_sky130_fd_sc_hd__xnor2_2_Y_B_sky130_fd_sc_hd__xnor2_2_Y_B_sky130_fd_sc_hd__xnor2_2_Y_A_sky130_fd_sc_hd__o21ai_2_Y_A1_sky130_fd_sc_hd__xnor2_2_Y_B_sky130_fd_sc_hd__xor2_2_X_B_sky130_fd_sc_hd__xnor2_2_Y_B_sky130_fd_sc_hd__o31a_2_X_A3_sky130_fd_sc_hd__and2_2_X_B_sky130_fd_sc_hd__or4_2_A_C (net)
                      0.147005    0.000076    3.067842 ^ y_out_sky130_fd_sc_hd__dfrtp_2_Q_7_D_sky130_fd_sc_hd__xnor2_2_Y_A_sky130_fd_sc_hd__xor2_2_X_B_sky130_fd_sc_hd__xnor2_2_Y_A_sky130_fd_sc_hd__a21oi_2_Y_A1_sky130_fd_sc_hd__nand2b_2_Y_A_N_sky130_fd_sc_hd__nor2_2_Y_A_sky130_fd_sc_hd__and2b_2_X_B_sky130_fd_sc_hd__a21bo_2_X_A2_sky130_fd_sc_hd__a21o_2_X_B1_sky130_fd_sc_hd__a21o_2_X_B1_sky130_fd_sc_hd__and3_2_X_A_sky130_fd_sc_hd__o21bai_2_Y_A2_sky130_fd_sc_hd__xnor2_2_B_Y_sky130_fd_sc_hd__nand3_2_B_C_sky130_fd_sc_hd__nand3_2_Y_B_sky130_fd_sc_hd__a211o_2_X/B1 (sky130_fd_sc_hd__a211o_1)
     3    0.015236    0.140214    0.194686    3.262528 ^ y_out_sky130_fd_sc_hd__dfrtp_2_Q_7_D_sky130_fd_sc_hd__xnor2_2_Y_A_sky130_fd_sc_hd__xor2_2_X_B_sky130_fd_sc_hd__xnor2_2_Y_A_sky130_fd_sc_hd__a21oi_2_Y_A1_sky130_fd_sc_hd__nand2b_2_Y_A_N_sky130_fd_sc_hd__nor2_2_Y_A_sky130_fd_sc_hd__and2b_2_X_B_sky130_fd_sc_hd__a21bo_2_X_A2_sky130_fd_sc_hd__a21o_2_X_B1_sky130_fd_sc_hd__a21o_2_X_B1_sky130_fd_sc_hd__and3_2_X_A_sky130_fd_sc_hd__o21bai_2_Y_A2_sky130_fd_sc_hd__xnor2_2_B_Y_sky130_fd_sc_hd__nand3_2_B_C_sky130_fd_sc_hd__nand3_2_Y_B_sky130_fd_sc_hd__a211o_2_X/X (sky130_fd_sc_hd__a211o_1)
                                                         y_out_sky130_fd_sc_hd__dfrtp_2_Q_7_D_sky130_fd_sc_hd__xnor2_2_Y_A_sky130_fd_sc_hd__xor2_2_X_B_sky130_fd_sc_hd__xnor2_2_Y_A_sky130_fd_sc_hd__a21oi_2_Y_A1_sky130_fd_sc_hd__nand2b_2_Y_A_N_sky130_fd_sc_hd__nor2_2_Y_A_sky130_fd_sc_hd__and2b_2_X_B_sky130_fd_sc_hd__a21bo_2_X_A2_sky130_fd_sc_hd__a21o_2_X_B1_sky130_fd_sc_hd__a21o_2_X_B1_sky130_fd_sc_hd__and3_2_X_A_sky130_fd_sc_hd__o21bai_2_Y_A2_sky130_fd_sc_hd__xnor2_2_B_Y_sky130_fd_sc_hd__nand3_2_B_C_sky130_fd_sc_hd__nand3_2_Y_B (net)
                      0.140214    0.000068    3.262596 ^ y_out_sky130_fd_sc_hd__dfrtp_2_Q_7_D_sky130_fd_sc_hd__xnor2_2_Y_A_sky130_fd_sc_hd__xor2_2_X_B_sky130_fd_sc_hd__xnor2_2_Y_A_sky130_fd_sc_hd__a21oi_2_Y_A1_sky130_fd_sc_hd__nand2b_2_Y_A_N_sky130_fd_sc_hd__nor2_2_Y_A_sky130_fd_sc_hd__and2b_2_X_B_sky130_fd_sc_hd__a21bo_2_X_A2_sky130_fd_sc_hd__a21o_2_X_B1_sky130_fd_sc_hd__a21o_2_X_B1_sky130_fd_sc_hd__and3_2_X_A_sky130_fd_sc_hd__o21bai_2_Y_A2_sky130_fd_sc_hd__xnor2_2_B_Y_sky130_fd_sc_hd__nand3_2_B_C_sky130_fd_sc_hd__nand3_2_Y_B_sky130_fd_sc_hd__a21oi_2_A1/A1 (sky130_fd_sc_hd__a21oi_4)
     9    0.020899    0.073973    0.095671    3.358267 v y_out_sky130_fd_sc_hd__dfrtp_2_Q_7_D_sky130_fd_sc_hd__xnor2_2_Y_A_sky130_fd_sc_hd__xor2_2_X_B_sky130_fd_sc_hd__xnor2_2_Y_A_sky130_fd_sc_hd__a21oi_2_Y_A1_sky130_fd_sc_hd__nand2b_2_Y_A_N_sky130_fd_sc_hd__nor2_2_Y_A_sky130_fd_sc_hd__and2b_2_X_B_sky130_fd_sc_hd__a21bo_2_X_A2_sky130_fd_sc_hd__a21o_2_X_B1_sky130_fd_sc_hd__a21o_2_X_B1_sky130_fd_sc_hd__and3_2_X_A_sky130_fd_sc_hd__o21bai_2_Y_A2_sky130_fd_sc_hd__xnor2_2_B_Y_sky130_fd_sc_hd__nand3_2_B_C_sky130_fd_sc_hd__nand3_2_Y_B_sky130_fd_sc_hd__a21oi_2_A1/Y (sky130_fd_sc_hd__a21oi_4)
                                                         y_out_sky130_fd_sc_hd__dfrtp_2_Q_7_D_sky130_fd_sc_hd__xnor2_2_Y_A_sky130_fd_sc_hd__xor2_2_X_B_sky130_fd_sc_hd__xnor2_2_Y_A_sky130_fd_sc_hd__a21oi_2_Y_A1_sky130_fd_sc_hd__nand2b_2_Y_A_N_sky130_fd_sc_hd__nor2_2_Y_A_sky130_fd_sc_hd__and2b_2_X_B_sky130_fd_sc_hd__a21bo_2_X_A2_sky130_fd_sc_hd__a21o_2_X_B1_sky130_fd_sc_hd__a21o_2_X_B1_sky130_fd_sc_hd__and3_2_X_A_sky130_fd_sc_hd__o21bai_2_Y_A2_sky130_fd_sc_hd__xnor2_2_B_Y_sky130_fd_sc_hd__nand3_2_B_C_sky130_fd_sc_hd__nand3_2_Y_B_sky130_fd_sc_hd__a21oi_2_A1_Y (net)
                      0.073973    0.000084    3.358351 v y_out_sky130_fd_sc_hd__dfrtp_2_Q_7_D_sky130_fd_sc_hd__xnor2_2_Y_A_sky130_fd_sc_hd__xor2_2_X_B_sky130_fd_sc_hd__xnor2_2_Y_A_sky130_fd_sc_hd__a21oi_2_Y_A1_sky130_fd_sc_hd__nand2b_2_Y_A_N_sky130_fd_sc_hd__nor2_2_Y_A_sky130_fd_sc_hd__and2b_2_X_B_sky130_fd_sc_hd__a21bo_2_X_A2_sky130_fd_sc_hd__a21o_2_X_B1_sky130_fd_sc_hd__a21o_2_X_A1_sky130_fd_sc_hd__xnor2_2_A_Y_sky130_fd_sc_hd__nor3b_2_C_N_B_sky130_fd_sc_hd__a21oi_2_Y_A1_sky130_fd_sc_hd__or3b_2_X/A (sky130_fd_sc_hd__or3b_1)
     2    0.005048    0.080668    0.394044    3.752395 v y_out_sky130_fd_sc_hd__dfrtp_2_Q_7_D_sky130_fd_sc_hd__xnor2_2_Y_A_sky130_fd_sc_hd__xor2_2_X_B_sky130_fd_sc_hd__xnor2_2_Y_A_sky130_fd_sc_hd__a21oi_2_Y_A1_sky130_fd_sc_hd__nand2b_2_Y_A_N_sky130_fd_sc_hd__nor2_2_Y_A_sky130_fd_sc_hd__and2b_2_X_B_sky130_fd_sc_hd__a21bo_2_X_A2_sky130_fd_sc_hd__a21o_2_X_B1_sky130_fd_sc_hd__a21o_2_X_A1_sky130_fd_sc_hd__xnor2_2_A_Y_sky130_fd_sc_hd__nor3b_2_C_N_B_sky130_fd_sc_hd__a21oi_2_Y_A1_sky130_fd_sc_hd__or3b_2_X/X (sky130_fd_sc_hd__or3b_1)
                                                         y_out_sky130_fd_sc_hd__dfrtp_2_Q_7_D_sky130_fd_sc_hd__xnor2_2_Y_A_sky130_fd_sc_hd__xor2_2_X_B_sky130_fd_sc_hd__xnor2_2_Y_A_sky130_fd_sc_hd__a21oi_2_Y_A1_sky130_fd_sc_hd__nand2b_2_Y_A_N_sky130_fd_sc_hd__nor2_2_Y_A_sky130_fd_sc_hd__and2b_2_X_B_sky130_fd_sc_hd__a21bo_2_X_A2_sky130_fd_sc_hd__a21o_2_X_B1_sky130_fd_sc_hd__a21o_2_X_A1_sky130_fd_sc_hd__xnor2_2_A_Y_sky130_fd_sc_hd__nor3b_2_C_N_B_sky130_fd_sc_hd__a21oi_2_Y_A1 (net)
                      0.080668    0.000019    3.752414 v y_out_sky130_fd_sc_hd__dfrtp_2_Q_7_D_sky130_fd_sc_hd__xnor2_2_Y_A_sky130_fd_sc_hd__xor2_2_X_B_sky130_fd_sc_hd__xnor2_2_Y_A_sky130_fd_sc_hd__a21oi_2_Y_A1_sky130_fd_sc_hd__nand2b_2_Y_A_N_sky130_fd_sc_hd__nor2_2_Y_A_sky130_fd_sc_hd__and2b_2_X_B_sky130_fd_sc_hd__a21bo_2_X_A2_sky130_fd_sc_hd__a21o_2_X_B1_sky130_fd_sc_hd__a21o_2_X_A1_sky130_fd_sc_hd__xnor2_2_A_Y_sky130_fd_sc_hd__nor3b_2_C_N_B_sky130_fd_sc_hd__a21oi_2_Y_A1_sky130_fd_sc_hd__and3_2_A/A (sky130_fd_sc_hd__and3_1)
     4    0.014057    0.083777    0.203352    3.955766 v y_out_sky130_fd_sc_hd__dfrtp_2_Q_7_D_sky130_fd_sc_hd__xnor2_2_Y_A_sky130_fd_sc_hd__xor2_2_X_B_sky130_fd_sc_hd__xnor2_2_Y_A_sky130_fd_sc_hd__a21oi_2_Y_A1_sky130_fd_sc_hd__nand2b_2_Y_A_N_sky130_fd_sc_hd__nor2_2_Y_A_sky130_fd_sc_hd__and2b_2_X_B_sky130_fd_sc_hd__a21bo_2_X_A2_sky130_fd_sc_hd__a21o_2_X_B1_sky130_fd_sc_hd__a21o_2_X_A1_sky130_fd_sc_hd__xnor2_2_A_Y_sky130_fd_sc_hd__nor3b_2_C_N_B_sky130_fd_sc_hd__a21oi_2_Y_A1_sky130_fd_sc_hd__and3_2_A/X (sky130_fd_sc_hd__and3_1)
                                                         y_out_sky130_fd_sc_hd__dfrtp_2_Q_7_D_sky130_fd_sc_hd__xnor2_2_Y_A_sky130_fd_sc_hd__xor2_2_X_B_sky130_fd_sc_hd__xnor2_2_Y_A_sky130_fd_sc_hd__a21oi_2_Y_A1_sky130_fd_sc_hd__nand2b_2_Y_A_N_sky130_fd_sc_hd__nor2_2_Y_A_sky130_fd_sc_hd__and2b_2_X_B_sky130_fd_sc_hd__a21bo_2_X_A2_sky130_fd_sc_hd__a21o_2_X_B1_sky130_fd_sc_hd__a21o_2_X_A1_sky130_fd_sc_hd__xnor2_2_A_Y_sky130_fd_sc_hd__nor3b_2_C_N_B_sky130_fd_sc_hd__a21oi_2_Y_A1_sky130_fd_sc_hd__and3_2_A_X (net)
                      0.083777    0.000035    3.955801 v y_out_sky130_fd_sc_hd__dfrtp_2_Q_7_D_sky130_fd_sc_hd__xnor2_2_Y_A_sky130_fd_sc_hd__xor2_2_X_B_sky130_fd_sc_hd__xnor2_2_Y_A_sky130_fd_sc_hd__a21oi_2_Y_A1_sky130_fd_sc_hd__nand2b_2_Y_A_N_sky130_fd_sc_hd__nor2_2_Y_A_sky130_fd_sc_hd__and2b_2_X_B_sky130_fd_sc_hd__a21bo_2_X_A2_sky130_fd_sc_hd__a21o_2_X_B1_sky130_fd_sc_hd__a21o_2_X_A1_sky130_fd_sc_hd__xnor2_2_A_Y_sky130_fd_sc_hd__nor3b_2_C_N/A (sky130_fd_sc_hd__nor3b_2)
     4    0.015539    0.307281    0.320235    4.276036 ^ y_out_sky130_fd_sc_hd__dfrtp_2_Q_7_D_sky130_fd_sc_hd__xnor2_2_Y_A_sky130_fd_sc_hd__xor2_2_X_B_sky130_fd_sc_hd__xnor2_2_Y_A_sky130_fd_sc_hd__a21oi_2_Y_A1_sky130_fd_sc_hd__nand2b_2_Y_A_N_sky130_fd_sc_hd__nor2_2_Y_A_sky130_fd_sc_hd__and2b_2_X_B_sky130_fd_sc_hd__a21bo_2_X_A2_sky130_fd_sc_hd__a21o_2_X_B1_sky130_fd_sc_hd__a21o_2_X_A1_sky130_fd_sc_hd__xnor2_2_A_Y_sky130_fd_sc_hd__nor3b_2_C_N/Y (sky130_fd_sc_hd__nor3b_2)
                                                         y_out_sky130_fd_sc_hd__dfrtp_2_Q_7_D_sky130_fd_sc_hd__xnor2_2_Y_A_sky130_fd_sc_hd__xor2_2_X_B_sky130_fd_sc_hd__xnor2_2_Y_A_sky130_fd_sc_hd__a21oi_2_Y_A1_sky130_fd_sc_hd__nand2b_2_Y_A_N_sky130_fd_sc_hd__nor2_2_Y_A_sky130_fd_sc_hd__and2b_2_X_B_sky130_fd_sc_hd__a21bo_2_X_A2_sky130_fd_sc_hd__a21o_2_X_B1_sky130_fd_sc_hd__a21o_2_X_A1_sky130_fd_sc_hd__xnor2_2_A_Y_sky130_fd_sc_hd__nor3b_2_C_N_Y (net)
                      0.307281    0.000040    4.276075 ^ y_out_sky130_fd_sc_hd__dfrtp_2_Q_7_D_sky130_fd_sc_hd__xnor2_2_Y_A_sky130_fd_sc_hd__xor2_2_X_A_sky130_fd_sc_hd__a21oi_2_Y_A1_sky130_fd_sc_hd__a21oi_2_Y_A1_sky130_fd_sc_hd__nand2b_2_Y_A_N_sky130_fd_sc_hd__a21oi_2_Y_A1_sky130_fd_sc_hd__xor2_2_A_X_sky130_fd_sc_hd__and3_2_B_C_sky130_fd_sc_hd__o211ai_2_Y_C1_sky130_fd_sc_hd__or4_2_X_D_sky130_fd_sc_hd__o211a_2_X_C1_sky130_fd_sc_hd__a211oi_2_A2/B1 (sky130_fd_sc_hd__a211oi_2)
     4    0.013545    0.096945    0.120094    4.396169 v y_out_sky130_fd_sc_hd__dfrtp_2_Q_7_D_sky130_fd_sc_hd__xnor2_2_Y_A_sky130_fd_sc_hd__xor2_2_X_A_sky130_fd_sc_hd__a21oi_2_Y_A1_sky130_fd_sc_hd__a21oi_2_Y_A1_sky130_fd_sc_hd__nand2b_2_Y_A_N_sky130_fd_sc_hd__a21oi_2_Y_A1_sky130_fd_sc_hd__xor2_2_A_X_sky130_fd_sc_hd__and3_2_B_C_sky130_fd_sc_hd__o211ai_2_Y_C1_sky130_fd_sc_hd__or4_2_X_D_sky130_fd_sc_hd__o211a_2_X_C1_sky130_fd_sc_hd__a211oi_2_A2/Y (sky130_fd_sc_hd__a211oi_2)
                                                         y_out_sky130_fd_sc_hd__dfrtp_2_Q_7_D_sky130_fd_sc_hd__xnor2_2_Y_A_sky130_fd_sc_hd__xor2_2_X_A_sky130_fd_sc_hd__a21oi_2_Y_A1_sky130_fd_sc_hd__a21oi_2_Y_A1_sky130_fd_sc_hd__nand2b_2_Y_A_N_sky130_fd_sc_hd__a21oi_2_Y_A1_sky130_fd_sc_hd__xor2_2_A_X_sky130_fd_sc_hd__and3_2_B_C_sky130_fd_sc_hd__o211ai_2_Y_C1_sky130_fd_sc_hd__or4_2_X_D_sky130_fd_sc_hd__o211a_2_X_C1_sky130_fd_sc_hd__a211oi_2_A2_Y (net)
                      0.096945    0.000214    4.396383 v y_out_sky130_fd_sc_hd__dfrtp_2_Q_7_D_sky130_fd_sc_hd__xnor2_2_Y_A_sky130_fd_sc_hd__xor2_2_X_A_sky130_fd_sc_hd__a21oi_2_Y_A1_sky130_fd_sc_hd__a21oi_2_Y_A1_sky130_fd_sc_hd__nand2b_2_Y_A_N_sky130_fd_sc_hd__a21oi_2_Y_A1_sky130_fd_sc_hd__xor2_2_A_X_sky130_fd_sc_hd__and3_2_B_C_sky130_fd_sc_hd__o211ai_2_Y_C1_sky130_fd_sc_hd__or4_2_X/B (sky130_fd_sc_hd__or4_1)
     2    0.006952    0.113577    0.550060    4.946444 v y_out_sky130_fd_sc_hd__dfrtp_2_Q_7_D_sky130_fd_sc_hd__xnor2_2_Y_A_sky130_fd_sc_hd__xor2_2_X_A_sky130_fd_sc_hd__a21oi_2_Y_A1_sky130_fd_sc_hd__a21oi_2_Y_A1_sky130_fd_sc_hd__nand2b_2_Y_A_N_sky130_fd_sc_hd__a21oi_2_Y_A1_sky130_fd_sc_hd__xor2_2_A_X_sky130_fd_sc_hd__and3_2_B_C_sky130_fd_sc_hd__o211ai_2_Y_C1_sky130_fd_sc_hd__or4_2_X/X (sky130_fd_sc_hd__or4_1)
                                                         y_out_sky130_fd_sc_hd__dfrtp_2_Q_7_D_sky130_fd_sc_hd__xnor2_2_Y_A_sky130_fd_sc_hd__xor2_2_X_A_sky130_fd_sc_hd__a21oi_2_Y_A1_sky130_fd_sc_hd__a21oi_2_Y_A1_sky130_fd_sc_hd__nand2b_2_Y_A_N_sky130_fd_sc_hd__a21oi_2_Y_A1_sky130_fd_sc_hd__xor2_2_A_X_sky130_fd_sc_hd__and3_2_B_C_sky130_fd_sc_hd__o211ai_2_Y_C1 (net)
                      0.113577    0.000001    4.946445 v y_out_sky130_fd_sc_hd__dfrtp_2_Q_7_D_sky130_fd_sc_hd__xnor2_2_Y_A_sky130_fd_sc_hd__xor2_2_X_A_sky130_fd_sc_hd__a21oi_2_Y_A1_sky130_fd_sc_hd__a21oi_2_Y_A1_sky130_fd_sc_hd__nand2b_2_Y_A_N_sky130_fd_sc_hd__a21oi_2_Y_A1_sky130_fd_sc_hd__xor2_2_A_X_sky130_fd_sc_hd__and3_2_B_C_sky130_fd_sc_hd__o211ai_2_Y_B1_sky130_fd_sc_hd__a211o_2_A1/A2 (sky130_fd_sc_hd__a211o_1)
     5    0.016766    0.108697    0.382089    5.328533 v y_out_sky130_fd_sc_hd__dfrtp_2_Q_7_D_sky130_fd_sc_hd__xnor2_2_Y_A_sky130_fd_sc_hd__xor2_2_X_A_sky130_fd_sc_hd__a21oi_2_Y_A1_sky130_fd_sc_hd__a21oi_2_Y_A1_sky130_fd_sc_hd__nand2b_2_Y_A_N_sky130_fd_sc_hd__a21oi_2_Y_A1_sky130_fd_sc_hd__xor2_2_A_X_sky130_fd_sc_hd__and3_2_B_C_sky130_fd_sc_hd__o211ai_2_Y_B1_sky130_fd_sc_hd__a211o_2_A1/X (sky130_fd_sc_hd__a211o_1)
                                                         y_out_sky130_fd_sc_hd__dfrtp_2_Q_7_D_sky130_fd_sc_hd__xnor2_2_Y_A_sky130_fd_sc_hd__xor2_2_X_A_sky130_fd_sc_hd__a21oi_2_Y_A1_sky130_fd_sc_hd__a21oi_2_Y_A1_sky130_fd_sc_hd__nand2b_2_Y_A_N_sky130_fd_sc_hd__a21oi_2_Y_A1_sky130_fd_sc_hd__xor2_2_A_X_sky130_fd_sc_hd__and3_2_B_C_sky130_fd_sc_hd__o211ai_2_Y_B1_sky130_fd_sc_hd__a211o_2_A1_X (net)
                      0.108697    0.000338    5.328871 v y_out_sky130_fd_sc_hd__dfrtp_2_Q_7_D_sky130_fd_sc_hd__xnor2_2_Y_A_sky130_fd_sc_hd__xor2_2_X_A_sky130_fd_sc_hd__a21oi_2_Y_A1_sky130_fd_sc_hd__a21oi_2_Y_A1_sky130_fd_sc_hd__nand2b_2_Y_A_N_sky130_fd_sc_hd__a21oi_2_Y_A1_sky130_fd_sc_hd__xor2_2_A_X_sky130_fd_sc_hd__and3_2_B/A (sky130_fd_sc_hd__and3_1)
     2    0.007057    0.056768    0.187762    5.516634 v y_out_sky130_fd_sc_hd__dfrtp_2_Q_7_D_sky130_fd_sc_hd__xnor2_2_Y_A_sky130_fd_sc_hd__xor2_2_X_A_sky130_fd_sc_hd__a21oi_2_Y_A1_sky130_fd_sc_hd__a21oi_2_Y_A1_sky130_fd_sc_hd__nand2b_2_Y_A_N_sky130_fd_sc_hd__a21oi_2_Y_A1_sky130_fd_sc_hd__xor2_2_A_X_sky130_fd_sc_hd__and3_2_B/X (sky130_fd_sc_hd__and3_1)
                                                         y_out_sky130_fd_sc_hd__dfrtp_2_Q_7_D_sky130_fd_sc_hd__xnor2_2_Y_B_sky130_fd_sc_hd__o21ba_2_X_A2_sky130_fd_sc_hd__a21oi_2_Y_B1_sky130_fd_sc_hd__and2b_2_X_B_sky130_fd_sc_hd__a21bo_2_X_A2_sky130_fd_sc_hd__a211o_2_X_B1_sky130_fd_sc_hd__inv_2_Y_A_sky130_fd_sc_hd__a211o_2_X_B1 (net)
                      0.056768    0.000013    5.516647 v y_out_sky130_fd_sc_hd__dfrtp_2_Q_7_D_sky130_fd_sc_hd__xnor2_2_Y_B_sky130_fd_sc_hd__o21ba_2_X_A2_sky130_fd_sc_hd__a21oi_2_Y_B1_sky130_fd_sc_hd__and2b_2_X_B_sky130_fd_sc_hd__a21bo_2_X_A2_sky130_fd_sc_hd__a211o_2_X_B1_sky130_fd_sc_hd__inv_2_Y_A_sky130_fd_sc_hd__a211o_2_X/B1 (sky130_fd_sc_hd__a211o_1)
     3    0.013651    0.095315    0.323918    5.840565 v y_out_sky130_fd_sc_hd__dfrtp_2_Q_7_D_sky130_fd_sc_hd__xnor2_2_Y_B_sky130_fd_sc_hd__o21ba_2_X_A2_sky130_fd_sc_hd__a21oi_2_Y_B1_sky130_fd_sc_hd__and2b_2_X_B_sky130_fd_sc_hd__a21bo_2_X_A2_sky130_fd_sc_hd__a211o_2_X_B1_sky130_fd_sc_hd__inv_2_Y_A_sky130_fd_sc_hd__a211o_2_X/X (sky130_fd_sc_hd__a211o_1)
                                                         y_out_sky130_fd_sc_hd__dfrtp_2_Q_7_D_sky130_fd_sc_hd__xnor2_2_Y_B_sky130_fd_sc_hd__o21ba_2_X_A2_sky130_fd_sc_hd__a21oi_2_Y_B1_sky130_fd_sc_hd__and2b_2_X_B_sky130_fd_sc_hd__a21bo_2_X_A2_sky130_fd_sc_hd__a211o_2_X_B1_sky130_fd_sc_hd__inv_2_Y_A (net)
                      0.095315    0.000360    5.840925 v y_out_sky130_fd_sc_hd__dfrtp_2_Q_7_D_sky130_fd_sc_hd__xnor2_2_Y_B_sky130_fd_sc_hd__o21ba_2_X_A2_sky130_fd_sc_hd__a21oi_2_Y_A1_sky130_fd_sc_hd__a21oi_2_Y_A2_sky130_fd_sc_hd__nand2b_2_Y_B_sky130_fd_sc_hd__xnor2_2_B_Y_sky130_fd_sc_hd__and3_2_B/A (sky130_fd_sc_hd__and3_1)
     4    0.012050    0.075326    0.202346    6.043271 v y_out_sky130_fd_sc_hd__dfrtp_2_Q_7_D_sky130_fd_sc_hd__xnor2_2_Y_B_sky130_fd_sc_hd__o21ba_2_X_A2_sky130_fd_sc_hd__a21oi_2_Y_A1_sky130_fd_sc_hd__a21oi_2_Y_A2_sky130_fd_sc_hd__nand2b_2_Y_B_sky130_fd_sc_hd__xnor2_2_B_Y_sky130_fd_sc_hd__and3_2_B/X (sky130_fd_sc_hd__and3_1)
                                                         y_out_sky130_fd_sc_hd__dfrtp_2_Q_7_D_sky130_fd_sc_hd__xnor2_2_Y_B_sky130_fd_sc_hd__o21ba_2_X_A2_sky130_fd_sc_hd__a21oi_2_Y_A1_sky130_fd_sc_hd__a21oi_2_Y_A2_sky130_fd_sc_hd__nand2b_2_Y_B_sky130_fd_sc_hd__xnor2_2_B_Y_sky130_fd_sc_hd__and3_2_B_X (net)
                      0.075326    0.000035    6.043306 v y_out_sky130_fd_sc_hd__dfrtp_2_Q_11_D_sky130_fd_sc_hd__xor2_2_X_A_sky130_fd_sc_hd__and2b_2_X_B_sky130_fd_sc_hd__a211o_2_X_B1_sky130_fd_sc_hd__a21oi_2_Y_A1_sky130_fd_sc_hd__a211o_2_X_C1_sky130_fd_sc_hd__a21oi_2_Y_A1_sky130_fd_sc_hd__a211o_2_X/B1 (sky130_fd_sc_hd__a211o_1)
     3    0.009296    0.077181    0.311616    6.354922 v y_out_sky130_fd_sc_hd__dfrtp_2_Q_11_D_sky130_fd_sc_hd__xor2_2_X_A_sky130_fd_sc_hd__and2b_2_X_B_sky130_fd_sc_hd__a211o_2_X_B1_sky130_fd_sc_hd__a21oi_2_Y_A1_sky130_fd_sc_hd__a211o_2_X_C1_sky130_fd_sc_hd__a21oi_2_Y_A1_sky130_fd_sc_hd__a211o_2_X/X (sky130_fd_sc_hd__a211o_1)
                                                         y_out_sky130_fd_sc_hd__dfrtp_2_Q_11_D_sky130_fd_sc_hd__xor2_2_X_A_sky130_fd_sc_hd__and2b_2_X_B_sky130_fd_sc_hd__a211o_2_X_B1_sky130_fd_sc_hd__a21oi_2_Y_A1_sky130_fd_sc_hd__a211o_2_X_C1_sky130_fd_sc_hd__a21oi_2_Y_A1 (net)
                      0.077181    0.000037    6.354959 v y_out_sky130_fd_sc_hd__dfrtp_2_Q_11_D_sky130_fd_sc_hd__xor2_2_X_A_sky130_fd_sc_hd__and2b_2_X_B_sky130_fd_sc_hd__a211o_2_X_B1_sky130_fd_sc_hd__a21oi_2_Y_A1_sky130_fd_sc_hd__a211o_2_X_C1_sky130_fd_sc_hd__a21oi_2_Y_B1_sky130_fd_sc_hd__and3_2_B/A (sky130_fd_sc_hd__and3_1)
     4    0.011741    0.076206    0.193120    6.548079 v y_out_sky130_fd_sc_hd__dfrtp_2_Q_11_D_sky130_fd_sc_hd__xor2_2_X_A_sky130_fd_sc_hd__and2b_2_X_B_sky130_fd_sc_hd__a211o_2_X_B1_sky130_fd_sc_hd__a21oi_2_Y_A1_sky130_fd_sc_hd__a211o_2_X_C1_sky130_fd_sc_hd__a21oi_2_Y_B1_sky130_fd_sc_hd__and3_2_B/X (sky130_fd_sc_hd__and3_1)
                                                         y_out_sky130_fd_sc_hd__dfrtp_2_Q_11_D_sky130_fd_sc_hd__xor2_2_X_A_sky130_fd_sc_hd__and2b_2_X_B_sky130_fd_sc_hd__a211o_2_X_B1_sky130_fd_sc_hd__a21oi_2_Y_A1_sky130_fd_sc_hd__a211o_2_X_C1_sky130_fd_sc_hd__a21oi_2_Y_B1_sky130_fd_sc_hd__and3_2_B_X (net)
                      0.076206    0.000010    6.548089 v y_out_sky130_fd_sc_hd__dfrtp_2_Q_11_D_sky130_fd_sc_hd__xor2_2_X_A_sky130_fd_sc_hd__and2b_2_X_B_sky130_fd_sc_hd__a211o_2_X_B1_sky130_fd_sc_hd__a21oi_2_Y_A1_sky130_fd_sc_hd__a211o_2_X/B1 (sky130_fd_sc_hd__a211o_1)
     3    0.009252    0.079823    0.311704    6.859793 v y_out_sky130_fd_sc_hd__dfrtp_2_Q_11_D_sky130_fd_sc_hd__xor2_2_X_A_sky130_fd_sc_hd__and2b_2_X_B_sky130_fd_sc_hd__a211o_2_X_B1_sky130_fd_sc_hd__a21oi_2_Y_A1_sky130_fd_sc_hd__a211o_2_X/X (sky130_fd_sc_hd__a211o_1)
                                                         y_out_sky130_fd_sc_hd__dfrtp_2_Q_11_D_sky130_fd_sc_hd__xor2_2_X_A_sky130_fd_sc_hd__and2b_2_X_B_sky130_fd_sc_hd__a211o_2_X_B1_sky130_fd_sc_hd__a21oi_2_Y_A1 (net)
                      0.079823    0.000003    6.859797 v y_out_sky130_fd_sc_hd__dfrtp_2_Q_11_D_sky130_fd_sc_hd__xor2_2_X_A_sky130_fd_sc_hd__and2b_2_X_B_sky130_fd_sc_hd__a211o_2_X_B1_sky130_fd_sc_hd__a21oi_2_Y_A2_sky130_fd_sc_hd__and3_2_C/B (sky130_fd_sc_hd__and3_1)
     4    0.011285    0.072155    0.213511    7.073308 v y_out_sky130_fd_sc_hd__dfrtp_2_Q_11_D_sky130_fd_sc_hd__xor2_2_X_A_sky130_fd_sc_hd__and2b_2_X_B_sky130_fd_sc_hd__a211o_2_X_B1_sky130_fd_sc_hd__a21oi_2_Y_A2_sky130_fd_sc_hd__and3_2_C/X (sky130_fd_sc_hd__and3_1)
                                                         y_out_sky130_fd_sc_hd__dfrtp_2_Q_11_D_sky130_fd_sc_hd__xor2_2_X_A_sky130_fd_sc_hd__and2b_2_X_B_sky130_fd_sc_hd__a211o_2_X_B1_sky130_fd_sc_hd__a21oi_2_Y_A2_sky130_fd_sc_hd__and3_2_C_X (net)
                      0.072155    0.000020    7.073328 v y_out_sky130_fd_sc_hd__dfrtp_2_Q_11_D_sky130_fd_sc_hd__xor2_2_X_A_sky130_fd_sc_hd__and2b_2_X_B_sky130_fd_sc_hd__a211o_2_X/C1 (sky130_fd_sc_hd__a211o_1)
     2    0.007408    0.069560    0.258034    7.331361 v y_out_sky130_fd_sc_hd__dfrtp_2_Q_11_D_sky130_fd_sc_hd__xor2_2_X_A_sky130_fd_sc_hd__and2b_2_X_B_sky130_fd_sc_hd__a211o_2_X/X (sky130_fd_sc_hd__a211o_1)
                                                         y_out_sky130_fd_sc_hd__dfrtp_2_Q_11_D_sky130_fd_sc_hd__xor2_2_X_A_sky130_fd_sc_hd__and2b_2_X_B (net)
                      0.069560    0.000026    7.331387 v y_out_sky130_fd_sc_hd__dfrtp_2_Q_11_D_sky130_fd_sc_hd__xor2_2_X_A_sky130_fd_sc_hd__and2b_2_X_B_sky130_fd_sc_hd__a21oi_2_A2/A2 (sky130_fd_sc_hd__a21oi_2)
     2    0.015943    0.214013    0.233562    7.564949 ^ y_out_sky130_fd_sc_hd__dfrtp_2_Q_11_D_sky130_fd_sc_hd__xor2_2_X_A_sky130_fd_sc_hd__and2b_2_X_B_sky130_fd_sc_hd__a21oi_2_A2/Y (sky130_fd_sc_hd__a21oi_2)
                                                         y_out_sky130_fd_sc_hd__dfrtp_2_Q_11_D_sky130_fd_sc_hd__xor2_2_X_A_sky130_fd_sc_hd__a21oi_2_A2_B1 (net)
                      0.214013    0.000126    7.565075 ^ y_out_sky130_fd_sc_hd__dfrtp_2_Q_13_D_sky130_fd_sc_hd__xnor2_2_Y_A_sky130_fd_sc_hd__a311oi_2_A2/C1 (sky130_fd_sc_hd__a311oi_4)
     3    0.012137    0.105214    0.067787    7.632862 v y_out_sky130_fd_sc_hd__dfrtp_2_Q_13_D_sky130_fd_sc_hd__xnor2_2_Y_A_sky130_fd_sc_hd__a311oi_2_A2/Y (sky130_fd_sc_hd__a311oi_4)
                                                         y_out_sky130_fd_sc_hd__dfrtp_2_Q_10_D_sky130_fd_sc_hd__nor2_2_Y_B_sky130_fd_sc_hd__o21ba_2_X_A1 (net)
                      0.105214    0.000202    7.633063 v y_out_sky130_fd_sc_hd__dfrtp_2_Q_9_D_sky130_fd_sc_hd__xnor2_2_Y_A_sky130_fd_sc_hd__nand3_2_B_Y_sky130_fd_sc_hd__o31a_2_A1/A2 (sky130_fd_sc_hd__o31a_2)
     4    0.022109    0.095320    0.403711    8.036774 v y_out_sky130_fd_sc_hd__dfrtp_2_Q_9_D_sky130_fd_sc_hd__xnor2_2_Y_A_sky130_fd_sc_hd__nand3_2_B_Y_sky130_fd_sc_hd__o31a_2_A1/X (sky130_fd_sc_hd__o31a_2)
                                                         y_out_sky130_fd_sc_hd__dfrtp_2_Q_9_D_sky130_fd_sc_hd__xnor2_2_Y_A_sky130_fd_sc_hd__nand3_2_B_Y_sky130_fd_sc_hd__o31a_2_A1_X (net)
                      0.095323    0.000697    8.037472 v y_out_sky130_fd_sc_hd__dfrtp_2_Q_2_D_sky130_fd_sc_hd__xor2_2_X_B_sky130_fd_sc_hd__o31ai_2_Y/A1 (sky130_fd_sc_hd__o31ai_2)
     3    0.011754    0.316478    0.355236    8.392707 ^ y_out_sky130_fd_sc_hd__dfrtp_2_Q_2_D_sky130_fd_sc_hd__xor2_2_X_B_sky130_fd_sc_hd__o31ai_2_Y/Y (sky130_fd_sc_hd__o31ai_2)
                                                         y_out_sky130_fd_sc_hd__dfrtp_2_Q_2_D_sky130_fd_sc_hd__xor2_2_X_B (net)
                      0.316478    0.000096    8.392803 ^ y_out_sky130_fd_sc_hd__dfrtp_2_Q_D_sky130_fd_sc_hd__xnor2_2_Y_A_sky130_fd_sc_hd__a31o_2_X/A2 (sky130_fd_sc_hd__a31o_1)
     1    0.004910    0.066947    0.208246    8.601049 ^ y_out_sky130_fd_sc_hd__dfrtp_2_Q_D_sky130_fd_sc_hd__xnor2_2_Y_A_sky130_fd_sc_hd__a31o_2_X/X (sky130_fd_sc_hd__a31o_1)
                                                         y_out_sky130_fd_sc_hd__dfrtp_2_Q_D_sky130_fd_sc_hd__xnor2_2_Y_A (net)
                      0.066947    0.000004    8.601053 ^ y_out_sky130_fd_sc_hd__dfrtp_2_Q_D_sky130_fd_sc_hd__xnor2_2_Y/A (sky130_fd_sc_hd__xnor2_1)
     1    0.002512    0.112490    0.109351    8.710404 ^ y_out_sky130_fd_sc_hd__dfrtp_2_Q_D_sky130_fd_sc_hd__xnor2_2_Y/Y (sky130_fd_sc_hd__xnor2_1)
                                                         y_out_sky130_fd_sc_hd__dfrtp_2_Q_D (net)
                      0.112490    0.000006    8.710410 ^ y_out_sky130_fd_sc_hd__dfrtp_2_Q/D (sky130_fd_sc_hd__dfrtp_4)
                                              8.710410   data arrival time

                                 13.000000   13.000000   clock clk (rise edge)
                                  0.000000   13.000000   clock source latency
     1    0.019830    0.094961    0.065362   13.065362 ^ clk (in)
                                                         clk (net)
                      0.094971    0.000000   13.065362 ^ clkbuf_0_clk/A (sky130_fd_sc_hd__clkbuf_16)
     2    0.019581    0.041542    0.143418   13.208779 ^ clkbuf_0_clk/X (sky130_fd_sc_hd__clkbuf_16)
                                                         clknet_0_clk (net)
                      0.041542    0.000091   13.208871 ^ clkbuf_1_0__f_clk/A (sky130_fd_sc_hd__clkbuf_16)
     9    0.028512    0.049776    0.132148   13.341019 ^ clkbuf_1_0__f_clk/X (sky130_fd_sc_hd__clkbuf_16)
                                                         clknet_1_0__leaf_clk (net)
                      0.049778    0.000469   13.341487 ^ y_out_sky130_fd_sc_hd__dfrtp_2_Q/CLK (sky130_fd_sc_hd__dfrtp_4)
                                 -0.250000   13.091487   clock uncertainty
                                  0.000000   13.091487   clock reconvergence pessimism
                                 -0.078518   13.012969   library setup time
                                             13.012969   data required time
---------------------------------------------------------------------------------------------
                                             13.012969   data required time
                                             -8.710410   data arrival time
---------------------------------------------------------------------------------------------
                                              4.302558   slack (MET)




===========================================================================
report_checks --slack_max -0.01
============================================================================
======================= nom_tt_025C_1v80 Corner ===================================

No paths found.


===========================================================================
 report_check_types -max_slew -max_cap -max_fanout -violators
============================================================================
======================= nom_tt_025C_1v80 Corner ===================================



===========================================================================
report_parasitic_annotation -report_unannotated
============================================================================
Found 1 unannotated drivers.
 clkload0/X
Found 0 partially unannotated drivers.

===========================================================================
max slew violation count 0
Writing metric design__max_slew_violation__count__corner:nom_tt_025C_1v80: 0
max fanout violation count 0
Writing metric design__max_fanout_violation__count__corner:nom_tt_025C_1v80: 0
max cap violation count 0
Writing metric design__max_cap_violation__count__corner:nom_tt_025C_1v80: 0
============================================================================

===========================================================================
check_setup -verbose -unconstrained_endpoints -multiple_clock -no_clock -no_input_delay -loops -generated_clocks
===========================================================================
