[INFO PSM-0040] All shapes on net VPWR are connected.
########## IR report #################
Net              : VPWR
Corner           : nom_tt_025C_1v80
Supply voltage   : 1.80e+00 V
Worstcase voltage: 1.80e+00 V
Average voltage  : 1.80e+00 V
Average IR drop  : 8.37e-05 V
Worstcase IR drop: 3.80e-03 V
Percentage drop  : 0.21 %
######################################
[INFO PSM-0040] All shapes on net VGND are connected.
########## IR report #################
Net              : VGND
Corner           : nom_tt_025C_1v80
Supply voltage   : 0.00e+00 V
Worstcase voltage: 4.60e-03 V
Average voltage  : 8.15e-05 V
Average IR drop  : 8.15e-05 V
Worstcase IR drop: 4.60e-03 V
Percentage drop  : 0.26 %
######################################
