Clock: clk
Sources: clk 
Generated: no
Virtual: yes
Propagated: no
Period: 10.000000

===========================================================================
report_clock_properties
============================================================================
Clock                   Period          Waveform
----------------------------------------------------
clk                  10.000000    0.000000  5.000000

===========================================================================
report_clock_latency
============================================================================
Clock clk
rise -> rise
    min     max
0.000000 0.000000 source latency
0.362973         network latency y_out_sky130_fd_sc_hd__dfrtp_2_Q_8/CLK
        0.363656 network latency y_out_sky130_fd_sc_hd__dfrtp_2_Q_15/CLK
---------------
0.362973 0.363656 latency
        0.000683 skew

fall -> fall
    min     max
0.000000 0.000000 source latency
0.337226         network latency y_out_sky130_fd_sc_hd__dfrtp_2_Q_8/CLK
        0.337851 network latency y_out_sky130_fd_sc_hd__dfrtp_2_Q/CLK
---------------
0.337226 0.337851 latency
        0.000625 skew



===========================================================================
report_clock_min_period
============================================================================
clk period_min = 6.94 fmax = 144.06
