Clock: clk
Sources: clk 
Generated: no
Virtual: yes
Propagated: no
Period: 20.000000

===========================================================================
report_clock_properties
============================================================================
Clock                   Period          Waveform
----------------------------------------------------
clk                  20.000000    0.000000 10.000000

===========================================================================
report_clock_latency
============================================================================
Clock clk
rise -> rise
    min     max
0.000000 0.000000 source latency
0.342587         network latency y_out_sky130_fd_sc_hd__dfrtp_2_Q_5/CLK
        0.343989 network latency y_out_sky130_fd_sc_hd__dfrtp_2_Q_15/CLK
---------------
0.342587 0.343989 latency
        0.001402 skew

fall -> fall
    min     max
0.000000 0.000000 source latency
0.288199         network latency y_out_sky130_fd_sc_hd__dfrtp_2_Q_5/CLK
        0.289416 network latency y_out_sky130_fd_sc_hd__dfrtp_2_Q_15/CLK
---------------
0.288199 0.289416 latency
        0.001218 skew



===========================================================================
report_clock_min_period
============================================================================
clk period_min = 4.65 fmax = 215.06
