Clock: clk
Sources: clk 
Generated: no
Virtual: yes
Propagated: no
Period: 30.000000

===========================================================================
report_clock_properties
============================================================================
Clock                   Period          Waveform
----------------------------------------------------
clk                  30.000000    0.000000 15.000000

===========================================================================
report_clock_latency
============================================================================
Clock clk
rise -> rise
    min     max
0.000000 0.000000 source latency
0.273785         network latency y_out_sky130_fd_sc_hd__dfrtp_2_Q/CLK
        0.279650 network latency y_out_sky130_fd_sc_hd__dfrtp_2_Q_15/CLK
---------------
0.273785 0.279650 latency
        0.005865 skew

fall -> fall
    min     max
0.000000 0.000000 source latency
0.136025         network latency y_out_sky130_fd_sc_hd__dfrtp_2_Q/CLK
        0.141650 network latency y_out_sky130_fd_sc_hd__dfrtp_2_Q_15/CLK
---------------
0.136025 0.141650 latency
        0.005626 skew



===========================================================================
report_clock_min_period
============================================================================
clk period_min = 8.23 fmax = 121.47
