Clock: clk
Sources: clk 
Generated: no
Virtual: yes
Propagated: no
Period: 35.000000

===========================================================================
report_clock_properties
============================================================================
Clock                   Period          Waveform
----------------------------------------------------
clk                  35.000000    0.000000 17.500000

===========================================================================
report_clock_latency
============================================================================
Clock clk
rise -> rise
    min     max
0.000000 0.000000 source latency
0.883113         network latency y_out_sky130_fd_sc_hd__dfrtp_2_Q_3/CLK
        0.886201 network latency y_out_sky130_fd_sc_hd__dfrtp_2_Q_9/CLK
---------------
0.883113 0.886201 latency
        0.003087 skew

fall -> fall
    min     max
0.000000 0.000000 source latency
0.779279         network latency y_out_sky130_fd_sc_hd__dfrtp_2_Q_3/CLK
        0.781817 network latency y_out_sky130_fd_sc_hd__dfrtp_2_Q_9/CLK
---------------
0.779279 0.781817 latency
        0.002538 skew



===========================================================================
report_clock_min_period
============================================================================
clk period_min = 16.70 fmax = 59.89
