Clock: clk
Sources: clk 
Generated: no
Virtual: yes
Propagated: no
Period: 8.000000

===========================================================================
report_clock_properties
============================================================================
Clock                   Period          Waveform
----------------------------------------------------
clk                   8.000000    0.000000  4.000000

===========================================================================
report_clock_latency
============================================================================
Clock clk
rise -> rise
    min     max
0.000000 0.000000 source latency
0.237678         network latency y_out_sky130_fd_sc_hd__dfrtp_2_Q_11/CLK
        0.238479 network latency y_out_sky130_fd_sc_hd__dfrtp_2_Q/CLK
---------------
0.237678 0.238479 latency
        0.000801 skew

fall -> fall
    min     max
0.000000 0.000000 source latency
0.220777         network latency y_out_sky130_fd_sc_hd__dfrtp_2_Q_11/CLK
        0.221617 network latency y_out_sky130_fd_sc_hd__dfrtp_2_Q/CLK
---------------
0.220777 0.221617 latency
        0.000840 skew



===========================================================================
report_clock_min_period
============================================================================
clk period_min = 4.25 fmax = 235.04
