Clock: clk
Sources: clk 
Generated: no
Virtual: yes
Propagated: no
Period: 35.000000

===========================================================================
report_clock_properties
============================================================================
Clock                   Period          Waveform
----------------------------------------------------
clk                  35.000000    0.000000 17.500000

===========================================================================
report_clock_latency
============================================================================
Clock clk
rise -> rise
    min     max
0.000000 0.000000 source latency
0.343767         network latency y_out_sky130_fd_sc_hd__dfrtp_2_Q_3/CLK
        0.344857 network latency y_out_sky130_fd_sc_hd__dfrtp_2_Q_9/CLK
---------------
0.343767 0.344857 latency
        0.001090 skew

fall -> fall
    min     max
0.000000 0.000000 source latency
0.289432         network latency y_out_sky130_fd_sc_hd__dfrtp_2_Q_12/CLK
        0.290219 network latency y_out_sky130_fd_sc_hd__dfrtp_2_Q_9/CLK
---------------
0.289432 0.290219 latency
        0.000787 skew



===========================================================================
report_clock_min_period
============================================================================
clk period_min = 5.12 fmax = 195.17
