Reading OpenROAD database at '/home/asic/workspace/asic_project/runs/RUN_2025-05-17_03-59-52/24-openroad-ioplacement/dynamic_noise_reduction.odb'…
Reading library file at '/foss/pdks/volare/sky130/versions/0fe599b2afb6708d281543108caf8310912f54af/sky130A/libs.ref/sky130_fd_sc_hd/lib/sky130_fd_sc_hd__tt_025C_1v80.lib'…
Reading design constraints file at '/usr/local/lib/python3.12/dist-packages/openlane/scripts/base.sdc'…
[INFO] Using clock clk…
[INFO] Setting output delay to: 6
[INFO] Setting input delay to: 6
[INFO] Setting load to: 0.033442
[INFO] Setting clock uncertainty to: 0.25
[INFO] Setting clock transition to: 0.1499999999999999944488848768742172978818416595458984375
[INFO] Setting timing derate to: 5%
[INFO] Setting RC values…
[INFO] Setting signal min routing layer to: met1 and clock min routing layer to met1. 
[INFO] Setting signal max routing layer to: met5 and clock max routing layer to met5. 
+ global_placement -density 0.18274920000000003 -timing_driven -routability_driven -pad_right 0 -pad_left 0 -init_wirelength_coef 0.25
[INFO GPL-0002] DBU: 1000
[INFO GPL-0003] SiteSize: (  0.460  2.720 ) um
[INFO GPL-0004] CoreBBox: (  5.520 10.880 ) ( 694.140 688.160 ) um
[INFO GPL-0006] NumInstances:             10143
[INFO GPL-0007] NumPlaceInstances:         2994
[INFO GPL-0008] NumFixedInstances:         7149
[INFO GPL-0009] NumDummyInstances:            0
[INFO GPL-0010] NumNets:                   3028
[INFO GPL-0011] NumPins:                  10950
[INFO GPL-0012] DieBBox:  (  0.000  0.000 ) ( 700.000 700.000 ) um
[INFO GPL-0013] CoreBBox: (  5.520 10.880 ) ( 694.140 688.160 ) um
[INFO GPL-0016] CoreArea:            466388.554 um^2
[INFO GPL-0017] NonPlaceInstsArea:    10191.024 um^2
[INFO GPL-0018] PlaceInstsArea:       30271.533 um^2
[INFO GPL-0019] Util:                     6.636 %
[INFO GPL-0020] StdInstsArea:         30271.533 um^2
[INFO GPL-0021] MacroInstsArea:           0.000 um^2
[InitialPlace]  Iter: 1 CG residual: 0.00008217 HPWL: 113708361
[InitialPlace]  Iter: 2 CG residual: 0.00002152 HPWL: 48033040
[InitialPlace]  Iter: 3 CG residual: 0.00001632 HPWL: 48217719
[InitialPlace]  Iter: 4 CG residual: 0.00001179 HPWL: 48351244
[InitialPlace]  Iter: 5 CG residual: 0.00001598 HPWL: 48330315
[InitialPlace]  Iter: 6 CG residual: 0.00001297 HPWL: 48377947
[InitialPlace]  Iter: 7 CG residual: 0.00001642 HPWL: 48345001
[InitialPlace]  Iter: 8 CG residual: 0.00001178 HPWL: 48389059
[InitialPlace]  Iter: 9 CG residual: 0.00001608 HPWL: 48347282
[InitialPlace]  Iter: 10 CG residual: 0.00001298 HPWL: 48387584
[InitialPlace]  Iter: 11 CG residual: 0.00001475 HPWL: 48342840
[InitialPlace]  Iter: 12 CG residual: 0.00001075 HPWL: 48373629
[InitialPlace]  Iter: 13 CG residual: 0.00001801 HPWL: 48333627
[InitialPlace]  Iter: 14 CG residual: 0.00001158 HPWL: 48373012
[InitialPlace]  Iter: 15 CG residual: 0.00002830 HPWL: 48328214
[InitialPlace]  Iter: 16 CG residual: 0.00001107 HPWL: 48363142
[InitialPlace]  Iter: 17 CG residual: 0.00001665 HPWL: 48327695
[InitialPlace]  Iter: 18 CG residual: 0.00001191 HPWL: 48365586
[InitialPlace]  Iter: 19 CG residual: 0.00001684 HPWL: 48330777
[InitialPlace]  Iter: 20 CG residual: 0.00001211 HPWL: 48363993
[INFO GPL-0031] FillerInit:NumGCells:      8316
[INFO GPL-0032] FillerInit:NumGNets:       3028
[INFO GPL-0033] FillerInit:NumGPins:      10950
[INFO GPL-0023] TargetDensity:            0.183
[INFO GPL-0024] AvrgPlaceInstArea:       10.111 um^2
[INFO GPL-0025] IdealBinArea:            55.326 um^2
[INFO GPL-0026] IdealBinCnt:               8429
[INFO GPL-0027] TotalBinArea:        466388.554 um^2
[INFO GPL-0028] BinCnt:        64     64
[INFO GPL-0029] BinSize: ( 10.760 10.583 )
[INFO GPL-0030] NumBins: 4096
[NesterovSolve] Iter:    1 overflow: 0.992 HPWL: 30460699
[NesterovSolve] Iter:   10 overflow: 0.987 HPWL: 32052588
[NesterovSolve] Iter:   20 overflow: 0.981 HPWL: 33634522
[NesterovSolve] Iter:   30 overflow: 0.978 HPWL: 34473993
[NesterovSolve] Iter:   40 overflow: 0.977 HPWL: 34866002
[NesterovSolve] Iter:   50 overflow: 0.976 HPWL: 34896583
[NesterovSolve] Iter:   60 overflow: 0.975 HPWL: 34738341
[NesterovSolve] Iter:   70 overflow: 0.976 HPWL: 34600645
[NesterovSolve] Iter:   80 overflow: 0.976 HPWL: 34572994
[NesterovSolve] Iter:   90 overflow: 0.976 HPWL: 34636310
[NesterovSolve] Iter:  100 overflow: 0.976 HPWL: 34743689
[NesterovSolve] Iter:  110 overflow: 0.976 HPWL: 34864887
[NesterovSolve] Iter:  120 overflow: 0.975 HPWL: 35018973
[NesterovSolve] Iter:  130 overflow: 0.973 HPWL: 35276114
[NesterovSolve] Iter:  140 overflow: 0.972 HPWL: 35717041
[NesterovSolve] Iter:  150 overflow: 0.970 HPWL: 36424920
[NesterovSolve] Iter:  160 overflow: 0.966 HPWL: 37514489
[NesterovSolve] Iter:  170 overflow: 0.957 HPWL: 39105031
[NesterovSolve] Iter:  180 overflow: 0.948 HPWL: 41229563
[NesterovSolve] Iter:  190 overflow: 0.933 HPWL: 43875554
[NesterovSolve] Iter:  200 overflow: 0.913 HPWL: 46911003
[NesterovSolve] Iter:  210 overflow: 0.889 HPWL: 50127656
[NesterovSolve] Iter:  220 overflow: 0.860 HPWL: 53473974
[NesterovSolve] Iter:  230 overflow: 0.822 HPWL: 57676778
[NesterovSolve] Iter:  240 overflow: 0.783 HPWL: 62079652
[INFO GPL-0100] Timing-driven: executing resizer for reweighting nets.
[INFO GPL-0101] Timing-driven: worst slack 1.64e-08
[INFO GPL-0103] Timing-driven: weighted 299 nets.
[NesterovSolve] Iter:  250 overflow: 0.749 HPWL: 65394125
[NesterovSolve] Iter:  260 overflow: 0.702 HPWL: 68811969
[NesterovSolve] Iter:  270 overflow: 0.640 HPWL: 72745016
[INFO GPL-0100] Timing-driven: executing resizer for reweighting nets.
[INFO GPL-0101] Timing-driven: worst slack 1.64e-08
[INFO GPL-0103] Timing-driven: weighted 302 nets.
[NesterovSolve] Snapshot saved at iter = 276
[NesterovSolve] Iter:  280 overflow: 0.577 HPWL: 75953968
[NesterovSolve] Iter:  290 overflow: 0.523 HPWL: 78009679
[NesterovSolve] Iter:  300 overflow: 0.484 HPWL: 79415375
[INFO GPL-0100] Timing-driven: executing resizer for reweighting nets.
[INFO GPL-0101] Timing-driven: worst slack 1.66e-08
[INFO GPL-0103] Timing-driven: weighted 302 nets.
[NesterovSolve] Iter:  310 overflow: 0.440 HPWL: 82284234
[NesterovSolve] Iter:  320 overflow: 0.378 HPWL: 84964126
[NesterovSolve] Iter:  330 overflow: 0.338 HPWL: 86149476
[NesterovSolve] Iter:  340 overflow: 0.308 HPWL: 86673708
[INFO GPL-0075] Routability numCall: 1 inflationIterCnt: 1 bloatIterCnt: 0
[INFO GPL-0036] TileBBox: (    0    0 ) ( 6900 6900 ) DBU
[INFO GPL-0038] TileCnt:     101  101
[INFO GPL-0040] NumTiles: 10201
[INFO GPL-0081] TotalRouteOverflow: 0.0
[INFO GPL-0082] OverflowTileCnt: 0
[INFO GPL-0083] 0.5%RC: 0.6795205645836316
[INFO GPL-0084] 1.0%RC: 0.6553173082546123
[INFO GPL-0085] 2.0%RC: 0.6301219413920147
[INFO GPL-0086] 5.0%RC: 0.5947357516466055
[INFO GPL-0087] FinalRC: 0.66741896
[INFO GPL-0077] FinalRC lower than targetRC(1.01), routability not needed.
[NesterovSolve] Iter:  350 overflow: 0.283 HPWL: 87272082
[INFO GPL-0100] Timing-driven: executing resizer for reweighting nets.
[INFO GPL-0101] Timing-driven: worst slack 1.65e-08
[INFO GPL-0103] Timing-driven: weighted 302 nets.
[NesterovSolve] Iter:  360 overflow: 0.255 HPWL: 87487743
[NesterovSolve] Iter:  370 overflow: 0.233 HPWL: 87767175
[NesterovSolve] Iter:  380 overflow: 0.212 HPWL: 88173140
[INFO GPL-0100] Timing-driven: executing resizer for reweighting nets.
[INFO GPL-0101] Timing-driven: worst slack 1.66e-08
[INFO GPL-0103] Timing-driven: weighted 300 nets.
[NesterovSolve] Iter:  390 overflow: 0.193 HPWL: 88480782
[NesterovSolve] Iter:  400 overflow: 0.169 HPWL: 88800112
[NesterovSolve] Iter:  410 overflow: 0.150 HPWL: 89152381
[INFO GPL-0100] Timing-driven: executing resizer for reweighting nets.
[INFO GPL-0101] Timing-driven: worst slack 1.66e-08
[INFO GPL-0103] Timing-driven: weighted 302 nets.
[NesterovSolve] Iter:  420 overflow: 0.133 HPWL: 89333647
[NesterovSolve] Iter:  430 overflow: 0.120 HPWL: 89462445
[NesterovSolve] Iter:  440 overflow: 0.107 HPWL: 89799659
[NesterovSolve] Finished with Overflow: 0.099561
[INFO] Setting RC values…
Setting global connections for newly added cells…
[INFO] Setting global connections...
Updating metrics…
Cell type report:                       Count       Area
  Fill cell                               498    1869.29
  Tap cell                               6651    8321.73
  Inverter                                 62     232.72
  Sequential cell                          16     420.40
  Multi-Input combinational cell         2916   29618.41
  Total                                 10143   40462.56
Writing OpenROAD database to '/home/asic/workspace/asic_project/runs/RUN_2025-05-17_03-59-52/27-openroad-globalplacement/dynamic_noise_reduction.odb'…
Writing netlist to '/home/asic/workspace/asic_project/runs/RUN_2025-05-17_03-59-52/27-openroad-globalplacement/dynamic_noise_reduction.nl.v'…
Writing powered netlist to '/home/asic/workspace/asic_project/runs/RUN_2025-05-17_03-59-52/27-openroad-globalplacement/dynamic_noise_reduction.pnl.v'…
Writing layout to '/home/asic/workspace/asic_project/runs/RUN_2025-05-17_03-59-52/27-openroad-globalplacement/dynamic_noise_reduction.def'…
Writing timing constraints to '/home/asic/workspace/asic_project/runs/RUN_2025-05-17_03-59-52/27-openroad-globalplacement/dynamic_noise_reduction.sdc'…
