Reading timing models for corner nom_tt_025C_1v80…
Reading timing library for the 'nom_tt_025C_1v80' corner at '/foss/pdks/volare/sky130/versions/0fe599b2afb6708d281543108caf8310912f54af/sky130A/libs.ref/sky130_fd_sc_hd/lib/sky130_fd_sc_hd__tt_025C_1v80.lib'…
Reading timing models for corner nom_ff_n40C_1v95…
Reading timing library for the 'nom_ff_n40C_1v95' corner at '/foss/pdks/volare/sky130/versions/0fe599b2afb6708d281543108caf8310912f54af/sky130A/libs.ref/sky130_fd_sc_hd/lib/sky130_fd_sc_hd__ff_n40C_1v95.lib'…
Reading timing models for corner nom_ss_100C_1v60…
Reading timing library for the 'nom_ss_100C_1v60' corner at '/foss/pdks/volare/sky130/versions/0fe599b2afb6708d281543108caf8310912f54af/sky130A/libs.ref/sky130_fd_sc_hd/lib/sky130_fd_sc_hd__ss_100C_1v60.lib'…
Reading OpenROAD database at '/home/asic/workspace/asic_project/runs/RUN_2025-05-17_03-20-44/38-openroad-globalrouting/dynamic_noise_reduction.odb'…
Reading design constraints file at '/usr/local/lib/python3.12/dist-packages/openlane/scripts/base.sdc'…
[INFO] Using clock clk…
[INFO] Setting output delay to: 4
[INFO] Setting input delay to: 4
[INFO] Setting load to: 0.033442
[INFO] Setting clock uncertainty to: 0.25
[INFO] Setting clock transition to: 0.1499999999999999944488848768742172978818416595458984375
[INFO] Setting timing derate to: 5%
[INFO] Setting RC values…
[INFO] Setting signal min routing layer to: met1 and clock min routing layer to met1. 
[INFO] Setting signal max routing layer to: met5 and clock max routing layer to met5. 
-congestion_iterations 50 -verbose
[INFO GRT-0020] Min routing layer: met1
[INFO GRT-0021] Max routing layer: met5
[INFO GRT-0022] Global adjustment: 30%
[INFO GRT-0023] Grid origin: (0, 0)
[INFO GRT-0043] No OR_DEFAULT vias defined.
[INFO GRT-0088] Layer li1     Track-Pitch = 0.4600  line-2-Via Pitch: 0.3400
[INFO GRT-0088] Layer met1    Track-Pitch = 0.3400  line-2-Via Pitch: 0.3400
[INFO GRT-0088] Layer met2    Track-Pitch = 0.4600  line-2-Via Pitch: 0.3500
[INFO GRT-0088] Layer met3    Track-Pitch = 0.6800  line-2-Via Pitch: 0.6150
[INFO GRT-0088] Layer met4    Track-Pitch = 0.9200  line-2-Via Pitch: 1.0400
[INFO GRT-0088] Layer met5    Track-Pitch = 3.4000  line-2-Via Pitch: 3.1100
[INFO GRT-0019] Found 4 clock nets.
[INFO GRT-0001] Minimum degree: 2
[INFO GRT-0002] Maximum degree: 11
[INFO GRT-0003] Macros: 0
[WARNING GRT-0041] Net VPWR has wires/vias outside die area.
[WARNING GRT-0041] Net VPWR has wires/vias outside die area.
[WARNING GRT-0041] Net VPWR has wires/vias outside die area.
[WARNING GRT-0041] Net VPWR has wires/vias outside die area.
[WARNING GRT-0041] Net VPWR has wires/vias outside die area.
[WARNING GRT-0041] Net VPWR has wires/vias outside die area.
[WARNING GRT-0041] Net VPWR has wires/vias outside die area.
[WARNING GRT-0041] Net VPWR has wires/vias outside die area.
[WARNING GRT-0041] Net VPWR has wires/vias outside die area.
[WARNING GRT-0041] Net VPWR has wires/vias outside die area.
[WARNING GRT-0041] Net VPWR has wires/vias outside die area.
[WARNING GRT-0041] Net VPWR has wires/vias outside die area.
[WARNING GRT-0041] Net VPWR has wires/vias outside die area.
[WARNING GRT-0041] Net VPWR has wires/vias outside die area.
[WARNING GRT-0041] Net VPWR has wires/vias outside die area.
[WARNING GRT-0041] Net VPWR has wires/vias outside die area.
[WARNING GRT-0041] Net VPWR has wires/vias outside die area.
[WARNING GRT-0041] Net VPWR has wires/vias outside die area.
[WARNING GRT-0041] Net VPWR has wires/vias outside die area.
[WARNING GRT-0041] Net VPWR has wires/vias outside die area.
[WARNING GRT-0041] Net VPWR has wires/vias outside die area.
[WARNING GRT-0041] Net VPWR has wires/vias outside die area.
[WARNING GRT-0041] Net VPWR has wires/vias outside die area.
[WARNING GRT-0041] Net VPWR has wires/vias outside die area.
[WARNING GRT-0041] Net VPWR has wires/vias outside die area.
[WARNING GRT-0041] Net VPWR has wires/vias outside die area.
[WARNING GRT-0041] Net VPWR has wires/vias outside die area.
[WARNING GRT-0041] Net VPWR has wires/vias outside die area.
[WARNING GRT-0041] Net VPWR has wires/vias outside die area.
[WARNING GRT-0041] Net VPWR has wires/vias outside die area.
[WARNING GRT-0041] Net VPWR has wires/vias outside die area.
[WARNING GRT-0041] Net VPWR has wires/vias outside die area.
[WARNING GRT-0041] Net VPWR has wires/vias outside die area.
[WARNING GRT-0041] Net VPWR has wires/vias outside die area.
[WARNING GRT-0041] Net VPWR has wires/vias outside die area.
[WARNING GRT-0041] Net VPWR has wires/vias outside die area.
[WARNING GRT-0041] Net VPWR has wires/vias outside die area.
[WARNING GRT-0041] Net VPWR has wires/vias outside die area.
[WARNING GRT-0041] Net VPWR has wires/vias outside die area.
[WARNING GRT-0041] Net VPWR has wires/vias outside die area.
[WARNING GRT-0041] Net VPWR has wires/vias outside die area.
[WARNING GRT-0041] Net VPWR has wires/vias outside die area.
[WARNING GRT-0041] Net VPWR has wires/vias outside die area.
[WARNING GRT-0041] Net VPWR has wires/vias outside die area.
[WARNING GRT-0041] Net VPWR has wires/vias outside die area.
[WARNING GRT-0041] Net VPWR has wires/vias outside die area.
[WARNING GRT-0041] Net VPWR has wires/vias outside die area.
[WARNING GRT-0041] Net VPWR has wires/vias outside die area.
[WARNING GRT-0041] Net VPWR has wires/vias outside die area.
[WARNING GRT-0041] Net VPWR has wires/vias outside die area.
[WARNING GRT-0041] Net VPWR has wires/vias outside die area.
[WARNING GRT-0041] Net VPWR has wires/vias outside die area.
[WARNING GRT-0041] Net VPWR has wires/vias outside die area.
[WARNING GRT-0041] Net VPWR has wires/vias outside die area.
[WARNING GRT-0041] Net VPWR has wires/vias outside die area.
[WARNING GRT-0041] Net VPWR has wires/vias outside die area.
[WARNING GRT-0041] Net VPWR has wires/vias outside die area.
[WARNING GRT-0041] Net VPWR has wires/vias outside die area.
[WARNING GRT-0041] Net VPWR has wires/vias outside die area.
[WARNING GRT-0041] Net VPWR has wires/vias outside die area.
[WARNING GRT-0041] Net VPWR has wires/vias outside die area.
[WARNING GRT-0041] Net VPWR has wires/vias outside die area.
[WARNING GRT-0041] Net VPWR has wires/vias outside die area.
[WARNING GRT-0041] Net VPWR has wires/vias outside die area.
[WARNING GRT-0041] Net VPWR has wires/vias outside die area.
[WARNING GRT-0041] Net VPWR has wires/vias outside die area.
[WARNING GRT-0041] Net VPWR has wires/vias outside die area.
[WARNING GRT-0041] Net VPWR has wires/vias outside die area.
[WARNING GRT-0041] Net VPWR has wires/vias outside die area.
[WARNING GRT-0041] Net VPWR has wires/vias outside die area.
[WARNING GRT-0041] Net VPWR has wires/vias outside die area.
[WARNING GRT-0041] Net VPWR has wires/vias outside die area.
[WARNING GRT-0041] Net VPWR has wires/vias outside die area.
[WARNING GRT-0041] Net VPWR has wires/vias outside die area.
[WARNING GRT-0041] Net VPWR has wires/vias outside die area.
[WARNING GRT-0041] Net VPWR has wires/vias outside die area.
[WARNING GRT-0041] Net VPWR has wires/vias outside die area.
[WARNING GRT-0041] Net VPWR has wires/vias outside die area.
[WARNING GRT-0041] Net VPWR has wires/vias outside die area.
[WARNING GRT-0041] Net VPWR has wires/vias outside die area.
[WARNING GRT-0041] Net VPWR has wires/vias outside die area.
[WARNING GRT-0041] Net VPWR has wires/vias outside die area.
[WARNING GRT-0041] Net VPWR has wires/vias outside die area.
[WARNING GRT-0041] Net VPWR has wires/vias outside die area.
[WARNING GRT-0041] Net VPWR has wires/vias outside die area.
[WARNING GRT-0041] Net VPWR has wires/vias outside die area.
[WARNING GRT-0041] Net VPWR has wires/vias outside die area.
[WARNING GRT-0041] Net VPWR has wires/vias outside die area.
[WARNING GRT-0041] Net VPWR has wires/vias outside die area.
[WARNING GRT-0041] Net VPWR has wires/vias outside die area.
[WARNING GRT-0041] Net VPWR has wires/vias outside die area.
[WARNING GRT-0041] Net VPWR has wires/vias outside die area.
[WARNING GRT-0041] Net VPWR has wires/vias outside die area.
[WARNING GRT-0041] Net VPWR has wires/vias outside die area.
[WARNING GRT-0041] Net VPWR has wires/vias outside die area.
[WARNING GRT-0041] Net VPWR has wires/vias outside die area.
[WARNING GRT-0041] Net VPWR has wires/vias outside die area.
[WARNING GRT-0041] Net VPWR has wires/vias outside die area.
[WARNING GRT-0041] Net VPWR has wires/vias outside die area.
[WARNING GRT-0041] Net VPWR has wires/vias outside die area.
[WARNING GRT-0041] Net VPWR has wires/vias outside die area.
[WARNING GRT-0041] Net VPWR has wires/vias outside die area.
[WARNING GRT-0041] Net VPWR has wires/vias outside die area.
[WARNING GRT-0041] Net VPWR has wires/vias outside die area.
[WARNING GRT-0041] Net VPWR has wires/vias outside die area.
[WARNING GRT-0041] Net VPWR has wires/vias outside die area.
[WARNING GRT-0041] Net VPWR has wires/vias outside die area.
[WARNING GRT-0041] Net VPWR has wires/vias outside die area.
[WARNING GRT-0041] Net VPWR has wires/vias outside die area.
[WARNING GRT-0041] Net VPWR has wires/vias outside die area.
[WARNING GRT-0041] Net VPWR has wires/vias outside die area.
[WARNING GRT-0041] Net VPWR has wires/vias outside die area.
[WARNING GRT-0041] Net VGND has wires/vias outside die area.
[WARNING GRT-0041] Net VGND has wires/vias outside die area.
[WARNING GRT-0041] Net VGND has wires/vias outside die area.
[WARNING GRT-0041] Net VGND has wires/vias outside die area.
[WARNING GRT-0041] Net VGND has wires/vias outside die area.
[WARNING GRT-0041] Net VGND has wires/vias outside die area.
[WARNING GRT-0041] Net VGND has wires/vias outside die area.
[WARNING GRT-0041] Net VGND has wires/vias outside die area.
[WARNING GRT-0041] Net VGND has wires/vias outside die area.
[WARNING GRT-0041] Net VGND has wires/vias outside die area.
[WARNING GRT-0041] Net VGND has wires/vias outside die area.
[WARNING GRT-0041] Net VGND has wires/vias outside die area.
[WARNING GRT-0041] Net VGND has wires/vias outside die area.
[WARNING GRT-0041] Net VGND has wires/vias outside die area.
[WARNING GRT-0041] Net VGND has wires/vias outside die area.
[WARNING GRT-0041] Net VGND has wires/vias outside die area.
[WARNING GRT-0041] Net VGND has wires/vias outside die area.
[WARNING GRT-0041] Net VGND has wires/vias outside die area.
[WARNING GRT-0041] Net VGND has wires/vias outside die area.
[WARNING GRT-0041] Net VGND has wires/vias outside die area.
[WARNING GRT-0041] Net VGND has wires/vias outside die area.
[WARNING GRT-0041] Net VGND has wires/vias outside die area.
[WARNING GRT-0041] Net VGND has wires/vias outside die area.
[WARNING GRT-0041] Net VGND has wires/vias outside die area.
[WARNING GRT-0041] Net VGND has wires/vias outside die area.
[WARNING GRT-0041] Net VGND has wires/vias outside die area.
[WARNING GRT-0041] Net VGND has wires/vias outside die area.
[WARNING GRT-0041] Net VGND has wires/vias outside die area.
[WARNING GRT-0041] Net VGND has wires/vias outside die area.
[WARNING GRT-0041] Net VGND has wires/vias outside die area.
[WARNING GRT-0041] Net VGND has wires/vias outside die area.
[WARNING GRT-0041] Net VGND has wires/vias outside die area.
[WARNING GRT-0041] Net VGND has wires/vias outside die area.
[WARNING GRT-0041] Net VGND has wires/vias outside die area.
[WARNING GRT-0041] Net VGND has wires/vias outside die area.
[WARNING GRT-0041] Net VGND has wires/vias outside die area.
[WARNING GRT-0041] Net VGND has wires/vias outside die area.
[WARNING GRT-0041] Net VGND has wires/vias outside die area.
[WARNING GRT-0041] Net VGND has wires/vias outside die area.
[WARNING GRT-0041] Net VGND has wires/vias outside die area.
[WARNING GRT-0041] Net VGND has wires/vias outside die area.
[WARNING GRT-0041] Net VGND has wires/vias outside die area.
[WARNING GRT-0041] Net VGND has wires/vias outside die area.
[WARNING GRT-0041] Net VGND has wires/vias outside die area.
[WARNING GRT-0041] Net VGND has wires/vias outside die area.
[WARNING GRT-0041] Net VGND has wires/vias outside die area.
[WARNING GRT-0041] Net VGND has wires/vias outside die area.
[WARNING GRT-0041] Net VGND has wires/vias outside die area.
[WARNING GRT-0041] Net VGND has wires/vias outside die area.
[WARNING GRT-0041] Net VGND has wires/vias outside die area.
[WARNING GRT-0041] Net VGND has wires/vias outside die area.
[WARNING GRT-0041] Net VGND has wires/vias outside die area.
[WARNING GRT-0041] Net VGND has wires/vias outside die area.
[WARNING GRT-0041] Net VGND has wires/vias outside die area.
[WARNING GRT-0041] Net VGND has wires/vias outside die area.
[WARNING GRT-0041] Net VGND has wires/vias outside die area.
[WARNING GRT-0041] Net VGND has wires/vias outside die area.
[WARNING GRT-0041] Net VGND has wires/vias outside die area.
[WARNING GRT-0041] Net VGND has wires/vias outside die area.
[WARNING GRT-0041] Net VGND has wires/vias outside die area.
[WARNING GRT-0041] Net VGND has wires/vias outside die area.
[WARNING GRT-0041] Net VGND has wires/vias outside die area.
[WARNING GRT-0041] Net VGND has wires/vias outside die area.
[WARNING GRT-0041] Net VGND has wires/vias outside die area.
[WARNING GRT-0041] Net VGND has wires/vias outside die area.
[WARNING GRT-0041] Net VGND has wires/vias outside die area.
[WARNING GRT-0041] Net VGND has wires/vias outside die area.
[WARNING GRT-0041] Net VGND has wires/vias outside die area.
[WARNING GRT-0041] Net VGND has wires/vias outside die area.
[WARNING GRT-0041] Net VGND has wires/vias outside die area.
[WARNING GRT-0041] Net VGND has wires/vias outside die area.
[WARNING GRT-0041] Net VGND has wires/vias outside die area.
[WARNING GRT-0041] Net VGND has wires/vias outside die area.
[WARNING GRT-0041] Net VGND has wires/vias outside die area.
[WARNING GRT-0041] Net VGND has wires/vias outside die area.
[WARNING GRT-0041] Net VGND has wires/vias outside die area.
[WARNING GRT-0041] Net VGND has wires/vias outside die area.
[WARNING GRT-0041] Net VGND has wires/vias outside die area.
[WARNING GRT-0041] Net VGND has wires/vias outside die area.
[WARNING GRT-0041] Net VGND has wires/vias outside die area.
[WARNING GRT-0041] Net VGND has wires/vias outside die area.
[WARNING GRT-0041] Net VGND has wires/vias outside die area.
[WARNING GRT-0041] Net VGND has wires/vias outside die area.
[WARNING GRT-0041] Net VGND has wires/vias outside die area.
[WARNING GRT-0041] Net VGND has wires/vias outside die area.
[WARNING GRT-0041] Net VGND has wires/vias outside die area.
[WARNING GRT-0041] Net VGND has wires/vias outside die area.
[WARNING GRT-0041] Net VGND has wires/vias outside die area.
[WARNING GRT-0041] Net VGND has wires/vias outside die area.
[WARNING GRT-0041] Net VGND has wires/vias outside die area.
[WARNING GRT-0041] Net VGND has wires/vias outside die area.
[WARNING GRT-0041] Net VGND has wires/vias outside die area.
[WARNING GRT-0041] Net VGND has wires/vias outside die area.
[WARNING GRT-0041] Net VGND has wires/vias outside die area.
[WARNING GRT-0041] Net VGND has wires/vias outside die area.
[WARNING GRT-0041] Net VGND has wires/vias outside die area.
[WARNING GRT-0041] Net VGND has wires/vias outside die area.
[WARNING GRT-0041] Net VGND has wires/vias outside die area.
[WARNING GRT-0041] Net VGND has wires/vias outside die area.
[WARNING GRT-0041] Net VGND has wires/vias outside die area.
[WARNING GRT-0041] Net VGND has wires/vias outside die area.
[WARNING GRT-0041] Net VGND has wires/vias outside die area.
[WARNING GRT-0041] Net VGND has wires/vias outside die area.
[WARNING GRT-0041] Net VGND has wires/vias outside die area.
[WARNING GRT-0041] Net VGND has wires/vias outside die area.
[WARNING GRT-0041] Net VGND has wires/vias outside die area.
[WARNING GRT-0041] Net VGND has wires/vias outside die area.
[WARNING GRT-0041] Net VGND has wires/vias outside die area.
[WARNING GRT-0041] Net VGND has wires/vias outside die area.
[WARNING GRT-0041] Net VGND has wires/vias outside die area.
[WARNING GRT-0041] Net VGND has wires/vias outside die area.
[WARNING GRT-0041] Net VGND has wires/vias outside die area.
[INFO GRT-0043] No OR_DEFAULT vias defined.
[INFO GRT-0004] Blockages: 1064

[INFO GRT-0053] Routing resources analysis:
          Routing      Original      Derated      Resource
Layer     Direction    Resources     Resources    Reduction (%)
---------------------------------------------------------------
li1        Vertical            0             0          0.00%
met1       Horizontal     417456        205569          50.76%
met2       Vertical       312912        206247          34.09%
met3       Horizontal     208656        143493          31.23%
met4       Vertical       125568         73216          41.69%
met5       Horizontal      41616         20735          50.18%
---------------------------------------------------------------

[INFO GRT-0197] Via related to pin nodes: 18750
[INFO GRT-0198] Via related Steiner nodes: 356
[INFO GRT-0199] Via filling finished.
[INFO GRT-0111] Final number of vias: 23838
[INFO GRT-0112] Final usage 3D: 93786

[INFO GRT-0096] Final congestion report:
Layer         Resource        Demand        Usage (%)    Max H / Max V / Total Overflow
---------------------------------------------------------------------------------------
li1                  0             0            0.00%             0 /  0 /  0
met1            205569         11707            5.69%             0 /  0 /  0
met2            206247         10264            4.98%             0 /  0 /  0
met3            143493           254            0.18%             0 /  0 /  0
met4             73216            47            0.06%             0 /  0 /  0
met5             20735             0            0.00%             0 /  0 /  0
---------------------------------------------------------------------------------------
Total           649260         22272            3.43%             0 /  0 /  0

[INFO GRT-0018] Total wirelength: 211146 um
[INFO GRT-0014] Routed nets: 3301
[INFO RSZ-0058] Using max wire length 6335um.
Iteration | Resized | Buffers | Nets repaired | Remaining
---------------------------------------------------------
        0 |       0 |       0 |             0 |      3302
      100 |       0 |       0 |             0 |      3202
      200 |       0 |       0 |             0 |      3102
      300 |       0 |       0 |             0 |      3002
      400 |       0 |       0 |             0 |      2902
      500 |       0 |       0 |             0 |      2802
      600 |       0 |       0 |             0 |      2702
      700 |       0 |       0 |             0 |      2602
      800 |       1 |       1 |             1 |      2502
      900 |       1 |       1 |             1 |      2402
     1000 |       1 |       1 |             1 |      2302
     1100 |       1 |       1 |             1 |      2202
     1200 |       1 |       2 |             2 |      2102
     1300 |       1 |       2 |             2 |      2002
     1400 |       1 |       2 |             2 |      1902
     1500 |       1 |       2 |             2 |      1802
     1600 |       1 |       2 |             2 |      1702
     1700 |       1 |       2 |             2 |      1602
     1800 |       1 |       2 |             2 |      1502
     1900 |       1 |       2 |             2 |      1402
     2000 |       1 |       2 |             2 |      1302
     2100 |       1 |       3 |             3 |      1202
     2200 |       1 |       3 |             3 |      1102
     2300 |       1 |       3 |             3 |      1002
     2400 |       1 |       3 |             3 |       902
     2500 |       1 |       3 |             3 |       802
     2600 |       1 |       3 |             3 |       702
     2700 |       1 |       3 |             3 |       602
     2800 |       1 |       3 |             3 |       502
     2900 |       1 |       3 |             3 |       402
     3000 |       1 |       3 |             3 |       302
     3100 |       1 |       3 |             3 |       202
     3200 |       1 |       3 |             3 |       102
     3300 |       1 |       3 |             3 |         2
    final |       1 |       3 |             3 |         0
---------------------------------------------------------
[INFO RSZ-0034] Found 6 slew violations.
[INFO RSZ-0038] Inserted 3 buffers in 3 nets.
[INFO RSZ-0039] Resized 1 instances.
Placement Analysis
---------------------------------
total displacement          3.6 u
average displacement        0.0 u
max displacement            2.7 u
original HPWL          144890.8 u
legalized HPWL         147276.3 u
delta HPWL                    2 %

[INFO DPL-0020] Mirrored 1438 instances
[INFO DPL-0021] HPWL before          147276.3 u
[INFO DPL-0022] HPWL after           144894.5 u
[INFO DPL-0023] HPWL delta               -1.6 %
-congestion_iterations 50 -verbose
[INFO GRT-0020] Min routing layer: met1
[INFO GRT-0021] Max routing layer: met5
[INFO GRT-0022] Global adjustment: 30%
[INFO GRT-0023] Grid origin: (0, 0)
[INFO GRT-0043] No OR_DEFAULT vias defined.
[INFO GRT-0088] Layer li1     Track-Pitch = 0.4600  line-2-Via Pitch: 0.3400
[INFO GRT-0088] Layer met1    Track-Pitch = 0.3400  line-2-Via Pitch: 0.3400
[INFO GRT-0088] Layer met2    Track-Pitch = 0.4600  line-2-Via Pitch: 0.3500
[INFO GRT-0088] Layer met3    Track-Pitch = 0.6800  line-2-Via Pitch: 0.6150
[INFO GRT-0088] Layer met4    Track-Pitch = 0.9200  line-2-Via Pitch: 1.0400
[INFO GRT-0088] Layer met5    Track-Pitch = 3.4000  line-2-Via Pitch: 3.1100
[INFO GRT-0019] Found 4 clock nets.
[INFO GRT-0001] Minimum degree: 2
[INFO GRT-0002] Maximum degree: 11
[INFO GRT-0003] Macros: 0
[WARNING GRT-0041] Net VPWR has wires/vias outside die area.
[WARNING GRT-0041] Net VPWR has wires/vias outside die area.
[WARNING GRT-0041] Net VPWR has wires/vias outside die area.
[WARNING GRT-0041] Net VPWR has wires/vias outside die area.
[WARNING GRT-0041] Net VPWR has wires/vias outside die area.
[WARNING GRT-0041] Net VPWR has wires/vias outside die area.
[WARNING GRT-0041] Net VPWR has wires/vias outside die area.
[WARNING GRT-0041] Net VPWR has wires/vias outside die area.
[WARNING GRT-0041] Net VPWR has wires/vias outside die area.
[WARNING GRT-0041] Net VPWR has wires/vias outside die area.
[WARNING GRT-0041] Net VPWR has wires/vias outside die area.
[WARNING GRT-0041] Net VPWR has wires/vias outside die area.
[WARNING GRT-0041] Net VPWR has wires/vias outside die area.
[WARNING GRT-0041] Net VPWR has wires/vias outside die area.
[WARNING GRT-0041] Net VPWR has wires/vias outside die area.
[WARNING GRT-0041] Net VPWR has wires/vias outside die area.
[WARNING GRT-0041] Net VPWR has wires/vias outside die area.
[WARNING GRT-0041] Net VPWR has wires/vias outside die area.
[WARNING GRT-0041] Net VPWR has wires/vias outside die area.
[WARNING GRT-0041] Net VPWR has wires/vias outside die area.
[WARNING GRT-0041] Net VPWR has wires/vias outside die area.
[WARNING GRT-0041] Net VPWR has wires/vias outside die area.
[WARNING GRT-0041] Net VPWR has wires/vias outside die area.
[WARNING GRT-0041] Net VPWR has wires/vias outside die area.
[WARNING GRT-0041] Net VPWR has wires/vias outside die area.
[WARNING GRT-0041] Net VPWR has wires/vias outside die area.
[WARNING GRT-0041] Net VPWR has wires/vias outside die area.
[WARNING GRT-0041] Net VPWR has wires/vias outside die area.
[WARNING GRT-0041] Net VPWR has wires/vias outside die area.
[WARNING GRT-0041] Net VPWR has wires/vias outside die area.
[WARNING GRT-0041] Net VPWR has wires/vias outside die area.
[WARNING GRT-0041] Net VPWR has wires/vias outside die area.
[WARNING GRT-0041] Net VPWR has wires/vias outside die area.
[WARNING GRT-0041] Net VPWR has wires/vias outside die area.
[WARNING GRT-0041] Net VPWR has wires/vias outside die area.
[WARNING GRT-0041] Net VPWR has wires/vias outside die area.
[WARNING GRT-0041] Net VPWR has wires/vias outside die area.
[WARNING GRT-0041] Net VPWR has wires/vias outside die area.
[WARNING GRT-0041] Net VPWR has wires/vias outside die area.
[WARNING GRT-0041] Net VPWR has wires/vias outside die area.
[WARNING GRT-0041] Net VPWR has wires/vias outside die area.
[WARNING GRT-0041] Net VPWR has wires/vias outside die area.
[WARNING GRT-0041] Net VPWR has wires/vias outside die area.
[WARNING GRT-0041] Net VPWR has wires/vias outside die area.
[WARNING GRT-0041] Net VPWR has wires/vias outside die area.
[WARNING GRT-0041] Net VPWR has wires/vias outside die area.
[WARNING GRT-0041] Net VPWR has wires/vias outside die area.
[WARNING GRT-0041] Net VPWR has wires/vias outside die area.
[WARNING GRT-0041] Net VPWR has wires/vias outside die area.
[WARNING GRT-0041] Net VPWR has wires/vias outside die area.
[WARNING GRT-0041] Net VPWR has wires/vias outside die area.
[WARNING GRT-0041] Net VPWR has wires/vias outside die area.
[WARNING GRT-0041] Net VPWR has wires/vias outside die area.
[WARNING GRT-0041] Net VPWR has wires/vias outside die area.
[WARNING GRT-0041] Net VPWR has wires/vias outside die area.
[WARNING GRT-0041] Net VPWR has wires/vias outside die area.
[WARNING GRT-0041] Net VPWR has wires/vias outside die area.
[WARNING GRT-0041] Net VPWR has wires/vias outside die area.
[WARNING GRT-0041] Net VPWR has wires/vias outside die area.
[WARNING GRT-0041] Net VPWR has wires/vias outside die area.
[WARNING GRT-0041] Net VPWR has wires/vias outside die area.
[WARNING GRT-0041] Net VPWR has wires/vias outside die area.
[WARNING GRT-0041] Net VPWR has wires/vias outside die area.
[WARNING GRT-0041] Net VPWR has wires/vias outside die area.
[WARNING GRT-0041] Net VPWR has wires/vias outside die area.
[WARNING GRT-0041] Net VPWR has wires/vias outside die area.
[WARNING GRT-0041] Net VPWR has wires/vias outside die area.
[WARNING GRT-0041] Net VPWR has wires/vias outside die area.
[WARNING GRT-0041] Net VPWR has wires/vias outside die area.
[WARNING GRT-0041] Net VPWR has wires/vias outside die area.
[WARNING GRT-0041] Net VPWR has wires/vias outside die area.
[WARNING GRT-0041] Net VPWR has wires/vias outside die area.
[WARNING GRT-0041] Net VPWR has wires/vias outside die area.
[WARNING GRT-0041] Net VPWR has wires/vias outside die area.
[WARNING GRT-0041] Net VPWR has wires/vias outside die area.
[WARNING GRT-0041] Net VPWR has wires/vias outside die area.
[WARNING GRT-0041] Net VPWR has wires/vias outside die area.
[WARNING GRT-0041] Net VPWR has wires/vias outside die area.
[WARNING GRT-0041] Net VPWR has wires/vias outside die area.
[WARNING GRT-0041] Net VPWR has wires/vias outside die area.
[WARNING GRT-0041] Net VPWR has wires/vias outside die area.
[WARNING GRT-0041] Net VPWR has wires/vias outside die area.
[WARNING GRT-0041] Net VPWR has wires/vias outside die area.
[WARNING GRT-0041] Net VPWR has wires/vias outside die area.
[WARNING GRT-0041] Net VPWR has wires/vias outside die area.
[WARNING GRT-0041] Net VPWR has wires/vias outside die area.
[WARNING GRT-0041] Net VPWR has wires/vias outside die area.
[WARNING GRT-0041] Net VPWR has wires/vias outside die area.
[WARNING GRT-0041] Net VPWR has wires/vias outside die area.
[WARNING GRT-0041] Net VPWR has wires/vias outside die area.
[WARNING GRT-0041] Net VPWR has wires/vias outside die area.
[WARNING GRT-0041] Net VPWR has wires/vias outside die area.
[WARNING GRT-0041] Net VPWR has wires/vias outside die area.
[WARNING GRT-0041] Net VPWR has wires/vias outside die area.
[WARNING GRT-0041] Net VPWR has wires/vias outside die area.
[WARNING GRT-0041] Net VPWR has wires/vias outside die area.
[WARNING GRT-0041] Net VPWR has wires/vias outside die area.
[WARNING GRT-0041] Net VPWR has wires/vias outside die area.
[WARNING GRT-0041] Net VPWR has wires/vias outside die area.
[WARNING GRT-0041] Net VPWR has wires/vias outside die area.
[WARNING GRT-0041] Net VPWR has wires/vias outside die area.
[WARNING GRT-0041] Net VPWR has wires/vias outside die area.
[WARNING GRT-0041] Net VPWR has wires/vias outside die area.
[WARNING GRT-0041] Net VPWR has wires/vias outside die area.
[WARNING GRT-0041] Net VPWR has wires/vias outside die area.
[WARNING GRT-0041] Net VPWR has wires/vias outside die area.
[WARNING GRT-0041] Net VPWR has wires/vias outside die area.
[WARNING GRT-0041] Net VPWR has wires/vias outside die area.
[WARNING GRT-0041] Net VPWR has wires/vias outside die area.
[WARNING GRT-0041] Net VPWR has wires/vias outside die area.
[WARNING GRT-0041] Net VPWR has wires/vias outside die area.
[WARNING GRT-0041] Net VPWR has wires/vias outside die area.
[WARNING GRT-0041] Net VGND has wires/vias outside die area.
[WARNING GRT-0041] Net VGND has wires/vias outside die area.
[WARNING GRT-0041] Net VGND has wires/vias outside die area.
[WARNING GRT-0041] Net VGND has wires/vias outside die area.
[WARNING GRT-0041] Net VGND has wires/vias outside die area.
[WARNING GRT-0041] Net VGND has wires/vias outside die area.
[WARNING GRT-0041] Net VGND has wires/vias outside die area.
[WARNING GRT-0041] Net VGND has wires/vias outside die area.
[WARNING GRT-0041] Net VGND has wires/vias outside die area.
[WARNING GRT-0041] Net VGND has wires/vias outside die area.
[WARNING GRT-0041] Net VGND has wires/vias outside die area.
[WARNING GRT-0041] Net VGND has wires/vias outside die area.
[WARNING GRT-0041] Net VGND has wires/vias outside die area.
[WARNING GRT-0041] Net VGND has wires/vias outside die area.
[WARNING GRT-0041] Net VGND has wires/vias outside die area.
[WARNING GRT-0041] Net VGND has wires/vias outside die area.
[WARNING GRT-0041] Net VGND has wires/vias outside die area.
[WARNING GRT-0041] Net VGND has wires/vias outside die area.
[WARNING GRT-0041] Net VGND has wires/vias outside die area.
[WARNING GRT-0041] Net VGND has wires/vias outside die area.
[WARNING GRT-0041] Net VGND has wires/vias outside die area.
[WARNING GRT-0041] Net VGND has wires/vias outside die area.
[WARNING GRT-0041] Net VGND has wires/vias outside die area.
[WARNING GRT-0041] Net VGND has wires/vias outside die area.
[WARNING GRT-0041] Net VGND has wires/vias outside die area.
[WARNING GRT-0041] Net VGND has wires/vias outside die area.
[WARNING GRT-0041] Net VGND has wires/vias outside die area.
[WARNING GRT-0041] Net VGND has wires/vias outside die area.
[WARNING GRT-0041] Net VGND has wires/vias outside die area.
[WARNING GRT-0041] Net VGND has wires/vias outside die area.
[WARNING GRT-0041] Net VGND has wires/vias outside die area.
[WARNING GRT-0041] Net VGND has wires/vias outside die area.
[WARNING GRT-0041] Net VGND has wires/vias outside die area.
[WARNING GRT-0041] Net VGND has wires/vias outside die area.
[WARNING GRT-0041] Net VGND has wires/vias outside die area.
[WARNING GRT-0041] Net VGND has wires/vias outside die area.
[WARNING GRT-0041] Net VGND has wires/vias outside die area.
[WARNING GRT-0041] Net VGND has wires/vias outside die area.
[WARNING GRT-0041] Net VGND has wires/vias outside die area.
[WARNING GRT-0041] Net VGND has wires/vias outside die area.
[WARNING GRT-0041] Net VGND has wires/vias outside die area.
[WARNING GRT-0041] Net VGND has wires/vias outside die area.
[WARNING GRT-0041] Net VGND has wires/vias outside die area.
[WARNING GRT-0041] Net VGND has wires/vias outside die area.
[WARNING GRT-0041] Net VGND has wires/vias outside die area.
[WARNING GRT-0041] Net VGND has wires/vias outside die area.
[WARNING GRT-0041] Net VGND has wires/vias outside die area.
[WARNING GRT-0041] Net VGND has wires/vias outside die area.
[WARNING GRT-0041] Net VGND has wires/vias outside die area.
[WARNING GRT-0041] Net VGND has wires/vias outside die area.
[WARNING GRT-0041] Net VGND has wires/vias outside die area.
[WARNING GRT-0041] Net VGND has wires/vias outside die area.
[WARNING GRT-0041] Net VGND has wires/vias outside die area.
[WARNING GRT-0041] Net VGND has wires/vias outside die area.
[WARNING GRT-0041] Net VGND has wires/vias outside die area.
[WARNING GRT-0041] Net VGND has wires/vias outside die area.
[WARNING GRT-0041] Net VGND has wires/vias outside die area.
[WARNING GRT-0041] Net VGND has wires/vias outside die area.
[WARNING GRT-0041] Net VGND has wires/vias outside die area.
[WARNING GRT-0041] Net VGND has wires/vias outside die area.
[WARNING GRT-0041] Net VGND has wires/vias outside die area.
[WARNING GRT-0041] Net VGND has wires/vias outside die area.
[WARNING GRT-0041] Net VGND has wires/vias outside die area.
[WARNING GRT-0041] Net VGND has wires/vias outside die area.
[WARNING GRT-0041] Net VGND has wires/vias outside die area.
[WARNING GRT-0041] Net VGND has wires/vias outside die area.
[WARNING GRT-0041] Net VGND has wires/vias outside die area.
[WARNING GRT-0041] Net VGND has wires/vias outside die area.
[WARNING GRT-0041] Net VGND has wires/vias outside die area.
[WARNING GRT-0041] Net VGND has wires/vias outside die area.
[WARNING GRT-0041] Net VGND has wires/vias outside die area.
[WARNING GRT-0041] Net VGND has wires/vias outside die area.
[WARNING GRT-0041] Net VGND has wires/vias outside die area.
[WARNING GRT-0041] Net VGND has wires/vias outside die area.
[WARNING GRT-0041] Net VGND has wires/vias outside die area.
[WARNING GRT-0041] Net VGND has wires/vias outside die area.
[WARNING GRT-0041] Net VGND has wires/vias outside die area.
[WARNING GRT-0041] Net VGND has wires/vias outside die area.
[WARNING GRT-0041] Net VGND has wires/vias outside die area.
[WARNING GRT-0041] Net VGND has wires/vias outside die area.
[WARNING GRT-0041] Net VGND has wires/vias outside die area.
[WARNING GRT-0041] Net VGND has wires/vias outside die area.
[WARNING GRT-0041] Net VGND has wires/vias outside die area.
[WARNING GRT-0041] Net VGND has wires/vias outside die area.
[WARNING GRT-0041] Net VGND has wires/vias outside die area.
[WARNING GRT-0041] Net VGND has wires/vias outside die area.
[WARNING GRT-0041] Net VGND has wires/vias outside die area.
[WARNING GRT-0041] Net VGND has wires/vias outside die area.
[WARNING GRT-0041] Net VGND has wires/vias outside die area.
[WARNING GRT-0041] Net VGND has wires/vias outside die area.
[WARNING GRT-0041] Net VGND has wires/vias outside die area.
[WARNING GRT-0041] Net VGND has wires/vias outside die area.
[WARNING GRT-0041] Net VGND has wires/vias outside die area.
[WARNING GRT-0041] Net VGND has wires/vias outside die area.
[WARNING GRT-0041] Net VGND has wires/vias outside die area.
[WARNING GRT-0041] Net VGND has wires/vias outside die area.
[WARNING GRT-0041] Net VGND has wires/vias outside die area.
[WARNING GRT-0041] Net VGND has wires/vias outside die area.
[WARNING GRT-0041] Net VGND has wires/vias outside die area.
[WARNING GRT-0041] Net VGND has wires/vias outside die area.
[WARNING GRT-0041] Net VGND has wires/vias outside die area.
[WARNING GRT-0041] Net VGND has wires/vias outside die area.
[WARNING GRT-0041] Net VGND has wires/vias outside die area.
[WARNING GRT-0041] Net VGND has wires/vias outside die area.
[WARNING GRT-0041] Net VGND has wires/vias outside die area.
[WARNING GRT-0041] Net VGND has wires/vias outside die area.
[WARNING GRT-0041] Net VGND has wires/vias outside die area.
[WARNING GRT-0041] Net VGND has wires/vias outside die area.
[WARNING GRT-0041] Net VGND has wires/vias outside die area.
[WARNING GRT-0041] Net VGND has wires/vias outside die area.
[WARNING GRT-0041] Net VGND has wires/vias outside die area.
[WARNING GRT-0041] Net VGND has wires/vias outside die area.
[INFO GRT-0043] No OR_DEFAULT vias defined.
[INFO GRT-0004] Blockages: 1064

[INFO GRT-0053] Routing resources analysis:
          Routing      Original      Derated      Resource
Layer     Direction    Resources     Resources    Reduction (%)
---------------------------------------------------------------
li1        Vertical            0             0          0.00%
met1       Horizontal     417456        205569          50.76%
met2       Vertical       312912        206247          34.09%
met3       Horizontal     208656        143493          31.23%
met4       Vertical       125568         73216          41.69%
met5       Horizontal      41616         20735          50.18%
---------------------------------------------------------------

[INFO GRT-0197] Via related to pin nodes: 18761
[INFO GRT-0198] Via related Steiner nodes: 356
[INFO GRT-0199] Via filling finished.
[INFO GRT-0111] Final number of vias: 23848
[INFO GRT-0112] Final usage 3D: 93817

[INFO GRT-0096] Final congestion report:
Layer         Resource        Demand        Usage (%)    Max H / Max V / Total Overflow
---------------------------------------------------------------------------------------
li1                  0             0            0.00%             0 /  0 /  0
met1            205569         11708            5.70%             0 /  0 /  0
met2            206247         10264            4.98%             0 /  0 /  0
met3            143493           254            0.18%             0 /  0 /  0
met4             73216            47            0.06%             0 /  0 /  0
met5             20735             0            0.00%             0 /  0 /  0
---------------------------------------------------------------------------------------
Total           649260         22273            3.43%             0 /  0 /  0

[INFO GRT-0018] Total wirelength: 211160 um
[INFO GRT-0014] Routed nets: 3304
Setting global connections for newly added cells…
[INFO] Setting global connections...
Updating metrics…
Cell type report:                       Count       Area
  Fill cell                               718    2695.08
  Tap cell                              13718   17163.96
  Clock buffer                              4      88.84
  Timing Repair Buffer                    273    1933.10
  Inverter                                 62     265.25
  Sequential cell                          16     439.17
  Multi-Input combinational cell         2916   22684.26
  Total                                 17707   45269.67
Writing OpenROAD database to '/home/asic/workspace/asic_project/runs/RUN_2025-05-17_03-20-44/40-openroad-repairdesignpostgrt/dynamic_noise_reduction.odb'…
Writing netlist to '/home/asic/workspace/asic_project/runs/RUN_2025-05-17_03-20-44/40-openroad-repairdesignpostgrt/dynamic_noise_reduction.nl.v'…
Writing powered netlist to '/home/asic/workspace/asic_project/runs/RUN_2025-05-17_03-20-44/40-openroad-repairdesignpostgrt/dynamic_noise_reduction.pnl.v'…
Writing layout to '/home/asic/workspace/asic_project/runs/RUN_2025-05-17_03-20-44/40-openroad-repairdesignpostgrt/dynamic_noise_reduction.def'…
Writing timing constraints to '/home/asic/workspace/asic_project/runs/RUN_2025-05-17_03-20-44/40-openroad-repairdesignpostgrt/dynamic_noise_reduction.sdc'…
