Clock: clk
Sources: clk 
Generated: no
Virtual: yes
Propagated: no
Period: 20.000000

===========================================================================
report_clock_properties
============================================================================
Clock                   Period          Waveform
----------------------------------------------------
clk                  20.000000    0.000000 10.000000

===========================================================================
report_clock_latency
============================================================================
Clock clk
rise -> rise
    min     max
0.000000 0.000000 source latency
0.880392         network latency y_out_sky130_fd_sc_hd__dfrtp_2_Q_5/CLK
        0.882757 network latency y_out_sky130_fd_sc_hd__dfrtp_2_Q_15/CLK
---------------
0.880392 0.882757 latency
        0.002365 skew

fall -> fall
    min     max
0.000000 0.000000 source latency
0.775756         network latency y_out_sky130_fd_sc_hd__dfrtp_2_Q_5/CLK
        0.777858 network latency y_out_sky130_fd_sc_hd__dfrtp_2_Q_15/CLK
---------------
0.775756 0.777858 latency
        0.002101 skew



===========================================================================
report_clock_min_period
============================================================================
clk period_min = 14.55 fmax = 68.72
