Reading timing models for corner nom_tt_025C_1v80…
Reading timing library for the 'nom_tt_025C_1v80' corner at '/foss/pdks/volare/sky130/versions/0fe599b2afb6708d281543108caf8310912f54af/sky130A/libs.ref/sky130_fd_sc_hd/lib/sky130_fd_sc_hd__tt_025C_1v80.lib'…
Reading timing models for corner nom_ff_n40C_1v95…
Reading timing library for the 'nom_ff_n40C_1v95' corner at '/foss/pdks/volare/sky130/versions/0fe599b2afb6708d281543108caf8310912f54af/sky130A/libs.ref/sky130_fd_sc_hd/lib/sky130_fd_sc_hd__ff_n40C_1v95.lib'…
Reading timing models for corner nom_ss_100C_1v60…
Reading timing library for the 'nom_ss_100C_1v60' corner at '/foss/pdks/volare/sky130/versions/0fe599b2afb6708d281543108caf8310912f54af/sky130A/libs.ref/sky130_fd_sc_hd/lib/sky130_fd_sc_hd__ss_100C_1v60.lib'…
Reading OpenROAD database at '/home/asic/workspace/asic_project/runs/RUN_2025-05-13_11-08-55/27-openroad-globalplacement/dynamic_noise_reduction.odb'…
Reading design constraints file at '/usr/local/lib/python3.12/dist-packages/openlane/scripts/base.sdc'…
[INFO] Using clock clk…
[INFO] Setting output delay to: 3
[INFO] Setting input delay to: 3
[INFO] Setting load to: 0.033442
[INFO] Setting clock uncertainty to: 0.25
[INFO] Setting clock transition to: 0.1499999999999999944488848768742172978818416595458984375
[INFO] Setting timing derate to: 5%
[INFO] Setting RC values…
[INFO RSZ-0027] Inserted 33 input buffers.
[INFO RSZ-0028] Inserted 16 output buffers.
[INFO RSZ-0058] Using max wire length 6335um.
Iteration | Resized | Buffers | Nets repaired | Remaining
---------------------------------------------------------
        0 |       0 |       0 |             0 |      3077
      100 |      89 |       1 |             1 |      2977
      200 |     180 |       1 |             1 |      2877
      300 |     267 |       1 |             1 |      2777
      400 |     359 |       2 |             2 |      2677
      500 |     450 |       2 |             2 |      2577
      600 |     538 |       3 |             3 |      2477
      700 |     627 |       4 |             4 |      2377
      800 |     714 |       5 |             5 |      2277
      900 |     803 |       6 |             6 |      2177
     1000 |     896 |       7 |             7 |      2077
     1100 |     986 |       8 |             8 |      1977
     1200 |    1075 |       8 |             8 |      1877
     1300 |    1166 |       8 |             8 |      1777
     1400 |    1255 |       9 |             9 |      1677
     1500 |    1346 |       9 |             9 |      1577
     1600 |    1437 |       9 |             9 |      1477
     1700 |    1529 |       9 |            10 |      1377
     1800 |    1624 |       9 |            10 |      1277
     1900 |    1718 |      11 |            12 |      1177
     2000 |    1812 |      11 |            12 |      1077
     2100 |    1908 |      12 |            17 |       977
     2200 |    2006 |      12 |            19 |       877
     2300 |    2101 |      12 |            23 |       777
     2400 |    2201 |      15 |            29 |       677
     2500 |    2297 |      18 |            35 |       577
     2600 |    2393 |      18 |            36 |       477
     2700 |    2493 |      18 |            37 |       377
     2800 |    2582 |      23 |            49 |       277
     2900 |    2673 |      39 |            72 |       177
     3000 |    2776 |      57 |            91 |        77
    final |    2974 |     225 |           130 |         0
---------------------------------------------------------
[INFO RSZ-0034] Found 75 slew violations.
[INFO RSZ-0035] Found 55 fanout violations.
[INFO RSZ-0038] Inserted 225 buffers in 130 nets.
[INFO RSZ-0039] Resized 2974 instances.
Placement Analysis
---------------------------------
total displacement       8005.8 u
average displacement        1.9 u
max displacement           10.2 u
original HPWL           63446.9 u
legalized HPWL          71440.8 u
delta HPWL                   13 %

[INFO DPL-0020] Mirrored 1396 instances
[INFO DPL-0021] HPWL before           71440.8 u
[INFO DPL-0022] HPWL after            69359.4 u
[INFO DPL-0023] HPWL delta               -2.9 %
[INFO] Setting RC values…
Setting global connections for newly added cells…
[INFO] Setting global connections...
Updating metrics…
Cell type report:                       Count       Area
  Fill cell                               180     675.65
  Tap cell                                828    1035.99
  Timing Repair Buffer                    274    1508.95
  Inverter                                 68     265.25
  Sequential cell                          16     415.40
  Multi-Input combinational cell         2910   21573.19
  Total                                  4276   25474.43
Writing OpenROAD database to '/home/asic/workspace/asic_project/runs/RUN_2025-05-13_11-08-55/31-openroad-repairdesignpostgpl/dynamic_noise_reduction.odb'…
Writing netlist to '/home/asic/workspace/asic_project/runs/RUN_2025-05-13_11-08-55/31-openroad-repairdesignpostgpl/dynamic_noise_reduction.nl.v'…
Writing powered netlist to '/home/asic/workspace/asic_project/runs/RUN_2025-05-13_11-08-55/31-openroad-repairdesignpostgpl/dynamic_noise_reduction.pnl.v'…
Writing layout to '/home/asic/workspace/asic_project/runs/RUN_2025-05-13_11-08-55/31-openroad-repairdesignpostgpl/dynamic_noise_reduction.def'…
Writing timing constraints to '/home/asic/workspace/asic_project/runs/RUN_2025-05-13_11-08-55/31-openroad-repairdesignpostgpl/dynamic_noise_reduction.sdc'…
