Clock: clk
Sources: clk 
Generated: no
Virtual: yes
Propagated: no
Period: 10.000000

===========================================================================
report_clock_properties
============================================================================
Clock                   Period          Waveform
----------------------------------------------------
clk                  10.000000    0.000000  5.000000

===========================================================================
report_clock_latency
============================================================================
Clock clk
rise -> rise
    min     max
0.000000 0.000000 source latency
0.155487         network latency y_out_sky130_fd_sc_hd__dfrtp_2_Q_11/CLK
        0.156091 network latency y_out_sky130_fd_sc_hd__dfrtp_2_Q/CLK
---------------
0.155487 0.156091 latency
        0.000604 skew

fall -> fall
    min     max
0.000000 0.000000 source latency
0.074604         network latency y_out_sky130_fd_sc_hd__dfrtp_2_Q_11/CLK
        0.075171 network latency y_out_sky130_fd_sc_hd__dfrtp_2_Q/CLK
---------------
0.074604 0.075171 latency
        0.000567 skew



===========================================================================
report_clock_min_period
============================================================================
clk period_min = 7.18 fmax = 139.29
