Clock: clk
Sources: clk 
Generated: no
Virtual: yes
Propagated: no
Period: 13.000000

===========================================================================
report_clock_properties
============================================================================
Clock                   Period          Waveform
----------------------------------------------------
clk                  13.000000    0.000000  6.500000

===========================================================================
report_clock_latency
============================================================================
Clock clk
rise -> rise
    min     max
0.000000 0.000000 source latency
0.278104         network latency y_out_sky130_fd_sc_hd__dfrtp_2_Q_7/CLK
        0.282436 network latency y_out_sky130_fd_sc_hd__dfrtp_2_Q_15/CLK
---------------
0.278104 0.282436 latency
        0.004332 skew

fall -> fall
    min     max
0.000000 0.000000 source latency
0.245296         network latency y_out_sky130_fd_sc_hd__dfrtp_2_Q_7/CLK
        0.248874 network latency y_out_sky130_fd_sc_hd__dfrtp_2_Q_15/CLK
---------------
0.245296 0.248874 latency
        0.003578 skew



===========================================================================
report_clock_min_period
============================================================================
clk period_min = 4.39 fmax = 227.61
