Clock: clk
Sources: clk 
Generated: no
Virtual: yes
Propagated: no
Period: 13.000000

===========================================================================
report_clock_properties
============================================================================
Clock                   Period          Waveform
----------------------------------------------------
clk                  13.000000    0.000000  6.500000

===========================================================================
report_clock_latency
============================================================================
Clock clk
rise -> rise
    min     max
0.000000 0.000000 source latency
0.242124         network latency y_out_sky130_fd_sc_hd__dfrtp_2_Q_8/CLK
        0.243426 network latency y_out_sky130_fd_sc_hd__dfrtp_2_Q_15/CLK
---------------
0.242124 0.243426 latency
        0.001302 skew

fall -> fall
    min     max
0.000000 0.000000 source latency
0.223352         network latency y_out_sky130_fd_sc_hd__dfrtp_2_Q_8/CLK
        0.224413 network latency y_out_sky130_fd_sc_hd__dfrtp_2_Q_15/CLK
---------------
0.223352 0.224413 latency
        0.001061 skew



===========================================================================
report_clock_min_period
============================================================================
clk period_min = 4.37 fmax = 228.82
