                                                                     Buffers by Cell Master                                                                     
┏━━━━━━━━━━━━━━━━━━━━━━━━━━━━━━━━━━━━━━━━━━━━━━━━━━━━━━━━━━━━━━━━━━━━━━━━━━━━━━━━━━━━━━━━━━━━━━━━━━━━━━━━━━━━━━━━━━━━━━━━━━━━━━━━━━┳━━━━━━━━━━━━━━━━━━━━━━━━━━━┓
┃ Buffer                                                                                                                           ┃ Count                     ┃
┡━━━━━━━━━━━━━━━━━━━━━━━━━━━━━━━━━━━━━━━━━━━━━━━━━━━━━━━━━━━━━━━━━━━━━━━━━━━━━━━━━━━━━━━━━━━━━━━━━━━━━━━━━━━━━━━━━━━━━━━━━━━━━━━━━━╇━━━━━━━━━━━━━━━━━━━━━━━━━━━┩
│ sky130_fd_sc_hd__buf_1                                                                                                           │ 24                        │
│ sky130_fd_sc_hd__buf_12                                                                                                          │ 2                         │
│ sky130_fd_sc_hd__buf_2                                                                                                           │ 118                       │
│ sky130_fd_sc_hd__buf_4                                                                                                           │ 21                        │
│ sky130_fd_sc_hd__buf_6                                                                                                           │ 35                        │
│ sky130_fd_sc_hd__buf_8                                                                                                           │ 13                        │
│ sky130_fd_sc_hd__clkbuf_1                                                                                                        │ 29                        │
│ sky130_fd_sc_hd__clkbuf_16                                                                                                       │ 3                         │
│ sky130_fd_sc_hd__clkbuf_2                                                                                                        │ 49                        │
│ sky130_fd_sc_hd__clkbuf_4                                                                                                        │ 28                        │
│ sky130_fd_sc_hd__clkbuf_8                                                                                                        │ 1                         │
│ sky130_fd_sc_hd__dlygate4sd1_1                                                                                                   │ 28                        │
│ sky130_fd_sc_hd__dlygate4sd3_1                                                                                                   │ 1                         │
│ sky130_fd_sc_hd__dlymetal6s2s_1                                                                                                  │ 30                        │
│ sky130_fd_sc_hd__dlymetal6s4s_1                                                                                                  │ 3                         │
└──────────────────────────────────────────────────────────────────────────────────────────────────────────────────────────────────┴───────────────────────────┘
