                                                                       Cells by Function                                                                        
┏━━━━━━━━━━━━━━━━━━━━━━━━━━━━━━━━━━━━━━━━━━━━━━━━━━━━━━━━━━━━━━━━━━━━━━━━━━━━━━━━━━━━━━━━━━━━━━━━━━━━━━━━━━━━━━━━━━━━━━━━━━━━━━━━━┳━━━━━━━━━━━━━━━━━━━━━━━━━━━━┓
┃ Cell Function                                                                                                                   ┃ Count                      ┃
┡━━━━━━━━━━━━━━━━━━━━━━━━━━━━━━━━━━━━━━━━━━━━━━━━━━━━━━━━━━━━━━━━━━━━━━━━━━━━━━━━━━━━━━━━━━━━━━━━━━━━━━━━━━━━━━━━━━━━━━━━━━━━━━━━━╇━━━━━━━━━━━━━━━━━━━━━━━━━━━━┩
│ sky130_ef_sc_hd__decap                                                                                                          │ 1313                       │
│ sky130_fd_sc_hd__a2111o                                                                                                         │ 1                          │
│ sky130_fd_sc_hd__a2111oi                                                                                                        │ 1                          │
│ sky130_fd_sc_hd__a211o                                                                                                          │ 59                         │
│ sky130_fd_sc_hd__a211oi                                                                                                         │ 26                         │
│ sky130_fd_sc_hd__a21bo                                                                                                          │ 74                         │
│ sky130_fd_sc_hd__a21boi                                                                                                         │ 10                         │
│ sky130_fd_sc_hd__a21o                                                                                                           │ 226                        │
│ sky130_fd_sc_hd__a21oi                                                                                                          │ 175                        │
│ sky130_fd_sc_hd__a221oi                                                                                                         │ 1                          │
│ sky130_fd_sc_hd__a22o                                                                                                           │ 50                         │
│ sky130_fd_sc_hd__a22oi                                                                                                          │ 47                         │
│ sky130_fd_sc_hd__a2bb2o                                                                                                         │ 6                          │
│ sky130_fd_sc_hd__a311o                                                                                                          │ 1                          │
│ sky130_fd_sc_hd__a311oi                                                                                                         │ 1                          │
│ sky130_fd_sc_hd__a31o                                                                                                           │ 33                         │
│ sky130_fd_sc_hd__a31oi                                                                                                          │ 4                          │
│ sky130_fd_sc_hd__a32oi                                                                                                          │ 4                          │
│ sky130_fd_sc_hd__and2                                                                                                           │ 81                         │
│ sky130_fd_sc_hd__and2b                                                                                                          │ 107                        │
│ sky130_fd_sc_hd__and3                                                                                                           │ 119                        │
│ sky130_fd_sc_hd__and3b                                                                                                          │ 18                         │
│ sky130_fd_sc_hd__and4                                                                                                           │ 76                         │
│ sky130_fd_sc_hd__and4b                                                                                                          │ 2                          │
│ sky130_fd_sc_hd__and4bb                                                                                                         │ 39                         │
│ sky130_fd_sc_hd__buf                                                                                                            │ 213                        │
│ sky130_fd_sc_hd__clkbuf                                                                                                         │ 110                        │
│ sky130_fd_sc_hd__clkinv                                                                                                         │ 2                          │
│ sky130_fd_sc_hd__decap                                                                                                          │ 1690                       │
│ sky130_fd_sc_hd__dfrtp                                                                                                          │ 16                         │
│ sky130_fd_sc_hd__diode                                                                                                          │ 4                          │
│ sky130_fd_sc_hd__dlygate4sd1                                                                                                    │ 28                         │
│ sky130_fd_sc_hd__dlygate4sd3                                                                                                    │ 1                          │
│ sky130_fd_sc_hd__dlymetal6s2s                                                                                                   │ 30                         │
│ sky130_fd_sc_hd__dlymetal6s4s                                                                                                   │ 3                          │
│ sky130_fd_sc_hd__fill                                                                                                           │ 1268                       │
│ sky130_fd_sc_hd__inv                                                                                                            │ 66                         │
│ sky130_fd_sc_hd__mux2                                                                                                           │ 3                          │
│ sky130_fd_sc_hd__nand2                                                                                                          │ 202                        │
│ sky130_fd_sc_hd__nand2b                                                                                                         │ 172                        │
│ sky130_fd_sc_hd__nand3                                                                                                          │ 151                        │
│ sky130_fd_sc_hd__nand3b                                                                                                         │ 12                         │
│ sky130_fd_sc_hd__nand4                                                                                                          │ 21                         │
│ sky130_fd_sc_hd__nor2                                                                                                           │ 202                        │
│ sky130_fd_sc_hd__nor3                                                                                                           │ 22                         │
│ sky130_fd_sc_hd__nor3b                                                                                                          │ 8                          │
│ sky130_fd_sc_hd__nor4                                                                                                           │ 4                          │
│ sky130_fd_sc_hd__o211a                                                                                                          │ 34                         │
│ sky130_fd_sc_hd__o211ai                                                                                                         │ 44                         │
│ sky130_fd_sc_hd__o21a                                                                                                           │ 51                         │
│ sky130_fd_sc_hd__o21ai                                                                                                          │ 60                         │
│ sky130_fd_sc_hd__o21ba                                                                                                          │ 25                         │
│ sky130_fd_sc_hd__o21bai                                                                                                         │ 30                         │
│ sky130_fd_sc_hd__o221a                                                                                                          │ 1                          │
│ sky130_fd_sc_hd__o22a                                                                                                           │ 21                         │
│ sky130_fd_sc_hd__o22ai                                                                                                          │ 1                          │
│ sky130_fd_sc_hd__o2bb2a                                                                                                         │ 15                         │
│ sky130_fd_sc_hd__o311a                                                                                                          │ 1                          │
│ sky130_fd_sc_hd__o31a                                                                                                           │ 4                          │
│ sky130_fd_sc_hd__o31ai                                                                                                          │ 3                          │
│ sky130_fd_sc_hd__o32a                                                                                                           │ 3                          │
│ sky130_fd_sc_hd__o41a                                                                                                           │ 2                          │
│ sky130_fd_sc_hd__or2                                                                                                            │ 64                         │
│ sky130_fd_sc_hd__or3                                                                                                            │ 54                         │
│ sky130_fd_sc_hd__or3b                                                                                                           │ 11                         │
│ sky130_fd_sc_hd__or4                                                                                                            │ 5                          │
│ sky130_fd_sc_hd__or4b                                                                                                           │ 3                          │
│ sky130_fd_sc_hd__or4bb                                                                                                          │ 7                          │
│ sky130_fd_sc_hd__tapvpwrvgnd                                                                                                    │ 828                        │
│ sky130_fd_sc_hd__xnor2                                                                                                          │ 345                        │
│ sky130_fd_sc_hd__xor2                                                                                                           │ 168                        │
└─────────────────────────────────────────────────────────────────────────────────────────────────────────────────────────────────┴────────────────────────────┘
