
===========================================================================
report_checks -unconstrained
===========================================================================
======================= nom_ss_100C_1v60 Corner ===================================

Startpoint: reset (input port clocked by clk)
Endpoint: y_out_sky130_fd_sc_hd__dfrtp_2_Q_11
          (recovery check against rising-edge clock clk)
Path Group: asynchronous
Path Type: max

Fanout         Cap        Slew       Delay        Time   Description
---------------------------------------------------------------------------------------------
                                  0.000000    0.000000   clock clk (rise edge)
                                  0.000000    0.000000   clock network delay (propagated)
                                  2.000000    2.000000 v input external delay
     1    0.003037    0.019366    0.009984    2.009984 v reset (in)
                                                         reset (net)
                      0.019366    0.000000    2.009984 v input17/A (sky130_fd_sc_hd__buf_1)
     2    0.019690    0.228736    0.275437    2.285421 v input17/X (sky130_fd_sc_hd__buf_1)
                                                         net17 (net)
                      0.228740    0.001277    2.286698 v fanout226/A (sky130_fd_sc_hd__buf_2)
     6    0.039869    0.188466    0.438412    2.725110 v fanout226/X (sky130_fd_sc_hd__buf_2)
                                                         net226 (net)
                      0.188467    0.000788    2.725898 v y_out_sky130_fd_sc_hd__dfrtp_2_Q_11_RESET_B_sky130_fd_sc_hd__inv_2_Y/A (sky130_fd_sc_hd__inv_2)
     1    0.003743    0.063615    0.115744    2.841642 ^ y_out_sky130_fd_sc_hd__dfrtp_2_Q_11_RESET_B_sky130_fd_sc_hd__inv_2_Y/Y (sky130_fd_sc_hd__inv_2)
                                                         y_out_sky130_fd_sc_hd__dfrtp_2_Q_11_RESET_B (net)
                      0.063615    0.000075    2.841717 ^ y_out_sky130_fd_sc_hd__dfrtp_2_Q_11/RESET_B (sky130_fd_sc_hd__dfrtp_4)
                                              2.841717   data arrival time

                                 10.000000   10.000000   clock clk (rise edge)
                                  0.000000   10.000000   clock source latency
     1    0.022679    0.168652    0.115492   10.115492 ^ clk (in)
                                                         clk (net)
                      0.168657    0.000000   10.115492 ^ clkbuf_0_clk/A (sky130_fd_sc_hd__clkbuf_16)
     2    0.023635    0.071980    0.271911   10.387403 ^ clkbuf_0_clk/X (sky130_fd_sc_hd__clkbuf_16)
                                                         clknet_0_clk (net)
                      0.071982    0.000615   10.388018 ^ clkbuf_1_1__f_clk/A (sky130_fd_sc_hd__clkbuf_16)
     8    0.031760    0.082812    0.239068   10.627087 ^ clkbuf_1_1__f_clk/X (sky130_fd_sc_hd__clkbuf_16)
                                                         clknet_1_1__leaf_clk (net)
                      0.082812    0.000337   10.627422 ^ y_out_sky130_fd_sc_hd__dfrtp_2_Q_11/CLK (sky130_fd_sc_hd__dfrtp_4)
                                 -0.250000   10.377422   clock uncertainty
                                  0.000000   10.377422   clock reconvergence pessimism
                                  0.451135   10.828558   library recovery time
                                             10.828558   data required time
---------------------------------------------------------------------------------------------
                                             10.828558   data required time
                                             -2.841717   data arrival time
---------------------------------------------------------------------------------------------
                                              7.986841   slack (MET)


Startpoint: alpha[13] (input port clocked by clk)
Endpoint: y_out_sky130_fd_sc_hd__dfrtp_2_Q_7
          (rising edge-triggered flip-flop clocked by clk)
Path Group: clk
Path Type: max

Fanout         Cap        Slew       Delay        Time   Description
---------------------------------------------------------------------------------------------
                                  0.000000    0.000000   clock clk (rise edge)
                                  0.000000    0.000000   clock network delay (propagated)
                                  2.000000    2.000000 ^ input external delay
     1    0.003143    0.034528    0.017607    2.017607 ^ alpha[13] (in)
                                                         alpha[13] (net)
                      0.034528    0.000000    2.017607 ^ input5/A (sky130_fd_sc_hd__clkbuf_1)
     1    0.004757    0.106574    0.160342    2.177949 ^ input5/X (sky130_fd_sc_hd__clkbuf_1)
                                                         net5 (net)
                      0.106574    0.000167    2.178116 ^ fanout145/A (sky130_fd_sc_hd__clkbuf_4)
     5    0.064169    0.309928    0.437570    2.615686 ^ fanout145/X (sky130_fd_sc_hd__clkbuf_4)
                                                         net145 (net)
                      0.310311    0.008994    2.624680 ^ fanout144/A (sky130_fd_sc_hd__clkbuf_2)
     6    0.033017    0.285259    0.449336    3.074016 ^ fanout144/X (sky130_fd_sc_hd__clkbuf_2)
                                                         net144 (net)
                      0.285270    0.002093    3.076109 ^ fanout143/A (sky130_fd_sc_hd__clkbuf_4)
    10    0.035375    0.185060    0.429809    3.505918 ^ fanout143/X (sky130_fd_sc_hd__clkbuf_4)
                                                         net143 (net)
                      0.185068    0.001442    3.507360 ^ y_out_sky130_fd_sc_hd__dfrtp_2_Q_1_D_sky130_fd_sc_hd__xnor2_2_Y_A_sky130_fd_sc_hd__xor2_2_X_A_sky130_fd_sc_hd__xnor2_2_Y_A_sky130_fd_sc_hd__o21bai_2_Y_B1_N_sky130_fd_sc_hd__a32oi_2_Y_A3_sky130_fd_sc_hd__o31ai_2_Y_A2_sky130_fd_sc_hd__and3_2_X_B_sky130_fd_sc_hd__inv_2_Y/A (sky130_fd_sc_hd__inv_2)
     7    0.055127    0.237694    0.265147    3.772507 v y_out_sky130_fd_sc_hd__dfrtp_2_Q_1_D_sky130_fd_sc_hd__xnor2_2_Y_A_sky130_fd_sc_hd__xor2_2_X_A_sky130_fd_sc_hd__xnor2_2_Y_A_sky130_fd_sc_hd__o21bai_2_Y_B1_N_sky130_fd_sc_hd__a32oi_2_Y_A3_sky130_fd_sc_hd__o31ai_2_Y_A2_sky130_fd_sc_hd__and3_2_X_B_sky130_fd_sc_hd__inv_2_Y/Y (sky130_fd_sc_hd__inv_2)
                                                         y_out_sky130_fd_sc_hd__dfrtp_2_Q_1_D_sky130_fd_sc_hd__xnor2_2_Y_A_sky130_fd_sc_hd__xor2_2_X_A_sky130_fd_sc_hd__xnor2_2_Y_A_sky130_fd_sc_hd__o21bai_2_Y_B1_N_sky130_fd_sc_hd__a32oi_2_Y_A3_sky130_fd_sc_hd__o31ai_2_Y_A2_sky130_fd_sc_hd__and3_2_X_B (net)
                      0.237696    0.000607    3.773114 v y_out_sky130_fd_sc_hd__dfrtp_2_Q_11_D_sky130_fd_sc_hd__xor2_2_X_B_sky130_fd_sc_hd__nand2_2_Y_A_sky130_fd_sc_hd__a211o_2_X_A2_sky130_fd_sc_hd__nand3_2_Y_A_sky130_fd_sc_hd__nor2_2_Y_B_sky130_fd_sc_hd__a21boi_2_Y_A1_sky130_fd_sc_hd__a21bo_2_X_A2_sky130_fd_sc_hd__or3_2_X_B_sky130_fd_sc_hd__nor3b_2_Y_C_N_sky130_fd_sc_hd__a21o_2_X_A1_sky130_fd_sc_hd__nand3_2_Y_C_sky130_fd_sc_hd__nor2_2_Y_B_sky130_fd_sc_hd__o2bb2a_2_X/B2 (sky130_fd_sc_hd__o2bb2a_1)
     1    0.002773    0.104123    0.672950    4.446064 v y_out_sky130_fd_sc_hd__dfrtp_2_Q_11_D_sky130_fd_sc_hd__xor2_2_X_B_sky130_fd_sc_hd__nand2_2_Y_A_sky130_fd_sc_hd__a211o_2_X_A2_sky130_fd_sc_hd__nand3_2_Y_A_sky130_fd_sc_hd__nor2_2_Y_B_sky130_fd_sc_hd__a21boi_2_Y_A1_sky130_fd_sc_hd__a21bo_2_X_A2_sky130_fd_sc_hd__or3_2_X_B_sky130_fd_sc_hd__nor3b_2_Y_C_N_sky130_fd_sc_hd__a21o_2_X_A1_sky130_fd_sc_hd__nand3_2_Y_C_sky130_fd_sc_hd__nor2_2_Y_B_sky130_fd_sc_hd__o2bb2a_2_X/X (sky130_fd_sc_hd__o2bb2a_1)
                                                         y_out_sky130_fd_sc_hd__dfrtp_2_Q_11_D_sky130_fd_sc_hd__xor2_2_X_B_sky130_fd_sc_hd__nand2_2_Y_A_sky130_fd_sc_hd__a211o_2_X_A2_sky130_fd_sc_hd__nand3_2_Y_A_sky130_fd_sc_hd__nor2_2_Y_B_sky130_fd_sc_hd__a21boi_2_Y_A1_sky130_fd_sc_hd__a21bo_2_X_A2_sky130_fd_sc_hd__or3_2_X_B_sky130_fd_sc_hd__nor3b_2_Y_C_N_sky130_fd_sc_hd__a21o_2_X_A1_sky130_fd_sc_hd__nand3_2_Y_C_sky130_fd_sc_hd__nor2_2_Y_B (net)
                      0.104123    0.000058    4.446122 v y_out_sky130_fd_sc_hd__dfrtp_2_Q_11_D_sky130_fd_sc_hd__xor2_2_X_B_sky130_fd_sc_hd__nand2_2_Y_A_sky130_fd_sc_hd__a211o_2_X_A2_sky130_fd_sc_hd__nand3_2_Y_A_sky130_fd_sc_hd__nor2_2_Y_B_sky130_fd_sc_hd__a21boi_2_Y_A1_sky130_fd_sc_hd__a21bo_2_X_A2_sky130_fd_sc_hd__or3_2_X_B_sky130_fd_sc_hd__nor3b_2_Y_C_N_sky130_fd_sc_hd__a21o_2_X_A1_sky130_fd_sc_hd__nand3_2_Y_C_sky130_fd_sc_hd__nor2_2_Y/B (sky130_fd_sc_hd__nor2_1)
     2    0.008922    0.296283    0.281837    4.727960 ^ y_out_sky130_fd_sc_hd__dfrtp_2_Q_11_D_sky130_fd_sc_hd__xor2_2_X_B_sky130_fd_sc_hd__nand2_2_Y_A_sky130_fd_sc_hd__a211o_2_X_A2_sky130_fd_sc_hd__nand3_2_Y_A_sky130_fd_sc_hd__nor2_2_Y_B_sky130_fd_sc_hd__a21boi_2_Y_A1_sky130_fd_sc_hd__a21bo_2_X_A2_sky130_fd_sc_hd__or3_2_X_B_sky130_fd_sc_hd__nor3b_2_Y_C_N_sky130_fd_sc_hd__a21o_2_X_A1_sky130_fd_sc_hd__nand3_2_Y_C_sky130_fd_sc_hd__nor2_2_Y/Y (sky130_fd_sc_hd__nor2_1)
                                                         y_out_sky130_fd_sc_hd__dfrtp_2_Q_11_D_sky130_fd_sc_hd__xor2_2_X_B_sky130_fd_sc_hd__nand2_2_Y_A_sky130_fd_sc_hd__a211o_2_X_A2_sky130_fd_sc_hd__nand3_2_Y_A_sky130_fd_sc_hd__nor2_2_Y_B_sky130_fd_sc_hd__a21boi_2_Y_A1_sky130_fd_sc_hd__a21bo_2_X_A2_sky130_fd_sc_hd__or3_2_X_B_sky130_fd_sc_hd__nor3b_2_Y_C_N_sky130_fd_sc_hd__a21o_2_X_A1_sky130_fd_sc_hd__nand3_2_Y_C (net)
                      0.296284    0.000320    4.728280 ^ y_out_sky130_fd_sc_hd__dfrtp_2_Q_11_D_sky130_fd_sc_hd__xor2_2_X_B_sky130_fd_sc_hd__nand2_2_Y_A_sky130_fd_sc_hd__a211o_2_X_A2_sky130_fd_sc_hd__nand3_2_Y_A_sky130_fd_sc_hd__nor2_2_Y_B_sky130_fd_sc_hd__a21boi_2_Y_A1_sky130_fd_sc_hd__a21bo_2_X_A2_sky130_fd_sc_hd__or3_2_X_B_sky130_fd_sc_hd__nor3b_2_Y_C_N_sky130_fd_sc_hd__a21o_2_X_A1_sky130_fd_sc_hd__nand3_2_Y/C (sky130_fd_sc_hd__nand3_1)
     3    0.008410    0.246720    0.338593    5.066873 v y_out_sky130_fd_sc_hd__dfrtp_2_Q_11_D_sky130_fd_sc_hd__xor2_2_X_B_sky130_fd_sc_hd__nand2_2_Y_A_sky130_fd_sc_hd__a211o_2_X_A2_sky130_fd_sc_hd__nand3_2_Y_A_sky130_fd_sc_hd__nor2_2_Y_B_sky130_fd_sc_hd__a21boi_2_Y_A1_sky130_fd_sc_hd__a21bo_2_X_A2_sky130_fd_sc_hd__or3_2_X_B_sky130_fd_sc_hd__nor3b_2_Y_C_N_sky130_fd_sc_hd__a21o_2_X_A1_sky130_fd_sc_hd__nand3_2_Y/Y (sky130_fd_sc_hd__nand3_1)
                                                         y_out_sky130_fd_sc_hd__dfrtp_2_Q_11_D_sky130_fd_sc_hd__xor2_2_X_B_sky130_fd_sc_hd__nand2_2_Y_A_sky130_fd_sc_hd__a211o_2_X_A2_sky130_fd_sc_hd__nand3_2_Y_A_sky130_fd_sc_hd__nor2_2_Y_B_sky130_fd_sc_hd__a21boi_2_Y_A1_sky130_fd_sc_hd__a21bo_2_X_A2_sky130_fd_sc_hd__or3_2_X_B_sky130_fd_sc_hd__nor3b_2_Y_C_N_sky130_fd_sc_hd__a21o_2_X_A1 (net)
                      0.246720    0.000183    5.067055 v y_out_sky130_fd_sc_hd__dfrtp_2_Q_11_D_sky130_fd_sc_hd__xor2_2_X_B_sky130_fd_sc_hd__nand2_2_Y_A_sky130_fd_sc_hd__a211o_2_X_A2_sky130_fd_sc_hd__nand3_2_Y_A_sky130_fd_sc_hd__nor2_2_Y_B_sky130_fd_sc_hd__a21boi_2_Y_A1_sky130_fd_sc_hd__a21bo_2_X_A2_sky130_fd_sc_hd__or3_2_X_B_sky130_fd_sc_hd__nor3b_2_Y_C_N_sky130_fd_sc_hd__a21o_2_X/A1 (sky130_fd_sc_hd__a21o_1)
     2    0.003964    0.069814    0.370429    5.437484 v y_out_sky130_fd_sc_hd__dfrtp_2_Q_11_D_sky130_fd_sc_hd__xor2_2_X_B_sky130_fd_sc_hd__nand2_2_Y_A_sky130_fd_sc_hd__a211o_2_X_A2_sky130_fd_sc_hd__nand3_2_Y_A_sky130_fd_sc_hd__nor2_2_Y_B_sky130_fd_sc_hd__a21boi_2_Y_A1_sky130_fd_sc_hd__a21bo_2_X_A2_sky130_fd_sc_hd__or3_2_X_B_sky130_fd_sc_hd__nor3b_2_Y_C_N_sky130_fd_sc_hd__a21o_2_X/X (sky130_fd_sc_hd__a21o_1)
                                                         y_out_sky130_fd_sc_hd__dfrtp_2_Q_11_D_sky130_fd_sc_hd__xor2_2_X_B_sky130_fd_sc_hd__nand2_2_Y_A_sky130_fd_sc_hd__a211o_2_X_A2_sky130_fd_sc_hd__nand3_2_Y_A_sky130_fd_sc_hd__nor2_2_Y_B_sky130_fd_sc_hd__a21boi_2_Y_A1_sky130_fd_sc_hd__a21bo_2_X_A2_sky130_fd_sc_hd__or3_2_X_B_sky130_fd_sc_hd__nor3b_2_Y_C_N (net)
                      0.069814    0.000097    5.437582 v y_out_sky130_fd_sc_hd__dfrtp_2_Q_11_D_sky130_fd_sc_hd__xor2_2_X_B_sky130_fd_sc_hd__nand2_2_Y_A_sky130_fd_sc_hd__a211o_2_X_A2_sky130_fd_sc_hd__nand3_2_Y_A_sky130_fd_sc_hd__nor2_2_Y_B_sky130_fd_sc_hd__a21boi_2_Y_A1_sky130_fd_sc_hd__a21bo_2_X_A2_sky130_fd_sc_hd__or3_2_X_B_sky130_fd_sc_hd__nor3b_2_Y/C_N (sky130_fd_sc_hd__nor3b_1)
     2    0.006946    0.100461    0.309745    5.747326 v y_out_sky130_fd_sc_hd__dfrtp_2_Q_11_D_sky130_fd_sc_hd__xor2_2_X_B_sky130_fd_sc_hd__nand2_2_Y_A_sky130_fd_sc_hd__a211o_2_X_A2_sky130_fd_sc_hd__nand3_2_Y_A_sky130_fd_sc_hd__nor2_2_Y_B_sky130_fd_sc_hd__a21boi_2_Y_A1_sky130_fd_sc_hd__a21bo_2_X_A2_sky130_fd_sc_hd__or3_2_X_B_sky130_fd_sc_hd__nor3b_2_Y/Y (sky130_fd_sc_hd__nor3b_1)
                                                         y_out_sky130_fd_sc_hd__dfrtp_2_Q_11_D_sky130_fd_sc_hd__xor2_2_X_B_sky130_fd_sc_hd__nand2_2_Y_A_sky130_fd_sc_hd__a211o_2_X_A2_sky130_fd_sc_hd__nand3_2_Y_A_sky130_fd_sc_hd__nor2_2_Y_B_sky130_fd_sc_hd__a21boi_2_Y_A1_sky130_fd_sc_hd__a21bo_2_X_A2_sky130_fd_sc_hd__or3_2_X_B (net)
                      0.100461    0.000228    5.747554 v y_out_sky130_fd_sc_hd__dfrtp_2_Q_11_D_sky130_fd_sc_hd__xor2_2_X_B_sky130_fd_sc_hd__nand2_2_Y_A_sky130_fd_sc_hd__a211o_2_X_A2_sky130_fd_sc_hd__nand3_2_Y_A_sky130_fd_sc_hd__nor2_2_Y_B_sky130_fd_sc_hd__a21boi_2_Y_A1_sky130_fd_sc_hd__a21bo_2_X_A2_sky130_fd_sc_hd__or3_2_X/B (sky130_fd_sc_hd__or3_1)
     3    0.007912    0.187751    0.879716    6.627271 v y_out_sky130_fd_sc_hd__dfrtp_2_Q_11_D_sky130_fd_sc_hd__xor2_2_X_B_sky130_fd_sc_hd__nand2_2_Y_A_sky130_fd_sc_hd__a211o_2_X_A2_sky130_fd_sc_hd__nand3_2_Y_A_sky130_fd_sc_hd__nor2_2_Y_B_sky130_fd_sc_hd__a21boi_2_Y_A1_sky130_fd_sc_hd__a21bo_2_X_A2_sky130_fd_sc_hd__or3_2_X/X (sky130_fd_sc_hd__or3_1)
                                                         y_out_sky130_fd_sc_hd__dfrtp_2_Q_11_D_sky130_fd_sc_hd__xor2_2_X_B_sky130_fd_sc_hd__nand2_2_Y_A_sky130_fd_sc_hd__a211o_2_X_A2_sky130_fd_sc_hd__nand3_2_Y_A_sky130_fd_sc_hd__nor2_2_Y_B_sky130_fd_sc_hd__a21boi_2_Y_A1_sky130_fd_sc_hd__a21bo_2_X_A2 (net)
                      0.187751    0.000190    6.627460 v y_out_sky130_fd_sc_hd__dfrtp_2_Q_11_D_sky130_fd_sc_hd__xor2_2_X_B_sky130_fd_sc_hd__nand2_2_Y_A_sky130_fd_sc_hd__a211o_2_X_A2_sky130_fd_sc_hd__nand3_2_Y_A_sky130_fd_sc_hd__nor2_2_Y_B_sky130_fd_sc_hd__a21boi_2_Y_A1_sky130_fd_sc_hd__a21bo_2_X_A1_sky130_fd_sc_hd__and3_2_A/C (sky130_fd_sc_hd__and3_1)
     1    0.005419    0.092442    0.443236    7.070697 v y_out_sky130_fd_sc_hd__dfrtp_2_Q_11_D_sky130_fd_sc_hd__xor2_2_X_B_sky130_fd_sc_hd__nand2_2_Y_A_sky130_fd_sc_hd__a211o_2_X_A2_sky130_fd_sc_hd__nand3_2_Y_A_sky130_fd_sc_hd__nor2_2_Y_B_sky130_fd_sc_hd__a21boi_2_Y_A1_sky130_fd_sc_hd__a21bo_2_X_A1_sky130_fd_sc_hd__and3_2_A/X (sky130_fd_sc_hd__and3_1)
                                                         y_out_sky130_fd_sc_hd__dfrtp_2_Q_11_D_sky130_fd_sc_hd__xor2_2_X_B_sky130_fd_sc_hd__nand2_2_Y_A_sky130_fd_sc_hd__a211o_2_X_A2_sky130_fd_sc_hd__nand3_2_Y_A_sky130_fd_sc_hd__nor2_2_Y_B_sky130_fd_sc_hd__a21boi_2_Y_A1_sky130_fd_sc_hd__a21bo_2_X_A1_sky130_fd_sc_hd__and3_2_A_X (net)
                      0.092442    0.000128    7.070825 v y_out_sky130_fd_sc_hd__dfrtp_2_Q_11_D_sky130_fd_sc_hd__xor2_2_X_B_sky130_fd_sc_hd__nand2_2_Y_A_sky130_fd_sc_hd__a211o_2_X_A2_sky130_fd_sc_hd__nand3_2_Y_C_sky130_fd_sc_hd__a211o_2_X_B1_sky130_fd_sc_hd__o211a_2_X_A1_sky130_fd_sc_hd__and2b_2_X_B_sky130_fd_sc_hd__a21bo_2_X_A2_sky130_fd_sc_hd__nor2_2_Y/A (sky130_fd_sc_hd__nor2_2)
     3    0.012381    0.253269    0.285950    7.356775 ^ y_out_sky130_fd_sc_hd__dfrtp_2_Q_11_D_sky130_fd_sc_hd__xor2_2_X_B_sky130_fd_sc_hd__nand2_2_Y_A_sky130_fd_sc_hd__a211o_2_X_A2_sky130_fd_sc_hd__nand3_2_Y_C_sky130_fd_sc_hd__a211o_2_X_B1_sky130_fd_sc_hd__o211a_2_X_A1_sky130_fd_sc_hd__and2b_2_X_B_sky130_fd_sc_hd__a21bo_2_X_A2_sky130_fd_sc_hd__nor2_2_Y/Y (sky130_fd_sc_hd__nor2_2)
                                                         y_out_sky130_fd_sc_hd__dfrtp_2_Q_11_D_sky130_fd_sc_hd__xor2_2_X_B_sky130_fd_sc_hd__nand2_2_Y_A_sky130_fd_sc_hd__a211o_2_X_A2_sky130_fd_sc_hd__nand3_2_Y_C_sky130_fd_sc_hd__a211o_2_X_B1_sky130_fd_sc_hd__o211a_2_X_A1_sky130_fd_sc_hd__and2b_2_X_B_sky130_fd_sc_hd__a21bo_2_X_A2 (net)
                      0.253350    0.000278    7.357053 ^ y_out_sky130_fd_sc_hd__dfrtp_2_Q_15_D_sky130_fd_sc_hd__xnor2_2_Y_A_sky130_fd_sc_hd__nand2b_2_Y_A_N_sky130_fd_sc_hd__nor3_2_Y_A_sky130_fd_sc_hd__or2_2_X_A_sky130_fd_sc_hd__and3_2_X_C_sky130_fd_sc_hd__a211o_2_X_A1_sky130_fd_sc_hd__nand3_2_Y_B_sky130_fd_sc_hd__a211o_2_X_A1_sky130_fd_sc_hd__nand3_2_Y/C (sky130_fd_sc_hd__nand3_2)
     2    0.008526    0.181143    0.255288    7.612341 v y_out_sky130_fd_sc_hd__dfrtp_2_Q_15_D_sky130_fd_sc_hd__xnor2_2_Y_A_sky130_fd_sc_hd__nand2b_2_Y_A_N_sky130_fd_sc_hd__nor3_2_Y_A_sky130_fd_sc_hd__or2_2_X_A_sky130_fd_sc_hd__and3_2_X_C_sky130_fd_sc_hd__a211o_2_X_A1_sky130_fd_sc_hd__nand3_2_Y_B_sky130_fd_sc_hd__a211o_2_X_A1_sky130_fd_sc_hd__nand3_2_Y/Y (sky130_fd_sc_hd__nand3_2)
                                                         y_out_sky130_fd_sc_hd__dfrtp_2_Q_15_D_sky130_fd_sc_hd__xnor2_2_Y_A_sky130_fd_sc_hd__nand2b_2_Y_A_N_sky130_fd_sc_hd__nor3_2_Y_A_sky130_fd_sc_hd__or2_2_X_A_sky130_fd_sc_hd__and3_2_X_C_sky130_fd_sc_hd__a211o_2_X_A1_sky130_fd_sc_hd__nand3_2_Y_B_sky130_fd_sc_hd__a211o_2_X_A1 (net)
                      0.181143    0.000189    7.612530 v y_out_sky130_fd_sc_hd__dfrtp_2_Q_15_D_sky130_fd_sc_hd__xnor2_2_Y_A_sky130_fd_sc_hd__nand2b_2_Y_A_N_sky130_fd_sc_hd__nor3_2_Y_A_sky130_fd_sc_hd__or2_2_X_A_sky130_fd_sc_hd__and3_2_X_C_sky130_fd_sc_hd__a211o_2_X_A1_sky130_fd_sc_hd__nand3_2_Y_B_sky130_fd_sc_hd__a211o_2_X/A2 (sky130_fd_sc_hd__a211o_1)
     3    0.011523    0.163520    0.671819    8.284349 v y_out_sky130_fd_sc_hd__dfrtp_2_Q_15_D_sky130_fd_sc_hd__xnor2_2_Y_A_sky130_fd_sc_hd__nand2b_2_Y_A_N_sky130_fd_sc_hd__nor3_2_Y_A_sky130_fd_sc_hd__or2_2_X_A_sky130_fd_sc_hd__and3_2_X_C_sky130_fd_sc_hd__a211o_2_X_A1_sky130_fd_sc_hd__nand3_2_Y_B_sky130_fd_sc_hd__a211o_2_X/X (sky130_fd_sc_hd__a211o_1)
                                                         y_out_sky130_fd_sc_hd__dfrtp_2_Q_15_D_sky130_fd_sc_hd__xnor2_2_Y_A_sky130_fd_sc_hd__nand2b_2_Y_A_N_sky130_fd_sc_hd__nor3_2_Y_A_sky130_fd_sc_hd__or2_2_X_A_sky130_fd_sc_hd__and3_2_X_C_sky130_fd_sc_hd__a211o_2_X_A1_sky130_fd_sc_hd__nand3_2_Y_B (net)
                      0.163520    0.000360    8.284709 v y_out_sky130_fd_sc_hd__dfrtp_2_Q_15_D_sky130_fd_sc_hd__xnor2_2_Y_A_sky130_fd_sc_hd__nand2b_2_Y_A_N_sky130_fd_sc_hd__nor3_2_Y_A_sky130_fd_sc_hd__or2_2_X_A_sky130_fd_sc_hd__and3_2_X_C_sky130_fd_sc_hd__a211o_2_X_A2_sky130_fd_sc_hd__a21o_2_X/A2 (sky130_fd_sc_hd__a21o_1)
     2    0.005079    0.078382    0.375088    8.659797 v y_out_sky130_fd_sc_hd__dfrtp_2_Q_15_D_sky130_fd_sc_hd__xnor2_2_Y_A_sky130_fd_sc_hd__nand2b_2_Y_A_N_sky130_fd_sc_hd__nor3_2_Y_A_sky130_fd_sc_hd__or2_2_X_A_sky130_fd_sc_hd__and3_2_X_C_sky130_fd_sc_hd__a211o_2_X_A2_sky130_fd_sc_hd__a21o_2_X/X (sky130_fd_sc_hd__a21o_1)
                                                         y_out_sky130_fd_sc_hd__dfrtp_2_Q_15_D_sky130_fd_sc_hd__xnor2_2_Y_A_sky130_fd_sc_hd__nand2b_2_Y_A_N_sky130_fd_sc_hd__nor3_2_Y_A_sky130_fd_sc_hd__or2_2_X_A_sky130_fd_sc_hd__and3_2_X_C_sky130_fd_sc_hd__a211o_2_X_A2 (net)
                      0.078382    0.000120    8.659917 v rebuffer62/A (sky130_fd_sc_hd__dlygate4sd1_1)
     1    0.005085    0.079792    0.497963    9.157879 v rebuffer62/X (sky130_fd_sc_hd__dlygate4sd1_1)
                                                         net337 (net)
                      0.079792    0.000152    9.158031 v y_out_sky130_fd_sc_hd__dfrtp_2_Q_15_D_sky130_fd_sc_hd__xnor2_2_Y_A_sky130_fd_sc_hd__nand2b_2_Y_A_N_sky130_fd_sc_hd__nor3_2_Y_A_sky130_fd_sc_hd__or2_2_X_A_sky130_fd_sc_hd__and3_2_X_B_sky130_fd_sc_hd__o211ai_2_Y/C1 (sky130_fd_sc_hd__o211ai_2)
     3    0.008479    0.263970    0.123910    9.281940 ^ y_out_sky130_fd_sc_hd__dfrtp_2_Q_15_D_sky130_fd_sc_hd__xnor2_2_Y_A_sky130_fd_sc_hd__nand2b_2_Y_A_N_sky130_fd_sc_hd__nor3_2_Y_A_sky130_fd_sc_hd__or2_2_X_A_sky130_fd_sc_hd__and3_2_X_B_sky130_fd_sc_hd__o211ai_2_Y/Y (sky130_fd_sc_hd__o211ai_2)
                                                         y_out_sky130_fd_sc_hd__dfrtp_2_Q_15_D_sky130_fd_sc_hd__xnor2_2_Y_A_sky130_fd_sc_hd__nand2b_2_Y_A_N_sky130_fd_sc_hd__nor3_2_Y_A_sky130_fd_sc_hd__or2_2_X_A_sky130_fd_sc_hd__and3_2_X_B (net)
                      0.263970    0.000218    9.282159 ^ y_out_sky130_fd_sc_hd__dfrtp_2_Q_13_D_sky130_fd_sc_hd__xnor2_2_Y_B_sky130_fd_sc_hd__a21oi_2_Y_B1_sky130_fd_sc_hd__and3_2_X_A_sky130_fd_sc_hd__and2b_2_X_B_sky130_fd_sc_hd__a21bo_2_X/B1_N (sky130_fd_sc_hd__a21bo_1)
     2    0.008577    0.107798    0.486736    9.768894 v y_out_sky130_fd_sc_hd__dfrtp_2_Q_13_D_sky130_fd_sc_hd__xnor2_2_Y_B_sky130_fd_sc_hd__a21oi_2_Y_B1_sky130_fd_sc_hd__and3_2_X_A_sky130_fd_sc_hd__and2b_2_X_B_sky130_fd_sc_hd__a21bo_2_X/X (sky130_fd_sc_hd__a21bo_1)
                                                         y_out_sky130_fd_sc_hd__dfrtp_2_Q_13_D_sky130_fd_sc_hd__xnor2_2_Y_B_sky130_fd_sc_hd__a21oi_2_Y_B1_sky130_fd_sc_hd__and3_2_X_A_sky130_fd_sc_hd__and2b_2_X_B (net)
                      0.107798    0.000258    9.769152 v y_out_sky130_fd_sc_hd__dfrtp_2_Q_15_D_sky130_fd_sc_hd__xnor2_2_Y_A_sky130_fd_sc_hd__nand2b_2_Y_A_N_sky130_fd_sc_hd__nor3_2_Y_C_sky130_fd_sc_hd__xor2_2_X/B (sky130_fd_sc_hd__xor2_1)
     2    0.015354    0.548983    0.501055   10.270207 ^ y_out_sky130_fd_sc_hd__dfrtp_2_Q_15_D_sky130_fd_sc_hd__xnor2_2_Y_A_sky130_fd_sc_hd__nand2b_2_Y_A_N_sky130_fd_sc_hd__nor3_2_Y_C_sky130_fd_sc_hd__xor2_2_X/X (sky130_fd_sc_hd__xor2_1)
                                                         y_out_sky130_fd_sc_hd__dfrtp_2_Q_15_D_sky130_fd_sc_hd__xnor2_2_Y_A_sky130_fd_sc_hd__nand2b_2_Y_A_N_sky130_fd_sc_hd__nor3_2_Y_C (net)
                      0.548984    0.000654   10.270861 ^ y_out_sky130_fd_sc_hd__dfrtp_2_Q_15_D_sky130_fd_sc_hd__xnor2_2_Y_A_sky130_fd_sc_hd__nand2b_2_Y_B_sky130_fd_sc_hd__o21ai_2_Y/B1 (sky130_fd_sc_hd__o21ai_4)
     3    0.009525    0.142012    0.265933   10.536794 v y_out_sky130_fd_sc_hd__dfrtp_2_Q_15_D_sky130_fd_sc_hd__xnor2_2_Y_A_sky130_fd_sc_hd__nand2b_2_Y_B_sky130_fd_sc_hd__o21ai_2_Y/Y (sky130_fd_sc_hd__o21ai_4)
                                                         y_out_sky130_fd_sc_hd__dfrtp_2_Q_15_D_sky130_fd_sc_hd__xnor2_2_Y_A_sky130_fd_sc_hd__nand2b_2_Y_B (net)
                      0.142012    0.000205   10.536999 v y_out_sky130_fd_sc_hd__dfrtp_2_Q_15_D_sky130_fd_sc_hd__xnor2_2_Y_A_sky130_fd_sc_hd__nand2b_2_Y_B_sky130_fd_sc_hd__a31o_2_A2/A3 (sky130_fd_sc_hd__a31o_1)
     1    0.004907    0.084254    0.437056   10.974055 v y_out_sky130_fd_sc_hd__dfrtp_2_Q_15_D_sky130_fd_sc_hd__xnor2_2_Y_A_sky130_fd_sc_hd__nand2b_2_Y_B_sky130_fd_sc_hd__a31o_2_A2/X (sky130_fd_sc_hd__a31o_1)
                                                         y_out_sky130_fd_sc_hd__dfrtp_2_Q_15_D_sky130_fd_sc_hd__xnor2_2_Y_A_sky130_fd_sc_hd__nand2b_2_Y_B_sky130_fd_sc_hd__a31o_2_A2_X (net)
                      0.084254    0.000143   10.974197 v y_out_sky130_fd_sc_hd__dfrtp_2_Q_15_D_sky130_fd_sc_hd__xnor2_2_Y_A_sky130_fd_sc_hd__nand2b_2_Y_B_sky130_fd_sc_hd__a31o_2_A2_X_sky130_fd_sc_hd__o31a_2_A3/A2 (sky130_fd_sc_hd__o31a_4)
     4    0.026666    0.140995    0.689920   11.664118 v y_out_sky130_fd_sc_hd__dfrtp_2_Q_15_D_sky130_fd_sc_hd__xnor2_2_Y_A_sky130_fd_sc_hd__nand2b_2_Y_B_sky130_fd_sc_hd__a31o_2_A2_X_sky130_fd_sc_hd__o31a_2_A3/X (sky130_fd_sc_hd__o31a_4)
                                                         y_out_sky130_fd_sc_hd__dfrtp_2_Q_15_D_sky130_fd_sc_hd__xnor2_2_Y_A_sky130_fd_sc_hd__nand2b_2_Y_B_sky130_fd_sc_hd__a31o_2_A2_X_sky130_fd_sc_hd__o31a_2_A3_X (net)
                      0.140995    0.002004   11.666121 v y_out_sky130_fd_sc_hd__dfrtp_2_Q_13_D_sky130_fd_sc_hd__xnor2_2_Y_A_sky130_fd_sc_hd__a311oi_2_A2/A2 (sky130_fd_sc_hd__a311oi_4)
     3    0.021673    0.565652    0.645914   12.312036 ^ y_out_sky130_fd_sc_hd__dfrtp_2_Q_13_D_sky130_fd_sc_hd__xnor2_2_Y_A_sky130_fd_sc_hd__a311oi_2_A2/Y (sky130_fd_sc_hd__a311oi_4)
                                                         y_out_sky130_fd_sc_hd__dfrtp_2_Q_10_D_sky130_fd_sc_hd__nor2_2_Y_B_sky130_fd_sc_hd__o21ba_2_X_A1 (net)
                      0.565652    0.000980   12.313015 ^ y_out_sky130_fd_sc_hd__dfrtp_2_Q_10_D_sky130_fd_sc_hd__nor2_2_Y_B_sky130_fd_sc_hd__o21ba_2_X_A1_sky130_fd_sc_hd__nor3b_2_A/B (sky130_fd_sc_hd__nor3b_2)
     3    0.009104    0.138374    0.268457   12.581472 v y_out_sky130_fd_sc_hd__dfrtp_2_Q_10_D_sky130_fd_sc_hd__nor2_2_Y_B_sky130_fd_sc_hd__o21ba_2_X_A1_sky130_fd_sc_hd__nor3b_2_A/Y (sky130_fd_sc_hd__nor3b_2)
                                                         y_out_sky130_fd_sc_hd__dfrtp_2_Q_10_D_sky130_fd_sc_hd__nor2_2_Y_B_sky130_fd_sc_hd__o21ba_2_X_A1_sky130_fd_sc_hd__nor3b_2_A_Y (net)
                      0.138375    0.000283   12.581756 v max_cap50/A (sky130_fd_sc_hd__clkbuf_1)
     2    0.006267    0.085735    0.222836   12.804591 v max_cap50/X (sky130_fd_sc_hd__clkbuf_1)
                                                         net50 (net)
                      0.085735    0.000179   12.804770 v y_out_sky130_fd_sc_hd__dfrtp_2_Q_8_D_sky130_fd_sc_hd__and2b_2_X_A_N_sky130_fd_sc_hd__o311a_2_X/A3 (sky130_fd_sc_hd__o311a_1)
     2    0.004947    0.113257    0.575762   13.380531 v y_out_sky130_fd_sc_hd__dfrtp_2_Q_8_D_sky130_fd_sc_hd__and2b_2_X_A_N_sky130_fd_sc_hd__o311a_2_X/X (sky130_fd_sc_hd__o311a_1)
                                                         y_out_sky130_fd_sc_hd__dfrtp_2_Q_8_D_sky130_fd_sc_hd__and2b_2_X_A_N (net)
                      0.113257    0.000083   13.380615 v y_out_sky130_fd_sc_hd__dfrtp_2_Q_7_D_sky130_fd_sc_hd__xnor2_2_Y_B_sky130_fd_sc_hd__o21ba_2_X/B1_N (sky130_fd_sc_hd__o21ba_4)
     1    0.006708    0.075299    0.426792   13.807407 ^ y_out_sky130_fd_sc_hd__dfrtp_2_Q_7_D_sky130_fd_sc_hd__xnor2_2_Y_B_sky130_fd_sc_hd__o21ba_2_X/X (sky130_fd_sc_hd__o21ba_4)
                                                         y_out_sky130_fd_sc_hd__dfrtp_2_Q_7_D_sky130_fd_sc_hd__xnor2_2_Y_B (net)
                      0.075299    0.000245   13.807652 ^ y_out_sky130_fd_sc_hd__dfrtp_2_Q_7_D_sky130_fd_sc_hd__xnor2_2_Y/B (sky130_fd_sc_hd__xnor2_1)
     1    0.002704    0.089672    0.117224   13.924877 v y_out_sky130_fd_sc_hd__dfrtp_2_Q_7_D_sky130_fd_sc_hd__xnor2_2_Y/Y (sky130_fd_sc_hd__xnor2_1)
                                                         y_out_sky130_fd_sc_hd__dfrtp_2_Q_7_D (net)
                      0.089672    0.000077   13.924954 v y_out_sky130_fd_sc_hd__dfrtp_2_Q_7/D (sky130_fd_sc_hd__dfrtp_1)
                                             13.924954   data arrival time

                                 10.000000   10.000000   clock clk (rise edge)
                                  0.000000   10.000000   clock source latency
     1    0.022679    0.168652    0.115492   10.115492 ^ clk (in)
                                                         clk (net)
                      0.168657    0.000000   10.115492 ^ clkbuf_0_clk/A (sky130_fd_sc_hd__clkbuf_16)
     2    0.023635    0.071980    0.271911   10.387403 ^ clkbuf_0_clk/X (sky130_fd_sc_hd__clkbuf_16)
                                                         clknet_0_clk (net)
                      0.071981    0.000518   10.387921 ^ clkbuf_1_0__f_clk/A (sky130_fd_sc_hd__clkbuf_16)
     9    0.031401    0.082328    0.238496   10.626417 ^ clkbuf_1_0__f_clk/X (sky130_fd_sc_hd__clkbuf_16)
                                                         clknet_1_0__leaf_clk (net)
                      0.082328    0.000465   10.626883 ^ y_out_sky130_fd_sc_hd__dfrtp_2_Q_7/CLK (sky130_fd_sc_hd__dfrtp_1)
                                 -0.250000   10.376883   clock uncertainty
                                  0.000000   10.376883   clock reconvergence pessimism
                                 -0.281482   10.095401   library setup time
                                             10.095401   data required time
---------------------------------------------------------------------------------------------
                                             10.095401   data required time
                                            -13.924954   data arrival time
---------------------------------------------------------------------------------------------
                                             -3.829553   slack (VIOLATED)




===========================================================================
report_checks --slack_max -0.01
============================================================================
======================= nom_ss_100C_1v60 Corner ===================================

Startpoint: alpha[13] (input port clocked by clk)
Endpoint: y_out_sky130_fd_sc_hd__dfrtp_2_Q_7
          (rising edge-triggered flip-flop clocked by clk)
Path Group: clk
Path Type: max

Fanout         Cap        Slew       Delay        Time   Description
---------------------------------------------------------------------------------------------
                                  0.000000    0.000000   clock clk (rise edge)
                                  0.000000    0.000000   clock network delay (propagated)
                                  2.000000    2.000000 ^ input external delay
     1    0.003143    0.034528    0.017607    2.017607 ^ alpha[13] (in)
                                                         alpha[13] (net)
                      0.034528    0.000000    2.017607 ^ input5/A (sky130_fd_sc_hd__clkbuf_1)
     1    0.004757    0.106574    0.160342    2.177949 ^ input5/X (sky130_fd_sc_hd__clkbuf_1)
                                                         net5 (net)
                      0.106574    0.000167    2.178116 ^ fanout145/A (sky130_fd_sc_hd__clkbuf_4)
     5    0.064169    0.309928    0.437570    2.615686 ^ fanout145/X (sky130_fd_sc_hd__clkbuf_4)
                                                         net145 (net)
                      0.310311    0.008994    2.624680 ^ fanout144/A (sky130_fd_sc_hd__clkbuf_2)
     6    0.033017    0.285259    0.449336    3.074016 ^ fanout144/X (sky130_fd_sc_hd__clkbuf_2)
                                                         net144 (net)
                      0.285270    0.002093    3.076109 ^ fanout143/A (sky130_fd_sc_hd__clkbuf_4)
    10    0.035375    0.185060    0.429809    3.505918 ^ fanout143/X (sky130_fd_sc_hd__clkbuf_4)
                                                         net143 (net)
                      0.185068    0.001442    3.507360 ^ y_out_sky130_fd_sc_hd__dfrtp_2_Q_1_D_sky130_fd_sc_hd__xnor2_2_Y_A_sky130_fd_sc_hd__xor2_2_X_A_sky130_fd_sc_hd__xnor2_2_Y_A_sky130_fd_sc_hd__o21bai_2_Y_B1_N_sky130_fd_sc_hd__a32oi_2_Y_A3_sky130_fd_sc_hd__o31ai_2_Y_A2_sky130_fd_sc_hd__and3_2_X_B_sky130_fd_sc_hd__inv_2_Y/A (sky130_fd_sc_hd__inv_2)
     7    0.055127    0.237694    0.265147    3.772507 v y_out_sky130_fd_sc_hd__dfrtp_2_Q_1_D_sky130_fd_sc_hd__xnor2_2_Y_A_sky130_fd_sc_hd__xor2_2_X_A_sky130_fd_sc_hd__xnor2_2_Y_A_sky130_fd_sc_hd__o21bai_2_Y_B1_N_sky130_fd_sc_hd__a32oi_2_Y_A3_sky130_fd_sc_hd__o31ai_2_Y_A2_sky130_fd_sc_hd__and3_2_X_B_sky130_fd_sc_hd__inv_2_Y/Y (sky130_fd_sc_hd__inv_2)
                                                         y_out_sky130_fd_sc_hd__dfrtp_2_Q_1_D_sky130_fd_sc_hd__xnor2_2_Y_A_sky130_fd_sc_hd__xor2_2_X_A_sky130_fd_sc_hd__xnor2_2_Y_A_sky130_fd_sc_hd__o21bai_2_Y_B1_N_sky130_fd_sc_hd__a32oi_2_Y_A3_sky130_fd_sc_hd__o31ai_2_Y_A2_sky130_fd_sc_hd__and3_2_X_B (net)
                      0.237696    0.000607    3.773114 v y_out_sky130_fd_sc_hd__dfrtp_2_Q_11_D_sky130_fd_sc_hd__xor2_2_X_B_sky130_fd_sc_hd__nand2_2_Y_A_sky130_fd_sc_hd__a211o_2_X_A2_sky130_fd_sc_hd__nand3_2_Y_A_sky130_fd_sc_hd__nor2_2_Y_B_sky130_fd_sc_hd__a21boi_2_Y_A1_sky130_fd_sc_hd__a21bo_2_X_A2_sky130_fd_sc_hd__or3_2_X_B_sky130_fd_sc_hd__nor3b_2_Y_C_N_sky130_fd_sc_hd__a21o_2_X_A1_sky130_fd_sc_hd__nand3_2_Y_C_sky130_fd_sc_hd__nor2_2_Y_B_sky130_fd_sc_hd__o2bb2a_2_X/B2 (sky130_fd_sc_hd__o2bb2a_1)
     1    0.002773    0.104123    0.672950    4.446064 v y_out_sky130_fd_sc_hd__dfrtp_2_Q_11_D_sky130_fd_sc_hd__xor2_2_X_B_sky130_fd_sc_hd__nand2_2_Y_A_sky130_fd_sc_hd__a211o_2_X_A2_sky130_fd_sc_hd__nand3_2_Y_A_sky130_fd_sc_hd__nor2_2_Y_B_sky130_fd_sc_hd__a21boi_2_Y_A1_sky130_fd_sc_hd__a21bo_2_X_A2_sky130_fd_sc_hd__or3_2_X_B_sky130_fd_sc_hd__nor3b_2_Y_C_N_sky130_fd_sc_hd__a21o_2_X_A1_sky130_fd_sc_hd__nand3_2_Y_C_sky130_fd_sc_hd__nor2_2_Y_B_sky130_fd_sc_hd__o2bb2a_2_X/X (sky130_fd_sc_hd__o2bb2a_1)
                                                         y_out_sky130_fd_sc_hd__dfrtp_2_Q_11_D_sky130_fd_sc_hd__xor2_2_X_B_sky130_fd_sc_hd__nand2_2_Y_A_sky130_fd_sc_hd__a211o_2_X_A2_sky130_fd_sc_hd__nand3_2_Y_A_sky130_fd_sc_hd__nor2_2_Y_B_sky130_fd_sc_hd__a21boi_2_Y_A1_sky130_fd_sc_hd__a21bo_2_X_A2_sky130_fd_sc_hd__or3_2_X_B_sky130_fd_sc_hd__nor3b_2_Y_C_N_sky130_fd_sc_hd__a21o_2_X_A1_sky130_fd_sc_hd__nand3_2_Y_C_sky130_fd_sc_hd__nor2_2_Y_B (net)
                      0.104123    0.000058    4.446122 v y_out_sky130_fd_sc_hd__dfrtp_2_Q_11_D_sky130_fd_sc_hd__xor2_2_X_B_sky130_fd_sc_hd__nand2_2_Y_A_sky130_fd_sc_hd__a211o_2_X_A2_sky130_fd_sc_hd__nand3_2_Y_A_sky130_fd_sc_hd__nor2_2_Y_B_sky130_fd_sc_hd__a21boi_2_Y_A1_sky130_fd_sc_hd__a21bo_2_X_A2_sky130_fd_sc_hd__or3_2_X_B_sky130_fd_sc_hd__nor3b_2_Y_C_N_sky130_fd_sc_hd__a21o_2_X_A1_sky130_fd_sc_hd__nand3_2_Y_C_sky130_fd_sc_hd__nor2_2_Y/B (sky130_fd_sc_hd__nor2_1)
     2    0.008922    0.296283    0.281837    4.727960 ^ y_out_sky130_fd_sc_hd__dfrtp_2_Q_11_D_sky130_fd_sc_hd__xor2_2_X_B_sky130_fd_sc_hd__nand2_2_Y_A_sky130_fd_sc_hd__a211o_2_X_A2_sky130_fd_sc_hd__nand3_2_Y_A_sky130_fd_sc_hd__nor2_2_Y_B_sky130_fd_sc_hd__a21boi_2_Y_A1_sky130_fd_sc_hd__a21bo_2_X_A2_sky130_fd_sc_hd__or3_2_X_B_sky130_fd_sc_hd__nor3b_2_Y_C_N_sky130_fd_sc_hd__a21o_2_X_A1_sky130_fd_sc_hd__nand3_2_Y_C_sky130_fd_sc_hd__nor2_2_Y/Y (sky130_fd_sc_hd__nor2_1)
                                                         y_out_sky130_fd_sc_hd__dfrtp_2_Q_11_D_sky130_fd_sc_hd__xor2_2_X_B_sky130_fd_sc_hd__nand2_2_Y_A_sky130_fd_sc_hd__a211o_2_X_A2_sky130_fd_sc_hd__nand3_2_Y_A_sky130_fd_sc_hd__nor2_2_Y_B_sky130_fd_sc_hd__a21boi_2_Y_A1_sky130_fd_sc_hd__a21bo_2_X_A2_sky130_fd_sc_hd__or3_2_X_B_sky130_fd_sc_hd__nor3b_2_Y_C_N_sky130_fd_sc_hd__a21o_2_X_A1_sky130_fd_sc_hd__nand3_2_Y_C (net)
                      0.296284    0.000320    4.728280 ^ y_out_sky130_fd_sc_hd__dfrtp_2_Q_11_D_sky130_fd_sc_hd__xor2_2_X_B_sky130_fd_sc_hd__nand2_2_Y_A_sky130_fd_sc_hd__a211o_2_X_A2_sky130_fd_sc_hd__nand3_2_Y_A_sky130_fd_sc_hd__nor2_2_Y_B_sky130_fd_sc_hd__a21boi_2_Y_A1_sky130_fd_sc_hd__a21bo_2_X_A2_sky130_fd_sc_hd__or3_2_X_B_sky130_fd_sc_hd__nor3b_2_Y_C_N_sky130_fd_sc_hd__a21o_2_X_A1_sky130_fd_sc_hd__nand3_2_Y/C (sky130_fd_sc_hd__nand3_1)
     3    0.008410    0.246720    0.338593    5.066873 v y_out_sky130_fd_sc_hd__dfrtp_2_Q_11_D_sky130_fd_sc_hd__xor2_2_X_B_sky130_fd_sc_hd__nand2_2_Y_A_sky130_fd_sc_hd__a211o_2_X_A2_sky130_fd_sc_hd__nand3_2_Y_A_sky130_fd_sc_hd__nor2_2_Y_B_sky130_fd_sc_hd__a21boi_2_Y_A1_sky130_fd_sc_hd__a21bo_2_X_A2_sky130_fd_sc_hd__or3_2_X_B_sky130_fd_sc_hd__nor3b_2_Y_C_N_sky130_fd_sc_hd__a21o_2_X_A1_sky130_fd_sc_hd__nand3_2_Y/Y (sky130_fd_sc_hd__nand3_1)
                                                         y_out_sky130_fd_sc_hd__dfrtp_2_Q_11_D_sky130_fd_sc_hd__xor2_2_X_B_sky130_fd_sc_hd__nand2_2_Y_A_sky130_fd_sc_hd__a211o_2_X_A2_sky130_fd_sc_hd__nand3_2_Y_A_sky130_fd_sc_hd__nor2_2_Y_B_sky130_fd_sc_hd__a21boi_2_Y_A1_sky130_fd_sc_hd__a21bo_2_X_A2_sky130_fd_sc_hd__or3_2_X_B_sky130_fd_sc_hd__nor3b_2_Y_C_N_sky130_fd_sc_hd__a21o_2_X_A1 (net)
                      0.246720    0.000183    5.067055 v y_out_sky130_fd_sc_hd__dfrtp_2_Q_11_D_sky130_fd_sc_hd__xor2_2_X_B_sky130_fd_sc_hd__nand2_2_Y_A_sky130_fd_sc_hd__a211o_2_X_A2_sky130_fd_sc_hd__nand3_2_Y_A_sky130_fd_sc_hd__nor2_2_Y_B_sky130_fd_sc_hd__a21boi_2_Y_A1_sky130_fd_sc_hd__a21bo_2_X_A2_sky130_fd_sc_hd__or3_2_X_B_sky130_fd_sc_hd__nor3b_2_Y_C_N_sky130_fd_sc_hd__a21o_2_X/A1 (sky130_fd_sc_hd__a21o_1)
     2    0.003964    0.069814    0.370429    5.437484 v y_out_sky130_fd_sc_hd__dfrtp_2_Q_11_D_sky130_fd_sc_hd__xor2_2_X_B_sky130_fd_sc_hd__nand2_2_Y_A_sky130_fd_sc_hd__a211o_2_X_A2_sky130_fd_sc_hd__nand3_2_Y_A_sky130_fd_sc_hd__nor2_2_Y_B_sky130_fd_sc_hd__a21boi_2_Y_A1_sky130_fd_sc_hd__a21bo_2_X_A2_sky130_fd_sc_hd__or3_2_X_B_sky130_fd_sc_hd__nor3b_2_Y_C_N_sky130_fd_sc_hd__a21o_2_X/X (sky130_fd_sc_hd__a21o_1)
                                                         y_out_sky130_fd_sc_hd__dfrtp_2_Q_11_D_sky130_fd_sc_hd__xor2_2_X_B_sky130_fd_sc_hd__nand2_2_Y_A_sky130_fd_sc_hd__a211o_2_X_A2_sky130_fd_sc_hd__nand3_2_Y_A_sky130_fd_sc_hd__nor2_2_Y_B_sky130_fd_sc_hd__a21boi_2_Y_A1_sky130_fd_sc_hd__a21bo_2_X_A2_sky130_fd_sc_hd__or3_2_X_B_sky130_fd_sc_hd__nor3b_2_Y_C_N (net)
                      0.069814    0.000097    5.437582 v y_out_sky130_fd_sc_hd__dfrtp_2_Q_11_D_sky130_fd_sc_hd__xor2_2_X_B_sky130_fd_sc_hd__nand2_2_Y_A_sky130_fd_sc_hd__a211o_2_X_A2_sky130_fd_sc_hd__nand3_2_Y_A_sky130_fd_sc_hd__nor2_2_Y_B_sky130_fd_sc_hd__a21boi_2_Y_A1_sky130_fd_sc_hd__a21bo_2_X_A2_sky130_fd_sc_hd__or3_2_X_B_sky130_fd_sc_hd__nor3b_2_Y/C_N (sky130_fd_sc_hd__nor3b_1)
     2    0.006946    0.100461    0.309745    5.747326 v y_out_sky130_fd_sc_hd__dfrtp_2_Q_11_D_sky130_fd_sc_hd__xor2_2_X_B_sky130_fd_sc_hd__nand2_2_Y_A_sky130_fd_sc_hd__a211o_2_X_A2_sky130_fd_sc_hd__nand3_2_Y_A_sky130_fd_sc_hd__nor2_2_Y_B_sky130_fd_sc_hd__a21boi_2_Y_A1_sky130_fd_sc_hd__a21bo_2_X_A2_sky130_fd_sc_hd__or3_2_X_B_sky130_fd_sc_hd__nor3b_2_Y/Y (sky130_fd_sc_hd__nor3b_1)
                                                         y_out_sky130_fd_sc_hd__dfrtp_2_Q_11_D_sky130_fd_sc_hd__xor2_2_X_B_sky130_fd_sc_hd__nand2_2_Y_A_sky130_fd_sc_hd__a211o_2_X_A2_sky130_fd_sc_hd__nand3_2_Y_A_sky130_fd_sc_hd__nor2_2_Y_B_sky130_fd_sc_hd__a21boi_2_Y_A1_sky130_fd_sc_hd__a21bo_2_X_A2_sky130_fd_sc_hd__or3_2_X_B (net)
                      0.100461    0.000228    5.747554 v y_out_sky130_fd_sc_hd__dfrtp_2_Q_11_D_sky130_fd_sc_hd__xor2_2_X_B_sky130_fd_sc_hd__nand2_2_Y_A_sky130_fd_sc_hd__a211o_2_X_A2_sky130_fd_sc_hd__nand3_2_Y_A_sky130_fd_sc_hd__nor2_2_Y_B_sky130_fd_sc_hd__a21boi_2_Y_A1_sky130_fd_sc_hd__a21bo_2_X_A2_sky130_fd_sc_hd__or3_2_X/B (sky130_fd_sc_hd__or3_1)
     3    0.007912    0.187751    0.879716    6.627271 v y_out_sky130_fd_sc_hd__dfrtp_2_Q_11_D_sky130_fd_sc_hd__xor2_2_X_B_sky130_fd_sc_hd__nand2_2_Y_A_sky130_fd_sc_hd__a211o_2_X_A2_sky130_fd_sc_hd__nand3_2_Y_A_sky130_fd_sc_hd__nor2_2_Y_B_sky130_fd_sc_hd__a21boi_2_Y_A1_sky130_fd_sc_hd__a21bo_2_X_A2_sky130_fd_sc_hd__or3_2_X/X (sky130_fd_sc_hd__or3_1)
                                                         y_out_sky130_fd_sc_hd__dfrtp_2_Q_11_D_sky130_fd_sc_hd__xor2_2_X_B_sky130_fd_sc_hd__nand2_2_Y_A_sky130_fd_sc_hd__a211o_2_X_A2_sky130_fd_sc_hd__nand3_2_Y_A_sky130_fd_sc_hd__nor2_2_Y_B_sky130_fd_sc_hd__a21boi_2_Y_A1_sky130_fd_sc_hd__a21bo_2_X_A2 (net)
                      0.187751    0.000190    6.627460 v y_out_sky130_fd_sc_hd__dfrtp_2_Q_11_D_sky130_fd_sc_hd__xor2_2_X_B_sky130_fd_sc_hd__nand2_2_Y_A_sky130_fd_sc_hd__a211o_2_X_A2_sky130_fd_sc_hd__nand3_2_Y_A_sky130_fd_sc_hd__nor2_2_Y_B_sky130_fd_sc_hd__a21boi_2_Y_A1_sky130_fd_sc_hd__a21bo_2_X_A1_sky130_fd_sc_hd__and3_2_A/C (sky130_fd_sc_hd__and3_1)
     1    0.005419    0.092442    0.443236    7.070697 v y_out_sky130_fd_sc_hd__dfrtp_2_Q_11_D_sky130_fd_sc_hd__xor2_2_X_B_sky130_fd_sc_hd__nand2_2_Y_A_sky130_fd_sc_hd__a211o_2_X_A2_sky130_fd_sc_hd__nand3_2_Y_A_sky130_fd_sc_hd__nor2_2_Y_B_sky130_fd_sc_hd__a21boi_2_Y_A1_sky130_fd_sc_hd__a21bo_2_X_A1_sky130_fd_sc_hd__and3_2_A/X (sky130_fd_sc_hd__and3_1)
                                                         y_out_sky130_fd_sc_hd__dfrtp_2_Q_11_D_sky130_fd_sc_hd__xor2_2_X_B_sky130_fd_sc_hd__nand2_2_Y_A_sky130_fd_sc_hd__a211o_2_X_A2_sky130_fd_sc_hd__nand3_2_Y_A_sky130_fd_sc_hd__nor2_2_Y_B_sky130_fd_sc_hd__a21boi_2_Y_A1_sky130_fd_sc_hd__a21bo_2_X_A1_sky130_fd_sc_hd__and3_2_A_X (net)
                      0.092442    0.000128    7.070825 v y_out_sky130_fd_sc_hd__dfrtp_2_Q_11_D_sky130_fd_sc_hd__xor2_2_X_B_sky130_fd_sc_hd__nand2_2_Y_A_sky130_fd_sc_hd__a211o_2_X_A2_sky130_fd_sc_hd__nand3_2_Y_C_sky130_fd_sc_hd__a211o_2_X_B1_sky130_fd_sc_hd__o211a_2_X_A1_sky130_fd_sc_hd__and2b_2_X_B_sky130_fd_sc_hd__a21bo_2_X_A2_sky130_fd_sc_hd__nor2_2_Y/A (sky130_fd_sc_hd__nor2_2)
     3    0.012381    0.253269    0.285950    7.356775 ^ y_out_sky130_fd_sc_hd__dfrtp_2_Q_11_D_sky130_fd_sc_hd__xor2_2_X_B_sky130_fd_sc_hd__nand2_2_Y_A_sky130_fd_sc_hd__a211o_2_X_A2_sky130_fd_sc_hd__nand3_2_Y_C_sky130_fd_sc_hd__a211o_2_X_B1_sky130_fd_sc_hd__o211a_2_X_A1_sky130_fd_sc_hd__and2b_2_X_B_sky130_fd_sc_hd__a21bo_2_X_A2_sky130_fd_sc_hd__nor2_2_Y/Y (sky130_fd_sc_hd__nor2_2)
                                                         y_out_sky130_fd_sc_hd__dfrtp_2_Q_11_D_sky130_fd_sc_hd__xor2_2_X_B_sky130_fd_sc_hd__nand2_2_Y_A_sky130_fd_sc_hd__a211o_2_X_A2_sky130_fd_sc_hd__nand3_2_Y_C_sky130_fd_sc_hd__a211o_2_X_B1_sky130_fd_sc_hd__o211a_2_X_A1_sky130_fd_sc_hd__and2b_2_X_B_sky130_fd_sc_hd__a21bo_2_X_A2 (net)
                      0.253350    0.000278    7.357053 ^ y_out_sky130_fd_sc_hd__dfrtp_2_Q_15_D_sky130_fd_sc_hd__xnor2_2_Y_A_sky130_fd_sc_hd__nand2b_2_Y_A_N_sky130_fd_sc_hd__nor3_2_Y_A_sky130_fd_sc_hd__or2_2_X_A_sky130_fd_sc_hd__and3_2_X_C_sky130_fd_sc_hd__a211o_2_X_A1_sky130_fd_sc_hd__nand3_2_Y_B_sky130_fd_sc_hd__a211o_2_X_A1_sky130_fd_sc_hd__nand3_2_Y/C (sky130_fd_sc_hd__nand3_2)
     2    0.008526    0.181143    0.255288    7.612341 v y_out_sky130_fd_sc_hd__dfrtp_2_Q_15_D_sky130_fd_sc_hd__xnor2_2_Y_A_sky130_fd_sc_hd__nand2b_2_Y_A_N_sky130_fd_sc_hd__nor3_2_Y_A_sky130_fd_sc_hd__or2_2_X_A_sky130_fd_sc_hd__and3_2_X_C_sky130_fd_sc_hd__a211o_2_X_A1_sky130_fd_sc_hd__nand3_2_Y_B_sky130_fd_sc_hd__a211o_2_X_A1_sky130_fd_sc_hd__nand3_2_Y/Y (sky130_fd_sc_hd__nand3_2)
                                                         y_out_sky130_fd_sc_hd__dfrtp_2_Q_15_D_sky130_fd_sc_hd__xnor2_2_Y_A_sky130_fd_sc_hd__nand2b_2_Y_A_N_sky130_fd_sc_hd__nor3_2_Y_A_sky130_fd_sc_hd__or2_2_X_A_sky130_fd_sc_hd__and3_2_X_C_sky130_fd_sc_hd__a211o_2_X_A1_sky130_fd_sc_hd__nand3_2_Y_B_sky130_fd_sc_hd__a211o_2_X_A1 (net)
                      0.181143    0.000189    7.612530 v y_out_sky130_fd_sc_hd__dfrtp_2_Q_15_D_sky130_fd_sc_hd__xnor2_2_Y_A_sky130_fd_sc_hd__nand2b_2_Y_A_N_sky130_fd_sc_hd__nor3_2_Y_A_sky130_fd_sc_hd__or2_2_X_A_sky130_fd_sc_hd__and3_2_X_C_sky130_fd_sc_hd__a211o_2_X_A1_sky130_fd_sc_hd__nand3_2_Y_B_sky130_fd_sc_hd__a211o_2_X/A2 (sky130_fd_sc_hd__a211o_1)
     3    0.011523    0.163520    0.671819    8.284349 v y_out_sky130_fd_sc_hd__dfrtp_2_Q_15_D_sky130_fd_sc_hd__xnor2_2_Y_A_sky130_fd_sc_hd__nand2b_2_Y_A_N_sky130_fd_sc_hd__nor3_2_Y_A_sky130_fd_sc_hd__or2_2_X_A_sky130_fd_sc_hd__and3_2_X_C_sky130_fd_sc_hd__a211o_2_X_A1_sky130_fd_sc_hd__nand3_2_Y_B_sky130_fd_sc_hd__a211o_2_X/X (sky130_fd_sc_hd__a211o_1)
                                                         y_out_sky130_fd_sc_hd__dfrtp_2_Q_15_D_sky130_fd_sc_hd__xnor2_2_Y_A_sky130_fd_sc_hd__nand2b_2_Y_A_N_sky130_fd_sc_hd__nor3_2_Y_A_sky130_fd_sc_hd__or2_2_X_A_sky130_fd_sc_hd__and3_2_X_C_sky130_fd_sc_hd__a211o_2_X_A1_sky130_fd_sc_hd__nand3_2_Y_B (net)
                      0.163520    0.000360    8.284709 v y_out_sky130_fd_sc_hd__dfrtp_2_Q_15_D_sky130_fd_sc_hd__xnor2_2_Y_A_sky130_fd_sc_hd__nand2b_2_Y_A_N_sky130_fd_sc_hd__nor3_2_Y_A_sky130_fd_sc_hd__or2_2_X_A_sky130_fd_sc_hd__and3_2_X_C_sky130_fd_sc_hd__a211o_2_X_A2_sky130_fd_sc_hd__a21o_2_X/A2 (sky130_fd_sc_hd__a21o_1)
     2    0.005079    0.078382    0.375088    8.659797 v y_out_sky130_fd_sc_hd__dfrtp_2_Q_15_D_sky130_fd_sc_hd__xnor2_2_Y_A_sky130_fd_sc_hd__nand2b_2_Y_A_N_sky130_fd_sc_hd__nor3_2_Y_A_sky130_fd_sc_hd__or2_2_X_A_sky130_fd_sc_hd__and3_2_X_C_sky130_fd_sc_hd__a211o_2_X_A2_sky130_fd_sc_hd__a21o_2_X/X (sky130_fd_sc_hd__a21o_1)
                                                         y_out_sky130_fd_sc_hd__dfrtp_2_Q_15_D_sky130_fd_sc_hd__xnor2_2_Y_A_sky130_fd_sc_hd__nand2b_2_Y_A_N_sky130_fd_sc_hd__nor3_2_Y_A_sky130_fd_sc_hd__or2_2_X_A_sky130_fd_sc_hd__and3_2_X_C_sky130_fd_sc_hd__a211o_2_X_A2 (net)
                      0.078382    0.000120    8.659917 v rebuffer62/A (sky130_fd_sc_hd__dlygate4sd1_1)
     1    0.005085    0.079792    0.497963    9.157879 v rebuffer62/X (sky130_fd_sc_hd__dlygate4sd1_1)
                                                         net337 (net)
                      0.079792    0.000152    9.158031 v y_out_sky130_fd_sc_hd__dfrtp_2_Q_15_D_sky130_fd_sc_hd__xnor2_2_Y_A_sky130_fd_sc_hd__nand2b_2_Y_A_N_sky130_fd_sc_hd__nor3_2_Y_A_sky130_fd_sc_hd__or2_2_X_A_sky130_fd_sc_hd__and3_2_X_B_sky130_fd_sc_hd__o211ai_2_Y/C1 (sky130_fd_sc_hd__o211ai_2)
     3    0.008479    0.263970    0.123910    9.281940 ^ y_out_sky130_fd_sc_hd__dfrtp_2_Q_15_D_sky130_fd_sc_hd__xnor2_2_Y_A_sky130_fd_sc_hd__nand2b_2_Y_A_N_sky130_fd_sc_hd__nor3_2_Y_A_sky130_fd_sc_hd__or2_2_X_A_sky130_fd_sc_hd__and3_2_X_B_sky130_fd_sc_hd__o211ai_2_Y/Y (sky130_fd_sc_hd__o211ai_2)
                                                         y_out_sky130_fd_sc_hd__dfrtp_2_Q_15_D_sky130_fd_sc_hd__xnor2_2_Y_A_sky130_fd_sc_hd__nand2b_2_Y_A_N_sky130_fd_sc_hd__nor3_2_Y_A_sky130_fd_sc_hd__or2_2_X_A_sky130_fd_sc_hd__and3_2_X_B (net)
                      0.263970    0.000218    9.282159 ^ y_out_sky130_fd_sc_hd__dfrtp_2_Q_13_D_sky130_fd_sc_hd__xnor2_2_Y_B_sky130_fd_sc_hd__a21oi_2_Y_B1_sky130_fd_sc_hd__and3_2_X_A_sky130_fd_sc_hd__and2b_2_X_B_sky130_fd_sc_hd__a21bo_2_X/B1_N (sky130_fd_sc_hd__a21bo_1)
     2    0.008577    0.107798    0.486736    9.768894 v y_out_sky130_fd_sc_hd__dfrtp_2_Q_13_D_sky130_fd_sc_hd__xnor2_2_Y_B_sky130_fd_sc_hd__a21oi_2_Y_B1_sky130_fd_sc_hd__and3_2_X_A_sky130_fd_sc_hd__and2b_2_X_B_sky130_fd_sc_hd__a21bo_2_X/X (sky130_fd_sc_hd__a21bo_1)
                                                         y_out_sky130_fd_sc_hd__dfrtp_2_Q_13_D_sky130_fd_sc_hd__xnor2_2_Y_B_sky130_fd_sc_hd__a21oi_2_Y_B1_sky130_fd_sc_hd__and3_2_X_A_sky130_fd_sc_hd__and2b_2_X_B (net)
                      0.107798    0.000258    9.769152 v y_out_sky130_fd_sc_hd__dfrtp_2_Q_15_D_sky130_fd_sc_hd__xnor2_2_Y_A_sky130_fd_sc_hd__nand2b_2_Y_A_N_sky130_fd_sc_hd__nor3_2_Y_C_sky130_fd_sc_hd__xor2_2_X/B (sky130_fd_sc_hd__xor2_1)
     2    0.015354    0.548983    0.501055   10.270207 ^ y_out_sky130_fd_sc_hd__dfrtp_2_Q_15_D_sky130_fd_sc_hd__xnor2_2_Y_A_sky130_fd_sc_hd__nand2b_2_Y_A_N_sky130_fd_sc_hd__nor3_2_Y_C_sky130_fd_sc_hd__xor2_2_X/X (sky130_fd_sc_hd__xor2_1)
                                                         y_out_sky130_fd_sc_hd__dfrtp_2_Q_15_D_sky130_fd_sc_hd__xnor2_2_Y_A_sky130_fd_sc_hd__nand2b_2_Y_A_N_sky130_fd_sc_hd__nor3_2_Y_C (net)
                      0.548984    0.000654   10.270861 ^ y_out_sky130_fd_sc_hd__dfrtp_2_Q_15_D_sky130_fd_sc_hd__xnor2_2_Y_A_sky130_fd_sc_hd__nand2b_2_Y_B_sky130_fd_sc_hd__o21ai_2_Y/B1 (sky130_fd_sc_hd__o21ai_4)
     3    0.009525    0.142012    0.265933   10.536794 v y_out_sky130_fd_sc_hd__dfrtp_2_Q_15_D_sky130_fd_sc_hd__xnor2_2_Y_A_sky130_fd_sc_hd__nand2b_2_Y_B_sky130_fd_sc_hd__o21ai_2_Y/Y (sky130_fd_sc_hd__o21ai_4)
                                                         y_out_sky130_fd_sc_hd__dfrtp_2_Q_15_D_sky130_fd_sc_hd__xnor2_2_Y_A_sky130_fd_sc_hd__nand2b_2_Y_B (net)
                      0.142012    0.000205   10.536999 v y_out_sky130_fd_sc_hd__dfrtp_2_Q_15_D_sky130_fd_sc_hd__xnor2_2_Y_A_sky130_fd_sc_hd__nand2b_2_Y_B_sky130_fd_sc_hd__a31o_2_A2/A3 (sky130_fd_sc_hd__a31o_1)
     1    0.004907    0.084254    0.437056   10.974055 v y_out_sky130_fd_sc_hd__dfrtp_2_Q_15_D_sky130_fd_sc_hd__xnor2_2_Y_A_sky130_fd_sc_hd__nand2b_2_Y_B_sky130_fd_sc_hd__a31o_2_A2/X (sky130_fd_sc_hd__a31o_1)
                                                         y_out_sky130_fd_sc_hd__dfrtp_2_Q_15_D_sky130_fd_sc_hd__xnor2_2_Y_A_sky130_fd_sc_hd__nand2b_2_Y_B_sky130_fd_sc_hd__a31o_2_A2_X (net)
                      0.084254    0.000143   10.974197 v y_out_sky130_fd_sc_hd__dfrtp_2_Q_15_D_sky130_fd_sc_hd__xnor2_2_Y_A_sky130_fd_sc_hd__nand2b_2_Y_B_sky130_fd_sc_hd__a31o_2_A2_X_sky130_fd_sc_hd__o31a_2_A3/A2 (sky130_fd_sc_hd__o31a_4)
     4    0.026666    0.140995    0.689920   11.664118 v y_out_sky130_fd_sc_hd__dfrtp_2_Q_15_D_sky130_fd_sc_hd__xnor2_2_Y_A_sky130_fd_sc_hd__nand2b_2_Y_B_sky130_fd_sc_hd__a31o_2_A2_X_sky130_fd_sc_hd__o31a_2_A3/X (sky130_fd_sc_hd__o31a_4)
                                                         y_out_sky130_fd_sc_hd__dfrtp_2_Q_15_D_sky130_fd_sc_hd__xnor2_2_Y_A_sky130_fd_sc_hd__nand2b_2_Y_B_sky130_fd_sc_hd__a31o_2_A2_X_sky130_fd_sc_hd__o31a_2_A3_X (net)
                      0.140995    0.002004   11.666121 v y_out_sky130_fd_sc_hd__dfrtp_2_Q_13_D_sky130_fd_sc_hd__xnor2_2_Y_A_sky130_fd_sc_hd__a311oi_2_A2/A2 (sky130_fd_sc_hd__a311oi_4)
     3    0.021673    0.565652    0.645914   12.312036 ^ y_out_sky130_fd_sc_hd__dfrtp_2_Q_13_D_sky130_fd_sc_hd__xnor2_2_Y_A_sky130_fd_sc_hd__a311oi_2_A2/Y (sky130_fd_sc_hd__a311oi_4)
                                                         y_out_sky130_fd_sc_hd__dfrtp_2_Q_10_D_sky130_fd_sc_hd__nor2_2_Y_B_sky130_fd_sc_hd__o21ba_2_X_A1 (net)
                      0.565652    0.000980   12.313015 ^ y_out_sky130_fd_sc_hd__dfrtp_2_Q_10_D_sky130_fd_sc_hd__nor2_2_Y_B_sky130_fd_sc_hd__o21ba_2_X_A1_sky130_fd_sc_hd__nor3b_2_A/B (sky130_fd_sc_hd__nor3b_2)
     3    0.009104    0.138374    0.268457   12.581472 v y_out_sky130_fd_sc_hd__dfrtp_2_Q_10_D_sky130_fd_sc_hd__nor2_2_Y_B_sky130_fd_sc_hd__o21ba_2_X_A1_sky130_fd_sc_hd__nor3b_2_A/Y (sky130_fd_sc_hd__nor3b_2)
                                                         y_out_sky130_fd_sc_hd__dfrtp_2_Q_10_D_sky130_fd_sc_hd__nor2_2_Y_B_sky130_fd_sc_hd__o21ba_2_X_A1_sky130_fd_sc_hd__nor3b_2_A_Y (net)
                      0.138375    0.000283   12.581756 v max_cap50/A (sky130_fd_sc_hd__clkbuf_1)
     2    0.006267    0.085735    0.222836   12.804591 v max_cap50/X (sky130_fd_sc_hd__clkbuf_1)
                                                         net50 (net)
                      0.085735    0.000179   12.804770 v y_out_sky130_fd_sc_hd__dfrtp_2_Q_8_D_sky130_fd_sc_hd__and2b_2_X_A_N_sky130_fd_sc_hd__o311a_2_X/A3 (sky130_fd_sc_hd__o311a_1)
     2    0.004947    0.113257    0.575762   13.380531 v y_out_sky130_fd_sc_hd__dfrtp_2_Q_8_D_sky130_fd_sc_hd__and2b_2_X_A_N_sky130_fd_sc_hd__o311a_2_X/X (sky130_fd_sc_hd__o311a_1)
                                                         y_out_sky130_fd_sc_hd__dfrtp_2_Q_8_D_sky130_fd_sc_hd__and2b_2_X_A_N (net)
                      0.113257    0.000083   13.380615 v y_out_sky130_fd_sc_hd__dfrtp_2_Q_7_D_sky130_fd_sc_hd__xnor2_2_Y_B_sky130_fd_sc_hd__o21ba_2_X/B1_N (sky130_fd_sc_hd__o21ba_4)
     1    0.006708    0.075299    0.426792   13.807407 ^ y_out_sky130_fd_sc_hd__dfrtp_2_Q_7_D_sky130_fd_sc_hd__xnor2_2_Y_B_sky130_fd_sc_hd__o21ba_2_X/X (sky130_fd_sc_hd__o21ba_4)
                                                         y_out_sky130_fd_sc_hd__dfrtp_2_Q_7_D_sky130_fd_sc_hd__xnor2_2_Y_B (net)
                      0.075299    0.000245   13.807652 ^ y_out_sky130_fd_sc_hd__dfrtp_2_Q_7_D_sky130_fd_sc_hd__xnor2_2_Y/B (sky130_fd_sc_hd__xnor2_1)
     1    0.002704    0.089672    0.117224   13.924877 v y_out_sky130_fd_sc_hd__dfrtp_2_Q_7_D_sky130_fd_sc_hd__xnor2_2_Y/Y (sky130_fd_sc_hd__xnor2_1)
                                                         y_out_sky130_fd_sc_hd__dfrtp_2_Q_7_D (net)
                      0.089672    0.000077   13.924954 v y_out_sky130_fd_sc_hd__dfrtp_2_Q_7/D (sky130_fd_sc_hd__dfrtp_1)
                                             13.924954   data arrival time

                                 10.000000   10.000000   clock clk (rise edge)
                                  0.000000   10.000000   clock source latency
     1    0.022679    0.168652    0.115492   10.115492 ^ clk (in)
                                                         clk (net)
                      0.168657    0.000000   10.115492 ^ clkbuf_0_clk/A (sky130_fd_sc_hd__clkbuf_16)
     2    0.023635    0.071980    0.271911   10.387403 ^ clkbuf_0_clk/X (sky130_fd_sc_hd__clkbuf_16)
                                                         clknet_0_clk (net)
                      0.071981    0.000518   10.387921 ^ clkbuf_1_0__f_clk/A (sky130_fd_sc_hd__clkbuf_16)
     9    0.031401    0.082328    0.238496   10.626417 ^ clkbuf_1_0__f_clk/X (sky130_fd_sc_hd__clkbuf_16)
                                                         clknet_1_0__leaf_clk (net)
                      0.082328    0.000465   10.626883 ^ y_out_sky130_fd_sc_hd__dfrtp_2_Q_7/CLK (sky130_fd_sc_hd__dfrtp_1)
                                 -0.250000   10.376883   clock uncertainty
                                  0.000000   10.376883   clock reconvergence pessimism
                                 -0.281482   10.095401   library setup time
                                             10.095401   data required time
---------------------------------------------------------------------------------------------
                                             10.095401   data required time
                                            -13.924954   data arrival time
---------------------------------------------------------------------------------------------
                                             -3.829553   slack (VIOLATED)




===========================================================================
 report_check_types -max_slew -max_cap -max_fanout -violators
============================================================================
======================= nom_ss_100C_1v60 Corner ===================================

max fanout

Pin                                   Limit Fanout  Slack
---------------------------------------------------------
fanout105/X                              10     11        (VIOLATED)



===========================================================================
report_parasitic_annotation -report_unannotated
============================================================================
Found 1 unannotated drivers.
 clkload0/X
Found 0 partially unannotated drivers.

===========================================================================
max slew violation count 0
max fanout violation count 1
max cap violation count 0
============================================================================

===========================================================================
check_setup -verbose -unconstrained_endpoints -multiple_clock -no_clock -no_input_delay -loops -generated_clocks
===========================================================================
