Clock: clk
Sources: clk 
Generated: no
Virtual: yes
Propagated: no
Period: 20.000000

===========================================================================
report_clock_properties
============================================================================
Clock                   Period          Waveform
----------------------------------------------------
clk                  20.000000    0.000000 10.000000

===========================================================================
report_clock_latency
============================================================================
Clock clk
rise -> rise
    min     max
0.000000 0.000000 source latency
0.496957         network latency y_out_sky130_fd_sc_hd__dfrtp_2_Q_5/CLK
        0.498524 network latency y_out_sky130_fd_sc_hd__dfrtp_2_Q_15/CLK
---------------
0.496957 0.498524 latency
        0.001567 skew

fall -> fall
    min     max
0.000000 0.000000 source latency
0.419843         network latency y_out_sky130_fd_sc_hd__dfrtp_2_Q_5/CLK
        0.421254 network latency y_out_sky130_fd_sc_hd__dfrtp_2_Q_15/CLK
---------------
0.419843 0.421254 latency
        0.001411 skew



===========================================================================
report_clock_min_period
============================================================================
clk period_min = 7.38 fmax = 135.50
