Clock: clk
Sources: clk 
Generated: no
Virtual: yes
Propagated: no
Period: 13.000000

===========================================================================
report_clock_properties
============================================================================
Clock                   Period          Waveform
----------------------------------------------------
clk                  13.000000    0.000000  6.500000

===========================================================================
report_clock_latency
============================================================================
Clock clk
rise -> rise
    min     max
0.000000 0.000000 source latency
0.670526         network latency y_out_sky130_fd_sc_hd__dfrtp_2_Q_7/CLK
        0.677637 network latency y_out_sky130_fd_sc_hd__dfrtp_2_Q_15/CLK
---------------
0.670526 0.677637 latency
        0.007111 skew

fall -> fall
    min     max
0.000000 0.000000 source latency
0.632215         network latency y_out_sky130_fd_sc_hd__dfrtp_2_Q_7/CLK
        0.638275 network latency y_out_sky130_fd_sc_hd__dfrtp_2_Q_15/CLK
---------------
0.632215 0.638275 latency
        0.006060 skew



===========================================================================
report_clock_min_period
============================================================================
clk period_min = 12.94 fmax = 77.25
