Clock: clk
Sources: clk 
Generated: no
Virtual: yes
Propagated: no
Period: 20.000000

===========================================================================
report_clock_properties
============================================================================
Clock                   Period          Waveform
----------------------------------------------------
clk                  20.000000    0.000000 10.000000

===========================================================================
report_clock_latency
============================================================================
Clock clk
rise -> rise
    min     max
0.000000 0.000000 source latency
1.328252         network latency y_out_sky130_fd_sc_hd__dfrtp_2_Q_7/CLK
        1.338632 network latency y_out_sky130_fd_sc_hd__dfrtp_2_Q_14/CLK
---------------
1.328252 1.338632 latency
        0.010379 skew

fall -> fall
    min     max
0.000000 0.000000 source latency
1.082181         network latency y_out_sky130_fd_sc_hd__dfrtp_2_Q_7/CLK
        1.090179 network latency y_out_sky130_fd_sc_hd__dfrtp_2_Q_10/CLK
---------------
1.082181 1.090179 latency
        0.007997 skew



===========================================================================
report_clock_min_period
============================================================================
clk period_min = 17.20 fmax = 58.14
