Net: y_out_sky130_fd_sc_hd__dfrtp_2_Q_15_D_sky130_fd_sc_hd__xnor2_2_Y_B_sky130_fd_sc_hd__o21a_2_X_B1_sky130_fd_sc_hd__a211o_2_X_B1_sky130_fd_sc_hd__o211a_2_X_A1_sky130_fd_sc_hd__o221a_2_X_A2_sky130_fd_sc_hd__o211a_2_X_A1_sky130_fd_sc_hd__o21a_2_X_B1_sky130_fd_sc_hd__and3b_2_X_C_sky130_fd_sc_hd__a22o_2_X_A1_sky130_fd_sc_hd__nor2_2_Y_A_sky130_fd_sc_hd__or4b_2_X_B
  Pin:   y_out_sky130_fd_sc_hd__dfrtp_2_Q_11_D_sky130_fd_sc_hd__xor2_2_X_A_sky130_fd_sc_hd__and2b_2_X_B_sky130_fd_sc_hd__a211o_2_X_B1_sky130_fd_sc_hd__a21oi_2_Y_B1_sky130_fd_sc_hd__a21oi_2_Y_A1_sky130_fd_sc_hd__nand2_2_Y_A_sky130_fd_sc_hd__a21o_2_X_A2_sky130_fd_sc_hd__xor2_2_X_A_sky130_fd_sc_hd__xor2_2_X_B_sky130_fd_sc_hd__xnor2_2_Y_B_sky130_fd_sc_hd__a21oi_2_Y_A1_sky130_fd_sc_hd__nor2_2_Y/B (sky130_fd_sc_hd__nor2_1)
    Layer: mcon
      Partial area ratio:    0.12
      Required ratio:    3.00 (Gate area) 
      Cumulative area ratio:    0.12
      Required ratio:    0.00 (Cumulative area) 

    Layer: met1
      Partial area ratio:   86.68
      Required ratio:    0.00 (Gate area) 
      Cumulative area ratio:   86.68
      Required ratio:    0.00 (Cumulative area) 
      Partial area ratio:  433.11
      Required ratio:  400.00 (Side area) (VIOLATED)
      Cumulative area ratio:  433.11
      Required ratio:    0.00 (Cumulative side area) 

    Layer: via
      Partial area ratio:    0.09
      Required ratio:    6.00 (Gate area) 
      Cumulative area ratio:    0.21
      Required ratio:    0.00 (Cumulative area) 

    Layer: met2
      Partial area ratio:    1.79
      Required ratio:    0.00 (Gate area) 
      Cumulative area ratio:   88.47
      Required ratio:    0.00 (Cumulative area) 
      Partial area ratio:    8.17
      Required ratio: 2778.20 (Side area) 
      Cumulative area ratio:  441.28
      Required ratio:    0.00 (Cumulative side area) 


  Pin:   y_out_sky130_fd_sc_hd__dfrtp_2_Q_15_D_sky130_fd_sc_hd__xnor2_2_Y_B_sky130_fd_sc_hd__o21a_2_X_B1_sky130_fd_sc_hd__a211o_2_X_B1_sky130_fd_sc_hd__o211a_2_X_A1_sky130_fd_sc_hd__o221a_2_X_A2_sky130_fd_sc_hd__o211a_2_X_A1_sky130_fd_sc_hd__o21a_2_X_B1_sky130_fd_sc_hd__and3b_2_X_C_sky130_fd_sc_hd__a22o_2_X_A1_sky130_fd_sc_hd__nor2_2_Y_A_sky130_fd_sc_hd__or4b_2_X/B (sky130_fd_sc_hd__or4b_1)
    Layer: li1
      Partial area ratio:    0.01
      Required ratio:    0.00 (Gate area) 
      Cumulative area ratio:    0.01
      Required ratio:    0.00 (Cumulative area) 
      Partial area ratio:    0.28
      Required ratio:   75.00 (Side area) 
      Cumulative area ratio:    0.28
      Required ratio:    0.00 (Cumulative side area) 

    Layer: mcon
      Partial area ratio:    0.23
      Required ratio:    3.00 (Gate area) 
      Cumulative area ratio:    0.23
      Required ratio:    0.00 (Cumulative area) 

    Layer: met1
      Partial area ratio:    5.96
      Required ratio:    0.00 (Gate area) 
      Cumulative area ratio:    5.97
      Required ratio:    0.00 (Cumulative area) 
      Partial area ratio:   29.19
      Required ratio: 2778.20 (Side area) 
      Cumulative area ratio:   29.47
      Required ratio:    0.00 (Cumulative side area) 

    Layer: via
      Partial area ratio:    0.18
      Required ratio:   22.04 (Gate area) 
      Cumulative area ratio:    0.41
      Required ratio:    0.00 (Cumulative area) 

    Layer: met2
      Partial area ratio:    1.79
      Required ratio:    0.00 (Gate area) 
      Cumulative area ratio:    7.75
      Required ratio:    0.00 (Cumulative area) 
      Partial area ratio:    8.17
      Required ratio: 2778.20 (Side area) 
      Cumulative area ratio:   37.64
      Required ratio:    0.00 (Cumulative side area) 



Net: y_out_sky130_fd_sc_hd__dfrtp_2_Q_4_D_sky130_fd_sc_hd__xor2_2_X_B_sky130_fd_sc_hd__nor2_2_Y_B_sky130_fd_sc_hd__and3_2_X_B_sky130_fd_sc_hd__or2_2_X_A_sky130_fd_sc_hd__nand2_2_Y_B_sky130_fd_sc_hd__a21o_2_X_A1_sky130_fd_sc_hd__and4_2_X_D
  Pin:   y_out_sky130_fd_sc_hd__dfrtp_2_Q_11_D_sky130_fd_sc_hd__xor2_2_X_B_sky130_fd_sc_hd__nand2_2_Y_A_sky130_fd_sc_hd__a211o_2_X_A2_sky130_fd_sc_hd__nand3_2_Y_A_sky130_fd_sc_hd__nor2_2_Y_B_sky130_fd_sc_hd__a21boi_2_Y_A1_sky130_fd_sc_hd__a21bo_2_X_A2_sky130_fd_sc_hd__or3_2_X_C_sky130_fd_sc_hd__xor2_2_X_A_sky130_fd_sc_hd__xnor2_2_Y_A_sky130_fd_sc_hd__xnor2_2_Y_A_sky130_fd_sc_hd__nand2b_2_Y_A_N_sky130_fd_sc_hd__and3b_2_X/B (sky130_fd_sc_hd__and3b_1)
    Layer: mcon
      Partial area ratio:    0.23
      Required ratio:    3.00 (Gate area) 
      Cumulative area ratio:    0.23
      Required ratio:    0.00 (Cumulative area) 

    Layer: met1
      Partial area ratio:  127.75
      Required ratio:    0.00 (Gate area) 
      Cumulative area ratio:  127.75
      Required ratio:    0.00 (Cumulative area) 
      Partial area ratio:  637.28
      Required ratio:  400.00 (Side area) (VIOLATED)
      Cumulative area ratio:  637.28
      Required ratio:    0.00 (Cumulative side area) 

    Layer: via
      Partial area ratio:    0.36
      Required ratio:    6.00 (Gate area) 
      Cumulative area ratio:    0.59
      Required ratio:    0.00 (Cumulative area) 

    Layer: met2
      Partial area ratio:    9.39
      Required ratio:    0.00 (Gate area) 
      Cumulative area ratio:  137.14
      Required ratio:    0.00 (Cumulative area) 
      Partial area ratio:   45.94
      Required ratio:  400.00 (Side area) 
      Cumulative area ratio:  683.22
      Required ratio:    0.00 (Cumulative side area) 

    Layer: via2
      Partial area ratio:    0.13
      Required ratio:    6.00 (Gate area) 
      Cumulative area ratio:    0.72
      Required ratio:    0.00 (Cumulative area) 

    Layer: met3
      Partial area ratio:    6.97
      Required ratio:    0.00 (Gate area) 
      Cumulative area ratio:  144.11
      Required ratio:    0.00 (Cumulative area) 
      Partial area ratio:   37.93
      Required ratio: 2778.20 (Side area) 
      Cumulative area ratio:  721.14
      Required ratio:    0.00 (Cumulative side area) 


  Pin:   y_out_sky130_fd_sc_hd__dfrtp_2_Q_11_D_sky130_fd_sc_hd__xor2_2_X_B_sky130_fd_sc_hd__nand2_2_Y_A_sky130_fd_sc_hd__a211o_2_X_A2_sky130_fd_sc_hd__nand3_2_Y_A_sky130_fd_sc_hd__nor2_2_Y_B_sky130_fd_sc_hd__a21boi_2_Y_A2_sky130_fd_sc_hd__xor2_2_X_B_sky130_fd_sc_hd__xor2_2_X_A_sky130_fd_sc_hd__xnor2_2_Y_A_sky130_fd_sc_hd__nand2_2_Y_A_sky130_fd_sc_hd__nand2b_2_Y_B_sky130_fd_sc_hd__a21o_2_X_A1_sky130_fd_sc_hd__a22o_2_X/A1 (sky130_fd_sc_hd__a22o_1)
    Layer: mcon
      Partial area ratio:    0.12
      Required ratio:    3.00 (Gate area) 
      Cumulative area ratio:    0.12
      Required ratio:    0.00 (Cumulative area) 

    Layer: met1
      Partial area ratio:    0.34
      Required ratio:    0.00 (Gate area) 
      Cumulative area ratio:    0.34
      Required ratio:    0.00 (Cumulative area) 
      Partial area ratio:    1.64
      Required ratio:  400.00 (Side area) 
      Cumulative area ratio:    1.64
      Required ratio:    0.00 (Cumulative side area) 

    Layer: via
      Partial area ratio:    0.09
      Required ratio:    6.00 (Gate area) 
      Cumulative area ratio:    0.21
      Required ratio:    0.00 (Cumulative area) 

    Layer: met2
      Partial area ratio:    9.39
      Required ratio:    0.00 (Gate area) 
      Cumulative area ratio:    9.73
      Required ratio:    0.00 (Cumulative area) 
      Partial area ratio:   45.94
      Required ratio:  400.00 (Side area) 
      Cumulative area ratio:   47.58
      Required ratio:    0.00 (Cumulative side area) 

    Layer: via2
      Partial area ratio:    0.13
      Required ratio:    6.00 (Gate area) 
      Cumulative area ratio:    0.34
      Required ratio:    0.00 (Cumulative area) 

    Layer: met3
      Partial area ratio:    6.97
      Required ratio:    0.00 (Gate area) 
      Cumulative area ratio:   16.70
      Required ratio:    0.00 (Cumulative area) 
      Partial area ratio:   37.93
      Required ratio: 2778.20 (Side area) 
      Cumulative area ratio:   85.51
      Required ratio:    0.00 (Cumulative side area) 


  Pin:   y_out_sky130_fd_sc_hd__dfrtp_2_Q_15_D_sky130_fd_sc_hd__xnor2_2_Y_A_sky130_fd_sc_hd__nand2b_2_Y_A_N_sky130_fd_sc_hd__nor3_2_Y_B_sky130_fd_sc_hd__nor2_2_Y_B_sky130_fd_sc_hd__a211oi_2_Y_A1_sky130_fd_sc_hd__nand2b_2_Y_B_sky130_fd_sc_hd__a21bo_2_X_B1_N_sky130_fd_sc_hd__nand2b_2_Y_B_sky130_fd_sc_hd__o21ai_2_Y_B1_sky130_fd_sc_hd__or4_2_X_A_sky130_fd_sc_hd__nand2_2_Y/A (sky130_fd_sc_hd__nand2_1)
    Layer: mcon
      Partial area ratio:    0.12
      Required ratio:    3.00 (Gate area) 
      Cumulative area ratio:    0.12
      Required ratio:    0.00 (Cumulative area) 

    Layer: met1
      Partial area ratio:    0.34
      Required ratio:    0.00 (Gate area) 
      Cumulative area ratio:    0.34
      Required ratio:    0.00 (Cumulative area) 
      Partial area ratio:    1.64
      Required ratio:  400.00 (Side area) 
      Cumulative area ratio:    1.64
      Required ratio:    0.00 (Cumulative side area) 

    Layer: via
      Partial area ratio:    0.09
      Required ratio:    6.00 (Gate area) 
      Cumulative area ratio:    0.21
      Required ratio:    0.00 (Cumulative area) 

    Layer: met2
      Partial area ratio:    9.39
      Required ratio:    0.00 (Gate area) 
      Cumulative area ratio:    9.73
      Required ratio:    0.00 (Cumulative area) 
      Partial area ratio:   45.94
      Required ratio:  400.00 (Side area) 
      Cumulative area ratio:   47.58
      Required ratio:    0.00 (Cumulative side area) 

    Layer: via2
      Partial area ratio:    0.13
      Required ratio:    6.00 (Gate area) 
      Cumulative area ratio:    0.34
      Required ratio:    0.00 (Cumulative area) 

    Layer: met3
      Partial area ratio:    6.97
      Required ratio:    0.00 (Gate area) 
      Cumulative area ratio:   16.70
      Required ratio:    0.00 (Cumulative area) 
      Partial area ratio:   37.93
      Required ratio: 2778.20 (Side area) 
      Cumulative area ratio:   85.51
      Required ratio:    0.00 (Cumulative side area) 


  Pin:   y_out_sky130_fd_sc_hd__dfrtp_2_Q_15_D_sky130_fd_sc_hd__xnor2_2_Y_B_sky130_fd_sc_hd__o21a_2_X_B1_sky130_fd_sc_hd__a211o_2_X_C1_sky130_fd_sc_hd__o21a_2_X_A1_sky130_fd_sc_hd__nor2_2_Y_B_sky130_fd_sc_hd__xnor2_2_Y_A_sky130_fd_sc_hd__o21ai_2_Y_A2_sky130_fd_sc_hd__xor2_2_X_A_sky130_fd_sc_hd__or2_2_X_B_sky130_fd_sc_hd__o41a_2_X_A1_sky130_fd_sc_hd__a2bb2o_2_X_B2_sky130_fd_sc_hd__nand2_2_Y/A (sky130_fd_sc_hd__nand2_1)
    Layer: mcon
      Partial area ratio:    0.12
      Required ratio:    3.00 (Gate area) 
      Cumulative area ratio:    0.12
      Required ratio:    0.00 (Cumulative area) 

    Layer: met1
      Partial area ratio:    0.44
      Required ratio:    0.00 (Gate area) 
      Cumulative area ratio:    0.44
      Required ratio:    0.00 (Cumulative area) 
      Partial area ratio:    2.16
      Required ratio:  400.00 (Side area) 
      Cumulative area ratio:    2.16
      Required ratio:    0.00 (Cumulative side area) 

    Layer: via
      Partial area ratio:    0.09
      Required ratio:    6.00 (Gate area) 
      Cumulative area ratio:    0.21
      Required ratio:    0.00 (Cumulative area) 

    Layer: met2
      Partial area ratio:    0.57
      Required ratio:    0.00 (Gate area) 
      Cumulative area ratio:    1.01
      Required ratio:    0.00 (Cumulative area) 
      Partial area ratio:    2.25
      Required ratio:  400.00 (Side area) 
      Cumulative area ratio:    4.41
      Required ratio:    0.00 (Cumulative side area) 

    Layer: via2
      Partial area ratio:    0.16
      Required ratio:    6.00 (Gate area) 
      Cumulative area ratio:    0.37
      Required ratio:    0.00 (Cumulative area) 

    Layer: met3
      Partial area ratio:    6.97
      Required ratio:    0.00 (Gate area) 
      Cumulative area ratio:    7.98
      Required ratio:    0.00 (Cumulative area) 
      Partial area ratio:   37.93
      Required ratio: 2778.20 (Side area) 
      Cumulative area ratio:   42.34
      Required ratio:    0.00 (Cumulative side area) 


  Pin:   y_out_sky130_fd_sc_hd__dfrtp_2_Q_3_D_sky130_fd_sc_hd__xnor2_2_Y_A_sky130_fd_sc_hd__xnor2_2_Y_B_sky130_fd_sc_hd__a21bo_2_X_A1_sky130_fd_sc_hd__and2_2_X_B_sky130_fd_sc_hd__a21o_2_X_B1_sky130_fd_sc_hd__nor2_2_Y_B_sky130_fd_sc_hd__o32a_2_X_A3_sky130_fd_sc_hd__o22a_2_X/A2 (sky130_fd_sc_hd__o22a_1)
    Layer: mcon
      Partial area ratio:    0.12
      Required ratio:    3.00 (Gate area) 
      Cumulative area ratio:    0.12
      Required ratio:    0.00 (Cumulative area) 

    Layer: met1
      Partial area ratio:    0.95
      Required ratio:    0.00 (Gate area) 
      Cumulative area ratio:    0.95
      Required ratio:    0.00 (Cumulative area) 
      Partial area ratio:    4.45
      Required ratio:  400.00 (Side area) 
      Cumulative area ratio:    4.45
      Required ratio:    0.00 (Cumulative side area) 

    Layer: via
      Partial area ratio:    0.09
      Required ratio:    6.00 (Gate area) 
      Cumulative area ratio:    0.21
      Required ratio:    0.00 (Cumulative area) 

    Layer: met2
      Partial area ratio:    2.42
      Required ratio:    0.00 (Gate area) 
      Cumulative area ratio:    3.37
      Required ratio:    0.00 (Cumulative area) 
      Partial area ratio:   11.31
      Required ratio: 2778.20 (Side area) 
      Cumulative area ratio:   15.77
      Required ratio:    0.00 (Cumulative side area) 

    Layer: via2
      Partial area ratio:    0.11
      Required ratio:   22.04 (Gate area) 
      Cumulative area ratio:    0.31
      Required ratio:    0.00 (Cumulative area) 

    Layer: met3
      Partial area ratio:    6.97
      Required ratio:    0.00 (Gate area) 
      Cumulative area ratio:   10.34
      Required ratio:    0.00 (Cumulative area) 
      Partial area ratio:   37.93
      Required ratio: 2778.20 (Side area) 
      Cumulative area ratio:   53.69
      Required ratio:    0.00 (Cumulative side area) 


  Pin:   y_out_sky130_fd_sc_hd__dfrtp_2_Q_4_D_sky130_fd_sc_hd__xor2_2_X_B_sky130_fd_sc_hd__nor2_2_Y_B_sky130_fd_sc_hd__and3_2_X_B_sky130_fd_sc_hd__or2_2_X_A_sky130_fd_sc_hd__nand2_2_Y_B_sky130_fd_sc_hd__a21o_2_X_A1_sky130_fd_sc_hd__and4_2_X/D (sky130_fd_sc_hd__and4_1)
    Layer: mcon
      Partial area ratio:    0.23
      Required ratio:    3.00 (Gate area) 
      Cumulative area ratio:    0.23
      Required ratio:    0.00 (Cumulative area) 

    Layer: met1
      Partial area ratio:   64.45
      Required ratio:    0.00 (Gate area) 
      Cumulative area ratio:   64.45
      Required ratio:    0.00 (Cumulative area) 
      Partial area ratio:  320.78
      Required ratio: 2778.20 (Side area) 
      Cumulative area ratio:  320.78
      Required ratio:    0.00 (Cumulative side area) 

    Layer: via
      Partial area ratio:    0.36
      Required ratio:   22.04 (Gate area) 
      Cumulative area ratio:    0.59
      Required ratio:    0.00 (Cumulative area) 

    Layer: met2
      Partial area ratio:    2.42
      Required ratio:    0.00 (Gate area) 
      Cumulative area ratio:   66.87
      Required ratio:    0.00 (Cumulative area) 
      Partial area ratio:   11.31
      Required ratio: 2778.20 (Side area) 
      Cumulative area ratio:  332.09
      Required ratio:    0.00 (Cumulative side area) 

    Layer: via2
      Partial area ratio:    0.11
      Required ratio:   22.04 (Gate area) 
      Cumulative area ratio:    0.69
      Required ratio:    0.00 (Cumulative area) 

    Layer: met3
      Partial area ratio:    6.97
      Required ratio:    0.00 (Gate area) 
      Cumulative area ratio:   73.84
      Required ratio:    0.00 (Cumulative area) 
      Partial area ratio:   37.93
      Required ratio: 2778.20 (Side area) 
      Cumulative area ratio:  370.01
      Required ratio:    0.00 (Cumulative side area) 



Net: net164
  Pin:   y_out_sky130_fd_sc_hd__dfrtp_2_Q_4_D_sky130_fd_sc_hd__xor2_2_X_B_sky130_fd_sc_hd__nor2_2_Y_B_sky130_fd_sc_hd__and3_2_X_B_sky130_fd_sc_hd__or2_2_X_A_sky130_fd_sc_hd__nand2_2_Y_A_sky130_fd_sc_hd__a21o_2_X_A1_sky130_fd_sc_hd__o21ai_2_Y_B1_sky130_fd_sc_hd__or2_2_X_B_sky130_fd_sc_hd__o21ai_2_Y_A2_sky130_fd_sc_hd__nor2_2_Y_A_sky130_fd_sc_hd__a21oi_2_Y_A1_sky130_fd_sc_hd__a21oi_2_Y_A1_sky130_fd_sc_hd__nand2b_2_Y/A_N (sky130_fd_sc_hd__nand2b_1)
    Layer: mcon
      Partial area ratio:    0.23
      Required ratio:    3.00 (Gate area) 
      Cumulative area ratio:    0.23
      Required ratio:    0.00 (Cumulative area) 

    Layer: met1
      Partial area ratio:  107.76
      Required ratio:    0.00 (Gate area) 
      Cumulative area ratio:  107.76
      Required ratio:    0.00 (Cumulative area) 
      Partial area ratio:  537.33
      Required ratio:  400.00 (Side area) (VIOLATED)
      Cumulative area ratio:  537.33
      Required ratio:    0.00 (Cumulative side area) 

    Layer: via
      Partial area ratio:    0.36
      Required ratio:    6.00 (Gate area) 
      Cumulative area ratio:    0.59
      Required ratio:    0.00 (Cumulative area) 

    Layer: met2
      Partial area ratio:   72.25
      Required ratio:    0.00 (Gate area) 
      Cumulative area ratio:  180.01
      Required ratio:    0.00 (Cumulative area) 
      Partial area ratio:  360.26
      Required ratio: 2956.40 (Side area) 
      Cumulative area ratio:  897.59
      Required ratio:    0.00 (Cumulative side area) 

    Layer: via2
      Partial area ratio:    0.10
      Required ratio:   38.08 (Gate area) 
      Cumulative area ratio:    0.69
      Required ratio:    0.00 (Cumulative area) 

    Layer: met3
      Partial area ratio:    7.84
      Required ratio:    0.00 (Gate area) 
      Cumulative area ratio:  187.85
      Required ratio:    0.00 (Cumulative area) 
      Partial area ratio:   42.56
      Required ratio: 2956.40 (Side area) 
      Cumulative area ratio:  940.16
      Required ratio:    0.00 (Cumulative side area) 


  Pin:   y_out_sky130_fd_sc_hd__dfrtp_2_Q_4_D_sky130_fd_sc_hd__xor2_2_X_B_sky130_fd_sc_hd__nor2_2_Y_B_sky130_fd_sc_hd__and3_2_X_B_sky130_fd_sc_hd__or2_2_X_A_sky130_fd_sc_hd__nand2_2_Y_A_sky130_fd_sc_hd__a21o_2_X_A1_sky130_fd_sc_hd__o21ai_2_Y_B1_sky130_fd_sc_hd__or2_2_X_B_sky130_fd_sc_hd__o21ai_2_Y_A2_sky130_fd_sc_hd__nor2_2_Y_A_sky130_fd_sc_hd__a21oi_2_Y_B1_sky130_fd_sc_hd__and4bb_2_X/B_N (sky130_fd_sc_hd__and4bb_1)
    Layer: mcon
      Partial area ratio:    0.23
      Required ratio:    3.00 (Gate area) 
      Cumulative area ratio:    0.23
      Required ratio:    0.00 (Cumulative area) 

    Layer: met1
      Partial area ratio:    1.36
      Required ratio:    0.00 (Gate area) 
      Cumulative area ratio:    1.36
      Required ratio:    0.00 (Cumulative area) 
      Partial area ratio:    6.19
      Required ratio:  400.00 (Side area) 
      Cumulative area ratio:    6.19
      Required ratio:    0.00 (Cumulative side area) 

    Layer: via
      Partial area ratio:    0.18
      Required ratio:    6.00 (Gate area) 
      Cumulative area ratio:    0.41
      Required ratio:    0.00 (Cumulative area) 

    Layer: met2
      Partial area ratio:   72.25
      Required ratio:    0.00 (Gate area) 
      Cumulative area ratio:   73.61
      Required ratio:    0.00 (Cumulative area) 
      Partial area ratio:  360.26
      Required ratio: 2956.40 (Side area) 
      Cumulative area ratio:  366.46
      Required ratio:    0.00 (Cumulative side area) 

    Layer: via2
      Partial area ratio:    0.10
      Required ratio:   38.08 (Gate area) 
      Cumulative area ratio:    0.51
      Required ratio:    0.00 (Cumulative area) 

    Layer: met3
      Partial area ratio:    7.84
      Required ratio:    0.00 (Gate area) 
      Cumulative area ratio:   81.45
      Required ratio:    0.00 (Cumulative area) 
      Partial area ratio:   42.56
      Required ratio: 2956.40 (Side area) 
      Cumulative area ratio:  409.02
      Required ratio:    0.00 (Cumulative side area) 


  Pin:   y_out_sky130_fd_sc_hd__dfrtp_2_Q_7_D_sky130_fd_sc_hd__xnor2_2_Y_A_sky130_fd_sc_hd__xor2_2_X_A_sky130_fd_sc_hd__a21oi_2_Y_A1_sky130_fd_sc_hd__a21oi_2_Y_A1_sky130_fd_sc_hd__nand2b_2_Y_A_N_sky130_fd_sc_hd__a21oi_2_Y_A1_sky130_fd_sc_hd__a21o_2_X_A1_sky130_fd_sc_hd__xor2_2_X_A_sky130_fd_sc_hd__xnor2_2_Y_B_sky130_fd_sc_hd__nor2_2_Y/A (sky130_fd_sc_hd__nor2_1)
    Layer: mcon
      Partial area ratio:    0.12
      Required ratio:    3.00 (Gate area) 
      Cumulative area ratio:    0.12
      Required ratio:    0.00 (Cumulative area) 

    Layer: met1
      Partial area ratio:   14.86
      Required ratio:    0.00 (Gate area) 
      Cumulative area ratio:   14.86
      Required ratio:    0.00 (Cumulative area) 
      Partial area ratio:   73.54
      Required ratio:  400.00 (Side area) 
      Cumulative area ratio:   73.54
      Required ratio:    0.00 (Cumulative side area) 

    Layer: via
      Partial area ratio:    0.18
      Required ratio:    6.00 (Gate area) 
      Cumulative area ratio:    0.30
      Required ratio:    0.00 (Cumulative area) 

    Layer: met2
      Partial area ratio:   72.25
      Required ratio:    0.00 (Gate area) 
      Cumulative area ratio:   87.11
      Required ratio:    0.00 (Cumulative area) 
      Partial area ratio:  360.26
      Required ratio: 2956.40 (Side area) 
      Cumulative area ratio:  433.80
      Required ratio:    0.00 (Cumulative side area) 

    Layer: via2
      Partial area ratio:    0.10
      Required ratio:   38.08 (Gate area) 
      Cumulative area ratio:    0.40
      Required ratio:    0.00 (Cumulative area) 

    Layer: met3
      Partial area ratio:    7.84
      Required ratio:    0.00 (Gate area) 
      Cumulative area ratio:   94.95
      Required ratio:    0.00 (Cumulative area) 
      Partial area ratio:   42.56
      Required ratio: 2956.40 (Side area) 
      Cumulative area ratio:  476.36
      Required ratio:    0.00 (Cumulative side area) 


  Pin:   y_out_sky130_fd_sc_hd__dfrtp_2_Q_7_D_sky130_fd_sc_hd__xnor2_2_Y_A_sky130_fd_sc_hd__xor2_2_X_B_sky130_fd_sc_hd__xnor2_2_Y_A_sky130_fd_sc_hd__a21oi_2_Y_A1_sky130_fd_sc_hd__nand2b_2_Y_A_N_sky130_fd_sc_hd__nor2_2_Y_A_sky130_fd_sc_hd__and2b_2_X_B_sky130_fd_sc_hd__a21bo_2_X_A1_sky130_fd_sc_hd__nand2_2_Y_A_sky130_fd_sc_hd__nand3_2_Y_A_sky130_fd_sc_hd__or3_2_X_C_sky130_fd_sc_hd__nand2_2_Y/B (sky130_fd_sc_hd__nand2_1)
    Layer: mcon
      Partial area ratio:    0.12
      Required ratio:    3.00 (Gate area) 
      Cumulative area ratio:    0.12
      Required ratio:    0.00 (Cumulative area) 

    Layer: met1
      Partial area ratio:    0.34
      Required ratio:    0.00 (Gate area) 
      Cumulative area ratio:    0.34
      Required ratio:    0.00 (Cumulative area) 
      Partial area ratio:    1.64
      Required ratio:  400.00 (Side area) 
      Cumulative area ratio:    1.64
      Required ratio:    0.00 (Cumulative side area) 

    Layer: via
      Partial area ratio:    0.09
      Required ratio:    6.00 (Gate area) 
      Cumulative area ratio:    0.21
      Required ratio:    0.00 (Cumulative area) 

    Layer: met2
      Partial area ratio:    1.43
      Required ratio:    0.00 (Gate area) 
      Cumulative area ratio:    1.76
      Required ratio:    0.00 (Cumulative area) 
      Partial area ratio:    6.43
      Required ratio:  400.00 (Side area) 
      Cumulative area ratio:    8.07
      Required ratio:    0.00 (Cumulative side area) 

    Layer: via2
      Partial area ratio:    0.16
      Required ratio:    6.00 (Gate area) 
      Cumulative area ratio:    0.37
      Required ratio:    0.00 (Cumulative area) 

    Layer: met3
      Partial area ratio:    7.84
      Required ratio:    0.00 (Gate area) 
      Cumulative area ratio:    9.60
      Required ratio:    0.00 (Cumulative area) 
      Partial area ratio:   42.56
      Required ratio: 2956.40 (Side area) 
      Cumulative area ratio:   50.64
      Required ratio:    0.00 (Cumulative side area) 


  Pin:   y_out_sky130_fd_sc_hd__dfrtp_2_Q_7_D_sky130_fd_sc_hd__xnor2_2_Y_A_sky130_fd_sc_hd__xor2_2_X_B_sky130_fd_sc_hd__xnor2_2_Y_A_sky130_fd_sc_hd__a21oi_2_Y_A2_sky130_fd_sc_hd__nand2b_2_Y_A_N_sky130_fd_sc_hd__o21a_2_X_B1_sky130_fd_sc_hd__or2_2_X_B_sky130_fd_sc_hd__a21oi_2_Y_A1_sky130_fd_sc_hd__a21o_2_X_A1_sky130_fd_sc_hd__a21o_2_X_B1_sky130_fd_sc_hd__nor2_2_Y_B_sky130_fd_sc_hd__nand2b_2_Y/A_N (sky130_fd_sc_hd__nand2b_1)
    Layer: mcon
      Partial area ratio:    0.23
      Required ratio:    3.00 (Gate area) 
      Cumulative area ratio:    0.23
      Required ratio:    0.00 (Cumulative area) 

    Layer: met1
      Partial area ratio:    0.66
      Required ratio:    0.00 (Gate area) 
      Cumulative area ratio:    0.66
      Required ratio:    0.00 (Cumulative area) 
      Partial area ratio:    3.22
      Required ratio:  400.00 (Side area) 
      Cumulative area ratio:    3.22
      Required ratio:    0.00 (Cumulative side area) 

    Layer: via
      Partial area ratio:    0.18
      Required ratio:    6.00 (Gate area) 
      Cumulative area ratio:    0.41
      Required ratio:    0.00 (Cumulative area) 

    Layer: met2
      Partial area ratio:   72.25
      Required ratio:    0.00 (Gate area) 
      Cumulative area ratio:   72.91
      Required ratio:    0.00 (Cumulative area) 
      Partial area ratio:  360.26
      Required ratio: 2956.40 (Side area) 
      Cumulative area ratio:  363.48
      Required ratio:    0.00 (Cumulative side area) 

    Layer: via2
      Partial area ratio:    0.10
      Required ratio:   38.08 (Gate area) 
      Cumulative area ratio:    0.51
      Required ratio:    0.00 (Cumulative area) 

    Layer: met3
      Partial area ratio:    7.84
      Required ratio:    0.00 (Gate area) 
      Cumulative area ratio:   80.75
      Required ratio:    0.00 (Cumulative area) 
      Partial area ratio:   42.56
      Required ratio: 2956.40 (Side area) 
      Cumulative area ratio:  406.05
      Required ratio:    0.00 (Cumulative side area) 


  Pin:   fanout162/A (sky130_fd_sc_hd__clkbuf_4)
    Layer: mcon
      Partial area ratio:    0.14
      Required ratio:    3.00 (Gate area) 
      Cumulative area ratio:    0.14
      Required ratio:    0.00 (Cumulative area) 

    Layer: met1
      Partial area ratio:    0.39
      Required ratio:    0.00 (Gate area) 
      Cumulative area ratio:    0.39
      Required ratio:    0.00 (Cumulative area) 
      Partial area ratio:    1.91
      Required ratio:  400.00 (Side area) 
      Cumulative area ratio:    1.91
      Required ratio:    0.00 (Cumulative side area) 

    Layer: via
      Partial area ratio:    0.11
      Required ratio:    6.00 (Gate area) 
      Cumulative area ratio:    0.24
      Required ratio:    0.00 (Cumulative area) 

    Layer: met2
      Partial area ratio:    0.66
      Required ratio:    0.00 (Gate area) 
      Cumulative area ratio:    1.05
      Required ratio:    0.00 (Cumulative area) 
      Partial area ratio:    2.61
      Required ratio:  400.00 (Side area) 
      Cumulative area ratio:    4.52
      Required ratio:    0.00 (Cumulative side area) 

    Layer: via2
      Partial area ratio:    0.19
      Required ratio:    6.00 (Gate area) 
      Cumulative area ratio:    0.43
      Required ratio:    0.00 (Cumulative area) 

    Layer: met3
      Partial area ratio:    7.84
      Required ratio:    0.00 (Gate area) 
      Cumulative area ratio:    8.89
      Required ratio:    0.00 (Cumulative area) 
      Partial area ratio:   42.56
      Required ratio: 2956.40 (Side area) 
      Cumulative area ratio:   47.08
      Required ratio:    0.00 (Cumulative side area) 


  Pin:   fanout163/A (sky130_fd_sc_hd__buf_2)
    Layer: mcon
      Partial area ratio:    0.18
      Required ratio:    3.00 (Gate area) 
      Cumulative area ratio:    0.18
      Required ratio:    0.00 (Cumulative area) 

    Layer: met1
      Partial area ratio:    3.59
      Required ratio:    0.00 (Gate area) 
      Cumulative area ratio:    3.59
      Required ratio:    0.00 (Cumulative area) 
      Partial area ratio:   17.06
      Required ratio: 2956.40 (Side area) 
      Cumulative area ratio:   17.06
      Required ratio:    0.00 (Cumulative side area) 

    Layer: via
      Partial area ratio:    0.14
      Required ratio:   38.08 (Gate area) 
      Cumulative area ratio:    0.32
      Required ratio:    0.00 (Cumulative area) 

    Layer: met2
      Partial area ratio:   72.25
      Required ratio:    0.00 (Gate area) 
      Cumulative area ratio:   75.85
      Required ratio:    0.00 (Cumulative area) 
      Partial area ratio:  360.26
      Required ratio: 2956.40 (Side area) 
      Cumulative area ratio:  377.32
      Required ratio:    0.00 (Cumulative side area) 

    Layer: via2
      Partial area ratio:    0.10
      Required ratio:   38.08 (Gate area) 
      Cumulative area ratio:    0.43
      Required ratio:    0.00 (Cumulative area) 

    Layer: met3
      Partial area ratio:    7.84
      Required ratio:    0.00 (Gate area) 
      Cumulative area ratio:   83.69
      Required ratio:    0.00 (Cumulative area) 
      Partial area ratio:   42.56
      Required ratio: 2956.40 (Side area) 
      Cumulative area ratio:  419.88
      Required ratio:    0.00 (Cumulative side area) 



Net: net208
  Pin:   y_out_sky130_fd_sc_hd__dfrtp_2_Q_7_D_sky130_fd_sc_hd__xnor2_2_Y_A_sky130_fd_sc_hd__xor2_2_X_B_sky130_fd_sc_hd__xnor2_2_Y_A_sky130_fd_sc_hd__a21oi_2_Y_A1_sky130_fd_sc_hd__nand2b_2_Y_B_sky130_fd_sc_hd__xor2_2_X_B_sky130_fd_sc_hd__xnor2_2_Y_B_sky130_fd_sc_hd__a21o_2_X_A1_sky130_fd_sc_hd__o21ai_2_Y_A1_sky130_fd_sc_hd__inv_2_Y_A_sky130_fd_sc_hd__a21o_2_X_B1_sky130_fd_sc_hd__and4bb_2_X/B_N (sky130_fd_sc_hd__and4bb_1)
    Layer: mcon
      Partial area ratio:    0.23
      Required ratio:    3.00 (Gate area) 
      Cumulative area ratio:    0.23
      Required ratio:    0.00 (Cumulative area) 

    Layer: met1
      Partial area ratio:   90.11
      Required ratio:    0.00 (Gate area) 
      Cumulative area ratio:   90.11
      Required ratio:    0.00 (Cumulative area) 
      Partial area ratio:  449.06
      Required ratio:  400.00 (Side area) (VIOLATED)
      Cumulative area ratio:  449.06
      Required ratio:    0.00 (Cumulative side area) 

    Layer: via
      Partial area ratio:    0.36
      Required ratio:    6.00 (Gate area) 
      Cumulative area ratio:    0.59
      Required ratio:    0.00 (Cumulative area) 

    Layer: met2
      Partial area ratio:   22.32
      Required ratio:    0.00 (Gate area) 
      Cumulative area ratio:  112.42
      Required ratio:    0.00 (Cumulative area) 
      Partial area ratio:  110.94
      Required ratio: 2918.08 (Side area) 
      Cumulative area ratio:  560.00
      Required ratio:    0.00 (Cumulative side area) 


  Pin:   y_out_sky130_fd_sc_hd__dfrtp_2_Q_7_D_sky130_fd_sc_hd__xnor2_2_Y_A_sky130_fd_sc_hd__xor2_2_X_B_sky130_fd_sc_hd__xnor2_2_Y_A_sky130_fd_sc_hd__a21oi_2_Y_A2_sky130_fd_sc_hd__nand2b_2_Y_A_N_sky130_fd_sc_hd__o21a_2_X_B1_sky130_fd_sc_hd__or2_2_X_B_sky130_fd_sc_hd__a21oi_2_Y_A1_sky130_fd_sc_hd__a21o_2_X_A2_sky130_fd_sc_hd__xnor2_2_Y_A_sky130_fd_sc_hd__a21o_2_X_A1_sky130_fd_sc_hd__nand2b_2_Y/A_N (sky130_fd_sc_hd__nand2b_1)
    Layer: mcon
      Partial area ratio:    0.23
      Required ratio:    3.00 (Gate area) 
      Cumulative area ratio:    0.23
      Required ratio:    0.00 (Cumulative area) 

    Layer: met1
      Partial area ratio:    0.66
      Required ratio:    0.00 (Gate area) 
      Cumulative area ratio:    0.66
      Required ratio:    0.00 (Cumulative area) 
      Partial area ratio:    3.22
      Required ratio:  400.00 (Side area) 
      Cumulative area ratio:    3.22
      Required ratio:    0.00 (Cumulative side area) 

    Layer: via
      Partial area ratio:    0.18
      Required ratio:    6.00 (Gate area) 
      Cumulative area ratio:    0.41
      Required ratio:    0.00 (Cumulative area) 

    Layer: met2
      Partial area ratio:   22.32
      Required ratio:    0.00 (Gate area) 
      Cumulative area ratio:   22.98
      Required ratio:    0.00 (Cumulative area) 
      Partial area ratio:  110.94
      Required ratio: 2918.08 (Side area) 
      Cumulative area ratio:  114.16
      Required ratio:    0.00 (Cumulative side area) 


  Pin:   fanout205/A (sky130_fd_sc_hd__buf_4)
    Layer: mcon
      Partial area ratio:    0.12
      Required ratio:    3.00 (Gate area) 
      Cumulative area ratio:    0.12
      Required ratio:    0.00 (Cumulative area) 

    Layer: met1
      Partial area ratio:    1.73
      Required ratio:    0.00 (Gate area) 
      Cumulative area ratio:    1.73
      Required ratio:    0.00 (Cumulative area) 
      Partial area ratio:    8.36
      Required ratio:  400.00 (Side area) 
      Cumulative area ratio:    8.36
      Required ratio:    0.00 (Cumulative side area) 

    Layer: via
      Partial area ratio:    0.09
      Required ratio:    6.00 (Gate area) 
      Cumulative area ratio:    0.21
      Required ratio:    0.00 (Cumulative area) 

    Layer: met2
      Partial area ratio:   22.32
      Required ratio:    0.00 (Gate area) 
      Cumulative area ratio:   24.05
      Required ratio:    0.00 (Cumulative area) 
      Partial area ratio:  110.94
      Required ratio: 2918.08 (Side area) 
      Cumulative area ratio:  119.30
      Required ratio:    0.00 (Cumulative side area) 


  Pin:   fanout206/A (sky130_fd_sc_hd__clkbuf_4)
    Layer: mcon
      Partial area ratio:    0.14
      Required ratio:    3.00 (Gate area) 
      Cumulative area ratio:    0.14
      Required ratio:    0.00 (Cumulative area) 

    Layer: met1
      Partial area ratio:   61.38
      Required ratio:    0.00 (Gate area) 
      Cumulative area ratio:   61.38
      Required ratio:    0.00 (Cumulative area) 
      Partial area ratio:  306.54
      Required ratio:  400.00 (Side area) 
      Cumulative area ratio:  306.54
      Required ratio:    0.00 (Cumulative side area) 

    Layer: via
      Partial area ratio:    0.11
      Required ratio:    6.00 (Gate area) 
      Cumulative area ratio:    0.24
      Required ratio:    0.00 (Cumulative area) 

    Layer: met2
      Partial area ratio:   22.32
      Required ratio:    0.00 (Gate area) 
      Cumulative area ratio:   83.70
      Required ratio:    0.00 (Cumulative area) 
      Partial area ratio:  110.94
      Required ratio: 2918.08 (Side area) 
      Cumulative area ratio:  417.48
      Required ratio:    0.00 (Cumulative side area) 


  Pin:   fanout207/A (sky130_fd_sc_hd__buf_2)
    Layer: mcon
      Partial area ratio:    0.18
      Required ratio:    3.00 (Gate area) 
      Cumulative area ratio:    0.18
      Required ratio:    0.00 (Cumulative area) 

    Layer: met1
      Partial area ratio:   13.22
      Required ratio:    0.00 (Gate area) 
      Cumulative area ratio:   13.22
      Required ratio:    0.00 (Cumulative area) 
      Partial area ratio:   65.33
      Required ratio:  400.00 (Side area) 
      Cumulative area ratio:   65.33
      Required ratio:    0.00 (Cumulative side area) 

    Layer: via
      Partial area ratio:    0.28
      Required ratio:    6.00 (Gate area) 
      Cumulative area ratio:    0.46
      Required ratio:    0.00 (Cumulative area) 

    Layer: met2
      Partial area ratio:   22.32
      Required ratio:    0.00 (Gate area) 
      Cumulative area ratio:   35.53
      Required ratio:    0.00 (Cumulative area) 
      Partial area ratio:  110.94
      Required ratio: 2918.08 (Side area) 
      Cumulative area ratio:  176.27
      Required ratio:    0.00 (Cumulative side area) 



Net: net226
  Pin:   y_out_sky130_fd_sc_hd__dfrtp_2_Q_11_D_sky130_fd_sc_hd__xor2_2_X_B_sky130_fd_sc_hd__nand2_2_Y_A_sky130_fd_sc_hd__a211o_2_X_A2_sky130_fd_sc_hd__nand3_2_Y_A_sky130_fd_sc_hd__nor2_2_Y_B_sky130_fd_sc_hd__a21boi_2_Y_A1_sky130_fd_sc_hd__a21bo_2_X_A1_sky130_fd_sc_hd__a21o_2_X_B1_sky130_fd_sc_hd__and2b_2_X_B_sky130_fd_sc_hd__xor2_2_X_B_sky130_fd_sc_hd__xor2_2_X_B_sky130_fd_sc_hd__a21o_2_X_B1_sky130_fd_sc_hd__and4bb_2_X/A_N (sky130_fd_sc_hd__and4bb_1)
    Layer: mcon
      Partial area ratio:    0.23
      Required ratio:    3.00 (Gate area) 
      Cumulative area ratio:    0.23
      Required ratio:    0.00 (Cumulative area) 

    Layer: met1
      Partial area ratio:   39.14
      Required ratio:    0.00 (Gate area) 
      Cumulative area ratio:   39.14
      Required ratio:    0.00 (Cumulative area) 
      Partial area ratio:  194.22
      Required ratio:  400.00 (Side area) 
      Cumulative area ratio:  194.22
      Required ratio:    0.00 (Cumulative side area) 

    Layer: via
      Partial area ratio:    0.36
      Required ratio:    6.00 (Gate area) 
      Cumulative area ratio:    0.59
      Required ratio:    0.00 (Cumulative area) 

    Layer: met2
      Partial area ratio:   14.69
      Required ratio:    0.00 (Gate area) 
      Cumulative area ratio:   53.83
      Required ratio:    0.00 (Cumulative area) 
      Partial area ratio:   72.47
      Required ratio:  400.00 (Side area) 
      Cumulative area ratio:  266.69
      Required ratio:    0.00 (Cumulative side area) 

    Layer: via2
      Partial area ratio:    0.08
      Required ratio:    6.00 (Gate area) 
      Cumulative area ratio:    0.67
      Required ratio:    0.00 (Cumulative area) 

    Layer: met3
      Partial area ratio:   22.07
      Required ratio:    0.00 (Gate area) 
      Cumulative area ratio:   75.90
      Required ratio:    0.00 (Cumulative area) 
      Partial area ratio:  118.42
      Required ratio: 2956.40 (Side area) 
      Cumulative area ratio:  385.11
      Required ratio:    0.00 (Cumulative side area) 


  Pin:   y_out_sky130_fd_sc_hd__dfrtp_2_Q_13_D_sky130_fd_sc_hd__xnor2_2_Y_B_sky130_fd_sc_hd__a21oi_2_Y_B1_sky130_fd_sc_hd__and3_2_X_C_sky130_fd_sc_hd__a211o_2_X_B1_sky130_fd_sc_hd__nor2_2_Y_B_sky130_fd_sc_hd__a21oi_2_Y_B1_sky130_fd_sc_hd__and2b_2_X_B_sky130_fd_sc_hd__a21bo_2_X_A1_sky130_fd_sc_hd__a2bb2o_2_X_A2_N_sky130_fd_sc_hd__or3_2_X_A_sky130_fd_sc_hd__nand2b_2_Y/A_N (sky130_fd_sc_hd__nand2b_1)
    Layer: mcon
      Partial area ratio:    0.23
      Required ratio:    3.00 (Gate area) 
      Cumulative area ratio:    0.23
      Required ratio:    0.00 (Cumulative area) 

    Layer: met1
      Partial area ratio:   99.67
      Required ratio:    0.00 (Gate area) 
      Cumulative area ratio:   99.67
      Required ratio:    0.00 (Cumulative area) 
      Partial area ratio:  496.86
      Required ratio:  400.00 (Side area) (VIOLATED)
      Cumulative area ratio:  496.86
      Required ratio:    0.00 (Cumulative side area) 

    Layer: via
      Partial area ratio:    0.36
      Required ratio:    6.00 (Gate area) 
      Cumulative area ratio:    0.59
      Required ratio:    0.00 (Cumulative area) 

    Layer: met2
      Partial area ratio:   42.89
      Required ratio:    0.00 (Gate area) 
      Cumulative area ratio:  142.56
      Required ratio:    0.00 (Cumulative area) 
      Partial area ratio:  213.27
      Required ratio: 2956.40 (Side area) 
      Cumulative area ratio:  710.13
      Required ratio:    0.00 (Cumulative side area) 

    Layer: via2
      Partial area ratio:    0.13
      Required ratio:   38.08 (Gate area) 
      Cumulative area ratio:    0.71
      Required ratio:    0.00 (Cumulative area) 

    Layer: met3
      Partial area ratio:   22.07
      Required ratio:    0.00 (Gate area) 
      Cumulative area ratio:  164.63
      Required ratio:    0.00 (Cumulative area) 
      Partial area ratio:  118.42
      Required ratio: 2956.40 (Side area) 
      Cumulative area ratio:  828.55
      Required ratio:    0.00 (Cumulative side area) 


  Pin:   y_out_sky130_fd_sc_hd__dfrtp_2_Q_15_D_sky130_fd_sc_hd__xnor2_2_Y_A_sky130_fd_sc_hd__nand2b_2_Y_A_N_sky130_fd_sc_hd__nor3_2_Y_A_sky130_fd_sc_hd__or2_2_X_A_sky130_fd_sc_hd__and3_2_X_A_sky130_fd_sc_hd__o21ai_2_Y_B1_sky130_fd_sc_hd__nand2_2_Y_A_sky130_fd_sc_hd__a21bo_2_X_A2_sky130_fd_sc_hd__xnor2_2_Y_A_sky130_fd_sc_hd__xor2_2_X_B_sky130_fd_sc_hd__xnor2_2_Y_A_sky130_fd_sc_hd__a21o_2_X_B1_sky130_fd_sc_hd__and4bb_2_X/B_N (sky130_fd_sc_hd__and4bb_1)
    Layer: mcon
      Partial area ratio:    0.23
      Required ratio:    3.00 (Gate area) 
      Cumulative area ratio:    0.23
      Required ratio:    0.00 (Cumulative area) 

    Layer: met1
      Partial area ratio:    1.87
      Required ratio:    0.00 (Gate area) 
      Cumulative area ratio:    1.87
      Required ratio:    0.00 (Cumulative area) 
      Partial area ratio:    8.75
      Required ratio:  400.00 (Side area) 
      Cumulative area ratio:    8.75
      Required ratio:    0.00 (Cumulative side area) 

    Layer: via
      Partial area ratio:    0.18
      Required ratio:    6.00 (Gate area) 
      Cumulative area ratio:    0.41
      Required ratio:    0.00 (Cumulative area) 

    Layer: met2
      Partial area ratio:   14.69
      Required ratio:    0.00 (Gate area) 
      Cumulative area ratio:   16.57
      Required ratio:    0.00 (Cumulative area) 
      Partial area ratio:   72.47
      Required ratio:  400.00 (Side area) 
      Cumulative area ratio:   81.22
      Required ratio:    0.00 (Cumulative side area) 

    Layer: via2
      Partial area ratio:    0.08
      Required ratio:    6.00 (Gate area) 
      Cumulative area ratio:    0.49
      Required ratio:    0.00 (Cumulative area) 

    Layer: met3
      Partial area ratio:   22.07
      Required ratio:    0.00 (Gate area) 
      Cumulative area ratio:   38.64
      Required ratio:    0.00 (Cumulative area) 
      Partial area ratio:  118.42
      Required ratio: 2956.40 (Side area) 
      Cumulative area ratio:  199.63
      Required ratio:    0.00 (Cumulative side area) 


  Pin:   y_out_sky130_fd_sc_hd__dfrtp_2_Q_15_D_sky130_fd_sc_hd__xnor2_2_Y_A_sky130_fd_sc_hd__nand2b_2_Y_A_N_sky130_fd_sc_hd__nor3_2_Y_A_sky130_fd_sc_hd__or2_2_X_A_sky130_fd_sc_hd__and3_2_X_A_sky130_fd_sc_hd__o21ai_2_Y_B1_sky130_fd_sc_hd__nand2_2_Y_A_sky130_fd_sc_hd__a21bo_2_X_A2_sky130_fd_sc_hd__xnor2_2_Y_A_sky130_fd_sc_hd__xor2_2_X_B_sky130_fd_sc_hd__xnor2_2_Y_B_sky130_fd_sc_hd__xnor2_2_Y_B_sky130_fd_sc_hd__a21oi_2_Y_A2_sky130_fd_sc_hd__nand2b_2_Y/A_N (sky130_fd_sc_hd__nand2b_1)
    Layer: mcon
      Partial area ratio:    0.23
      Required ratio:    3.00 (Gate area) 
      Cumulative area ratio:    0.23
      Required ratio:    0.00 (Cumulative area) 

    Layer: met1
      Partial area ratio:    0.66
      Required ratio:    0.00 (Gate area) 
      Cumulative area ratio:    0.66
      Required ratio:    0.00 (Cumulative area) 
      Partial area ratio:    3.22
      Required ratio:  400.00 (Side area) 
      Cumulative area ratio:    3.22
      Required ratio:    0.00 (Cumulative side area) 

    Layer: via
      Partial area ratio:    0.18
      Required ratio:    6.00 (Gate area) 
      Cumulative area ratio:    0.41
      Required ratio:    0.00 (Cumulative area) 

    Layer: met2
      Partial area ratio:   14.69
      Required ratio:    0.00 (Gate area) 
      Cumulative area ratio:   15.35
      Required ratio:    0.00 (Cumulative area) 
      Partial area ratio:   72.47
      Required ratio:  400.00 (Side area) 
      Cumulative area ratio:   75.69
      Required ratio:    0.00 (Cumulative side area) 

    Layer: via2
      Partial area ratio:    0.08
      Required ratio:    6.00 (Gate area) 
      Cumulative area ratio:    0.49
      Required ratio:    0.00 (Cumulative area) 

    Layer: met3
      Partial area ratio:   22.07
      Required ratio:    0.00 (Gate area) 
      Cumulative area ratio:   37.43
      Required ratio:    0.00 (Cumulative area) 
      Partial area ratio:  118.42
      Required ratio: 2956.40 (Side area) 
      Cumulative area ratio:  194.11
      Required ratio:    0.00 (Cumulative side area) 


  Pin:   y_out_sky130_fd_sc_hd__dfrtp_2_Q_15_D_sky130_fd_sc_hd__xnor2_2_Y_A_sky130_fd_sc_hd__nand2b_2_Y_A_N_sky130_fd_sc_hd__nor3_2_Y_A_sky130_fd_sc_hd__or2_2_X_A_sky130_fd_sc_hd__and3_2_X_A_sky130_fd_sc_hd__o21ai_2_Y_B1_sky130_fd_sc_hd__nand2_2_Y_A_sky130_fd_sc_hd__a21bo_2_X_B1_N_sky130_fd_sc_hd__a21o_2_X_A2_sky130_fd_sc_hd__or3_2_X_A_sky130_fd_sc_hd__or3_2_X/A (sky130_fd_sc_hd__or3_1)
    Layer: mcon
      Partial area ratio:    0.23
      Required ratio:    3.00 (Gate area) 
      Cumulative area ratio:    0.23
      Required ratio:    0.00 (Cumulative area) 

    Layer: met1
      Partial area ratio:    0.66
      Required ratio:    0.00 (Gate area) 
      Cumulative area ratio:    0.66
      Required ratio:    0.00 (Cumulative area) 
      Partial area ratio:    3.22
      Required ratio:  400.00 (Side area) 
      Cumulative area ratio:    3.22
      Required ratio:    0.00 (Cumulative side area) 

    Layer: via
      Partial area ratio:    0.18
      Required ratio:    6.00 (Gate area) 
      Cumulative area ratio:    0.41
      Required ratio:    0.00 (Cumulative area) 

    Layer: met2
      Partial area ratio:   42.89
      Required ratio:    0.00 (Gate area) 
      Cumulative area ratio:   43.55
      Required ratio:    0.00 (Cumulative area) 
      Partial area ratio:  213.27
      Required ratio: 2956.40 (Side area) 
      Cumulative area ratio:  216.49
      Required ratio:    0.00 (Cumulative side area) 

    Layer: via2
      Partial area ratio:    0.13
      Required ratio:   38.08 (Gate area) 
      Cumulative area ratio:    0.54
      Required ratio:    0.00 (Cumulative area) 

    Layer: met3
      Partial area ratio:   22.07
      Required ratio:    0.00 (Gate area) 
      Cumulative area ratio:   65.63
      Required ratio:    0.00 (Cumulative area) 
      Partial area ratio:  118.42
      Required ratio: 2956.40 (Side area) 
      Cumulative area ratio:  334.91
      Required ratio:    0.00 (Cumulative side area) 


  Pin:   y_out_sky130_fd_sc_hd__dfrtp_2_Q_15_D_sky130_fd_sc_hd__xnor2_2_Y_A_sky130_fd_sc_hd__nand2b_2_Y_A_N_sky130_fd_sc_hd__nor3_2_Y_B_sky130_fd_sc_hd__nor2_2_Y_B_sky130_fd_sc_hd__a211oi_2_Y_A1_sky130_fd_sc_hd__nand2b_2_Y_B_sky130_fd_sc_hd__a21bo_2_X_A2_sky130_fd_sc_hd__xor2_2_X_A_sky130_fd_sc_hd__xnor2_2_Y_B_sky130_fd_sc_hd__xnor2_2_Y_B_sky130_fd_sc_hd__xnor2_2_Y_B_sky130_fd_sc_hd__a21oi_2_Y_A2_sky130_fd_sc_hd__nand2b_2_Y/A_N (sky130_fd_sc_hd__nand2b_1)
    Layer: mcon
      Partial area ratio:    0.23
      Required ratio:    3.00 (Gate area) 
      Cumulative area ratio:    0.23
      Required ratio:    0.00 (Cumulative area) 

    Layer: met1
      Partial area ratio:    0.66
      Required ratio:    0.00 (Gate area) 
      Cumulative area ratio:    0.66
      Required ratio:    0.00 (Cumulative area) 
      Partial area ratio:    3.22
      Required ratio:  400.00 (Side area) 
      Cumulative area ratio:    3.22
      Required ratio:    0.00 (Cumulative side area) 

    Layer: via
      Partial area ratio:    0.18
      Required ratio:    6.00 (Gate area) 
      Cumulative area ratio:    0.41
      Required ratio:    0.00 (Cumulative area) 

    Layer: met2
      Partial area ratio:   14.69
      Required ratio:    0.00 (Gate area) 
      Cumulative area ratio:   15.35
      Required ratio:    0.00 (Cumulative area) 
      Partial area ratio:   72.47
      Required ratio:  400.00 (Side area) 
      Cumulative area ratio:   75.69
      Required ratio:    0.00 (Cumulative side area) 

    Layer: via2
      Partial area ratio:    0.08
      Required ratio:    6.00 (Gate area) 
      Cumulative area ratio:    0.49
      Required ratio:    0.00 (Cumulative area) 

    Layer: met3
      Partial area ratio:   22.07
      Required ratio:    0.00 (Gate area) 
      Cumulative area ratio:   37.43
      Required ratio:    0.00 (Cumulative area) 
      Partial area ratio:  118.42
      Required ratio: 2956.40 (Side area) 
      Cumulative area ratio:  194.11
      Required ratio:    0.00 (Cumulative side area) 


  Pin:   y_out_sky130_fd_sc_hd__dfrtp_2_Q_15_D_sky130_fd_sc_hd__xnor2_2_Y_A_sky130_fd_sc_hd__nand2b_2_Y_A_N_sky130_fd_sc_hd__nor3_2_Y_B_sky130_fd_sc_hd__nor2_2_Y_B_sky130_fd_sc_hd__a211oi_2_Y_A1_sky130_fd_sc_hd__nand2b_2_Y_B_sky130_fd_sc_hd__a21bo_2_X_A2_sky130_fd_sc_hd__xor2_2_X_B_sky130_fd_sc_hd__xnor2_2_Y_B_sky130_fd_sc_hd__o21ba_2_X_B1_N_sky130_fd_sc_hd__or2_2_A_B_sky130_fd_sc_hd__o22a_2_X/A1 (sky130_fd_sc_hd__o22a_1)
    Layer: mcon
      Partial area ratio:    0.12
      Required ratio:    3.00 (Gate area) 
      Cumulative area ratio:    0.12
      Required ratio:    0.00 (Cumulative area) 

    Layer: met1
      Partial area ratio:    1.99
      Required ratio:    0.00 (Gate area) 
      Cumulative area ratio:    1.99
      Required ratio:    0.00 (Cumulative area) 
      Partial area ratio:    9.66
      Required ratio:  400.00 (Side area) 
      Cumulative area ratio:    9.66
      Required ratio:    0.00 (Cumulative side area) 

    Layer: via
      Partial area ratio:    0.09
      Required ratio:    6.00 (Gate area) 
      Cumulative area ratio:    0.21
      Required ratio:    0.00 (Cumulative area) 

    Layer: met2
      Partial area ratio:   42.89
      Required ratio:    0.00 (Gate area) 
      Cumulative area ratio:   44.89
      Required ratio:    0.00 (Cumulative area) 
      Partial area ratio:  213.27
      Required ratio: 2956.40 (Side area) 
      Cumulative area ratio:  222.93
      Required ratio:    0.00 (Cumulative side area) 

    Layer: via2
      Partial area ratio:    0.13
      Required ratio:   38.08 (Gate area) 
      Cumulative area ratio:    0.34
      Required ratio:    0.00 (Cumulative area) 

    Layer: met3
      Partial area ratio:   22.07
      Required ratio:    0.00 (Gate area) 
      Cumulative area ratio:   66.96
      Required ratio:    0.00 (Cumulative area) 
      Partial area ratio:  118.42
      Required ratio: 2956.40 (Side area) 
      Cumulative area ratio:  341.34
      Required ratio:    0.00 (Cumulative side area) 


  Pin:   y_out_sky130_fd_sc_hd__dfrtp_2_Q_7_D_sky130_fd_sc_hd__xnor2_2_Y_B_sky130_fd_sc_hd__o21ba_2_X_A2_sky130_fd_sc_hd__a21oi_2_Y_A1_sky130_fd_sc_hd__a21oi_2_Y_A2_sky130_fd_sc_hd__nand2b_2_Y_A_N_sky130_fd_sc_hd__o21a_2_X_B1_sky130_fd_sc_hd__or2_2_X_B_sky130_fd_sc_hd__a21oi_2_Y_A1_sky130_fd_sc_hd__a21o_2_X_B1_sky130_fd_sc_hd__and2b_2_X_B_sky130_fd_sc_hd__a21bo_2_X_B1_N_sky130_fd_sc_hd__or3_2_X_C_sky130_fd_sc_hd__nand2b_2_Y/A_N (sky130_fd_sc_hd__nand2b_1)
    Layer: mcon
      Partial area ratio:    0.23
      Required ratio:    3.00 (Gate area) 
      Cumulative area ratio:    0.23
      Required ratio:    0.00 (Cumulative area) 

    Layer: met1
      Partial area ratio:    1.36
      Required ratio:    0.00 (Gate area) 
      Cumulative area ratio:    1.36
      Required ratio:    0.00 (Cumulative area) 
      Partial area ratio:    6.19
      Required ratio:  400.00 (Side area) 
      Cumulative area ratio:    6.19
      Required ratio:    0.00 (Cumulative side area) 

    Layer: via
      Partial area ratio:    0.18
      Required ratio:    6.00 (Gate area) 
      Cumulative area ratio:    0.41
      Required ratio:    0.00 (Cumulative area) 

    Layer: met2
      Partial area ratio:   42.89
      Required ratio:    0.00 (Gate area) 
      Cumulative area ratio:   44.26
      Required ratio:    0.00 (Cumulative area) 
      Partial area ratio:  213.27
      Required ratio: 2956.40 (Side area) 
      Cumulative area ratio:  219.46
      Required ratio:    0.00 (Cumulative side area) 

    Layer: via2
      Partial area ratio:    0.13
      Required ratio:   38.08 (Gate area) 
      Cumulative area ratio:    0.54
      Required ratio:    0.00 (Cumulative area) 

    Layer: met3
      Partial area ratio:   22.07
      Required ratio:    0.00 (Gate area) 
      Cumulative area ratio:   66.33
      Required ratio:    0.00 (Cumulative area) 
      Partial area ratio:  118.42
      Required ratio: 2956.40 (Side area) 
      Cumulative area ratio:  337.88
      Required ratio:    0.00 (Cumulative side area) 


  Pin:   fanout225/A (sky130_fd_sc_hd__clkbuf_4)
    Layer: mcon
      Partial area ratio:    0.14
      Required ratio:    3.00 (Gate area) 
      Cumulative area ratio:    0.14
      Required ratio:    0.00 (Cumulative area) 

    Layer: met1
      Partial area ratio:    0.39
      Required ratio:    0.00 (Gate area) 
      Cumulative area ratio:    0.39
      Required ratio:    0.00 (Cumulative area) 
      Partial area ratio:    1.91
      Required ratio:  400.00 (Side area) 
      Cumulative area ratio:    1.91
      Required ratio:    0.00 (Cumulative side area) 

    Layer: via
      Partial area ratio:    0.11
      Required ratio:    6.00 (Gate area) 
      Cumulative area ratio:    0.24
      Required ratio:    0.00 (Cumulative area) 

    Layer: met2
      Partial area ratio:    0.66
      Required ratio:    0.00 (Gate area) 
      Cumulative area ratio:    1.05
      Required ratio:    0.00 (Cumulative area) 
      Partial area ratio:    2.61
      Required ratio:  400.00 (Side area) 
      Cumulative area ratio:    4.52
      Required ratio:    0.00 (Cumulative side area) 

    Layer: via2
      Partial area ratio:    0.19
      Required ratio:    6.00 (Gate area) 
      Cumulative area ratio:    0.43
      Required ratio:    0.00 (Cumulative area) 

    Layer: met3
      Partial area ratio:   22.07
      Required ratio:    0.00 (Gate area) 
      Cumulative area ratio:   23.13
      Required ratio:    0.00 (Cumulative area) 
      Partial area ratio:  118.42
      Required ratio: 2956.40 (Side area) 
      Cumulative area ratio:  122.94
      Required ratio:    0.00 (Cumulative side area) 



[INFO ANT-0002] Found 5 net violations.
[INFO ANT-0001] Found 5 pin violations.
