
===========================================================================
report_checks -unconstrained
===========================================================================
======================= max_tt_025C_1v80 Corner ===================================

Startpoint: reset (input port clocked by clk)
Endpoint: y_out_sky130_fd_sc_hd__dfrtp_2_Q_11
          (recovery check against rising-edge clock clk)
Path Group: asynchronous
Path Type: max

Fanout         Cap        Slew       Delay        Time   Description
---------------------------------------------------------------------------------------------
                                  0.000000    0.000000   clock clk (rise edge)
                                  0.000000    0.000000   clock network delay (propagated)
                                  1.000000    1.000000 v input external delay
     1    0.002995    0.009068    0.004805    1.004805 v reset (in)
                                                         reset (net)
                      0.009075    0.000000    1.004805 v input17/A (sky130_fd_sc_hd__buf_1)
     2    0.019882    0.119563    0.145568    1.150373 v input17/X (sky130_fd_sc_hd__buf_1)
                                                         net17 (net)
                      0.119640    0.001938    1.152311 v fanout226/A (sky130_fd_sc_hd__buf_2)
     6    0.042085    0.103274    0.226701    1.379012 v fanout226/X (sky130_fd_sc_hd__buf_2)
                                                         net226 (net)
                      0.103287    0.001217    1.380229 v y_out_sky130_fd_sc_hd__dfrtp_2_Q_11_RESET_B_sky130_fd_sc_hd__inv_2_Y/A (sky130_fd_sc_hd__inv_2)
     1    0.004650    0.040846    0.068913    1.449142 ^ y_out_sky130_fd_sc_hd__dfrtp_2_Q_11_RESET_B_sky130_fd_sc_hd__inv_2_Y/Y (sky130_fd_sc_hd__inv_2)
                                                         y_out_sky130_fd_sc_hd__dfrtp_2_Q_11_RESET_B (net)
                      0.040847    0.000243    1.449385 ^ y_out_sky130_fd_sc_hd__dfrtp_2_Q_11/RESET_B (sky130_fd_sc_hd__dfrtp_4)
                                              1.449385   data arrival time

                                  8.000000    8.000000   clock clk (rise edge)
                                  0.000000    8.000000   clock source latency
     1    0.022530    0.106730    0.074370    8.074369 ^ clk (in)
                                                         clk (net)
                      0.106782    0.000000    8.074369 ^ clkbuf_0_clk/A (sky130_fd_sc_hd__clkbuf_16)
     2    0.023104    0.044629    0.150687    8.225058 ^ clkbuf_0_clk/X (sky130_fd_sc_hd__clkbuf_16)
                                                         clknet_0_clk (net)
                      0.044673    0.001186    8.226243 ^ clkbuf_1_1__f_clk/A (sky130_fd_sc_hd__clkbuf_16)
     8    0.032787    0.053374    0.135931    8.362174 ^ clkbuf_1_1__f_clk/X (sky130_fd_sc_hd__clkbuf_16)
                                                         clknet_1_1__leaf_clk (net)
                      0.053378    0.000811    8.362986 ^ y_out_sky130_fd_sc_hd__dfrtp_2_Q_11/CLK (sky130_fd_sc_hd__dfrtp_4)
                                 -0.250000    8.112986   clock uncertainty
                                  0.000000    8.112986   clock reconvergence pessimism
                                  0.221105    8.334090   library recovery time
                                              8.334090   data required time
---------------------------------------------------------------------------------------------
                                              8.334090   data required time
                                             -1.449385   data arrival time
---------------------------------------------------------------------------------------------
                                              6.884706   slack (MET)


Startpoint: alpha[8] (input port clocked by clk)
Endpoint: y_out_sky130_fd_sc_hd__dfrtp_2_Q_2
          (rising edge-triggered flip-flop clocked by clk)
Path Group: clk
Path Type: max

Fanout         Cap        Slew       Delay        Time   Description
---------------------------------------------------------------------------------------------
                                  0.000000    0.000000   clock clk (rise edge)
                                  0.000000    0.000000   clock network delay (propagated)
                                  1.000000    1.000000 ^ input external delay
     1    0.003165    0.021309    0.011640    1.011640 ^ alpha[8] (in)
                                                         alpha[8] (net)
                      0.021317    0.000000    1.011640 ^ input15/A (sky130_fd_sc_hd__clkbuf_2)
     2    0.043304    0.236709    0.226832    1.238472 ^ input15/X (sky130_fd_sc_hd__clkbuf_2)
                                                         net15 (net)
                      0.236789    0.003629    1.242101 ^ fanout237/A (sky130_fd_sc_hd__buf_8)
     5    0.072029    0.123638    0.199899    1.442000 ^ fanout237/X (sky130_fd_sc_hd__buf_8)
                                                         net237 (net)
                      0.123682    0.002035    1.444034 ^ fanout234/A (sky130_fd_sc_hd__buf_6)
    10    0.049007    0.104753    0.169030    1.613064 ^ fanout234/X (sky130_fd_sc_hd__buf_6)
                                                         net234 (net)
                      0.105374    0.006474    1.619538 ^ fanout233/A (sky130_fd_sc_hd__buf_6)
    10    0.056646    0.119848    0.169941    1.789480 ^ fanout233/X (sky130_fd_sc_hd__buf_6)
                                                         net233 (net)
                      0.120345    0.006354    1.795834 ^ y_out_sky130_fd_sc_hd__dfrtp_2_Q_7_D_sky130_fd_sc_hd__xnor2_2_Y_B_sky130_fd_sc_hd__o21ba_2_X_A2_sky130_fd_sc_hd__a21oi_2_Y_A1_sky130_fd_sc_hd__a21oi_2_Y_A1_sky130_fd_sc_hd__nand2b_2_Y_A_N_sky130_fd_sc_hd__nor2_2_Y_A_sky130_fd_sc_hd__and2b_2_X_B_sky130_fd_sc_hd__a21bo_2_X_A2_sky130_fd_sc_hd__a21o_2_X_B1_sky130_fd_sc_hd__a21o_2_X_B1_sky130_fd_sc_hd__and3_2_X_A_sky130_fd_sc_hd__or3_2_X_B_sky130_fd_sc_hd__nand2_2_Y/B (sky130_fd_sc_hd__nand2_1)
     2    0.008481    0.094737    0.100101    1.895935 v y_out_sky130_fd_sc_hd__dfrtp_2_Q_7_D_sky130_fd_sc_hd__xnor2_2_Y_B_sky130_fd_sc_hd__o21ba_2_X_A2_sky130_fd_sc_hd__a21oi_2_Y_A1_sky130_fd_sc_hd__a21oi_2_Y_A1_sky130_fd_sc_hd__nand2b_2_Y_A_N_sky130_fd_sc_hd__nor2_2_Y_A_sky130_fd_sc_hd__and2b_2_X_B_sky130_fd_sc_hd__a21bo_2_X_A2_sky130_fd_sc_hd__a21o_2_X_B1_sky130_fd_sc_hd__a21o_2_X_B1_sky130_fd_sc_hd__and3_2_X_A_sky130_fd_sc_hd__or3_2_X_B_sky130_fd_sc_hd__nand2_2_Y/Y (sky130_fd_sc_hd__nand2_1)
                                                         y_out_sky130_fd_sc_hd__dfrtp_2_Q_7_D_sky130_fd_sc_hd__xnor2_2_Y_B_sky130_fd_sc_hd__o21ba_2_X_A2_sky130_fd_sc_hd__a21oi_2_Y_A1_sky130_fd_sc_hd__a21oi_2_Y_A1_sky130_fd_sc_hd__nand2b_2_Y_A_N_sky130_fd_sc_hd__nor2_2_Y_A_sky130_fd_sc_hd__and2b_2_X_B_sky130_fd_sc_hd__a21bo_2_X_A2_sky130_fd_sc_hd__a21o_2_X_B1_sky130_fd_sc_hd__a21o_2_X_B1_sky130_fd_sc_hd__and3_2_X_A_sky130_fd_sc_hd__or3_2_X_B (net)
                      0.094737    0.000434    1.896369 v y_out_sky130_fd_sc_hd__dfrtp_2_Q_7_D_sky130_fd_sc_hd__xnor2_2_Y_B_sky130_fd_sc_hd__o21ba_2_X_A2_sky130_fd_sc_hd__a21oi_2_Y_A1_sky130_fd_sc_hd__a21oi_2_Y_A1_sky130_fd_sc_hd__nand2b_2_Y_A_N_sky130_fd_sc_hd__nor2_2_Y_A_sky130_fd_sc_hd__and2b_2_X_B_sky130_fd_sc_hd__a21bo_2_X_A2_sky130_fd_sc_hd__a21o_2_X_B1_sky130_fd_sc_hd__a21o_2_X_B1_sky130_fd_sc_hd__and3_2_X_A_sky130_fd_sc_hd__or3_2_X/B (sky130_fd_sc_hd__or3_4)
     3    0.008734    0.072750    0.390356    2.286725 v y_out_sky130_fd_sc_hd__dfrtp_2_Q_7_D_sky130_fd_sc_hd__xnor2_2_Y_B_sky130_fd_sc_hd__o21ba_2_X_A2_sky130_fd_sc_hd__a21oi_2_Y_A1_sky130_fd_sc_hd__a21oi_2_Y_A1_sky130_fd_sc_hd__nand2b_2_Y_A_N_sky130_fd_sc_hd__nor2_2_Y_A_sky130_fd_sc_hd__and2b_2_X_B_sky130_fd_sc_hd__a21bo_2_X_A2_sky130_fd_sc_hd__a21o_2_X_B1_sky130_fd_sc_hd__a21o_2_X_B1_sky130_fd_sc_hd__and3_2_X_A_sky130_fd_sc_hd__or3_2_X/X (sky130_fd_sc_hd__or3_4)
                                                         y_out_sky130_fd_sc_hd__dfrtp_2_Q_7_D_sky130_fd_sc_hd__xnor2_2_Y_B_sky130_fd_sc_hd__o21ba_2_X_A2_sky130_fd_sc_hd__a21oi_2_Y_A1_sky130_fd_sc_hd__a21oi_2_Y_A1_sky130_fd_sc_hd__nand2b_2_Y_A_N_sky130_fd_sc_hd__nor2_2_Y_A_sky130_fd_sc_hd__and2b_2_X_B_sky130_fd_sc_hd__a21bo_2_X_A2_sky130_fd_sc_hd__a21o_2_X_B1_sky130_fd_sc_hd__a21o_2_X_B1_sky130_fd_sc_hd__and3_2_X_A (net)
                      0.072750    0.000555    2.287280 v y_out_sky130_fd_sc_hd__dfrtp_2_Q_7_D_sky130_fd_sc_hd__xnor2_2_Y_B_sky130_fd_sc_hd__o21ba_2_X_A2_sky130_fd_sc_hd__a21oi_2_Y_A1_sky130_fd_sc_hd__a21oi_2_Y_A1_sky130_fd_sc_hd__nand2b_2_Y_A_N_sky130_fd_sc_hd__nor2_2_Y_A_sky130_fd_sc_hd__and2b_2_X_B_sky130_fd_sc_hd__a21bo_2_X_A2_sky130_fd_sc_hd__a21o_2_X_B1_sky130_fd_sc_hd__a21o_2_X_B1_sky130_fd_sc_hd__and3_2_X/A (sky130_fd_sc_hd__and3_1)
     2    0.005732    0.049370    0.165353    2.452633 v y_out_sky130_fd_sc_hd__dfrtp_2_Q_7_D_sky130_fd_sc_hd__xnor2_2_Y_B_sky130_fd_sc_hd__o21ba_2_X_A2_sky130_fd_sc_hd__a21oi_2_Y_A1_sky130_fd_sc_hd__a21oi_2_Y_A1_sky130_fd_sc_hd__nand2b_2_Y_A_N_sky130_fd_sc_hd__nor2_2_Y_A_sky130_fd_sc_hd__and2b_2_X_B_sky130_fd_sc_hd__a21bo_2_X_A2_sky130_fd_sc_hd__a21o_2_X_B1_sky130_fd_sc_hd__a21o_2_X_B1_sky130_fd_sc_hd__and3_2_X/X (sky130_fd_sc_hd__and3_1)
                                                         y_out_sky130_fd_sc_hd__dfrtp_2_Q_7_D_sky130_fd_sc_hd__xnor2_2_Y_B_sky130_fd_sc_hd__o21ba_2_X_A2_sky130_fd_sc_hd__a21oi_2_Y_A1_sky130_fd_sc_hd__a21oi_2_Y_A1_sky130_fd_sc_hd__nand2b_2_Y_A_N_sky130_fd_sc_hd__nor2_2_Y_A_sky130_fd_sc_hd__and2b_2_X_B_sky130_fd_sc_hd__a21bo_2_X_A2_sky130_fd_sc_hd__a21o_2_X_B1_sky130_fd_sc_hd__a21o_2_X_B1 (net)
                      0.049370    0.000201    2.452834 v y_out_sky130_fd_sc_hd__dfrtp_2_Q_7_D_sky130_fd_sc_hd__xnor2_2_Y_B_sky130_fd_sc_hd__o21ba_2_X_A2_sky130_fd_sc_hd__a21oi_2_Y_A1_sky130_fd_sc_hd__a21oi_2_Y_A1_sky130_fd_sc_hd__nand2b_2_Y_A_N_sky130_fd_sc_hd__nor2_2_Y_A_sky130_fd_sc_hd__and2b_2_X_B_sky130_fd_sc_hd__a21bo_2_X_A2_sky130_fd_sc_hd__a21o_2_X_B1_sky130_fd_sc_hd__a21o_2_X_A2_sky130_fd_sc_hd__nand2b_2_B/A_N (sky130_fd_sc_hd__nand2b_4)
     1    0.008382    0.041484    0.143262    2.596096 v y_out_sky130_fd_sc_hd__dfrtp_2_Q_7_D_sky130_fd_sc_hd__xnor2_2_Y_B_sky130_fd_sc_hd__o21ba_2_X_A2_sky130_fd_sc_hd__a21oi_2_Y_A1_sky130_fd_sc_hd__a21oi_2_Y_A1_sky130_fd_sc_hd__nand2b_2_Y_A_N_sky130_fd_sc_hd__nor2_2_Y_A_sky130_fd_sc_hd__and2b_2_X_B_sky130_fd_sc_hd__a21bo_2_X_A2_sky130_fd_sc_hd__a21o_2_X_B1_sky130_fd_sc_hd__a21o_2_X_A2_sky130_fd_sc_hd__nand2b_2_B/Y (sky130_fd_sc_hd__nand2b_4)
                                                         y_out_sky130_fd_sc_hd__dfrtp_2_Q_7_D_sky130_fd_sc_hd__xnor2_2_Y_B_sky130_fd_sc_hd__o21ba_2_X_A2_sky130_fd_sc_hd__a21oi_2_Y_A1_sky130_fd_sc_hd__a21oi_2_Y_A1_sky130_fd_sc_hd__nand2b_2_Y_A_N_sky130_fd_sc_hd__nor2_2_Y_A_sky130_fd_sc_hd__and2b_2_X_B_sky130_fd_sc_hd__a21bo_2_X_A2_sky130_fd_sc_hd__a21o_2_X_B1_sky130_fd_sc_hd__a21o_2_X_A2_sky130_fd_sc_hd__nand2b_2_B_Y (net)
                      0.041494    0.000638    2.596734 v y_out_sky130_fd_sc_hd__dfrtp_2_Q_7_D_sky130_fd_sc_hd__xnor2_2_Y_B_sky130_fd_sc_hd__o21ba_2_X_A2_sky130_fd_sc_hd__a21oi_2_Y_A1_sky130_fd_sc_hd__a21oi_2_Y_A1_sky130_fd_sc_hd__nand2b_2_Y_A_N_sky130_fd_sc_hd__nor2_2_Y_A_sky130_fd_sc_hd__and2b_2_X_B_sky130_fd_sc_hd__a21bo_2_X_A2_sky130_fd_sc_hd__a21o_2_X_B1_sky130_fd_sc_hd__a21o_2_X_A1_sky130_fd_sc_hd__xnor2_2_A/B (sky130_fd_sc_hd__xnor2_2)
     2    0.016620    0.250942    0.222939    2.819674 ^ y_out_sky130_fd_sc_hd__dfrtp_2_Q_7_D_sky130_fd_sc_hd__xnor2_2_Y_B_sky130_fd_sc_hd__o21ba_2_X_A2_sky130_fd_sc_hd__a21oi_2_Y_A1_sky130_fd_sc_hd__a21oi_2_Y_A1_sky130_fd_sc_hd__nand2b_2_Y_A_N_sky130_fd_sc_hd__nor2_2_Y_A_sky130_fd_sc_hd__and2b_2_X_B_sky130_fd_sc_hd__a21bo_2_X_A2_sky130_fd_sc_hd__a21o_2_X_B1_sky130_fd_sc_hd__a21o_2_X_A1_sky130_fd_sc_hd__xnor2_2_A/Y (sky130_fd_sc_hd__xnor2_2)
                                                         y_out_sky130_fd_sc_hd__dfrtp_2_Q_7_D_sky130_fd_sc_hd__xnor2_2_Y_B_sky130_fd_sc_hd__o21ba_2_X_A2_sky130_fd_sc_hd__a21oi_2_Y_A1_sky130_fd_sc_hd__a21oi_2_Y_A1_sky130_fd_sc_hd__nand2b_2_Y_A_N_sky130_fd_sc_hd__nor2_2_Y_A_sky130_fd_sc_hd__and2b_2_X_B_sky130_fd_sc_hd__a21bo_2_X_A2_sky130_fd_sc_hd__a21o_2_X_B1_sky130_fd_sc_hd__a21o_2_X_A1_sky130_fd_sc_hd__xnor2_2_A_Y (net)
                      0.250956    0.001458    2.821132 ^ y_out_sky130_fd_sc_hd__dfrtp_2_Q_7_D_sky130_fd_sc_hd__xnor2_2_Y_B_sky130_fd_sc_hd__o21ba_2_X_A2_sky130_fd_sc_hd__a21oi_2_Y_A1_sky130_fd_sc_hd__a21oi_2_Y_A1_sky130_fd_sc_hd__nand2b_2_Y_A_N_sky130_fd_sc_hd__nor2_2_Y_A_sky130_fd_sc_hd__and2b_2_X_B_sky130_fd_sc_hd__a21bo_2_X_A2_sky130_fd_sc_hd__a21o_2_X_B1_sky130_fd_sc_hd__a21o_2_X_A1_sky130_fd_sc_hd__xnor2_2_A_Y_sky130_fd_sc_hd__nand3_2_B/A (sky130_fd_sc_hd__nand3_4)
     4    0.018916    0.112316    0.136407    2.957539 v y_out_sky130_fd_sc_hd__dfrtp_2_Q_7_D_sky130_fd_sc_hd__xnor2_2_Y_B_sky130_fd_sc_hd__o21ba_2_X_A2_sky130_fd_sc_hd__a21oi_2_Y_A1_sky130_fd_sc_hd__a21oi_2_Y_A1_sky130_fd_sc_hd__nand2b_2_Y_A_N_sky130_fd_sc_hd__nor2_2_Y_A_sky130_fd_sc_hd__and2b_2_X_B_sky130_fd_sc_hd__a21bo_2_X_A2_sky130_fd_sc_hd__a21o_2_X_B1_sky130_fd_sc_hd__a21o_2_X_A1_sky130_fd_sc_hd__xnor2_2_A_Y_sky130_fd_sc_hd__nand3_2_B/Y (sky130_fd_sc_hd__nand3_4)
                                                         y_out_sky130_fd_sc_hd__dfrtp_2_Q_7_D_sky130_fd_sc_hd__xnor2_2_Y_B_sky130_fd_sc_hd__o21ba_2_X_A2_sky130_fd_sc_hd__a21oi_2_Y_A1_sky130_fd_sc_hd__a21oi_2_Y_A1_sky130_fd_sc_hd__nand2b_2_Y_A_N_sky130_fd_sc_hd__nor2_2_Y_A_sky130_fd_sc_hd__and2b_2_X_B_sky130_fd_sc_hd__a21bo_2_X_A2_sky130_fd_sc_hd__a21o_2_X_B1_sky130_fd_sc_hd__a21o_2_X_A1_sky130_fd_sc_hd__xnor2_2_A_Y_sky130_fd_sc_hd__nand3_2_B_Y (net)
                      0.112319    0.001071    2.958610 v y_out_sky130_fd_sc_hd__dfrtp_2_Q_7_D_sky130_fd_sc_hd__xnor2_2_Y_B_sky130_fd_sc_hd__o21ba_2_X_A2_sky130_fd_sc_hd__a21oi_2_Y_A1_sky130_fd_sc_hd__a21oi_2_Y_A1_sky130_fd_sc_hd__nand2b_2_Y_A_N_sky130_fd_sc_hd__nor2_2_Y_A_sky130_fd_sc_hd__and2b_2_X_B_sky130_fd_sc_hd__a21bo_2_X_A1_sky130_fd_sc_hd__nand3_2_A_Y_sky130_fd_sc_hd__nand4_2_B_D_sky130_fd_sc_hd__o211ai_2_Y_A1_sky130_fd_sc_hd__a211o_2_B1/A1 (sky130_fd_sc_hd__a211o_4)
     3    0.017556    0.070095    0.372109    3.330719 v y_out_sky130_fd_sc_hd__dfrtp_2_Q_7_D_sky130_fd_sc_hd__xnor2_2_Y_B_sky130_fd_sc_hd__o21ba_2_X_A2_sky130_fd_sc_hd__a21oi_2_Y_A1_sky130_fd_sc_hd__a21oi_2_Y_A1_sky130_fd_sc_hd__nand2b_2_Y_A_N_sky130_fd_sc_hd__nor2_2_Y_A_sky130_fd_sc_hd__and2b_2_X_B_sky130_fd_sc_hd__a21bo_2_X_A1_sky130_fd_sc_hd__nand3_2_A_Y_sky130_fd_sc_hd__nand4_2_B_D_sky130_fd_sc_hd__o211ai_2_Y_A1_sky130_fd_sc_hd__a211o_2_B1/X (sky130_fd_sc_hd__a211o_4)
                                                         y_out_sky130_fd_sc_hd__dfrtp_2_Q_7_D_sky130_fd_sc_hd__xnor2_2_Y_B_sky130_fd_sc_hd__o21ba_2_X_A2_sky130_fd_sc_hd__a21oi_2_Y_A1_sky130_fd_sc_hd__a21oi_2_Y_A1_sky130_fd_sc_hd__nand2b_2_Y_A_N_sky130_fd_sc_hd__nor2_2_Y_A_sky130_fd_sc_hd__and2b_2_X_B_sky130_fd_sc_hd__a21bo_2_X_A1_sky130_fd_sc_hd__nand3_2_A_Y_sky130_fd_sc_hd__nand4_2_B_D_sky130_fd_sc_hd__o211ai_2_Y_A1_sky130_fd_sc_hd__a211o_2_B1_X (net)
                      0.070095    0.001921    3.332640 v rebuffer36/A (sky130_fd_sc_hd__buf_6)
     1    0.005682    0.022233    0.121480    3.454120 v rebuffer36/X (sky130_fd_sc_hd__buf_6)
                                                         net311 (net)
                      0.022235    0.000445    3.454565 v y_out_sky130_fd_sc_hd__dfrtp_2_Q_7_D_sky130_fd_sc_hd__xnor2_2_Y_B_sky130_fd_sc_hd__o21ba_2_X_A2_sky130_fd_sc_hd__a21oi_2_Y_A1_sky130_fd_sc_hd__a21oi_2_Y_A1_sky130_fd_sc_hd__nand2b_2_Y_A_N_sky130_fd_sc_hd__nor2_2_Y_A_sky130_fd_sc_hd__and2b_2_X_B_sky130_fd_sc_hd__a21bo_2_X_A1_sky130_fd_sc_hd__nand3_2_A_Y_sky130_fd_sc_hd__a22o_2_A1/B1 (sky130_fd_sc_hd__a22o_4)
     2    0.013968    0.052150    0.223470    3.678035 v y_out_sky130_fd_sc_hd__dfrtp_2_Q_7_D_sky130_fd_sc_hd__xnor2_2_Y_B_sky130_fd_sc_hd__o21ba_2_X_A2_sky130_fd_sc_hd__a21oi_2_Y_A1_sky130_fd_sc_hd__a21oi_2_Y_A1_sky130_fd_sc_hd__nand2b_2_Y_A_N_sky130_fd_sc_hd__nor2_2_Y_A_sky130_fd_sc_hd__and2b_2_X_B_sky130_fd_sc_hd__a21bo_2_X_A1_sky130_fd_sc_hd__nand3_2_A_Y_sky130_fd_sc_hd__a22o_2_A1/X (sky130_fd_sc_hd__a22o_4)
                                                         y_out_sky130_fd_sc_hd__dfrtp_2_Q_7_D_sky130_fd_sc_hd__xnor2_2_Y_B_sky130_fd_sc_hd__o21ba_2_X_A2_sky130_fd_sc_hd__a21oi_2_Y_A1_sky130_fd_sc_hd__a21oi_2_Y_A1_sky130_fd_sc_hd__nand2b_2_Y_A_N_sky130_fd_sc_hd__nor2_2_Y_A_sky130_fd_sc_hd__and2b_2_X_B_sky130_fd_sc_hd__a21bo_2_X_A1_sky130_fd_sc_hd__nand3_2_A_Y_sky130_fd_sc_hd__a22o_2_A1_X (net)
                      0.052157    0.000646    3.678681 v y_out_sky130_fd_sc_hd__dfrtp_2_Q_11_D_sky130_fd_sc_hd__xor2_2_X_B_sky130_fd_sc_hd__nand2_2_Y_A_sky130_fd_sc_hd__a211o_2_X_A2_sky130_fd_sc_hd__nand3_2_Y_C_sky130_fd_sc_hd__a211o_2_X_A2_sky130_fd_sc_hd__a21o_2_X_A2_sky130_fd_sc_hd__o211ai_2_Y_A1_sky130_fd_sc_hd__and3_2_X_C_sky130_fd_sc_hd__o211ai_2_Y_A1_sky130_fd_sc_hd__and3_2_X_C_sky130_fd_sc_hd__a211o_2_X/A2 (sky130_fd_sc_hd__a211o_4)
     3    0.014658    0.065397    0.353583    4.032265 v y_out_sky130_fd_sc_hd__dfrtp_2_Q_11_D_sky130_fd_sc_hd__xor2_2_X_B_sky130_fd_sc_hd__nand2_2_Y_A_sky130_fd_sc_hd__a211o_2_X_A2_sky130_fd_sc_hd__nand3_2_Y_C_sky130_fd_sc_hd__a211o_2_X_A2_sky130_fd_sc_hd__a21o_2_X_A2_sky130_fd_sc_hd__o211ai_2_Y_A1_sky130_fd_sc_hd__and3_2_X_C_sky130_fd_sc_hd__o211ai_2_Y_A1_sky130_fd_sc_hd__and3_2_X_C_sky130_fd_sc_hd__a211o_2_X/X (sky130_fd_sc_hd__a211o_4)
                                                         y_out_sky130_fd_sc_hd__dfrtp_2_Q_11_D_sky130_fd_sc_hd__xor2_2_X_B_sky130_fd_sc_hd__nand2_2_Y_A_sky130_fd_sc_hd__a211o_2_X_A2_sky130_fd_sc_hd__nand3_2_Y_C_sky130_fd_sc_hd__a211o_2_X_A2_sky130_fd_sc_hd__a21o_2_X_A2_sky130_fd_sc_hd__o211ai_2_Y_A1_sky130_fd_sc_hd__and3_2_X_C_sky130_fd_sc_hd__o211ai_2_Y_A1_sky130_fd_sc_hd__and3_2_X_C (net)
                      0.065475    0.001235    4.033499 v y_out_sky130_fd_sc_hd__dfrtp_2_Q_11_D_sky130_fd_sc_hd__xor2_2_X_B_sky130_fd_sc_hd__nand2_2_Y_A_sky130_fd_sc_hd__a211o_2_X_A2_sky130_fd_sc_hd__nand3_2_Y_C_sky130_fd_sc_hd__a211o_2_X_A2_sky130_fd_sc_hd__a21o_2_X_A2_sky130_fd_sc_hd__o211ai_2_Y_A1_sky130_fd_sc_hd__and3_2_X_C_sky130_fd_sc_hd__o211ai_2_Y_A1_sky130_fd_sc_hd__and3_2_X/C (sky130_fd_sc_hd__and3_1)
     2    0.008232    0.060329    0.209719    4.243219 v y_out_sky130_fd_sc_hd__dfrtp_2_Q_11_D_sky130_fd_sc_hd__xor2_2_X_B_sky130_fd_sc_hd__nand2_2_Y_A_sky130_fd_sc_hd__a211o_2_X_A2_sky130_fd_sc_hd__nand3_2_Y_C_sky130_fd_sc_hd__a211o_2_X_A2_sky130_fd_sc_hd__a21o_2_X_A2_sky130_fd_sc_hd__o211ai_2_Y_A1_sky130_fd_sc_hd__and3_2_X_C_sky130_fd_sc_hd__o211ai_2_Y_A1_sky130_fd_sc_hd__and3_2_X/X (sky130_fd_sc_hd__and3_1)
                                                         y_out_sky130_fd_sc_hd__dfrtp_2_Q_11_D_sky130_fd_sc_hd__xor2_2_X_B_sky130_fd_sc_hd__nand2_2_Y_A_sky130_fd_sc_hd__a211o_2_X_A2_sky130_fd_sc_hd__nand3_2_Y_C_sky130_fd_sc_hd__a211o_2_X_A2_sky130_fd_sc_hd__a21o_2_X_A2_sky130_fd_sc_hd__o211ai_2_Y_A1_sky130_fd_sc_hd__and3_2_X_C_sky130_fd_sc_hd__o211ai_2_Y_A1 (net)
                      0.060331    0.000460    4.243679 v rebuffer11/A (sky130_fd_sc_hd__clkbuf_1)
     1    0.005021    0.038252    0.104593    4.348271 v rebuffer11/X (sky130_fd_sc_hd__clkbuf_1)
                                                         net286 (net)
                      0.038254    0.000362    4.348634 v y_out_sky130_fd_sc_hd__dfrtp_2_Q_11_D_sky130_fd_sc_hd__xor2_2_X_B_sky130_fd_sc_hd__nand2_2_Y_A_sky130_fd_sc_hd__a211o_2_X_A2_sky130_fd_sc_hd__nand3_2_Y_C_sky130_fd_sc_hd__a211o_2_X_A2_sky130_fd_sc_hd__a21o_2_X_A2_sky130_fd_sc_hd__o211ai_2_Y_A1_sky130_fd_sc_hd__and3_2_X_C_sky130_fd_sc_hd__o211ai_2_Y/A2 (sky130_fd_sc_hd__o211ai_2)
     3    0.020987    0.291713    0.261496    4.610130 ^ y_out_sky130_fd_sc_hd__dfrtp_2_Q_11_D_sky130_fd_sc_hd__xor2_2_X_B_sky130_fd_sc_hd__nand2_2_Y_A_sky130_fd_sc_hd__a211o_2_X_A2_sky130_fd_sc_hd__nand3_2_Y_C_sky130_fd_sc_hd__a211o_2_X_A2_sky130_fd_sc_hd__a21o_2_X_A2_sky130_fd_sc_hd__o211ai_2_Y_A1_sky130_fd_sc_hd__and3_2_X_C_sky130_fd_sc_hd__o211ai_2_Y/Y (sky130_fd_sc_hd__o211ai_2)
                                                         y_out_sky130_fd_sc_hd__dfrtp_2_Q_11_D_sky130_fd_sc_hd__xor2_2_X_B_sky130_fd_sc_hd__nand2_2_Y_A_sky130_fd_sc_hd__a211o_2_X_A2_sky130_fd_sc_hd__nand3_2_Y_C_sky130_fd_sc_hd__a211o_2_X_A2_sky130_fd_sc_hd__a21o_2_X_A2_sky130_fd_sc_hd__o211ai_2_Y_A1_sky130_fd_sc_hd__and3_2_X_C (net)
                      0.291742    0.002292    4.612422 ^ y_out_sky130_fd_sc_hd__dfrtp_2_Q_11_D_sky130_fd_sc_hd__xor2_2_X_B_sky130_fd_sc_hd__nand2_2_Y_A_sky130_fd_sc_hd__a211o_2_X_B1_sky130_fd_sc_hd__and3_2_X_C_sky130_fd_sc_hd__o211ai_2_Y_A1_sky130_fd_sc_hd__and3_2_X_C_sky130_fd_sc_hd__o211ai_2_Y_C1_sky130_fd_sc_hd__nand3_2_Y/A (sky130_fd_sc_hd__nand3_2)
     2    0.009486    0.111664    0.135750    4.748172 v y_out_sky130_fd_sc_hd__dfrtp_2_Q_11_D_sky130_fd_sc_hd__xor2_2_X_B_sky130_fd_sc_hd__nand2_2_Y_A_sky130_fd_sc_hd__a211o_2_X_B1_sky130_fd_sc_hd__and3_2_X_C_sky130_fd_sc_hd__o211ai_2_Y_A1_sky130_fd_sc_hd__and3_2_X_C_sky130_fd_sc_hd__o211ai_2_Y_C1_sky130_fd_sc_hd__nand3_2_Y/Y (sky130_fd_sc_hd__nand3_2)
                                                         y_out_sky130_fd_sc_hd__dfrtp_2_Q_11_D_sky130_fd_sc_hd__xor2_2_X_B_sky130_fd_sc_hd__nand2_2_Y_A_sky130_fd_sc_hd__a211o_2_X_B1_sky130_fd_sc_hd__and3_2_X_C_sky130_fd_sc_hd__o211ai_2_Y_A1_sky130_fd_sc_hd__and3_2_X_C_sky130_fd_sc_hd__o211ai_2_Y_C1 (net)
                      0.111664    0.000346    4.748518 v y_out_sky130_fd_sc_hd__dfrtp_2_Q_11_D_sky130_fd_sc_hd__xor2_2_X_B_sky130_fd_sc_hd__nand2_2_Y_A_sky130_fd_sc_hd__a211o_2_X_B1_sky130_fd_sc_hd__and3_2_X_C_sky130_fd_sc_hd__o211ai_2_Y_A1_sky130_fd_sc_hd__and3_2_X_C_sky130_fd_sc_hd__o211ai_2_Y_C1_sky130_fd_sc_hd__a211o_2_A2/A1 (sky130_fd_sc_hd__a211o_4)
     2    0.009925    0.057534    0.353349    5.101867 v y_out_sky130_fd_sc_hd__dfrtp_2_Q_11_D_sky130_fd_sc_hd__xor2_2_X_B_sky130_fd_sc_hd__nand2_2_Y_A_sky130_fd_sc_hd__a211o_2_X_B1_sky130_fd_sc_hd__and3_2_X_C_sky130_fd_sc_hd__o211ai_2_Y_A1_sky130_fd_sc_hd__and3_2_X_C_sky130_fd_sc_hd__o211ai_2_Y_C1_sky130_fd_sc_hd__a211o_2_A2/X (sky130_fd_sc_hd__a211o_4)
                                                         y_out_sky130_fd_sc_hd__dfrtp_2_Q_11_D_sky130_fd_sc_hd__xor2_2_X_B_sky130_fd_sc_hd__nand2_2_Y_A_sky130_fd_sc_hd__a211o_2_X_B1_sky130_fd_sc_hd__and3_2_X_C_sky130_fd_sc_hd__o211ai_2_Y_A1_sky130_fd_sc_hd__and3_2_X_C_sky130_fd_sc_hd__o211ai_2_Y_C1_sky130_fd_sc_hd__a211o_2_A2_X (net)
                      0.057534    0.000620    5.102487 v y_out_sky130_fd_sc_hd__dfrtp_2_Q_11_D_sky130_fd_sc_hd__xor2_2_X_B_sky130_fd_sc_hd__nand2_2_Y_A_sky130_fd_sc_hd__a211o_2_X_B1_sky130_fd_sc_hd__and3_2_X_C_sky130_fd_sc_hd__o211ai_2_Y_A1_sky130_fd_sc_hd__and3_2_X/A (sky130_fd_sc_hd__and3_1)
     2    0.010093    0.067376    0.177911    5.280397 v y_out_sky130_fd_sc_hd__dfrtp_2_Q_11_D_sky130_fd_sc_hd__xor2_2_X_B_sky130_fd_sc_hd__nand2_2_Y_A_sky130_fd_sc_hd__a211o_2_X_B1_sky130_fd_sc_hd__and3_2_X_C_sky130_fd_sc_hd__o211ai_2_Y_A1_sky130_fd_sc_hd__and3_2_X/X (sky130_fd_sc_hd__and3_1)
                                                         y_out_sky130_fd_sc_hd__dfrtp_2_Q_11_D_sky130_fd_sc_hd__xor2_2_X_B_sky130_fd_sc_hd__nand2_2_Y_A_sky130_fd_sc_hd__a211o_2_X_B1_sky130_fd_sc_hd__and3_2_X_C_sky130_fd_sc_hd__o211ai_2_Y_A1 (net)
                      0.067379    0.000535    5.280933 v y_out_sky130_fd_sc_hd__dfrtp_2_Q_11_D_sky130_fd_sc_hd__xor2_2_X_B_sky130_fd_sc_hd__nand2_2_Y_A_sky130_fd_sc_hd__a211o_2_X_B1_sky130_fd_sc_hd__and3_2_X_C_sky130_fd_sc_hd__o211ai_2_Y_A2_sky130_fd_sc_hd__a211o_2_B1/B1 (sky130_fd_sc_hd__a211o_4)
     4    0.015361    0.067116    0.336299    5.617232 v y_out_sky130_fd_sc_hd__dfrtp_2_Q_11_D_sky130_fd_sc_hd__xor2_2_X_B_sky130_fd_sc_hd__nand2_2_Y_A_sky130_fd_sc_hd__a211o_2_X_B1_sky130_fd_sc_hd__and3_2_X_C_sky130_fd_sc_hd__o211ai_2_Y_A2_sky130_fd_sc_hd__a211o_2_B1/X (sky130_fd_sc_hd__a211o_4)
                                                         y_out_sky130_fd_sc_hd__dfrtp_2_Q_11_D_sky130_fd_sc_hd__xor2_2_X_B_sky130_fd_sc_hd__nand2_2_Y_A_sky130_fd_sc_hd__a211o_2_X_B1_sky130_fd_sc_hd__and3_2_X_C_sky130_fd_sc_hd__o211ai_2_Y_A2_sky130_fd_sc_hd__a211o_2_B1_X (net)
                      0.067147    0.001336    5.618568 v rebuffer64/A (sky130_fd_sc_hd__buf_6)
     2    0.008266    0.024162    0.123091    5.741659 v rebuffer64/X (sky130_fd_sc_hd__buf_6)
                                                         net339 (net)
                      0.024162    0.000302    5.741961 v rebuffer65/A (sky130_fd_sc_hd__buf_6)
     1    0.005148    0.021564    0.100104    5.842065 v rebuffer65/X (sky130_fd_sc_hd__buf_6)
                                                         net340 (net)
                      0.021564    0.000395    5.842460 v y_out_sky130_fd_sc_hd__dfrtp_2_Q_11_D_sky130_fd_sc_hd__xor2_2_X_A_sky130_fd_sc_hd__and2b_2_X_B_sky130_fd_sc_hd__a211o_2_X/A1 (sky130_fd_sc_hd__a211o_4)
     2    0.012592    0.061866    0.326227    6.168687 v y_out_sky130_fd_sc_hd__dfrtp_2_Q_11_D_sky130_fd_sc_hd__xor2_2_X_A_sky130_fd_sc_hd__and2b_2_X_B_sky130_fd_sc_hd__a211o_2_X/X (sky130_fd_sc_hd__a211o_4)
                                                         y_out_sky130_fd_sc_hd__dfrtp_2_Q_11_D_sky130_fd_sc_hd__xor2_2_X_A_sky130_fd_sc_hd__and2b_2_X_B (net)
                      0.061866    0.000610    6.169297 v y_out_sky130_fd_sc_hd__dfrtp_2_Q_11_D_sky130_fd_sc_hd__xor2_2_X_A_sky130_fd_sc_hd__and2b_2_X_B_sky130_fd_sc_hd__a21oi_2_A2/A1 (sky130_fd_sc_hd__a21oi_4)
     2    0.018075    0.171726    0.181246    6.350543 ^ y_out_sky130_fd_sc_hd__dfrtp_2_Q_11_D_sky130_fd_sc_hd__xor2_2_X_A_sky130_fd_sc_hd__and2b_2_X_B_sky130_fd_sc_hd__a21oi_2_A2/Y (sky130_fd_sc_hd__a21oi_4)
                                                         y_out_sky130_fd_sc_hd__dfrtp_2_Q_11_D_sky130_fd_sc_hd__xor2_2_X_A_sky130_fd_sc_hd__a21oi_2_A2_B1 (net)
                      0.171739    0.001507    6.352051 ^ y_out_sky130_fd_sc_hd__dfrtp_2_Q_13_D_sky130_fd_sc_hd__xnor2_2_Y_A_sky130_fd_sc_hd__a311oi_2_A2/B1 (sky130_fd_sc_hd__a311oi_4)
     2    0.014151    0.111770    0.080247    6.432298 v y_out_sky130_fd_sc_hd__dfrtp_2_Q_13_D_sky130_fd_sc_hd__xnor2_2_Y_A_sky130_fd_sc_hd__a311oi_2_A2/Y (sky130_fd_sc_hd__a311oi_4)
                                                         y_out_sky130_fd_sc_hd__dfrtp_2_Q_10_D_sky130_fd_sc_hd__nor2_2_Y_B_sky130_fd_sc_hd__o21ba_2_X_A1 (net)
                      0.111773    0.001018    6.433315 v rebuffer58/A (sky130_fd_sc_hd__clkbuf_2)
     2    0.009877    0.047632    0.150056    6.583371 v rebuffer58/X (sky130_fd_sc_hd__clkbuf_2)
                                                         net333 (net)
                      0.047650    0.000873    6.584244 v y_out_sky130_fd_sc_hd__dfrtp_2_Q_9_D_sky130_fd_sc_hd__xnor2_2_Y_A_sky130_fd_sc_hd__nand3_2_B_Y_sky130_fd_sc_hd__o31a_2_A1/A2 (sky130_fd_sc_hd__o31a_4)
     4    0.027457    0.080363    0.370058    6.954302 v y_out_sky130_fd_sc_hd__dfrtp_2_Q_9_D_sky130_fd_sc_hd__xnor2_2_Y_A_sky130_fd_sc_hd__nand3_2_B_Y_sky130_fd_sc_hd__o31a_2_A1/X (sky130_fd_sc_hd__o31a_4)
                                                         y_out_sky130_fd_sc_hd__dfrtp_2_Q_9_D_sky130_fd_sc_hd__xnor2_2_Y_A_sky130_fd_sc_hd__nand3_2_B_Y_sky130_fd_sc_hd__o31a_2_A1_X (net)
                      0.080410    0.001757    6.956059 v y_out_sky130_fd_sc_hd__dfrtp_2_Q_2_D_sky130_fd_sc_hd__xor2_2_X_B_sky130_fd_sc_hd__o31ai_2_Y/A3 (sky130_fd_sc_hd__o31ai_4)
     3    0.012676    0.240009    0.234130    7.190189 ^ y_out_sky130_fd_sc_hd__dfrtp_2_Q_2_D_sky130_fd_sc_hd__xor2_2_X_B_sky130_fd_sc_hd__o31ai_2_Y/Y (sky130_fd_sc_hd__o31ai_4)
                                                         y_out_sky130_fd_sc_hd__dfrtp_2_Q_2_D_sky130_fd_sc_hd__xor2_2_X_B (net)
                      0.240010    0.000822    7.191011 ^ rebuffer54/A (sky130_fd_sc_hd__buf_2)
     1    0.005872    0.043239    0.162404    7.353415 ^ rebuffer54/X (sky130_fd_sc_hd__buf_2)
                                                         net329 (net)
                      0.043245    0.000462    7.353877 ^ y_out_sky130_fd_sc_hd__dfrtp_2_Q_2_D_sky130_fd_sc_hd__xor2_2_X/B (sky130_fd_sc_hd__xor2_1)
     1    0.003626    0.126028    0.146628    7.500505 ^ y_out_sky130_fd_sc_hd__dfrtp_2_Q_2_D_sky130_fd_sc_hd__xor2_2_X/X (sky130_fd_sc_hd__xor2_1)
                                                         y_out_sky130_fd_sc_hd__dfrtp_2_Q_2_D (net)
                      0.126028    0.000266    7.500771 ^ y_out_sky130_fd_sc_hd__dfrtp_2_Q_2/D (sky130_fd_sc_hd__dfrtp_4)
                                              7.500771   data arrival time

                                  8.000000    8.000000   clock clk (rise edge)
                                  0.000000    8.000000   clock source latency
     1    0.022530    0.106730    0.074370    8.074369 ^ clk (in)
                                                         clk (net)
                      0.106782    0.000000    8.074369 ^ clkbuf_0_clk/A (sky130_fd_sc_hd__clkbuf_16)
     2    0.023104    0.044629    0.150687    8.225058 ^ clkbuf_0_clk/X (sky130_fd_sc_hd__clkbuf_16)
                                                         clknet_0_clk (net)
                      0.044660    0.001016    8.226073 ^ clkbuf_1_0__f_clk/A (sky130_fd_sc_hd__clkbuf_16)
     9    0.032934    0.053526    0.136144    8.362218 ^ clkbuf_1_0__f_clk/X (sky130_fd_sc_hd__clkbuf_16)
                                                         clknet_1_0__leaf_clk (net)
                      0.053586    0.001814    8.364032 ^ y_out_sky130_fd_sc_hd__dfrtp_2_Q_2/CLK (sky130_fd_sc_hd__dfrtp_4)
                                 -0.250000    8.114032   clock uncertainty
                                  0.000000    8.114032   clock reconvergence pessimism
                                 -0.081082    8.032949   library setup time
                                              8.032949   data required time
---------------------------------------------------------------------------------------------
                                              8.032949   data required time
                                             -7.500771   data arrival time
---------------------------------------------------------------------------------------------
                                              0.532179   slack (MET)




===========================================================================
report_checks --slack_max -0.01
============================================================================
======================= max_tt_025C_1v80 Corner ===================================

No paths found.


===========================================================================
 report_check_types -max_slew -max_cap -max_fanout -violators
============================================================================
======================= max_tt_025C_1v80 Corner ===================================

max slew

Pin                                        Limit        Slew       Slack
------------------------------------------------------------------------
y_out_sky130_fd_sc_hd__dfrtp_2_Q_15_D_sky130_fd_sc_hd__xnor2_2_Y_B_sky130_fd_sc_hd__o21a_2_X_B1_sky130_fd_sc_hd__a211o_2_X_B1_sky130_fd_sc_hd__o211a_2_X_A1_sky130_fd_sc_hd__o221a_2_X_A2_sky130_fd_sc_hd__o211a_2_X_A1_sky130_fd_sc_hd__o21a_2_X_B1_sky130_fd_sc_hd__and3b_2_X_C_sky130_fd_sc_hd__a22o_2_X_A2_sky130_fd_sc_hd__o211a_2_X_A2_sky130_fd_sc_hd__nor2_2_Y_A_sky130_fd_sc_hd__and2_2_X_B_sky130_fd_sc_hd__and2_2_X_A_sky130_fd_sc_hd__nor2_2_Y_B_sky130_fd_sc_hd__o22a_2_X/A1    0.750000    0.768529   -0.018529 (VIOLATED)
y_out_sky130_fd_sc_hd__dfrtp_2_Q_15_D_sky130_fd_sc_hd__xnor2_2_Y_A_sky130_fd_sc_hd__nand2b_2_Y_A_N_sky130_fd_sc_hd__nor3_2_Y_B_sky130_fd_sc_hd__nor2_2_Y_B_sky130_fd_sc_hd__a211oi_2_Y_A2_sky130_fd_sc_hd__or2_2_X_B_sky130_fd_sc_hd__a21oi_2_Y_B1_sky130_fd_sc_hd__nor2_2_Y_B_sky130_fd_sc_hd__o21a_2_X_A2_sky130_fd_sc_hd__and3_2_X_B_sky130_fd_sc_hd__nand2_2_Y_A_sky130_fd_sc_hd__xnor2_2_Y_A_sky130_fd_sc_hd__nand2_2_Y/A    0.750000    0.768495   -0.018495 (VIOLATED)
y_out_sky130_fd_sc_hd__dfrtp_2_Q_11_D_sky130_fd_sc_hd__xor2_2_X_B_sky130_fd_sc_hd__nand2_2_Y_A_sky130_fd_sc_hd__a211o_2_X_A2_sky130_fd_sc_hd__nand3_2_Y_A_sky130_fd_sc_hd__nor2_2_Y_A_sky130_fd_sc_hd__or2_2_X_B_sky130_fd_sc_hd__o21ba_2_X_A2_sky130_fd_sc_hd__and2_2_X_B_sky130_fd_sc_hd__o21ba_2_X_A2_sky130_fd_sc_hd__a22oi_2_Y/B1    0.750000    0.768482   -0.018482 (VIOLATED)
y_out_sky130_fd_sc_hd__dfrtp_2_Q_11_D_sky130_fd_sc_hd__xor2_2_X_B_sky130_fd_sc_hd__nand2_2_Y_A_sky130_fd_sc_hd__a211o_2_X_A2_sky130_fd_sc_hd__nand3_2_Y_A_sky130_fd_sc_hd__nor2_2_Y_A_sky130_fd_sc_hd__or2_2_X_A_sky130_fd_sc_hd__xnor2_2_Y_B_sky130_fd_sc_hd__xnor2_2_Y_A_sky130_fd_sc_hd__nand2b_2_Y_B_sky130_fd_sc_hd__a22o_2_X/A2    0.750000    0.768478   -0.018478 (VIOLATED)
y_out_sky130_fd_sc_hd__dfrtp_2_Q_11_D_sky130_fd_sc_hd__xor2_2_X_A_sky130_fd_sc_hd__and2b_2_X_B_sky130_fd_sc_hd__a211o_2_X_B1_sky130_fd_sc_hd__a21oi_2_Y_B1_sky130_fd_sc_hd__a21oi_2_Y_B1_sky130_fd_sc_hd__a21oi_2_Y_A1_sky130_fd_sc_hd__and4_2_X/D    0.750000    0.768467   -0.018467 (VIOLATED)
clone98/X                               0.750000    0.768412   -0.018412 (VIOLATED)

max fanout

Pin                                   Limit Fanout  Slack
---------------------------------------------------------
fanout105/X                              10     11        (VIOLATED)
fanout243/X                              10     11        (VIOLATED)



===========================================================================
report_parasitic_annotation -report_unannotated
============================================================================
Found 1 unannotated drivers.
 clkload0/X
Found 0 partially unannotated drivers.

===========================================================================
max slew violation count 6
max fanout violation count 2
max cap violation count 0
============================================================================

===========================================================================
check_setup -verbose -unconstrained_endpoints -multiple_clock -no_clock -no_input_delay -loops -generated_clocks
===========================================================================
