Clock: clk
Sources: clk 
Generated: no
Virtual: yes
Propagated: no
Period: 8.000000

===========================================================================
report_clock_properties
============================================================================
Clock                   Period          Waveform
----------------------------------------------------
clk                   8.000000    0.000000  4.000000

===========================================================================
report_clock_latency
============================================================================
Clock clk
rise -> rise
    min     max
0.000000 0.000000 source latency
0.362985         network latency y_out_sky130_fd_sc_hd__dfrtp_2_Q_11/CLK
        0.364436 network latency y_out_sky130_fd_sc_hd__dfrtp_2_Q_12/CLK
---------------
0.362985 0.364436 latency
        0.001450 skew

fall -> fall
    min     max
0.000000 0.000000 source latency
0.337528         network latency y_out_sky130_fd_sc_hd__dfrtp_2_Q_11/CLK
        0.338901 network latency y_out_sky130_fd_sc_hd__dfrtp_2_Q_12/CLK
---------------
0.337528 0.338901 latency
        0.001373 skew



===========================================================================
report_clock_min_period
============================================================================
clk period_min = 6.79 fmax = 147.18
