Clock: clk
Sources: clk 
Generated: no
Virtual: yes
Propagated: no
Period: 13.000000

===========================================================================
report_clock_properties
============================================================================
Clock                   Period          Waveform
----------------------------------------------------
clk                  13.000000    0.000000  6.500000

===========================================================================
report_clock_latency
============================================================================
Clock clk
rise -> rise
    min     max
0.000000 0.000000 source latency
0.357076         network latency y_out_sky130_fd_sc_hd__dfrtp_2_Q_8/CLK
        0.358799 network latency y_out_sky130_fd_sc_hd__dfrtp_2_Q_15/CLK
---------------
0.357076 0.358799 latency
        0.001723 skew

fall -> fall
    min     max
0.000000 0.000000 source latency
0.333647         network latency y_out_sky130_fd_sc_hd__dfrtp_2_Q_8/CLK
        0.334906 network latency y_out_sky130_fd_sc_hd__dfrtp_2_Q_15/CLK
---------------
0.333647 0.334906 latency
        0.001259 skew



===========================================================================
report_clock_min_period
============================================================================
clk period_min = 6.89 fmax = 145.12
