Reading timing models for corner nom_tt_025C_1v80…
Reading timing library for the 'nom_tt_025C_1v80' corner at '/foss/pdks/volare/sky130/versions/0fe599b2afb6708d281543108caf8310912f54af/sky130A/libs.ref/sky130_fd_sc_hd/lib/sky130_fd_sc_hd__tt_025C_1v80.lib'…
Reading timing models for corner nom_ff_n40C_1v95…
Reading timing library for the 'nom_ff_n40C_1v95' corner at '/foss/pdks/volare/sky130/versions/0fe599b2afb6708d281543108caf8310912f54af/sky130A/libs.ref/sky130_fd_sc_hd/lib/sky130_fd_sc_hd__ff_n40C_1v95.lib'…
Reading timing models for corner nom_ss_100C_1v60…
Reading timing library for the 'nom_ss_100C_1v60' corner at '/foss/pdks/volare/sky130/versions/0fe599b2afb6708d281543108caf8310912f54af/sky130A/libs.ref/sky130_fd_sc_hd/lib/sky130_fd_sc_hd__ss_100C_1v60.lib'…
Reading OpenROAD database at '/home/asic/workspace/asic_project/runs/RUN_2025-05-13_11-17-30/38-openroad-globalrouting/dynamic_noise_reduction.odb'…
Reading design constraints file at '/usr/local/lib/python3.12/dist-packages/openlane/scripts/base.sdc'…
[INFO] Using clock clk…
[INFO] Setting output delay to: 1
[INFO] Setting input delay to: 1
[INFO] Setting load to: 0.033442
[INFO] Setting clock uncertainty to: 0.25
[INFO] Setting clock transition to: 0.1499999999999999944488848768742172978818416595458984375
[INFO] Setting timing derate to: 5%
[INFO] Setting RC values…
[INFO] Setting signal min routing layer to: met1 and clock min routing layer to met1. 
[INFO] Setting signal max routing layer to: met5 and clock max routing layer to met5. 
-congestion_iterations 50 -verbose
[INFO GRT-0020] Min routing layer: met1
[INFO GRT-0021] Max routing layer: met5
[INFO GRT-0022] Global adjustment: 30%
[INFO GRT-0023] Grid origin: (0, 0)
[INFO GRT-0043] No OR_DEFAULT vias defined.
[INFO GRT-0088] Layer li1     Track-Pitch = 0.4600  line-2-Via Pitch: 0.3400
[INFO GRT-0088] Layer met1    Track-Pitch = 0.3400  line-2-Via Pitch: 0.3400
[INFO GRT-0088] Layer met2    Track-Pitch = 0.4600  line-2-Via Pitch: 0.3500
[INFO GRT-0088] Layer met3    Track-Pitch = 0.6800  line-2-Via Pitch: 0.6150
[INFO GRT-0088] Layer met4    Track-Pitch = 0.9200  line-2-Via Pitch: 1.0400
[INFO GRT-0088] Layer met5    Track-Pitch = 3.4000  line-2-Via Pitch: 3.1100
[INFO GRT-0019] Found 4 clock nets.
[INFO GRT-0001] Minimum degree: 2
[INFO GRT-0002] Maximum degree: 11
[INFO GRT-0003] Macros: 0
[INFO GRT-0043] No OR_DEFAULT vias defined.
[INFO GRT-0004] Blockages: 674

[INFO GRT-0053] Routing resources analysis:
          Routing      Original      Derated      Resource
Layer     Direction    Resources     Resources    Reduction (%)
---------------------------------------------------------------
li1        Vertical            0             0          0.00%
met1       Horizontal      28692         14147          50.69%
met2       Vertical        21219         13740          35.25%
met3       Horizontal      14346          9709          32.32%
met4       Vertical         8556          5262          38.50%
met5       Horizontal       2847          1368          51.95%
---------------------------------------------------------------

[INFO GRT-0197] Via related to pin nodes: 17832
[INFO GRT-0198] Via related Steiner nodes: 199
[INFO GRT-0199] Via filling finished.
[INFO GRT-0111] Final number of vias: 21954
[INFO GRT-0112] Final usage 3D: 76967

[INFO GRT-0096] Final congestion report:
Layer         Resource        Demand        Usage (%)    Max H / Max V / Total Overflow
---------------------------------------------------------------------------------------
li1                  0             0            0.00%             0 /  0 /  0
met1             14147          4907           34.69%             0 /  0 /  0
met2             13740          5628           40.96%             0 /  0 /  0
met3              9709           307            3.16%             0 /  0 /  0
met4              5262           263            5.00%             0 /  0 /  0
met5              1368             0            0.00%             0 /  0 /  0
---------------------------------------------------------------------------------------
Total            44226         11105           25.11%             0 /  0 /  0

[INFO GRT-0018] Total wirelength: 123717 um
[INFO GRT-0014] Routed nets: 3408
[INFO RSZ-0058] Using max wire length 6335um.
Iteration | Resized | Buffers | Nets repaired | Remaining
---------------------------------------------------------
        0 |       0 |       0 |             0 |      3409
      100 |       0 |       0 |             0 |      3309
      200 |       0 |       0 |             0 |      3209
      300 |       0 |       0 |             0 |      3109
      400 |       1 |       0 |             1 |      3009
      500 |       1 |       0 |             1 |      2909
      600 |       1 |       0 |             1 |      2809
      700 |       1 |       0 |             1 |      2709
      800 |       1 |       0 |             1 |      2609
      900 |       2 |       0 |             2 |      2509
     1000 |       2 |       0 |             2 |      2409
     1100 |       2 |       0 |             2 |      2309
     1200 |       2 |       0 |             2 |      2209
     1300 |       2 |       0 |             2 |      2109
     1400 |       2 |       0 |             2 |      2009
     1500 |       2 |       0 |             2 |      1909
     1600 |       2 |       0 |             2 |      1809
     1700 |       2 |       0 |             2 |      1709
     1800 |       2 |       0 |             2 |      1609
     1900 |       2 |       0 |             2 |      1509
     2000 |       2 |       0 |             3 |      1409
     2100 |       2 |       0 |             3 |      1309
     2200 |       2 |       1 |             4 |      1209
     2300 |       2 |       1 |             4 |      1109
     2400 |       2 |       1 |             4 |      1009
     2500 |       2 |       1 |             4 |       909
     2600 |       2 |       1 |             4 |       809
     2700 |       2 |       1 |             4 |       709
     2800 |       2 |       1 |             4 |       609
     2900 |       2 |       1 |             4 |       509
     3000 |       2 |       1 |             4 |       409
     3100 |       2 |       1 |             4 |       309
     3200 |       2 |       1 |             4 |       209
     3300 |       2 |       1 |             4 |       109
     3400 |       2 |       1 |             4 |         9
    final |       2 |       1 |             4 |         0
---------------------------------------------------------
[INFO RSZ-0034] Found 8 slew violations.
[INFO RSZ-0038] Inserted 1 buffers in 4 nets.
[INFO RSZ-0039] Resized 2 instances.
Placement Analysis
---------------------------------
total displacement         11.4 u
average displacement        0.0 u
max displacement            4.6 u
original HPWL           71994.3 u
legalized HPWL          74230.4 u
delta HPWL                    3 %

[INFO DPL-0020] Mirrored 1451 instances
[INFO DPL-0021] HPWL before           74230.4 u
[INFO DPL-0022] HPWL after            71996.3 u
[INFO DPL-0023] HPWL delta               -3.0 %
-congestion_iterations 50 -verbose
[INFO GRT-0020] Min routing layer: met1
[INFO GRT-0021] Max routing layer: met5
[INFO GRT-0022] Global adjustment: 30%
[INFO GRT-0023] Grid origin: (0, 0)
[INFO GRT-0043] No OR_DEFAULT vias defined.
[INFO GRT-0088] Layer li1     Track-Pitch = 0.4600  line-2-Via Pitch: 0.3400
[INFO GRT-0088] Layer met1    Track-Pitch = 0.3400  line-2-Via Pitch: 0.3400
[INFO GRT-0088] Layer met2    Track-Pitch = 0.4600  line-2-Via Pitch: 0.3500
[INFO GRT-0088] Layer met3    Track-Pitch = 0.6800  line-2-Via Pitch: 0.6150
[INFO GRT-0088] Layer met4    Track-Pitch = 0.9200  line-2-Via Pitch: 1.0400
[INFO GRT-0088] Layer met5    Track-Pitch = 3.4000  line-2-Via Pitch: 3.1100
[INFO GRT-0019] Found 4 clock nets.
[INFO GRT-0001] Minimum degree: 2
[INFO GRT-0002] Maximum degree: 11
[INFO GRT-0003] Macros: 0
[INFO GRT-0043] No OR_DEFAULT vias defined.
[INFO GRT-0004] Blockages: 674

[INFO GRT-0053] Routing resources analysis:
          Routing      Original      Derated      Resource
Layer     Direction    Resources     Resources    Reduction (%)
---------------------------------------------------------------
li1        Vertical            0             0          0.00%
met1       Horizontal      28692         14147          50.69%
met2       Vertical        21219         13740          35.25%
met3       Horizontal      14346          9709          32.32%
met4       Vertical         8556          5262          38.50%
met5       Horizontal       2847          1368          51.95%
---------------------------------------------------------------

[INFO GRT-0197] Via related to pin nodes: 17830
[INFO GRT-0198] Via related Steiner nodes: 199
[INFO GRT-0199] Via filling finished.
[INFO GRT-0111] Final number of vias: 21951
[INFO GRT-0112] Final usage 3D: 76958

[INFO GRT-0096] Final congestion report:
Layer         Resource        Demand        Usage (%)    Max H / Max V / Total Overflow
---------------------------------------------------------------------------------------
li1                  0             0            0.00%             0 /  0 /  0
met1             14147          4907           34.69%             0 /  0 /  0
met2             13740          5628           40.96%             0 /  0 /  0
met3              9709           307            3.16%             0 /  0 /  0
met4              5262           263            5.00%             0 /  0 /  0
met5              1368             0            0.00%             0 /  0 /  0
---------------------------------------------------------------------------------------
Total            44226         11105           25.11%             0 /  0 /  0

[INFO GRT-0018] Total wirelength: 123717 um
[INFO GRT-0014] Routed nets: 3409
Setting global connections for newly added cells…
[INFO] Setting global connections...
Updating metrics…
Cell type report:                       Count       Area
  Fill cell                               180     675.65
  Tap cell                                828    1035.99
  Clock buffer                              4      88.84
  Timing Repair Buffer                    378    2618.76
  Inverter                                 68     267.76
  Sequential cell                          16     415.40
  Multi-Input combinational cell         2910   22539.12
  Total                                  4384   27641.51
Writing OpenROAD database to '/home/asic/workspace/asic_project/runs/RUN_2025-05-13_11-17-30/40-openroad-repairdesignpostgrt/dynamic_noise_reduction.odb'…
Writing netlist to '/home/asic/workspace/asic_project/runs/RUN_2025-05-13_11-17-30/40-openroad-repairdesignpostgrt/dynamic_noise_reduction.nl.v'…
Writing powered netlist to '/home/asic/workspace/asic_project/runs/RUN_2025-05-13_11-17-30/40-openroad-repairdesignpostgrt/dynamic_noise_reduction.pnl.v'…
Writing layout to '/home/asic/workspace/asic_project/runs/RUN_2025-05-13_11-17-30/40-openroad-repairdesignpostgrt/dynamic_noise_reduction.def'…
Writing timing constraints to '/home/asic/workspace/asic_project/runs/RUN_2025-05-13_11-17-30/40-openroad-repairdesignpostgrt/dynamic_noise_reduction.sdc'…
