Clock: clk
Sources: clk 
Generated: no
Virtual: yes
Propagated: no
Period: 8.000000

===========================================================================
report_clock_properties
============================================================================
Clock                   Period          Waveform
----------------------------------------------------
clk                   8.000000    0.000000  4.000000

===========================================================================
report_clock_latency
============================================================================
Clock clk
rise -> rise
    min     max
0.000000 0.000000 source latency
0.310709         network latency y_out_sky130_fd_sc_hd__dfrtp_2_Q_7/CLK
        0.311624 network latency y_out_sky130_fd_sc_hd__dfrtp_2_Q_15/CLK
---------------
0.310709 0.311624 latency
        0.000916 skew

fall -> fall
    min     max
0.000000 0.000000 source latency
0.304794         network latency y_out_sky130_fd_sc_hd__dfrtp_2_Q_7/CLK
        0.305438 network latency y_out_sky130_fd_sc_hd__dfrtp_2_Q_15/CLK
---------------
0.304794 0.305438 latency
        0.000644 skew



===========================================================================
report_clock_min_period
============================================================================
clk period_min = 6.37 fmax = 156.99
