Clock: clk
Sources: clk 
Generated: no
Virtual: yes
Propagated: no
Period: 13.000000

===========================================================================
report_clock_properties
============================================================================
Clock                   Period          Waveform
----------------------------------------------------
clk                  13.000000    0.000000  6.500000

===========================================================================
report_clock_latency
============================================================================
Clock clk
rise -> rise
    min     max
0.000000 0.000000 source latency
0.186614         network latency y_out_sky130_fd_sc_hd__dfrtp_2_Q_6/CLK
        0.187649 network latency y_out_sky130_fd_sc_hd__dfrtp_2_Q_15/CLK
---------------
0.186614 0.187649 latency
        0.001035 skew

fall -> fall
    min     max
0.000000 0.000000 source latency
0.090961         network latency y_out_sky130_fd_sc_hd__dfrtp_2_Q_6/CLK
        0.091947 network latency y_out_sky130_fd_sc_hd__dfrtp_2_Q_15/CLK
---------------
0.090961 0.091947 latency
        0.000986 skew



===========================================================================
report_clock_min_period
============================================================================
clk period_min = 7.23 fmax = 138.29
