Reading timing models for corner nom_tt_025C_1v80…
Reading timing library for the 'nom_tt_025C_1v80' corner at '/foss/pdks/volare/sky130/versions/0fe599b2afb6708d281543108caf8310912f54af/sky130A/libs.ref/sky130_fd_sc_hd/lib/sky130_fd_sc_hd__tt_025C_1v80.lib'…
Reading timing models for corner nom_ff_n40C_1v95…
Reading timing library for the 'nom_ff_n40C_1v95' corner at '/foss/pdks/volare/sky130/versions/0fe599b2afb6708d281543108caf8310912f54af/sky130A/libs.ref/sky130_fd_sc_hd/lib/sky130_fd_sc_hd__ff_n40C_1v95.lib'…
Reading timing models for corner nom_ss_100C_1v60…
Reading timing library for the 'nom_ss_100C_1v60' corner at '/foss/pdks/volare/sky130/versions/0fe599b2afb6708d281543108caf8310912f54af/sky130A/libs.ref/sky130_fd_sc_hd/lib/sky130_fd_sc_hd__ss_100C_1v60.lib'…
Reading OpenROAD database at '/home/asic/workspace/asic_project/runs/RUN_2025-05-13_10-43-45/34-openroad-cts/dynamic_noise_reduction.odb'…
Reading design constraints file at '/usr/local/lib/python3.12/dist-packages/openlane/scripts/base.sdc'…
[INFO] Using clock clk…
[INFO] Setting output delay to: 2
[INFO] Setting input delay to: 2
[INFO] Setting load to: 0.033442
[INFO] Setting clock uncertainty to: 0.25
[INFO] Setting clock transition to: 0.1499999999999999944488848768742172978818416595458984375
[INFO] Setting timing derate to: 5%
[INFO] Setting RC values…
[INFO RSZ-0094] Found 16 endpoints with setup violations.
[INFO RSZ-0099] Repairing 16 out of 16 (100.00%) violating endpoints...
   Iter   | Removed | Resized | Inserted | Cloned |  Pin  |    WNS   |   TNS      |  Viol  | Worst
          | Buffers |  Gates  | Buffers  |  Gates | Swaps |          |            | Endpts | Endpt
---------------------------------------------------------------------------------------------------
        0 |       0 |       0 |        0 |      0 |     0 |   -5.124 |      -69.0 |     16 | y_out_sky130_fd_sc_hd__dfrtp_2_Q/D
       10 |       0 |       9 |        0 |      0 |     0 |   -4.763 |      -63.9 |     16 | y_out_sky130_fd_sc_hd__dfrtp_2_Q_7/D
       20 |       0 |      16 |        2 |      0 |     2 |   -4.627 |      -62.4 |     16 | y_out_sky130_fd_sc_hd__dfrtp_2_Q_7/D
       30 |       0 |      25 |        2 |      0 |     3 |   -4.474 |      -59.1 |     16 | y_out_sky130_fd_sc_hd__dfrtp_2_Q_7/D
       40 |       0 |      34 |        2 |      0 |     4 |   -4.306 |      -57.0 |     16 | y_out_sky130_fd_sc_hd__dfrtp_2_Q_7/D
       50 |       0 |      42 |        2 |      0 |     6 |   -4.258 |      -56.2 |     16 | y_out_sky130_fd_sc_hd__dfrtp_2_Q/D
       60 |       0 |      47 |        6 |      0 |     9 |   -4.164 |      -54.6 |     16 | y_out_sky130_fd_sc_hd__dfrtp_2_Q_7/D
       70 |       0 |      57 |        6 |      0 |     9 |   -4.101 |      -54.1 |     16 | y_out_sky130_fd_sc_hd__dfrtp_2_Q_7/D
       80 |       0 |      63 |        8 |      0 |    12 |   -4.048 |      -53.4 |     16 | y_out_sky130_fd_sc_hd__dfrtp_2_Q_7/D
       90 |       0 |      67 |        8 |      0 |    18 |   -4.019 |      -53.2 |     16 | y_out_sky130_fd_sc_hd__dfrtp_2_Q_7/D
      100 |       0 |      72 |       12 |      0 |    21 |   -3.982 |      -52.7 |     16 | y_out_sky130_fd_sc_hd__dfrtp_2_Q/D
      110 |       0 |      79 |       14 |      0 |    23 |   -3.957 |      -51.9 |     16 | y_out_sky130_fd_sc_hd__dfrtp_2_Q_7/D
      120 |       0 |      86 |       14 |      0 |    26 |   -3.928 |      -51.8 |     16 | y_out_sky130_fd_sc_hd__dfrtp_2_Q/D
      130 |       0 |      92 |       18 |      0 |    29 |   -3.848 |      -50.2 |     16 | y_out_sky130_fd_sc_hd__dfrtp_2_Q_7/D
      140 |       0 |      97 |       20 |      0 |    33 |   -3.796 |      -49.8 |     16 | y_out_sky130_fd_sc_hd__dfrtp_2_Q/D
      150 |       0 |     104 |       23 |      0 |    35 |   -3.753 |      -49.1 |     16 | y_out_sky130_fd_sc_hd__dfrtp_2_Q/D
      160 |       0 |     110 |       25 |      0 |    38 |   -3.744 |      -48.4 |     16 | y_out_sky130_fd_sc_hd__dfrtp_2_Q_7/D
      170 |       0 |     118 |       28 |      0 |    39 |   -3.701 |      -47.2 |     16 | y_out_sky130_fd_sc_hd__dfrtp_2_Q_7/D
      180 |       0 |     125 |       28 |      0 |    42 |   -3.665 |      -46.9 |     16 | y_out_sky130_fd_sc_hd__dfrtp_2_Q_7/D
      190 |       0 |     132 |       33 |      0 |    43 |   -3.632 |      -46.6 |     16 | y_out_sky130_fd_sc_hd__dfrtp_2_Q_7/D
      200 |       0 |     138 |       42 |      0 |    43 |   -3.746 |      -47.6 |     16 | y_out_sky130_fd_sc_hd__dfrtp_2_Q_7/D
      210 |       0 |     143 |       44 |      0 |    47 |   -3.605 |      -46.5 |     16 | y_out_sky130_fd_sc_hd__dfrtp_2_Q_7/D
      220 |       0 |     150 |       44 |      1 |    49 |   -3.580 |      -46.2 |     16 | y_out_sky130_fd_sc_hd__dfrtp_2_Q_7/D
      230 |       0 |     157 |       44 |      1 |    52 |   -3.638 |      -46.5 |     16 | y_out_sky130_fd_sc_hd__dfrtp_2_Q_7/D
      240 |       0 |     160 |       55 |      1 |    55 |   -3.673 |      -46.6 |     16 | y_out_sky130_fd_sc_hd__dfrtp_2_Q_7/D
      250 |       0 |     167 |       59 |      1 |    56 |   -3.607 |      -46.3 |     16 | y_out_sky130_fd_sc_hd__dfrtp_2_Q_7/D
      260 |       0 |     171 |       61 |      1 |    61 |   -3.580 |      -46.1 |     16 | y_out_sky130_fd_sc_hd__dfrtp_2_Q_7/D
      270 |       0 |     179 |       63 |      1 |    62 |   -3.553 |      -45.6 |     16 | y_out_sky130_fd_sc_hd__dfrtp_2_Q_7/D
      280 |       0 |     186 |       69 |      1 |    64 |   -3.533 |      -45.4 |     16 | y_out_sky130_fd_sc_hd__dfrtp_2_Q_7/D
      290 |       0 |     193 |       71 |      1 |    66 |   -3.555 |      -45.4 |     16 | y_out_sky130_fd_sc_hd__dfrtp_2_Q_7/D
      300 |       0 |     198 |       73 |      1 |    70 |   -3.512 |      -45.1 |     16 | y_out_sky130_fd_sc_hd__dfrtp_2_Q_7/D
      310 |       0 |     204 |       79 |      1 |    71 |   -3.497 |      -44.7 |     16 | y_out_sky130_fd_sc_hd__dfrtp_2_Q_7/D
      320 |       0 |     208 |       79 |      1 |    77 |   -3.475 |      -44.5 |     16 | y_out_sky130_fd_sc_hd__dfrtp_2_Q_7/D
      330 |       0 |     215 |       79 |      1 |    80 |   -3.413 |      -43.9 |     16 | y_out_sky130_fd_sc_hd__dfrtp_2_Q_7/D
      340 |       0 |     221 |       84 |      1 |    82 |   -3.411 |      -43.9 |     16 | y_out_sky130_fd_sc_hd__dfrtp_2_Q_7/D
      350 |       0 |     226 |       86 |      1 |    86 |   -3.404 |      -43.8 |     16 | y_out_sky130_fd_sc_hd__dfrtp_2_Q_7/D
      360 |       0 |     229 |       92 |      1 |    91 |   -3.491 |      -44.7 |     16 | y_out_sky130_fd_sc_hd__dfrtp_2_Q/D
      370 |       0 |     236 |       94 |      1 |    93 |   -3.537 |      -44.6 |     16 | y_out_sky130_fd_sc_hd__dfrtp_2_Q_7/D
      380 |       0 |     243 |       98 |      2 |    93 |   -3.414 |      -43.6 |     16 | y_out_sky130_fd_sc_hd__dfrtp_2_Q_7/D
      390 |       0 |     250 |      102 |      2 |    94 |   -3.379 |      -43.2 |     16 | y_out_sky130_fd_sc_hd__dfrtp_2_Q/D
      400 |       0 |     255 |      108 |      2 |    96 |   -3.386 |      -43.2 |     16 | y_out_sky130_fd_sc_hd__dfrtp_2_Q_7/D
      410 |       0 |     258 |      113 |      2 |   101 |   -3.400 |      -43.5 |     16 | y_out_sky130_fd_sc_hd__dfrtp_2_Q/D
      420 |       1 |     264 |      117 |      3 |   101 |   -3.360 |      -43.0 |     16 | y_out_sky130_fd_sc_hd__dfrtp_2_Q_7/D
      430 |       1 |     269 |      119 |      3 |   105 |   -3.329 |      -42.4 |     16 | y_out_sky130_fd_sc_hd__dfrtp_2_Q_7/D
      440 |       1 |     276 |      123 |      3 |   106 |   -3.321 |      -42.3 |     16 | y_out_sky130_fd_sc_hd__dfrtp_2_Q_7/D
      450 |       1 |     279 |      132 |      3 |   110 |   -3.385 |      -42.8 |     16 | y_out_sky130_fd_sc_hd__dfrtp_2_Q_7/D
      460 |       1 |     283 |      140 |      3 |   113 |   -3.396 |      -42.9 |     16 | y_out_sky130_fd_sc_hd__dfrtp_2_Q_7/D
      470 |       1 |     288 |      146 |      3 |   115 |   -3.559 |      -46.7 |     16 | y_out_sky130_fd_sc_hd__dfrtp_2_Q/D
      480 |       1 |     294 |      150 |      3 |   117 |   -3.471 |      -45.3 |     16 | y_out_sky130_fd_sc_hd__dfrtp_2_Q_7/D
      490 |       1 |     296 |      157 |      3 |   122 |   -3.530 |      -45.2 |     16 | y_out_sky130_fd_sc_hd__dfrtp_2_Q_7/D
      498 |       1 |     280 |      145 |      3 |   109 |   -3.313 |      -42.3 |     16 | y_out_sky130_fd_sc_hd__dfrtp_2_Q_7/D
      500 |       1 |     281 |      145 |      3 |   109 |   -3.316 |      -42.3 |     16 | y_out_sky130_fd_sc_hd__dfrtp_2_Q/D
      510 |       1 |     286 |      149 |      3 |   112 |   -3.313 |      -41.9 |     16 | y_out_sky130_fd_sc_hd__dfrtp_2_Q_7/D
      520 |       1 |     291 |      158 |      3 |   113 |   -3.388 |      -42.8 |     16 | y_out_sky130_fd_sc_hd__dfrtp_2_Q/D
      530 |       1 |     300 |      158 |      3 |   114 |   -3.312 |      -41.7 |     16 | y_out_sky130_fd_sc_hd__dfrtp_2_Q_7/D
      532 |       1 |     300 |      158 |      3 |   114 |   -3.312 |      -41.7 |     16 | y_out_sky130_fd_sc_hd__dfrtp_2_Q_7/D
      540 |       1 |     304 |      160 |      3 |   116 |   -3.379 |      -41.7 |     16 | y_out_sky130_fd_sc_hd__dfrtp_2_Q_7/D
      550 |       1 |     313 |      162 |      3 |   116 |   -3.378 |      -41.7 |     16 | y_out_sky130_fd_sc_hd__dfrtp_2_Q_7/D
      560 |       1 |     317 |      162 |      3 |   122 |   -3.480 |      -42.5 |     16 | y_out_sky130_fd_sc_hd__dfrtp_2_Q_7/D
      568 |       1 |     304 |      161 |      3 |   114 |   -3.310 |      -41.6 |     16 | y_out_sky130_fd_sc_hd__dfrtp_2_Q_7/D
      570 |       1 |     304 |      161 |      3 |   115 |   -3.310 |      -41.6 |     16 | y_out_sky130_fd_sc_hd__dfrtp_2_Q_7/D
      572 |       1 |     304 |      161 |      3 |   114 |   -3.310 |      -41.6 |     16 | y_out_sky130_fd_sc_hd__dfrtp_2_Q_7/D
      580 |       1 |     308 |      165 |      3 |   115 |   -3.310 |      -41.1 |     16 | y_out_sky130_fd_sc_hd__dfrtp_2_Q_7/D
      590 |       1 |     315 |      165 |      3 |   118 |   -3.310 |      -41.0 |     16 | y_out_sky130_fd_sc_hd__dfrtp_2_Q_7/D
      599 |       1 |     315 |      165 |      3 |   117 |   -3.310 |      -41.0 |     16 | y_out_sky130_fd_sc_hd__dfrtp_2_Q_7/D
      600 |       1 |     315 |      165 |      3 |   117 |   -3.310 |      -41.0 |     16 | y_out_sky130_fd_sc_hd__dfrtp_2_Q_7/D
      610 |       1 |     321 |      173 |      3 |   117 |   -3.424 |      -42.2 |     16 | y_out_sky130_fd_sc_hd__dfrtp_2_Q_7/D
      620 |       1 |     327 |      175 |      5 |   118 |   -3.421 |      -42.1 |     16 | y_out_sky130_fd_sc_hd__dfrtp_2_Q_7/D
      630 |       1 |     334 |      175 |      7 |   119 |   -3.410 |      -42.0 |     16 | y_out_sky130_fd_sc_hd__dfrtp_2_Q_7/D
      630 |       1 |     324 |      171 |      3 |   117 |   -3.292 |      -40.9 |     16 | y_out_sky130_fd_sc_hd__dfrtp_2_Q_7/D
      640 |       1 |     327 |      179 |      4 |   118 |   -3.431 |      -42.3 |     16 | y_out_sky130_fd_sc_hd__dfrtp_2_Q_7/D
      650 |       1 |     335 |      179 |      6 |   118 |   -3.399 |      -41.9 |     16 | y_out_sky130_fd_sc_hd__dfrtp_2_Q_7/D
      654 |       1 |     327 |      176 |      3 |   118 |   -3.292 |      -40.9 |     16 | y_out_sky130_fd_sc_hd__dfrtp_2_Q_7/D
      660 |       1 |     331 |      176 |      3 |   119 |   -3.292 |      -40.9 |     16 | y_out_sky130_fd_sc_hd__dfrtp_2_Q_7/D
      669 |       1 |     336 |      180 |      3 |   120 |   -3.290 |      -41.1 |     16 | y_out_sky130_fd_sc_hd__dfrtp_2_Q_7/D
      670 |       1 |     336 |      180 |      3 |   120 |   -3.290 |      -41.1 |     16 | y_out_sky130_fd_sc_hd__dfrtp_2_Q_7/D
      680 |       1 |     341 |      188 |      3 |   121 |   -3.455 |      -42.6 |     16 | y_out_sky130_fd_sc_hd__dfrtp_2_Q_7/D
      690 |       1 |     348 |      188 |      6 |   121 |   -3.401 |      -42.0 |     16 | y_out_sky130_fd_sc_hd__dfrtp_2_Q_7/D
      694 |       1 |     339 |      185 |      3 |   121 |   -3.289 |      -41.0 |     16 | y_out_sky130_fd_sc_hd__dfrtp_2_Q_7/D
      700 |       1 |     339 |      191 |      3 |   123 |   -3.424 |      -42.4 |     16 | y_out_sky130_fd_sc_hd__dfrtp_2_Q_7/D
      710 |       1 |     346 |      191 |      6 |   123 |   -3.467 |      -42.9 |     16 | y_out_sky130_fd_sc_hd__dfrtp_2_Q_7/D
      716 |       1 |     341 |      188 |      3 |   121 |   -3.289 |      -41.0 |     16 | y_out_sky130_fd_sc_hd__dfrtp_2_Q_7/D
      719 |       1 |     341 |      188 |      3 |   122 |   -3.289 |      -41.0 |     16 | y_out_sky130_fd_sc_hd__dfrtp_2_Q_7/D
      720 |       1 |     341 |      188 |      3 |   122 |   -3.289 |      -41.0 |     16 | y_out_sky130_fd_sc_hd__dfrtp_2_Q_7/D
      730 |       1 |     346 |      194 |      3 |   124 |   -3.455 |      -42.7 |     16 | y_out_sky130_fd_sc_hd__dfrtp_2_Q_7/D
      740 |       1 |     353 |      194 |      6 |   124 |   -3.401 |      -42.1 |     16 | y_out_sky130_fd_sc_hd__dfrtp_2_Q_7/D
      743 |       1 |     343 |      191 |      3 |   122 |   -3.289 |      -41.0 |     16 | y_out_sky130_fd_sc_hd__dfrtp_2_Q_7/D
      750 |       1 |     345 |      197 |      3 |   123 |   -3.472 |      -42.7 |     16 | y_out_sky130_fd_sc_hd__dfrtp_2_Q_7/D
      760 |       1 |     352 |      197 |      6 |   123 |   -3.446 |      -42.4 |     16 | y_out_sky130_fd_sc_hd__dfrtp_2_Q_7/D
      765 |       1 |     345 |      194 |      3 |   122 |   -3.289 |      -41.0 |     16 | y_out_sky130_fd_sc_hd__dfrtp_2_Q_7/D
      770 |       1 |     347 |      194 |      3 |   124 |   -3.349 |      -41.3 |     16 | y_out_sky130_fd_sc_hd__dfrtp_2_Q_7/D
      780 |       1 |     353 |      200 |      4 |   124 |   -3.439 |      -42.5 |     16 | y_out_sky130_fd_sc_hd__dfrtp_2_Q_7/D
      789 |       1 |     347 |      197 |      3 |   122 |   -3.289 |      -41.0 |     16 | y_out_sky130_fd_sc_hd__dfrtp_2_Q_7/D
      790 |       1 |     347 |      197 |      3 |   122 |   -3.289 |      -41.0 |     16 | y_out_sky130_fd_sc_hd__dfrtp_2_Q_7/D
      800 |       1 |     353 |      203 |      4 |   122 |   -3.427 |      -42.4 |     16 | y_out_sky130_fd_sc_hd__dfrtp_2_Q_7/D
      809 |       1 |     349 |      200 |      3 |   122 |   -3.289 |      -41.0 |     16 | y_out_sky130_fd_sc_hd__dfrtp_2_Q_7/D
      810 |       1 |     349 |      200 |      3 |   122 |   -3.289 |      -41.0 |     16 | y_out_sky130_fd_sc_hd__dfrtp_2_Q_7/D
      820 |       1 |     353 |      206 |      4 |   124 |   -3.445 |      -42.6 |     16 | y_out_sky130_fd_sc_hd__dfrtp_2_Q_7/D
      830 |       1 |     360 |      206 |      7 |   124 |   -3.461 |      -42.8 |     16 | y_out_sky130_fd_sc_hd__dfrtp_2_Q_7/D
      832 |       1 |     352 |      203 |      3 |   124 |   -3.288 |      -41.0 |     16 | y_out_sky130_fd_sc_hd__dfrtp_2_Q_7/D
     833* |       1 |     352 |      203 |      3 |   124 |   -3.288 |      -41.0 |     16 | y_out_sky130_fd_sc_hd__dfrtp_2_Q_7/D
     834* |       1 |     352 |      203 |      3 |   124 |   -3.288 |      -41.0 |     16 | y_out_sky130_fd_sc_hd__dfrtp_2_Q_7/D
     835* |       1 |     352 |      203 |      3 |   124 |   -3.288 |      -41.0 |     16 | y_out_sky130_fd_sc_hd__dfrtp_2_Q_7/D
     836* |       1 |     352 |      203 |      3 |   124 |   -3.288 |      -41.0 |     16 | y_out_sky130_fd_sc_hd__dfrtp_2_Q_7/D
     837* |       1 |     352 |      203 |      3 |   124 |   -3.288 |      -41.0 |     16 | y_out_sky130_fd_sc_hd__dfrtp_2_Q_7/D
     838* |       1 |     352 |      203 |      3 |   124 |   -3.288 |      -41.0 |     16 | y_out_sky130_fd_sc_hd__dfrtp_2_Q_7/D
     839* |       1 |     352 |      203 |      3 |   124 |   -3.288 |      -41.0 |     16 | y_out_sky130_fd_sc_hd__dfrtp_2_Q_7/D
     840* |       1 |     352 |      203 |      3 |   124 |   -3.288 |      -41.0 |     16 | y_out_sky130_fd_sc_hd__dfrtp_2_Q_7/D
     840* |       1 |     352 |      203 |      3 |   124 |   -3.288 |      -41.0 |     16 | y_out_sky130_fd_sc_hd__dfrtp_2_Q_7/D
     841* |       1 |     352 |      203 |      3 |   124 |   -3.288 |      -41.0 |     16 | y_out_sky130_fd_sc_hd__dfrtp_2_Q_7/D
     842* |       1 |     352 |      203 |      3 |   124 |   -3.288 |      -41.0 |     16 | y_out_sky130_fd_sc_hd__dfrtp_2_Q_7/D
     843* |       1 |     352 |      203 |      3 |   124 |   -3.288 |      -41.0 |     16 | y_out_sky130_fd_sc_hd__dfrtp_2_Q_7/D
     844* |       1 |     352 |      203 |      3 |   124 |   -3.288 |      -41.0 |     16 | y_out_sky130_fd_sc_hd__dfrtp_2_Q_7/D
     845* |       1 |     352 |      203 |      3 |   124 |   -3.288 |      -41.0 |     16 | y_out_sky130_fd_sc_hd__dfrtp_2_Q_7/D
     846* |       1 |     352 |      203 |      3 |   124 |   -3.288 |      -41.0 |     16 | y_out_sky130_fd_sc_hd__dfrtp_2_Q_7/D
     847* |       1 |     352 |      203 |      3 |   124 |   -3.288 |      -41.0 |     16 | y_out_sky130_fd_sc_hd__dfrtp_2_Q_7/D
     848* |       1 |     352 |      203 |      3 |   124 |   -3.288 |      -41.0 |     16 | y_out_sky130_fd_sc_hd__dfrtp_2_Q_7/D
    final |       1 |     352 |      203 |      3 |   124 |   -3.288 |      -41.0 |     16 | y_out_sky130_fd_sc_hd__dfrtp_2_Q_7/D
---------------------------------------------------------------------------------------------------
[INFO RSZ-0059] Removed 1 buffers.
[INFO RSZ-0040] Inserted 88 buffers.
[INFO RSZ-0041] Resized 352 instances.
[INFO RSZ-0043] Swapped pins on 124 instances.
[INFO RSZ-0049] Cloned 3 instances.
[WARNING RSZ-0062] Unable to repair all setup violations.
[INFO RSZ-0033] No hold violations found.
Placement Analysis
---------------------------------
total displacement       1507.6 u
average displacement        0.3 u
max displacement           16.3 u
original HPWL           70459.7 u
legalized HPWL          74220.4 u
delta HPWL                    5 %

[INFO DPL-0020] Mirrored 1467 instances
[INFO DPL-0021] HPWL before           74220.4 u
[INFO DPL-0022] HPWL after            71924.8 u
[INFO DPL-0023] HPWL delta               -3.1 %
[INFO] Setting RC values…
Setting global connections for newly added cells…
[INFO] Setting global connections...
Updating metrics…
Cell type report:                       Count       Area
  Fill cell                               180     675.65
  Tap cell                                828    1035.99
  Clock buffer                              4      88.84
  Timing Repair Buffer                    365    2526.17
  Inverter                                 68     267.76
  Sequential cell                          16     415.40
  Multi-Input combinational cell         2910   22686.76
  Total                                  4371   27696.56
Writing OpenROAD database to '/home/asic/workspace/asic_project/runs/RUN_2025-05-13_10-43-45/36-openroad-resizertimingpostcts/dynamic_noise_reduction.odb'…
Writing netlist to '/home/asic/workspace/asic_project/runs/RUN_2025-05-13_10-43-45/36-openroad-resizertimingpostcts/dynamic_noise_reduction.nl.v'…
Writing powered netlist to '/home/asic/workspace/asic_project/runs/RUN_2025-05-13_10-43-45/36-openroad-resizertimingpostcts/dynamic_noise_reduction.pnl.v'…
Writing layout to '/home/asic/workspace/asic_project/runs/RUN_2025-05-13_10-43-45/36-openroad-resizertimingpostcts/dynamic_noise_reduction.def'…
Writing timing constraints to '/home/asic/workspace/asic_project/runs/RUN_2025-05-13_10-43-45/36-openroad-resizertimingpostcts/dynamic_noise_reduction.sdc'…
