Clock: clk
Sources: clk 
Generated: no
Virtual: yes
Propagated: no
Period: 13.000000

===========================================================================
report_clock_properties
============================================================================
Clock                   Period          Waveform
----------------------------------------------------
clk                  13.000000    0.000000  6.500000

===========================================================================
report_clock_latency
============================================================================
Clock clk
rise -> rise
    min     max
0.000000 0.000000 source latency
0.247081         network latency y_out_sky130_fd_sc_hd__dfrtp_2_Q_8/CLK
        0.248390 network latency y_out_sky130_fd_sc_hd__dfrtp_2_Q_15/CLK
---------------
0.247081 0.248390 latency
        0.001309 skew

fall -> fall
    min     max
0.000000 0.000000 source latency
0.226820         network latency y_out_sky130_fd_sc_hd__dfrtp_2_Q_8/CLK
        0.228069 network latency y_out_sky130_fd_sc_hd__dfrtp_2_Q_15/CLK
---------------
0.226820 0.228069 latency
        0.001249 skew



===========================================================================
report_clock_min_period
============================================================================
clk period_min = 4.43 fmax = 225.78
