Reading timing models for corner nom_tt_025C_1v80…
Reading timing library for the 'nom_tt_025C_1v80' corner at '/foss/pdks/volare/sky130/versions/0fe599b2afb6708d281543108caf8310912f54af/sky130A/libs.ref/sky130_fd_sc_hd/lib/sky130_fd_sc_hd__tt_025C_1v80.lib'…
Reading timing models for corner nom_ff_n40C_1v95…
Reading timing library for the 'nom_ff_n40C_1v95' corner at '/foss/pdks/volare/sky130/versions/0fe599b2afb6708d281543108caf8310912f54af/sky130A/libs.ref/sky130_fd_sc_hd/lib/sky130_fd_sc_hd__ff_n40C_1v95.lib'…
Reading timing models for corner nom_ss_100C_1v60…
Reading timing library for the 'nom_ss_100C_1v60' corner at '/foss/pdks/volare/sky130/versions/0fe599b2afb6708d281543108caf8310912f54af/sky130A/libs.ref/sky130_fd_sc_hd/lib/sky130_fd_sc_hd__ss_100C_1v60.lib'…
Reading OpenROAD database at '/home/asic/workspace/asic_project/runs/RUN_2025-05-13_11-17-30/34-openroad-cts/dynamic_noise_reduction.odb'…
Reading design constraints file at '/usr/local/lib/python3.12/dist-packages/openlane/scripts/base.sdc'…
[INFO] Using clock clk…
[INFO] Setting output delay to: 1
[INFO] Setting input delay to: 1
[INFO] Setting load to: 0.033442
[INFO] Setting clock uncertainty to: 0.25
[INFO] Setting clock transition to: 0.1499999999999999944488848768742172978818416595458984375
[INFO] Setting timing derate to: 5%
[INFO] Setting RC values…
[INFO RSZ-0094] Found 16 endpoints with setup violations.
[INFO RSZ-0099] Repairing 16 out of 16 (100.00%) violating endpoints...
   Iter   | Removed | Resized | Inserted | Cloned |  Pin  |    WNS   |   TNS      |  Viol  | Worst
          | Buffers |  Gates  | Buffers  |  Gates | Swaps |          |            | Endpts | Endpt
---------------------------------------------------------------------------------------------------
        0 |       0 |       0 |        0 |      0 |     0 |   -6.122 |      -85.0 |     16 | y_out_sky130_fd_sc_hd__dfrtp_2_Q/D
       10 |       0 |       9 |        0 |      0 |     0 |   -5.712 |      -79.2 |     16 | y_out_sky130_fd_sc_hd__dfrtp_2_Q_7/D
       20 |       0 |      16 |        2 |      0 |     2 |   -5.619 |      -78.0 |     16 | y_out_sky130_fd_sc_hd__dfrtp_2_Q_7/D
       30 |       0 |      24 |        5 |      0 |     3 |   -5.393 |      -74.4 |     16 | y_out_sky130_fd_sc_hd__dfrtp_2_Q/D
       40 |       0 |      32 |        5 |      0 |     5 |   -5.293 |      -73.0 |     16 | y_out_sky130_fd_sc_hd__dfrtp_2_Q_7/D
       50 |       0 |      38 |       10 |      0 |     7 |   -5.241 |      -72.1 |     16 | y_out_sky130_fd_sc_hd__dfrtp_2_Q_7/D
       60 |       0 |      45 |       12 |      0 |     9 |   -5.146 |      -70.5 |     16 | y_out_sky130_fd_sc_hd__dfrtp_2_Q_7/D
       70 |       0 |      54 |       12 |      0 |    10 |   -5.091 |      -69.6 |     16 | y_out_sky130_fd_sc_hd__dfrtp_2_Q_7/D
       80 |       0 |      62 |       14 |      0 |    11 |   -5.043 |      -69.0 |     16 | y_out_sky130_fd_sc_hd__dfrtp_2_Q_7/D
       90 |       0 |      65 |       14 |      0 |    18 |   -5.058 |      -68.9 |     16 | y_out_sky130_fd_sc_hd__dfrtp_2_Q_7/D
      100 |       0 |      68 |       18 |      0 |    23 |   -4.978 |      -68.5 |     16 | y_out_sky130_fd_sc_hd__dfrtp_2_Q_7/D
      110 |       0 |      76 |       20 |      0 |    24 |   -4.943 |      -67.7 |     16 | y_out_sky130_fd_sc_hd__dfrtp_2_Q_7/D
      120 |       0 |      82 |       22 |      0 |    27 |   -5.025 |      -68.4 |     16 | y_out_sky130_fd_sc_hd__dfrtp_2_Q_7/D
      130 |       0 |      89 |       24 |      0 |    29 |   -4.875 |      -66.8 |     16 | y_out_sky130_fd_sc_hd__dfrtp_2_Q/D
      140 |       0 |      92 |       30 |      0 |    34 |   -4.786 |      -65.7 |     16 | y_out_sky130_fd_sc_hd__dfrtp_2_Q_7/D
      150 |       0 |      98 |       35 |      0 |    36 |   -4.753 |      -64.9 |     16 | y_out_sky130_fd_sc_hd__dfrtp_2_Q_7/D
      160 |       0 |     106 |       38 |      0 |    37 |   -4.699 |      -64.3 |     16 | y_out_sky130_fd_sc_hd__dfrtp_2_Q/D
      170 |       0 |     115 |       38 |      0 |    38 |   -4.673 |      -63.9 |     16 | y_out_sky130_fd_sc_hd__dfrtp_2_Q_7/D
      180 |       0 |     120 |       43 |      1 |    40 |   -4.846 |      -64.9 |     16 | y_out_sky130_fd_sc_hd__dfrtp_2_Q_7/D
      190 |       0 |     124 |       50 |      1 |    43 |   -4.771 |      -64.2 |     16 | y_out_sky130_fd_sc_hd__dfrtp_2_Q_7/D
      200 |       0 |     128 |       57 |      1 |    46 |   -4.647 |      -63.5 |     16 | y_out_sky130_fd_sc_hd__dfrtp_2_Q_7/D
      210 |       0 |     135 |       63 |      1 |    47 |   -4.752 |      -63.7 |     16 | y_out_sky130_fd_sc_hd__dfrtp_2_Q_7/D
      220 |       0 |     141 |       68 |      1 |    49 |   -4.653 |      -63.2 |     16 | y_out_sky130_fd_sc_hd__dfrtp_2_Q_7/D
      230 |       0 |     147 |       72 |      2 |    51 |   -4.598 |      -62.7 |     16 | y_out_sky130_fd_sc_hd__dfrtp_2_Q/D
      240 |       0 |     151 |       74 |      2 |    56 |   -4.590 |      -62.3 |     16 | y_out_sky130_fd_sc_hd__dfrtp_2_Q_7/D
      250 |       0 |     154 |       76 |      2 |    62 |   -4.583 |      -62.1 |     16 | y_out_sky130_fd_sc_hd__dfrtp_2_Q_7/D
      260 |       0 |     159 |       78 |      2 |    66 |   -4.553 |      -61.9 |     16 | y_out_sky130_fd_sc_hd__dfrtp_2_Q_7/D
      270 |       0 |     166 |       83 |      2 |    67 |   -4.543 |      -61.8 |     16 | y_out_sky130_fd_sc_hd__dfrtp_2_Q_7/D
      280 |       0 |     168 |       96 |      2 |    69 |   -4.705 |      -65.3 |     16 | y_out_sky130_fd_sc_hd__dfrtp_2_Q/D
      290 |       0 |     173 |      100 |      2 |    72 |   -4.633 |      -64.3 |     16 | y_out_sky130_fd_sc_hd__dfrtp_2_Q/D
      300 |       0 |     178 |      102 |      2 |    76 |   -4.555 |      -62.9 |     16 | y_out_sky130_fd_sc_hd__dfrtp_2_Q_7/D
      310 |       0 |     187 |      104 |      2 |    76 |   -4.511 |      -62.4 |     16 | y_out_sky130_fd_sc_hd__dfrtp_2_Q_7/D
      320 |       0 |     194 |      106 |      2 |    78 |   -4.486 |      -61.9 |     16 | y_out_sky130_fd_sc_hd__dfrtp_2_Q_7/D
      330 |       0 |     200 |      115 |      2 |    79 |   -4.450 |      -61.5 |     16 | y_out_sky130_fd_sc_hd__dfrtp_2_Q/D
      340 |       0 |     206 |      117 |      2 |    82 |   -4.411 |      -60.7 |     16 | y_out_sky130_fd_sc_hd__dfrtp_2_Q/D
      350 |       0 |     215 |      119 |      2 |    82 |   -4.373 |      -60.2 |     16 | y_out_sky130_fd_sc_hd__dfrtp_2_Q_7/D
      360 |       0 |     222 |      123 |      2 |    83 |   -4.334 |      -59.8 |     16 | y_out_sky130_fd_sc_hd__dfrtp_2_Q_7/D
      370 |       0 |     228 |      127 |      2 |    85 |   -4.464 |      -61.0 |     16 | y_out_sky130_fd_sc_hd__dfrtp_2_Q/D
      380 |       0 |     232 |      131 |      2 |    89 |   -4.402 |      -60.4 |     16 | y_out_sky130_fd_sc_hd__dfrtp_2_Q/D
      390 |       0 |     235 |      140 |      3 |    91 |   -4.335 |      -59.8 |     16 | y_out_sky130_fd_sc_hd__dfrtp_2_Q/D
      400 |       0 |     242 |      140 |      3 |    94 |   -4.298 |      -59.2 |     16 | y_out_sky130_fd_sc_hd__dfrtp_2_Q_7/D
      410 |       0 |     248 |      142 |      3 |    97 |   -4.284 |      -59.1 |     16 | y_out_sky130_fd_sc_hd__dfrtp_2_Q_7/D
      420 |       0 |     253 |      144 |      4 |   100 |   -4.272 |      -58.9 |     16 | y_out_sky130_fd_sc_hd__dfrtp_2_Q_7/D
      430 |       0 |     260 |      146 |      4 |   102 |   -4.261 |      -58.7 |     16 | y_out_sky130_fd_sc_hd__dfrtp_2_Q_7/D
      440 |       0 |     265 |      149 |      4 |   106 |   -4.245 |      -58.5 |     16 | y_out_sky130_fd_sc_hd__dfrtp_2_Q_7/D
      446 |       0 |     267 |      153 |      4 |   108 |   -4.242 |      -58.4 |     16 | y_out_sky130_fd_sc_hd__dfrtp_2_Q/D
      450 |       0 |     268 |      155 |      4 |   109 |   -4.273 |      -58.4 |     16 | y_out_sky130_fd_sc_hd__dfrtp_2_Q/D
      451 |       0 |     267 |      154 |      4 |   108 |   -4.242 |      -58.4 |     16 | y_out_sky130_fd_sc_hd__dfrtp_2_Q/D
      460 |       0 |     272 |      156 |      4 |   110 |   -4.242 |      -58.4 |     16 | y_out_sky130_fd_sc_hd__dfrtp_2_Q/D
      470 |       0 |     276 |      165 |      4 |   112 |   -4.295 |      -59.1 |     16 | y_out_sky130_fd_sc_hd__dfrtp_2_Q_7/D
      470 |       0 |     276 |      162 |      4 |   110 |   -4.242 |      -58.3 |     16 | y_out_sky130_fd_sc_hd__dfrtp_2_Q/D
      473 |       0 |     276 |      163 |      4 |   110 |   -4.242 |      -58.3 |     16 | y_out_sky130_fd_sc_hd__dfrtp_2_Q/D
      479 |       0 |     276 |      163 |      4 |   110 |   -4.242 |      -58.3 |     16 | y_out_sky130_fd_sc_hd__dfrtp_2_Q/D
      480 |       0 |     276 |      163 |      4 |   110 |   -4.242 |      -58.3 |     16 | y_out_sky130_fd_sc_hd__dfrtp_2_Q/D
      485 |       0 |     276 |      166 |      4 |   110 |   -4.242 |      -58.3 |     16 | y_out_sky130_fd_sc_hd__dfrtp_2_Q/D
      490 |       0 |     280 |      166 |      4 |   110 |   -4.267 |      -58.2 |     16 | y_out_sky130_fd_sc_hd__dfrtp_2_Q/D
      500 |       0 |     287 |      166 |      4 |   113 |   -4.267 |      -58.1 |     16 | y_out_sky130_fd_sc_hd__dfrtp_2_Q/D
      510 |       0 |     292 |      168 |      5 |   116 |   -4.268 |      -58.1 |     16 | y_out_sky130_fd_sc_hd__dfrtp_2_Q/D
      519 |       0 |     276 |      170 |      4 |   110 |   -4.242 |      -58.3 |     16 | y_out_sky130_fd_sc_hd__dfrtp_2_Q/D
      520 |       0 |     276 |      170 |      4 |   110 |   -4.242 |      -58.3 |     16 | y_out_sky130_fd_sc_hd__dfrtp_2_Q/D
      522 |       0 |     276 |      170 |      4 |   110 |   -4.242 |      -58.3 |     16 | y_out_sky130_fd_sc_hd__dfrtp_2_Q/D
      530 |       0 |     280 |      172 |      4 |   112 |   -4.242 |      -58.2 |     16 | y_out_sky130_fd_sc_hd__dfrtp_2_Q/D
      540 |       0 |     288 |      172 |      4 |   114 |   -4.301 |      -58.9 |     16 | y_out_sky130_fd_sc_hd__dfrtp_2_Q_7/D
      550 |       0 |     292 |      178 |      4 |   117 |   -4.297 |      -58.9 |     16 | y_out_sky130_fd_sc_hd__dfrtp_2_Q_7/D
      560 |       0 |     295 |      185 |      4 |   121 |   -4.259 |      -58.5 |     16 | y_out_sky130_fd_sc_hd__dfrtp_2_Q_7/D
      570 |       0 |     299 |      189 |      4 |   125 |   -4.361 |      -59.6 |     16 | y_out_sky130_fd_sc_hd__dfrtp_2_Q_7/D
      576 |       0 |     283 |      180 |      4 |   112 |   -4.242 |      -58.2 |     16 | y_out_sky130_fd_sc_hd__dfrtp_2_Q/D
      579 |       0 |     283 |      180 |      4 |   112 |   -4.242 |      -58.2 |     16 | y_out_sky130_fd_sc_hd__dfrtp_2_Q/D
      580 |       0 |     283 |      180 |      4 |   112 |   -4.242 |      -58.2 |     16 | y_out_sky130_fd_sc_hd__dfrtp_2_Q/D
      581 |       0 |     283 |      180 |      4 |   112 |   -4.242 |      -58.2 |     16 | y_out_sky130_fd_sc_hd__dfrtp_2_Q/D
      590 |       0 |     289 |      184 |      4 |   112 |   -4.242 |      -58.1 |     16 | y_out_sky130_fd_sc_hd__dfrtp_2_Q/D
      600 |       0 |     293 |      190 |      5 |   114 |   -4.242 |      -58.0 |     16 | y_out_sky130_fd_sc_hd__dfrtp_2_Q/D
      610 |       0 |     300 |      190 |      5 |   117 |   -4.242 |      -58.4 |     16 | y_out_sky130_fd_sc_hd__dfrtp_2_Q/D
      620 |       0 |     305 |      190 |      5 |   122 |   -4.242 |      -58.1 |     16 | y_out_sky130_fd_sc_hd__dfrtp_2_Q/D
      630 |       0 |     312 |      196 |      5 |   123 |   -4.361 |      -59.2 |     16 | y_out_sky130_fd_sc_hd__dfrtp_2_Q/D
      634 |       0 |     287 |      189 |      4 |   112 |   -4.242 |      -58.2 |     16 | y_out_sky130_fd_sc_hd__dfrtp_2_Q/D
      640 |       0 |     291 |      189 |      4 |   113 |   -4.242 |      -58.2 |     16 | y_out_sky130_fd_sc_hd__dfrtp_2_Q/D
      650 |       0 |     296 |      193 |      5 |   115 |   -4.242 |      -58.0 |     16 | y_out_sky130_fd_sc_hd__dfrtp_2_Q/D
      660 |       0 |     300 |      205 |      5 |   116 |   -4.353 |      -59.1 |     16 | y_out_sky130_fd_sc_hd__dfrtp_2_Q/D
      670 |       1 |     306 |      207 |      5 |   118 |   -4.353 |      -59.0 |     16 | y_out_sky130_fd_sc_hd__dfrtp_2_Q/D
      674 |       0 |     290 |      198 |      4 |   113 |   -4.242 |      -58.2 |     16 | y_out_sky130_fd_sc_hd__dfrtp_2_Q/D
      680 |       0 |     294 |      198 |      4 |   114 |   -4.242 |      -58.1 |     16 | y_out_sky130_fd_sc_hd__dfrtp_2_Q/D
      690 |       0 |     300 |      200 |      5 |   116 |   -4.242 |      -58.1 |     16 | y_out_sky130_fd_sc_hd__dfrtp_2_Q/D
      700 |       0 |     307 |      206 |      5 |   116 |   -4.242 |      -58.0 |     16 | y_out_sky130_fd_sc_hd__dfrtp_2_Q/D
      710 |       0 |     314 |      210 |      5 |   117 |   -4.245 |      -58.1 |     16 | y_out_sky130_fd_sc_hd__dfrtp_2_Q/D
      720 |       0 |     320 |      210 |      6 |   120 |   -4.247 |      -58.1 |     16 | y_out_sky130_fd_sc_hd__dfrtp_2_Q/D
      725 |       0 |     295 |      204 |      4 |   113 |   -4.242 |      -58.2 |     16 | y_out_sky130_fd_sc_hd__dfrtp_2_Q/D
      730 |       0 |     299 |      204 |      4 |   113 |   -4.242 |      -58.1 |     16 | y_out_sky130_fd_sc_hd__dfrtp_2_Q/D
      740 |       0 |     304 |      210 |      5 |   114 |   -4.242 |      -58.0 |     16 | y_out_sky130_fd_sc_hd__dfrtp_2_Q/D
      750 |       0 |     313 |      212 |      5 |   114 |   -4.242 |      -58.0 |     16 | y_out_sky130_fd_sc_hd__dfrtp_2_Q/D
      760 |       0 |     319 |      216 |      6 |   115 |   -4.247 |      -58.0 |     16 | y_out_sky130_fd_sc_hd__dfrtp_2_Q/D
      770 |       0 |     324 |      220 |      6 |   118 |   -4.257 |      -58.1 |     16 | y_out_sky130_fd_sc_hd__dfrtp_2_Q/D
      770 |       0 |     320 |      217 |      5 |   114 |   -4.252 |      -58.1 |     16 | y_out_sky130_fd_sc_hd__dfrtp_2_Q/D
      780 |       0 |     325 |      219 |      6 |   116 |   -4.257 |      -58.2 |     16 | y_out_sky130_fd_sc_hd__dfrtp_2_Q/D
      789 |       0 |     321 |      220 |      5 |   114 |   -4.252 |      -58.1 |     16 | y_out_sky130_fd_sc_hd__dfrtp_2_Q/D
     790* |       0 |     321 |      220 |      5 |   114 |   -4.252 |      -58.1 |     16 | y_out_sky130_fd_sc_hd__dfrtp_2_Q/D
     790* |       0 |     321 |      220 |      5 |   114 |   -4.252 |      -58.1 |     16 | y_out_sky130_fd_sc_hd__dfrtp_2_Q/D
     791* |       0 |     321 |      220 |      5 |   114 |   -4.252 |      -58.1 |     16 | y_out_sky130_fd_sc_hd__dfrtp_2_Q/D
     792* |       0 |     321 |      220 |      5 |   114 |   -4.252 |      -58.1 |     16 | y_out_sky130_fd_sc_hd__dfrtp_2_Q/D
     793* |       0 |     321 |      220 |      5 |   114 |   -4.252 |      -58.1 |     16 | y_out_sky130_fd_sc_hd__dfrtp_2_Q/D
     794* |       0 |     321 |      220 |      5 |   114 |   -4.252 |      -58.1 |     16 | y_out_sky130_fd_sc_hd__dfrtp_2_Q/D
     795* |       0 |     321 |      220 |      5 |   114 |   -4.252 |      -58.1 |     16 | y_out_sky130_fd_sc_hd__dfrtp_2_Q/D
     796* |       0 |     321 |      220 |      5 |   114 |   -4.252 |      -58.1 |     16 | y_out_sky130_fd_sc_hd__dfrtp_2_Q/D
     797* |       0 |     321 |      220 |      5 |   114 |   -4.252 |      -58.1 |     16 | y_out_sky130_fd_sc_hd__dfrtp_2_Q/D
     800* |       0 |     323 |      220 |      5 |   114 |   -4.252 |      -58.0 |     16 | y_out_sky130_fd_sc_hd__dfrtp_2_Q/D
     800* |       0 |     323 |      220 |      5 |   114 |   -4.252 |      -58.0 |     16 | y_out_sky130_fd_sc_hd__dfrtp_2_Q/D
     801* |       0 |     323 |      220 |      5 |   114 |   -4.252 |      -58.0 |     16 | y_out_sky130_fd_sc_hd__dfrtp_2_Q/D
     802* |       0 |     323 |      220 |      5 |   114 |   -4.252 |      -58.0 |     16 | y_out_sky130_fd_sc_hd__dfrtp_2_Q/D
     803* |       0 |     323 |      220 |      5 |   114 |   -4.252 |      -58.0 |     16 | y_out_sky130_fd_sc_hd__dfrtp_2_Q/D
     804* |       0 |     323 |      220 |      5 |   114 |   -4.252 |      -58.0 |     16 | y_out_sky130_fd_sc_hd__dfrtp_2_Q/D
     805* |       0 |     323 |      220 |      5 |   114 |   -4.252 |      -58.0 |     16 | y_out_sky130_fd_sc_hd__dfrtp_2_Q/D
     806* |       0 |     323 |      220 |      5 |   114 |   -4.252 |      -58.0 |     16 | y_out_sky130_fd_sc_hd__dfrtp_2_Q/D
     808* |       0 |     324 |      220 |      5 |   114 |   -4.252 |      -58.0 |     16 | y_out_sky130_fd_sc_hd__dfrtp_2_Q/D
    final |       0 |     324 |      220 |      5 |   114 |   -4.252 |      -58.0 |     16 | y_out_sky130_fd_sc_hd__dfrtp_2_Q/D
---------------------------------------------------------------------------------------------------
[INFO RSZ-0040] Inserted 97 buffers.
[INFO RSZ-0041] Resized 324 instances.
[INFO RSZ-0043] Swapped pins on 114 instances.
[INFO RSZ-0049] Cloned 5 instances.
[WARNING RSZ-0062] Unable to repair all setup violations.
[INFO RSZ-0033] No hold violations found.
Placement Analysis
---------------------------------
total displacement       1427.6 u
average displacement        0.3 u
max displacement           11.0 u
original HPWL           70593.9 u
legalized HPWL          74221.7 u
delta HPWL                    5 %

[INFO DPL-0020] Mirrored 1451 instances
[INFO DPL-0021] HPWL before           74221.7 u
[INFO DPL-0022] HPWL after            71986.7 u
[INFO DPL-0023] HPWL delta               -3.0 %
[INFO] Setting RC values…
Setting global connections for newly added cells…
[INFO] Setting global connections...
Updating metrics…
Cell type report:                       Count       Area
  Fill cell                               180     675.65
  Tap cell                                828    1035.99
  Clock buffer                              4      88.84
  Timing Repair Buffer                    377    2615.01
  Inverter                                 68     267.76
  Sequential cell                          16     415.40
  Multi-Input combinational cell         2910   22529.11
  Total                                  4383   27627.75
Writing OpenROAD database to '/home/asic/workspace/asic_project/runs/RUN_2025-05-13_11-17-30/36-openroad-resizertimingpostcts/dynamic_noise_reduction.odb'…
Writing netlist to '/home/asic/workspace/asic_project/runs/RUN_2025-05-13_11-17-30/36-openroad-resizertimingpostcts/dynamic_noise_reduction.nl.v'…
Writing powered netlist to '/home/asic/workspace/asic_project/runs/RUN_2025-05-13_11-17-30/36-openroad-resizertimingpostcts/dynamic_noise_reduction.pnl.v'…
Writing layout to '/home/asic/workspace/asic_project/runs/RUN_2025-05-13_11-17-30/36-openroad-resizertimingpostcts/dynamic_noise_reduction.def'…
Writing timing constraints to '/home/asic/workspace/asic_project/runs/RUN_2025-05-13_11-17-30/36-openroad-resizertimingpostcts/dynamic_noise_reduction.sdc'…
