Clock: clk
Sources: clk 
Generated: no
Virtual: yes
Propagated: no
Period: 13.000000

===========================================================================
report_clock_properties
============================================================================
Clock                   Period          Waveform
----------------------------------------------------
clk                  13.000000    0.000000  6.500000

===========================================================================
report_clock_latency
============================================================================
Clock clk
rise -> rise
    min     max
0.000000 0.000000 source latency
0.317814         network latency y_out_sky130_fd_sc_hd__dfrtp_2_Q_7/CLK
        0.318645 network latency y_out_sky130_fd_sc_hd__dfrtp_2_Q_15/CLK
---------------
0.317814 0.318645 latency
        0.000831 skew

fall -> fall
    min     max
0.000000 0.000000 source latency
0.310393         network latency y_out_sky130_fd_sc_hd__dfrtp_2_Q_7/CLK
        0.311040 network latency y_out_sky130_fd_sc_hd__dfrtp_2_Q_1/CLK
---------------
0.310393 0.311040 latency
        0.000647 skew



===========================================================================
report_clock_min_period
============================================================================
clk period_min = 6.68 fmax = 149.66
