Clock: clk
Sources: clk 
Generated: no
Virtual: yes
Propagated: no
Period: 8.000000

===========================================================================
report_clock_properties
============================================================================
Clock                   Period          Waveform
----------------------------------------------------
clk                   8.000000    0.000000  4.000000

===========================================================================
report_clock_latency
============================================================================
Clock clk
rise -> rise
    min     max
0.000000 0.000000 source latency
0.155463         network latency y_out_sky130_fd_sc_hd__dfrtp_2_Q_11/CLK
        0.156069 network latency y_out_sky130_fd_sc_hd__dfrtp_2_Q/CLK
---------------
0.155463 0.156069 latency
        0.000606 skew

fall -> fall
    min     max
0.000000 0.000000 source latency
0.074591         network latency y_out_sky130_fd_sc_hd__dfrtp_2_Q_11/CLK
        0.075160 network latency y_out_sky130_fd_sc_hd__dfrtp_2_Q/CLK
---------------
0.074591 0.075160 latency
        0.000569 skew



===========================================================================
report_clock_min_period
============================================================================
clk period_min = 7.18 fmax = 139.30
