Clock: clk
Sources: clk 
Generated: no
Virtual: yes
Propagated: no
Period: 13.000000

===========================================================================
report_clock_properties
============================================================================
Clock                   Period          Waveform
----------------------------------------------------
clk                  13.000000    0.000000  6.500000

===========================================================================
report_clock_latency
============================================================================
Clock clk
rise -> rise
    min     max
0.000000 0.000000 source latency
0.155511         network latency y_out_sky130_fd_sc_hd__dfrtp_2_Q_11/CLK
        0.156117 network latency y_out_sky130_fd_sc_hd__dfrtp_2_Q/CLK
---------------
0.155511 0.156117 latency
        0.000606 skew

fall -> fall
    min     max
0.000000 0.000000 source latency
0.074617         network latency y_out_sky130_fd_sc_hd__dfrtp_2_Q_11/CLK
        0.075185 network latency y_out_sky130_fd_sc_hd__dfrtp_2_Q/CLK
---------------
0.074617 0.075185 latency
        0.000568 skew



===========================================================================
report_clock_min_period
============================================================================
clk period_min = 7.18 fmax = 139.29
