
===========================================================================
report_checks -unconstrained
===========================================================================
======================= nom_ss_100C_1v60 Corner ===================================

Startpoint: reset (input port clocked by clk)
Endpoint: y_out_sky130_fd_sc_hd__dfrtp_2_Q
          (recovery check against rising-edge clock clk)
Path Group: asynchronous
Path Type: max

Fanout         Cap        Slew       Delay        Time   Description
---------------------------------------------------------------------------------------------
                                  0.000000    0.000000   clock clk (rise edge)
                                  0.000000    0.000000   clock network delay (propagated)
                                  2.000000    2.000000 v input external delay
     1    0.003000    0.019224    0.009867    2.009867 v reset (in)
                                                         reset (net)
                      0.019224    0.000000    2.009867 v input17/A (sky130_fd_sc_hd__buf_1)
     1    0.011122    0.136450    0.207747    2.217614 v input17/X (sky130_fd_sc_hd__buf_1)
                                                         net17 (net)
                      0.136451    0.000654    2.218268 v fanout222/A (sky130_fd_sc_hd__clkbuf_4)
     7    0.049579    0.187547    0.394917    2.613185 v fanout222/X (sky130_fd_sc_hd__clkbuf_4)
                                                         net222 (net)
                      0.187556    0.001485    2.614670 v fanout221/A (sky130_fd_sc_hd__buf_4)
    10    0.065375    0.165843    0.409937    3.024607 v fanout221/X (sky130_fd_sc_hd__buf_4)
                                                         net221 (net)
                      0.166342    0.007901    3.032508 v y_out_sky130_fd_sc_hd__dfrtp_2_Q_RESET_B_sky130_fd_sc_hd__inv_2_Y/A (sky130_fd_sc_hd__inv_2)
     1    0.003812    0.059541    0.108155    3.140663 ^ y_out_sky130_fd_sc_hd__dfrtp_2_Q_RESET_B_sky130_fd_sc_hd__inv_2_Y/Y (sky130_fd_sc_hd__inv_2)
                                                         y_out_sky130_fd_sc_hd__dfrtp_2_Q_RESET_B (net)
                      0.059541    0.000079    3.140742 ^ y_out_sky130_fd_sc_hd__dfrtp_2_Q/RESET_B (sky130_fd_sc_hd__dfrtp_4)
                                              3.140742   data arrival time

                                 13.000000   13.000000   clock clk (rise edge)
                                  0.000000   13.000000   clock source latency
     1    0.029852    0.219133    0.151997   13.151997 ^ clk (in)
                                                         clk (net)
                      0.219203    0.000000   13.151997 ^ clkbuf_0_clk/A (sky130_fd_sc_hd__clkbuf_16)
     2    0.023087    0.071267    0.294313   13.446309 ^ clkbuf_0_clk/X (sky130_fd_sc_hd__clkbuf_16)
                                                         clknet_0_clk (net)
                      0.071292    0.000776   13.447085 ^ clkbuf_1_0__f_clk/A (sky130_fd_sc_hd__clkbuf_16)
     9    0.036936    0.090186    0.245723   13.692808 ^ clkbuf_1_0__f_clk/X (sky130_fd_sc_hd__clkbuf_16)
                                                         clknet_1_0__leaf_clk (net)
                      0.090237    0.001966   13.694774 ^ y_out_sky130_fd_sc_hd__dfrtp_2_Q/CLK (sky130_fd_sc_hd__dfrtp_4)
                                 -0.250000   13.444774   clock uncertainty
                                  0.000000   13.444774   clock reconvergence pessimism
                                  0.455516   13.900290   library recovery time
                                             13.900290   data required time
---------------------------------------------------------------------------------------------
                                             13.900290   data required time
                                             -3.140742   data arrival time
---------------------------------------------------------------------------------------------
                                             10.759547   slack (MET)


Startpoint: alpha[3] (input port clocked by clk)
Endpoint: y_out_sky130_fd_sc_hd__dfrtp_2_Q_7
          (rising edge-triggered flip-flop clocked by clk)
Path Group: clk
Path Type: max

Fanout         Cap        Slew       Delay        Time   Description
---------------------------------------------------------------------------------------------
                                  0.000000    0.000000   clock clk (rise edge)
                                  0.000000    0.000000   clock network delay (propagated)
                                  2.000000    2.000000 v input external delay
     1    0.002930    0.018956    0.009647    2.009647 v alpha[3] (in)
                                                         alpha[3] (net)
                      0.018956    0.000000    2.009647 v input10/A (sky130_fd_sc_hd__clkbuf_4)
     4    0.054027    0.202711    0.346121    2.355768 v input10/X (sky130_fd_sc_hd__clkbuf_4)
                                                         net10 (net)
                      0.202736    0.001935    2.357702 v fanout268/A (sky130_fd_sc_hd__clkbuf_4)
     8    0.050665    0.191054    0.425851    2.783553 v fanout268/X (sky130_fd_sc_hd__clkbuf_4)
                                                         net268 (net)
                      0.191054    0.001030    2.784583 v fanout267/A (sky130_fd_sc_hd__clkbuf_2)
     6    0.030281    0.215314    0.373527    3.158111 v fanout267/X (sky130_fd_sc_hd__clkbuf_2)
                                                         net267 (net)
                      0.215314    0.000470    3.158581 v fanout266/A (sky130_fd_sc_hd__buf_2)
    10    0.038538    0.183214    0.427542    3.586123 v fanout266/X (sky130_fd_sc_hd__buf_2)
                                                         net266 (net)
                      0.183215    0.000888    3.587011 v y_out_sky130_fd_sc_hd__dfrtp_2_Q_15_D_sky130_fd_sc_hd__xnor2_2_Y_A_sky130_fd_sc_hd__nand2b_2_Y_A_N_sky130_fd_sc_hd__nor3_2_Y_A_sky130_fd_sc_hd__or2_2_X_A_sky130_fd_sc_hd__and3_2_X_A_sky130_fd_sc_hd__o21ai_2_Y_A2_sky130_fd_sc_hd__o2bb2a_2_X_B1_sky130_fd_sc_hd__xnor2_2_Y_B_sky130_fd_sc_hd__xor2_2_X_B_sky130_fd_sc_hd__xor2_2_X_A_sky130_fd_sc_hd__a21bo_2_X_B1_N_sky130_fd_sc_hd__or4bb_2_X/B (sky130_fd_sc_hd__or4bb_1)
     2    0.005910    0.209104    1.193987    4.780998 v y_out_sky130_fd_sc_hd__dfrtp_2_Q_15_D_sky130_fd_sc_hd__xnor2_2_Y_A_sky130_fd_sc_hd__nand2b_2_Y_A_N_sky130_fd_sc_hd__nor3_2_Y_A_sky130_fd_sc_hd__or2_2_X_A_sky130_fd_sc_hd__and3_2_X_A_sky130_fd_sc_hd__o21ai_2_Y_A2_sky130_fd_sc_hd__o2bb2a_2_X_B1_sky130_fd_sc_hd__xnor2_2_Y_B_sky130_fd_sc_hd__xor2_2_X_B_sky130_fd_sc_hd__xor2_2_X_A_sky130_fd_sc_hd__a21bo_2_X_B1_N_sky130_fd_sc_hd__or4bb_2_X/X (sky130_fd_sc_hd__or4bb_1)
                                                         y_out_sky130_fd_sc_hd__dfrtp_2_Q_15_D_sky130_fd_sc_hd__xnor2_2_Y_A_sky130_fd_sc_hd__nand2b_2_Y_A_N_sky130_fd_sc_hd__nor3_2_Y_A_sky130_fd_sc_hd__or2_2_X_A_sky130_fd_sc_hd__and3_2_X_A_sky130_fd_sc_hd__o21ai_2_Y_A2_sky130_fd_sc_hd__o2bb2a_2_X_B1_sky130_fd_sc_hd__xnor2_2_Y_B_sky130_fd_sc_hd__xor2_2_X_B_sky130_fd_sc_hd__xor2_2_X_A_sky130_fd_sc_hd__a21bo_2_X_B1_N (net)
                      0.209104    0.000115    4.781114 v y_out_sky130_fd_sc_hd__dfrtp_2_Q_15_D_sky130_fd_sc_hd__xnor2_2_Y_A_sky130_fd_sc_hd__nand2b_2_Y_A_N_sky130_fd_sc_hd__nor3_2_Y_A_sky130_fd_sc_hd__or2_2_X_A_sky130_fd_sc_hd__and3_2_X_A_sky130_fd_sc_hd__o21ai_2_Y_A2_sky130_fd_sc_hd__o2bb2a_2_X_B1_sky130_fd_sc_hd__xnor2_2_Y_B_sky130_fd_sc_hd__xor2_2_X_B_sky130_fd_sc_hd__xor2_2_X_A_sky130_fd_sc_hd__a21bo_2_X_A2_sky130_fd_sc_hd__o21a_2_X/B1 (sky130_fd_sc_hd__o21a_1)
     2    0.012936    0.150829    0.340300    5.121414 v y_out_sky130_fd_sc_hd__dfrtp_2_Q_15_D_sky130_fd_sc_hd__xnor2_2_Y_A_sky130_fd_sc_hd__nand2b_2_Y_A_N_sky130_fd_sc_hd__nor3_2_Y_A_sky130_fd_sc_hd__or2_2_X_A_sky130_fd_sc_hd__and3_2_X_A_sky130_fd_sc_hd__o21ai_2_Y_A2_sky130_fd_sc_hd__o2bb2a_2_X_B1_sky130_fd_sc_hd__xnor2_2_Y_B_sky130_fd_sc_hd__xor2_2_X_B_sky130_fd_sc_hd__xor2_2_X_A_sky130_fd_sc_hd__a21bo_2_X_A2_sky130_fd_sc_hd__o21a_2_X/X (sky130_fd_sc_hd__o21a_1)
                                                         y_out_sky130_fd_sc_hd__dfrtp_2_Q_15_D_sky130_fd_sc_hd__xnor2_2_Y_A_sky130_fd_sc_hd__nand2b_2_Y_A_N_sky130_fd_sc_hd__nor3_2_Y_A_sky130_fd_sc_hd__or2_2_X_A_sky130_fd_sc_hd__and3_2_X_A_sky130_fd_sc_hd__o21ai_2_Y_A2_sky130_fd_sc_hd__o2bb2a_2_X_B1_sky130_fd_sc_hd__xnor2_2_Y_B_sky130_fd_sc_hd__xor2_2_X_B_sky130_fd_sc_hd__xor2_2_X_A_sky130_fd_sc_hd__a21bo_2_X_A2 (net)
                      0.150829    0.000266    5.121679 v y_out_sky130_fd_sc_hd__dfrtp_2_Q_15_D_sky130_fd_sc_hd__xnor2_2_Y_A_sky130_fd_sc_hd__nand2b_2_Y_A_N_sky130_fd_sc_hd__nor3_2_Y_A_sky130_fd_sc_hd__or2_2_X_A_sky130_fd_sc_hd__and3_2_X_A_sky130_fd_sc_hd__o21ai_2_Y_A2_sky130_fd_sc_hd__o2bb2a_2_X_B1_sky130_fd_sc_hd__xnor2_2_Y_A_sky130_fd_sc_hd__nand2_2_Y_A_sky130_fd_sc_hd__nand2b_2_Y_A_N_sky130_fd_sc_hd__xnor2_2_Y/B (sky130_fd_sc_hd__xnor2_2)
     2    0.011400    0.300160    0.327149    5.448829 ^ y_out_sky130_fd_sc_hd__dfrtp_2_Q_15_D_sky130_fd_sc_hd__xnor2_2_Y_A_sky130_fd_sc_hd__nand2b_2_Y_A_N_sky130_fd_sc_hd__nor3_2_Y_A_sky130_fd_sc_hd__or2_2_X_A_sky130_fd_sc_hd__and3_2_X_A_sky130_fd_sc_hd__o21ai_2_Y_A2_sky130_fd_sc_hd__o2bb2a_2_X_B1_sky130_fd_sc_hd__xnor2_2_Y_A_sky130_fd_sc_hd__nand2_2_Y_A_sky130_fd_sc_hd__nand2b_2_Y_A_N_sky130_fd_sc_hd__xnor2_2_Y/Y (sky130_fd_sc_hd__xnor2_2)
                                                         y_out_sky130_fd_sc_hd__dfrtp_2_Q_15_D_sky130_fd_sc_hd__xnor2_2_Y_A_sky130_fd_sc_hd__nand2b_2_Y_A_N_sky130_fd_sc_hd__nor3_2_Y_A_sky130_fd_sc_hd__or2_2_X_A_sky130_fd_sc_hd__and3_2_X_A_sky130_fd_sc_hd__o21ai_2_Y_A2_sky130_fd_sc_hd__o2bb2a_2_X_B1_sky130_fd_sc_hd__xnor2_2_Y_A_sky130_fd_sc_hd__nand2_2_Y_A_sky130_fd_sc_hd__nand2b_2_Y_A_N (net)
                      0.300160    0.000244    5.449072 ^ y_out_sky130_fd_sc_hd__dfrtp_2_Q_15_D_sky130_fd_sc_hd__xnor2_2_Y_A_sky130_fd_sc_hd__nand2b_2_Y_A_N_sky130_fd_sc_hd__nor3_2_Y_A_sky130_fd_sc_hd__or2_2_X_A_sky130_fd_sc_hd__and3_2_X_A_sky130_fd_sc_hd__o21ai_2_Y_A2_sky130_fd_sc_hd__o2bb2a_2_X_B2_sky130_fd_sc_hd__a21oi_2_Y_A2_sky130_fd_sc_hd__xnor2_2_Y_B_sky130_fd_sc_hd__xor2_2_X_B_sky130_fd_sc_hd__xor2_2_X/B (sky130_fd_sc_hd__xor2_2)
     2    0.011277    0.277373    0.389930    5.839003 ^ y_out_sky130_fd_sc_hd__dfrtp_2_Q_15_D_sky130_fd_sc_hd__xnor2_2_Y_A_sky130_fd_sc_hd__nand2b_2_Y_A_N_sky130_fd_sc_hd__nor3_2_Y_A_sky130_fd_sc_hd__or2_2_X_A_sky130_fd_sc_hd__and3_2_X_A_sky130_fd_sc_hd__o21ai_2_Y_A2_sky130_fd_sc_hd__o2bb2a_2_X_B2_sky130_fd_sc_hd__a21oi_2_Y_A2_sky130_fd_sc_hd__xnor2_2_Y_B_sky130_fd_sc_hd__xor2_2_X_B_sky130_fd_sc_hd__xor2_2_X/X (sky130_fd_sc_hd__xor2_2)
                                                         y_out_sky130_fd_sc_hd__dfrtp_2_Q_15_D_sky130_fd_sc_hd__xnor2_2_Y_A_sky130_fd_sc_hd__nand2b_2_Y_A_N_sky130_fd_sc_hd__nor3_2_Y_A_sky130_fd_sc_hd__or2_2_X_A_sky130_fd_sc_hd__and3_2_X_A_sky130_fd_sc_hd__o21ai_2_Y_A2_sky130_fd_sc_hd__o2bb2a_2_X_B2_sky130_fd_sc_hd__a21oi_2_Y_A2_sky130_fd_sc_hd__xnor2_2_Y_B_sky130_fd_sc_hd__xor2_2_X_B (net)
                      0.277373    0.000239    5.839242 ^ y_out_sky130_fd_sc_hd__dfrtp_2_Q_15_D_sky130_fd_sc_hd__xnor2_2_Y_A_sky130_fd_sc_hd__nand2b_2_Y_A_N_sky130_fd_sc_hd__nor3_2_Y_A_sky130_fd_sc_hd__or2_2_X_A_sky130_fd_sc_hd__and3_2_X_A_sky130_fd_sc_hd__o21ai_2_Y_A2_sky130_fd_sc_hd__o2bb2a_2_X_B2_sky130_fd_sc_hd__a21oi_2_Y_A2_sky130_fd_sc_hd__xnor2_2_Y_B_sky130_fd_sc_hd__xor2_2_X/B (sky130_fd_sc_hd__xor2_2)
     2    0.012645    0.300184    0.401790    6.241032 ^ y_out_sky130_fd_sc_hd__dfrtp_2_Q_15_D_sky130_fd_sc_hd__xnor2_2_Y_A_sky130_fd_sc_hd__nand2b_2_Y_A_N_sky130_fd_sc_hd__nor3_2_Y_A_sky130_fd_sc_hd__or2_2_X_A_sky130_fd_sc_hd__and3_2_X_A_sky130_fd_sc_hd__o21ai_2_Y_A2_sky130_fd_sc_hd__o2bb2a_2_X_B2_sky130_fd_sc_hd__a21oi_2_Y_A2_sky130_fd_sc_hd__xnor2_2_Y_B_sky130_fd_sc_hd__xor2_2_X/X (sky130_fd_sc_hd__xor2_2)
                                                         y_out_sky130_fd_sc_hd__dfrtp_2_Q_15_D_sky130_fd_sc_hd__xnor2_2_Y_A_sky130_fd_sc_hd__nand2b_2_Y_A_N_sky130_fd_sc_hd__nor3_2_Y_A_sky130_fd_sc_hd__or2_2_X_A_sky130_fd_sc_hd__and3_2_X_A_sky130_fd_sc_hd__o21ai_2_Y_A2_sky130_fd_sc_hd__o2bb2a_2_X_B2_sky130_fd_sc_hd__a21oi_2_Y_A2_sky130_fd_sc_hd__xnor2_2_Y_B (net)
                      0.300184    0.000408    6.241440 ^ y_out_sky130_fd_sc_hd__dfrtp_2_Q_15_D_sky130_fd_sc_hd__xnor2_2_Y_A_sky130_fd_sc_hd__nand2b_2_Y_A_N_sky130_fd_sc_hd__nor3_2_Y_A_sky130_fd_sc_hd__or2_2_X_A_sky130_fd_sc_hd__and3_2_X_A_sky130_fd_sc_hd__o21ai_2_Y_A2_sky130_fd_sc_hd__o2bb2a_2_X_B2_sky130_fd_sc_hd__a21oi_2_Y_A2_sky130_fd_sc_hd__xnor2_2_Y/B (sky130_fd_sc_hd__xnor2_2)
     2    0.014902    0.361550    0.336328    6.577768 ^ y_out_sky130_fd_sc_hd__dfrtp_2_Q_15_D_sky130_fd_sc_hd__xnor2_2_Y_A_sky130_fd_sc_hd__nand2b_2_Y_A_N_sky130_fd_sc_hd__nor3_2_Y_A_sky130_fd_sc_hd__or2_2_X_A_sky130_fd_sc_hd__and3_2_X_A_sky130_fd_sc_hd__o21ai_2_Y_A2_sky130_fd_sc_hd__o2bb2a_2_X_B2_sky130_fd_sc_hd__a21oi_2_Y_A2_sky130_fd_sc_hd__xnor2_2_Y/Y (sky130_fd_sc_hd__xnor2_2)
                                                         y_out_sky130_fd_sc_hd__dfrtp_2_Q_15_D_sky130_fd_sc_hd__xnor2_2_Y_A_sky130_fd_sc_hd__nand2b_2_Y_A_N_sky130_fd_sc_hd__nor3_2_Y_A_sky130_fd_sc_hd__or2_2_X_A_sky130_fd_sc_hd__and3_2_X_A_sky130_fd_sc_hd__o21ai_2_Y_A2_sky130_fd_sc_hd__o2bb2a_2_X_B2_sky130_fd_sc_hd__a21oi_2_Y_A2 (net)
                      0.361550    0.000231    6.577999 ^ y_out_sky130_fd_sc_hd__dfrtp_2_Q_15_D_sky130_fd_sc_hd__xnor2_2_Y_A_sky130_fd_sc_hd__nand2b_2_Y_A_N_sky130_fd_sc_hd__nor3_2_Y_B_sky130_fd_sc_hd__nor2_2_Y_B_sky130_fd_sc_hd__a211oi_2_Y_A2_sky130_fd_sc_hd__or2_2_X_B_sky130_fd_sc_hd__a21oi_2_Y_B1_sky130_fd_sc_hd__nor2_2_Y_A_sky130_fd_sc_hd__xnor2_2_Y/B (sky130_fd_sc_hd__xnor2_2)
     2    0.013042    0.328785    0.344775    6.922774 ^ y_out_sky130_fd_sc_hd__dfrtp_2_Q_15_D_sky130_fd_sc_hd__xnor2_2_Y_A_sky130_fd_sc_hd__nand2b_2_Y_A_N_sky130_fd_sc_hd__nor3_2_Y_B_sky130_fd_sc_hd__nor2_2_Y_B_sky130_fd_sc_hd__a211oi_2_Y_A2_sky130_fd_sc_hd__or2_2_X_B_sky130_fd_sc_hd__a21oi_2_Y_B1_sky130_fd_sc_hd__nor2_2_Y_A_sky130_fd_sc_hd__xnor2_2_Y/Y (sky130_fd_sc_hd__xnor2_2)
                                                         y_out_sky130_fd_sc_hd__dfrtp_2_Q_15_D_sky130_fd_sc_hd__xnor2_2_Y_A_sky130_fd_sc_hd__nand2b_2_Y_A_N_sky130_fd_sc_hd__nor3_2_Y_B_sky130_fd_sc_hd__nor2_2_Y_B_sky130_fd_sc_hd__a211oi_2_Y_A2_sky130_fd_sc_hd__or2_2_X_B_sky130_fd_sc_hd__a21oi_2_Y_B1_sky130_fd_sc_hd__nor2_2_Y_A (net)
                      0.328785    0.000357    6.923131 ^ y_out_sky130_fd_sc_hd__dfrtp_2_Q_15_D_sky130_fd_sc_hd__xnor2_2_Y_A_sky130_fd_sc_hd__nand2b_2_Y_A_N_sky130_fd_sc_hd__nor3_2_Y_B_sky130_fd_sc_hd__nor2_2_Y_B_sky130_fd_sc_hd__a211oi_2_Y_A2_sky130_fd_sc_hd__or2_2_X_B_sky130_fd_sc_hd__a21oi_2_Y_A2_sky130_fd_sc_hd__xor2_2_X/B (sky130_fd_sc_hd__xor2_2)
     2    0.010750    0.154982    0.258036    7.181168 v y_out_sky130_fd_sc_hd__dfrtp_2_Q_15_D_sky130_fd_sc_hd__xnor2_2_Y_A_sky130_fd_sc_hd__nand2b_2_Y_A_N_sky130_fd_sc_hd__nor3_2_Y_B_sky130_fd_sc_hd__nor2_2_Y_B_sky130_fd_sc_hd__a211oi_2_Y_A2_sky130_fd_sc_hd__or2_2_X_B_sky130_fd_sc_hd__a21oi_2_Y_A2_sky130_fd_sc_hd__xor2_2_X/X (sky130_fd_sc_hd__xor2_2)
                                                         y_out_sky130_fd_sc_hd__dfrtp_2_Q_15_D_sky130_fd_sc_hd__xnor2_2_Y_A_sky130_fd_sc_hd__nand2b_2_Y_A_N_sky130_fd_sc_hd__nor3_2_Y_B_sky130_fd_sc_hd__nor2_2_Y_B_sky130_fd_sc_hd__a211oi_2_Y_A2_sky130_fd_sc_hd__or2_2_X_B_sky130_fd_sc_hd__a21oi_2_Y_A2 (net)
                      0.154982    0.000314    7.181482 v y_out_sky130_fd_sc_hd__dfrtp_2_Q_15_D_sky130_fd_sc_hd__xnor2_2_Y_A_sky130_fd_sc_hd__nand2b_2_Y_A_N_sky130_fd_sc_hd__nor3_2_Y_B_sky130_fd_sc_hd__nor2_2_Y_B_sky130_fd_sc_hd__a211oi_2_Y_A2_sky130_fd_sc_hd__or2_2_X_B_sky130_fd_sc_hd__a21oi_2_Y_A2_sky130_fd_sc_hd__xnor2_2_B/B (sky130_fd_sc_hd__xnor2_1)
     2    0.015365    0.596726    0.560601    7.742083 ^ y_out_sky130_fd_sc_hd__dfrtp_2_Q_15_D_sky130_fd_sc_hd__xnor2_2_Y_A_sky130_fd_sc_hd__nand2b_2_Y_A_N_sky130_fd_sc_hd__nor3_2_Y_B_sky130_fd_sc_hd__nor2_2_Y_B_sky130_fd_sc_hd__a211oi_2_Y_A2_sky130_fd_sc_hd__or2_2_X_B_sky130_fd_sc_hd__a21oi_2_Y_A2_sky130_fd_sc_hd__xnor2_2_B/Y (sky130_fd_sc_hd__xnor2_1)
                                                         y_out_sky130_fd_sc_hd__dfrtp_2_Q_15_D_sky130_fd_sc_hd__xnor2_2_Y_B_sky130_fd_sc_hd__o21a_2_X_B1_sky130_fd_sc_hd__a211o_2_X_C1_sky130_fd_sc_hd__o21a_2_X_A2_sky130_fd_sc_hd__and3_2_X_C_sky130_fd_sc_hd__a21bo_2_X_B1_N_sky130_fd_sc_hd__a21oi_2_Y_A2_sky130_fd_sc_hd__xnor2_2_Y_B (net)
                      0.596729    0.000999    7.743082 ^ y_out_sky130_fd_sc_hd__dfrtp_2_Q_15_D_sky130_fd_sc_hd__xnor2_2_Y_B_sky130_fd_sc_hd__o21a_2_X_B1_sky130_fd_sc_hd__a211o_2_X_C1_sky130_fd_sc_hd__o21a_2_X_A2_sky130_fd_sc_hd__and3_2_X_C_sky130_fd_sc_hd__a21bo_2_X_B1_N_sky130_fd_sc_hd__a21oi_2_Y_A2_sky130_fd_sc_hd__xnor2_2_Y/B (sky130_fd_sc_hd__xnor2_1)
     2    0.008779    0.381357    0.441526    8.184608 ^ y_out_sky130_fd_sc_hd__dfrtp_2_Q_15_D_sky130_fd_sc_hd__xnor2_2_Y_B_sky130_fd_sc_hd__o21a_2_X_B1_sky130_fd_sc_hd__a211o_2_X_C1_sky130_fd_sc_hd__o21a_2_X_A2_sky130_fd_sc_hd__and3_2_X_C_sky130_fd_sc_hd__a21bo_2_X_B1_N_sky130_fd_sc_hd__a21oi_2_Y_A2_sky130_fd_sc_hd__xnor2_2_Y/Y (sky130_fd_sc_hd__xnor2_1)
                                                         y_out_sky130_fd_sc_hd__dfrtp_2_Q_15_D_sky130_fd_sc_hd__xnor2_2_Y_B_sky130_fd_sc_hd__o21a_2_X_B1_sky130_fd_sc_hd__a211o_2_X_C1_sky130_fd_sc_hd__o21a_2_X_A2_sky130_fd_sc_hd__and3_2_X_C_sky130_fd_sc_hd__a21bo_2_X_B1_N_sky130_fd_sc_hd__a21oi_2_Y_A2 (net)
                      0.381357    0.000231    8.184839 ^ y_out_sky130_fd_sc_hd__dfrtp_2_Q_15_D_sky130_fd_sc_hd__xnor2_2_Y_B_sky130_fd_sc_hd__o21a_2_X_B1_sky130_fd_sc_hd__a211o_2_X_C1_sky130_fd_sc_hd__o21a_2_X_A2_sky130_fd_sc_hd__and3_2_X_C_sky130_fd_sc_hd__a21bo_2_X_B1_N_sky130_fd_sc_hd__a21oi_2_Y_A1_sky130_fd_sc_hd__xnor2_2_A/B (sky130_fd_sc_hd__xnor2_1)
     3    0.011731    0.237050    0.336651    8.521489 v y_out_sky130_fd_sc_hd__dfrtp_2_Q_15_D_sky130_fd_sc_hd__xnor2_2_Y_B_sky130_fd_sc_hd__o21a_2_X_B1_sky130_fd_sc_hd__a211o_2_X_C1_sky130_fd_sc_hd__o21a_2_X_A2_sky130_fd_sc_hd__and3_2_X_C_sky130_fd_sc_hd__a21bo_2_X_B1_N_sky130_fd_sc_hd__a21oi_2_Y_A1_sky130_fd_sc_hd__xnor2_2_A/Y (sky130_fd_sc_hd__xnor2_1)
                                                         y_out_sky130_fd_sc_hd__dfrtp_2_Q_15_D_sky130_fd_sc_hd__xnor2_2_Y_B_sky130_fd_sc_hd__o21a_2_X_B1_sky130_fd_sc_hd__a211o_2_X_C1_sky130_fd_sc_hd__o21a_2_X_A2_sky130_fd_sc_hd__and3_2_X_A_sky130_fd_sc_hd__a21o_2_X_B1_sky130_fd_sc_hd__o211a_2_X_B1_sky130_fd_sc_hd__or3_2_X_C (net)
                      0.237050    0.000449    8.521938 v y_out_sky130_fd_sc_hd__dfrtp_2_Q_15_D_sky130_fd_sc_hd__xnor2_2_Y_B_sky130_fd_sc_hd__o21a_2_X_B1_sky130_fd_sc_hd__a211o_2_X_C1_sky130_fd_sc_hd__o21a_2_X_A2_sky130_fd_sc_hd__and3_2_X_A_sky130_fd_sc_hd__a21o_2_X_B1_sky130_fd_sc_hd__o211a_2_X_B1_sky130_fd_sc_hd__or3_2_X/A (sky130_fd_sc_hd__or3_4)
     2    0.005513    0.120772    0.819859    9.341797 v y_out_sky130_fd_sc_hd__dfrtp_2_Q_15_D_sky130_fd_sc_hd__xnor2_2_Y_B_sky130_fd_sc_hd__o21a_2_X_B1_sky130_fd_sc_hd__a211o_2_X_C1_sky130_fd_sc_hd__o21a_2_X_A2_sky130_fd_sc_hd__and3_2_X_A_sky130_fd_sc_hd__a21o_2_X_B1_sky130_fd_sc_hd__o211a_2_X_B1_sky130_fd_sc_hd__or3_2_X/X (sky130_fd_sc_hd__or3_4)
                                                         y_out_sky130_fd_sc_hd__dfrtp_2_Q_15_D_sky130_fd_sc_hd__xnor2_2_Y_B_sky130_fd_sc_hd__o21a_2_X_B1_sky130_fd_sc_hd__a211o_2_X_C1_sky130_fd_sc_hd__o21a_2_X_A2_sky130_fd_sc_hd__and3_2_X_A_sky130_fd_sc_hd__a21o_2_X_B1_sky130_fd_sc_hd__o211a_2_X_B1 (net)
                      0.120772    0.000096    9.341893 v y_out_sky130_fd_sc_hd__dfrtp_2_Q_15_D_sky130_fd_sc_hd__xnor2_2_Y_B_sky130_fd_sc_hd__o21a_2_X_B1_sky130_fd_sc_hd__a211o_2_X_C1_sky130_fd_sc_hd__o21a_2_X_A2_sky130_fd_sc_hd__and3_2_X_A_sky130_fd_sc_hd__a21o_2_X_A2_sky130_fd_sc_hd__a211o_2_X/A2 (sky130_fd_sc_hd__a211o_1)
     2    0.006148    0.115386    0.594957    9.936850 v y_out_sky130_fd_sc_hd__dfrtp_2_Q_15_D_sky130_fd_sc_hd__xnor2_2_Y_B_sky130_fd_sc_hd__o21a_2_X_B1_sky130_fd_sc_hd__a211o_2_X_C1_sky130_fd_sc_hd__o21a_2_X_A2_sky130_fd_sc_hd__and3_2_X_A_sky130_fd_sc_hd__a21o_2_X_A2_sky130_fd_sc_hd__a211o_2_X/X (sky130_fd_sc_hd__a211o_1)
                                                         y_out_sky130_fd_sc_hd__dfrtp_2_Q_15_D_sky130_fd_sc_hd__xnor2_2_Y_B_sky130_fd_sc_hd__o21a_2_X_B1_sky130_fd_sc_hd__a211o_2_X_C1_sky130_fd_sc_hd__o21a_2_X_A2_sky130_fd_sc_hd__and3_2_X_A_sky130_fd_sc_hd__a21o_2_X_A2 (net)
                      0.115386    0.000155    9.937004 v y_out_sky130_fd_sc_hd__dfrtp_2_Q_15_D_sky130_fd_sc_hd__xnor2_2_Y_B_sky130_fd_sc_hd__o21a_2_X_B1_sky130_fd_sc_hd__a211o_2_X_C1_sky130_fd_sc_hd__o21a_2_X_A1_sky130_fd_sc_hd__nor2_2_Y_B_sky130_fd_sc_hd__xnor2_2_Y_B_sky130_fd_sc_hd__and2b_2_X/B (sky130_fd_sc_hd__and2b_1)
     1    0.009143    0.116929    0.392878   10.329882 v y_out_sky130_fd_sc_hd__dfrtp_2_Q_15_D_sky130_fd_sc_hd__xnor2_2_Y_B_sky130_fd_sc_hd__o21a_2_X_B1_sky130_fd_sc_hd__a211o_2_X_C1_sky130_fd_sc_hd__o21a_2_X_A1_sky130_fd_sc_hd__nor2_2_Y_B_sky130_fd_sc_hd__xnor2_2_Y_B_sky130_fd_sc_hd__and2b_2_X/X (sky130_fd_sc_hd__and2b_1)
                                                         y_out_sky130_fd_sc_hd__dfrtp_2_Q_15_D_sky130_fd_sc_hd__xnor2_2_Y_B_sky130_fd_sc_hd__o21a_2_X_B1_sky130_fd_sc_hd__a211o_2_X_C1_sky130_fd_sc_hd__o21a_2_X_A1_sky130_fd_sc_hd__nor2_2_Y_B_sky130_fd_sc_hd__xnor2_2_Y_B (net)
                      0.116929    0.000203   10.330085 v y_out_sky130_fd_sc_hd__dfrtp_2_Q_15_D_sky130_fd_sc_hd__xnor2_2_Y_B_sky130_fd_sc_hd__o21a_2_X_B1_sky130_fd_sc_hd__a211o_2_X_C1_sky130_fd_sc_hd__o21a_2_X_A1_sky130_fd_sc_hd__nor2_2_Y_B_sky130_fd_sc_hd__xnor2_2_Y/A (sky130_fd_sc_hd__xnor2_2)
     2    0.009294    0.263780    0.326740   10.656825 ^ y_out_sky130_fd_sc_hd__dfrtp_2_Q_15_D_sky130_fd_sc_hd__xnor2_2_Y_B_sky130_fd_sc_hd__o21a_2_X_B1_sky130_fd_sc_hd__a211o_2_X_C1_sky130_fd_sc_hd__o21a_2_X_A1_sky130_fd_sc_hd__nor2_2_Y_B_sky130_fd_sc_hd__xnor2_2_Y/Y (sky130_fd_sc_hd__xnor2_2)
                                                         y_out_sky130_fd_sc_hd__dfrtp_2_Q_15_D_sky130_fd_sc_hd__xnor2_2_Y_B_sky130_fd_sc_hd__o21a_2_X_B1_sky130_fd_sc_hd__a211o_2_X_C1_sky130_fd_sc_hd__o21a_2_X_A1_sky130_fd_sc_hd__nor2_2_Y_B (net)
                      0.263780    0.000172   10.656998 ^ y_out_sky130_fd_sc_hd__dfrtp_2_Q_15_D_sky130_fd_sc_hd__xnor2_2_Y_B_sky130_fd_sc_hd__o21a_2_X_B1_sky130_fd_sc_hd__a211o_2_X_C1_sky130_fd_sc_hd__o21a_2_X_A1_sky130_fd_sc_hd__nor2_2_Y/A (sky130_fd_sc_hd__nor2_1)
     1    0.004211    0.082247    0.169061   10.826058 v y_out_sky130_fd_sc_hd__dfrtp_2_Q_15_D_sky130_fd_sc_hd__xnor2_2_Y_B_sky130_fd_sc_hd__o21a_2_X_B1_sky130_fd_sc_hd__a211o_2_X_C1_sky130_fd_sc_hd__o21a_2_X_A1_sky130_fd_sc_hd__nor2_2_Y/Y (sky130_fd_sc_hd__nor2_1)
                                                         y_out_sky130_fd_sc_hd__dfrtp_2_Q_15_D_sky130_fd_sc_hd__xnor2_2_Y_B_sky130_fd_sc_hd__o21a_2_X_B1_sky130_fd_sc_hd__a211o_2_X_C1_sky130_fd_sc_hd__o21a_2_X_A1 (net)
                      0.082247    0.000135   10.826194 v y_out_sky130_fd_sc_hd__dfrtp_2_Q_15_D_sky130_fd_sc_hd__xnor2_2_Y_B_sky130_fd_sc_hd__o21a_2_X_B1_sky130_fd_sc_hd__a211o_2_X_C1_sky130_fd_sc_hd__o21a_2_X/A2 (sky130_fd_sc_hd__o21a_1)
     2    0.009890    0.127383    0.375350   11.201544 v y_out_sky130_fd_sc_hd__dfrtp_2_Q_15_D_sky130_fd_sc_hd__xnor2_2_Y_B_sky130_fd_sc_hd__o21a_2_X_B1_sky130_fd_sc_hd__a211o_2_X_C1_sky130_fd_sc_hd__o21a_2_X/X (sky130_fd_sc_hd__o21a_1)
                                                         y_out_sky130_fd_sc_hd__dfrtp_2_Q_15_D_sky130_fd_sc_hd__xnor2_2_Y_B_sky130_fd_sc_hd__o21a_2_X_B1_sky130_fd_sc_hd__a211o_2_X_C1 (net)
                      0.127383    0.000322   11.201865 v y_out_sky130_fd_sc_hd__dfrtp_2_Q_15_D_sky130_fd_sc_hd__xnor2_2_Y_A_sky130_fd_sc_hd__nand2b_2_Y_B_sky130_fd_sc_hd__a31o_2_A2_X_sky130_fd_sc_hd__o31a_2_A3/A1 (sky130_fd_sc_hd__o31a_4)
     4    0.030718    0.149043    0.748833   11.950699 v y_out_sky130_fd_sc_hd__dfrtp_2_Q_15_D_sky130_fd_sc_hd__xnor2_2_Y_A_sky130_fd_sc_hd__nand2b_2_Y_B_sky130_fd_sc_hd__a31o_2_A2_X_sky130_fd_sc_hd__o31a_2_A3/X (sky130_fd_sc_hd__o31a_4)
                                                         y_out_sky130_fd_sc_hd__dfrtp_2_Q_15_D_sky130_fd_sc_hd__xnor2_2_Y_A_sky130_fd_sc_hd__nand2b_2_Y_B_sky130_fd_sc_hd__a31o_2_A2_X_sky130_fd_sc_hd__o31a_2_A3_X (net)
                      0.149180    0.002852   11.953550 v y_out_sky130_fd_sc_hd__dfrtp_2_Q_13_D_sky130_fd_sc_hd__xnor2_2_Y_A_sky130_fd_sc_hd__a311oi_2_A2/A1 (sky130_fd_sc_hd__a311oi_4)
     3    0.023047    0.585669    0.586961   12.540511 ^ y_out_sky130_fd_sc_hd__dfrtp_2_Q_13_D_sky130_fd_sc_hd__xnor2_2_Y_A_sky130_fd_sc_hd__a311oi_2_A2/Y (sky130_fd_sc_hd__a311oi_4)
                                                         y_out_sky130_fd_sc_hd__dfrtp_2_Q_10_D_sky130_fd_sc_hd__nor2_2_Y_B_sky130_fd_sc_hd__o21ba_2_X_A1 (net)
                      0.585671    0.001543   12.542054 ^ y_out_sky130_fd_sc_hd__dfrtp_2_Q_10_D_sky130_fd_sc_hd__nor2_2_Y_B_sky130_fd_sc_hd__o21ba_2_X_A1_sky130_fd_sc_hd__nor3b_2_A/A (sky130_fd_sc_hd__nor3b_2)
     4    0.012951    0.161489    0.307879   12.849933 v y_out_sky130_fd_sc_hd__dfrtp_2_Q_10_D_sky130_fd_sc_hd__nor2_2_Y_B_sky130_fd_sc_hd__o21ba_2_X_A1_sky130_fd_sc_hd__nor3b_2_A/Y (sky130_fd_sc_hd__nor3b_2)
                                                         y_out_sky130_fd_sc_hd__dfrtp_2_Q_10_D_sky130_fd_sc_hd__nor2_2_Y_B_sky130_fd_sc_hd__o21ba_2_X_A1_sky130_fd_sc_hd__nor3b_2_A_Y (net)
                      0.161489    0.000233   12.850165 v y_out_sky130_fd_sc_hd__dfrtp_2_Q_8_D_sky130_fd_sc_hd__and2b_2_X_A_N_sky130_fd_sc_hd__o311a_2_X/A3 (sky130_fd_sc_hd__o311a_1)
     2    0.005224    0.115334    0.607552   13.457718 v y_out_sky130_fd_sc_hd__dfrtp_2_Q_8_D_sky130_fd_sc_hd__and2b_2_X_A_N_sky130_fd_sc_hd__o311a_2_X/X (sky130_fd_sc_hd__o311a_1)
                                                         y_out_sky130_fd_sc_hd__dfrtp_2_Q_8_D_sky130_fd_sc_hd__and2b_2_X_A_N (net)
                      0.115334    0.000149   13.457868 v y_out_sky130_fd_sc_hd__dfrtp_2_Q_7_D_sky130_fd_sc_hd__xnor2_2_Y_B_sky130_fd_sc_hd__o21ba_2_X/B1_N (sky130_fd_sc_hd__o21ba_4)
     1    0.010992    0.092741    0.446017   13.903885 ^ y_out_sky130_fd_sc_hd__dfrtp_2_Q_7_D_sky130_fd_sc_hd__xnor2_2_Y_B_sky130_fd_sc_hd__o21ba_2_X/X (sky130_fd_sc_hd__o21ba_4)
                                                         y_out_sky130_fd_sc_hd__dfrtp_2_Q_7_D_sky130_fd_sc_hd__xnor2_2_Y_B (net)
                      0.092741    0.000401   13.904286 ^ y_out_sky130_fd_sc_hd__dfrtp_2_Q_7_D_sky130_fd_sc_hd__xnor2_2_Y/A (sky130_fd_sc_hd__xnor2_2)
     1    0.002708    0.082402    0.133452   14.037739 v y_out_sky130_fd_sc_hd__dfrtp_2_Q_7_D_sky130_fd_sc_hd__xnor2_2_Y/Y (sky130_fd_sc_hd__xnor2_2)
                                                         y_out_sky130_fd_sc_hd__dfrtp_2_Q_7_D (net)
                      0.082402    0.000079   14.037818 v y_out_sky130_fd_sc_hd__dfrtp_2_Q_7/D (sky130_fd_sc_hd__dfrtp_1)
                                             14.037818   data arrival time

                                 13.000000   13.000000   clock clk (rise edge)
                                  0.000000   13.000000   clock source latency
     1    0.029852    0.219133    0.151997   13.151997 ^ clk (in)
                                                         clk (net)
                      0.219203    0.000000   13.151997 ^ clkbuf_0_clk/A (sky130_fd_sc_hd__clkbuf_16)
     2    0.023087    0.071267    0.294313   13.446309 ^ clkbuf_0_clk/X (sky130_fd_sc_hd__clkbuf_16)
                                                         clknet_0_clk (net)
                      0.071292    0.000776   13.447085 ^ clkbuf_1_0__f_clk/A (sky130_fd_sc_hd__clkbuf_16)
     9    0.036936    0.090186    0.245723   13.692808 ^ clkbuf_1_0__f_clk/X (sky130_fd_sc_hd__clkbuf_16)
                                                         clknet_1_0__leaf_clk (net)
                      0.090190    0.000817   13.693625 ^ y_out_sky130_fd_sc_hd__dfrtp_2_Q_7/CLK (sky130_fd_sc_hd__dfrtp_1)
                                 -0.250000   13.443625   clock uncertainty
                                  0.000000   13.443625   clock reconvergence pessimism
                                 -0.276354   13.167272   library setup time
                                             13.167272   data required time
---------------------------------------------------------------------------------------------
                                             13.167272   data required time
                                            -14.037818   data arrival time
---------------------------------------------------------------------------------------------
                                             -0.870546   slack (VIOLATED)




===========================================================================
report_checks --slack_max -0.01
============================================================================
======================= nom_ss_100C_1v60 Corner ===================================

Startpoint: alpha[3] (input port clocked by clk)
Endpoint: y_out_sky130_fd_sc_hd__dfrtp_2_Q_7
          (rising edge-triggered flip-flop clocked by clk)
Path Group: clk
Path Type: max

Fanout         Cap        Slew       Delay        Time   Description
---------------------------------------------------------------------------------------------
                                  0.000000    0.000000   clock clk (rise edge)
                                  0.000000    0.000000   clock network delay (propagated)
                                  2.000000    2.000000 v input external delay
     1    0.002930    0.018956    0.009647    2.009647 v alpha[3] (in)
                                                         alpha[3] (net)
                      0.018956    0.000000    2.009647 v input10/A (sky130_fd_sc_hd__clkbuf_4)
     4    0.054027    0.202711    0.346121    2.355768 v input10/X (sky130_fd_sc_hd__clkbuf_4)
                                                         net10 (net)
                      0.202736    0.001935    2.357702 v fanout268/A (sky130_fd_sc_hd__clkbuf_4)
     8    0.050665    0.191054    0.425851    2.783553 v fanout268/X (sky130_fd_sc_hd__clkbuf_4)
                                                         net268 (net)
                      0.191054    0.001030    2.784583 v fanout267/A (sky130_fd_sc_hd__clkbuf_2)
     6    0.030281    0.215314    0.373527    3.158111 v fanout267/X (sky130_fd_sc_hd__clkbuf_2)
                                                         net267 (net)
                      0.215314    0.000470    3.158581 v fanout266/A (sky130_fd_sc_hd__buf_2)
    10    0.038538    0.183214    0.427542    3.586123 v fanout266/X (sky130_fd_sc_hd__buf_2)
                                                         net266 (net)
                      0.183215    0.000888    3.587011 v y_out_sky130_fd_sc_hd__dfrtp_2_Q_15_D_sky130_fd_sc_hd__xnor2_2_Y_A_sky130_fd_sc_hd__nand2b_2_Y_A_N_sky130_fd_sc_hd__nor3_2_Y_A_sky130_fd_sc_hd__or2_2_X_A_sky130_fd_sc_hd__and3_2_X_A_sky130_fd_sc_hd__o21ai_2_Y_A2_sky130_fd_sc_hd__o2bb2a_2_X_B1_sky130_fd_sc_hd__xnor2_2_Y_B_sky130_fd_sc_hd__xor2_2_X_B_sky130_fd_sc_hd__xor2_2_X_A_sky130_fd_sc_hd__a21bo_2_X_B1_N_sky130_fd_sc_hd__or4bb_2_X/B (sky130_fd_sc_hd__or4bb_1)
     2    0.005910    0.209104    1.193987    4.780998 v y_out_sky130_fd_sc_hd__dfrtp_2_Q_15_D_sky130_fd_sc_hd__xnor2_2_Y_A_sky130_fd_sc_hd__nand2b_2_Y_A_N_sky130_fd_sc_hd__nor3_2_Y_A_sky130_fd_sc_hd__or2_2_X_A_sky130_fd_sc_hd__and3_2_X_A_sky130_fd_sc_hd__o21ai_2_Y_A2_sky130_fd_sc_hd__o2bb2a_2_X_B1_sky130_fd_sc_hd__xnor2_2_Y_B_sky130_fd_sc_hd__xor2_2_X_B_sky130_fd_sc_hd__xor2_2_X_A_sky130_fd_sc_hd__a21bo_2_X_B1_N_sky130_fd_sc_hd__or4bb_2_X/X (sky130_fd_sc_hd__or4bb_1)
                                                         y_out_sky130_fd_sc_hd__dfrtp_2_Q_15_D_sky130_fd_sc_hd__xnor2_2_Y_A_sky130_fd_sc_hd__nand2b_2_Y_A_N_sky130_fd_sc_hd__nor3_2_Y_A_sky130_fd_sc_hd__or2_2_X_A_sky130_fd_sc_hd__and3_2_X_A_sky130_fd_sc_hd__o21ai_2_Y_A2_sky130_fd_sc_hd__o2bb2a_2_X_B1_sky130_fd_sc_hd__xnor2_2_Y_B_sky130_fd_sc_hd__xor2_2_X_B_sky130_fd_sc_hd__xor2_2_X_A_sky130_fd_sc_hd__a21bo_2_X_B1_N (net)
                      0.209104    0.000115    4.781114 v y_out_sky130_fd_sc_hd__dfrtp_2_Q_15_D_sky130_fd_sc_hd__xnor2_2_Y_A_sky130_fd_sc_hd__nand2b_2_Y_A_N_sky130_fd_sc_hd__nor3_2_Y_A_sky130_fd_sc_hd__or2_2_X_A_sky130_fd_sc_hd__and3_2_X_A_sky130_fd_sc_hd__o21ai_2_Y_A2_sky130_fd_sc_hd__o2bb2a_2_X_B1_sky130_fd_sc_hd__xnor2_2_Y_B_sky130_fd_sc_hd__xor2_2_X_B_sky130_fd_sc_hd__xor2_2_X_A_sky130_fd_sc_hd__a21bo_2_X_A2_sky130_fd_sc_hd__o21a_2_X/B1 (sky130_fd_sc_hd__o21a_1)
     2    0.012936    0.150829    0.340300    5.121414 v y_out_sky130_fd_sc_hd__dfrtp_2_Q_15_D_sky130_fd_sc_hd__xnor2_2_Y_A_sky130_fd_sc_hd__nand2b_2_Y_A_N_sky130_fd_sc_hd__nor3_2_Y_A_sky130_fd_sc_hd__or2_2_X_A_sky130_fd_sc_hd__and3_2_X_A_sky130_fd_sc_hd__o21ai_2_Y_A2_sky130_fd_sc_hd__o2bb2a_2_X_B1_sky130_fd_sc_hd__xnor2_2_Y_B_sky130_fd_sc_hd__xor2_2_X_B_sky130_fd_sc_hd__xor2_2_X_A_sky130_fd_sc_hd__a21bo_2_X_A2_sky130_fd_sc_hd__o21a_2_X/X (sky130_fd_sc_hd__o21a_1)
                                                         y_out_sky130_fd_sc_hd__dfrtp_2_Q_15_D_sky130_fd_sc_hd__xnor2_2_Y_A_sky130_fd_sc_hd__nand2b_2_Y_A_N_sky130_fd_sc_hd__nor3_2_Y_A_sky130_fd_sc_hd__or2_2_X_A_sky130_fd_sc_hd__and3_2_X_A_sky130_fd_sc_hd__o21ai_2_Y_A2_sky130_fd_sc_hd__o2bb2a_2_X_B1_sky130_fd_sc_hd__xnor2_2_Y_B_sky130_fd_sc_hd__xor2_2_X_B_sky130_fd_sc_hd__xor2_2_X_A_sky130_fd_sc_hd__a21bo_2_X_A2 (net)
                      0.150829    0.000266    5.121679 v y_out_sky130_fd_sc_hd__dfrtp_2_Q_15_D_sky130_fd_sc_hd__xnor2_2_Y_A_sky130_fd_sc_hd__nand2b_2_Y_A_N_sky130_fd_sc_hd__nor3_2_Y_A_sky130_fd_sc_hd__or2_2_X_A_sky130_fd_sc_hd__and3_2_X_A_sky130_fd_sc_hd__o21ai_2_Y_A2_sky130_fd_sc_hd__o2bb2a_2_X_B1_sky130_fd_sc_hd__xnor2_2_Y_A_sky130_fd_sc_hd__nand2_2_Y_A_sky130_fd_sc_hd__nand2b_2_Y_A_N_sky130_fd_sc_hd__xnor2_2_Y/B (sky130_fd_sc_hd__xnor2_2)
     2    0.011400    0.300160    0.327149    5.448829 ^ y_out_sky130_fd_sc_hd__dfrtp_2_Q_15_D_sky130_fd_sc_hd__xnor2_2_Y_A_sky130_fd_sc_hd__nand2b_2_Y_A_N_sky130_fd_sc_hd__nor3_2_Y_A_sky130_fd_sc_hd__or2_2_X_A_sky130_fd_sc_hd__and3_2_X_A_sky130_fd_sc_hd__o21ai_2_Y_A2_sky130_fd_sc_hd__o2bb2a_2_X_B1_sky130_fd_sc_hd__xnor2_2_Y_A_sky130_fd_sc_hd__nand2_2_Y_A_sky130_fd_sc_hd__nand2b_2_Y_A_N_sky130_fd_sc_hd__xnor2_2_Y/Y (sky130_fd_sc_hd__xnor2_2)
                                                         y_out_sky130_fd_sc_hd__dfrtp_2_Q_15_D_sky130_fd_sc_hd__xnor2_2_Y_A_sky130_fd_sc_hd__nand2b_2_Y_A_N_sky130_fd_sc_hd__nor3_2_Y_A_sky130_fd_sc_hd__or2_2_X_A_sky130_fd_sc_hd__and3_2_X_A_sky130_fd_sc_hd__o21ai_2_Y_A2_sky130_fd_sc_hd__o2bb2a_2_X_B1_sky130_fd_sc_hd__xnor2_2_Y_A_sky130_fd_sc_hd__nand2_2_Y_A_sky130_fd_sc_hd__nand2b_2_Y_A_N (net)
                      0.300160    0.000244    5.449072 ^ y_out_sky130_fd_sc_hd__dfrtp_2_Q_15_D_sky130_fd_sc_hd__xnor2_2_Y_A_sky130_fd_sc_hd__nand2b_2_Y_A_N_sky130_fd_sc_hd__nor3_2_Y_A_sky130_fd_sc_hd__or2_2_X_A_sky130_fd_sc_hd__and3_2_X_A_sky130_fd_sc_hd__o21ai_2_Y_A2_sky130_fd_sc_hd__o2bb2a_2_X_B2_sky130_fd_sc_hd__a21oi_2_Y_A2_sky130_fd_sc_hd__xnor2_2_Y_B_sky130_fd_sc_hd__xor2_2_X_B_sky130_fd_sc_hd__xor2_2_X/B (sky130_fd_sc_hd__xor2_2)
     2    0.011277    0.277373    0.389930    5.839003 ^ y_out_sky130_fd_sc_hd__dfrtp_2_Q_15_D_sky130_fd_sc_hd__xnor2_2_Y_A_sky130_fd_sc_hd__nand2b_2_Y_A_N_sky130_fd_sc_hd__nor3_2_Y_A_sky130_fd_sc_hd__or2_2_X_A_sky130_fd_sc_hd__and3_2_X_A_sky130_fd_sc_hd__o21ai_2_Y_A2_sky130_fd_sc_hd__o2bb2a_2_X_B2_sky130_fd_sc_hd__a21oi_2_Y_A2_sky130_fd_sc_hd__xnor2_2_Y_B_sky130_fd_sc_hd__xor2_2_X_B_sky130_fd_sc_hd__xor2_2_X/X (sky130_fd_sc_hd__xor2_2)
                                                         y_out_sky130_fd_sc_hd__dfrtp_2_Q_15_D_sky130_fd_sc_hd__xnor2_2_Y_A_sky130_fd_sc_hd__nand2b_2_Y_A_N_sky130_fd_sc_hd__nor3_2_Y_A_sky130_fd_sc_hd__or2_2_X_A_sky130_fd_sc_hd__and3_2_X_A_sky130_fd_sc_hd__o21ai_2_Y_A2_sky130_fd_sc_hd__o2bb2a_2_X_B2_sky130_fd_sc_hd__a21oi_2_Y_A2_sky130_fd_sc_hd__xnor2_2_Y_B_sky130_fd_sc_hd__xor2_2_X_B (net)
                      0.277373    0.000239    5.839242 ^ y_out_sky130_fd_sc_hd__dfrtp_2_Q_15_D_sky130_fd_sc_hd__xnor2_2_Y_A_sky130_fd_sc_hd__nand2b_2_Y_A_N_sky130_fd_sc_hd__nor3_2_Y_A_sky130_fd_sc_hd__or2_2_X_A_sky130_fd_sc_hd__and3_2_X_A_sky130_fd_sc_hd__o21ai_2_Y_A2_sky130_fd_sc_hd__o2bb2a_2_X_B2_sky130_fd_sc_hd__a21oi_2_Y_A2_sky130_fd_sc_hd__xnor2_2_Y_B_sky130_fd_sc_hd__xor2_2_X/B (sky130_fd_sc_hd__xor2_2)
     2    0.012645    0.300184    0.401790    6.241032 ^ y_out_sky130_fd_sc_hd__dfrtp_2_Q_15_D_sky130_fd_sc_hd__xnor2_2_Y_A_sky130_fd_sc_hd__nand2b_2_Y_A_N_sky130_fd_sc_hd__nor3_2_Y_A_sky130_fd_sc_hd__or2_2_X_A_sky130_fd_sc_hd__and3_2_X_A_sky130_fd_sc_hd__o21ai_2_Y_A2_sky130_fd_sc_hd__o2bb2a_2_X_B2_sky130_fd_sc_hd__a21oi_2_Y_A2_sky130_fd_sc_hd__xnor2_2_Y_B_sky130_fd_sc_hd__xor2_2_X/X (sky130_fd_sc_hd__xor2_2)
                                                         y_out_sky130_fd_sc_hd__dfrtp_2_Q_15_D_sky130_fd_sc_hd__xnor2_2_Y_A_sky130_fd_sc_hd__nand2b_2_Y_A_N_sky130_fd_sc_hd__nor3_2_Y_A_sky130_fd_sc_hd__or2_2_X_A_sky130_fd_sc_hd__and3_2_X_A_sky130_fd_sc_hd__o21ai_2_Y_A2_sky130_fd_sc_hd__o2bb2a_2_X_B2_sky130_fd_sc_hd__a21oi_2_Y_A2_sky130_fd_sc_hd__xnor2_2_Y_B (net)
                      0.300184    0.000408    6.241440 ^ y_out_sky130_fd_sc_hd__dfrtp_2_Q_15_D_sky130_fd_sc_hd__xnor2_2_Y_A_sky130_fd_sc_hd__nand2b_2_Y_A_N_sky130_fd_sc_hd__nor3_2_Y_A_sky130_fd_sc_hd__or2_2_X_A_sky130_fd_sc_hd__and3_2_X_A_sky130_fd_sc_hd__o21ai_2_Y_A2_sky130_fd_sc_hd__o2bb2a_2_X_B2_sky130_fd_sc_hd__a21oi_2_Y_A2_sky130_fd_sc_hd__xnor2_2_Y/B (sky130_fd_sc_hd__xnor2_2)
     2    0.014902    0.361550    0.336328    6.577768 ^ y_out_sky130_fd_sc_hd__dfrtp_2_Q_15_D_sky130_fd_sc_hd__xnor2_2_Y_A_sky130_fd_sc_hd__nand2b_2_Y_A_N_sky130_fd_sc_hd__nor3_2_Y_A_sky130_fd_sc_hd__or2_2_X_A_sky130_fd_sc_hd__and3_2_X_A_sky130_fd_sc_hd__o21ai_2_Y_A2_sky130_fd_sc_hd__o2bb2a_2_X_B2_sky130_fd_sc_hd__a21oi_2_Y_A2_sky130_fd_sc_hd__xnor2_2_Y/Y (sky130_fd_sc_hd__xnor2_2)
                                                         y_out_sky130_fd_sc_hd__dfrtp_2_Q_15_D_sky130_fd_sc_hd__xnor2_2_Y_A_sky130_fd_sc_hd__nand2b_2_Y_A_N_sky130_fd_sc_hd__nor3_2_Y_A_sky130_fd_sc_hd__or2_2_X_A_sky130_fd_sc_hd__and3_2_X_A_sky130_fd_sc_hd__o21ai_2_Y_A2_sky130_fd_sc_hd__o2bb2a_2_X_B2_sky130_fd_sc_hd__a21oi_2_Y_A2 (net)
                      0.361550    0.000231    6.577999 ^ y_out_sky130_fd_sc_hd__dfrtp_2_Q_15_D_sky130_fd_sc_hd__xnor2_2_Y_A_sky130_fd_sc_hd__nand2b_2_Y_A_N_sky130_fd_sc_hd__nor3_2_Y_B_sky130_fd_sc_hd__nor2_2_Y_B_sky130_fd_sc_hd__a211oi_2_Y_A2_sky130_fd_sc_hd__or2_2_X_B_sky130_fd_sc_hd__a21oi_2_Y_B1_sky130_fd_sc_hd__nor2_2_Y_A_sky130_fd_sc_hd__xnor2_2_Y/B (sky130_fd_sc_hd__xnor2_2)
     2    0.013042    0.328785    0.344775    6.922774 ^ y_out_sky130_fd_sc_hd__dfrtp_2_Q_15_D_sky130_fd_sc_hd__xnor2_2_Y_A_sky130_fd_sc_hd__nand2b_2_Y_A_N_sky130_fd_sc_hd__nor3_2_Y_B_sky130_fd_sc_hd__nor2_2_Y_B_sky130_fd_sc_hd__a211oi_2_Y_A2_sky130_fd_sc_hd__or2_2_X_B_sky130_fd_sc_hd__a21oi_2_Y_B1_sky130_fd_sc_hd__nor2_2_Y_A_sky130_fd_sc_hd__xnor2_2_Y/Y (sky130_fd_sc_hd__xnor2_2)
                                                         y_out_sky130_fd_sc_hd__dfrtp_2_Q_15_D_sky130_fd_sc_hd__xnor2_2_Y_A_sky130_fd_sc_hd__nand2b_2_Y_A_N_sky130_fd_sc_hd__nor3_2_Y_B_sky130_fd_sc_hd__nor2_2_Y_B_sky130_fd_sc_hd__a211oi_2_Y_A2_sky130_fd_sc_hd__or2_2_X_B_sky130_fd_sc_hd__a21oi_2_Y_B1_sky130_fd_sc_hd__nor2_2_Y_A (net)
                      0.328785    0.000357    6.923131 ^ y_out_sky130_fd_sc_hd__dfrtp_2_Q_15_D_sky130_fd_sc_hd__xnor2_2_Y_A_sky130_fd_sc_hd__nand2b_2_Y_A_N_sky130_fd_sc_hd__nor3_2_Y_B_sky130_fd_sc_hd__nor2_2_Y_B_sky130_fd_sc_hd__a211oi_2_Y_A2_sky130_fd_sc_hd__or2_2_X_B_sky130_fd_sc_hd__a21oi_2_Y_A2_sky130_fd_sc_hd__xor2_2_X/B (sky130_fd_sc_hd__xor2_2)
     2    0.010750    0.154982    0.258036    7.181168 v y_out_sky130_fd_sc_hd__dfrtp_2_Q_15_D_sky130_fd_sc_hd__xnor2_2_Y_A_sky130_fd_sc_hd__nand2b_2_Y_A_N_sky130_fd_sc_hd__nor3_2_Y_B_sky130_fd_sc_hd__nor2_2_Y_B_sky130_fd_sc_hd__a211oi_2_Y_A2_sky130_fd_sc_hd__or2_2_X_B_sky130_fd_sc_hd__a21oi_2_Y_A2_sky130_fd_sc_hd__xor2_2_X/X (sky130_fd_sc_hd__xor2_2)
                                                         y_out_sky130_fd_sc_hd__dfrtp_2_Q_15_D_sky130_fd_sc_hd__xnor2_2_Y_A_sky130_fd_sc_hd__nand2b_2_Y_A_N_sky130_fd_sc_hd__nor3_2_Y_B_sky130_fd_sc_hd__nor2_2_Y_B_sky130_fd_sc_hd__a211oi_2_Y_A2_sky130_fd_sc_hd__or2_2_X_B_sky130_fd_sc_hd__a21oi_2_Y_A2 (net)
                      0.154982    0.000314    7.181482 v y_out_sky130_fd_sc_hd__dfrtp_2_Q_15_D_sky130_fd_sc_hd__xnor2_2_Y_A_sky130_fd_sc_hd__nand2b_2_Y_A_N_sky130_fd_sc_hd__nor3_2_Y_B_sky130_fd_sc_hd__nor2_2_Y_B_sky130_fd_sc_hd__a211oi_2_Y_A2_sky130_fd_sc_hd__or2_2_X_B_sky130_fd_sc_hd__a21oi_2_Y_A2_sky130_fd_sc_hd__xnor2_2_B/B (sky130_fd_sc_hd__xnor2_1)
     2    0.015365    0.596726    0.560601    7.742083 ^ y_out_sky130_fd_sc_hd__dfrtp_2_Q_15_D_sky130_fd_sc_hd__xnor2_2_Y_A_sky130_fd_sc_hd__nand2b_2_Y_A_N_sky130_fd_sc_hd__nor3_2_Y_B_sky130_fd_sc_hd__nor2_2_Y_B_sky130_fd_sc_hd__a211oi_2_Y_A2_sky130_fd_sc_hd__or2_2_X_B_sky130_fd_sc_hd__a21oi_2_Y_A2_sky130_fd_sc_hd__xnor2_2_B/Y (sky130_fd_sc_hd__xnor2_1)
                                                         y_out_sky130_fd_sc_hd__dfrtp_2_Q_15_D_sky130_fd_sc_hd__xnor2_2_Y_B_sky130_fd_sc_hd__o21a_2_X_B1_sky130_fd_sc_hd__a211o_2_X_C1_sky130_fd_sc_hd__o21a_2_X_A2_sky130_fd_sc_hd__and3_2_X_C_sky130_fd_sc_hd__a21bo_2_X_B1_N_sky130_fd_sc_hd__a21oi_2_Y_A2_sky130_fd_sc_hd__xnor2_2_Y_B (net)
                      0.596729    0.000999    7.743082 ^ y_out_sky130_fd_sc_hd__dfrtp_2_Q_15_D_sky130_fd_sc_hd__xnor2_2_Y_B_sky130_fd_sc_hd__o21a_2_X_B1_sky130_fd_sc_hd__a211o_2_X_C1_sky130_fd_sc_hd__o21a_2_X_A2_sky130_fd_sc_hd__and3_2_X_C_sky130_fd_sc_hd__a21bo_2_X_B1_N_sky130_fd_sc_hd__a21oi_2_Y_A2_sky130_fd_sc_hd__xnor2_2_Y/B (sky130_fd_sc_hd__xnor2_1)
     2    0.008779    0.381357    0.441526    8.184608 ^ y_out_sky130_fd_sc_hd__dfrtp_2_Q_15_D_sky130_fd_sc_hd__xnor2_2_Y_B_sky130_fd_sc_hd__o21a_2_X_B1_sky130_fd_sc_hd__a211o_2_X_C1_sky130_fd_sc_hd__o21a_2_X_A2_sky130_fd_sc_hd__and3_2_X_C_sky130_fd_sc_hd__a21bo_2_X_B1_N_sky130_fd_sc_hd__a21oi_2_Y_A2_sky130_fd_sc_hd__xnor2_2_Y/Y (sky130_fd_sc_hd__xnor2_1)
                                                         y_out_sky130_fd_sc_hd__dfrtp_2_Q_15_D_sky130_fd_sc_hd__xnor2_2_Y_B_sky130_fd_sc_hd__o21a_2_X_B1_sky130_fd_sc_hd__a211o_2_X_C1_sky130_fd_sc_hd__o21a_2_X_A2_sky130_fd_sc_hd__and3_2_X_C_sky130_fd_sc_hd__a21bo_2_X_B1_N_sky130_fd_sc_hd__a21oi_2_Y_A2 (net)
                      0.381357    0.000231    8.184839 ^ y_out_sky130_fd_sc_hd__dfrtp_2_Q_15_D_sky130_fd_sc_hd__xnor2_2_Y_B_sky130_fd_sc_hd__o21a_2_X_B1_sky130_fd_sc_hd__a211o_2_X_C1_sky130_fd_sc_hd__o21a_2_X_A2_sky130_fd_sc_hd__and3_2_X_C_sky130_fd_sc_hd__a21bo_2_X_B1_N_sky130_fd_sc_hd__a21oi_2_Y_A1_sky130_fd_sc_hd__xnor2_2_A/B (sky130_fd_sc_hd__xnor2_1)
     3    0.011731    0.237050    0.336651    8.521489 v y_out_sky130_fd_sc_hd__dfrtp_2_Q_15_D_sky130_fd_sc_hd__xnor2_2_Y_B_sky130_fd_sc_hd__o21a_2_X_B1_sky130_fd_sc_hd__a211o_2_X_C1_sky130_fd_sc_hd__o21a_2_X_A2_sky130_fd_sc_hd__and3_2_X_C_sky130_fd_sc_hd__a21bo_2_X_B1_N_sky130_fd_sc_hd__a21oi_2_Y_A1_sky130_fd_sc_hd__xnor2_2_A/Y (sky130_fd_sc_hd__xnor2_1)
                                                         y_out_sky130_fd_sc_hd__dfrtp_2_Q_15_D_sky130_fd_sc_hd__xnor2_2_Y_B_sky130_fd_sc_hd__o21a_2_X_B1_sky130_fd_sc_hd__a211o_2_X_C1_sky130_fd_sc_hd__o21a_2_X_A2_sky130_fd_sc_hd__and3_2_X_A_sky130_fd_sc_hd__a21o_2_X_B1_sky130_fd_sc_hd__o211a_2_X_B1_sky130_fd_sc_hd__or3_2_X_C (net)
                      0.237050    0.000449    8.521938 v y_out_sky130_fd_sc_hd__dfrtp_2_Q_15_D_sky130_fd_sc_hd__xnor2_2_Y_B_sky130_fd_sc_hd__o21a_2_X_B1_sky130_fd_sc_hd__a211o_2_X_C1_sky130_fd_sc_hd__o21a_2_X_A2_sky130_fd_sc_hd__and3_2_X_A_sky130_fd_sc_hd__a21o_2_X_B1_sky130_fd_sc_hd__o211a_2_X_B1_sky130_fd_sc_hd__or3_2_X/A (sky130_fd_sc_hd__or3_4)
     2    0.005513    0.120772    0.819859    9.341797 v y_out_sky130_fd_sc_hd__dfrtp_2_Q_15_D_sky130_fd_sc_hd__xnor2_2_Y_B_sky130_fd_sc_hd__o21a_2_X_B1_sky130_fd_sc_hd__a211o_2_X_C1_sky130_fd_sc_hd__o21a_2_X_A2_sky130_fd_sc_hd__and3_2_X_A_sky130_fd_sc_hd__a21o_2_X_B1_sky130_fd_sc_hd__o211a_2_X_B1_sky130_fd_sc_hd__or3_2_X/X (sky130_fd_sc_hd__or3_4)
                                                         y_out_sky130_fd_sc_hd__dfrtp_2_Q_15_D_sky130_fd_sc_hd__xnor2_2_Y_B_sky130_fd_sc_hd__o21a_2_X_B1_sky130_fd_sc_hd__a211o_2_X_C1_sky130_fd_sc_hd__o21a_2_X_A2_sky130_fd_sc_hd__and3_2_X_A_sky130_fd_sc_hd__a21o_2_X_B1_sky130_fd_sc_hd__o211a_2_X_B1 (net)
                      0.120772    0.000096    9.341893 v y_out_sky130_fd_sc_hd__dfrtp_2_Q_15_D_sky130_fd_sc_hd__xnor2_2_Y_B_sky130_fd_sc_hd__o21a_2_X_B1_sky130_fd_sc_hd__a211o_2_X_C1_sky130_fd_sc_hd__o21a_2_X_A2_sky130_fd_sc_hd__and3_2_X_A_sky130_fd_sc_hd__a21o_2_X_A2_sky130_fd_sc_hd__a211o_2_X/A2 (sky130_fd_sc_hd__a211o_1)
     2    0.006148    0.115386    0.594957    9.936850 v y_out_sky130_fd_sc_hd__dfrtp_2_Q_15_D_sky130_fd_sc_hd__xnor2_2_Y_B_sky130_fd_sc_hd__o21a_2_X_B1_sky130_fd_sc_hd__a211o_2_X_C1_sky130_fd_sc_hd__o21a_2_X_A2_sky130_fd_sc_hd__and3_2_X_A_sky130_fd_sc_hd__a21o_2_X_A2_sky130_fd_sc_hd__a211o_2_X/X (sky130_fd_sc_hd__a211o_1)
                                                         y_out_sky130_fd_sc_hd__dfrtp_2_Q_15_D_sky130_fd_sc_hd__xnor2_2_Y_B_sky130_fd_sc_hd__o21a_2_X_B1_sky130_fd_sc_hd__a211o_2_X_C1_sky130_fd_sc_hd__o21a_2_X_A2_sky130_fd_sc_hd__and3_2_X_A_sky130_fd_sc_hd__a21o_2_X_A2 (net)
                      0.115386    0.000155    9.937004 v y_out_sky130_fd_sc_hd__dfrtp_2_Q_15_D_sky130_fd_sc_hd__xnor2_2_Y_B_sky130_fd_sc_hd__o21a_2_X_B1_sky130_fd_sc_hd__a211o_2_X_C1_sky130_fd_sc_hd__o21a_2_X_A1_sky130_fd_sc_hd__nor2_2_Y_B_sky130_fd_sc_hd__xnor2_2_Y_B_sky130_fd_sc_hd__and2b_2_X/B (sky130_fd_sc_hd__and2b_1)
     1    0.009143    0.116929    0.392878   10.329882 v y_out_sky130_fd_sc_hd__dfrtp_2_Q_15_D_sky130_fd_sc_hd__xnor2_2_Y_B_sky130_fd_sc_hd__o21a_2_X_B1_sky130_fd_sc_hd__a211o_2_X_C1_sky130_fd_sc_hd__o21a_2_X_A1_sky130_fd_sc_hd__nor2_2_Y_B_sky130_fd_sc_hd__xnor2_2_Y_B_sky130_fd_sc_hd__and2b_2_X/X (sky130_fd_sc_hd__and2b_1)
                                                         y_out_sky130_fd_sc_hd__dfrtp_2_Q_15_D_sky130_fd_sc_hd__xnor2_2_Y_B_sky130_fd_sc_hd__o21a_2_X_B1_sky130_fd_sc_hd__a211o_2_X_C1_sky130_fd_sc_hd__o21a_2_X_A1_sky130_fd_sc_hd__nor2_2_Y_B_sky130_fd_sc_hd__xnor2_2_Y_B (net)
                      0.116929    0.000203   10.330085 v y_out_sky130_fd_sc_hd__dfrtp_2_Q_15_D_sky130_fd_sc_hd__xnor2_2_Y_B_sky130_fd_sc_hd__o21a_2_X_B1_sky130_fd_sc_hd__a211o_2_X_C1_sky130_fd_sc_hd__o21a_2_X_A1_sky130_fd_sc_hd__nor2_2_Y_B_sky130_fd_sc_hd__xnor2_2_Y/A (sky130_fd_sc_hd__xnor2_2)
     2    0.009294    0.263780    0.326740   10.656825 ^ y_out_sky130_fd_sc_hd__dfrtp_2_Q_15_D_sky130_fd_sc_hd__xnor2_2_Y_B_sky130_fd_sc_hd__o21a_2_X_B1_sky130_fd_sc_hd__a211o_2_X_C1_sky130_fd_sc_hd__o21a_2_X_A1_sky130_fd_sc_hd__nor2_2_Y_B_sky130_fd_sc_hd__xnor2_2_Y/Y (sky130_fd_sc_hd__xnor2_2)
                                                         y_out_sky130_fd_sc_hd__dfrtp_2_Q_15_D_sky130_fd_sc_hd__xnor2_2_Y_B_sky130_fd_sc_hd__o21a_2_X_B1_sky130_fd_sc_hd__a211o_2_X_C1_sky130_fd_sc_hd__o21a_2_X_A1_sky130_fd_sc_hd__nor2_2_Y_B (net)
                      0.263780    0.000172   10.656998 ^ y_out_sky130_fd_sc_hd__dfrtp_2_Q_15_D_sky130_fd_sc_hd__xnor2_2_Y_B_sky130_fd_sc_hd__o21a_2_X_B1_sky130_fd_sc_hd__a211o_2_X_C1_sky130_fd_sc_hd__o21a_2_X_A1_sky130_fd_sc_hd__nor2_2_Y/A (sky130_fd_sc_hd__nor2_1)
     1    0.004211    0.082247    0.169061   10.826058 v y_out_sky130_fd_sc_hd__dfrtp_2_Q_15_D_sky130_fd_sc_hd__xnor2_2_Y_B_sky130_fd_sc_hd__o21a_2_X_B1_sky130_fd_sc_hd__a211o_2_X_C1_sky130_fd_sc_hd__o21a_2_X_A1_sky130_fd_sc_hd__nor2_2_Y/Y (sky130_fd_sc_hd__nor2_1)
                                                         y_out_sky130_fd_sc_hd__dfrtp_2_Q_15_D_sky130_fd_sc_hd__xnor2_2_Y_B_sky130_fd_sc_hd__o21a_2_X_B1_sky130_fd_sc_hd__a211o_2_X_C1_sky130_fd_sc_hd__o21a_2_X_A1 (net)
                      0.082247    0.000135   10.826194 v y_out_sky130_fd_sc_hd__dfrtp_2_Q_15_D_sky130_fd_sc_hd__xnor2_2_Y_B_sky130_fd_sc_hd__o21a_2_X_B1_sky130_fd_sc_hd__a211o_2_X_C1_sky130_fd_sc_hd__o21a_2_X/A2 (sky130_fd_sc_hd__o21a_1)
     2    0.009890    0.127383    0.375350   11.201544 v y_out_sky130_fd_sc_hd__dfrtp_2_Q_15_D_sky130_fd_sc_hd__xnor2_2_Y_B_sky130_fd_sc_hd__o21a_2_X_B1_sky130_fd_sc_hd__a211o_2_X_C1_sky130_fd_sc_hd__o21a_2_X/X (sky130_fd_sc_hd__o21a_1)
                                                         y_out_sky130_fd_sc_hd__dfrtp_2_Q_15_D_sky130_fd_sc_hd__xnor2_2_Y_B_sky130_fd_sc_hd__o21a_2_X_B1_sky130_fd_sc_hd__a211o_2_X_C1 (net)
                      0.127383    0.000322   11.201865 v y_out_sky130_fd_sc_hd__dfrtp_2_Q_15_D_sky130_fd_sc_hd__xnor2_2_Y_A_sky130_fd_sc_hd__nand2b_2_Y_B_sky130_fd_sc_hd__a31o_2_A2_X_sky130_fd_sc_hd__o31a_2_A3/A1 (sky130_fd_sc_hd__o31a_4)
     4    0.030718    0.149043    0.748833   11.950699 v y_out_sky130_fd_sc_hd__dfrtp_2_Q_15_D_sky130_fd_sc_hd__xnor2_2_Y_A_sky130_fd_sc_hd__nand2b_2_Y_B_sky130_fd_sc_hd__a31o_2_A2_X_sky130_fd_sc_hd__o31a_2_A3/X (sky130_fd_sc_hd__o31a_4)
                                                         y_out_sky130_fd_sc_hd__dfrtp_2_Q_15_D_sky130_fd_sc_hd__xnor2_2_Y_A_sky130_fd_sc_hd__nand2b_2_Y_B_sky130_fd_sc_hd__a31o_2_A2_X_sky130_fd_sc_hd__o31a_2_A3_X (net)
                      0.149180    0.002852   11.953550 v y_out_sky130_fd_sc_hd__dfrtp_2_Q_13_D_sky130_fd_sc_hd__xnor2_2_Y_A_sky130_fd_sc_hd__a311oi_2_A2/A1 (sky130_fd_sc_hd__a311oi_4)
     3    0.023047    0.585669    0.586961   12.540511 ^ y_out_sky130_fd_sc_hd__dfrtp_2_Q_13_D_sky130_fd_sc_hd__xnor2_2_Y_A_sky130_fd_sc_hd__a311oi_2_A2/Y (sky130_fd_sc_hd__a311oi_4)
                                                         y_out_sky130_fd_sc_hd__dfrtp_2_Q_10_D_sky130_fd_sc_hd__nor2_2_Y_B_sky130_fd_sc_hd__o21ba_2_X_A1 (net)
                      0.585671    0.001543   12.542054 ^ y_out_sky130_fd_sc_hd__dfrtp_2_Q_10_D_sky130_fd_sc_hd__nor2_2_Y_B_sky130_fd_sc_hd__o21ba_2_X_A1_sky130_fd_sc_hd__nor3b_2_A/A (sky130_fd_sc_hd__nor3b_2)
     4    0.012951    0.161489    0.307879   12.849933 v y_out_sky130_fd_sc_hd__dfrtp_2_Q_10_D_sky130_fd_sc_hd__nor2_2_Y_B_sky130_fd_sc_hd__o21ba_2_X_A1_sky130_fd_sc_hd__nor3b_2_A/Y (sky130_fd_sc_hd__nor3b_2)
                                                         y_out_sky130_fd_sc_hd__dfrtp_2_Q_10_D_sky130_fd_sc_hd__nor2_2_Y_B_sky130_fd_sc_hd__o21ba_2_X_A1_sky130_fd_sc_hd__nor3b_2_A_Y (net)
                      0.161489    0.000233   12.850165 v y_out_sky130_fd_sc_hd__dfrtp_2_Q_8_D_sky130_fd_sc_hd__and2b_2_X_A_N_sky130_fd_sc_hd__o311a_2_X/A3 (sky130_fd_sc_hd__o311a_1)
     2    0.005224    0.115334    0.607552   13.457718 v y_out_sky130_fd_sc_hd__dfrtp_2_Q_8_D_sky130_fd_sc_hd__and2b_2_X_A_N_sky130_fd_sc_hd__o311a_2_X/X (sky130_fd_sc_hd__o311a_1)
                                                         y_out_sky130_fd_sc_hd__dfrtp_2_Q_8_D_sky130_fd_sc_hd__and2b_2_X_A_N (net)
                      0.115334    0.000149   13.457868 v y_out_sky130_fd_sc_hd__dfrtp_2_Q_7_D_sky130_fd_sc_hd__xnor2_2_Y_B_sky130_fd_sc_hd__o21ba_2_X/B1_N (sky130_fd_sc_hd__o21ba_4)
     1    0.010992    0.092741    0.446017   13.903885 ^ y_out_sky130_fd_sc_hd__dfrtp_2_Q_7_D_sky130_fd_sc_hd__xnor2_2_Y_B_sky130_fd_sc_hd__o21ba_2_X/X (sky130_fd_sc_hd__o21ba_4)
                                                         y_out_sky130_fd_sc_hd__dfrtp_2_Q_7_D_sky130_fd_sc_hd__xnor2_2_Y_B (net)
                      0.092741    0.000401   13.904286 ^ y_out_sky130_fd_sc_hd__dfrtp_2_Q_7_D_sky130_fd_sc_hd__xnor2_2_Y/A (sky130_fd_sc_hd__xnor2_2)
     1    0.002708    0.082402    0.133452   14.037739 v y_out_sky130_fd_sc_hd__dfrtp_2_Q_7_D_sky130_fd_sc_hd__xnor2_2_Y/Y (sky130_fd_sc_hd__xnor2_2)
                                                         y_out_sky130_fd_sc_hd__dfrtp_2_Q_7_D (net)
                      0.082402    0.000079   14.037818 v y_out_sky130_fd_sc_hd__dfrtp_2_Q_7/D (sky130_fd_sc_hd__dfrtp_1)
                                             14.037818   data arrival time

                                 13.000000   13.000000   clock clk (rise edge)
                                  0.000000   13.000000   clock source latency
     1    0.029852    0.219133    0.151997   13.151997 ^ clk (in)
                                                         clk (net)
                      0.219203    0.000000   13.151997 ^ clkbuf_0_clk/A (sky130_fd_sc_hd__clkbuf_16)
     2    0.023087    0.071267    0.294313   13.446309 ^ clkbuf_0_clk/X (sky130_fd_sc_hd__clkbuf_16)
                                                         clknet_0_clk (net)
                      0.071292    0.000776   13.447085 ^ clkbuf_1_0__f_clk/A (sky130_fd_sc_hd__clkbuf_16)
     9    0.036936    0.090186    0.245723   13.692808 ^ clkbuf_1_0__f_clk/X (sky130_fd_sc_hd__clkbuf_16)
                                                         clknet_1_0__leaf_clk (net)
                      0.090190    0.000817   13.693625 ^ y_out_sky130_fd_sc_hd__dfrtp_2_Q_7/CLK (sky130_fd_sc_hd__dfrtp_1)
                                 -0.250000   13.443625   clock uncertainty
                                  0.000000   13.443625   clock reconvergence pessimism
                                 -0.276354   13.167272   library setup time
                                             13.167272   data required time
---------------------------------------------------------------------------------------------
                                             13.167272   data required time
                                            -14.037818   data arrival time
---------------------------------------------------------------------------------------------
                                             -0.870546   slack (VIOLATED)




===========================================================================
 report_check_types -max_slew -max_cap -max_fanout -violators
============================================================================
======================= nom_ss_100C_1v60 Corner ===================================

max fanout

Pin                                   Limit Fanout  Slack
---------------------------------------------------------
fanout112/X                              10     11        (VIOLATED)



===========================================================================
report_parasitic_annotation -report_unannotated
============================================================================
Found 1 unannotated drivers.
 clkload0/X
Found 0 partially unannotated drivers.

===========================================================================
max slew violation count 0
max fanout violation count 1
max cap violation count 0
============================================================================

===========================================================================
check_setup -verbose -unconstrained_endpoints -multiple_clock -no_clock -no_input_delay -loops -generated_clocks
===========================================================================
