Reading OpenROAD database at '/home/asic/workspace/asic_project/runs/RUN_2025-05-17_03-59-52/49-odb-reportdisconnectedpins/dynamic_noise_reduction.odb'…
Reading library file at '/foss/pdks/volare/sky130/versions/0fe599b2afb6708d281543108caf8310912f54af/sky130A/libs.ref/sky130_fd_sc_hd/lib/sky130_fd_sc_hd__tt_025C_1v80.lib'…
Reading design constraints file at '/usr/local/lib/python3.12/dist-packages/openlane/scripts/base.sdc'…
[INFO] Using clock clk…
[INFO] Setting output delay to: 6
[INFO] Setting input delay to: 6
[INFO] Setting load to: 0.033442
[INFO] Setting clock uncertainty to: 0.25
[INFO] Setting clock transition to: 0.1499999999999999944488848768742172978818416595458984375
[INFO] Setting timing derate to: 5%
sky130_ef_sc_hd__decap_12 sky130_fd_sc_hd__decap_8 sky130_fd_sc_hd__decap_6 sky130_fd_sc_hd__decap_4 sky130_fd_sc_hd__decap_3 sky130_fd_sc_hd__fill*
[INFO DPL-0001] Placed 39026 filler instances.
Setting global connections for newly added cells…
[INFO] Setting global connections...
Updating metrics…
Cell type report:                       Count       Area
  Fill cell                             39524  433308.08
  Tap cell                               6651    8321.73
  Antenna cell                             69     172.67
  Clock buffer                              4      88.84
  Timing Repair Buffer                    276    1826.75
  Inverter                                 62     280.27
  Sequential cell                          16     425.41
  Multi-Input combinational cell         2916   21964.82
  Total                                 49518  466388.55
Writing OpenROAD database to '/home/asic/workspace/asic_project/runs/RUN_2025-05-17_03-59-52/53-openroad-fillinsertion/dynamic_noise_reduction.odb'…
Writing netlist to '/home/asic/workspace/asic_project/runs/RUN_2025-05-17_03-59-52/53-openroad-fillinsertion/dynamic_noise_reduction.nl.v'…
Writing powered netlist to '/home/asic/workspace/asic_project/runs/RUN_2025-05-17_03-59-52/53-openroad-fillinsertion/dynamic_noise_reduction.pnl.v'…
Writing layout to '/home/asic/workspace/asic_project/runs/RUN_2025-05-17_03-59-52/53-openroad-fillinsertion/dynamic_noise_reduction.def'…
Writing timing constraints to '/home/asic/workspace/asic_project/runs/RUN_2025-05-17_03-59-52/53-openroad-fillinsertion/dynamic_noise_reduction.sdc'…
