Clock: clk
Sources: clk 
Generated: no
Virtual: yes
Propagated: no
Period: 8.000000

===========================================================================
report_clock_properties
============================================================================
Clock                   Period          Waveform
----------------------------------------------------
clk                   8.000000    0.000000  4.000000

===========================================================================
report_clock_latency
============================================================================
Clock clk
rise -> rise
    min     max
0.000000 0.000000 source latency
0.317387         network latency y_out_sky130_fd_sc_hd__dfrtp_2_Q_7/CLK
        0.318401 network latency y_out_sky130_fd_sc_hd__dfrtp_2_Q_14/CLK
---------------
0.317387 0.318401 latency
        0.001014 skew

fall -> fall
    min     max
0.000000 0.000000 source latency
0.309908         network latency y_out_sky130_fd_sc_hd__dfrtp_2_Q_7/CLK
        0.310690 network latency y_out_sky130_fd_sc_hd__dfrtp_2_Q_14/CLK
---------------
0.309908 0.310690 latency
        0.000782 skew



===========================================================================
report_clock_min_period
============================================================================
clk period_min = 6.51 fmax = 153.63
