
===========================================================================
report_checks -unconstrained
===========================================================================
======================= min_tt_025C_1v80 Corner ===================================

Startpoint: reset (input port clocked by clk)
Endpoint: y_out_sky130_fd_sc_hd__dfrtp_2_Q
          (recovery check against rising-edge clock clk)
Path Group: asynchronous
Path Type: max

Fanout         Cap        Slew       Delay        Time   Description
---------------------------------------------------------------------------------------------
                                  0.000000    0.000000   clock clk (rise edge)
                                  0.000000    0.000000   clock network delay (propagated)
                                  4.000000    4.000000 v input external delay
     1    0.002951    0.008982    0.004678    4.004678 v reset (in)
                                                         reset (net)
                      0.008982    0.000000    4.004678 v input17/A (sky130_fd_sc_hd__buf_1)
     1    0.010322    0.066278    0.106244    4.110921 v input17/X (sky130_fd_sc_hd__buf_1)
                                                         net17 (net)
                      0.066280    0.000450    4.111372 v fanout222/A (sky130_fd_sc_hd__clkbuf_4)
     7    0.045518    0.099644    0.209463    4.320835 v fanout222/X (sky130_fd_sc_hd__clkbuf_4)
                                                         net222 (net)
                      0.099651    0.000858    4.321692 v fanout221/A (sky130_fd_sc_hd__buf_4)
    10    0.064325    0.089748    0.221233    4.542925 v fanout221/X (sky130_fd_sc_hd__buf_4)
                                                         net221 (net)
                      0.090275    0.005096    4.548022 v y_out_sky130_fd_sc_hd__dfrtp_2_Q_RESET_B_sky130_fd_sc_hd__inv_2_Y/A (sky130_fd_sc_hd__inv_2)
     1    0.004148    0.036223    0.062046    4.610068 ^ y_out_sky130_fd_sc_hd__dfrtp_2_Q_RESET_B_sky130_fd_sc_hd__inv_2_Y/Y (sky130_fd_sc_hd__inv_2)
                                                         y_out_sky130_fd_sc_hd__dfrtp_2_Q_RESET_B (net)
                      0.036223    0.000034    4.610102 ^ y_out_sky130_fd_sc_hd__dfrtp_2_Q/RESET_B (sky130_fd_sc_hd__dfrtp_4)
                                              4.610102   data arrival time

                                 20.000000   20.000000   clock clk (rise edge)
                                  0.000000   20.000000   clock source latency
     1    0.027937    0.130785    0.091381   20.091381 ^ clk (in)
                                                         clk (net)
                      0.130849    0.000000   20.091381 ^ clkbuf_0_clk/A (sky130_fd_sc_hd__clkbuf_16)
     2    0.021892    0.043747    0.158170   20.249552 ^ clkbuf_0_clk/X (sky130_fd_sc_hd__clkbuf_16)
                                                         clknet_0_clk (net)
                      0.043760    0.000350   20.249903 ^ clkbuf_1_0__f_clk/A (sky130_fd_sc_hd__clkbuf_16)
     9    0.035741    0.055930    0.138146   20.388048 ^ clkbuf_1_0__f_clk/X (sky130_fd_sc_hd__clkbuf_16)
                                                         clknet_1_0__leaf_clk (net)
                      0.055988    0.001219   20.389265 ^ y_out_sky130_fd_sc_hd__dfrtp_2_Q/CLK (sky130_fd_sc_hd__dfrtp_4)
                                 -0.250000   20.139267   clock uncertainty
                                  0.000000   20.139267   clock reconvergence pessimism
                                  0.223405   20.362673   library recovery time
                                             20.362673   data required time
---------------------------------------------------------------------------------------------
                                             20.362673   data required time
                                             -4.610102   data arrival time
---------------------------------------------------------------------------------------------
                                             15.752569   slack (MET)


Startpoint: alpha[0] (input port clocked by clk)
Endpoint: y_out_sky130_fd_sc_hd__dfrtp_2_Q
          (rising edge-triggered flip-flop clocked by clk)
Path Group: clk
Path Type: max

Fanout         Cap        Slew       Delay        Time   Description
---------------------------------------------------------------------------------------------
                                  0.000000    0.000000   clock clk (rise edge)
                                  0.000000    0.000000   clock network delay (propagated)
                                  4.000000    4.000000 ^ input external delay
     1    0.003027    0.020708    0.011098    4.011098 ^ alpha[0] (in)
                                                         alpha[0] (net)
                      0.020708    0.000000    4.011098 ^ input1/A (sky130_fd_sc_hd__clkbuf_1)
     1    0.006267    0.082584    0.099777    4.110875 ^ input1/X (sky130_fd_sc_hd__clkbuf_1)
                                                         net1 (net)
                      0.082584    0.000155    4.111030 ^ fanout273/A (sky130_fd_sc_hd__clkbuf_4)
     9    0.063326    0.193731    0.257389    4.368418 ^ fanout273/X (sky130_fd_sc_hd__clkbuf_4)
                                                         net273 (net)
                      0.193763    0.002055    4.370473 ^ fanout272/A (sky130_fd_sc_hd__clkbuf_4)
     8    0.049546    0.155259    0.267467    4.637939 ^ fanout272/X (sky130_fd_sc_hd__clkbuf_4)
                                                         net272 (net)
                      0.155539    0.004694    4.642633 ^ fanout269/A (sky130_fd_sc_hd__buf_2)
    10    0.042692    0.209951    0.262255    4.904888 ^ fanout269/X (sky130_fd_sc_hd__buf_2)
                                                         net269 (net)
                      0.210063    0.002492    4.907381 ^ y_out_sky130_fd_sc_hd__dfrtp_2_Q_D_sky130_fd_sc_hd__xnor2_2_Y_B_sky130_fd_sc_hd__xnor2_2_Y_B_sky130_fd_sc_hd__xnor2_2_Y_B_sky130_fd_sc_hd__xnor2_2_Y_A_sky130_fd_sc_hd__o21ai_2_Y_A1_sky130_fd_sc_hd__xnor2_2_Y_B_sky130_fd_sc_hd__xor2_2_X_B_sky130_fd_sc_hd__xnor2_2_Y_B_sky130_fd_sc_hd__o31a_2_X_A3_sky130_fd_sc_hd__and2_2_X_B_sky130_fd_sc_hd__or4_2_A_C_sky130_fd_sc_hd__and3_2_X/B (sky130_fd_sc_hd__and3_2)
     5    0.028705    0.158361    0.312076    5.219457 ^ y_out_sky130_fd_sc_hd__dfrtp_2_Q_D_sky130_fd_sc_hd__xnor2_2_Y_B_sky130_fd_sc_hd__xnor2_2_Y_B_sky130_fd_sc_hd__xnor2_2_Y_B_sky130_fd_sc_hd__xnor2_2_Y_A_sky130_fd_sc_hd__o21ai_2_Y_A1_sky130_fd_sc_hd__xnor2_2_Y_B_sky130_fd_sc_hd__xor2_2_X_B_sky130_fd_sc_hd__xnor2_2_Y_B_sky130_fd_sc_hd__o31a_2_X_A3_sky130_fd_sc_hd__and2_2_X_B_sky130_fd_sc_hd__or4_2_A_C_sky130_fd_sc_hd__and3_2_X/X (sky130_fd_sc_hd__and3_2)
                                                         y_out_sky130_fd_sc_hd__dfrtp_2_Q_D_sky130_fd_sc_hd__xnor2_2_Y_B_sky130_fd_sc_hd__xnor2_2_Y_B_sky130_fd_sc_hd__xnor2_2_Y_B_sky130_fd_sc_hd__xnor2_2_Y_A_sky130_fd_sc_hd__o21ai_2_Y_A1_sky130_fd_sc_hd__xnor2_2_Y_B_sky130_fd_sc_hd__xor2_2_X_B_sky130_fd_sc_hd__xnor2_2_Y_B_sky130_fd_sc_hd__o31a_2_X_A3_sky130_fd_sc_hd__and2_2_X_B_sky130_fd_sc_hd__or4_2_A_C (net)
                      0.158361    0.000238    5.219695 ^ y_out_sky130_fd_sc_hd__dfrtp_2_Q_7_D_sky130_fd_sc_hd__xnor2_2_Y_A_sky130_fd_sc_hd__xor2_2_X_B_sky130_fd_sc_hd__xnor2_2_Y_A_sky130_fd_sc_hd__a21oi_2_Y_A1_sky130_fd_sc_hd__nand2b_2_Y_A_N_sky130_fd_sc_hd__nor2_2_Y_A_sky130_fd_sc_hd__and2b_2_X_B_sky130_fd_sc_hd__a21bo_2_X_A2_sky130_fd_sc_hd__a21o_2_X_B1_sky130_fd_sc_hd__a21o_2_X_B1_sky130_fd_sc_hd__and3_2_X_A_sky130_fd_sc_hd__o21bai_2_Y_A2_sky130_fd_sc_hd__xnor2_2_B_Y_sky130_fd_sc_hd__nand3_2_B_C_sky130_fd_sc_hd__nand3_2_Y_B_sky130_fd_sc_hd__a211o_2_X/B1 (sky130_fd_sc_hd__a211o_1)
     3    0.016286    0.149002    0.203134    5.422829 ^ y_out_sky130_fd_sc_hd__dfrtp_2_Q_7_D_sky130_fd_sc_hd__xnor2_2_Y_A_sky130_fd_sc_hd__xor2_2_X_B_sky130_fd_sc_hd__xnor2_2_Y_A_sky130_fd_sc_hd__a21oi_2_Y_A1_sky130_fd_sc_hd__nand2b_2_Y_A_N_sky130_fd_sc_hd__nor2_2_Y_A_sky130_fd_sc_hd__and2b_2_X_B_sky130_fd_sc_hd__a21bo_2_X_A2_sky130_fd_sc_hd__a21o_2_X_B1_sky130_fd_sc_hd__a21o_2_X_B1_sky130_fd_sc_hd__and3_2_X_A_sky130_fd_sc_hd__o21bai_2_Y_A2_sky130_fd_sc_hd__xnor2_2_B_Y_sky130_fd_sc_hd__nand3_2_B_C_sky130_fd_sc_hd__nand3_2_Y_B_sky130_fd_sc_hd__a211o_2_X/X (sky130_fd_sc_hd__a211o_1)
                                                         y_out_sky130_fd_sc_hd__dfrtp_2_Q_7_D_sky130_fd_sc_hd__xnor2_2_Y_A_sky130_fd_sc_hd__xor2_2_X_B_sky130_fd_sc_hd__xnor2_2_Y_A_sky130_fd_sc_hd__a21oi_2_Y_A1_sky130_fd_sc_hd__nand2b_2_Y_A_N_sky130_fd_sc_hd__nor2_2_Y_A_sky130_fd_sc_hd__and2b_2_X_B_sky130_fd_sc_hd__a21bo_2_X_A2_sky130_fd_sc_hd__a21o_2_X_B1_sky130_fd_sc_hd__a21o_2_X_B1_sky130_fd_sc_hd__and3_2_X_A_sky130_fd_sc_hd__o21bai_2_Y_A2_sky130_fd_sc_hd__xnor2_2_B_Y_sky130_fd_sc_hd__nand3_2_B_C_sky130_fd_sc_hd__nand3_2_Y_B (net)
                      0.149002    0.000218    5.423047 ^ y_out_sky130_fd_sc_hd__dfrtp_2_Q_7_D_sky130_fd_sc_hd__xnor2_2_Y_A_sky130_fd_sc_hd__xor2_2_X_B_sky130_fd_sc_hd__xnor2_2_Y_A_sky130_fd_sc_hd__a21oi_2_Y_A1_sky130_fd_sc_hd__nand2b_2_Y_A_N_sky130_fd_sc_hd__nor2_2_Y_A_sky130_fd_sc_hd__and2b_2_X_B_sky130_fd_sc_hd__a21bo_2_X_A2_sky130_fd_sc_hd__a21o_2_X_B1_sky130_fd_sc_hd__a21o_2_X_B1_sky130_fd_sc_hd__and3_2_X_A_sky130_fd_sc_hd__o21bai_2_Y_A2_sky130_fd_sc_hd__xnor2_2_B_Y_sky130_fd_sc_hd__nand3_2_B_C_sky130_fd_sc_hd__nand3_2_Y_B_sky130_fd_sc_hd__a21oi_2_A1/A1 (sky130_fd_sc_hd__a21oi_4)
     9    0.025214    0.081944    0.104682    5.527728 v y_out_sky130_fd_sc_hd__dfrtp_2_Q_7_D_sky130_fd_sc_hd__xnor2_2_Y_A_sky130_fd_sc_hd__xor2_2_X_B_sky130_fd_sc_hd__xnor2_2_Y_A_sky130_fd_sc_hd__a21oi_2_Y_A1_sky130_fd_sc_hd__nand2b_2_Y_A_N_sky130_fd_sc_hd__nor2_2_Y_A_sky130_fd_sc_hd__and2b_2_X_B_sky130_fd_sc_hd__a21bo_2_X_A2_sky130_fd_sc_hd__a21o_2_X_B1_sky130_fd_sc_hd__a21o_2_X_B1_sky130_fd_sc_hd__and3_2_X_A_sky130_fd_sc_hd__o21bai_2_Y_A2_sky130_fd_sc_hd__xnor2_2_B_Y_sky130_fd_sc_hd__nand3_2_B_C_sky130_fd_sc_hd__nand3_2_Y_B_sky130_fd_sc_hd__a21oi_2_A1/Y (sky130_fd_sc_hd__a21oi_4)
                                                         y_out_sky130_fd_sc_hd__dfrtp_2_Q_7_D_sky130_fd_sc_hd__xnor2_2_Y_A_sky130_fd_sc_hd__xor2_2_X_B_sky130_fd_sc_hd__xnor2_2_Y_A_sky130_fd_sc_hd__a21oi_2_Y_A1_sky130_fd_sc_hd__nand2b_2_Y_A_N_sky130_fd_sc_hd__nor2_2_Y_A_sky130_fd_sc_hd__and2b_2_X_B_sky130_fd_sc_hd__a21bo_2_X_A2_sky130_fd_sc_hd__a21o_2_X_B1_sky130_fd_sc_hd__a21o_2_X_B1_sky130_fd_sc_hd__and3_2_X_A_sky130_fd_sc_hd__o21bai_2_Y_A2_sky130_fd_sc_hd__xnor2_2_B_Y_sky130_fd_sc_hd__nand3_2_B_C_sky130_fd_sc_hd__nand3_2_Y_B_sky130_fd_sc_hd__a21oi_2_A1_Y (net)
                      0.081944    0.000251    5.527979 v y_out_sky130_fd_sc_hd__dfrtp_2_Q_7_D_sky130_fd_sc_hd__xnor2_2_Y_A_sky130_fd_sc_hd__xor2_2_X_B_sky130_fd_sc_hd__xnor2_2_Y_A_sky130_fd_sc_hd__a21oi_2_Y_A1_sky130_fd_sc_hd__nand2b_2_Y_A_N_sky130_fd_sc_hd__nor2_2_Y_A_sky130_fd_sc_hd__and2b_2_X_B_sky130_fd_sc_hd__a21bo_2_X_A2_sky130_fd_sc_hd__a21o_2_X_B1_sky130_fd_sc_hd__a21o_2_X_A1_sky130_fd_sc_hd__xnor2_2_A_Y_sky130_fd_sc_hd__nor3b_2_C_N_B_sky130_fd_sc_hd__a21oi_2_Y_A1_sky130_fd_sc_hd__or3b_2_X/A (sky130_fd_sc_hd__or3b_1)
     2    0.006462    0.085826    0.407569    5.935548 v y_out_sky130_fd_sc_hd__dfrtp_2_Q_7_D_sky130_fd_sc_hd__xnor2_2_Y_A_sky130_fd_sc_hd__xor2_2_X_B_sky130_fd_sc_hd__xnor2_2_Y_A_sky130_fd_sc_hd__a21oi_2_Y_A1_sky130_fd_sc_hd__nand2b_2_Y_A_N_sky130_fd_sc_hd__nor2_2_Y_A_sky130_fd_sc_hd__and2b_2_X_B_sky130_fd_sc_hd__a21bo_2_X_A2_sky130_fd_sc_hd__a21o_2_X_B1_sky130_fd_sc_hd__a21o_2_X_A1_sky130_fd_sc_hd__xnor2_2_A_Y_sky130_fd_sc_hd__nor3b_2_C_N_B_sky130_fd_sc_hd__a21oi_2_Y_A1_sky130_fd_sc_hd__or3b_2_X/X (sky130_fd_sc_hd__or3b_1)
                                                         y_out_sky130_fd_sc_hd__dfrtp_2_Q_7_D_sky130_fd_sc_hd__xnor2_2_Y_A_sky130_fd_sc_hd__xor2_2_X_B_sky130_fd_sc_hd__xnor2_2_Y_A_sky130_fd_sc_hd__a21oi_2_Y_A1_sky130_fd_sc_hd__nand2b_2_Y_A_N_sky130_fd_sc_hd__nor2_2_Y_A_sky130_fd_sc_hd__and2b_2_X_B_sky130_fd_sc_hd__a21bo_2_X_A2_sky130_fd_sc_hd__a21o_2_X_B1_sky130_fd_sc_hd__a21o_2_X_A1_sky130_fd_sc_hd__xnor2_2_A_Y_sky130_fd_sc_hd__nor3b_2_C_N_B_sky130_fd_sc_hd__a21oi_2_Y_A1 (net)
                      0.085826    0.000085    5.935633 v y_out_sky130_fd_sc_hd__dfrtp_2_Q_7_D_sky130_fd_sc_hd__xnor2_2_Y_A_sky130_fd_sc_hd__xor2_2_X_B_sky130_fd_sc_hd__xnor2_2_Y_A_sky130_fd_sc_hd__a21oi_2_Y_A1_sky130_fd_sc_hd__nand2b_2_Y_A_N_sky130_fd_sc_hd__nor2_2_Y_A_sky130_fd_sc_hd__and2b_2_X_B_sky130_fd_sc_hd__a21bo_2_X_A2_sky130_fd_sc_hd__a21o_2_X_B1_sky130_fd_sc_hd__a21o_2_X_A1_sky130_fd_sc_hd__xnor2_2_A_Y_sky130_fd_sc_hd__nor3b_2_C_N_B_sky130_fd_sc_hd__a21oi_2_Y_A1_sky130_fd_sc_hd__and3_2_A/A (sky130_fd_sc_hd__and3_1)
     4    0.015366    0.089371    0.210497    6.146131 v y_out_sky130_fd_sc_hd__dfrtp_2_Q_7_D_sky130_fd_sc_hd__xnor2_2_Y_A_sky130_fd_sc_hd__xor2_2_X_B_sky130_fd_sc_hd__xnor2_2_Y_A_sky130_fd_sc_hd__a21oi_2_Y_A1_sky130_fd_sc_hd__nand2b_2_Y_A_N_sky130_fd_sc_hd__nor2_2_Y_A_sky130_fd_sc_hd__and2b_2_X_B_sky130_fd_sc_hd__a21bo_2_X_A2_sky130_fd_sc_hd__a21o_2_X_B1_sky130_fd_sc_hd__a21o_2_X_A1_sky130_fd_sc_hd__xnor2_2_A_Y_sky130_fd_sc_hd__nor3b_2_C_N_B_sky130_fd_sc_hd__a21oi_2_Y_A1_sky130_fd_sc_hd__and3_2_A/X (sky130_fd_sc_hd__and3_1)
                                                         y_out_sky130_fd_sc_hd__dfrtp_2_Q_7_D_sky130_fd_sc_hd__xnor2_2_Y_A_sky130_fd_sc_hd__xor2_2_X_B_sky130_fd_sc_hd__xnor2_2_Y_A_sky130_fd_sc_hd__a21oi_2_Y_A1_sky130_fd_sc_hd__nand2b_2_Y_A_N_sky130_fd_sc_hd__nor2_2_Y_A_sky130_fd_sc_hd__and2b_2_X_B_sky130_fd_sc_hd__a21bo_2_X_A2_sky130_fd_sc_hd__a21o_2_X_B1_sky130_fd_sc_hd__a21o_2_X_A1_sky130_fd_sc_hd__xnor2_2_A_Y_sky130_fd_sc_hd__nor3b_2_C_N_B_sky130_fd_sc_hd__a21oi_2_Y_A1_sky130_fd_sc_hd__and3_2_A_X (net)
                      0.089371    0.000138    6.146268 v y_out_sky130_fd_sc_hd__dfrtp_2_Q_7_D_sky130_fd_sc_hd__xnor2_2_Y_A_sky130_fd_sc_hd__xor2_2_X_B_sky130_fd_sc_hd__xnor2_2_Y_A_sky130_fd_sc_hd__a21oi_2_Y_A1_sky130_fd_sc_hd__nand2b_2_Y_A_N_sky130_fd_sc_hd__nor2_2_Y_A_sky130_fd_sc_hd__and2b_2_X_B_sky130_fd_sc_hd__a21bo_2_X_A2_sky130_fd_sc_hd__a21o_2_X_B1_sky130_fd_sc_hd__a21o_2_X_A1_sky130_fd_sc_hd__xnor2_2_A_Y_sky130_fd_sc_hd__nor3b_2_C_N/A (sky130_fd_sc_hd__nor3b_2)
     4    0.016966    0.318392    0.338054    6.484323 ^ y_out_sky130_fd_sc_hd__dfrtp_2_Q_7_D_sky130_fd_sc_hd__xnor2_2_Y_A_sky130_fd_sc_hd__xor2_2_X_B_sky130_fd_sc_hd__xnor2_2_Y_A_sky130_fd_sc_hd__a21oi_2_Y_A1_sky130_fd_sc_hd__nand2b_2_Y_A_N_sky130_fd_sc_hd__nor2_2_Y_A_sky130_fd_sc_hd__and2b_2_X_B_sky130_fd_sc_hd__a21bo_2_X_A2_sky130_fd_sc_hd__a21o_2_X_B1_sky130_fd_sc_hd__a21o_2_X_A1_sky130_fd_sc_hd__xnor2_2_A_Y_sky130_fd_sc_hd__nor3b_2_C_N/Y (sky130_fd_sc_hd__nor3b_2)
                                                         y_out_sky130_fd_sc_hd__dfrtp_2_Q_7_D_sky130_fd_sc_hd__xnor2_2_Y_A_sky130_fd_sc_hd__xor2_2_X_B_sky130_fd_sc_hd__xnor2_2_Y_A_sky130_fd_sc_hd__a21oi_2_Y_A1_sky130_fd_sc_hd__nand2b_2_Y_A_N_sky130_fd_sc_hd__nor2_2_Y_A_sky130_fd_sc_hd__and2b_2_X_B_sky130_fd_sc_hd__a21bo_2_X_A2_sky130_fd_sc_hd__a21o_2_X_B1_sky130_fd_sc_hd__a21o_2_X_A1_sky130_fd_sc_hd__xnor2_2_A_Y_sky130_fd_sc_hd__nor3b_2_C_N_Y (net)
                      0.318392    0.000159    6.484482 ^ y_out_sky130_fd_sc_hd__dfrtp_2_Q_7_D_sky130_fd_sc_hd__xnor2_2_Y_A_sky130_fd_sc_hd__xor2_2_X_A_sky130_fd_sc_hd__a21oi_2_Y_A1_sky130_fd_sc_hd__a21oi_2_Y_A1_sky130_fd_sc_hd__nand2b_2_Y_A_N_sky130_fd_sc_hd__a21oi_2_Y_A1_sky130_fd_sc_hd__xor2_2_A_X_sky130_fd_sc_hd__and3_2_B_C_sky130_fd_sc_hd__o211ai_2_Y_C1_sky130_fd_sc_hd__or4_2_X_D_sky130_fd_sc_hd__o211a_2_X_C1_sky130_fd_sc_hd__a211oi_2_A2/B1 (sky130_fd_sc_hd__a211oi_2)
     4    0.015534    0.103591    0.128493    6.612975 v y_out_sky130_fd_sc_hd__dfrtp_2_Q_7_D_sky130_fd_sc_hd__xnor2_2_Y_A_sky130_fd_sc_hd__xor2_2_X_A_sky130_fd_sc_hd__a21oi_2_Y_A1_sky130_fd_sc_hd__a21oi_2_Y_A1_sky130_fd_sc_hd__nand2b_2_Y_A_N_sky130_fd_sc_hd__a21oi_2_Y_A1_sky130_fd_sc_hd__xor2_2_A_X_sky130_fd_sc_hd__and3_2_B_C_sky130_fd_sc_hd__o211ai_2_Y_C1_sky130_fd_sc_hd__or4_2_X_D_sky130_fd_sc_hd__o211a_2_X_C1_sky130_fd_sc_hd__a211oi_2_A2/Y (sky130_fd_sc_hd__a211oi_2)
                                                         y_out_sky130_fd_sc_hd__dfrtp_2_Q_7_D_sky130_fd_sc_hd__xnor2_2_Y_A_sky130_fd_sc_hd__xor2_2_X_A_sky130_fd_sc_hd__a21oi_2_Y_A1_sky130_fd_sc_hd__a21oi_2_Y_A1_sky130_fd_sc_hd__nand2b_2_Y_A_N_sky130_fd_sc_hd__a21oi_2_Y_A1_sky130_fd_sc_hd__xor2_2_A_X_sky130_fd_sc_hd__and3_2_B_C_sky130_fd_sc_hd__o211ai_2_Y_C1_sky130_fd_sc_hd__or4_2_X_D_sky130_fd_sc_hd__o211a_2_X_C1_sky130_fd_sc_hd__a211oi_2_A2_Y (net)
                      0.103591    0.000445    6.613420 v y_out_sky130_fd_sc_hd__dfrtp_2_Q_7_D_sky130_fd_sc_hd__xnor2_2_Y_A_sky130_fd_sc_hd__xor2_2_X_A_sky130_fd_sc_hd__a21oi_2_Y_A1_sky130_fd_sc_hd__a21oi_2_Y_A1_sky130_fd_sc_hd__nand2b_2_Y_A_N_sky130_fd_sc_hd__a21oi_2_Y_A1_sky130_fd_sc_hd__xor2_2_A_X_sky130_fd_sc_hd__and3_2_B_C_sky130_fd_sc_hd__o211ai_2_Y_C1_sky130_fd_sc_hd__or4_2_X/B (sky130_fd_sc_hd__or4_1)
     2    0.007356    0.112859    0.555835    7.169256 v y_out_sky130_fd_sc_hd__dfrtp_2_Q_7_D_sky130_fd_sc_hd__xnor2_2_Y_A_sky130_fd_sc_hd__xor2_2_X_A_sky130_fd_sc_hd__a21oi_2_Y_A1_sky130_fd_sc_hd__a21oi_2_Y_A1_sky130_fd_sc_hd__nand2b_2_Y_A_N_sky130_fd_sc_hd__a21oi_2_Y_A1_sky130_fd_sc_hd__xor2_2_A_X_sky130_fd_sc_hd__and3_2_B_C_sky130_fd_sc_hd__o211ai_2_Y_C1_sky130_fd_sc_hd__or4_2_X/X (sky130_fd_sc_hd__or4_1)
                                                         y_out_sky130_fd_sc_hd__dfrtp_2_Q_7_D_sky130_fd_sc_hd__xnor2_2_Y_A_sky130_fd_sc_hd__xor2_2_X_A_sky130_fd_sc_hd__a21oi_2_Y_A1_sky130_fd_sc_hd__a21oi_2_Y_A1_sky130_fd_sc_hd__nand2b_2_Y_A_N_sky130_fd_sc_hd__a21oi_2_Y_A1_sky130_fd_sc_hd__xor2_2_A_X_sky130_fd_sc_hd__and3_2_B_C_sky130_fd_sc_hd__o211ai_2_Y_C1 (net)
                      0.112859    0.000020    7.169276 v y_out_sky130_fd_sc_hd__dfrtp_2_Q_7_D_sky130_fd_sc_hd__xnor2_2_Y_A_sky130_fd_sc_hd__xor2_2_X_A_sky130_fd_sc_hd__a21oi_2_Y_A1_sky130_fd_sc_hd__a21oi_2_Y_A1_sky130_fd_sc_hd__nand2b_2_Y_A_N_sky130_fd_sc_hd__a21oi_2_Y_A1_sky130_fd_sc_hd__xor2_2_A_X_sky130_fd_sc_hd__and3_2_B_C_sky130_fd_sc_hd__o211ai_2_Y_B1_sky130_fd_sc_hd__a211o_2_A1/A2 (sky130_fd_sc_hd__a211o_1)
     5    0.020777    0.126904    0.398981    7.568257 v y_out_sky130_fd_sc_hd__dfrtp_2_Q_7_D_sky130_fd_sc_hd__xnor2_2_Y_A_sky130_fd_sc_hd__xor2_2_X_A_sky130_fd_sc_hd__a21oi_2_Y_A1_sky130_fd_sc_hd__a21oi_2_Y_A1_sky130_fd_sc_hd__nand2b_2_Y_A_N_sky130_fd_sc_hd__a21oi_2_Y_A1_sky130_fd_sc_hd__xor2_2_A_X_sky130_fd_sc_hd__and3_2_B_C_sky130_fd_sc_hd__o211ai_2_Y_B1_sky130_fd_sc_hd__a211o_2_A1/X (sky130_fd_sc_hd__a211o_1)
                                                         y_out_sky130_fd_sc_hd__dfrtp_2_Q_7_D_sky130_fd_sc_hd__xnor2_2_Y_A_sky130_fd_sc_hd__xor2_2_X_A_sky130_fd_sc_hd__a21oi_2_Y_A1_sky130_fd_sc_hd__a21oi_2_Y_A1_sky130_fd_sc_hd__nand2b_2_Y_A_N_sky130_fd_sc_hd__a21oi_2_Y_A1_sky130_fd_sc_hd__xor2_2_A_X_sky130_fd_sc_hd__and3_2_B_C_sky130_fd_sc_hd__o211ai_2_Y_B1_sky130_fd_sc_hd__a211o_2_A1_X (net)
                      0.126906    0.000728    7.568985 v y_out_sky130_fd_sc_hd__dfrtp_2_Q_7_D_sky130_fd_sc_hd__xnor2_2_Y_A_sky130_fd_sc_hd__xor2_2_X_A_sky130_fd_sc_hd__a21oi_2_Y_A1_sky130_fd_sc_hd__a21oi_2_Y_A1_sky130_fd_sc_hd__nand2b_2_Y_A_N_sky130_fd_sc_hd__a21oi_2_Y_A1_sky130_fd_sc_hd__xor2_2_A_X_sky130_fd_sc_hd__and3_2_B/A (sky130_fd_sc_hd__and3_1)
     2    0.007727    0.058521    0.199021    7.768007 v y_out_sky130_fd_sc_hd__dfrtp_2_Q_7_D_sky130_fd_sc_hd__xnor2_2_Y_A_sky130_fd_sc_hd__xor2_2_X_A_sky130_fd_sc_hd__a21oi_2_Y_A1_sky130_fd_sc_hd__a21oi_2_Y_A1_sky130_fd_sc_hd__nand2b_2_Y_A_N_sky130_fd_sc_hd__a21oi_2_Y_A1_sky130_fd_sc_hd__xor2_2_A_X_sky130_fd_sc_hd__and3_2_B/X (sky130_fd_sc_hd__and3_1)
                                                         y_out_sky130_fd_sc_hd__dfrtp_2_Q_7_D_sky130_fd_sc_hd__xnor2_2_Y_B_sky130_fd_sc_hd__o21ba_2_X_A2_sky130_fd_sc_hd__a21oi_2_Y_B1_sky130_fd_sc_hd__and2b_2_X_B_sky130_fd_sc_hd__a21bo_2_X_A2_sky130_fd_sc_hd__a211o_2_X_B1_sky130_fd_sc_hd__inv_2_Y_A_sky130_fd_sc_hd__a211o_2_X_B1 (net)
                      0.058521    0.000065    7.768072 v y_out_sky130_fd_sc_hd__dfrtp_2_Q_7_D_sky130_fd_sc_hd__xnor2_2_Y_B_sky130_fd_sc_hd__o21ba_2_X_A2_sky130_fd_sc_hd__a21oi_2_Y_B1_sky130_fd_sc_hd__and2b_2_X_B_sky130_fd_sc_hd__a21bo_2_X_A2_sky130_fd_sc_hd__a211o_2_X_B1_sky130_fd_sc_hd__inv_2_Y_A_sky130_fd_sc_hd__a211o_2_X/B1 (sky130_fd_sc_hd__a211o_1)
     3    0.018639    0.117326    0.345983    8.114055 v y_out_sky130_fd_sc_hd__dfrtp_2_Q_7_D_sky130_fd_sc_hd__xnor2_2_Y_B_sky130_fd_sc_hd__o21ba_2_X_A2_sky130_fd_sc_hd__a21oi_2_Y_B1_sky130_fd_sc_hd__and2b_2_X_B_sky130_fd_sc_hd__a21bo_2_X_A2_sky130_fd_sc_hd__a211o_2_X_B1_sky130_fd_sc_hd__inv_2_Y_A_sky130_fd_sc_hd__a211o_2_X/X (sky130_fd_sc_hd__a211o_1)
                                                         y_out_sky130_fd_sc_hd__dfrtp_2_Q_7_D_sky130_fd_sc_hd__xnor2_2_Y_B_sky130_fd_sc_hd__o21ba_2_X_A2_sky130_fd_sc_hd__a21oi_2_Y_B1_sky130_fd_sc_hd__and2b_2_X_B_sky130_fd_sc_hd__a21bo_2_X_A2_sky130_fd_sc_hd__a211o_2_X_B1_sky130_fd_sc_hd__inv_2_Y_A (net)
                      0.117332    0.000940    8.114994 v y_out_sky130_fd_sc_hd__dfrtp_2_Q_7_D_sky130_fd_sc_hd__xnor2_2_Y_B_sky130_fd_sc_hd__o21ba_2_X_A2_sky130_fd_sc_hd__a21oi_2_Y_A1_sky130_fd_sc_hd__a21oi_2_Y_A2_sky130_fd_sc_hd__nand2b_2_Y_B_sky130_fd_sc_hd__xnor2_2_B_Y_sky130_fd_sc_hd__and3_2_B/A (sky130_fd_sc_hd__and3_1)
     4    0.013933    0.083266    0.219177    8.334171 v y_out_sky130_fd_sc_hd__dfrtp_2_Q_7_D_sky130_fd_sc_hd__xnor2_2_Y_B_sky130_fd_sc_hd__o21ba_2_X_A2_sky130_fd_sc_hd__a21oi_2_Y_A1_sky130_fd_sc_hd__a21oi_2_Y_A2_sky130_fd_sc_hd__nand2b_2_Y_B_sky130_fd_sc_hd__xnor2_2_B_Y_sky130_fd_sc_hd__and3_2_B/X (sky130_fd_sc_hd__and3_1)
                                                         y_out_sky130_fd_sc_hd__dfrtp_2_Q_7_D_sky130_fd_sc_hd__xnor2_2_Y_B_sky130_fd_sc_hd__o21ba_2_X_A2_sky130_fd_sc_hd__a21oi_2_Y_A1_sky130_fd_sc_hd__a21oi_2_Y_A2_sky130_fd_sc_hd__nand2b_2_Y_B_sky130_fd_sc_hd__xnor2_2_B_Y_sky130_fd_sc_hd__and3_2_B_X (net)
                      0.083266    0.000167    8.334338 v y_out_sky130_fd_sc_hd__dfrtp_2_Q_11_D_sky130_fd_sc_hd__xor2_2_X_A_sky130_fd_sc_hd__and2b_2_X_B_sky130_fd_sc_hd__a211o_2_X_B1_sky130_fd_sc_hd__a21oi_2_Y_A1_sky130_fd_sc_hd__a211o_2_X_C1_sky130_fd_sc_hd__a21oi_2_Y_A1_sky130_fd_sc_hd__a211o_2_X/B1 (sky130_fd_sc_hd__a211o_1)
     3    0.009903    0.079499    0.317320    8.651658 v y_out_sky130_fd_sc_hd__dfrtp_2_Q_11_D_sky130_fd_sc_hd__xor2_2_X_A_sky130_fd_sc_hd__and2b_2_X_B_sky130_fd_sc_hd__a211o_2_X_B1_sky130_fd_sc_hd__a21oi_2_Y_A1_sky130_fd_sc_hd__a211o_2_X_C1_sky130_fd_sc_hd__a21oi_2_Y_A1_sky130_fd_sc_hd__a211o_2_X/X (sky130_fd_sc_hd__a211o_1)
                                                         y_out_sky130_fd_sc_hd__dfrtp_2_Q_11_D_sky130_fd_sc_hd__xor2_2_X_A_sky130_fd_sc_hd__and2b_2_X_B_sky130_fd_sc_hd__a211o_2_X_B1_sky130_fd_sc_hd__a21oi_2_Y_A1_sky130_fd_sc_hd__a211o_2_X_C1_sky130_fd_sc_hd__a21oi_2_Y_A1 (net)
                      0.079499    0.000128    8.651786 v y_out_sky130_fd_sc_hd__dfrtp_2_Q_11_D_sky130_fd_sc_hd__xor2_2_X_A_sky130_fd_sc_hd__and2b_2_X_B_sky130_fd_sc_hd__a211o_2_X_B1_sky130_fd_sc_hd__a21oi_2_Y_A1_sky130_fd_sc_hd__a211o_2_X_C1_sky130_fd_sc_hd__a21oi_2_Y_B1_sky130_fd_sc_hd__and3_2_B/A (sky130_fd_sc_hd__and3_1)
     4    0.012984    0.079237    0.198781    8.850567 v y_out_sky130_fd_sc_hd__dfrtp_2_Q_11_D_sky130_fd_sc_hd__xor2_2_X_A_sky130_fd_sc_hd__and2b_2_X_B_sky130_fd_sc_hd__a211o_2_X_B1_sky130_fd_sc_hd__a21oi_2_Y_A1_sky130_fd_sc_hd__a211o_2_X_C1_sky130_fd_sc_hd__a21oi_2_Y_B1_sky130_fd_sc_hd__and3_2_B/X (sky130_fd_sc_hd__and3_1)
                                                         y_out_sky130_fd_sc_hd__dfrtp_2_Q_11_D_sky130_fd_sc_hd__xor2_2_X_A_sky130_fd_sc_hd__and2b_2_X_B_sky130_fd_sc_hd__a211o_2_X_B1_sky130_fd_sc_hd__a21oi_2_Y_A1_sky130_fd_sc_hd__a211o_2_X_C1_sky130_fd_sc_hd__a21oi_2_Y_B1_sky130_fd_sc_hd__and3_2_B_X (net)
                      0.079237    0.000051    8.850617 v y_out_sky130_fd_sc_hd__dfrtp_2_Q_11_D_sky130_fd_sc_hd__xor2_2_X_A_sky130_fd_sc_hd__and2b_2_X_B_sky130_fd_sc_hd__a211o_2_X_B1_sky130_fd_sc_hd__a21oi_2_Y_A1_sky130_fd_sc_hd__a211o_2_X/B1 (sky130_fd_sc_hd__a211o_1)
     3    0.010486    0.081897    0.318424    9.169041 v y_out_sky130_fd_sc_hd__dfrtp_2_Q_11_D_sky130_fd_sc_hd__xor2_2_X_A_sky130_fd_sc_hd__and2b_2_X_B_sky130_fd_sc_hd__a211o_2_X_B1_sky130_fd_sc_hd__a21oi_2_Y_A1_sky130_fd_sc_hd__a211o_2_X/X (sky130_fd_sc_hd__a211o_1)
                                                         y_out_sky130_fd_sc_hd__dfrtp_2_Q_11_D_sky130_fd_sc_hd__xor2_2_X_A_sky130_fd_sc_hd__and2b_2_X_B_sky130_fd_sc_hd__a211o_2_X_B1_sky130_fd_sc_hd__a21oi_2_Y_A1 (net)
                      0.081897    0.000036    9.169076 v y_out_sky130_fd_sc_hd__dfrtp_2_Q_11_D_sky130_fd_sc_hd__xor2_2_X_A_sky130_fd_sc_hd__and2b_2_X_B_sky130_fd_sc_hd__a211o_2_X_B1_sky130_fd_sc_hd__a21oi_2_Y_A2_sky130_fd_sc_hd__and3_2_C/B (sky130_fd_sc_hd__and3_1)
     4    0.013413    0.081074    0.222487    9.391563 v y_out_sky130_fd_sc_hd__dfrtp_2_Q_11_D_sky130_fd_sc_hd__xor2_2_X_A_sky130_fd_sc_hd__and2b_2_X_B_sky130_fd_sc_hd__a211o_2_X_B1_sky130_fd_sc_hd__a21oi_2_Y_A2_sky130_fd_sc_hd__and3_2_C/X (sky130_fd_sc_hd__and3_1)
                                                         y_out_sky130_fd_sc_hd__dfrtp_2_Q_11_D_sky130_fd_sc_hd__xor2_2_X_A_sky130_fd_sc_hd__and2b_2_X_B_sky130_fd_sc_hd__a211o_2_X_B1_sky130_fd_sc_hd__a21oi_2_Y_A2_sky130_fd_sc_hd__and3_2_C_X (net)
                      0.081074    0.000140    9.391704 v y_out_sky130_fd_sc_hd__dfrtp_2_Q_11_D_sky130_fd_sc_hd__xor2_2_X_A_sky130_fd_sc_hd__and2b_2_X_B_sky130_fd_sc_hd__a211o_2_X/C1 (sky130_fd_sc_hd__a211o_1)
     2    0.008776    0.075610    0.269317    9.661020 v y_out_sky130_fd_sc_hd__dfrtp_2_Q_11_D_sky130_fd_sc_hd__xor2_2_X_A_sky130_fd_sc_hd__and2b_2_X_B_sky130_fd_sc_hd__a211o_2_X/X (sky130_fd_sc_hd__a211o_1)
                                                         y_out_sky130_fd_sc_hd__dfrtp_2_Q_11_D_sky130_fd_sc_hd__xor2_2_X_A_sky130_fd_sc_hd__and2b_2_X_B (net)
                      0.075610    0.000111    9.661132 v y_out_sky130_fd_sc_hd__dfrtp_2_Q_11_D_sky130_fd_sc_hd__xor2_2_X_A_sky130_fd_sc_hd__and2b_2_X_B_sky130_fd_sc_hd__a21oi_2_A2/A2 (sky130_fd_sc_hd__a21oi_2)
     2    0.017427    0.230951    0.247438    9.908569 ^ y_out_sky130_fd_sc_hd__dfrtp_2_Q_11_D_sky130_fd_sc_hd__xor2_2_X_A_sky130_fd_sc_hd__and2b_2_X_B_sky130_fd_sc_hd__a21oi_2_A2/Y (sky130_fd_sc_hd__a21oi_2)
                                                         y_out_sky130_fd_sc_hd__dfrtp_2_Q_11_D_sky130_fd_sc_hd__xor2_2_X_A_sky130_fd_sc_hd__a21oi_2_A2_B1 (net)
                      0.230952    0.000350    9.908919 ^ y_out_sky130_fd_sc_hd__dfrtp_2_Q_13_D_sky130_fd_sc_hd__xnor2_2_Y_A_sky130_fd_sc_hd__a311oi_2_A2/C1 (sky130_fd_sc_hd__a311oi_4)
     3    0.016710    0.118840    0.078908    9.987827 v y_out_sky130_fd_sc_hd__dfrtp_2_Q_13_D_sky130_fd_sc_hd__xnor2_2_Y_A_sky130_fd_sc_hd__a311oi_2_A2/Y (sky130_fd_sc_hd__a311oi_4)
                                                         y_out_sky130_fd_sc_hd__dfrtp_2_Q_10_D_sky130_fd_sc_hd__nor2_2_Y_B_sky130_fd_sc_hd__o21ba_2_X_A1 (net)
                      0.118842    0.000785    9.988612 v y_out_sky130_fd_sc_hd__dfrtp_2_Q_9_D_sky130_fd_sc_hd__xnor2_2_Y_A_sky130_fd_sc_hd__nand3_2_B_Y_sky130_fd_sc_hd__o31a_2_A1/A2 (sky130_fd_sc_hd__o31a_2)
     4    0.028923    0.112183    0.426554   10.415166 v y_out_sky130_fd_sc_hd__dfrtp_2_Q_9_D_sky130_fd_sc_hd__xnor2_2_Y_A_sky130_fd_sc_hd__nand3_2_B_Y_sky130_fd_sc_hd__o31a_2_A1/X (sky130_fd_sc_hd__o31a_2)
                                                         y_out_sky130_fd_sc_hd__dfrtp_2_Q_9_D_sky130_fd_sc_hd__xnor2_2_Y_A_sky130_fd_sc_hd__nand3_2_B_Y_sky130_fd_sc_hd__o31a_2_A1_X (net)
                      0.112218    0.001863   10.417029 v y_out_sky130_fd_sc_hd__dfrtp_2_Q_2_D_sky130_fd_sc_hd__xor2_2_X_B_sky130_fd_sc_hd__o31ai_2_Y/A1 (sky130_fd_sc_hd__o31ai_2)
     3    0.014033    0.342181    0.389960   10.806990 ^ y_out_sky130_fd_sc_hd__dfrtp_2_Q_2_D_sky130_fd_sc_hd__xor2_2_X_B_sky130_fd_sc_hd__o31ai_2_Y/Y (sky130_fd_sc_hd__o31ai_2)
                                                         y_out_sky130_fd_sc_hd__dfrtp_2_Q_2_D_sky130_fd_sc_hd__xor2_2_X_B (net)
                      0.342181    0.000274   10.807263 ^ y_out_sky130_fd_sc_hd__dfrtp_2_Q_D_sky130_fd_sc_hd__xnor2_2_Y_A_sky130_fd_sc_hd__a31o_2_X/A2 (sky130_fd_sc_hd__a31o_1)
     1    0.005022    0.065762    0.212375   11.019638 ^ y_out_sky130_fd_sc_hd__dfrtp_2_Q_D_sky130_fd_sc_hd__xnor2_2_Y_A_sky130_fd_sc_hd__a31o_2_X/X (sky130_fd_sc_hd__a31o_1)
                                                         y_out_sky130_fd_sc_hd__dfrtp_2_Q_D_sky130_fd_sc_hd__xnor2_2_Y_A (net)
                      0.065762    0.000028   11.019666 ^ y_out_sky130_fd_sc_hd__dfrtp_2_Q_D_sky130_fd_sc_hd__xnor2_2_Y/A (sky130_fd_sc_hd__xnor2_1)
     1    0.002684    0.113560    0.110429   11.130095 ^ y_out_sky130_fd_sc_hd__dfrtp_2_Q_D_sky130_fd_sc_hd__xnor2_2_Y/Y (sky130_fd_sc_hd__xnor2_1)
                                                         y_out_sky130_fd_sc_hd__dfrtp_2_Q_D (net)
                      0.113560    0.000028   11.130123 ^ y_out_sky130_fd_sc_hd__dfrtp_2_Q/D (sky130_fd_sc_hd__dfrtp_4)
                                             11.130123   data arrival time

                                 20.000000   20.000000   clock clk (rise edge)
                                  0.000000   20.000000   clock source latency
     1    0.027937    0.130785    0.091381   20.091381 ^ clk (in)
                                                         clk (net)
                      0.130849    0.000000   20.091381 ^ clkbuf_0_clk/A (sky130_fd_sc_hd__clkbuf_16)
     2    0.021892    0.043747    0.158170   20.249552 ^ clkbuf_0_clk/X (sky130_fd_sc_hd__clkbuf_16)
                                                         clknet_0_clk (net)
                      0.043760    0.000350   20.249903 ^ clkbuf_1_0__f_clk/A (sky130_fd_sc_hd__clkbuf_16)
     9    0.035741    0.055930    0.138146   20.388048 ^ clkbuf_1_0__f_clk/X (sky130_fd_sc_hd__clkbuf_16)
                                                         clknet_1_0__leaf_clk (net)
                      0.055988    0.001219   20.389265 ^ y_out_sky130_fd_sc_hd__dfrtp_2_Q/CLK (sky130_fd_sc_hd__dfrtp_4)
                                 -0.250000   20.139267   clock uncertainty
                                  0.000000   20.139267   clock reconvergence pessimism
                                 -0.077800   20.061468   library setup time
                                             20.061468   data required time
---------------------------------------------------------------------------------------------
                                             20.061468   data required time
                                            -11.130123   data arrival time
---------------------------------------------------------------------------------------------
                                              8.931345   slack (MET)




===========================================================================
report_checks --slack_max -0.01
============================================================================
======================= min_tt_025C_1v80 Corner ===================================

No paths found.


===========================================================================
 report_check_types -max_slew -max_cap -max_fanout -violators
============================================================================
======================= min_tt_025C_1v80 Corner ===================================

max fanout

Pin                                   Limit Fanout  Slack
---------------------------------------------------------
fanout104/X                              10     11        (VIOLATED)
fanout112/X                              10     11        (VIOLATED)



===========================================================================
report_parasitic_annotation -report_unannotated
============================================================================
Found 1 unannotated drivers.
 clkload0/X
Found 0 partially unannotated drivers.

===========================================================================
max slew violation count 0
max fanout violation count 2
max cap violation count 0
============================================================================

===========================================================================
check_setup -verbose -unconstrained_endpoints -multiple_clock -no_clock -no_input_delay -loops -generated_clocks
===========================================================================
