Clock: clk
Sources: clk 
Generated: no
Virtual: yes
Propagated: no
Period: 20.000000

===========================================================================
report_clock_properties
============================================================================
Clock                   Period          Waveform
----------------------------------------------------
clk                  20.000000    0.000000 10.000000

===========================================================================
report_clock_latency
============================================================================
Clock clk
rise -> rise
    min     max
0.000000 0.000000 source latency
0.388425         network latency y_out_sky130_fd_sc_hd__dfrtp_2_Q_7/CLK
        0.392390 network latency y_out_sky130_fd_sc_hd__dfrtp_2_Q_15/CLK
---------------
0.388425 0.392390 latency
        0.003965 skew

fall -> fall
    min     max
0.000000 0.000000 source latency
0.351446         network latency y_out_sky130_fd_sc_hd__dfrtp_2_Q_7/CLK
        0.354632 network latency y_out_sky130_fd_sc_hd__dfrtp_2_Q_15/CLK
---------------
0.351446 0.354632 latency
        0.003186 skew



===========================================================================
report_clock_min_period
============================================================================
clk period_min = 7.03 fmax = 142.27
