Reading timing models for corner nom_tt_025C_1v80…
Reading timing library for the 'nom_tt_025C_1v80' corner at '/foss/pdks/volare/sky130/versions/0fe599b2afb6708d281543108caf8310912f54af/sky130A/libs.ref/sky130_fd_sc_hd/lib/sky130_fd_sc_hd__tt_025C_1v80.lib'…
Reading timing models for corner nom_ff_n40C_1v95…
Reading timing library for the 'nom_ff_n40C_1v95' corner at '/foss/pdks/volare/sky130/versions/0fe599b2afb6708d281543108caf8310912f54af/sky130A/libs.ref/sky130_fd_sc_hd/lib/sky130_fd_sc_hd__ff_n40C_1v95.lib'…
Reading timing models for corner nom_ss_100C_1v60…
Reading timing library for the 'nom_ss_100C_1v60' corner at '/foss/pdks/volare/sky130/versions/0fe599b2afb6708d281543108caf8310912f54af/sky130A/libs.ref/sky130_fd_sc_hd/lib/sky130_fd_sc_hd__ss_100C_1v60.lib'…
Reading OpenROAD database at '/home/asic/workspace/asic_project/runs/RUN_2025-05-14_18-18-41/38-openroad-globalrouting/dynamic_noise_reduction.odb'…
Reading design constraints file at '/usr/local/lib/python3.12/dist-packages/openlane/scripts/base.sdc'…
[INFO] Using clock clk…
[INFO] Setting output delay to: 2
[INFO] Setting input delay to: 2
[INFO] Setting load to: 0.033442
[INFO] Setting clock uncertainty to: 0.25
[INFO] Setting clock transition to: 0.1499999999999999944488848768742172978818416595458984375
[INFO] Setting timing derate to: 5%
[INFO] Setting RC values…
[INFO] Setting signal min routing layer to: met1 and clock min routing layer to met1. 
[INFO] Setting signal max routing layer to: met5 and clock max routing layer to met5. 
-congestion_iterations 50 -verbose
[INFO GRT-0020] Min routing layer: met1
[INFO GRT-0021] Max routing layer: met5
[INFO GRT-0022] Global adjustment: 30%
[INFO GRT-0023] Grid origin: (0, 0)
[INFO GRT-0043] No OR_DEFAULT vias defined.
[INFO GRT-0088] Layer li1     Track-Pitch = 0.4600  line-2-Via Pitch: 0.3400
[INFO GRT-0088] Layer met1    Track-Pitch = 0.3400  line-2-Via Pitch: 0.3400
[INFO GRT-0088] Layer met2    Track-Pitch = 0.4600  line-2-Via Pitch: 0.3500
[INFO GRT-0088] Layer met3    Track-Pitch = 0.6800  line-2-Via Pitch: 0.6150
[INFO GRT-0088] Layer met4    Track-Pitch = 0.9200  line-2-Via Pitch: 1.0400
[INFO GRT-0088] Layer met5    Track-Pitch = 3.4000  line-2-Via Pitch: 3.1100
[INFO GRT-0019] Found 4 clock nets.
[INFO GRT-0001] Minimum degree: 2
[INFO GRT-0002] Maximum degree: 11
[INFO GRT-0003] Macros: 0
[INFO GRT-0043] No OR_DEFAULT vias defined.
[INFO GRT-0004] Blockages: 639

[INFO GRT-0053] Routing resources analysis:
          Routing      Original      Derated      Resource
Layer     Direction    Resources     Resources    Reduction (%)
---------------------------------------------------------------
li1        Vertical            0             0          0.00%
met1       Horizontal      37410         18440          50.71%
met2       Vertical        28036         18234          34.96%
met3       Horizontal      18705         12715          32.02%
met4       Vertical        11309          7030          37.84%
met5       Horizontal       3741          1806          51.72%
---------------------------------------------------------------

[INFO GRT-0197] Via related to pin nodes: 17715
[INFO GRT-0198] Via related Steiner nodes: 195
[INFO GRT-0199] Via filling finished.
[INFO GRT-0111] Final number of vias: 21683
[INFO GRT-0112] Final usage 3D: 76954

[INFO GRT-0096] Final congestion report:
Layer         Resource        Demand        Usage (%)    Max H / Max V / Total Overflow
---------------------------------------------------------------------------------------
li1                  0             0            0.00%             0 /  0 /  0
met1             18440          5307           28.78%             0 /  0 /  0
met2             18234          5989           32.85%             0 /  0 /  0
met3             12715           381            3.00%             0 /  0 /  0
met4              7030           228            3.24%             0 /  0 /  0
met5              1806             0            0.00%             0 /  0 /  0
---------------------------------------------------------------------------------------
Total            58225         11905           20.45%             0 /  0 /  0

[INFO GRT-0018] Total wirelength: 128553 um
[INFO GRT-0014] Routed nets: 3343
[INFO RSZ-0058] Using max wire length 6335um.
Iteration | Resized | Buffers | Nets repaired | Remaining
---------------------------------------------------------
        0 |       0 |       0 |             0 |      3344
      100 |       0 |       0 |             0 |      3244
      200 |       0 |       0 |             0 |      3144
      300 |       1 |       0 |             1 |      3044
      400 |       1 |       0 |             1 |      2944
      500 |       1 |       0 |             1 |      2844
      600 |       1 |       0 |             1 |      2744
      700 |       1 |       0 |             1 |      2644
      800 |       1 |       0 |             1 |      2544
      900 |       1 |       1 |             2 |      2444
     1000 |       1 |       1 |             2 |      2344
     1100 |       1 |       1 |             2 |      2244
     1200 |       1 |       1 |             2 |      2144
     1300 |       1 |       1 |             2 |      2044
     1400 |       1 |       1 |             2 |      1944
     1500 |       1 |       1 |             2 |      1844
     1600 |       1 |       1 |             2 |      1744
     1700 |       1 |       1 |             2 |      1644
     1800 |       1 |       1 |             2 |      1544
     1900 |       1 |       1 |             3 |      1444
     2000 |       1 |       1 |             3 |      1344
     2100 |       1 |       1 |             3 |      1244
     2200 |       1 |       1 |             3 |      1144
     2300 |       1 |       1 |             3 |      1044
     2400 |       1 |       2 |             4 |       944
     2500 |       1 |       2 |             4 |       844
     2600 |       1 |       2 |             4 |       744
     2700 |       1 |       2 |             4 |       644
     2800 |       1 |       2 |             4 |       544
     2900 |       1 |       2 |             4 |       444
     3000 |       1 |       2 |             4 |       344
     3100 |       1 |       2 |             4 |       244
     3200 |       1 |       2 |             4 |       144
     3300 |       1 |       2 |             4 |        44
    final |       1 |       2 |             4 |         0
---------------------------------------------------------
[INFO RSZ-0034] Found 8 slew violations.
[INFO RSZ-0038] Inserted 2 buffers in 4 nets.
[INFO RSZ-0039] Resized 1 instances.
Placement Analysis
---------------------------------
total displacement          6.9 u
average displacement        0.0 u
max displacement            2.8 u
original HPWL           77301.6 u
legalized HPWL          79740.6 u
delta HPWL                    3 %

[INFO DPL-0020] Mirrored 1499 instances
[INFO DPL-0021] HPWL before           79740.6 u
[INFO DPL-0022] HPWL after            77300.0 u
[INFO DPL-0023] HPWL delta               -3.1 %
-congestion_iterations 50 -verbose
[INFO GRT-0020] Min routing layer: met1
[INFO GRT-0021] Max routing layer: met5
[INFO GRT-0022] Global adjustment: 30%
[INFO GRT-0023] Grid origin: (0, 0)
[INFO GRT-0043] No OR_DEFAULT vias defined.
[INFO GRT-0088] Layer li1     Track-Pitch = 0.4600  line-2-Via Pitch: 0.3400
[INFO GRT-0088] Layer met1    Track-Pitch = 0.3400  line-2-Via Pitch: 0.3400
[INFO GRT-0088] Layer met2    Track-Pitch = 0.4600  line-2-Via Pitch: 0.3500
[INFO GRT-0088] Layer met3    Track-Pitch = 0.6800  line-2-Via Pitch: 0.6150
[INFO GRT-0088] Layer met4    Track-Pitch = 0.9200  line-2-Via Pitch: 1.0400
[INFO GRT-0088] Layer met5    Track-Pitch = 3.4000  line-2-Via Pitch: 3.1100
[INFO GRT-0019] Found 4 clock nets.
[INFO GRT-0001] Minimum degree: 2
[INFO GRT-0002] Maximum degree: 11
[INFO GRT-0003] Macros: 0
[INFO GRT-0043] No OR_DEFAULT vias defined.
[INFO GRT-0004] Blockages: 639

[INFO GRT-0053] Routing resources analysis:
          Routing      Original      Derated      Resource
Layer     Direction    Resources     Resources    Reduction (%)
---------------------------------------------------------------
li1        Vertical            0             0          0.00%
met1       Horizontal      37410         18440          50.71%
met2       Vertical        28036         18234          34.96%
met3       Horizontal      18705         12715          32.02%
met4       Vertical        11309          7030          37.84%
met5       Horizontal       3741          1806          51.72%
---------------------------------------------------------------

[INFO GRT-0197] Via related to pin nodes: 17722
[INFO GRT-0198] Via related Steiner nodes: 195
[INFO GRT-0199] Via filling finished.
[INFO GRT-0111] Final number of vias: 21692
[INFO GRT-0112] Final usage 3D: 76981

[INFO GRT-0096] Final congestion report:
Layer         Resource        Demand        Usage (%)    Max H / Max V / Total Overflow
---------------------------------------------------------------------------------------
li1                  0             0            0.00%             0 /  0 /  0
met1             18440          5307           28.78%             0 /  0 /  0
met2             18234          5989           32.85%             0 /  0 /  0
met3             12715           381            3.00%             0 /  0 /  0
met4              7030           228            3.24%             0 /  0 /  0
met5              1806             0            0.00%             0 /  0 /  0
---------------------------------------------------------------------------------------
Total            58225         11905           20.45%             0 /  0 /  0

[INFO GRT-0018] Total wirelength: 128560 um
[INFO GRT-0014] Routed nets: 3345
Setting global connections for newly added cells…
[INFO] Setting global connections...
Updating metrics…
Cell type report:                       Count       Area
  Fill cell                               204     765.73
  Tap cell                               1144    1431.37
  Clock buffer                              4      88.84
  Timing Repair Buffer                    313    2008.18
  Inverter                                 68     257.75
  Sequential cell                          16     422.91
  Multi-Input combinational cell         2911   22506.59
  Total                                  4660   27481.36
Writing OpenROAD database to '/home/asic/workspace/asic_project/runs/RUN_2025-05-14_18-18-41/40-openroad-repairdesignpostgrt/dynamic_noise_reduction.odb'…
Writing netlist to '/home/asic/workspace/asic_project/runs/RUN_2025-05-14_18-18-41/40-openroad-repairdesignpostgrt/dynamic_noise_reduction.nl.v'…
Writing powered netlist to '/home/asic/workspace/asic_project/runs/RUN_2025-05-14_18-18-41/40-openroad-repairdesignpostgrt/dynamic_noise_reduction.pnl.v'…
Writing layout to '/home/asic/workspace/asic_project/runs/RUN_2025-05-14_18-18-41/40-openroad-repairdesignpostgrt/dynamic_noise_reduction.def'…
Writing timing constraints to '/home/asic/workspace/asic_project/runs/RUN_2025-05-14_18-18-41/40-openroad-repairdesignpostgrt/dynamic_noise_reduction.sdc'…
