Clock: clk
Sources: clk 
Generated: no
Virtual: yes
Propagated: no
Period: 35.000000

===========================================================================
report_clock_properties
============================================================================
Clock                   Period          Waveform
----------------------------------------------------
clk                  35.000000    0.000000 17.500000

===========================================================================
report_clock_latency
============================================================================
Clock clk
rise -> rise
    min     max
0.000000 0.000000 source latency
0.860617         network latency y_out_sky130_fd_sc_hd__dfrtp_2_Q_3/CLK
        0.863397 network latency y_out_sky130_fd_sc_hd__dfrtp_2_Q_9/CLK
---------------
0.860617 0.863397 latency
        0.002780 skew

fall -> fall
    min     max
0.000000 0.000000 source latency
0.762860         network latency y_out_sky130_fd_sc_hd__dfrtp_2_Q_3/CLK
        0.765153 network latency y_out_sky130_fd_sc_hd__dfrtp_2_Q_9/CLK
---------------
0.762860 0.765153 latency
        0.002293 skew



===========================================================================
report_clock_min_period
============================================================================
clk period_min = 16.45 fmax = 60.79
