Clock: clk
Sources: clk 
Generated: no
Virtual: yes
Propagated: no
Period: 20.000000

===========================================================================
report_clock_properties
============================================================================
Clock                   Period          Waveform
----------------------------------------------------
clk                  20.000000    0.000000 10.000000

===========================================================================
report_clock_latency
============================================================================
Clock clk
rise -> rise
    min     max
0.000000 0.000000 source latency
0.631962         network latency y_out_sky130_fd_sc_hd__dfrtp_2_Q_6/CLK
        0.643381 network latency y_out_sky130_fd_sc_hd__dfrtp_2_Q_15/CLK
---------------
0.631962 0.643381 latency
        0.011418 skew

fall -> fall
    min     max
0.000000 0.000000 source latency
0.506121         network latency y_out_sky130_fd_sc_hd__dfrtp_2_Q_6/CLK
        0.515640 network latency y_out_sky130_fd_sc_hd__dfrtp_2_Q_15/CLK
---------------
0.506121 0.515640 latency
        0.009519 skew



===========================================================================
report_clock_min_period
============================================================================
clk period_min = 7.38 fmax = 135.49
