Clock: clk
Sources: clk 
Generated: no
Virtual: yes
Propagated: no
Period: 8.000000

===========================================================================
report_clock_properties
============================================================================
Clock                   Period          Waveform
----------------------------------------------------
clk                   8.000000    0.000000  4.000000

===========================================================================
report_clock_latency
============================================================================
Clock clk
rise -> rise
    min     max
0.000000 0.000000 source latency
0.626580         network latency y_out_sky130_fd_sc_hd__dfrtp_2_Q_11/CLK
        0.627994 network latency y_out_sky130_fd_sc_hd__dfrtp_2_Q_12/CLK
---------------
0.626580 0.627994 latency
        0.001414 skew

fall -> fall
    min     max
0.000000 0.000000 source latency
0.603987         network latency y_out_sky130_fd_sc_hd__dfrtp_2_Q_11/CLK
        0.605333 network latency y_out_sky130_fd_sc_hd__dfrtp_2_Q_12/CLK
---------------
0.603987 0.605333 latency
        0.001346 skew



===========================================================================
report_clock_min_period
============================================================================
clk period_min = 12.89 fmax = 77.56
