Reading technology LEF file at '/foss/pdks/volare/sky130/versions/0fe599b2afb6708d281543108caf8310912f54af/sky130A/libs.ref/sky130_fd_sc_hd/techlef/sky130_fd_sc_hd__nom.tlef'…
[INFO ODB-0227] LEF file: /foss/pdks/volare/sky130/versions/0fe599b2afb6708d281543108caf8310912f54af/sky130A/libs.ref/sky130_fd_sc_hd/techlef/sky130_fd_sc_hd__nom.tlef, created 14 layers, 25 vias
Reading cell LEF file at '/foss/pdks/volare/sky130/versions/0fe599b2afb6708d281543108caf8310912f54af/sky130A/libs.ref/sky130_fd_sc_hd/lef/sky130_fd_sc_hd.lef'…
[WARNING ODB-0220] WARNING (LEFPARS-2008): NOWIREEXTENSIONATPIN statement is obsolete in version 5.6 or later.
The NOWIREEXTENSIONATPIN statement will be ignored. See file /foss/pdks/volare/sky130/versions/0fe599b2afb6708d281543108caf8310912f54af/sky130A/libs.ref/sky130_fd_sc_hd/lef/sky130_fd_sc_hd.lef at line 2.

[INFO ODB-0227] LEF file: /foss/pdks/volare/sky130/versions/0fe599b2afb6708d281543108caf8310912f54af/sky130A/libs.ref/sky130_fd_sc_hd/lef/sky130_fd_sc_hd.lef, created 437 library cells
Reading cell LEF file at '/foss/pdks/volare/sky130/versions/0fe599b2afb6708d281543108caf8310912f54af/sky130A/libs.ref/sky130_fd_sc_hd/lef/sky130_ef_sc_hd.lef'…
[WARNING ODB-0220] WARNING (LEFPARS-2008): NOWIREEXTENSIONATPIN statement is obsolete in version 5.6 or later.
The NOWIREEXTENSIONATPIN statement will be ignored. See file /foss/pdks/volare/sky130/versions/0fe599b2afb6708d281543108caf8310912f54af/sky130A/libs.ref/sky130_fd_sc_hd/lef/sky130_ef_sc_hd.lef at line 2.

[INFO ODB-0227] LEF file: /foss/pdks/volare/sky130/versions/0fe599b2afb6708d281543108caf8310912f54af/sky130A/libs.ref/sky130_fd_sc_hd/lef/sky130_ef_sc_hd.lef, created 4 library cells
[INFO ODB-0127] Reading DEF file: /home/asic/workspace/asic_project/runs/RUN_2025-05-14_18-18-41/54-odb-cellfrequencytables/dynamic_noise_reduction.def
[INFO ODB-0128] Design: dynamic_noise_reduction
[INFO ODB-0130]     Created 52 pins.
[INFO ODB-0131]     Created 10527 components and 51509 component-terminals.
[INFO ODB-0132]     Created 2 special nets and 39820 connections.
[INFO ODB-0133]     Created 3348 nets and 11688 connections.
[INFO ODB-0134] Finished DEF file: /home/asic/workspace/asic_project/runs/RUN_2025-05-14_18-18-41/54-odb-cellfrequencytables/dynamic_noise_reduction.def
Using RCX ruleset '/foss/pdks/volare/sky130/versions/0fe599b2afb6708d281543108caf8310912f54af/sky130A/libs.tech/openlane/rules.openrcx.sky130A.nom.calibre'…
[INFO RCX-0431] Defined process_corner CURRENT_CORNER with ext_model_index 0
[INFO RCX-0029] Defined extraction corner CURRENT_CORNER
[INFO RCX-0435] Reading extraction model file /foss/pdks/volare/sky130/versions/0fe599b2afb6708d281543108caf8310912f54af/sky130A/libs.tech/openlane/rules.openrcx.sky130A.nom.calibre ...
[INFO RCX-0436] RC segment generation dynamic_noise_reduction (max_merge_res 50.0) ...
[INFO RCX-0040] Final 13914 rc segments
[INFO RCX-0439] Coupling Cap extraction dynamic_noise_reduction ...
[INFO RCX-0440] Coupling threshhold is 0.1000 fF, coupling capacitance less than 0.1000 fF will be grounded.
[INFO RCX-0442] 50% of 23037 wires extracted
[INFO RCX-0442] 100% of 23037 wires extracted
[INFO RCX-0045] Extract 3348 nets, 17260 rsegs, 17260 caps, 26501 ccs
Setting global connections for newly added cells…
[INFO] Setting global connections...
Updating metrics…
Cell type report:                       Count       Area
  Fill cell                              6058   53055.88
  Tap cell                               1144    1431.37
  Antenna cell                             10      25.02
  Standard cell                          3315   25634.59
  Total                                 10527   80146.87
Writing extracted parasitics to '/home/asic/workspace/asic_project/runs/RUN_2025-05-14_18-18-41/55-openroad-rcx/nom/dynamic_noise_reduction.nom.spef'…
[INFO RCX-0443] 3348 nets finished
