[WARNING ORD-0039] .openroad ignored with -python
                                Cells by Master                                 
┏━━━━━━━━━━━━━━━━━━━━━━━━━━━━━━━━━━━━━━━━━━━━━━━━━━━━━━━━━━━━━━━━┳━━━━━━━━━━━━━┓
┃ Cell                                                           ┃ Count       ┃
┡━━━━━━━━━━━━━━━━━━━━━━━━━━━━━━━━━━━━━━━━━━━━━━━━━━━━━━━━━━━━━━━━╇━━━━━━━━━━━━━┩
│ sky130_ef_sc_hd__decap_12                                      │ 1344        │
│ sky130_fd_sc_hd__a2111o_1                                      │ 1           │
│ sky130_fd_sc_hd__a2111oi_1                                     │ 1           │
│ sky130_fd_sc_hd__a211o_1                                       │ 39          │
│ sky130_fd_sc_hd__a211o_4                                       │ 20          │
│ sky130_fd_sc_hd__a211oi_1                                      │ 3           │
│ sky130_fd_sc_hd__a211oi_2                                      │ 10          │
│ sky130_fd_sc_hd__a211oi_4                                      │ 13          │
│ sky130_fd_sc_hd__a21bo_1                                       │ 73          │
│ sky130_fd_sc_hd__a21bo_2                                       │ 1           │
│ sky130_fd_sc_hd__a21boi_1                                      │ 8           │
│ sky130_fd_sc_hd__a21boi_2                                      │ 1           │
│ sky130_fd_sc_hd__a21boi_4                                      │ 1           │
│ sky130_fd_sc_hd__a21o_1                                        │ 223         │
│ sky130_fd_sc_hd__a21o_2                                        │ 2           │
│ sky130_fd_sc_hd__a21o_4                                        │ 1           │
│ sky130_fd_sc_hd__a21oi_1                                       │ 146         │
│ sky130_fd_sc_hd__a21oi_2                                       │ 24          │
│ sky130_fd_sc_hd__a21oi_4                                       │ 5           │
│ sky130_fd_sc_hd__a221oi_2                                      │ 1           │
│ sky130_fd_sc_hd__a22o_1                                        │ 49          │
│ sky130_fd_sc_hd__a22o_4                                        │ 1           │
│ sky130_fd_sc_hd__a22oi_1                                       │ 28          │
│ sky130_fd_sc_hd__a22oi_2                                       │ 19          │
│ sky130_fd_sc_hd__a2bb2o_1                                      │ 6           │
│ sky130_fd_sc_hd__a311o_1                                       │ 1           │
│ sky130_fd_sc_hd__a311oi_4                                      │ 1           │
│ sky130_fd_sc_hd__a31o_1                                        │ 33          │
│ sky130_fd_sc_hd__a31oi_1                                       │ 1           │
│ sky130_fd_sc_hd__a31oi_2                                       │ 2           │
│ sky130_fd_sc_hd__a31oi_4                                       │ 1           │
│ sky130_fd_sc_hd__a32oi_1                                       │ 1           │
│ sky130_fd_sc_hd__a32oi_2                                       │ 2           │
│ sky130_fd_sc_hd__a32oi_4                                       │ 1           │
│ sky130_fd_sc_hd__and2_1                                        │ 79          │
│ sky130_fd_sc_hd__and2_4                                        │ 2           │
│ sky130_fd_sc_hd__and2b_1                                       │ 107         │
│ sky130_fd_sc_hd__and3_1                                        │ 111         │
│ sky130_fd_sc_hd__and3_4                                        │ 8           │
│ sky130_fd_sc_hd__and3b_1                                       │ 18          │
│ sky130_fd_sc_hd__and4_1                                        │ 74          │
│ sky130_fd_sc_hd__and4_2                                        │ 2           │
│ sky130_fd_sc_hd__and4b_1                                       │ 2           │
│ sky130_fd_sc_hd__and4bb_1                                      │ 39          │
│ sky130_fd_sc_hd__buf_1                                         │ 36          │
│ sky130_fd_sc_hd__buf_12                                        │ 4           │
│ sky130_fd_sc_hd__buf_2                                         │ 115         │
│ sky130_fd_sc_hd__buf_4                                         │ 20          │
│ sky130_fd_sc_hd__buf_6                                         │ 35          │
│ sky130_fd_sc_hd__buf_8                                         │ 11          │
│ sky130_fd_sc_hd__clkbuf_1                                      │ 28          │
│ sky130_fd_sc_hd__clkbuf_16                                     │ 3           │
│ sky130_fd_sc_hd__clkbuf_2                                      │ 53          │
│ sky130_fd_sc_hd__clkbuf_4                                      │ 29          │
│ sky130_fd_sc_hd__clkbuf_8                                      │ 1           │
│ sky130_fd_sc_hd__clkinv_4                                      │ 2           │
│ sky130_fd_sc_hd__decap_3                                       │ 527         │
│ sky130_fd_sc_hd__decap_4                                       │ 413         │
│ sky130_fd_sc_hd__decap_6                                       │ 325         │
│ sky130_fd_sc_hd__decap_8                                       │ 385         │
│ sky130_fd_sc_hd__dfrtp_1                                       │ 12          │
│ sky130_fd_sc_hd__dfrtp_4                                       │ 4           │
│ sky130_fd_sc_hd__diode_2                                       │ 12          │
│ sky130_fd_sc_hd__dlygate4sd1_1                                 │ 19          │
│ sky130_fd_sc_hd__dlymetal6s2s_1                                │ 38          │
│ sky130_fd_sc_hd__dlymetal6s4s_1                                │ 2           │
│ sky130_fd_sc_hd__fill_1                                        │ 842         │
│ sky130_fd_sc_hd__fill_2                                        │ 432         │
│ sky130_fd_sc_hd__inv_2                                         │ 65          │
│ sky130_fd_sc_hd__inv_8                                         │ 1           │
│ sky130_fd_sc_hd__mux2_1                                        │ 2           │
│ sky130_fd_sc_hd__mux2_4                                        │ 1           │
│ sky130_fd_sc_hd__nand2_1                                       │ 198         │
│ sky130_fd_sc_hd__nand2_2                                       │ 3           │
│ sky130_fd_sc_hd__nand2_4                                       │ 1           │
│ sky130_fd_sc_hd__nand2b_1                                      │ 170         │
│ sky130_fd_sc_hd__nand2b_4                                      │ 2           │
│ sky130_fd_sc_hd__nand3_1                                       │ 110         │
│ sky130_fd_sc_hd__nand3_2                                       │ 33          │
│ sky130_fd_sc_hd__nand3_4                                       │ 8           │
│ sky130_fd_sc_hd__nand3b_1                                      │ 9           │
│ sky130_fd_sc_hd__nand3b_2                                      │ 2           │
│ sky130_fd_sc_hd__nand3b_4                                      │ 1           │
│ sky130_fd_sc_hd__nand4_1                                       │ 18          │
│ sky130_fd_sc_hd__nand4_2                                       │ 2           │
│ sky130_fd_sc_hd__nand4_4                                       │ 1           │
│ sky130_fd_sc_hd__nor2_1                                        │ 196         │
│ sky130_fd_sc_hd__nor2_2                                        │ 4           │
│ sky130_fd_sc_hd__nor2_4                                        │ 2           │
│ sky130_fd_sc_hd__nor3_1                                        │ 8           │
│ sky130_fd_sc_hd__nor3_2                                        │ 9           │
│ sky130_fd_sc_hd__nor3_4                                        │ 5           │
│ sky130_fd_sc_hd__nor3b_1                                       │ 3           │
│ sky130_fd_sc_hd__nor3b_2                                       │ 2           │
│ sky130_fd_sc_hd__nor3b_4                                       │ 3           │
│ sky130_fd_sc_hd__nor4_1                                        │ 2           │
│ sky130_fd_sc_hd__nor4_2                                        │ 1           │
│ sky130_fd_sc_hd__nor4_4                                        │ 1           │
│ sky130_fd_sc_hd__o211a_1                                       │ 27          │
│ sky130_fd_sc_hd__o211a_4                                       │ 7           │
│ sky130_fd_sc_hd__o211ai_1                                      │ 8           │
│ sky130_fd_sc_hd__o211ai_2                                      │ 27          │
│ sky130_fd_sc_hd__o211ai_4                                      │ 9           │
│ sky130_fd_sc_hd__o21a_1                                        │ 51          │
│ sky130_fd_sc_hd__o21ai_1                                       │ 50          │
│ sky130_fd_sc_hd__o21ai_2                                       │ 10          │
│ sky130_fd_sc_hd__o21ba_1                                       │ 21          │
│ sky130_fd_sc_hd__o21ba_4                                       │ 4           │
│ sky130_fd_sc_hd__o21bai_1                                      │ 28          │
│ sky130_fd_sc_hd__o21bai_2                                      │ 2           │
│ sky130_fd_sc_hd__o221a_1                                       │ 1           │
│ sky130_fd_sc_hd__o22a_1                                        │ 21          │
│ sky130_fd_sc_hd__o22ai_1                                       │ 1           │
│ sky130_fd_sc_hd__o2bb2a_1                                      │ 14          │
│ sky130_fd_sc_hd__o2bb2a_4                                      │ 1           │
│ sky130_fd_sc_hd__o311a_1                                       │ 1           │
│ sky130_fd_sc_hd__o31a_1                                        │ 2           │
│ sky130_fd_sc_hd__o31a_4                                        │ 2           │
│ sky130_fd_sc_hd__o31ai_2                                       │ 2           │
│ sky130_fd_sc_hd__o31ai_4                                       │ 1           │
│ sky130_fd_sc_hd__o32a_1                                        │ 3           │
│ sky130_fd_sc_hd__o41a_1                                        │ 2           │
│ sky130_fd_sc_hd__or2_1                                         │ 63          │
│ sky130_fd_sc_hd__or2_4                                         │ 1           │
│ sky130_fd_sc_hd__or3_1                                         │ 37          │
│ sky130_fd_sc_hd__or3_4                                         │ 17          │
│ sky130_fd_sc_hd__or3b_1                                        │ 10          │
│ sky130_fd_sc_hd__or3b_4                                        │ 1           │
│ sky130_fd_sc_hd__or4_1                                         │ 2           │
│ sky130_fd_sc_hd__or4_4                                         │ 3           │
│ sky130_fd_sc_hd__or4b_1                                        │ 1           │
│ sky130_fd_sc_hd__or4b_4                                        │ 2           │
│ sky130_fd_sc_hd__or4bb_1                                       │ 6           │
│ sky130_fd_sc_hd__or4bb_4                                       │ 1           │
│ sky130_fd_sc_hd__tapvpwrvgnd_1                                 │ 828         │
│ sky130_fd_sc_hd__xnor2_1                                       │ 293         │
│ sky130_fd_sc_hd__xnor2_2                                       │ 52          │
│ sky130_fd_sc_hd__xor2_1                                        │ 129         │
│ sky130_fd_sc_hd__xor2_2                                        │ 38          │
│ sky130_fd_sc_hd__xor2_4                                        │ 1           │
└────────────────────────────────────────────────────────────────┴─────────────┘
                               Cells by Function                                
┏━━━━━━━━━━━━━━━━━━━━━━━━━━━━━━━━━━━━━━━━━━━━━━━━━━━━━━━━━━━━━━━┳━━━━━━━━━━━━━━┓
┃ Cell Function                                                 ┃ Count        ┃
┡━━━━━━━━━━━━━━━━━━━━━━━━━━━━━━━━━━━━━━━━━━━━━━━━━━━━━━━━━━━━━━━╇━━━━━━━━━━━━━━┩
│ sky130_ef_sc_hd__decap                                        │ 1344         │
│ sky130_fd_sc_hd__a2111o                                       │ 1            │
│ sky130_fd_sc_hd__a2111oi                                      │ 1            │
│ sky130_fd_sc_hd__a211o                                        │ 59           │
│ sky130_fd_sc_hd__a211oi                                       │ 26           │
│ sky130_fd_sc_hd__a21bo                                        │ 74           │
│ sky130_fd_sc_hd__a21boi                                       │ 10           │
│ sky130_fd_sc_hd__a21o                                         │ 226          │
│ sky130_fd_sc_hd__a21oi                                        │ 175          │
│ sky130_fd_sc_hd__a221oi                                       │ 1            │
│ sky130_fd_sc_hd__a22o                                         │ 50           │
│ sky130_fd_sc_hd__a22oi                                        │ 47           │
│ sky130_fd_sc_hd__a2bb2o                                       │ 6            │
│ sky130_fd_sc_hd__a311o                                        │ 1            │
│ sky130_fd_sc_hd__a311oi                                       │ 1            │
│ sky130_fd_sc_hd__a31o                                         │ 33           │
│ sky130_fd_sc_hd__a31oi                                        │ 4            │
│ sky130_fd_sc_hd__a32oi                                        │ 4            │
│ sky130_fd_sc_hd__and2                                         │ 81           │
│ sky130_fd_sc_hd__and2b                                        │ 107          │
│ sky130_fd_sc_hd__and3                                         │ 119          │
│ sky130_fd_sc_hd__and3b                                        │ 18           │
│ sky130_fd_sc_hd__and4                                         │ 76           │
│ sky130_fd_sc_hd__and4b                                        │ 2            │
│ sky130_fd_sc_hd__and4bb                                       │ 39           │
│ sky130_fd_sc_hd__buf                                          │ 221          │
│ sky130_fd_sc_hd__clkbuf                                       │ 114          │
│ sky130_fd_sc_hd__clkinv                                       │ 2            │
│ sky130_fd_sc_hd__decap                                        │ 1650         │
│ sky130_fd_sc_hd__dfrtp                                        │ 16           │
│ sky130_fd_sc_hd__diode                                        │ 12           │
│ sky130_fd_sc_hd__dlygate4sd1                                  │ 19           │
│ sky130_fd_sc_hd__dlymetal6s2s                                 │ 38           │
│ sky130_fd_sc_hd__dlymetal6s4s                                 │ 2            │
│ sky130_fd_sc_hd__fill                                         │ 1274         │
│ sky130_fd_sc_hd__inv                                          │ 66           │
│ sky130_fd_sc_hd__mux2                                         │ 3            │
│ sky130_fd_sc_hd__nand2                                        │ 202          │
│ sky130_fd_sc_hd__nand2b                                       │ 172          │
│ sky130_fd_sc_hd__nand3                                        │ 151          │
│ sky130_fd_sc_hd__nand3b                                       │ 12           │
│ sky130_fd_sc_hd__nand4                                        │ 21           │
│ sky130_fd_sc_hd__nor2                                         │ 202          │
│ sky130_fd_sc_hd__nor3                                         │ 22           │
│ sky130_fd_sc_hd__nor3b                                        │ 8            │
│ sky130_fd_sc_hd__nor4                                         │ 4            │
│ sky130_fd_sc_hd__o211a                                        │ 34           │
│ sky130_fd_sc_hd__o211ai                                       │ 44           │
│ sky130_fd_sc_hd__o21a                                         │ 51           │
│ sky130_fd_sc_hd__o21ai                                        │ 60           │
│ sky130_fd_sc_hd__o21ba                                        │ 25           │
│ sky130_fd_sc_hd__o21bai                                       │ 30           │
│ sky130_fd_sc_hd__o221a                                        │ 1            │
│ sky130_fd_sc_hd__o22a                                         │ 21           │
│ sky130_fd_sc_hd__o22ai                                        │ 1            │
│ sky130_fd_sc_hd__o2bb2a                                       │ 15           │
│ sky130_fd_sc_hd__o311a                                        │ 1            │
│ sky130_fd_sc_hd__o31a                                         │ 4            │
│ sky130_fd_sc_hd__o31ai                                        │ 3            │
│ sky130_fd_sc_hd__o32a                                         │ 3            │
│ sky130_fd_sc_hd__o41a                                         │ 2            │
│ sky130_fd_sc_hd__or2                                          │ 64           │
│ sky130_fd_sc_hd__or3                                          │ 54           │
│ sky130_fd_sc_hd__or3b                                         │ 11           │
│ sky130_fd_sc_hd__or4                                          │ 5            │
│ sky130_fd_sc_hd__or4b                                         │ 3            │
│ sky130_fd_sc_hd__or4bb                                        │ 7            │
│ sky130_fd_sc_hd__tapvpwrvgnd                                  │ 828          │
│ sky130_fd_sc_hd__xnor2                                        │ 345          │
│ sky130_fd_sc_hd__xor2                                         │ 168          │
└───────────────────────────────────────────────────────────────┴──────────────┘
                                  Cells by SCL                                  
┏━━━━━━━━━━━━━━━━━━━━━━━━━━━━━━━━━━━━━━━━━━━━━━━━━━━━━━━┳━━━━━━━━━━━━━━━━━━━━━━┓
┃ SCL                                                   ┃ Count                ┃
┡━━━━━━━━━━━━━━━━━━━━━━━━━━━━━━━━━━━━━━━━━━━━━━━━━━━━━━━╇━━━━━━━━━━━━━━━━━━━━━━┩
│ sky130_ef_sc_hd                                       │ 1344                 │
│ sky130_fd_sc_hd                                       │ 7152                 │
└───────────────────────────────────────────────────────┴──────────────────────┘
                             Buffers by Cell Master                             
┏━━━━━━━━━━━━━━━━━━━━━━━━━━━━━━━━━━━━━━━━━━━━━━━━━━━━━━━━━━━━━━━━┳━━━━━━━━━━━━━┓
┃ Buffer                                                         ┃ Count       ┃
┡━━━━━━━━━━━━━━━━━━━━━━━━━━━━━━━━━━━━━━━━━━━━━━━━━━━━━━━━━━━━━━━━╇━━━━━━━━━━━━━┩
│ sky130_fd_sc_hd__buf_1                                         │ 36          │
│ sky130_fd_sc_hd__buf_12                                        │ 4           │
│ sky130_fd_sc_hd__buf_2                                         │ 115         │
│ sky130_fd_sc_hd__buf_4                                         │ 20          │
│ sky130_fd_sc_hd__buf_6                                         │ 35          │
│ sky130_fd_sc_hd__buf_8                                         │ 11          │
│ sky130_fd_sc_hd__clkbuf_1                                      │ 28          │
│ sky130_fd_sc_hd__clkbuf_16                                     │ 3           │
│ sky130_fd_sc_hd__clkbuf_2                                      │ 53          │
│ sky130_fd_sc_hd__clkbuf_4                                      │ 29          │
│ sky130_fd_sc_hd__clkbuf_8                                      │ 1           │
│ sky130_fd_sc_hd__dlygate4sd1_1                                 │ 19          │
│ sky130_fd_sc_hd__dlymetal6s2s_1                                │ 38          │
│ sky130_fd_sc_hd__dlymetal6s4s_1                                │ 2           │
└────────────────────────────────────────────────────────────────┴─────────────┘
