Clock: clk
Sources: clk 
Generated: no
Virtual: yes
Propagated: no
Period: 30.000000

===========================================================================
report_clock_properties
============================================================================
Clock                   Period          Waveform
----------------------------------------------------
clk                  30.000000    0.000000 15.000000

===========================================================================
report_clock_latency
============================================================================
Clock clk
rise -> rise
    min     max
0.000000 0.000000 source latency
0.377709         network latency y_out_sky130_fd_sc_hd__dfrtp_2_Q_7/CLK
        0.380933 network latency y_out_sky130_fd_sc_hd__dfrtp_2_Q_15/CLK
---------------
0.377709 0.380933 latency
        0.003225 skew

fall -> fall
    min     max
0.000000 0.000000 source latency
0.312715         network latency y_out_sky130_fd_sc_hd__dfrtp_2_Q_7/CLK
        0.315209 network latency y_out_sky130_fd_sc_hd__dfrtp_2_Q_15/CLK
---------------
0.312715 0.315209 latency
        0.002494 skew



===========================================================================
report_clock_min_period
============================================================================
clk period_min = 5.22 fmax = 191.68
