Clock: clk
Sources: clk 
Generated: no
Virtual: yes
Propagated: no
Period: 20.000000

===========================================================================
report_clock_properties
============================================================================
Clock                   Period          Waveform
----------------------------------------------------
clk                  20.000000    0.000000 10.000000

===========================================================================
report_clock_latency
============================================================================
Clock clk
rise -> rise
    min     max
0.000000 0.000000 source latency
0.615763         network latency y_out_sky130_fd_sc_hd__dfrtp_2_Q_6/CLK
        0.624073 network latency y_out_sky130_fd_sc_hd__dfrtp_2_Q_15/CLK
---------------
0.615763 0.624073 latency
        0.008310 skew

fall -> fall
    min     max
0.000000 0.000000 source latency
0.494378         network latency y_out_sky130_fd_sc_hd__dfrtp_2_Q_6/CLK
        0.501204 network latency y_out_sky130_fd_sc_hd__dfrtp_2_Q_15/CLK
---------------
0.494378 0.501204 latency
        0.006826 skew



===========================================================================
report_clock_min_period
============================================================================
clk period_min = 7.29 fmax = 137.26
