Reading timing models for corner nom_tt_025C_1v80…
Reading timing library for the 'nom_tt_025C_1v80' corner at '/foss/pdks/volare/sky130/versions/0fe599b2afb6708d281543108caf8310912f54af/sky130A/libs.ref/sky130_fd_sc_hd/lib/sky130_fd_sc_hd__tt_025C_1v80.lib'…
Reading timing models for corner nom_ff_n40C_1v95…
Reading timing library for the 'nom_ff_n40C_1v95' corner at '/foss/pdks/volare/sky130/versions/0fe599b2afb6708d281543108caf8310912f54af/sky130A/libs.ref/sky130_fd_sc_hd/lib/sky130_fd_sc_hd__ff_n40C_1v95.lib'…
Reading timing models for corner nom_ss_100C_1v60…
Reading timing library for the 'nom_ss_100C_1v60' corner at '/foss/pdks/volare/sky130/versions/0fe599b2afb6708d281543108caf8310912f54af/sky130A/libs.ref/sky130_fd_sc_hd/lib/sky130_fd_sc_hd__ss_100C_1v60.lib'…
Reading OpenROAD database at '/home/asic/workspace/asic_project/runs/RUN_2025-05-14_18-03-09/38-openroad-globalrouting/dynamic_noise_reduction.odb'…
Reading design constraints file at '/usr/local/lib/python3.12/dist-packages/openlane/scripts/base.sdc'…
[INFO] Using clock clk…
[INFO] Setting output delay to: 2
[INFO] Setting input delay to: 2
[INFO] Setting load to: 0.033442
[INFO] Setting clock uncertainty to: 0.25
[INFO] Setting clock transition to: 0.1499999999999999944488848768742172978818416595458984375
[INFO] Setting timing derate to: 5%
[INFO] Setting RC values…
[INFO] Setting signal min routing layer to: met1 and clock min routing layer to met1. 
[INFO] Setting signal max routing layer to: met5 and clock max routing layer to met5. 
-congestion_iterations 50 -verbose
[INFO GRT-0020] Min routing layer: met1
[INFO GRT-0021] Max routing layer: met5
[INFO GRT-0022] Global adjustment: 30%
[INFO GRT-0023] Grid origin: (0, 0)
[INFO GRT-0043] No OR_DEFAULT vias defined.
[INFO GRT-0088] Layer li1     Track-Pitch = 0.4600  line-2-Via Pitch: 0.3400
[INFO GRT-0088] Layer met1    Track-Pitch = 0.3400  line-2-Via Pitch: 0.3400
[INFO GRT-0088] Layer met2    Track-Pitch = 0.4600  line-2-Via Pitch: 0.3500
[INFO GRT-0088] Layer met3    Track-Pitch = 0.6800  line-2-Via Pitch: 0.6150
[INFO GRT-0088] Layer met4    Track-Pitch = 0.9200  line-2-Via Pitch: 1.0400
[INFO GRT-0088] Layer met5    Track-Pitch = 3.4000  line-2-Via Pitch: 3.1100
[INFO GRT-0019] Found 4 clock nets.
[INFO GRT-0001] Minimum degree: 2
[INFO GRT-0002] Maximum degree: 11
[INFO GRT-0003] Macros: 0
[INFO GRT-0043] No OR_DEFAULT vias defined.
[INFO GRT-0004] Blockages: 654

[INFO GRT-0053] Routing resources analysis:
          Routing      Original      Derated      Resource
Layer     Direction    Resources     Resources    Reduction (%)
---------------------------------------------------------------
li1        Vertical            0             0          0.00%
met1       Horizontal      28692         14149          50.69%
met2       Vertical        21219         13740          35.25%
met3       Horizontal      14346          9709          32.32%
met4       Vertical         8556          5262          38.50%
met5       Horizontal       2847          1368          51.95%
---------------------------------------------------------------

[INFO GRT-0101] Running extra iterations to remove overflow.
[INFO GRT-0197] Via related to pin nodes: 17405
[INFO GRT-0198] Via related Steiner nodes: 214
[INFO GRT-0199] Via filling finished.
[INFO GRT-0111] Final number of vias: 21437
[INFO GRT-0112] Final usage 3D: 75254

[INFO GRT-0096] Final congestion report:
Layer         Resource        Demand        Usage (%)    Max H / Max V / Total Overflow
---------------------------------------------------------------------------------------
li1                  0             0            0.00%             0 /  0 /  0
met1             14149          4831           34.14%             0 /  0 /  0
met2             13740          5554           40.42%             0 /  0 /  0
met3              9709           282            2.90%             0 /  0 /  0
met4              5262           276            5.25%             0 /  0 /  0
met5              1368             0            0.00%             0 /  0 /  0
---------------------------------------------------------------------------------------
Total            44228         10943           24.74%             0 /  0 /  0

[INFO GRT-0018] Total wirelength: 121550 um
[INFO GRT-0014] Routed nets: 3345
[INFO RSZ-0058] Using max wire length 6335um.
Iteration | Resized | Buffers | Nets repaired | Remaining
---------------------------------------------------------
        0 |       0 |       0 |             0 |      3346
      100 |       0 |       0 |             0 |      3246
      200 |       0 |       0 |             0 |      3146
      300 |       0 |       0 |             0 |      3046
      400 |       0 |       0 |             0 |      2946
      500 |       0 |       0 |             0 |      2846
      600 |       0 |       0 |             0 |      2746
      700 |       0 |       0 |             0 |      2646
      800 |       0 |       0 |             0 |      2546
      900 |       0 |       1 |             1 |      2446
     1000 |       0 |       1 |             1 |      2346
     1100 |       0 |       1 |             1 |      2246
     1200 |       0 |       1 |             1 |      2146
     1300 |       0 |       1 |             1 |      2046
     1400 |       0 |       1 |             1 |      1946
     1500 |       0 |       1 |             1 |      1846
     1600 |       0 |       1 |             1 |      1746
     1700 |       0 |       1 |             1 |      1646
     1800 |       0 |       1 |             1 |      1546
     1900 |       0 |       2 |             2 |      1446
     2000 |       0 |       2 |             2 |      1346
     2100 |       0 |       3 |             3 |      1246
     2200 |       0 |       3 |             3 |      1146
     2300 |       0 |       3 |             3 |      1046
     2400 |       0 |       3 |             3 |       946
     2500 |       0 |       3 |             3 |       846
     2600 |       0 |       3 |             3 |       746
     2700 |       0 |       3 |             3 |       646
     2800 |       0 |       3 |             3 |       546
     2900 |       0 |       3 |             3 |       446
     3000 |       0 |       3 |             3 |       346
     3100 |       0 |       3 |             3 |       246
     3200 |       0 |       3 |             3 |       146
     3300 |       0 |       3 |             3 |        46
    final |       0 |       3 |             3 |         0
---------------------------------------------------------
[INFO RSZ-0034] Found 6 slew violations.
[INFO RSZ-0038] Inserted 3 buffers in 3 nets.
Placement Analysis
---------------------------------
total displacement         11.9 u
average displacement        0.0 u
max displacement            6.4 u
original HPWL           71024.5 u
legalized HPWL          73268.1 u
delta HPWL                    3 %

[INFO DPL-0020] Mirrored 1446 instances
[INFO DPL-0021] HPWL before           73268.1 u
[INFO DPL-0022] HPWL after            71038.6 u
[INFO DPL-0023] HPWL delta               -3.0 %
-congestion_iterations 50 -verbose
[INFO GRT-0020] Min routing layer: met1
[INFO GRT-0021] Max routing layer: met5
[INFO GRT-0022] Global adjustment: 30%
[INFO GRT-0023] Grid origin: (0, 0)
[INFO GRT-0043] No OR_DEFAULT vias defined.
[INFO GRT-0088] Layer li1     Track-Pitch = 0.4600  line-2-Via Pitch: 0.3400
[INFO GRT-0088] Layer met1    Track-Pitch = 0.3400  line-2-Via Pitch: 0.3400
[INFO GRT-0088] Layer met2    Track-Pitch = 0.4600  line-2-Via Pitch: 0.3500
[INFO GRT-0088] Layer met3    Track-Pitch = 0.6800  line-2-Via Pitch: 0.6150
[INFO GRT-0088] Layer met4    Track-Pitch = 0.9200  line-2-Via Pitch: 1.0400
[INFO GRT-0088] Layer met5    Track-Pitch = 3.4000  line-2-Via Pitch: 3.1100
[INFO GRT-0019] Found 4 clock nets.
[INFO GRT-0001] Minimum degree: 2
[INFO GRT-0002] Maximum degree: 11
[INFO GRT-0003] Macros: 0
[INFO GRT-0043] No OR_DEFAULT vias defined.
[INFO GRT-0004] Blockages: 654

[INFO GRT-0053] Routing resources analysis:
          Routing      Original      Derated      Resource
Layer     Direction    Resources     Resources    Reduction (%)
---------------------------------------------------------------
li1        Vertical            0             0          0.00%
met1       Horizontal      28692         14149          50.69%
met2       Vertical        21219         13740          35.25%
met3       Horizontal      14346          9709          32.32%
met4       Vertical         8556          5262          38.50%
met5       Horizontal       2847          1368          51.95%
---------------------------------------------------------------

[INFO GRT-0101] Running extra iterations to remove overflow.
[INFO GRT-0197] Via related to pin nodes: 17408
[INFO GRT-0198] Via related Steiner nodes: 215
[INFO GRT-0199] Via filling finished.
[INFO GRT-0111] Final number of vias: 21443
[INFO GRT-0112] Final usage 3D: 75276

[INFO GRT-0096] Final congestion report:
Layer         Resource        Demand        Usage (%)    Max H / Max V / Total Overflow
---------------------------------------------------------------------------------------
li1                  0             0            0.00%             0 /  0 /  0
met1             14149          4832           34.15%             0 /  0 /  0
met2             13740          5557           40.44%             0 /  0 /  0
met3              9709           282            2.90%             0 /  0 /  0
met4              5262           276            5.25%             0 /  0 /  0
met5              1368             0            0.00%             0 /  0 /  0
---------------------------------------------------------------------------------------
Total            44228         10947           24.75%             0 /  0 /  0

[INFO GRT-0018] Total wirelength: 121612 um
[INFO GRT-0014] Routed nets: 3348
Setting global connections for newly added cells…
[INFO] Setting global connections...
Updating metrics…
Cell type report:                       Count       Area
  Fill cell                               180     675.65
  Tap cell                                828    1035.99
  Clock buffer                              4      88.84
  Timing Repair Buffer                    317    2014.43
  Inverter                                 68     267.76
  Sequential cell                          16     415.40
  Multi-Input combinational cell         2910   22416.50
  Total                                  4323   26914.56
Writing OpenROAD database to '/home/asic/workspace/asic_project/runs/RUN_2025-05-14_18-03-09/40-openroad-repairdesignpostgrt/dynamic_noise_reduction.odb'…
Writing netlist to '/home/asic/workspace/asic_project/runs/RUN_2025-05-14_18-03-09/40-openroad-repairdesignpostgrt/dynamic_noise_reduction.nl.v'…
Writing powered netlist to '/home/asic/workspace/asic_project/runs/RUN_2025-05-14_18-03-09/40-openroad-repairdesignpostgrt/dynamic_noise_reduction.pnl.v'…
Writing layout to '/home/asic/workspace/asic_project/runs/RUN_2025-05-14_18-03-09/40-openroad-repairdesignpostgrt/dynamic_noise_reduction.def'…
Writing timing constraints to '/home/asic/workspace/asic_project/runs/RUN_2025-05-14_18-03-09/40-openroad-repairdesignpostgrt/dynamic_noise_reduction.sdc'…
