Clock: clk
Sources: clk 
Generated: no
Virtual: yes
Propagated: no
Period: 30.000000

===========================================================================
report_clock_properties
============================================================================
Clock                   Period          Waveform
----------------------------------------------------
clk                  30.000000    0.000000 15.000000

===========================================================================
report_clock_latency
============================================================================
Clock clk
rise -> rise
    min     max
0.000000 0.000000 source latency
0.362090         network latency y_out_sky130_fd_sc_hd__dfrtp_2_Q_7/CLK
        0.364613 network latency y_out_sky130_fd_sc_hd__dfrtp_2_Q_15/CLK
---------------
0.362090 0.364613 latency
        0.002523 skew

fall -> fall
    min     max
0.000000 0.000000 source latency
0.301480         network latency y_out_sky130_fd_sc_hd__dfrtp_2_Q_7/CLK
        0.303389 network latency y_out_sky130_fd_sc_hd__dfrtp_2_Q_15/CLK
---------------
0.301480 0.303389 latency
        0.001910 skew



===========================================================================
report_clock_min_period
============================================================================
clk period_min = 5.12 fmax = 195.26
