                                                                        Cells by Master                                                                         
┏━━━━━━━━━━━━━━━━━━━━━━━━━━━━━━━━━━━━━━━━━━━━━━━━━━━━━━━━━━━━━━━━━━━━━━━━━━━━━━━━━━━━━━━━━━━━━━━━━━━━━━━━━━━━━━━━━━━━━━━━━━━━━━━━━━┳━━━━━━━━━━━━━━━━━━━━━━━━━━━┓
┃ Cell                                                                                                                             ┃ Count                     ┃
┡━━━━━━━━━━━━━━━━━━━━━━━━━━━━━━━━━━━━━━━━━━━━━━━━━━━━━━━━━━━━━━━━━━━━━━━━━━━━━━━━━━━━━━━━━━━━━━━━━━━━━━━━━━━━━━━━━━━━━━━━━━━━━━━━━━╇━━━━━━━━━━━━━━━━━━━━━━━━━━━┩
│ sky130_ef_sc_hd__decap_12                                                                                                        │ 1458                      │
│ sky130_fd_sc_hd__a2111o_1                                                                                                        │ 1                         │
│ sky130_fd_sc_hd__a2111oi_1                                                                                                       │ 1                         │
│ sky130_fd_sc_hd__a211o_1                                                                                                         │ 57                        │
│ sky130_fd_sc_hd__a211o_2                                                                                                         │ 1                         │
│ sky130_fd_sc_hd__a211o_4                                                                                                         │ 1                         │
│ sky130_fd_sc_hd__a211oi_1                                                                                                        │ 12                        │
│ sky130_fd_sc_hd__a211oi_2                                                                                                        │ 13                        │
│ sky130_fd_sc_hd__a211oi_4                                                                                                        │ 1                         │
│ sky130_fd_sc_hd__a21bo_1                                                                                                         │ 73                        │
│ sky130_fd_sc_hd__a21bo_2                                                                                                         │ 1                         │
│ sky130_fd_sc_hd__a21boi_1                                                                                                        │ 8                         │
│ sky130_fd_sc_hd__a21boi_2                                                                                                        │ 1                         │
│ sky130_fd_sc_hd__a21boi_4                                                                                                        │ 1                         │
│ sky130_fd_sc_hd__a21o_1                                                                                                          │ 224                       │
│ sky130_fd_sc_hd__a21o_2                                                                                                          │ 2                         │
│ sky130_fd_sc_hd__a21oi_1                                                                                                         │ 159                       │
│ sky130_fd_sc_hd__a21oi_2                                                                                                         │ 15                        │
│ sky130_fd_sc_hd__a21oi_4                                                                                                         │ 1                         │
│ sky130_fd_sc_hd__a221oi_2                                                                                                        │ 1                         │
│ sky130_fd_sc_hd__a22o_1                                                                                                          │ 50                        │
│ sky130_fd_sc_hd__a22oi_1                                                                                                         │ 28                        │
│ sky130_fd_sc_hd__a22oi_2                                                                                                         │ 19                        │
│ sky130_fd_sc_hd__a2bb2o_1                                                                                                        │ 6                         │
│ sky130_fd_sc_hd__a311o_1                                                                                                         │ 1                         │
│ sky130_fd_sc_hd__a311oi_4                                                                                                        │ 1                         │
│ sky130_fd_sc_hd__a31o_1                                                                                                          │ 33                        │
│ sky130_fd_sc_hd__a31oi_1                                                                                                         │ 1                         │
│ sky130_fd_sc_hd__a31oi_2                                                                                                         │ 2                         │
│ sky130_fd_sc_hd__a31oi_4                                                                                                         │ 1                         │
│ sky130_fd_sc_hd__a32oi_1                                                                                                         │ 1                         │
│ sky130_fd_sc_hd__a32oi_2                                                                                                         │ 2                         │
│ sky130_fd_sc_hd__a32oi_4                                                                                                         │ 1                         │
│ sky130_fd_sc_hd__and2_1                                                                                                          │ 81                        │
│ sky130_fd_sc_hd__and2b_1                                                                                                         │ 107                       │
│ sky130_fd_sc_hd__and3_1                                                                                                          │ 116                       │
│ sky130_fd_sc_hd__and3_2                                                                                                          │ 2                         │
│ sky130_fd_sc_hd__and3_4                                                                                                          │ 1                         │
│ sky130_fd_sc_hd__and3b_1                                                                                                         │ 18                        │
│ sky130_fd_sc_hd__and4_1                                                                                                          │ 74                        │
│ sky130_fd_sc_hd__and4_2                                                                                                          │ 2                         │
│ sky130_fd_sc_hd__and4b_1                                                                                                         │ 2                         │
│ sky130_fd_sc_hd__and4bb_1                                                                                                        │ 39                        │
│ sky130_fd_sc_hd__buf_1                                                                                                           │ 19                        │
│ sky130_fd_sc_hd__buf_2                                                                                                           │ 142                       │
│ sky130_fd_sc_hd__buf_4                                                                                                           │ 4                         │
│ sky130_fd_sc_hd__buf_6                                                                                                           │ 2                         │
│ sky130_fd_sc_hd__clkbuf_1                                                                                                        │ 24                        │
│ sky130_fd_sc_hd__clkbuf_16                                                                                                       │ 3                         │
│ sky130_fd_sc_hd__clkbuf_2                                                                                                        │ 40                        │
│ sky130_fd_sc_hd__clkbuf_4                                                                                                        │ 31                        │
│ sky130_fd_sc_hd__clkbuf_8                                                                                                        │ 1                         │
│ sky130_fd_sc_hd__clkinv_4                                                                                                        │ 2                         │
│ sky130_fd_sc_hd__decap_3                                                                                                         │ 546                       │
│ sky130_fd_sc_hd__decap_4                                                                                                         │ 395                       │
│ sky130_fd_sc_hd__decap_6                                                                                                         │ 349                       │
│ sky130_fd_sc_hd__decap_8                                                                                                         │ 451                       │
│ sky130_fd_sc_hd__dfrtp_1                                                                                                         │ 12                        │
│ sky130_fd_sc_hd__dfrtp_4                                                                                                         │ 4                         │
│ sky130_fd_sc_hd__diode_2                                                                                                         │ 8                         │
│ sky130_fd_sc_hd__dlymetal6s2s_1                                                                                                  │ 13                        │
│ sky130_fd_sc_hd__fill_1                                                                                                          │ 831                       │
│ sky130_fd_sc_hd__fill_2                                                                                                          │ 429                       │
│ sky130_fd_sc_hd__inv_2                                                                                                           │ 66                        │
│ sky130_fd_sc_hd__mux2_1                                                                                                          │ 2                         │
│ sky130_fd_sc_hd__mux2_2                                                                                                          │ 1                         │
│ sky130_fd_sc_hd__nand2_1                                                                                                         │ 200                       │
│ sky130_fd_sc_hd__nand2_2                                                                                                         │ 1                         │
│ sky130_fd_sc_hd__nand2_4                                                                                                         │ 1                         │
│ sky130_fd_sc_hd__nand2b_1                                                                                                        │ 172                       │
│ sky130_fd_sc_hd__nand3_1                                                                                                         │ 120                       │
│ sky130_fd_sc_hd__nand3_2                                                                                                         │ 29                        │
│ sky130_fd_sc_hd__nand3_4                                                                                                         │ 2                         │
│ sky130_fd_sc_hd__nand3b_1                                                                                                        │ 9                         │
│ sky130_fd_sc_hd__nand3b_2                                                                                                        │ 3                         │
│ sky130_fd_sc_hd__nand4_1                                                                                                         │ 18                        │
│ sky130_fd_sc_hd__nand4_2                                                                                                         │ 2                         │
│ sky130_fd_sc_hd__nand4_4                                                                                                         │ 1                         │
│ sky130_fd_sc_hd__nor2_1                                                                                                          │ 200                       │
│ sky130_fd_sc_hd__nor2_2                                                                                                          │ 2                         │
│ sky130_fd_sc_hd__nor3_1                                                                                                          │ 19                        │
│ sky130_fd_sc_hd__nor3_2                                                                                                          │ 3                         │
│ sky130_fd_sc_hd__nor3b_1                                                                                                         │ 5                         │
│ sky130_fd_sc_hd__nor3b_2                                                                                                         │ 2                         │
│ sky130_fd_sc_hd__nor3b_4                                                                                                         │ 1                         │
│ sky130_fd_sc_hd__nor4_1                                                                                                          │ 4                         │
│ sky130_fd_sc_hd__o211a_1                                                                                                         │ 32                        │
│ sky130_fd_sc_hd__o211a_2                                                                                                         │ 2                         │
│ sky130_fd_sc_hd__o211ai_1                                                                                                        │ 9                         │
│ sky130_fd_sc_hd__o211ai_2                                                                                                        │ 28                        │
│ sky130_fd_sc_hd__o211ai_4                                                                                                        │ 7                         │
│ sky130_fd_sc_hd__o21a_1                                                                                                          │ 51                        │
│ sky130_fd_sc_hd__o21ai_1                                                                                                         │ 54                        │
│ sky130_fd_sc_hd__o21ai_2                                                                                                         │ 6                         │
│ sky130_fd_sc_hd__o21ba_1                                                                                                         │ 25                        │
│ sky130_fd_sc_hd__o21bai_1                                                                                                        │ 28                        │
│ sky130_fd_sc_hd__o21bai_2                                                                                                        │ 2                         │
│ sky130_fd_sc_hd__o221a_1                                                                                                         │ 1                         │
│ sky130_fd_sc_hd__o22a_1                                                                                                          │ 21                        │
│ sky130_fd_sc_hd__o22ai_1                                                                                                         │ 1                         │
│ sky130_fd_sc_hd__o2bb2a_1                                                                                                        │ 15                        │
│ sky130_fd_sc_hd__o311a_1                                                                                                         │ 1                         │
│ sky130_fd_sc_hd__o31a_1                                                                                                          │ 2                         │
│ sky130_fd_sc_hd__o31a_2                                                                                                          │ 2                         │
│ sky130_fd_sc_hd__o31ai_2                                                                                                         │ 2                         │
│ sky130_fd_sc_hd__o31ai_4                                                                                                         │ 1                         │
│ sky130_fd_sc_hd__o32a_1                                                                                                          │ 3                         │
│ sky130_fd_sc_hd__o41a_1                                                                                                          │ 2                         │
│ sky130_fd_sc_hd__or2_1                                                                                                           │ 64                        │
│ sky130_fd_sc_hd__or3_1                                                                                                           │ 51                        │
│ sky130_fd_sc_hd__or3_2                                                                                                           │ 3                         │
│ sky130_fd_sc_hd__or3b_1                                                                                                          │ 11                        │
│ sky130_fd_sc_hd__or4_1                                                                                                           │ 4                         │
│ sky130_fd_sc_hd__or4_4                                                                                                           │ 1                         │
│ sky130_fd_sc_hd__or4b_1                                                                                                          │ 3                         │
│ sky130_fd_sc_hd__or4bb_1                                                                                                         │ 7                         │
│ sky130_fd_sc_hd__tapvpwrvgnd_1                                                                                                   │ 828                       │
│ sky130_fd_sc_hd__xnor2_1                                                                                                         │ 316                       │
│ sky130_fd_sc_hd__xnor2_2                                                                                                         │ 29                        │
│ sky130_fd_sc_hd__xor2_1                                                                                                          │ 145                       │
│ sky130_fd_sc_hd__xor2_2                                                                                                          │ 23                        │
└──────────────────────────────────────────────────────────────────────────────────────────────────────────────────────────────────┴───────────────────────────┘
