Clock: clk
Sources: clk 
Generated: no
Virtual: yes
Propagated: no
Period: 35.000000

===========================================================================
report_clock_properties
============================================================================
Clock                   Period          Waveform
----------------------------------------------------
clk                  35.000000    0.000000 17.500000

===========================================================================
report_clock_latency
============================================================================
Clock clk
rise -> rise
    min     max
0.000000 0.000000 source latency
0.825888         network latency y_out_sky130_fd_sc_hd__dfrtp_2_Q_3/CLK
        0.828814 network latency y_out_sky130_fd_sc_hd__dfrtp_2_Q_9/CLK
---------------
0.825888 0.828814 latency
        0.002926 skew

fall -> fall
    min     max
0.000000 0.000000 source latency
0.737886         network latency y_out_sky130_fd_sc_hd__dfrtp_2_Q_3/CLK
        0.740313 network latency y_out_sky130_fd_sc_hd__dfrtp_2_Q_9/CLK
---------------
0.737886 0.740313 latency
        0.002427 skew



===========================================================================
report_clock_min_period
============================================================================
clk period_min = 16.20 fmax = 61.72
