Clock: clk
Sources: clk 
Generated: no
Virtual: yes
Propagated: no
Period: 20.000000

===========================================================================
report_clock_properties
============================================================================
Clock                   Period          Waveform
----------------------------------------------------
clk                  20.000000    0.000000 10.000000

===========================================================================
report_clock_latency
============================================================================
Clock clk
rise -> rise
    min     max
0.000000 0.000000 source latency
0.692540         network latency y_out_sky130_fd_sc_hd__dfrtp_2_Q_5/CLK
        0.698276 network latency y_out_sky130_fd_sc_hd__dfrtp_2_Q_15/CLK
---------------
0.692540 0.698276 latency
        0.005735 skew

fall -> fall
    min     max
0.000000 0.000000 source latency
0.551205         network latency y_out_sky130_fd_sc_hd__dfrtp_2_Q_5/CLK
        0.555638 network latency y_out_sky130_fd_sc_hd__dfrtp_2_Q_10/CLK
---------------
0.551205 0.555638 latency
        0.004433 skew



===========================================================================
report_clock_min_period
============================================================================
clk period_min = 8.40 fmax = 119.07
