Clock: clk
Sources: clk 
Generated: no
Virtual: yes
Propagated: no
Period: 20.000000

===========================================================================
report_clock_properties
============================================================================
Clock                   Period          Waveform
----------------------------------------------------
clk                  20.000000    0.000000 10.000000

===========================================================================
report_clock_latency
============================================================================
Clock clk
rise -> rise
    min     max
0.000000 0.000000 source latency
0.671948         network latency y_out_sky130_fd_sc_hd__dfrtp_2_Q_7/CLK
        0.678341 network latency y_out_sky130_fd_sc_hd__dfrtp_2_Q_15/CLK
---------------
0.671948 0.678341 latency
        0.006393 skew

fall -> fall
    min     max
0.000000 0.000000 source latency
0.633012         network latency y_out_sky130_fd_sc_hd__dfrtp_2_Q_7/CLK
        0.638474 network latency y_out_sky130_fd_sc_hd__dfrtp_2_Q_15/CLK
---------------
0.633012 0.638474 latency
        0.005462 skew



===========================================================================
report_clock_min_period
============================================================================
clk period_min = 13.73 fmax = 72.82
