Clock: clk
Sources: clk 
Generated: no
Virtual: yes
Propagated: no
Period: 20.000000

===========================================================================
report_clock_properties
============================================================================
Clock                   Period          Waveform
----------------------------------------------------
clk                  20.000000    0.000000 10.000000

===========================================================================
report_clock_latency
============================================================================
Clock clk
rise -> rise
    min     max
0.000000 0.000000 source latency
0.477161         network latency y_out_sky130_fd_sc_hd__dfrtp_2_Q_5/CLK
        0.481714 network latency y_out_sky130_fd_sc_hd__dfrtp_2_Q_15/CLK
---------------
0.477161 0.481714 latency
        0.004553 skew

fall -> fall
    min     max
0.000000 0.000000 source latency
0.379854         network latency y_out_sky130_fd_sc_hd__dfrtp_2_Q_5/CLK
        0.383309 network latency y_out_sky130_fd_sc_hd__dfrtp_2_Q_15/CLK
---------------
0.379854 0.383309 latency
        0.003455 skew



===========================================================================
report_clock_min_period
============================================================================
clk period_min = 5.26 fmax = 189.96
