Clock: clk
Sources: clk 
Generated: no
Virtual: yes
Propagated: no
Period: 20.000000

===========================================================================
report_clock_properties
============================================================================
Clock                   Period          Waveform
----------------------------------------------------
clk                  20.000000    0.000000 10.000000

===========================================================================
report_clock_latency
============================================================================
Clock clk
rise -> rise
    min     max
0.000000 0.000000 source latency
0.268967         network latency y_out_sky130_fd_sc_hd__dfrtp_2_Q_7/CLK
        0.272231 network latency y_out_sky130_fd_sc_hd__dfrtp_2_Q_15/CLK
---------------
0.268967 0.272231 latency
        0.003263 skew

fall -> fall
    min     max
0.000000 0.000000 source latency
0.239354         network latency y_out_sky130_fd_sc_hd__dfrtp_2_Q_7/CLK
        0.242005 network latency y_out_sky130_fd_sc_hd__dfrtp_2_Q_15/CLK
---------------
0.239354 0.242005 latency
        0.002650 skew



===========================================================================
report_clock_min_period
============================================================================
clk period_min = 4.47 fmax = 223.74
