Clock: clk
Sources: clk 
Generated: no
Virtual: yes
Propagated: no
Period: 13.000000

===========================================================================
report_clock_properties
============================================================================
Clock                   Period          Waveform
----------------------------------------------------
clk                  13.000000    0.000000  6.500000

===========================================================================
report_clock_latency
============================================================================
Clock clk
rise -> rise
    min     max
0.000000 0.000000 source latency
0.605707         network latency y_out_sky130_fd_sc_hd__dfrtp_2_Q_8/CLK
        0.608458 network latency y_out_sky130_fd_sc_hd__dfrtp_2_Q_15/CLK
---------------
0.605707 0.608458 latency
        0.002752 skew

fall -> fall
    min     max
0.000000 0.000000 source latency
0.589113         network latency y_out_sky130_fd_sc_hd__dfrtp_2_Q_8/CLK
        0.591370 network latency y_out_sky130_fd_sc_hd__dfrtp_2_Q_15/CLK
---------------
0.589113 0.591370 latency
        0.002256 skew



===========================================================================
report_clock_min_period
============================================================================
clk period_min = 13.02 fmax = 76.83
