Clock: clk
Sources: clk 
Generated: no
Virtual: yes
Propagated: no
Period: 8.000000

===========================================================================
report_clock_properties
============================================================================
Clock                   Period          Waveform
----------------------------------------------------
clk                   8.000000    0.000000  4.000000

===========================================================================
report_clock_latency
============================================================================
Clock clk
rise -> rise
    min     max
0.000000 0.000000 source latency
0.251436         network latency y_out_sky130_fd_sc_hd__dfrtp_2_Q_11/CLK
        0.252913 network latency y_out_sky130_fd_sc_hd__dfrtp_2_Q_12/CLK
---------------
0.251436 0.252913 latency
        0.001477 skew

fall -> fall
    min     max
0.000000 0.000000 source latency
0.229941         network latency y_out_sky130_fd_sc_hd__dfrtp_2_Q_11/CLK
        0.231349 network latency y_out_sky130_fd_sc_hd__dfrtp_2_Q_12/CLK
---------------
0.229941 0.231349 latency
        0.001408 skew



===========================================================================
report_clock_min_period
============================================================================
clk period_min = 4.36 fmax = 229.32
