Clock: clk
Sources: clk 
Generated: no
Virtual: yes
Propagated: no
Period: 10.000000

===========================================================================
report_clock_properties
============================================================================
Clock                   Period          Waveform
----------------------------------------------------
clk                  10.000000    0.000000  5.000000

===========================================================================
report_clock_latency
============================================================================
Clock clk
rise -> rise
    min     max
0.000000 0.000000 source latency
0.245172         network latency y_out_sky130_fd_sc_hd__dfrtp_2_Q_8/CLK
        0.245677 network latency y_out_sky130_fd_sc_hd__dfrtp_2_Q/CLK
---------------
0.245172 0.245677 latency
        0.000506 skew

fall -> fall
    min     max
0.000000 0.000000 source latency
0.225239         network latency y_out_sky130_fd_sc_hd__dfrtp_2_Q_11/CLK
        0.225810 network latency y_out_sky130_fd_sc_hd__dfrtp_2_Q/CLK
---------------
0.225239 0.225810 latency
        0.000571 skew



===========================================================================
report_clock_min_period
============================================================================
clk period_min = 4.40 fmax = 227.36
