Reading OpenROAD database at '/home/asic/workspace/asic_project/runs/RUN_2025-05-14_18-45-19/20-openroad-generatepdn/dynamic_noise_reduction.odb'…
Reading library file at '/foss/pdks/volare/sky130/versions/0fe599b2afb6708d281543108caf8310912f54af/sky130A/libs.ref/sky130_fd_sc_hd/lib/sky130_fd_sc_hd__tt_025C_1v80.lib'…
Reading design constraints file at '/usr/local/lib/python3.12/dist-packages/openlane/scripts/base.sdc'…
[INFO] Using clock clk…
[INFO] Setting output delay to: 4
[INFO] Setting input delay to: 4
[INFO] Setting load to: 0.033442
[INFO] Setting clock uncertainty to: 0.25
[INFO] Setting clock transition to: 0.1499999999999999944488848768742172978818416595458984375
[INFO] Setting timing derate to: 5%
+ global_placement -density 0.24763000000000002 -skip_io -pad_right 0 -pad_left 0 -init_wirelength_coef 0.25
[INFO GPL-0002] DBU: 1000
[INFO GPL-0003] SiteSize: (  0.460  2.720 ) um
[INFO GPL-0004] CoreBBox: (  5.520 10.880 ) ( 494.040 486.880 ) um
[INFO GPL-0006] NumInstances:              6618
[INFO GPL-0007] NumPlaceInstances:         2994
[INFO GPL-0008] NumFixedInstances:         3624
[INFO GPL-0009] NumDummyInstances:            0
[INFO GPL-0010] NumNets:                   3028
[INFO GPL-0011] NumPins:                  11035
[INFO GPL-0012] DieBBox:  (  0.000  0.000 ) ( 500.000 500.000 ) um
[INFO GPL-0013] CoreBBox: (  5.520 10.880 ) ( 494.040 486.880 ) um
[INFO GPL-0016] CoreArea:            232535.520 um^2
[INFO GPL-0017] NonPlaceInstsArea:     5410.189 um^2
[INFO GPL-0018] PlaceInstsArea:       30232.746 um^2
[INFO GPL-0019] Util:                    13.311 %
[INFO GPL-0020] StdInstsArea:         30232.746 um^2
[INFO GPL-0021] MacroInstsArea:           0.000 um^2
[INFO GPL-0031] FillerInit:NumGCells:      5603
[INFO GPL-0032] FillerInit:NumGNets:       3028
[INFO GPL-0033] FillerInit:NumGPins:      11035
[INFO GPL-0023] TargetDensity:            0.248
[INFO GPL-0024] AvrgPlaceInstArea:       10.098 um^2
[INFO GPL-0025] IdealBinArea:            40.778 um^2
[INFO GPL-0026] IdealBinCnt:               5702
[INFO GPL-0027] TotalBinArea:        232535.520 um^2
[INFO GPL-0028] BinCnt:        64     64
[INFO GPL-0029] BinSize: (  7.634  7.438 )
[INFO GPL-0030] NumBins: 4096
[NesterovSolve] Iter:    1 overflow: 0.998 HPWL: 8382385
[NesterovSolve] Iter:   10 overflow: 0.997 HPWL: 5383561
[NesterovSolve] Iter:   20 overflow: 0.996 HPWL: 5324427
[NesterovSolve] Iter:   30 overflow: 0.996 HPWL: 5315225
[NesterovSolve] Iter:   40 overflow: 0.996 HPWL: 5314901
[NesterovSolve] Iter:   50 overflow: 0.996 HPWL: 5314806
[NesterovSolve] Iter:   60 overflow: 0.996 HPWL: 5314932
[NesterovSolve] Iter:   70 overflow: 0.996 HPWL: 5315185
[NesterovSolve] Iter:   80 overflow: 0.996 HPWL: 5316156
[NesterovSolve] Iter:   90 overflow: 0.996 HPWL: 5320547
[NesterovSolve] Iter:  100 overflow: 0.996 HPWL: 5338272
[NesterovSolve] Iter:  110 overflow: 0.996 HPWL: 5389019
[NesterovSolve] Iter:  120 overflow: 0.996 HPWL: 5554491
[NesterovSolve] Iter:  130 overflow: 0.995 HPWL: 6141941
[NesterovSolve] Iter:  140 overflow: 0.989 HPWL: 7796939
[NesterovSolve] Iter:  150 overflow: 0.980 HPWL: 10946362
[NesterovSolve] Iter:  160 overflow: 0.967 HPWL: 14891324
[NesterovSolve] Iter:  170 overflow: 0.954 HPWL: 18183678
[NesterovSolve] Iter:  180 overflow: 0.943 HPWL: 20600781
[NesterovSolve] Iter:  190 overflow: 0.929 HPWL: 23656707
[NesterovSolve] Iter:  200 overflow: 0.899 HPWL: 28431459
[NesterovSolve] Iter:  210 overflow: 0.862 HPWL: 33510261
[NesterovSolve] Iter:  220 overflow: 0.830 HPWL: 37899943
[NesterovSolve] Iter:  230 overflow: 0.793 HPWL: 42297624
[NesterovSolve] Iter:  240 overflow: 0.745 HPWL: 47122521
[NesterovSolve] Iter:  250 overflow: 0.698 HPWL: 51385529
[NesterovSolve] Iter:  260 overflow: 0.654 HPWL: 55068298
[NesterovSolve] Iter:  270 overflow: 0.597 HPWL: 59073938
[NesterovSolve] Iter:  280 overflow: 0.548 HPWL: 62098258
[NesterovSolve] Iter:  290 overflow: 0.496 HPWL: 65051135
[NesterovSolve] Iter:  300 overflow: 0.448 HPWL: 67482051
[NesterovSolve] Iter:  310 overflow: 0.401 HPWL: 69292698
[NesterovSolve] Iter:  320 overflow: 0.364 HPWL: 70497656
[NesterovSolve] Iter:  330 overflow: 0.328 HPWL: 71293975
[NesterovSolve] Iter:  340 overflow: 0.302 HPWL: 71584371
[NesterovSolve] Iter:  350 overflow: 0.278 HPWL: 72495785
[NesterovSolve] Iter:  360 overflow: 0.253 HPWL: 72882951
[NesterovSolve] Iter:  370 overflow: 0.229 HPWL: 73334488
[NesterovSolve] Iter:  380 overflow: 0.208 HPWL: 73533412
[NesterovSolve] Iter:  390 overflow: 0.191 HPWL: 73791923
[NesterovSolve] Iter:  400 overflow: 0.174 HPWL: 73990068
[NesterovSolve] Iter:  410 overflow: 0.157 HPWL: 74203502
[NesterovSolve] Iter:  420 overflow: 0.141 HPWL: 74488391
[NesterovSolve] Iter:  430 overflow: 0.126 HPWL: 74845081
[NesterovSolve] Iter:  440 overflow: 0.107 HPWL: 74539574
[NesterovSolve] Finished with Overflow: 0.097855
[INFO] Setting RC values…
Setting global connections for newly added cells…
[INFO] Setting global connections...
Updating metrics…
Cell type report:                       Count       Area
  Fill cell                               350    1313.76
  Tap cell                               3274    4096.43
  Inverter                                 68     255.24
  Sequential cell                          16     420.40
  Multi-Input combinational cell         2910   29557.10
  Total                                  6618   35642.93
Writing OpenROAD database to '/home/asic/workspace/asic_project/runs/RUN_2025-05-14_18-45-19/23-openroad-globalplacementskipio/dynamic_noise_reduction.odb'…
Writing netlist to '/home/asic/workspace/asic_project/runs/RUN_2025-05-14_18-45-19/23-openroad-globalplacementskipio/dynamic_noise_reduction.nl.v'…
Writing powered netlist to '/home/asic/workspace/asic_project/runs/RUN_2025-05-14_18-45-19/23-openroad-globalplacementskipio/dynamic_noise_reduction.pnl.v'…
Writing layout to '/home/asic/workspace/asic_project/runs/RUN_2025-05-14_18-45-19/23-openroad-globalplacementskipio/dynamic_noise_reduction.def'…
Writing timing constraints to '/home/asic/workspace/asic_project/runs/RUN_2025-05-14_18-45-19/23-openroad-globalplacementskipio/dynamic_noise_reduction.sdc'…
