Clock: clk
Sources: clk 
Generated: no
Virtual: yes
Propagated: no
Period: 35.000000

===========================================================================
report_clock_properties
============================================================================
Clock                   Period          Waveform
----------------------------------------------------
clk                  35.000000    0.000000 17.500000

===========================================================================
report_clock_latency
============================================================================
Clock clk
rise -> rise
    min     max
0.000000 0.000000 source latency
0.330152         network latency y_out_sky130_fd_sc_hd__dfrtp_2_Q_3/CLK
        0.331341 network latency y_out_sky130_fd_sc_hd__dfrtp_2_Q_9/CLK
---------------
0.330152 0.331341 latency
        0.001189 skew

fall -> fall
    min     max
0.000000 0.000000 source latency
0.279629         network latency y_out_sky130_fd_sc_hd__dfrtp_2_Q_3/CLK
        0.280487 network latency y_out_sky130_fd_sc_hd__dfrtp_2_Q_9/CLK
---------------
0.279629 0.280487 latency
        0.000858 skew



===========================================================================
report_clock_min_period
============================================================================
clk period_min = 5.03 fmax = 198.73
