Reading timing models for corner nom_tt_025C_1v80…
Reading timing library for the 'nom_tt_025C_1v80' corner at '/foss/pdks/volare/sky130/versions/0fe599b2afb6708d281543108caf8310912f54af/sky130A/libs.ref/sky130_fd_sc_hd/lib/sky130_fd_sc_hd__tt_025C_1v80.lib'…
Reading timing models for corner nom_ff_n40C_1v95…
Reading timing library for the 'nom_ff_n40C_1v95' corner at '/foss/pdks/volare/sky130/versions/0fe599b2afb6708d281543108caf8310912f54af/sky130A/libs.ref/sky130_fd_sc_hd/lib/sky130_fd_sc_hd__ff_n40C_1v95.lib'…
Reading timing models for corner nom_ss_100C_1v60…
Reading timing library for the 'nom_ss_100C_1v60' corner at '/foss/pdks/volare/sky130/versions/0fe599b2afb6708d281543108caf8310912f54af/sky130A/libs.ref/sky130_fd_sc_hd/lib/sky130_fd_sc_hd__ss_100C_1v60.lib'…
Reading OpenROAD database at '/home/asic/workspace/asic_project/runs/RUN_2025-05-17_03-59-52/27-openroad-globalplacement/dynamic_noise_reduction.odb'…
Reading design constraints file at '/usr/local/lib/python3.12/dist-packages/openlane/scripts/base.sdc'…
[INFO] Using clock clk…
[INFO] Setting output delay to: 6
[INFO] Setting input delay to: 6
[INFO] Setting load to: 0.033442
[INFO] Setting clock uncertainty to: 0.25
[INFO] Setting clock transition to: 0.1499999999999999944488848768742172978818416595458984375
[INFO] Setting timing derate to: 5%
[INFO] Setting RC values…
[INFO RSZ-0027] Inserted 33 input buffers.
[INFO RSZ-0028] Inserted 16 output buffers.
[INFO RSZ-0058] Using max wire length 6335um.
Iteration | Resized | Buffers | Nets repaired | Remaining
---------------------------------------------------------
        0 |       0 |       0 |             0 |      3077
      100 |      93 |       0 |             0 |      2977
      200 |     179 |       0 |             0 |      2877
      300 |     265 |       0 |             0 |      2777
      400 |     355 |       0 |             0 |      2677
      500 |     435 |       0 |             0 |      2577
      600 |     519 |       0 |             0 |      2477
      700 |     598 |       1 |             1 |      2377
      800 |     681 |       2 |             2 |      2277
      900 |     770 |       2 |             2 |      2177
     1000 |     847 |       2 |             2 |      2077
     1100 |     933 |       4 |             4 |      1977
     1200 |    1018 |       4 |             4 |      1877
     1300 |    1106 |       4 |             4 |      1777
     1400 |    1188 |       5 |             5 |      1677
     1500 |    1277 |       5 |             5 |      1577
     1600 |    1361 |       5 |             5 |      1477
     1700 |    1456 |       6 |             6 |      1377
     1800 |    1551 |       6 |             6 |      1277
     1900 |    1643 |       6 |             6 |      1177
     2000 |    1738 |       6 |            10 |      1077
     2100 |    1833 |       8 |            25 |       977
     2200 |    1927 |       8 |            33 |       877
     2300 |    2024 |       8 |            40 |       777
     2400 |    2121 |      11 |            44 |       677
     2500 |    2216 |      11 |            46 |       577
     2600 |    2313 |      11 |            46 |       477
     2700 |    2414 |      14 |            50 |       377
     2800 |    2510 |      25 |            86 |       277
     2900 |    2602 |      39 |           130 |       177
     3000 |    2702 |      52 |           172 |        77
    final |    2914 |     225 |           213 |         0
---------------------------------------------------------
[INFO RSZ-0034] Found 159 slew violations.
[INFO RSZ-0035] Found 55 fanout violations.
[INFO RSZ-0038] Inserted 225 buffers in 213 nets.
[INFO RSZ-0039] Resized 2914 instances.
Placement Analysis
---------------------------------
total displacement       5669.1 u
average displacement        0.5 u
max displacement            9.9 u
original HPWL          122611.0 u
legalized HPWL         126147.8 u
delta HPWL                    3 %

[INFO DPL-0020] Mirrored 1376 instances
[INFO DPL-0021] HPWL before          126147.8 u
[INFO DPL-0022] HPWL after           123930.0 u
[INFO DPL-0023] HPWL delta               -1.8 %
[INFO] Setting RC values…
Setting global connections for newly added cells…
[INFO] Setting global connections...
Updating metrics…
Cell type report:                       Count       Area
  Fill cell                               498    1869.29
  Tap cell                               6651    8321.73
  Timing Repair Buffer                    274    1819.24
  Inverter                                 62     280.27
  Sequential cell                          16     425.41
  Multi-Input combinational cell         2916   21958.56
  Total                                 10417   34674.51
Writing OpenROAD database to '/home/asic/workspace/asic_project/runs/RUN_2025-05-17_03-59-52/31-openroad-repairdesignpostgpl/dynamic_noise_reduction.odb'…
Writing netlist to '/home/asic/workspace/asic_project/runs/RUN_2025-05-17_03-59-52/31-openroad-repairdesignpostgpl/dynamic_noise_reduction.nl.v'…
Writing powered netlist to '/home/asic/workspace/asic_project/runs/RUN_2025-05-17_03-59-52/31-openroad-repairdesignpostgpl/dynamic_noise_reduction.pnl.v'…
Writing layout to '/home/asic/workspace/asic_project/runs/RUN_2025-05-17_03-59-52/31-openroad-repairdesignpostgpl/dynamic_noise_reduction.def'…
Writing timing constraints to '/home/asic/workspace/asic_project/runs/RUN_2025-05-17_03-59-52/31-openroad-repairdesignpostgpl/dynamic_noise_reduction.sdc'…
