Clock: clk
Sources: clk 
Generated: no
Virtual: yes
Propagated: no
Period: 16.000000

===========================================================================
report_clock_properties
============================================================================
Clock                   Period          Waveform
----------------------------------------------------
clk                  16.000000    0.000000  8.000000

===========================================================================
report_clock_latency
============================================================================
Clock clk
rise -> rise
    min     max
0.000000 0.000000 source latency
0.350646         network latency y_out_sky130_fd_sc_hd__dfrtp_2_Q_7/CLK
        0.352957 network latency y_out_sky130_fd_sc_hd__dfrtp_2_Q_15/CLK
---------------
0.350646 0.352957 latency
        0.002311 skew

fall -> fall
    min     max
0.000000 0.000000 source latency
0.330382         network latency y_out_sky130_fd_sc_hd__dfrtp_2_Q_7/CLK
        0.332090 network latency y_out_sky130_fd_sc_hd__dfrtp_2_Q_15/CLK
---------------
0.330382 0.332090 latency
        0.001708 skew



===========================================================================
report_clock_min_period
============================================================================
clk period_min = 7.07 fmax = 141.46
