[INFO PSM-0040] All shapes on net VPWR are connected.
########## IR report #################
Net              : VPWR
Corner           : nom_tt_025C_1v80
Supply voltage   : 1.80e+00 V
Worstcase voltage: 1.80e+00 V
Average voltage  : 1.80e+00 V
Average IR drop  : 3.06e-05 V
Worstcase IR drop: 3.98e-03 V
Percentage drop  : 0.22 %
######################################
[INFO PSM-0040] All shapes on net VGND are connected.
########## IR report #################
Net              : VGND
Corner           : nom_tt_025C_1v80
Supply voltage   : 0.00e+00 V
Worstcase voltage: 2.72e-03 V
Average voltage  : 2.91e-05 V
Average IR drop  : 2.91e-05 V
Worstcase IR drop: 2.72e-03 V
Percentage drop  : 0.15 %
######################################
