Clock: clk
Sources: clk 
Generated: no
Virtual: yes
Propagated: no
Period: 20.000000

===========================================================================
report_clock_properties
============================================================================
Clock                   Period          Waveform
----------------------------------------------------
clk                  20.000000    0.000000 10.000000

===========================================================================
report_clock_latency
============================================================================
Clock clk
rise -> rise
    min     max
0.000000 0.000000 source latency
0.350289         network latency y_out_sky130_fd_sc_hd__dfrtp_2_Q_7/CLK
        0.352760 network latency y_out_sky130_fd_sc_hd__dfrtp_2_Q_15/CLK
---------------
0.350289 0.352760 latency
        0.002471 skew

fall -> fall
    min     max
0.000000 0.000000 source latency
0.329761         network latency y_out_sky130_fd_sc_hd__dfrtp_2_Q_7/CLK
        0.331642 network latency y_out_sky130_fd_sc_hd__dfrtp_2_Q_15/CLK
---------------
0.329761 0.331642 latency
        0.001881 skew



===========================================================================
report_clock_min_period
============================================================================
clk period_min = 6.83 fmax = 146.37
