Reading timing models for corner nom_tt_025C_1v80…
Reading timing library for the 'nom_tt_025C_1v80' corner at '/foss/pdks/volare/sky130/versions/0fe599b2afb6708d281543108caf8310912f54af/sky130A/libs.ref/sky130_fd_sc_hd/lib/sky130_fd_sc_hd__tt_025C_1v80.lib'…
Reading timing models for corner nom_ff_n40C_1v95…
Reading timing library for the 'nom_ff_n40C_1v95' corner at '/foss/pdks/volare/sky130/versions/0fe599b2afb6708d281543108caf8310912f54af/sky130A/libs.ref/sky130_fd_sc_hd/lib/sky130_fd_sc_hd__ff_n40C_1v95.lib'…
Reading timing models for corner nom_ss_100C_1v60…
Reading timing library for the 'nom_ss_100C_1v60' corner at '/foss/pdks/volare/sky130/versions/0fe599b2afb6708d281543108caf8310912f54af/sky130A/libs.ref/sky130_fd_sc_hd/lib/sky130_fd_sc_hd__ss_100C_1v60.lib'…
Reading OpenROAD database at '/home/asic/workspace/asic_project/runs/RUN_2025-05-13_10-43-45/42-openroad-repairantennas/1-diodeinsertion/dynamic_noise_reduction.odb'…
Reading design constraints file at '/usr/local/lib/python3.12/dist-packages/openlane/scripts/base.sdc'…
[INFO] Using clock clk…
[INFO] Setting output delay to: 2
[INFO] Setting input delay to: 2
[INFO] Setting load to: 0.033442
[INFO] Setting clock uncertainty to: 0.25
[INFO] Setting clock transition to: 0.1499999999999999944488848768742172978818416595458984375
[INFO] Setting timing derate to: 5%
[INFO] Setting RC values…
[INFO] Setting signal min routing layer to: met1 and clock min routing layer to met1. 
[INFO] Setting signal max routing layer to: met5 and clock max routing layer to met5. 
-congestion_iterations 50 -verbose
[INFO GRT-0020] Min routing layer: met1
[INFO GRT-0021] Max routing layer: met5
[INFO GRT-0022] Global adjustment: 30%
[INFO GRT-0023] Grid origin: (0, 0)
[INFO GRT-0043] No OR_DEFAULT vias defined.
[INFO GRT-0088] Layer li1     Track-Pitch = 0.4600  line-2-Via Pitch: 0.3400
[INFO GRT-0088] Layer met1    Track-Pitch = 0.3400  line-2-Via Pitch: 0.3400
[INFO GRT-0088] Layer met2    Track-Pitch = 0.4600  line-2-Via Pitch: 0.3500
[INFO GRT-0088] Layer met3    Track-Pitch = 0.6800  line-2-Via Pitch: 0.6150
[INFO GRT-0088] Layer met4    Track-Pitch = 0.9200  line-2-Via Pitch: 1.0400
[INFO GRT-0088] Layer met5    Track-Pitch = 3.4000  line-2-Via Pitch: 3.1100
[INFO GRT-0019] Found 4 clock nets.
[INFO GRT-0001] Minimum degree: 2
[INFO GRT-0002] Maximum degree: 12
[INFO GRT-0003] Macros: 0
[INFO GRT-0043] No OR_DEFAULT vias defined.
[INFO GRT-0004] Blockages: 709

[INFO GRT-0053] Routing resources analysis:
          Routing      Original      Derated      Resource
Layer     Direction    Resources     Resources    Reduction (%)
---------------------------------------------------------------
li1        Vertical            0             0          0.00%
met1       Horizontal      28692         14145          50.70%
met2       Vertical        21219         13740          35.25%
met3       Horizontal      14346          9709          32.32%
met4       Vertical         8556          5262          38.50%
met5       Horizontal       2847          1368          51.95%
---------------------------------------------------------------

[INFO GRT-0197] Via related to pin nodes: 17704
[INFO GRT-0198] Via related Steiner nodes: 218
[INFO GRT-0199] Via filling finished.
[INFO GRT-0111] Final number of vias: 21776
[INFO GRT-0112] Final usage 3D: 76405

[INFO GRT-0096] Final congestion report:
Layer         Resource        Demand        Usage (%)    Max H / Max V / Total Overflow
---------------------------------------------------------------------------------------
li1                  0             0            0.00%             0 /  0 /  0
met1             14145          4896           34.61%             0 /  0 /  0
met2             13740          5564           40.49%             0 /  0 /  0
met3              9709           324            3.34%             0 /  0 /  0
met4              5262           293            5.57%             0 /  0 /  0
met5              1368             0            0.00%             0 /  0 /  0
---------------------------------------------------------------------------------------
Total            44224         11077           25.05%             0 /  0 /  0

[INFO GRT-0018] Total wirelength: 123365 um
[INFO GRT-0014] Routed nets: 3398
[INFO RSZ-0094] Found 16 endpoints with setup violations.
[INFO RSZ-0099] Repairing 16 out of 16 (100.00%) violating endpoints...
   Iter   | Removed | Resized | Inserted | Cloned |  Pin  |    WNS   |   TNS      |  Viol  | Worst
          | Buffers |  Gates  | Buffers  |  Gates | Swaps |          |            | Endpts | Endpt
---------------------------------------------------------------------------------------------------
        0 |       0 |       0 |        0 |      0 |     0 |   -3.718 |      -46.9 |     16 | y_out_sky130_fd_sc_hd__dfrtp_2_Q_7/D
       10 |       0 |       6 |        0 |      0 |     3 |   -3.754 |      -46.6 |     16 | y_out_sky130_fd_sc_hd__dfrtp_2_Q/D
       20 |       0 |       8 |        0 |      0 |    11 |   -3.926 |      -48.5 |     16 | y_out_sky130_fd_sc_hd__dfrtp_2_Q/D
       30 |       0 |      16 |        0 |      0 |    13 |   -3.844 |      -47.6 |     16 | y_out_sky130_fd_sc_hd__dfrtp_2_Q/D
       40 |       0 |      20 |        2 |      0 |    18 |   -3.818 |      -47.8 |     16 | y_out_sky130_fd_sc_hd__dfrtp_2_Q/D
       50 |       1 |      27 |        2 |      1 |    19 |   -3.780 |      -47.4 |     16 | y_out_sky130_fd_sc_hd__dfrtp_2_Q/D
       59 |       0 |      12 |        1 |      0 |     2 |   -3.645 |      -46.4 |     16 | y_out_sky130_fd_sc_hd__dfrtp_2_Q/D
       60 |       0 |      12 |        1 |      0 |     2 |   -3.645 |      -46.4 |     16 | y_out_sky130_fd_sc_hd__dfrtp_2_Q/D
       70 |       0 |      17 |        5 |      0 |     5 |   -3.631 |      -45.7 |     16 | y_out_sky130_fd_sc_hd__dfrtp_2_Q_7/D
       80 |       0 |      25 |        7 |      0 |     6 |   -3.661 |      -45.5 |     16 | y_out_sky130_fd_sc_hd__dfrtp_2_Q_7/D
       90 |       1 |      30 |       12 |      0 |     8 |   -3.661 |      -45.3 |     16 | y_out_sky130_fd_sc_hd__dfrtp_2_Q_7/D
      100 |       1 |      35 |       12 |      0 |    13 |   -3.661 |      -45.1 |     16 | y_out_sky130_fd_sc_hd__dfrtp_2_Q_7/D
      110 |       1 |      42 |       12 |      0 |    16 |   -3.631 |      -44.7 |     16 | y_out_sky130_fd_sc_hd__dfrtp_2_Q_7/D
      120 |       1 |      45 |       14 |      0 |    22 |   -3.842 |      -47.2 |     16 | y_out_sky130_fd_sc_hd__dfrtp_2_Q_7/D
      128 |       0 |      24 |       10 |      0 |     6 |   -3.631 |      -45.6 |     16 | y_out_sky130_fd_sc_hd__dfrtp_2_Q_7/D
      130 |       0 |      25 |       10 |      0 |     6 |   -3.631 |      -45.6 |     16 | y_out_sky130_fd_sc_hd__dfrtp_2_Q_7/D
      140 |       0 |      31 |       12 |      0 |     9 |   -3.661 |      -45.7 |     16 | y_out_sky130_fd_sc_hd__dfrtp_2_Q_7/D
      150 |       0 |      36 |       15 |      0 |    13 |   -3.661 |      -45.7 |     16 | y_out_sky130_fd_sc_hd__dfrtp_2_Q_7/D
      156 |       0 |      27 |       14 |      0 |     7 |   -3.631 |      -45.5 |     16 | y_out_sky130_fd_sc_hd__dfrtp_2_Q_7/D
      160 |       0 |      27 |       14 |      0 |    10 |   -3.691 |      -45.9 |     16 | y_out_sky130_fd_sc_hd__dfrtp_2_Q_7/D
      170 |       0 |      31 |       14 |      0 |    16 |   -3.696 |      -46.0 |     16 | y_out_sky130_fd_sc_hd__dfrtp_2_Q_7/D
      180 |       0 |      36 |       14 |      0 |    21 |   -3.733 |      -46.4 |     16 | y_out_sky130_fd_sc_hd__dfrtp_2_Q_7/D
      190 |       0 |      40 |       16 |      0 |    26 |   -3.823 |      -47.5 |     16 | y_out_sky130_fd_sc_hd__dfrtp_2_Q_7/D
      200 |       0 |      43 |       16 |      0 |    33 |   -3.787 |      -47.1 |     16 | y_out_sky130_fd_sc_hd__dfrtp_2_Q_7/D
      208 |       0 |      30 |       15 |      0 |     8 |   -3.627 |      -45.5 |     16 | y_out_sky130_fd_sc_hd__dfrtp_2_Q_7/D
      210 |       0 |      31 |       15 |      0 |     8 |   -3.629 |      -45.5 |     16 | y_out_sky130_fd_sc_hd__dfrtp_2_Q_7/D
      218 |       0 |      30 |       15 |      0 |     8 |   -3.627 |      -45.5 |     16 | y_out_sky130_fd_sc_hd__dfrtp_2_Q_7/D
      220 |       0 |      31 |       15 |      0 |     8 |   -3.629 |      -45.5 |     16 | y_out_sky130_fd_sc_hd__dfrtp_2_Q_7/D
      229 |       0 |      30 |       15 |      0 |     8 |   -3.627 |      -45.5 |     16 | y_out_sky130_fd_sc_hd__dfrtp_2_Q_7/D
      230 |       0 |      30 |       15 |      0 |     8 |   -3.627 |      -45.5 |     16 | y_out_sky130_fd_sc_hd__dfrtp_2_Q_7/D
      240 |       1 |      38 |       15 |      0 |     9 |   -3.661 |      -45.6 |     16 | y_out_sky130_fd_sc_hd__dfrtp_2_Q_7/D
      240 |       0 |      30 |       15 |      0 |     8 |   -3.627 |      -45.5 |     16 | y_out_sky130_fd_sc_hd__dfrtp_2_Q_7/D
      250 |       0 |      33 |       21 |      0 |    11 |   -3.623 |      -45.4 |     16 | y_out_sky130_fd_sc_hd__dfrtp_2_Q_7/D
      260 |       0 |      41 |       21 |      0 |    13 |   -3.648 |      -45.6 |     16 | y_out_sky130_fd_sc_hd__dfrtp_2_Q_7/D
      270 |       1 |      46 |       21 |      2 |    15 |   -3.620 |      -45.4 |     16 | y_out_sky130_fd_sc_hd__dfrtp_2_Q_7/D
      280 |       1 |      55 |       21 |      2 |    16 |   -3.648 |      -45.6 |     16 | y_out_sky130_fd_sc_hd__dfrtp_2_Q_7/D
      290 |       1 |      61 |       21 |      3 |    19 |   -3.583 |      -45.1 |     16 | y_out_sky130_fd_sc_hd__dfrtp_2_Q_7/D
      300 |       1 |      68 |       21 |      3 |    22 |   -3.573 |      -44.9 |     16 | y_out_sky130_fd_sc_hd__dfrtp_2_Q_7/D
      304 |       1 |      71 |       21 |      3 |    23 |   -3.564 |      -44.8 |     16 | y_out_sky130_fd_sc_hd__dfrtp_2_Q_7/D
      310 |       1 |      74 |       24 |      3 |    24 |   -3.565 |      -45.0 |     16 | y_out_sky130_fd_sc_hd__dfrtp_2_Q_7/D
      312 |       1 |      73 |       24 |      3 |    23 |   -3.559 |      -44.7 |     16 | y_out_sky130_fd_sc_hd__dfrtp_2_Q_7/D
      316 |       1 |      74 |       24 |      3 |    23 |   -3.559 |      -44.7 |     16 | y_out_sky130_fd_sc_hd__dfrtp_2_Q_7/D
      320 |       1 |      75 |       24 |      3 |    25 |   -3.602 |      -45.1 |     16 | y_out_sky130_fd_sc_hd__dfrtp_2_Q_7/D
      330 |       1 |      79 |       24 |      3 |    31 |   -3.600 |      -45.0 |     16 | y_out_sky130_fd_sc_hd__dfrtp_2_Q_7/D
      340 |       2 |      85 |       24 |      3 |    34 |   -3.711 |      -46.3 |     16 | y_out_sky130_fd_sc_hd__dfrtp_2_Q_7/D
      350 |       2 |      92 |       24 |      3 |    37 |   -3.600 |      -45.1 |     16 | y_out_sky130_fd_sc_hd__dfrtp_2_Q_7/D
      357 |       1 |      75 |       24 |      3 |    23 |   -3.559 |      -44.7 |     16 | y_out_sky130_fd_sc_hd__dfrtp_2_Q_7/D
      360 |       1 |      77 |       24 |      3 |    23 |   -3.581 |      -44.9 |     16 | y_out_sky130_fd_sc_hd__dfrtp_2_Q_7/D
      364 |       1 |      75 |       25 |      3 |    23 |   -3.559 |      -44.7 |     16 | y_out_sky130_fd_sc_hd__dfrtp_2_Q_7/D
      368 |       1 |      75 |       25 |      3 |    23 |   -3.554 |      -44.7 |     16 | y_out_sky130_fd_sc_hd__dfrtp_2_Q_7/D
      370 |       1 |      76 |       25 |      3 |    23 |   -3.596 |      -44.8 |     16 | y_out_sky130_fd_sc_hd__dfrtp_2_Q_7/D
      380 |       2 |      82 |       25 |      3 |    26 |   -3.646 |      -45.1 |     16 | y_out_sky130_fd_sc_hd__dfrtp_2_Q_7/D
      390 |       2 |      91 |       25 |      3 |    27 |   -3.646 |      -45.0 |     16 | y_out_sky130_fd_sc_hd__dfrtp_2_Q_7/D
      400 |       2 |      99 |       25 |      3 |    29 |   -3.646 |      -45.0 |     16 | y_out_sky130_fd_sc_hd__dfrtp_2_Q_7/D
      410 |       2 |     106 |       25 |      3 |    32 |   -3.729 |      -45.4 |     16 | y_out_sky130_fd_sc_hd__dfrtp_2_Q_7/D
      419 |       1 |      79 |       25 |      3 |    23 |   -3.554 |      -44.7 |     16 | y_out_sky130_fd_sc_hd__dfrtp_2_Q_7/D
      420 |       1 |      79 |       25 |      3 |    23 |   -3.554 |      -44.7 |     16 | y_out_sky130_fd_sc_hd__dfrtp_2_Q_7/D
      430 |       2 |      88 |       25 |      3 |    23 |   -3.564 |      -44.8 |     16 | y_out_sky130_fd_sc_hd__dfrtp_2_Q_7/D
      440 |       2 |      97 |       28 |      3 |    23 |   -3.581 |      -44.9 |     16 | y_out_sky130_fd_sc_hd__dfrtp_2_Q_7/D
      450 |       2 |     106 |       30 |      3 |    23 |   -3.554 |      -44.6 |     16 | y_out_sky130_fd_sc_hd__dfrtp_2_Q_7/D
      460 |       2 |     114 |       32 |      3 |    24 |   -3.554 |      -44.6 |     16 | y_out_sky130_fd_sc_hd__dfrtp_2_Q_7/D
      463 |       2 |     111 |       31 |      3 |    24 |   -3.554 |      -44.6 |     16 | y_out_sky130_fd_sc_hd__dfrtp_2_Q_7/D
      470 |       2 |     114 |       33 |      3 |    26 |   -3.554 |      -44.7 |     16 | y_out_sky130_fd_sc_hd__dfrtp_2_Q_7/D
      470 |       2 |     113 |       33 |      3 |    25 |   -3.554 |      -44.6 |     16 | y_out_sky130_fd_sc_hd__dfrtp_2_Q_7/D
    final |       2 |     113 |       33 |      3 |    25 |   -3.554 |      -44.6 |     16 | y_out_sky130_fd_sc_hd__dfrtp_2_Q_7/D
---------------------------------------------------------------------------------------------------
[INFO RSZ-0059] Removed 2 buffers.
[INFO RSZ-0040] Inserted 13 buffers.
[INFO RSZ-0041] Resized 113 instances.
[INFO RSZ-0043] Swapped pins on 25 instances.
[INFO RSZ-0049] Cloned 3 instances.
[WARNING RSZ-0062] Unable to repair all setup violations.
[INFO RSZ-0033] No hold violations found.
Placement Analysis
---------------------------------
total displacement        601.9 u
average displacement        0.1 u
max displacement            9.7 u
original HPWL           72275.7 u
legalized HPWL          75192.0 u
delta HPWL                    4 %

[INFO DPL-0020] Mirrored 1479 instances
[INFO DPL-0021] HPWL before           75192.0 u
[INFO DPL-0022] HPWL after            72898.9 u
[INFO DPL-0023] HPWL delta               -3.0 %
-congestion_iterations 50 -verbose
[INFO GRT-0020] Min routing layer: met1
[INFO GRT-0021] Max routing layer: met5
[INFO GRT-0022] Global adjustment: 30%
[INFO GRT-0023] Grid origin: (0, 0)
[INFO GRT-0043] No OR_DEFAULT vias defined.
[INFO GRT-0088] Layer li1     Track-Pitch = 0.4600  line-2-Via Pitch: 0.3400
[INFO GRT-0088] Layer met1    Track-Pitch = 0.3400  line-2-Via Pitch: 0.3400
[INFO GRT-0088] Layer met2    Track-Pitch = 0.4600  line-2-Via Pitch: 0.3500
[INFO GRT-0088] Layer met3    Track-Pitch = 0.6800  line-2-Via Pitch: 0.6150
[INFO GRT-0088] Layer met4    Track-Pitch = 0.9200  line-2-Via Pitch: 1.0400
[INFO GRT-0088] Layer met5    Track-Pitch = 3.4000  line-2-Via Pitch: 3.1100
[INFO GRT-0019] Found 4 clock nets.
[INFO GRT-0001] Minimum degree: 2
[INFO GRT-0002] Maximum degree: 12
[INFO GRT-0003] Macros: 0
[INFO GRT-0043] No OR_DEFAULT vias defined.
[INFO GRT-0004] Blockages: 804

[INFO GRT-0053] Routing resources analysis:
          Routing      Original      Derated      Resource
Layer     Direction    Resources     Resources    Reduction (%)
---------------------------------------------------------------
li1        Vertical            0             0          0.00%
met1       Horizontal      28692         14139          50.72%
met2       Vertical        21219         13740          35.25%
met3       Horizontal      14346          9709          32.32%
met4       Vertical         8556          5262          38.50%
met5       Horizontal       2847          1368          51.95%
---------------------------------------------------------------

[INFO GRT-0197] Via related to pin nodes: 17913
[INFO GRT-0198] Via related Steiner nodes: 234
[INFO GRT-0199] Via filling finished.
[INFO GRT-0111] Final number of vias: 21989
[INFO GRT-0112] Final usage 3D: 77181

[INFO GRT-0096] Final congestion report:
Layer         Resource        Demand        Usage (%)    Max H / Max V / Total Overflow
---------------------------------------------------------------------------------------
li1                  0             0            0.00%             0 /  0 /  0
met1             14139          4817           34.07%             0 /  0 /  0
met2             13740          5600           40.76%             0 /  0 /  0
met3              9709           464            4.78%             0 /  0 /  0
met4              5262           333            6.33%             0 /  0 /  0
met5              1368             0            0.00%             0 /  0 /  0
---------------------------------------------------------------------------------------
Total            44218         11214           25.36%             0 /  0 /  0

[INFO GRT-0018] Total wirelength: 124358 um
[INFO GRT-0014] Routed nets: 3412
Setting global connections for newly added cells…
[INFO] Setting global connections...
Updating metrics…
Cell type report:                       Count       Area
  Fill cell                               180     675.65
  Tap cell                                828    1035.99
  Antenna cell                              4      10.01
  Clock buffer                              4      88.84
  Timing Repair Buffer                    381    2700.09
  Inverter                                 68     267.76
  Sequential cell                          16     415.40
  Multi-Input combinational cell         2910   23054.61
  Total                                  4391   28248.34
Writing OpenROAD database to '/home/asic/workspace/asic_project/runs/RUN_2025-05-13_10-43-45/43-openroad-resizertimingpostgrt/dynamic_noise_reduction.odb'…
Writing netlist to '/home/asic/workspace/asic_project/runs/RUN_2025-05-13_10-43-45/43-openroad-resizertimingpostgrt/dynamic_noise_reduction.nl.v'…
Writing powered netlist to '/home/asic/workspace/asic_project/runs/RUN_2025-05-13_10-43-45/43-openroad-resizertimingpostgrt/dynamic_noise_reduction.pnl.v'…
Writing layout to '/home/asic/workspace/asic_project/runs/RUN_2025-05-13_10-43-45/43-openroad-resizertimingpostgrt/dynamic_noise_reduction.def'…
Writing timing constraints to '/home/asic/workspace/asic_project/runs/RUN_2025-05-13_10-43-45/43-openroad-resizertimingpostgrt/dynamic_noise_reduction.sdc'…
